ModuleCmd_Load.c(213):ERROR:105: Unable to locate a modulefile for 'gcc'
ModuleCmd_Load.c(213):ERROR:105: Unable to locate a modulefile for 'openmpi'
Config data loaded successfully!
Config data loaded successfully!
Config data loaded successfully!
Config data loaded successfully!
Epoch:100
In training set, loss: 650.845, Y0: 51.7114

Epoch:200
In training set, loss: 392.746, Y0: 51.79

Epoch:300
In training set, loss: 278.39, Y0: 51.8373

Epoch:400
In training set, loss: 211.19, Y0: 51.8662

Epoch:500
In training set, loss: 166.12, Y0: 51.8842

Epoch:600
In training set, loss: 133.631, Y0: 51.8962

Epoch:700
In training set, loss: 109.19, Y0: 51.9043

Epoch:800
In training set, loss: 90.2687, Y0: 51.9106

Epoch:900
In training set, loss: 75.3214, Y0: 51.9157

Epoch:1000
In training set, loss: 63.338, Y0: 51.92



###############################################################################
TCHPC Cluster: chuck
Job 6307 (BSDE_job_4_procs) for User 'zuoy' in Account 'mschpc'
Finished at: Thu Oct 21 22:35:01 IST 2021

Job efficiency estimates:
=========================

Job ID: 6307
Cluster: chuck
User/Group: zuoy/zuoy
State: RUNNING
Nodes: 1
Cores per node: 4
CPU Utilized: 02:48:06
CPU Efficiency: 99.82% of 02:48:24 core-walltime
Job Wall-clock time: 00:42:06
Memory Utilized: 0.00 MB (estimated maximum)
Memory Efficiency: 0.00% of 15.43 GB (15.43 GB/node)
WARNING: Efficiency statistics may be misleading for RUNNING jobs.

Job completion status:
======================

       JobID    JobName AllocCPUS NTasks NNodes     MaxRSS    MaxRSSNode  MaxDiskRead MaxDiskWrite    Elapsed      State ExitCode 
------------ ---------- --------- ------ ------ ---------- ------------- ------------ ------------ ---------- ---------- -------- 
6307         BSDE_job_+         4             1                                                      00:42:06  COMPLETED      0:0 
6307.batch        batch         4      1      1          0         hpc01            0            0   00:42:06  COMPLETED      0:0 
6307.0        pmi_proxy         1      1      1          0         hpc01            0            0   00:42:06  COMPLETED      0:0 


Job details:
============

JobId=6307 JobName=BSDE_job_4_procs
   UserId=zuoy(1582) GroupId=zuoy(1252) MCS_label=N/A
   Priority=401633 Nice=0 Account=mschpc QOS=normal
   JobState=COMPLETING Reason=None Dependency=(null)
   Requeue=0 Restarts=0 BatchFlag=1 Reboot=0 ExitCode=0:0
   DerivedExitCode=0:0
   RunTime=00:42:06 TimeLimit=01:00:00 TimeMin=N/A
   SubmitTime=2021-10-21T21:52:55 EligibleTime=2021-10-21T21:52:55
   AccrueTime=2021-10-21T21:52:55
   StartTime=2021-10-21T21:52:55 EndTime=2021-10-21T22:35:01 Deadline=N/A
   SuspendTime=None SecsPreSuspend=0 LastSchedEval=2021-10-21T21:52:55
   Partition=compute AllocNode:Sid=chuck:4333
   ReqNodeList=(null) ExcNodeList=(null)
   NodeList=
   BatchHost=hpc01
   NumNodes=1 NumCPUs=4 NumTasks=4 CPUs/Task=1 ReqB:S:C:T=0:0:*:*
   TRES=cpu=4,mem=15800M,node=1,billing=4
   Socks/Node=* NtasksPerN:B:S:C=0:0:*:* CoreSpec=*
     Nodes=hpc01 CPU_IDs=0-3 Mem=15800 GRES=
   MinCPUsNode=1 MinMemoryNode=15800M MinTmpDiskNode=0
   Features=(null) DelayBoot=00:00:00
   OverSubscribe=OK Contiguous=0 Licenses=(null) Network=(null)
   Command=/home/users/mschpc/2019/zuoy/HPC/Dissertation/NeuralNetwork/myscript.sh
   WorkDir=/home/users/mschpc/2019/zuoy/HPC/Dissertation/NeuralNetwork
   StdErr=/home/users/mschpc/2019/zuoy/HPC/Dissertation/NeuralNetwork/slurm-6307.out
   StdIn=/dev/null
   StdOut=/home/users/mschpc/2019/zuoy/HPC/Dissertation/NeuralNetwork/slurm-6307.out
   Power=


SLURM Bank Statement:
=====================

User           Usage |        Account     Usage | Account Limit Available (CPU hrs)
---------- --------- + -------------- --------- + ------------- ---------
burkel8            0 |         MSCHPC         5 |       315,360   315,355
gavind3            0 |         MSCHPC         5 |       315,360   315,355
ibarj              0 |         MSCHPC         5 |       315,360   315,355
jose               0 |         MSCHPC         5 |       315,360   315,355
maguic10           0 |         MSCHPC         5 |       315,360   315,355
mjp                0 |         MSCHPC         5 |       315,360   315,355
murras11           0 |         MSCHPC         5 |       315,360   315,355
paddy              0 |         MSCHPC         5 |       315,360   315,355
parfreyk           0 |         MSCHPC         5 |       315,360   315,355
rmcsorle           0 |         MSCHPC         5 |       315,360   315,355
zuoy               5 |         MSCHPC         5 |       315,360   315,355


Acknowledgements:
=================

Note that usage of TCHPC Resources *must* be acknowledged in all publications.

Please see this page for details relevant to this cluster:

http://www.tchpc.tcd.ie/resources/acknowledgementpolicy

################################################################################
