ModuleCmd_Load.c(213):ERROR:105: Unable to locate a modulefile for 'gcc'
ModuleCmd_Load.c(213):ERROR:105: Unable to locate a modulefile for 'openmpi'
Config data loaded successfully!
Config data loaded successfully!
Config data loaded successfully!
Config data loaded successfully!
Epoch:100
In training set, loss: 1033.16, Y0: 53.7204

Epoch:200
In training set, loss: 766.727, Y0: 53.872

Epoch:300
In training set, loss: 621.592, Y0: 53.9632

Epoch:400
In training set, loss: 519.865, Y0: 54.0284

Epoch:500
In training set, loss: 441.899, Y0: 54.0796

Epoch:600
In training set, loss: 379.421, Y0: 54.1219

Epoch:700
In training set, loss: 327.806, Y0: 54.158

Epoch:800
In training set, loss: 284.488, Y0: 54.1884

Epoch:900
In training set, loss: 247.767, Y0: 54.2144

Epoch:1000
In training set, loss: 216.291, Y0: 54.2366



###############################################################################
TCHPC Cluster: chuck
Job 6304 (BSDE_job_4_procs) for User 'zuoy' in Account 'mschpc'
Finished at: Thu Oct 21 21:41:42 IST 2021

Job efficiency estimates:
=========================

Job ID: 6304
Cluster: chuck
User/Group: zuoy/zuoy
State: COMPLETED (exit code 0)
Nodes: 1
Cores per node: 4
CPU Utilized: 01:58:16
CPU Efficiency: 99.89% of 01:58:24 core-walltime
Job Wall-clock time: 00:29:36
Memory Utilized: 0.00 MB (estimated maximum)
Memory Efficiency: 0.00% of 15.43 GB (15.43 GB/node)

Job completion status:
======================

       JobID    JobName AllocCPUS NTasks NNodes     MaxRSS    MaxRSSNode  MaxDiskRead MaxDiskWrite    Elapsed      State ExitCode 
------------ ---------- --------- ------ ------ ---------- ------------- ------------ ------------ ---------- ---------- -------- 
6304         BSDE_job_+         4             1                                                      00:29:36  COMPLETED      0:0 
6304.batch        batch         4      1      1          0         hpc01            0            0   00:29:36  COMPLETED      0:0 
6304.0        pmi_proxy         1      1      1          0         hpc01            0            0   00:29:36  COMPLETED      0:0 


Job details:
============

JobId=6304 JobName=BSDE_job_4_procs
   UserId=zuoy(1582) GroupId=zuoy(1252) MCS_label=N/A
   Priority=505081 Nice=0 Account=mschpc QOS=normal
   JobState=COMPLETING Reason=None Dependency=(null)
   Requeue=0 Restarts=0 BatchFlag=1 Reboot=0 ExitCode=0:0
   DerivedExitCode=0:0
   RunTime=00:29:36 TimeLimit=01:00:00 TimeMin=N/A
   SubmitTime=2021-10-21T21:12:04 EligibleTime=2021-10-21T21:12:04
   AccrueTime=2021-10-21T21:12:04
   StartTime=2021-10-21T21:12:05 EndTime=2021-10-21T21:41:41 Deadline=N/A
   SuspendTime=None SecsPreSuspend=0 LastSchedEval=2021-10-21T21:12:05
   Partition=compute AllocNode:Sid=chuck:30351
   ReqNodeList=(null) ExcNodeList=(null)
   NodeList=
   BatchHost=hpc01
   NumNodes=1 NumCPUs=4 NumTasks=4 CPUs/Task=1 ReqB:S:C:T=0:0:*:*
   TRES=cpu=4,mem=15800M,node=1,billing=4
   Socks/Node=* NtasksPerN:B:S:C=0:0:*:* CoreSpec=*
     Nodes=hpc01 CPU_IDs=0-3 Mem=15800 GRES=
   MinCPUsNode=1 MinMemoryNode=15800M MinTmpDiskNode=0
   Features=(null) DelayBoot=00:00:00
   OverSubscribe=OK Contiguous=0 Licenses=(null) Network=(null)
   Command=/home/users/mschpc/2019/zuoy/HPC/Dissertation/NeuralNetwork/myscript.sh
   WorkDir=/home/users/mschpc/2019/zuoy/HPC/Dissertation/NeuralNetwork
   StdErr=/home/users/mschpc/2019/zuoy/HPC/Dissertation/NeuralNetwork/slurm-6304.out
   StdIn=/dev/null
   StdOut=/home/users/mschpc/2019/zuoy/HPC/Dissertation/NeuralNetwork/slurm-6304.out
   Power=


SLURM Bank Statement:
=====================

User           Usage |        Account     Usage | Account Limit Available (CPU hrs)
---------- --------- + -------------- --------- + ------------- ---------
burkel8            0 |         MSCHPC         2 |       315,360   315,358
gavind3            0 |         MSCHPC         2 |       315,360   315,358
ibarj              0 |         MSCHPC         2 |       315,360   315,358
jose               0 |         MSCHPC         2 |       315,360   315,358
maguic10           0 |         MSCHPC         2 |       315,360   315,358
mjp                0 |         MSCHPC         2 |       315,360   315,358
murras11           0 |         MSCHPC         2 |       315,360   315,358
paddy              0 |         MSCHPC         2 |       315,360   315,358
parfreyk           0 |         MSCHPC         2 |       315,360   315,358
rmcsorle           0 |         MSCHPC         2 |       315,360   315,358
zuoy               2 |         MSCHPC         2 |       315,360   315,358


Acknowledgements:
=================

Note that usage of TCHPC Resources *must* be acknowledged in all publications.

Please see this page for details relevant to this cluster:

http://www.tchpc.tcd.ie/resources/acknowledgementpolicy

################################################################################
