Config data loaded successfully!
Epoch:100
In training set, loss: 13.636, Y0: 4.31015

Epoch:200
In training set, loss: 10.0946, Y0: 4.40203

Epoch:300
In training set, loss: 8.39596, Y0: 4.42288

Epoch:400
In training set, loss: 7.34599, Y0: 4.4366

Epoch:500
In training set, loss: 6.65209, Y0: 4.4463

Epoch:600
In training set, loss: 6.1633, Y0: 4.45332

Epoch:700
In training set, loss: 5.79847, Y0: 4.45851

Epoch:800
In training set, loss: 5.51208, Y0: 4.4624

Epoch:900
In training set, loss: 5.27758, Y0: 4.46534

Epoch:1000
In training set, loss: 5.07879, Y0: 4.46758

Epoch:1100
In training set, loss: 4.90552, Y0: 4.46931

Epoch:1200
In training set, loss: 4.75111, Y0: 4.47065

Epoch:1300
In training set, loss: 4.61107, Y0: 4.47168

Epoch:1400
In training set, loss: 4.48228, Y0: 4.47247

Epoch:1500
In training set, loss: 4.36254, Y0: 4.47309

Epoch:1600
In training set, loss: 4.25024, Y0: 4.47356

Epoch:1700
In training set, loss: 4.14415, Y0: 4.47391

Epoch:1800
In training set, loss: 4.04338, Y0: 4.47417

Epoch:1900
In training set, loss: 3.94721, Y0: 4.47436

Epoch:2000
In training set, loss: 3.85509, Y0: 4.4745



###############################################################################
TCHPC Cluster: lonsdale
Job 1903 (BSDE_job_1_procs) for User 'zuoy' in Account 'mschpc'
Finished at: Sat Oct 23 01:36:28 IST 2021

Job efficiency estimates:
=========================

Job ID: 1903
Cluster: lonsdale
User/Group: zuoy/zuoy
State: COMPLETED (exit code 0)
Nodes: 1
Cores per node: 8
CPU Utilized: 00:42:37
CPU Efficiency: 12.49% of 05:41:12 core-walltime
Job Wall-clock time: 00:42:39
Memory Utilized: 9.95 MB
Memory Efficiency: 0.07% of 14.65 GB

Job completion status:
======================

       JobID    JobName AllocCPUS NTasks NNodes     MaxRSS    MaxRSSNode  MaxDiskRead MaxDiskWrite    Elapsed      State ExitCode 
------------ ---------- --------- ------ ------ ---------- ------------- ------------ ------------ ---------- ---------- -------- 
1903         BSDE_job_+         8             1                                                      00:42:39  COMPLETED      0:0 
1903.batch        batch         8      1      1     10192K lonsdale-n147        0.85M        0.01M   00:42:39  COMPLETED      0:0 


Job details:
============

JobId=1903 JobName=BSDE_job_1_procs
   UserId=zuoy(1582) GroupId=zuoy(1252) MCS_label=N/A
   Priority=10777304 Nice=0 Account=mschpc QOS=normal
   JobState=COMPLETING Reason=None Dependency=(null)
   Requeue=0 Restarts=0 BatchFlag=1 Reboot=0 ExitCode=0:0
   DerivedExitCode=0:0
   RunTime=00:42:39 TimeLimit=05:00:00 TimeMin=N/A
   SubmitTime=2021-10-23T00:53:48 EligibleTime=2021-10-23T00:53:48
   AccrueTime=2021-10-23T00:53:48
   StartTime=2021-10-23T00:53:49 EndTime=2021-10-23T01:36:28 Deadline=N/A
   SuspendTime=None SecsPreSuspend=0 LastSchedEval=2021-10-23T00:53:49
   Partition=compute AllocNode:Sid=lonsdale01:10708
   ReqNodeList=(null) ExcNodeList=(null)
   NodeList=
   BatchHost=lonsdale-n147
   NumNodes=1 NumCPUs=8 NumTasks=1 CPUs/Task=1 ReqB:S:C:T=0:0:*:*
   TRES=cpu=8,mem=15000M,node=1,billing=8
   Socks/Node=* NtasksPerN:B:S:C=0:0:*:* CoreSpec=*
   JOB_GRES=(null)
     Nodes=lonsdale-n147 CPU_IDs=0-7 Mem=15000 GRES=
   MinCPUsNode=1 MinMemoryNode=15000M MinTmpDiskNode=0
   Features=(null) DelayBoot=00:00:00
   OverSubscribe=NO Contiguous=0 Licenses=(null) Network=(null)
   Command=/home/users/mschpc/2019/zuoy/HPC/NeuralNetwork/scripts/script5.sh
   WorkDir=/home/users/mschpc/2019/zuoy/HPC/NeuralNetwork
   StdErr=/home/users/mschpc/2019/zuoy/HPC/NeuralNetwork/slurm-1903.out
   StdIn=/dev/null
   StdOut=/home/users/mschpc/2019/zuoy/HPC/NeuralNetwork/slurm-1903.out
   Power=
   NtasksPerTRES:0


Disk quota details:
===================

Quota Type           Name  Filesystem     Usage in MB     Limit in MB    % Used
-------------------------------------------------------------------------------
USER                 zuoy       /home              52          51,200     0.10%

GROUP              mschpc   /projects             999          51,200     1.95%


SLURM Bank Statement:
=====================

User           Usage |        Account     Usage | Account Limit Available (CPU hrs)
---------- --------- + -------------- --------- + ------------- ---------
banerjan           0 |         MSCHPC       248 |       400,000   399,752
bufa               0 |         MSCHPC       248 |       400,000   399,752
burgesan           0 |         MSCHPC       248 |       400,000   399,752
burkel8            0 |         MSCHPC       248 |       400,000   399,752
cheny16            0 |         MSCHPC       248 |       400,000   399,752
fortunma           0 |         MSCHPC       248 |       400,000   399,752
gavind3            0 |         MSCHPC       248 |       400,000   399,752
georgei            0 |         MSCHPC       248 |       400,000   399,752
hdelane            0 |         MSCHPC       248 |       400,000   399,752
jose               0 |         MSCHPC       248 |       400,000   399,752
kieransd           0 |         MSCHPC       248 |       400,000   399,752
kriegerp           0 |         MSCHPC       248 |       400,000   399,752
lil7               0 |         MSCHPC       248 |       400,000   399,752
luharvey           0 |         MSCHPC       248 |       400,000   399,752
lyux               0 |         MSCHPC       248 |       400,000   399,752
maguic10           0 |         MSCHPC       248 |       400,000   399,752
mckeowsa           0 |         MSCHPC       248 |       400,000   399,752
murras11           0 |         MSCHPC       248 |       400,000   399,752
ocassidy           0 |         MSCHPC       248 |       400,000   399,752
oconnk19           0 |         MSCHPC       248 |       400,000   399,752
oobyrne            0 |         MSCHPC       248 |       400,000   399,752
paddy              0 |         MSCHPC       248 |       400,000   399,752
parfreyk           0 |         MSCHPC       248 |       400,000   399,752
pcoogan            0 |         MSCHPC       248 |       400,000   399,752
rmcsorle           0 |         MSCHPC       248 |       400,000   399,752
rmorrin            0 |         MSCHPC       248 |       400,000   399,752
sanfilia           0 |         MSCHPC       248 |       400,000   399,752
sbaldwin           0 |         MSCHPC       248 |       400,000   399,752
skeane7            0 |         MSCHPC       248 |       400,000   399,752
sosnowsf         194 |         MSCHPC       248 |       400,000   399,752
suibhnef           0 |         MSCHPC       248 |       400,000   399,752
vickersc           0 |         MSCHPC       248 |       400,000   399,752
wosulliv           0 |         MSCHPC       248 |       400,000   399,752
yyang2             0 |         MSCHPC       248 |       400,000   399,752
zhangm9            0 |         MSCHPC       248 |       400,000   399,752
zuoy              53 |         MSCHPC       248 |       400,000   399,752


Acknowledgements:
=================

Note that usage of TCHPC Resources *must* be acknowledged in all publications.

Please see this page for details relevant to this cluster:

http://www.tchpc.tcd.ie/resources/acknowledgementpolicy

################################################################################
