Config data loaded successfully!
Epoch:100
In training set, loss: 9.50585, Y0: 50.1354

Epoch:200
In training set, loss: 0.677516, Y0: 50.1513

Epoch:300
In training set, loss: 0.0555346, Y0: 50.1549

Epoch:400
In training set, loss: 0.00478983, Y0: 50.156

Epoch:500
In training set, loss: 0.000434347, Y0: 50.1563

Epoch:600
In training set, loss: 4.32858e-05, Y0: 50.1564

Epoch:700
In training set, loss: 4.63625e-06, Y0: 50.1564

Epoch:800
In training set, loss: 5.5039e-07, Y0: 50.1565

slurmstepd: error: *** JOB 1902 ON lonsdale-n146 CANCELLED AT 2021-10-23T05:46:56 DUE TO TIME LIMIT ***


###############################################################################
TCHPC Cluster: lonsdale
Job 1902 (BSDE_job_1_procs) for User 'zuoy' in Account 'mschpc'
Finished at: Sat Oct 23 05:46:56 IST 2021

Job efficiency estimates:
=========================

Job ID: 1902
Cluster: lonsdale
User/Group: zuoy/zuoy
State: TIMEOUT (exit code 0)
Nodes: 1
Cores per node: 8
CPU Utilized: 00:00:00
CPU Efficiency: 0.00% of 1-16:02:16 core-walltime
Job Wall-clock time: 05:00:17
Memory Utilized: 0.00 MB (estimated maximum)
Memory Efficiency: 0.00% of 14.65 GB (14.65 GB/node)

Job completion status:
======================

       JobID    JobName AllocCPUS NTasks NNodes     MaxRSS    MaxRSSNode  MaxDiskRead MaxDiskWrite    Elapsed      State ExitCode 
------------ ---------- --------- ------ ------ ---------- ------------- ------------ ------------ ---------- ---------- -------- 
1902         BSDE_job_+         8             1                                                      05:00:17    TIMEOUT      0:0 
1902.batch        batch         8      1      1                                                      05:00:17    TIMEOUT      0:0 


Job details:
============

JobId=1902 JobName=BSDE_job_1_procs
   UserId=zuoy(1582) GroupId=zuoy(1252) MCS_label=N/A
   Priority=10777304 Nice=0 Account=mschpc QOS=normal
   JobState=COMPLETING Reason=TimeLimit Dependency=(null)
   Requeue=0 Restarts=0 BatchFlag=1 Reboot=0 ExitCode=0:0
   DerivedExitCode=0:0
   RunTime=05:00:17 TimeLimit=05:00:00 TimeMin=N/A
   SubmitTime=2021-10-23T00:46:37 EligibleTime=2021-10-23T00:46:37
   AccrueTime=2021-10-23T00:46:37
   StartTime=2021-10-23T00:46:39 EndTime=2021-10-23T05:46:56 Deadline=N/A
   SuspendTime=None SecsPreSuspend=0 LastSchedEval=2021-10-23T00:46:39
   Partition=compute AllocNode:Sid=lonsdale01:10708
   ReqNodeList=(null) ExcNodeList=(null)
   NodeList=lonsdale-n146
   BatchHost=lonsdale-n146
   NumNodes=1 NumCPUs=8 NumTasks=1 CPUs/Task=1 ReqB:S:C:T=0:0:*:*
   TRES=cpu=8,mem=15000M,node=1,billing=8
   Socks/Node=* NtasksPerN:B:S:C=0:0:*:* CoreSpec=*
   JOB_GRES=(null)
     Nodes=lonsdale-n146 CPU_IDs=0-7 Mem=15000 GRES=
   MinCPUsNode=1 MinMemoryNode=15000M MinTmpDiskNode=0
   Features=(null) DelayBoot=00:00:00
   OverSubscribe=NO Contiguous=0 Licenses=(null) Network=(null)
   Command=/home/users/mschpc/2019/zuoy/HPC/NeuralNetwork/scripts/script4.sh
   WorkDir=/home/users/mschpc/2019/zuoy/HPC/NeuralNetwork
   StdErr=/home/users/mschpc/2019/zuoy/HPC/NeuralNetwork/slurm-1902.out
   StdIn=/dev/null
   StdOut=/home/users/mschpc/2019/zuoy/HPC/NeuralNetwork/slurm-1902.out
   Power=
   NtasksPerTRES:0


Disk quota details:
===================

Quota Type           Name  Filesystem     Usage in MB     Limit in MB    % Used
-------------------------------------------------------------------------------
USER                 zuoy       /home              52          51,200     0.10%

GROUP              mschpc   /projects             999          51,200     1.95%


SLURM Bank Statement:
=====================

User           Usage |        Account     Usage | Account Limit Available (CPU hrs)
---------- --------- + -------------- --------- + ------------- ---------
banerjan           0 |         MSCHPC       364 |       400,000   399,636
bufa               0 |         MSCHPC       364 |       400,000   399,636
burgesan           0 |         MSCHPC       364 |       400,000   399,636
burkel8            0 |         MSCHPC       364 |       400,000   399,636
cheny16            0 |         MSCHPC       364 |       400,000   399,636
fortunma           0 |         MSCHPC       364 |       400,000   399,636
gavind3            0 |         MSCHPC       364 |       400,000   399,636
georgei            0 |         MSCHPC       364 |       400,000   399,636
hdelane            0 |         MSCHPC       364 |       400,000   399,636
jose               0 |         MSCHPC       364 |       400,000   399,636
kieransd           0 |         MSCHPC       364 |       400,000   399,636
kriegerp           0 |         MSCHPC       364 |       400,000   399,636
lil7               0 |         MSCHPC       364 |       400,000   399,636
luharvey           0 |         MSCHPC       364 |       400,000   399,636
lyux               0 |         MSCHPC       364 |       400,000   399,636
maguic10           0 |         MSCHPC       364 |       400,000   399,636
mckeowsa           0 |         MSCHPC       364 |       400,000   399,636
murras11           0 |         MSCHPC       364 |       400,000   399,636
ocassidy           0 |         MSCHPC       364 |       400,000   399,636
oconnk19           0 |         MSCHPC       364 |       400,000   399,636
oobyrne            0 |         MSCHPC       364 |       400,000   399,636
paddy              0 |         MSCHPC       364 |       400,000   399,636
parfreyk           0 |         MSCHPC       364 |       400,000   399,636
pcoogan            0 |         MSCHPC       364 |       400,000   399,636
rmcsorle           0 |         MSCHPC       364 |       400,000   399,636
rmorrin            0 |         MSCHPC       364 |       400,000   399,636
sanfilia           0 |         MSCHPC       364 |       400,000   399,636
sbaldwin           0 |         MSCHPC       364 |       400,000   399,636
skeane7            0 |         MSCHPC       364 |       400,000   399,636
sosnowsf         192 |         MSCHPC       364 |       400,000   399,636
suibhnef           0 |         MSCHPC       364 |       400,000   399,636
vickersc           0 |         MSCHPC       364 |       400,000   399,636
wosulliv           0 |         MSCHPC       364 |       400,000   399,636
yyang2             0 |         MSCHPC       364 |       400,000   399,636
zhangm9            0 |         MSCHPC       364 |       400,000   399,636
zuoy             171 |         MSCHPC       364 |       400,000   399,636


Acknowledgements:
=================

Note that usage of TCHPC Resources *must* be acknowledged in all publications.

Please see this page for details relevant to this cluster:

http://www.tchpc.tcd.ie/resources/acknowledgementpolicy

################################################################################
