Dimension: 300
Total time: 0.3
Number of time intervals: 20
Learning rate: 0.0005
y_init_range: 0.3, 0.5
Number of neurons in each hidden layer of each subnet: 110, 110, 
Epochs: 4000
Batch size: 128
Sample size: 1024
Logging frequency: 100
Model name: AllenCahn_parallel_
Number of processors: 16


Training:
Epoch:100
In training set, loss: 29.3828, Y0: 0.295659

Epoch:200
In training set, loss: 28.6328, Y0: 0.291396

Epoch:300
In training set, loss: 27.9099, Y0: 0.287212

Epoch:400
In training set, loss: 27.2128, Y0: 0.283102

Epoch:500
In training set, loss: 26.5405, Y0: 0.279067

Epoch:600
In training set, loss: 25.8918, Y0: 0.275104

Epoch:700
In training set, loss: 25.2659, Y0: 0.271211

Epoch:800
In training set, loss: 24.662, Y0: 0.267388

Epoch:900
In training set, loss: 24.079, Y0: 0.263632

Epoch:1000
In training set, loss: 23.5161, Y0: 0.259942

Epoch:1100
In training set, loss: 22.9723, Y0: 0.256315

Epoch:1200
In training set, loss: 22.4471, Y0: 0.252751

Epoch:1300
In training set, loss: 21.9396, Y0: 0.249247

Epoch:1400
In training set, loss: 21.4493, Y0: 0.245804

Epoch:1500
In training set, loss: 20.9755, Y0: 0.24242

Epoch:1600
In training set, loss: 20.5174, Y0: 0.239093

Epoch:1700
In training set, loss: 20.0746, Y0: 0.235823

Epoch:1800
In training set, loss: 19.6464, Y0: 0.232607

Epoch:1900
In training set, loss: 19.2323, Y0: 0.229445

Epoch:2000
In training set, loss: 18.8318, Y0: 0.226335

Epoch:2100
In training set, loss: 18.4444, Y0: 0.223277

Epoch:2200
In training set, loss: 18.0695, Y0: 0.22027

Epoch:2300
In training set, loss: 17.7068, Y0: 0.217312

Epoch:2400
In training set, loss: 17.3558, Y0: 0.214403

Epoch:2500
In training set, loss: 17.0161, Y0: 0.211542

Epoch:2600
In training set, loss: 16.6872, Y0: 0.208726

Epoch:2700
In training set, loss: 16.3688, Y0: 0.205957

Epoch:2800
In training set, loss: 16.0605, Y0: 0.203232

Epoch:2900
In training set, loss: 15.762, Y0: 0.200552

Epoch:3000
In training set, loss: 15.4729, Y0: 0.197914

Epoch:3100
In training set, loss: 15.1928, Y0: 0.195318

Epoch:3200
In training set, loss: 14.9215, Y0: 0.192764

Epoch:3300
In training set, loss: 14.6587, Y0: 0.19025

Epoch:3400
In training set, loss: 14.4041, Y0: 0.187777

Epoch:3500
In training set, loss: 14.1575, Y0: 0.185343

Epoch:3600
In training set, loss: 13.9184, Y0: 0.182947

Epoch:3700
In training set, loss: 13.6868, Y0: 0.180589

Epoch:3800
In training set, loss: 13.4622, Y0: 0.178268

Epoch:3900
In training set, loss: 13.2446, Y0: 0.175984

Epoch:4000
In training set, loss: 13.0335, Y0: 0.173735



###############################################################################
TCHPC Cluster: kelvin
Job 18731 (BSDE_job_4_procs) for User 'zuoy' in Account 'hpc_21_01207'
Finished at: Tue Nov  2 20:30:08 GMT 2021

Job efficiency estimates:
=========================

Job ID: 18731
Cluster: kelvin
User/Group: zuoy/zuoy
State: COMPLETED (exit code 0)
Nodes: 2
Cores per node: 12
CPU Utilized: 03:50:25
CPU Efficiency: 33.26% of 11:32:48 core-walltime
Job Wall-clock time: 00:28:52
Memory Utilized: 779.91 MB
Memory Efficiency: 1.70% of 44.92 GB

Job completion status:
======================

       JobID    JobName AllocCPUS NTasks NNodes     MaxRSS    MaxRSSNode  MaxDiskRead MaxDiskWrite    Elapsed      State ExitCode 
------------ ---------- --------- ------ ------ ---------- ------------- ------------ ------------ ---------- ---------- -------- 
18731        BSDE_job_+        24             2                                                      00:28:52  COMPLETED      0:0 
18731.batch       batch        12      1      1    798632K   kelvin-n091        0.86M        0.01M   00:28:52  COMPLETED      0:0 
18731.0           orted        12      1      1                                                      00:28:51  COMPLETED      0:0 


Job details:
============

JobId=18731 JobName=BSDE_job_4_procs
   UserId=zuoy(1582) GroupId=zuoy(1252) MCS_label=N/A
   Priority=12066720 Nice=0 Account=hpc_21_01207 QOS=normal
   JobState=COMPLETING Reason=None Dependency=(null)
   Requeue=0 Restarts=0 BatchFlag=1 Reboot=0 ExitCode=0:0
   DerivedExitCode=0:0
   RunTime=00:28:52 TimeLimit=23:00:00 TimeMin=N/A
   SubmitTime=2021-11-02T17:49:52 EligibleTime=2021-11-02T17:49:52
   AccrueTime=2021-11-02T17:49:52
   StartTime=2021-11-02T20:01:16 EndTime=2021-11-02T20:30:08 Deadline=N/A
   SuspendTime=None SecsPreSuspend=0 LastSchedEval=2021-11-02T20:01:16
   Partition=compute AllocNode:Sid=kelvin01:3879
   ReqNodeList=(null) ExcNodeList=(null)
   NodeList=kelvin-n093
   BatchHost=kelvin-n091
   NumNodes=1 NumCPUs=24 NumTasks=16 CPUs/Task=1 ReqB:S:C:T=0:0:*:*
   TRES=cpu=24,mem=46000M,node=2,billing=24
   Socks/Node=* NtasksPerN:B:S:C=0:0:*:* CoreSpec=*
   JOB_GRES=(null)
     Nodes=kelvin-n[091,093] CPU_IDs=0-11 Mem=23000 GRES=
   MinCPUsNode=1 MinMemoryNode=23000M MinTmpDiskNode=0
   Features=(null) DelayBoot=00:00:00
   OverSubscribe=NO Contiguous=0 Licenses=(null) Network=(null)
   Command=/home/users/mschpc/2019/zuoy/HPC/NeuralNetwork/scripts/script_AllenCahn_d300_b128_n16.sh
   WorkDir=/home/users/mschpc/2019/zuoy/HPC/NeuralNetwork
   StdErr=/home/users/mschpc/2019/zuoy/HPC/NeuralNetwork/output/slurm-18731.out
   StdIn=/dev/null
   StdOut=/home/users/mschpc/2019/zuoy/HPC/NeuralNetwork/output/slurm-18731.out
   Power=
   NtasksPerTRES:0


Disk quota details:
===================

Quota Type           Name  Filesystem     Usage in MB     Limit in MB    % Used
-------------------------------------------------------------------------------
USER                 zuoy       /home              69          51,200     0.14%

GROUP              mschpc   /projects             999          51,200     1.95%
GROUP          pi-dgolden   /projects               0          51,200     0.00%


SLURM Bank Statement:
=====================

User           Usage |        Account     Usage | Account Limit Available (CPU hrs)
---------- --------- + -------------- --------- + ------------- ---------
zuoy           2,358 |   HPC_21_01207     2,358 |       100,000    97,642


Acknowledgements:
=================

Note that usage of TCHPC Resources *must* be acknowledged in all publications.

Please see this page for details relevant to this cluster:

http://www.tchpc.tcd.ie/resources/acknowledgementpolicy

################################################################################
