Dimension: 200
Total time: 0.3
Number of time intervals: 20
Learning rate: 0.0005
y_init_range: 0.3, 0.5
Number of neurons in each hidden layer of each subnet: 110, 110, 
Epochs: 4000
Batch size: 64
Sample size: 1024
Logging frequency: 100
Model name: AllenCahn_parallel_
Number of processors: 8


Training:
Epoch:100
In training set, loss: 23.8565, Y0: 0.283976

Epoch:200
In training set, loss: 21.5539, Y0: 0.269039

Epoch:300
In training set, loss: 19.5465, Y0: 0.255094

Epoch:400
In training set, loss: 17.7915, Y0: 0.242059

Epoch:500
In training set, loss: 16.2535, Y0: 0.229858

Epoch:600
In training set, loss: 14.9028, Y0: 0.218428

Epoch:700
In training set, loss: 13.7142, Y0: 0.207709

Epoch:800
In training set, loss: 12.6666, Y0: 0.197648

Epoch:900
In training set, loss: 11.7418, Y0: 0.1882

Epoch:1000
In training set, loss: 10.9244, Y0: 0.17932

Epoch:1100
In training set, loss: 10.2009, Y0: 0.170971

Epoch:1200
In training set, loss: 9.55996, Y0: 0.163117

Epoch:1300
In training set, loss: 8.99149, Y0: 0.155724

Epoch:1400
In training set, loss: 8.48687, Y0: 0.148763

Epoch:1500
In training set, loss: 8.03851, Y0: 0.142207

Epoch:1600
In training set, loss: 7.63984, Y0: 0.136031

Epoch:1700
In training set, loss: 7.28509, Y0: 0.13021

Epoch:1800
In training set, loss: 6.96917, Y0: 0.124722

Epoch:1900
In training set, loss: 6.68765, Y0: 0.119548

Epoch:2000
In training set, loss: 6.4366, Y0: 0.114669

Epoch:2100
In training set, loss: 6.21259, Y0: 0.110066

Epoch:2200
In training set, loss: 6.01256, Y0: 0.105724

Epoch:2300
In training set, loss: 5.83382, Y0: 0.101627

Epoch:2400
In training set, loss: 5.67399, Y0: 0.0977614

Epoch:2500
In training set, loss: 5.53099, Y0: 0.0941127

Epoch:2600
In training set, loss: 5.40292, Y0: 0.0906687

Epoch:2700
In training set, loss: 5.28816, Y0: 0.0874177

Epoch:2800
In training set, loss: 5.18524, Y0: 0.0843485

Epoch:2900
In training set, loss: 5.09284, Y0: 0.0814506

Epoch:3000
In training set, loss: 5.00984, Y0: 0.0787146

Epoch:3100
In training set, loss: 4.93519, Y0: 0.0761312

Epoch:3200
In training set, loss: 4.86798, Y0: 0.0736914

Epoch:3300
In training set, loss: 4.80739, Y0: 0.0713873

Epoch:3400
In training set, loss: 4.75272, Y0: 0.0692111

Epoch:3500
In training set, loss: 4.70332, Y0: 0.0671558

Epoch:3600
In training set, loss: 4.65862, Y0: 0.0652145

Epoch:3700
In training set, loss: 4.61811, Y0: 0.0633807

Epoch:3800
In training set, loss: 4.58133, Y0: 0.0616485

Epoch:3900
In training set, loss: 4.54789, Y0: 0.0600121

Epoch:4000
In training set, loss: 4.51742, Y0: 0.0584663



###############################################################################
TCHPC Cluster: kelvin
Job 18714 (BSDE_job_4_procs) for User 'zuoy' in Account 'hpc_21_01207'
Finished at: Tue Nov  2 20:58:41 GMT 2021

Job efficiency estimates:
=========================

Job ID: 18714
Cluster: kelvin
User/Group: zuoy/zuoy
State: COMPLETED (exit code 0)
Nodes: 1
Cores per node: 12
CPU Utilized: 04:27:10
CPU Efficiency: 66.63% of 06:41:00 core-walltime
Job Wall-clock time: 00:33:25
Memory Utilized: 589.32 MB
Memory Efficiency: 2.56% of 22.46 GB

Job completion status:
======================

       JobID    JobName AllocCPUS NTasks NNodes     MaxRSS    MaxRSSNode  MaxDiskRead MaxDiskWrite    Elapsed      State ExitCode 
------------ ---------- --------- ------ ------ ---------- ------------- ------------ ------------ ---------- ---------- -------- 
18714        BSDE_job_+        12             1                                                      00:33:25  COMPLETED      0:0 
18714.batch       batch        12      1      1    603468K   kelvin-n023        0.86M        0.01M   00:33:25  COMPLETED      0:0 


Job details:
============

JobId=18714 JobName=BSDE_job_4_procs
   UserId=zuoy(1582) GroupId=zuoy(1252) MCS_label=N/A
   Priority=12078036 Nice=0 Account=hpc_21_01207 QOS=normal
   JobState=COMPLETING Reason=None Dependency=(null)
   Requeue=0 Restarts=0 BatchFlag=1 Reboot=0 ExitCode=0:0
   DerivedExitCode=0:0
   RunTime=00:33:25 TimeLimit=23:00:00 TimeMin=N/A
   SubmitTime=2021-11-02T17:49:52 EligibleTime=2021-11-02T17:49:52
   AccrueTime=2021-11-02T17:49:52
   StartTime=2021-11-02T20:25:16 EndTime=2021-11-02T20:58:41 Deadline=N/A
   SuspendTime=None SecsPreSuspend=0 LastSchedEval=2021-11-02T20:25:16
   Partition=compute AllocNode:Sid=kelvin01:3879
   ReqNodeList=(null) ExcNodeList=(null)
   NodeList=
   BatchHost=kelvin-n023
   NumNodes=1 NumCPUs=12 NumTasks=8 CPUs/Task=1 ReqB:S:C:T=0:0:*:*
   TRES=cpu=12,mem=23000M,node=1,billing=12
   Socks/Node=* NtasksPerN:B:S:C=0:0:*:* CoreSpec=*
   JOB_GRES=(null)
     Nodes=kelvin-n023 CPU_IDs=0-11 Mem=23000 GRES=
   MinCPUsNode=1 MinMemoryNode=23000M MinTmpDiskNode=0
   Features=(null) DelayBoot=00:00:00
   OverSubscribe=NO Contiguous=0 Licenses=(null) Network=(null)
   Command=/home/users/mschpc/2019/zuoy/HPC/NeuralNetwork/scripts/script_AllenCahn_d200_b64_n8.sh
   WorkDir=/home/users/mschpc/2019/zuoy/HPC/NeuralNetwork
   StdErr=/home/users/mschpc/2019/zuoy/HPC/NeuralNetwork/output/slurm-18714.out
   StdIn=/dev/null
   StdOut=/home/users/mschpc/2019/zuoy/HPC/NeuralNetwork/output/slurm-18714.out
   Power=
   NtasksPerTRES:0


Disk quota details:
===================

Quota Type           Name  Filesystem     Usage in MB     Limit in MB    % Used
-------------------------------------------------------------------------------
USER                 zuoy       /home              70          51,200     0.14%

GROUP              mschpc   /projects             999          51,200     1.95%
GROUP          pi-dgolden   /projects               0          51,200     0.00%


SLURM Bank Statement:
=====================

User           Usage |        Account     Usage | Account Limit Available (CPU hrs)
---------- --------- + -------------- --------- + ------------- ---------
zuoy           2,461 |   HPC_21_01207     2,461 |       100,000    97,539


Acknowledgements:
=================

Note that usage of TCHPC Resources *must* be acknowledged in all publications.

Please see this page for details relevant to this cluster:

http://www.tchpc.tcd.ie/resources/acknowledgementpolicy

################################################################################
