Ring-AllReduce Mode

Dimension: 100
Total time: 1
Number of time intervals: 40
Learning rate: 0.01
y_init_range: 40, 50
Number of neurons in each hidden layer of each subnet: 110, 110, 
Epochs: 1000
Batch size: 1
Sample size: 1024
Logging frequency: 100
Model name: pricing_default_risk_parallel_
Number of processors: 64


Training:
Epoch:100
In training set, loss: 11287, Y0: 56.8597

Epoch:200
In training set, loss: 10787.1, Y0: 56.8905

Epoch:300
In training set, loss: 10454.1, Y0: 56.9118

Epoch:400
In training set, loss: 10203.1, Y0: 56.9269

Epoch:500
In training set, loss: 9992.11, Y0: 56.9378

Epoch:600
In training set, loss: 9806.69, Y0: 56.9457

Epoch:700
In training set, loss: 9636.68, Y0: 56.9518

Epoch:800
In training set, loss: 9478.16, Y0: 56.9565

Epoch:900
In training set, loss: 9323.32, Y0: 56.9604

Epoch:1000
In training set, loss: 9174.12, Y0: 56.9635



###############################################################################
TCHPC Cluster: kelvin
Job 19551 (BSDE_job_4_procs) for User 'zuoy' in Account 'hpc_21_01207'
Finished at: Fri Nov  5 17:43:41 GMT 2021

Job efficiency estimates:
=========================

Job ID: 19551
Cluster: kelvin
User/Group: zuoy/zuoy
State: COMPLETED (exit code 0)
Nodes: 6
Cores per node: 12
CPU Utilized: 01:19:20
CPU Efficiency: 14.99% of 08:49:12 core-walltime
Job Wall-clock time: 00:07:21
Memory Utilized: 865.81 MB
Memory Efficiency: 0.63% of 134.77 GB

Job completion status:
======================

       JobID    JobName AllocCPUS NTasks NNodes     MaxRSS    MaxRSSNode  MaxDiskRead MaxDiskWrite    Elapsed      State ExitCode 
------------ ---------- --------- ------ ------ ---------- ------------- ------------ ------------ ---------- ---------- -------- 
19551        BSDE_job_+        72             6                                                      00:07:21  COMPLETED      0:0 
19551.batch       batch        12      1      1    886592K   kelvin-n030        0.86M        0.01M   00:07:21  COMPLETED      0:0 
19551.0           orted        60      5      5                                                      00:07:19  COMPLETED      0:0 


Job details:
============

JobId=19551 JobName=BSDE_job_4_procs
   UserId=zuoy(1582) GroupId=zuoy(1252) MCS_label=N/A
   Priority=11569920 Nice=0 Account=hpc_21_01207 QOS=normal
   JobState=COMPLETING Reason=None Dependency=(null)
   Requeue=0 Restarts=0 BatchFlag=1 Reboot=0 ExitCode=0:0
   DerivedExitCode=0:0
   RunTime=00:07:21 TimeLimit=23:00:00 TimeMin=N/A
   SubmitTime=2021-11-05T15:06:27 EligibleTime=2021-11-05T15:06:27
   AccrueTime=2021-11-05T15:06:27
   StartTime=2021-11-05T17:36:20 EndTime=2021-11-05T17:43:41 Deadline=N/A
   SuspendTime=None SecsPreSuspend=0 LastSchedEval=2021-11-05T17:36:20
   Partition=compute AllocNode:Sid=kelvin01:722
   ReqNodeList=(null) ExcNodeList=(null)
   NodeList=kelvin-n[031-034,042]
   BatchHost=kelvin-n030
   NumNodes=5 NumCPUs=72 NumTasks=64 CPUs/Task=1 ReqB:S:C:T=0:0:*:*
   TRES=cpu=72,mem=138000M,node=6,billing=72
   Socks/Node=* NtasksPerN:B:S:C=0:0:*:* CoreSpec=*
   JOB_GRES=(null)
     Nodes=kelvin-n[030-034,042] CPU_IDs=0-11 Mem=23000 GRES=
   MinCPUsNode=1 MinMemoryNode=23000M MinTmpDiskNode=0
   Features=(null) DelayBoot=00:00:00
   OverSubscribe=NO Contiguous=0 Licenses=(null) Network=(null)
   Command=/home/users/mschpc/2019/zuoy/HPC/NeuralNetwork/scripts/script_PricingDefaultRisk_d100_b1_n64.sh
   WorkDir=/home/users/mschpc/2019/zuoy/HPC/NeuralNetwork
   StdErr=/home/users/mschpc/2019/zuoy/HPC/NeuralNetwork/output/slurm-19551.out
   StdIn=/dev/null
   StdOut=/home/users/mschpc/2019/zuoy/HPC/NeuralNetwork/output/slurm-19551.out
   Power=
   NtasksPerTRES:0


Disk quota details:
===================

Quota Type           Name  Filesystem     Usage in MB     Limit in MB    % Used
-------------------------------------------------------------------------------
USER                 zuoy       /home              86          51,200     0.17%

GROUP              mschpc   /projects             999          51,200     1.95%
GROUP          pi-dgolden   /projects               0          51,200     0.00%


SLURM Bank Statement:
=====================

User           Usage |        Account     Usage | Account Limit Available (CPU hrs)
---------- --------- + -------------- --------- + ------------- ---------
zuoy           5,788 |   HPC_21_01207     5,788 |       100,000    94,212


Acknowledgements:
=================

Note that usage of TCHPC Resources *must* be acknowledged in all publications.

Please see this page for details relevant to this cluster:

http://www.tchpc.tcd.ie/resources/acknowledgementpolicy

################################################################################
