Ring-AllReduce Mode

Dimension: 100
Total time: 0.3
Number of time intervals: 20
Learning rate: 0.0005
y_init_range: 0.3, 0.5
Number of neurons in each hidden layer of each subnet: 110, 110, 
Epochs: 4000
Batch size: 1
Sample size: 1024
Logging frequency: 100
Model name: AllenCahn_parallel_
Number of processors: 8


Training:
Epoch:100
In training set, loss: 7.06994, Y0: 0.0499746

Epoch:200
In training set, loss: 6.85043, Y0: 0.0439341

Epoch:300
In training set, loss: 6.66526, Y0: 0.0439311

Epoch:400
In training set, loss: 6.49942, Y0: 0.0440782

Epoch:500
In training set, loss: 6.35057, Y0: 0.0442202

Epoch:600
In training set, loss: 6.21671, Y0: 0.0443539

Epoch:700
In training set, loss: 6.09608, Y0: 0.0444799

Epoch:800
In training set, loss: 5.98715, Y0: 0.0445987

Epoch:900
In training set, loss: 5.88859, Y0: 0.0447109

Epoch:1000
In training set, loss: 5.79922, Y0: 0.044817

Epoch:1100
In training set, loss: 5.71801, Y0: 0.0449175

Epoch:1200
In training set, loss: 5.64407, Y0: 0.0450127

Epoch:1300
In training set, loss: 5.57658, Y0: 0.045103

Epoch:1400
In training set, loss: 5.51486, Y0: 0.0451888

Epoch:1500
In training set, loss: 5.45828, Y0: 0.0452702

Epoch:1600
In training set, loss: 5.40629, Y0: 0.0453477

Epoch:1700
In training set, loss: 5.35841, Y0: 0.0454213

Epoch:1800
In training set, loss: 5.3142, Y0: 0.0454915

Epoch:1900
In training set, loss: 5.27329, Y0: 0.0455584

Epoch:2000
In training set, loss: 5.23533, Y0: 0.0456222

Epoch:2100
In training set, loss: 5.20003, Y0: 0.045683

Epoch:2200
In training set, loss: 5.16711, Y0: 0.045741

Epoch:2300
In training set, loss: 5.13634, Y0: 0.0457964

Epoch:2400
In training set, loss: 5.10749, Y0: 0.0458492

Epoch:2500
In training set, loss: 5.08039, Y0: 0.0458996

Epoch:2600
In training set, loss: 5.05486, Y0: 0.0459477

Epoch:2700
In training set, loss: 5.03075, Y0: 0.0459938

Epoch:2800
In training set, loss: 5.00792, Y0: 0.0460378

Epoch:2900
In training set, loss: 4.98625, Y0: 0.0460799

Epoch:3000
In training set, loss: 4.96563, Y0: 0.0461201

Epoch:3100
In training set, loss: 4.94597, Y0: 0.0461586

Epoch:3200
In training set, loss: 4.92716, Y0: 0.0461955

Epoch:3300
In training set, loss: 4.90914, Y0: 0.0462307

Epoch:3400
In training set, loss: 4.89183, Y0: 0.0462644

Epoch:3500
In training set, loss: 4.87517, Y0: 0.0462966

Epoch:3600
In training set, loss: 4.85909, Y0: 0.0463276

Epoch:3700
In training set, loss: 4.84356, Y0: 0.0463571

Epoch:3800
In training set, loss: 4.82851, Y0: 0.0463854

Epoch:3900
In training set, loss: 4.81391, Y0: 0.0464126

Epoch:4000
In training set, loss: 4.79972, Y0: 0.0464386



###############################################################################
TCHPC Cluster: kelvin
Job 19387 (BSDE_job_4_procs) for User 'zuoy' in Account 'hpc_21_01207'
Finished at: Fri Nov  5 07:25:08 GMT 2021

Job efficiency estimates:
=========================

Job ID: 19387
Cluster: kelvin
User/Group: zuoy/zuoy
State: COMPLETED (exit code 0)
Nodes: 1
Cores per node: 12
CPU Utilized: 05:12:42
CPU Efficiency: 66.65% of 07:49:12 core-walltime
Job Wall-clock time: 00:39:06
Memory Utilized: 419.94 MB
Memory Efficiency: 1.83% of 22.46 GB

Job completion status:
======================

       JobID    JobName AllocCPUS NTasks NNodes     MaxRSS    MaxRSSNode  MaxDiskRead MaxDiskWrite    Elapsed      State ExitCode 
------------ ---------- --------- ------ ------ ---------- ------------- ------------ ------------ ---------- ---------- -------- 
19387        BSDE_job_+        12             1                                                      00:39:06  COMPLETED      0:0 
19387.batch       batch        12      1      1    430020K   kelvin-n019        0.87M        0.01M   00:39:06  COMPLETED      0:0 


Job details:
============

JobId=19387 JobName=BSDE_job_4_procs
   UserId=zuoy(1582) GroupId=zuoy(1252) MCS_label=N/A
   Priority=11783013 Nice=0 Account=hpc_21_01207 QOS=normal
   JobState=COMPLETING Reason=None Dependency=(null)
   Requeue=0 Restarts=0 BatchFlag=1 Reboot=0 ExitCode=0:0
   DerivedExitCode=0:0
   RunTime=00:39:06 TimeLimit=23:00:00 TimeMin=N/A
   SubmitTime=2021-11-05T01:01:38 EligibleTime=2021-11-05T01:01:38
   AccrueTime=2021-11-05T01:01:38
   StartTime=2021-11-05T06:46:02 EndTime=2021-11-05T07:25:08 Deadline=N/A
   SuspendTime=None SecsPreSuspend=0 LastSchedEval=2021-11-05T06:46:02
   Partition=compute AllocNode:Sid=kelvin01:28454
   ReqNodeList=(null) ExcNodeList=(null)
   NodeList=
   BatchHost=kelvin-n019
   NumNodes=1 NumCPUs=12 NumTasks=8 CPUs/Task=1 ReqB:S:C:T=0:0:*:*
   TRES=cpu=12,mem=23000M,node=1,billing=12
   Socks/Node=* NtasksPerN:B:S:C=0:0:*:* CoreSpec=*
   JOB_GRES=(null)
     Nodes=kelvin-n019 CPU_IDs=0-11 Mem=23000 GRES=
   MinCPUsNode=1 MinMemoryNode=23000M MinTmpDiskNode=0
   Features=(null) DelayBoot=00:00:00
   OverSubscribe=NO Contiguous=0 Licenses=(null) Network=(null)
   Command=/home/users/mschpc/2019/zuoy/HPC/NeuralNetwork/scripts/script_AllenCahn_d100_b1_n8.sh
   WorkDir=/home/users/mschpc/2019/zuoy/HPC/NeuralNetwork
   StdErr=/home/users/mschpc/2019/zuoy/HPC/NeuralNetwork/output/slurm-19387.out
   StdIn=/dev/null
   StdOut=/home/users/mschpc/2019/zuoy/HPC/NeuralNetwork/output/slurm-19387.out
   Power=
   NtasksPerTRES:0


Disk quota details:
===================

Quota Type           Name  Filesystem     Usage in MB     Limit in MB    % Used
-------------------------------------------------------------------------------
USER                 zuoy       /home              88          51,200     0.17%

GROUP              mschpc   /projects             999          51,200     1.95%
GROUP          pi-dgolden   /projects               0          51,200     0.00%


SLURM Bank Statement:
=====================

User           Usage |        Account     Usage | Account Limit Available (CPU hrs)
---------- --------- + -------------- --------- + ------------- ---------
zuoy           5,377 |   HPC_21_01207     5,377 |       100,000    94,623


Acknowledgements:
=================

Note that usage of TCHPC Resources *must* be acknowledged in all publications.

Please see this page for details relevant to this cluster:

http://www.tchpc.tcd.ie/resources/acknowledgementpolicy

################################################################################
