Dimension: 100
Total time: 0.15
Number of time intervals: 20
y_init_range: 0.3, 0.5
Number of neurons in each hidden layer of each subnet: 110, 110, 
Epochs: 4000
Batch size: 64
Sample size: 256
Logging frequency: 100
Model name: AllenCahn_parallel_
Number of processors: 16


Training:
Epoch:100
In training set, loss: 5.60286, Y0: 0.299418

Epoch:200
In training set, loss: 5.577, Y0: 0.298834

Epoch:300
In training set, loss: 5.5513, Y0: 0.298252

Epoch:400
In training set, loss: 5.52575, Y0: 0.297671

Epoch:500
In training set, loss: 5.50038, Y0: 0.297093

Epoch:600
In training set, loss: 5.47509, Y0: 0.296516

Epoch:700
In training set, loss: 5.45, Y0: 0.29594

Epoch:800
In training set, loss: 5.42505, Y0: 0.295367

Epoch:900
In training set, loss: 5.40024, Y0: 0.294795

Epoch:1000
In training set, loss: 5.37556, Y0: 0.294224

Epoch:1100
In training set, loss: 5.35102, Y0: 0.293655

Epoch:1200
In training set, loss: 5.32666, Y0: 0.293088

Epoch:1300
In training set, loss: 5.3024, Y0: 0.292522

Epoch:1400
In training set, loss: 5.2783, Y0: 0.291957

Epoch:1500
In training set, loss: 5.25432, Y0: 0.291394

Epoch:1600
In training set, loss: 5.23053, Y0: 0.290834

Epoch:1700
In training set, loss: 5.20681, Y0: 0.290274

Epoch:1800
In training set, loss: 5.18328, Y0: 0.289717

Epoch:1900
In training set, loss: 5.15986, Y0: 0.28916

Epoch:2000
In training set, loss: 5.1366, Y0: 0.288606

Epoch:2100
In training set, loss: 5.11344, Y0: 0.288052

Epoch:2200
In training set, loss: 5.09044, Y0: 0.287501

Epoch:2300
In training set, loss: 5.06756, Y0: 0.28695

Epoch:2400
In training set, loss: 5.04483, Y0: 0.286402

Epoch:2500
In training set, loss: 5.02221, Y0: 0.285855

Epoch:2600
In training set, loss: 4.99973, Y0: 0.285309

Epoch:2700
In training set, loss: 4.97738, Y0: 0.284765

Epoch:2800
In training set, loss: 4.95516, Y0: 0.284223

Epoch:2900
In training set, loss: 4.93306, Y0: 0.283682

Epoch:3000
In training set, loss: 4.9111, Y0: 0.283142

Epoch:3100
In training set, loss: 4.88926, Y0: 0.282604

Epoch:3200
In training set, loss: 4.86755, Y0: 0.282068

Epoch:3300
In training set, loss: 4.84595, Y0: 0.281533

Epoch:3400
In training set, loss: 4.82449, Y0: 0.280999

Epoch:3500
In training set, loss: 4.80315, Y0: 0.280468

Epoch:3600
In training set, loss: 4.78193, Y0: 0.279937

Epoch:3700
In training set, loss: 4.76083, Y0: 0.279408

Epoch:3800
In training set, loss: 4.73986, Y0: 0.27888

Epoch:3900
In training set, loss: 4.719, Y0: 0.278354

Epoch:4000
In training set, loss: 4.69827, Y0: 0.27783



###############################################################################
TCHPC Cluster: kelvin
Job 18081 (BSDE_job_4_procs) for User 'zuoy' in Account 'hpc_21_01207'
Finished at: Thu Oct 28 01:09:54 IST 2021

Job efficiency estimates:
=========================

Job ID: 18081
Cluster: kelvin
User/Group: zuoy/zuoy
State: COMPLETED (exit code 0)
Nodes: 2
Cores per node: 12
CPU Utilized: 00:52:09
CPU Efficiency: 33.09% of 02:37:36 core-walltime
Job Wall-clock time: 00:06:34
Memory Utilized: 328.82 MB
Memory Efficiency: 0.71% of 44.92 GB

Job completion status:
======================

       JobID    JobName AllocCPUS NTasks NNodes     MaxRSS    MaxRSSNode  MaxDiskRead MaxDiskWrite    Elapsed      State ExitCode 
------------ ---------- --------- ------ ------ ---------- ------------- ------------ ------------ ---------- ---------- -------- 
18081        BSDE_job_+        24             2                                                      00:06:34  COMPLETED      0:0 
18081.batch       batch        12      1      1    336712K   kelvin-n089        0.87M        0.01M   00:06:34  COMPLETED      0:0 
18081.0           orted        12      1      1                                                      00:06:33  COMPLETED      0:0 


Job details:
============

JobId=18081 JobName=BSDE_job_4_procs
   UserId=zuoy(1582) GroupId=zuoy(1252) MCS_label=N/A
   Priority=12481005 Nice=0 Account=hpc_21_01207 QOS=normal
   JobState=COMPLETING Reason=None Dependency=(null)
   Requeue=0 Restarts=0 BatchFlag=1 Reboot=0 ExitCode=0:0
   DerivedExitCode=0:0
   RunTime=00:06:34 TimeLimit=23:00:00 TimeMin=N/A
   SubmitTime=2021-10-27T23:52:40 EligibleTime=2021-10-27T23:52:40
   AccrueTime=2021-10-27T23:52:40
   StartTime=2021-10-28T01:03:20 EndTime=2021-10-28T01:09:54 Deadline=N/A
   SuspendTime=None SecsPreSuspend=0 LastSchedEval=2021-10-28T01:03:20
   Partition=compute AllocNode:Sid=kelvin01:18226
   ReqNodeList=(null) ExcNodeList=(null)
   NodeList=kelvin-n090
   BatchHost=kelvin-n089
   NumNodes=1 NumCPUs=24 NumTasks=16 CPUs/Task=1 ReqB:S:C:T=0:0:*:*
   TRES=cpu=24,mem=46000M,node=2,billing=24
   Socks/Node=* NtasksPerN:B:S:C=0:0:*:* CoreSpec=*
   JOB_GRES=(null)
     Nodes=kelvin-n[089-090] CPU_IDs=0-11 Mem=23000 GRES=
   MinCPUsNode=1 MinMemoryNode=23000M MinTmpDiskNode=0
   Features=(null) DelayBoot=00:00:00
   OverSubscribe=NO Contiguous=0 Licenses=(null) Network=(null)
   Command=/home/users/mschpc/2019/zuoy/HPC/NeuralNetwork/scripts/script_AllenCahn_4_n16.sh
   WorkDir=/home/users/mschpc/2019/zuoy/HPC/NeuralNetwork
   StdErr=/home/users/mschpc/2019/zuoy/HPC/NeuralNetwork/output/slurm-18081.out
   StdIn=/dev/null
   StdOut=/home/users/mschpc/2019/zuoy/HPC/NeuralNetwork/output/slurm-18081.out
   Power=
   NtasksPerTRES:0


Disk quota details:
===================

Quota Type           Name  Filesystem     Usage in MB     Limit in MB    % Used
-------------------------------------------------------------------------------
USER                 zuoy       /home              56          51,200     0.11%

GROUP              mschpc   /projects             999          51,200     1.95%
GROUP          pi-dgolden   /projects               0          51,200     0.00%


SLURM Bank Statement:
=====================

User           Usage |        Account     Usage | Account Limit Available (CPU hrs)
---------- --------- + -------------- --------- + ------------- ---------
zuoy             316 |   HPC_21_01207       316 |       100,000    99,684


Acknowledgements:
=================

Note that usage of TCHPC Resources *must* be acknowledged in all publications.

Please see this page for details relevant to this cluster:

http://www.tchpc.tcd.ie/resources/acknowledgementpolicy

################################################################################
