Dimension: 100
Total time: 0.2
Number of time intervals: 20
y_init_range: 0.3, 0.5
Number of neurons in each hidden layer of each subnet: 110, 110, 
Epochs: 4000
Batch size: 64
Sample size: 256
Logging frequency: 100
Model name: AllenCahn_parallel_
Number of processors: 16


Training:
Epoch:100
In training set, loss: 6.46752, Y0: 0.299447

Epoch:200
In training set, loss: 6.44234, Y0: 0.298893

Epoch:300
In training set, loss: 6.41722, Y0: 0.298339

Epoch:400
In training set, loss: 6.39224, Y0: 0.297786

Epoch:500
In training set, loss: 6.36753, Y0: 0.297238

Epoch:600
In training set, loss: 6.34288, Y0: 0.296689

Epoch:700
In training set, loss: 6.3183, Y0: 0.296141

Epoch:800
In training set, loss: 6.29381, Y0: 0.295593

Epoch:900
In training set, loss: 6.26962, Y0: 0.29505

Epoch:1000
In training set, loss: 6.2455, Y0: 0.294508

Epoch:1100
In training set, loss: 6.22144, Y0: 0.293966

Epoch:1200
In training set, loss: 6.19746, Y0: 0.293423

Epoch:1300
In training set, loss: 6.17374, Y0: 0.292886

Epoch:1400
In training set, loss: 6.15013, Y0: 0.292349

Epoch:1500
In training set, loss: 6.12659, Y0: 0.291813

Epoch:1600
In training set, loss: 6.10312, Y0: 0.291276

Epoch:1700
In training set, loss: 6.07983, Y0: 0.290743

Epoch:1800
In training set, loss: 6.05674, Y0: 0.290212

Epoch:1900
In training set, loss: 6.03371, Y0: 0.289682

Epoch:2000
In training set, loss: 6.01073, Y0: 0.289151

Epoch:2100
In training set, loss: 5.9879, Y0: 0.288623

Epoch:2200
In training set, loss: 5.96527, Y0: 0.288097

Epoch:2300
In training set, loss: 5.94273, Y0: 0.287573

Epoch:2400
In training set, loss: 5.92025, Y0: 0.287048

Epoch:2500
In training set, loss: 5.89787, Y0: 0.286525

Epoch:2600
In training set, loss: 5.87567, Y0: 0.286004

Epoch:2700
In training set, loss: 5.85362, Y0: 0.285485

Epoch:2800
In training set, loss: 5.83163, Y0: 0.284967

Epoch:2900
In training set, loss: 5.8097, Y0: 0.284448

Epoch:3000
In training set, loss: 5.78794, Y0: 0.283932

Epoch:3100
In training set, loss: 5.76633, Y0: 0.283419

Epoch:3200
In training set, loss: 5.74483, Y0: 0.282906

Epoch:3300
In training set, loss: 5.72338, Y0: 0.282393

Epoch:3400
In training set, loss: 5.70204, Y0: 0.281882

Epoch:3500
In training set, loss: 5.68087, Y0: 0.281374

Epoch:3600
In training set, loss: 5.65983, Y0: 0.280867

Epoch:3700
In training set, loss: 5.63885, Y0: 0.28036

Epoch:3800
In training set, loss: 5.61793, Y0: 0.279854

Epoch:3900
In training set, loss: 5.59718, Y0: 0.27935

Epoch:4000
In training set, loss: 5.57661, Y0: 0.278849



###############################################################################
TCHPC Cluster: kelvin
Job 18077 (BSDE_job_4_procs) for User 'zuoy' in Account 'hpc_21_01207'
Finished at: Thu Oct 28 01:08:33 IST 2021

Job efficiency estimates:
=========================

Job ID: 18077
Cluster: kelvin
User/Group: zuoy/zuoy
State: COMPLETED (exit code 0)
Nodes: 2
Cores per node: 12
CPU Utilized: 00:44:45
CPU Efficiency: 33.00% of 02:15:36 core-walltime
Job Wall-clock time: 00:05:39
Memory Utilized: 327.32 MB
Memory Efficiency: 0.71% of 44.92 GB

Job completion status:
======================

       JobID    JobName AllocCPUS NTasks NNodes     MaxRSS    MaxRSSNode  MaxDiskRead MaxDiskWrite    Elapsed      State ExitCode 
------------ ---------- --------- ------ ------ ---------- ------------- ------------ ------------ ---------- ---------- -------- 
18077        BSDE_job_+        24             2                                                      00:05:39  COMPLETED      0:0 
18077.batch       batch        12      1      1    335172K   kelvin-n011        0.87M        0.01M   00:05:39  COMPLETED      0:0 
18077.0           orted        12      1      1                                                      00:05:38  COMPLETED      0:0 


Job details:
============

JobId=18077 JobName=BSDE_job_4_procs
   UserId=zuoy(1582) GroupId=zuoy(1252) MCS_label=N/A
   Priority=12481104 Nice=0 Account=hpc_21_01207 QOS=normal
   JobState=COMPLETING Reason=None Dependency=(null)
   Requeue=0 Restarts=0 BatchFlag=1 Reboot=0 ExitCode=0:0
   DerivedExitCode=0:0
   RunTime=00:05:39 TimeLimit=23:00:00 TimeMin=N/A
   SubmitTime=2021-10-27T23:52:28 EligibleTime=2021-10-27T23:52:28
   AccrueTime=2021-10-27T23:52:28
   StartTime=2021-10-28T01:02:54 EndTime=2021-10-28T01:08:33 Deadline=N/A
   SuspendTime=None SecsPreSuspend=0 LastSchedEval=2021-10-28T01:02:54
   Partition=compute AllocNode:Sid=kelvin01:18226
   ReqNodeList=(null) ExcNodeList=(null)
   NodeList=kelvin-n092
   BatchHost=kelvin-n011
   NumNodes=1 NumCPUs=24 NumTasks=16 CPUs/Task=1 ReqB:S:C:T=0:0:*:*
   TRES=cpu=24,mem=46000M,node=2,billing=24
   Socks/Node=* NtasksPerN:B:S:C=0:0:*:* CoreSpec=*
   JOB_GRES=(null)
     Nodes=kelvin-n[011,092] CPU_IDs=0-11 Mem=23000 GRES=
   MinCPUsNode=1 MinMemoryNode=23000M MinTmpDiskNode=0
   Features=(null) DelayBoot=00:00:00
   OverSubscribe=NO Contiguous=0 Licenses=(null) Network=(null)
   Command=/home/users/mschpc/2019/zuoy/HPC/NeuralNetwork/scripts/script_AllenCahn_3_n16.sh
   WorkDir=/home/users/mschpc/2019/zuoy/HPC/NeuralNetwork
   StdErr=/home/users/mschpc/2019/zuoy/HPC/NeuralNetwork/output/slurm-18077.out
   StdIn=/dev/null
   StdOut=/home/users/mschpc/2019/zuoy/HPC/NeuralNetwork/output/slurm-18077.out
   Power=
   NtasksPerTRES:0


Disk quota details:
===================

Quota Type           Name  Filesystem     Usage in MB     Limit in MB    % Used
-------------------------------------------------------------------------------
USER                 zuoy       /home              56          51,200     0.11%

GROUP              mschpc   /projects             999          51,200     1.95%
GROUP          pi-dgolden   /projects               0          51,200     0.00%


SLURM Bank Statement:
=====================

User           Usage |        Account     Usage | Account Limit Available (CPU hrs)
---------- --------- + -------------- --------- + ------------- ---------
zuoy             315 |   HPC_21_01207       315 |       100,000    99,685


Acknowledgements:
=================

Note that usage of TCHPC Resources *must* be acknowledged in all publications.

Please see this page for details relevant to this cluster:

http://www.tchpc.tcd.ie/resources/acknowledgementpolicy

################################################################################
