Ring-AllReduce Mode

Dimension: 100
Total time: 0.3
Number of time intervals: 20
Learning rate: 0.0005
y_init_range: 0.3, 0.5
Number of neurons in each hidden layer of each subnet: 110, 110, 
Epochs: 4000
Batch size: 64
Sample size: 1024
Logging frequency: 100
Model name: AllenCahn_parallel_
Number of processors: 8


Training:
Epoch:100
In training set, loss: 25.0089, Y0: 0.285094

Epoch:200
In training set, loss: 23.0178, Y0: 0.2712

Epoch:300
In training set, loss: 21.2826, Y0: 0.258231

Epoch:400
In training set, loss: 19.7663, Y0: 0.246112

Epoch:500
In training set, loss: 18.4384, Y0: 0.234773

Epoch:600
In training set, loss: 17.2731, Y0: 0.224154

Epoch:700
In training set, loss: 16.2485, Y0: 0.2142

Epoch:800
In training set, loss: 15.3464, Y0: 0.204864

Epoch:900
In training set, loss: 14.5508, Y0: 0.196099

Epoch:1000
In training set, loss: 13.8483, Y0: 0.187868

Epoch:1100
In training set, loss: 13.2273, Y0: 0.180132

Epoch:1200
In training set, loss: 12.6777, Y0: 0.17286

Epoch:1300
In training set, loss: 12.1908, Y0: 0.166019

Epoch:1400
In training set, loss: 11.7592, Y0: 0.159583

Epoch:1500
In training set, loss: 11.3761, Y0: 0.153524

Epoch:1600
In training set, loss: 11.0359, Y0: 0.14782

Epoch:1700
In training set, loss: 10.7335, Y0: 0.142448

Epoch:1800
In training set, loss: 10.4645, Y0: 0.137387

Epoch:1900
In training set, loss: 10.2251, Y0: 0.132619

Epoch:2000
In training set, loss: 10.0119, Y0: 0.128125

Epoch:2100
In training set, loss: 9.8218, Y0: 0.123889

Epoch:2200
In training set, loss: 9.65227, Y0: 0.119896

Epoch:2300
In training set, loss: 9.50095, Y0: 0.11613

Epoch:2400
In training set, loss: 9.36579, Y0: 0.112579

Epoch:2500
In training set, loss: 9.24497, Y0: 0.10923

Epoch:2600
In training set, loss: 9.13689, Y0: 0.106071

Epoch:2700
In training set, loss: 9.04012, Y0: 0.103091

Epoch:2800
In training set, loss: 8.95341, Y0: 0.10028

Epoch:2900
In training set, loss: 8.87564, Y0: 0.0976276

Epoch:3000
In training set, loss: 8.80583, Y0: 0.0951248

Epoch:3100
In training set, loss: 8.74309, Y0: 0.0927631

Epoch:3200
In training set, loss: 8.68665, Y0: 0.0905345

Epoch:3300
In training set, loss: 8.6358, Y0: 0.0884312

Epoch:3400
In training set, loss: 8.58994, Y0: 0.0864461

Epoch:3500
In training set, loss: 8.54853, Y0: 0.0845725

Epoch:3600
In training set, loss: 8.51106, Y0: 0.0828041

Epoch:3700
In training set, loss: 8.47711, Y0: 0.0811347

Epoch:3800
In training set, loss: 8.44631, Y0: 0.0795589

Epoch:3900
In training set, loss: 8.4183, Y0: 0.0780714

Epoch:4000
In training set, loss: 8.39278, Y0: 0.0766672



###############################################################################
TCHPC Cluster: kelvin
Job 19391 (BSDE_job_4_procs) for User 'zuoy' in Account 'hpc_21_01207'
Finished at: Fri Nov  5 07:08:35 GMT 2021

Job efficiency estimates:
=========================

Job ID: 19391
Cluster: kelvin
User/Group: zuoy/zuoy
State: COMPLETED (exit code 0)
Nodes: 1
Cores per node: 12
CPU Utilized: 02:37:55
CPU Efficiency: 66.52% of 03:57:24 core-walltime
Job Wall-clock time: 00:19:47
Memory Utilized: 417.99 MB
Memory Efficiency: 1.82% of 22.46 GB

Job completion status:
======================

       JobID    JobName AllocCPUS NTasks NNodes     MaxRSS    MaxRSSNode  MaxDiskRead MaxDiskWrite    Elapsed      State ExitCode 
------------ ---------- --------- ------ ------ ---------- ------------- ------------ ------------ ---------- ---------- -------- 
19391        BSDE_job_+        12             1                                                      00:19:47  COMPLETED      0:0 
19391.batch       batch        12      1      1    428024K   kelvin-n041        0.87M        0.01M   00:19:47  COMPLETED      0:0 


Job details:
============

JobId=19391 JobName=BSDE_job_4_procs
   UserId=zuoy(1582) GroupId=zuoy(1252) MCS_label=N/A
   Priority=11784005 Nice=0 Account=hpc_21_01207 QOS=normal
   JobState=COMPLETING Reason=None Dependency=(null)
   Requeue=0 Restarts=0 BatchFlag=1 Reboot=0 ExitCode=0:0
   DerivedExitCode=0:0
   RunTime=00:19:47 TimeLimit=23:00:00 TimeMin=N/A
   SubmitTime=2021-11-05T01:01:38 EligibleTime=2021-11-05T01:01:38
   AccrueTime=2021-11-05T01:01:38
   StartTime=2021-11-05T06:48:48 EndTime=2021-11-05T07:08:35 Deadline=N/A
   SuspendTime=None SecsPreSuspend=0 LastSchedEval=2021-11-05T06:48:48
   Partition=compute AllocNode:Sid=kelvin01:28454
   ReqNodeList=(null) ExcNodeList=(null)
   NodeList=
   BatchHost=kelvin-n041
   NumNodes=1 NumCPUs=12 NumTasks=8 CPUs/Task=1 ReqB:S:C:T=0:0:*:*
   TRES=cpu=12,mem=23000M,node=1,billing=12
   Socks/Node=* NtasksPerN:B:S:C=0:0:*:* CoreSpec=*
   JOB_GRES=(null)
     Nodes=kelvin-n041 CPU_IDs=0-11 Mem=23000 GRES=
   MinCPUsNode=1 MinMemoryNode=23000M MinTmpDiskNode=0
   Features=(null) DelayBoot=00:00:00
   OverSubscribe=NO Contiguous=0 Licenses=(null) Network=(null)
   Command=/home/users/mschpc/2019/zuoy/HPC/NeuralNetwork/scripts/script_AllenCahn_d100_b64_n8.sh
   WorkDir=/home/users/mschpc/2019/zuoy/HPC/NeuralNetwork
   StdErr=/home/users/mschpc/2019/zuoy/HPC/NeuralNetwork/output/slurm-19391.out
   StdIn=/dev/null
   StdOut=/home/users/mschpc/2019/zuoy/HPC/NeuralNetwork/output/slurm-19391.out
   Power=
   NtasksPerTRES:0


Disk quota details:
===================

Quota Type           Name  Filesystem     Usage in MB     Limit in MB    % Used
-------------------------------------------------------------------------------
USER                 zuoy       /home              88          51,200     0.17%

GROUP              mschpc   /projects             999          51,200     1.95%
GROUP          pi-dgolden   /projects               0          51,200     0.00%


SLURM Bank Statement:
=====================

User           Usage |        Account     Usage | Account Limit Available (CPU hrs)
---------- --------- + -------------- --------- + ------------- ---------
zuoy           5,316 |   HPC_21_01207     5,316 |       100,000    94,684


Acknowledgements:
=================

Note that usage of TCHPC Resources *must* be acknowledged in all publications.

Please see this page for details relevant to this cluster:

http://www.tchpc.tcd.ie/resources/acknowledgementpolicy

################################################################################
