Ring-AllReduce Mode

Dimension: 400
Total time: 1
Number of time intervals: 40
Learning rate: 0.01
y_init_range: 40, 50
Number of neurons in each hidden layer of each subnet: 110, 110, 
Epochs: 1000
Batch size: 1
Sample size: 1024
Logging frequency: 100
Model name: pricing_default_risk_parallel_
Number of processors: 64


Training:
Epoch:100
In training set, loss: 6996.02, Y0: 51.1217

Epoch:200
In training set, loss: 6250.08, Y0: 51.1739

Epoch:300
In training set, loss: 5847.31, Y0: 51.2139

Epoch:400
In training set, loss: 5600.09, Y0: 51.2447

Epoch:500
In training set, loss: 5434.03, Y0: 51.2685

Epoch:600
In training set, loss: 5314.26, Y0: 51.2873

Epoch:700
In training set, loss: 5223.46, Y0: 51.3026

Epoch:800
In training set, loss: 5151.66, Y0: 51.3152

Epoch:900
In training set, loss: 5092.76, Y0: 51.3257

Epoch:1000
In training set, loss: 5043.38, Y0: 51.3347



###############################################################################
TCHPC Cluster: kelvin
Job 19581 (BSDE_job_4_procs) for User 'zuoy' in Account 'hpc_21_01207'
Finished at: Sat Nov  6 12:48:45 GMT 2021

Job efficiency estimates:
=========================

Job ID: 19581
Cluster: kelvin
User/Group: zuoy/zuoy
State: COMPLETED (exit code 0)
Nodes: 6
Cores per node: 12
CPU Utilized: 03:04:07
CPU Efficiency: 15.16% of 20:14:24 core-walltime
Job Wall-clock time: 00:16:52
Memory Utilized: 2.18 GB
Memory Efficiency: 1.62% of 134.77 GB

Job completion status:
======================

       JobID    JobName AllocCPUS NTasks NNodes     MaxRSS    MaxRSSNode  MaxDiskRead MaxDiskWrite    Elapsed      State ExitCode 
------------ ---------- --------- ------ ------ ---------- ------------- ------------ ------------ ---------- ---------- -------- 
19581        BSDE_job_+        72             6                                                      00:16:52  COMPLETED      0:0 
19581.batch       batch        12      1      1   2290872K   kelvin-n049        0.86M        0.01M   00:16:52  COMPLETED      0:0 
19581.0           orted        60      5      5                                                      00:16:51  COMPLETED      0:0 


Job details:
============

JobId=19581 JobName=BSDE_job_4_procs
   UserId=zuoy(1582) GroupId=zuoy(1252) MCS_label=N/A
   Priority=12043019 Nice=0 Account=hpc_21_01207 QOS=normal
   JobState=COMPLETING Reason=None Dependency=(null)
   Requeue=0 Restarts=0 BatchFlag=1 Reboot=0 ExitCode=0:0
   DerivedExitCode=0:0
   RunTime=00:16:52 TimeLimit=23:00:00 TimeMin=N/A
   SubmitTime=2021-11-05T18:08:41 EligibleTime=2021-11-05T18:08:41
   AccrueTime=2021-11-05T18:08:41
   StartTime=2021-11-06T12:31:53 EndTime=2021-11-06T12:48:45 Deadline=N/A
   SuspendTime=None SecsPreSuspend=0 LastSchedEval=2021-11-06T12:31:53
   Partition=compute AllocNode:Sid=kelvin01:722
   ReqNodeList=(null) ExcNodeList=(null)
   NodeList=kelvin-n[051,054,057,059,068]
   BatchHost=kelvin-n049
   NumNodes=5 NumCPUs=72 NumTasks=64 CPUs/Task=1 ReqB:S:C:T=0:0:*:*
   TRES=cpu=72,mem=138000M,node=6,billing=72
   Socks/Node=* NtasksPerN:B:S:C=0:0:*:* CoreSpec=*
   JOB_GRES=(null)
     Nodes=kelvin-n[049,051,054,057,059,068] CPU_IDs=0-11 Mem=23000 GRES=
   MinCPUsNode=1 MinMemoryNode=23000M MinTmpDiskNode=0
   Features=(null) DelayBoot=00:00:00
   OverSubscribe=NO Contiguous=0 Licenses=(null) Network=(null)
   Command=/home/users/mschpc/2019/zuoy/HPC/NeuralNetwork/scripts/script_PricingDefaultRisk_d400_b1_n64.sh
   WorkDir=/home/users/mschpc/2019/zuoy/HPC/NeuralNetwork
   StdErr=/home/users/mschpc/2019/zuoy/HPC/NeuralNetwork/output/slurm-19581.out
   StdIn=/dev/null
   StdOut=/home/users/mschpc/2019/zuoy/HPC/NeuralNetwork/output/slurm-19581.out
   Power=
   NtasksPerTRES:0


Disk quota details:
===================

Quota Type           Name  Filesystem     Usage in MB     Limit in MB    % Used
-------------------------------------------------------------------------------
USER                 zuoy       /home              86          51,200     0.17%

GROUP              mschpc   /projects             999          51,200     1.95%
GROUP          pi-dgolden   /projects               0          51,200     0.00%


SLURM Bank Statement:
=====================

User           Usage |        Account     Usage | Account Limit Available (CPU hrs)
---------- --------- + -------------- --------- + ------------- ---------
zuoy           5,614 |   HPC_21_01207     5,614 |       100,000    94,386


Acknowledgements:
=================

Note that usage of TCHPC Resources *must* be acknowledged in all publications.

Please see this page for details relevant to this cluster:

http://www.tchpc.tcd.ie/resources/acknowledgementpolicy

################################################################################
