Config data loaded successfully!
Config data loaded successfully!
Config data loaded successfully!
Config data loaded successfully!
Config data loaded successfully!
Config data loaded successfully!
Config data loaded successfully!
Config data loaded successfully!
Config data loaded successfully!
Config data loaded successfully!
Config data loaded successfully!
Config data loaded successfully!
Config data loaded successfully!
Config data loaded successfully!
Config data loaded successfully!
Config data loaded successfully!
Dimension: 300
Total time: 1
Number of time intervals: 40
y_init_range: 40, 50
Number of neurons in each hidden layer of each subnet: 110, 110, 
Epochs: 1000
Batch size: 1
Sample size: 256
Logging frequency: 100
Number of processors: 16


Training:
Epoch:100
In training set, loss: 1639.73, Y0: 51.9303

Epoch:200
In training set, loss: 1208.4, Y0: 51.9874

Epoch:300
In training set, loss: 977.478, Y0: 52.0405

Epoch:400
In training set, loss: 828.969, Y0: 52.0883

Epoch:500
In training set, loss: 723.275, Y0: 52.1311

Epoch:600
In training set, loss: 642.904, Y0: 52.1697

Epoch:700
In training set, loss: 579.269, Y0: 52.2044

Epoch:800
In training set, loss: 527.117, Y0: 52.2357

Epoch:900
In training set, loss: 483.305, Y0: 52.2641

Epoch:1000
In training set, loss: 445.888, Y0: 52.29



###############################################################################
TCHPC Cluster: kelvin
Job 17895 (BSDE_job_4_procs) for User 'zuoy' in Account 'hpc_21_01207'
Finished at: Wed Oct 27 02:07:58 IST 2021

Job efficiency estimates:
=========================

Job ID: 17895
Cluster: kelvin
User/Group: zuoy/zuoy
State: COMPLETED (exit code 0)
Nodes: 2
Cores per node: 12
CPU Utilized: 01:32:04
CPU Efficiency: 33.07% of 04:38:24 core-walltime
Job Wall-clock time: 00:11:36
Memory Utilized: 720.38 MB
Memory Efficiency: 1.57% of 44.92 GB

Job completion status:
======================

       JobID    JobName AllocCPUS NTasks NNodes     MaxRSS    MaxRSSNode  MaxDiskRead MaxDiskWrite    Elapsed      State ExitCode 
------------ ---------- --------- ------ ------ ---------- ------------- ------------ ------------ ---------- ---------- -------- 
17895        BSDE_job_+        24             2                                                      00:11:36  COMPLETED      0:0 
17895.batch       batch        12      1      1    737664K   kelvin-n014        0.87M        0.01M   00:11:36  COMPLETED      0:0 
17895.0           orted        12      1      1                                                      00:11:35  COMPLETED      0:0 


Job details:
============

JobId=17895 JobName=BSDE_job_4_procs
   UserId=zuoy(1582) GroupId=zuoy(1252) MCS_label=N/A
   Priority=12815579 Nice=0 Account=hpc_21_01207 QOS=normal
   JobState=COMPLETING Reason=None Dependency=(null)
   Requeue=0 Restarts=0 BatchFlag=1 Reboot=0 ExitCode=0:0
   DerivedExitCode=0:0
   RunTime=00:11:36 TimeLimit=23:00:00 TimeMin=N/A
   SubmitTime=2021-10-27T00:43:10 EligibleTime=2021-10-27T00:43:10
   AccrueTime=2021-10-27T00:43:10
   StartTime=2021-10-27T01:56:22 EndTime=2021-10-27T02:07:58 Deadline=N/A
   SuspendTime=None SecsPreSuspend=0 LastSchedEval=2021-10-27T01:56:22
   Partition=compute AllocNode:Sid=kelvin01:19621
   ReqNodeList=(null) ExcNodeList=(null)
   NodeList=kelvin-n021
   BatchHost=kelvin-n014
   NumNodes=1 NumCPUs=24 NumTasks=16 CPUs/Task=1 ReqB:S:C:T=0:0:*:*
   TRES=cpu=24,mem=46000M,node=2,billing=24
   Socks/Node=* NtasksPerN:B:S:C=0:0:*:* CoreSpec=*
   JOB_GRES=(null)
     Nodes=kelvin-n[014,021] CPU_IDs=0-11 Mem=23000 GRES=
   MinCPUsNode=1 MinMemoryNode=23000M MinTmpDiskNode=0
   Features=(null) DelayBoot=00:00:00
   OverSubscribe=NO Contiguous=0 Licenses=(null) Network=(null)
   Command=/home/users/mschpc/2019/zuoy/HPC/NeuralNetwork/scripts/script_PricingDefaultRisk_2_n16.sh
   WorkDir=/home/users/mschpc/2019/zuoy/HPC/NeuralNetwork
   StdErr=/home/users/mschpc/2019/zuoy/HPC/NeuralNetwork/output/slurm-17895.out
   StdIn=/dev/null
   StdOut=/home/users/mschpc/2019/zuoy/HPC/NeuralNetwork/output/slurm-17895.out
   Power=
   NtasksPerTRES:0


Disk quota details:
===================

Quota Type           Name  Filesystem     Usage in MB     Limit in MB    % Used
-------------------------------------------------------------------------------
USER                 zuoy       /home              54          51,200     0.11%

GROUP              mschpc   /projects             999          51,200     1.95%
GROUP          pi-dgolden   /projects               0          51,200     0.00%


SLURM Bank Statement:
=====================

User           Usage |        Account     Usage | Account Limit Available (CPU hrs)
---------- --------- + -------------- --------- + ------------- ---------
zuoy             206 |   HPC_21_01207       206 |       100,000    99,794


Acknowledgements:
=================

Note that usage of TCHPC Resources *must* be acknowledged in all publications.

Please see this page for details relevant to this cluster:

http://www.tchpc.tcd.ie/resources/acknowledgementpolicy

################################################################################
