Dimension: 300
Total time: 0.3
Number of time intervals: 20
Learning rate: 0.0005
y_init_range: 0.3, 0.5
Number of neurons in each hidden layer of each subnet: 110, 110, 
Epochs: 4000
Batch size: 1
Sample size: 1024
Logging frequency: 100
Model name: AllenCahn_parallel_
Number of processors: 4


Training:
Epoch:100
In training set, loss: 4.52425, Y0: 0.022501

Epoch:200
In training set, loss: 3.65861, Y0: 0.0223742

Epoch:300
In training set, loss: 3.0255, Y0: 0.0223848

Epoch:400
In training set, loss: 2.55461, Y0: 0.0223715

Epoch:500
In training set, loss: 2.19917, Y0: 0.0223426

Epoch:600
In training set, loss: 1.9273, Y0: 0.0223039

Epoch:700
In training set, loss: 1.71685, Y0: 0.0222596

Epoch:800
In training set, loss: 1.55211, Y0: 0.0222125

Epoch:900
In training set, loss: 1.42183, Y0: 0.0221648

Epoch:1000
In training set, loss: 1.31782, Y0: 0.0221179

Epoch:1100
In training set, loss: 1.23403, Y0: 0.0220728

Epoch:1200
In training set, loss: 1.16596, Y0: 0.0220302

Epoch:1300
In training set, loss: 1.11024, Y0: 0.0219904

Epoch:1400
In training set, loss: 1.06427, Y0: 0.0219537

Epoch:1500
In training set, loss: 1.0261, Y0: 0.0219201

Epoch:1600
In training set, loss: 0.994174, Y0: 0.0218896

Epoch:1700
In training set, loss: 0.967313, Y0: 0.0218622

Epoch:1800
In training set, loss: 0.944575, Y0: 0.0218376

Epoch:1900
In training set, loss: 0.925216, Y0: 0.0218158

Epoch:2000
In training set, loss: 0.908643, Y0: 0.0217965

Epoch:2100
In training set, loss: 0.894378, Y0: 0.0217796

Epoch:2200
In training set, loss: 0.882037, Y0: 0.0217648

Epoch:2300
In training set, loss: 0.871308, Y0: 0.0217519

Epoch:2400
In training set, loss: 0.861935, Y0: 0.0217409

Epoch:2500
In training set, loss: 0.853708, Y0: 0.0217314

Epoch:2600
In training set, loss: 0.846454, Y0: 0.0217234

Epoch:2700
In training set, loss: 0.84003, Y0: 0.0217167

Epoch:2800
In training set, loss: 0.834314, Y0: 0.0217111

Epoch:2900
In training set, loss: 0.829209, Y0: 0.0217065

Epoch:3000
In training set, loss: 0.824629, Y0: 0.0217029

Epoch:3100
In training set, loss: 0.820504, Y0: 0.0217

Epoch:3200
In training set, loss: 0.816774, Y0: 0.0216978

Epoch:3300
In training set, loss: 0.813388, Y0: 0.0216962

Epoch:3400
In training set, loss: 0.810301, Y0: 0.0216952

Epoch:3500
In training set, loss: 0.807479, Y0: 0.0216946

Epoch:3600
In training set, loss: 0.804887, Y0: 0.0216944

Epoch:3700
In training set, loss: 0.8025, Y0: 0.0216946

Epoch:3800
In training set, loss: 0.800292, Y0: 0.021695

Epoch:3900
In training set, loss: 0.798245, Y0: 0.0216957

Epoch:4000
In training set, loss: 0.796339, Y0: 0.0216966



###############################################################################
TCHPC Cluster: kelvin
Job 18721 (BSDE_job_4_procs) for User 'zuoy' in Account 'hpc_21_01207'
Finished at: Tue Nov  2 22:43:58 GMT 2021

Job efficiency estimates:
=========================

Job ID: 18721
Cluster: kelvin
User/Group: zuoy/zuoy
State: COMPLETED (exit code 0)
Nodes: 1
Cores per node: 12
CPU Utilized: 08:48:17
CPU Efficiency: 33.33% of 1-02:25:00 core-walltime
Job Wall-clock time: 02:12:05
Memory Utilized: 381.25 MB
Memory Efficiency: 1.66% of 22.46 GB

Job completion status:
======================

       JobID    JobName AllocCPUS NTasks NNodes     MaxRSS    MaxRSSNode  MaxDiskRead MaxDiskWrite    Elapsed      State ExitCode 
------------ ---------- --------- ------ ------ ---------- ------------- ------------ ------------ ---------- ---------- -------- 
18721        BSDE_job_+        12             1                                                      02:12:05  COMPLETED      0:0 
18721.batch       batch        12      1      1    390396K   kelvin-n085        0.86M        0.01M   02:12:05  COMPLETED      0:0 


Job details:
============

JobId=18721 JobName=BSDE_job_4_procs
   UserId=zuoy(1582) GroupId=zuoy(1252) MCS_label=N/A
   Priority=12081508 Nice=0 Account=hpc_21_01207 QOS=normal
   JobState=COMPLETING Reason=None Dependency=(null)
   Requeue=0 Restarts=0 BatchFlag=1 Reboot=0 ExitCode=0:0
   DerivedExitCode=0:0
   RunTime=02:12:05 TimeLimit=23:00:00 TimeMin=N/A
   SubmitTime=2021-11-02T17:49:52 EligibleTime=2021-11-02T17:49:52
   AccrueTime=2021-11-02T17:49:52
   StartTime=2021-11-02T20:31:53 EndTime=2021-11-02T22:43:58 Deadline=N/A
   SuspendTime=None SecsPreSuspend=0 LastSchedEval=2021-11-02T20:31:53
   Partition=compute AllocNode:Sid=kelvin01:3879
   ReqNodeList=(null) ExcNodeList=(null)
   NodeList=
   BatchHost=kelvin-n085
   NumNodes=1 NumCPUs=12 NumTasks=4 CPUs/Task=1 ReqB:S:C:T=0:0:*:*
   TRES=cpu=12,mem=23000M,node=1,billing=12
   Socks/Node=* NtasksPerN:B:S:C=0:0:*:* CoreSpec=*
   JOB_GRES=(null)
     Nodes=kelvin-n085 CPU_IDs=0-11 Mem=23000 GRES=
   MinCPUsNode=1 MinMemoryNode=23000M MinTmpDiskNode=0
   Features=(null) DelayBoot=00:00:00
   OverSubscribe=NO Contiguous=0 Licenses=(null) Network=(null)
   Command=/home/users/mschpc/2019/zuoy/HPC/NeuralNetwork/scripts/script_AllenCahn_d300_b1_n4.sh
   WorkDir=/home/users/mschpc/2019/zuoy/HPC/NeuralNetwork
   StdErr=/home/users/mschpc/2019/zuoy/HPC/NeuralNetwork/output/slurm-18721.out
   StdIn=/dev/null
   StdOut=/home/users/mschpc/2019/zuoy/HPC/NeuralNetwork/output/slurm-18721.out
   Power=
   NtasksPerTRES:0


Disk quota details:
===================

Quota Type           Name  Filesystem     Usage in MB     Limit in MB    % Used
-------------------------------------------------------------------------------
USER                 zuoy       /home              67          51,200     0.13%

GROUP              mschpc   /projects             999          51,200     1.95%
GROUP          pi-dgolden   /projects               0          51,200     0.00%


SLURM Bank Statement:
=====================

User           Usage |        Account     Usage | Account Limit Available (CPU hrs)
---------- --------- + -------------- --------- + ------------- ---------
zuoy           2,568 |   HPC_21_01207     2,568 |       100,000    97,432


Acknowledgements:
=================

Note that usage of TCHPC Resources *must* be acknowledged in all publications.

Please see this page for details relevant to this cluster:

http://www.tchpc.tcd.ie/resources/acknowledgementpolicy

################################################################################
