Dimension: 200
Total time: 1
Number of time intervals: 20
Learning rate: 0.01
y_init_range: 0, 1
Number of neurons in each hidden layer of each subnet: 110, 110, 
Epochs: 3000
Batch size: 1
Sample size: 1024
Logging frequency: 100
Model name: HJBLQ_parallel_
Number of processors: 4


Training:
Epoch:100
In training set, loss: 9.78027, Y0: 5.27603

Epoch:200
In training set, loss: 8.32827, Y0: 5.2765

Epoch:300
In training set, loss: 7.11045, Y0: 5.27686

Epoch:400
In training set, loss: 6.08572, Y0: 5.27717

Epoch:500
In training set, loss: 5.22108, Y0: 5.27744

Epoch:600
In training set, loss: 4.48959, Y0: 5.27767

Epoch:700
In training set, loss: 3.86915, Y0: 5.27788

Epoch:800
In training set, loss: 3.34159, Y0: 5.27806

Epoch:900
In training set, loss: 2.89193, Y0: 5.27821

Epoch:1000
In training set, loss: 2.50775, Y0: 5.27835

Epoch:1100
In training set, loss: 2.17878, Y0: 5.27847

Epoch:1200
In training set, loss: 1.89647, Y0: 5.27858

Epoch:1300
In training set, loss: 1.65367, Y0: 5.27868

Epoch:1400
In training set, loss: 1.44442, Y0: 5.27876

Epoch:1500
In training set, loss: 1.26372, Y0: 5.27884

Epoch:1600
In training set, loss: 1.10738, Y0: 5.27891

Epoch:1700
In training set, loss: 0.97187, Y0: 5.27897

Epoch:1800
In training set, loss: 0.854194, Y0: 5.27903

Epoch:1900
In training set, loss: 0.75182, Y0: 5.27908

Epoch:2000
In training set, loss: 0.662618, Y0: 5.27913

Epoch:2100
In training set, loss: 0.584754, Y0: 5.27917

Epoch:2200
In training set, loss: 0.516686, Y0: 5.27921

Epoch:2300
In training set, loss: 0.457087, Y0: 5.27924

Epoch:2400
In training set, loss: 0.404832, Y0: 5.27927

Epoch:2500
In training set, loss: 0.358953, Y0: 5.2793

Epoch:2600
In training set, loss: 0.318609, Y0: 5.27933

Epoch:2700
In training set, loss: 0.283092, Y0: 5.27935

Epoch:2800
In training set, loss: 0.251779, Y0: 5.27937

Epoch:2900
In training set, loss: 0.224139, Y0: 5.27939

Epoch:3000
In training set, loss: 0.199715, Y0: 5.27941



###############################################################################
TCHPC Cluster: kelvin
Job 18653 (BSDE_job_4_procs) for User 'zuoy' in Account 'hpc_21_01207'
Finished at: Tue Nov  2 18:08:42 GMT 2021

Job efficiency estimates:
=========================

Job ID: 18653
Cluster: kelvin
User/Group: zuoy/zuoy
State: COMPLETED (exit code 0)
Nodes: 1
Cores per node: 12
CPU Utilized: 04:23:08
CPU Efficiency: 33.32% of 13:09:48 core-walltime
Job Wall-clock time: 01:05:49
Memory Utilized: 294.71 MB
Memory Efficiency: 1.28% of 22.46 GB

Job completion status:
======================

       JobID    JobName AllocCPUS NTasks NNodes     MaxRSS    MaxRSSNode  MaxDiskRead MaxDiskWrite    Elapsed      State ExitCode 
------------ ---------- --------- ------ ------ ---------- ------------- ------------ ------------ ---------- ---------- -------- 
18653        BSDE_job_+        12             1                                                      01:05:49  COMPLETED      0:0 
18653.batch       batch        12      1      1    301780K   kelvin-n086        0.86M        0.01M   01:05:49  COMPLETED      0:0 


Job details:
============

JobId=18653 JobName=BSDE_job_4_procs
   UserId=zuoy(1582) GroupId=zuoy(1252) MCS_label=N/A
   Priority=12095017 Nice=0 Account=hpc_21_01207 QOS=normal
   JobState=COMPLETING Reason=None Dependency=(null)
   Requeue=0 Restarts=0 BatchFlag=1 Reboot=0 ExitCode=0:0
   DerivedExitCode=0:0
   RunTime=01:05:49 TimeLimit=23:00:00 TimeMin=N/A
   SubmitTime=2021-11-02T15:45:38 EligibleTime=2021-11-02T15:45:38
   AccrueTime=2021-11-02T15:45:38
   StartTime=2021-11-02T17:02:53 EndTime=2021-11-02T18:08:42 Deadline=N/A
   SuspendTime=None SecsPreSuspend=0 LastSchedEval=2021-11-02T17:02:53
   Partition=compute AllocNode:Sid=kelvin01:3879
   ReqNodeList=(null) ExcNodeList=(null)
   NodeList=
   BatchHost=kelvin-n086
   NumNodes=1 NumCPUs=12 NumTasks=4 CPUs/Task=1 ReqB:S:C:T=0:0:*:*
   TRES=cpu=12,mem=23000M,node=1,billing=12
   Socks/Node=* NtasksPerN:B:S:C=0:0:*:* CoreSpec=*
   JOB_GRES=(null)
     Nodes=kelvin-n086 CPU_IDs=0-11 Mem=23000 GRES=
   MinCPUsNode=1 MinMemoryNode=23000M MinTmpDiskNode=0
   Features=(null) DelayBoot=00:00:00
   OverSubscribe=NO Contiguous=0 Licenses=(null) Network=(null)
   Command=/home/users/mschpc/2019/zuoy/HPC/NeuralNetwork/scripts/script_HJBLQ_d200_b1_n4.sh
   WorkDir=/home/users/mschpc/2019/zuoy/HPC/NeuralNetwork
   StdErr=/home/users/mschpc/2019/zuoy/HPC/NeuralNetwork/output/slurm-18653.out
   StdIn=/dev/null
   StdOut=/home/users/mschpc/2019/zuoy/HPC/NeuralNetwork/output/slurm-18653.out
   Power=
   NtasksPerTRES:0


Disk quota details:
===================

Quota Type           Name  Filesystem     Usage in MB     Limit in MB    % Used
-------------------------------------------------------------------------------
USER                 zuoy       /home              67          51,200     0.13%

GROUP              mschpc   /projects             999          51,200     1.95%
GROUP          pi-dgolden   /projects               0          51,200     0.00%


SLURM Bank Statement:
=====================

User           Usage |        Account     Usage | Account Limit Available (CPU hrs)
---------- --------- + -------------- --------- + ------------- ---------
zuoy           1,952 |   HPC_21_01207     1,952 |       100,000    98,048


Acknowledgements:
=================

Note that usage of TCHPC Resources *must* be acknowledged in all publications.

Please see this page for details relevant to this cluster:

http://www.tchpc.tcd.ie/resources/acknowledgementpolicy

################################################################################
