Dimension: 200
Total time: 0.3
Number of time intervals: 20
Learning rate: 0.0005
y_init_range: 0.3, 0.5
Number of neurons in each hidden layer of each subnet: 110, 110, 
Epochs: 4000
Batch size: 1
Sample size: 1024
Logging frequency: 100
Model name: AllenCahn_parallel_
Number of processors: 4


Training:
Epoch:100
In training set, loss: 3.9355, Y0: 0.0228099

Epoch:200
In training set, loss: 3.3794, Y0: 0.0228016

Epoch:300
In training set, loss: 2.96787, Y0: 0.0229387

Epoch:400
In training set, loss: 2.6594, Y0: 0.0230429

Epoch:500
In training set, loss: 2.4254, Y0: 0.0231219

Epoch:600
In training set, loss: 2.24589, Y0: 0.0231816

Epoch:700
In training set, loss: 2.10669, Y0: 0.0232263

Epoch:800
In training set, loss: 1.99762, Y0: 0.0232591

Epoch:900
In training set, loss: 1.9113, Y0: 0.0232825

Epoch:1000
In training set, loss: 1.84232, Y0: 0.0232985

Epoch:1100
In training set, loss: 1.78666, Y0: 0.0233088

Epoch:1200
In training set, loss: 1.74134, Y0: 0.0233143

Epoch:1300
In training set, loss: 1.7041, Y0: 0.0233163

Epoch:1400
In training set, loss: 1.67322, Y0: 0.0233154

Epoch:1500
In training set, loss: 1.64741, Y0: 0.0233123

Epoch:1600
In training set, loss: 1.62563, Y0: 0.0233076

Epoch:1700
In training set, loss: 1.60711, Y0: 0.0233016

Epoch:1800
In training set, loss: 1.59123, Y0: 0.0232947

Epoch:1900
In training set, loss: 1.57751, Y0: 0.0232871

Epoch:2000
In training set, loss: 1.56555, Y0: 0.0232791

Epoch:2100
In training set, loss: 1.55505, Y0: 0.023271

Epoch:2200
In training set, loss: 1.54577, Y0: 0.0232627

Epoch:2300
In training set, loss: 1.5375, Y0: 0.0232545

Epoch:2400
In training set, loss: 1.53007, Y0: 0.0232464

Epoch:2500
In training set, loss: 1.52336, Y0: 0.0232384

Epoch:2600
In training set, loss: 1.51725, Y0: 0.0232307

Epoch:2700
In training set, loss: 1.51166, Y0: 0.0232232

Epoch:2800
In training set, loss: 1.50651, Y0: 0.0232161

Epoch:2900
In training set, loss: 1.50173, Y0: 0.0232093

Epoch:3000
In training set, loss: 1.49727, Y0: 0.0232029

Epoch:3100
In training set, loss: 1.49309, Y0: 0.0231968

Epoch:3200
In training set, loss: 1.48915, Y0: 0.023191

Epoch:3300
In training set, loss: 1.48542, Y0: 0.0231855

Epoch:3400
In training set, loss: 1.48188, Y0: 0.0231804

Epoch:3500
In training set, loss: 1.47849, Y0: 0.0231756

Epoch:3600
In training set, loss: 1.47524, Y0: 0.0231711

Epoch:3700
In training set, loss: 1.47212, Y0: 0.0231669

Epoch:3800
In training set, loss: 1.4691, Y0: 0.023163

Epoch:3900
In training set, loss: 1.46618, Y0: 0.0231594

Epoch:4000
In training set, loss: 1.46335, Y0: 0.0231561



###############################################################################
TCHPC Cluster: kelvin
Job 18709 (BSDE_job_4_procs) for User 'zuoy' in Account 'hpc_21_01207'
Finished at: Tue Nov  2 21:46:16 GMT 2021

Job efficiency estimates:
=========================

Job ID: 18709
Cluster: kelvin
User/Group: zuoy/zuoy
State: COMPLETED (exit code 0)
Nodes: 1
Cores per node: 12
CPU Utilized: 05:52:10
CPU Efficiency: 33.32% of 17:37:00 core-walltime
Job Wall-clock time: 01:28:05
Memory Utilized: 298.71 MB
Memory Efficiency: 1.30% of 22.46 GB

Job completion status:
======================

       JobID    JobName AllocCPUS NTasks NNodes     MaxRSS    MaxRSSNode  MaxDiskRead MaxDiskWrite    Elapsed      State ExitCode 
------------ ---------- --------- ------ ------ ---------- ------------- ------------ ------------ ---------- ---------- -------- 
18709        BSDE_job_+        12             1                                                      01:28:05  COMPLETED      0:0 
18709.batch       batch        12      1      1    305880K   kelvin-n092        0.86M        0.01M   01:28:05  COMPLETED      0:0 


Job details:
============

JobId=18709 JobName=BSDE_job_4_procs
   UserId=zuoy(1582) GroupId=zuoy(1252) MCS_label=N/A
   Priority=12074564 Nice=0 Account=hpc_21_01207 QOS=normal
   JobState=COMPLETING Reason=None Dependency=(null)
   Requeue=0 Restarts=0 BatchFlag=1 Reboot=0 ExitCode=0:0
   DerivedExitCode=0:0
   RunTime=01:28:05 TimeLimit=23:00:00 TimeMin=N/A
   SubmitTime=2021-11-02T17:49:52 EligibleTime=2021-11-02T17:49:52
   AccrueTime=2021-11-02T17:49:52
   StartTime=2021-11-02T20:18:11 EndTime=2021-11-02T21:46:16 Deadline=N/A
   SuspendTime=None SecsPreSuspend=0 LastSchedEval=2021-11-02T20:18:11
   Partition=compute AllocNode:Sid=kelvin01:3879
   ReqNodeList=(null) ExcNodeList=(null)
   NodeList=
   BatchHost=kelvin-n092
   NumNodes=1 NumCPUs=12 NumTasks=4 CPUs/Task=1 ReqB:S:C:T=0:0:*:*
   TRES=cpu=12,mem=23000M,node=1,billing=12
   Socks/Node=* NtasksPerN:B:S:C=0:0:*:* CoreSpec=*
   JOB_GRES=(null)
     Nodes=kelvin-n092 CPU_IDs=0-11 Mem=23000 GRES=
   MinCPUsNode=1 MinMemoryNode=23000M MinTmpDiskNode=0
   Features=(null) DelayBoot=00:00:00
   OverSubscribe=NO Contiguous=0 Licenses=(null) Network=(null)
   Command=/home/users/mschpc/2019/zuoy/HPC/NeuralNetwork/scripts/script_AllenCahn_d200_b1_n4.sh
   WorkDir=/home/users/mschpc/2019/zuoy/HPC/NeuralNetwork
   StdErr=/home/users/mschpc/2019/zuoy/HPC/NeuralNetwork/output/slurm-18709.out
   StdIn=/dev/null
   StdOut=/home/users/mschpc/2019/zuoy/HPC/NeuralNetwork/output/slurm-18709.out
   Power=
   NtasksPerTRES:0


Disk quota details:
===================

Quota Type           Name  Filesystem     Usage in MB     Limit in MB    % Used
-------------------------------------------------------------------------------
USER                 zuoy       /home              68          51,200     0.13%

GROUP              mschpc   /projects             999          51,200     1.95%
GROUP          pi-dgolden   /projects               0          51,200     0.00%


SLURM Bank Statement:
=====================

User           Usage |        Account     Usage | Account Limit Available (CPU hrs)
---------- --------- + -------------- --------- + ------------- ---------
zuoy           2,552 |   HPC_21_01207     2,552 |       100,000    97,448


Acknowledgements:
=================

Note that usage of TCHPC Resources *must* be acknowledged in all publications.

Please see this page for details relevant to this cluster:

http://www.tchpc.tcd.ie/resources/acknowledgementpolicy

################################################################################
