Master-Slave Mode

Dimension: 200
Total time: 1
Number of time intervals: 20
Learning rate: 0.01
y_init_range: 0, 1
Number of neurons in each hidden layer of each subnet: 110, 110, 
Epochs: 3000
Batch size: 1
Sample size: 1024
Logging frequency: 100
Model name: HJBLQ_parallel_
Number of processors: 64


Training:
Epoch:100
In training set, loss: 21.5073, Y0: 5.21338

Epoch:200
In training set, loss: 13.4266, Y0: 5.24517

Epoch:300
In training set, loss: 11.4068, Y0: 5.25638

Epoch:400
In training set, loss: 10.7012, Y0: 5.26113

Epoch:500
In training set, loss: 10.372, Y0: 5.26341

Epoch:600
In training set, loss: 10.1746, Y0: 5.26463

Epoch:700
In training set, loss: 10.0303, Y0: 5.26533

Epoch:800
In training set, loss: 9.90977, Y0: 5.26577

Epoch:900
In training set, loss: 9.80094, Y0: 5.26606

Epoch:1000
In training set, loss: 9.69836, Y0: 5.26626

Epoch:1100
In training set, loss: 9.59945, Y0: 5.2664

Epoch:1200
In training set, loss: 9.50292, Y0: 5.26651

Epoch:1300
In training set, loss: 9.40814, Y0: 5.26659

Epoch:1400
In training set, loss: 9.31475, Y0: 5.26666

Epoch:1500
In training set, loss: 9.22259, Y0: 5.26671

Epoch:1600
In training set, loss: 9.13154, Y0: 5.26676

Epoch:1700
In training set, loss: 9.04153, Y0: 5.2668

Epoch:1800
In training set, loss: 8.95254, Y0: 5.26683

Epoch:1900
In training set, loss: 8.86452, Y0: 5.26686

Epoch:2000
In training set, loss: 8.77747, Y0: 5.26689

Epoch:2100
In training set, loss: 8.69138, Y0: 5.26692

Epoch:2200
In training set, loss: 8.60622, Y0: 5.26694

Epoch:2300
In training set, loss: 8.52198, Y0: 5.26696

Epoch:2400
In training set, loss: 8.43865, Y0: 5.26699

Epoch:2500
In training set, loss: 8.35623, Y0: 5.26701

Epoch:2600
In training set, loss: 8.2747, Y0: 5.26703

Epoch:2700
In training set, loss: 8.19403, Y0: 5.26705

Epoch:2800
In training set, loss: 8.11425, Y0: 5.26707

Epoch:2900
In training set, loss: 8.03531, Y0: 5.26709

Epoch:3000
In training set, loss: 7.95723, Y0: 5.26711



###############################################################################
TCHPC Cluster: kelvin
Job 19777 (BSDE_job_4_procs) for User 'zuoy' in Account 'hpc_21_01207'
Finished at: Mon Nov  8 21:00:58 GMT 2021

Job efficiency estimates:
=========================

Job ID: 19777
Cluster: kelvin
User/Group: zuoy/zuoy
State: COMPLETED (exit code 0)
Nodes: 6
Cores per node: 12
CPU Utilized: 06:00:34
CPU Efficiency: 15.20% of 1-15:32:24 core-walltime
Job Wall-clock time: 00:32:57
Memory Utilized: 971.42 MB
Memory Efficiency: 0.70% of 134.77 GB

Job completion status:
======================

       JobID    JobName AllocCPUS NTasks NNodes     MaxRSS    MaxRSSNode  MaxDiskRead MaxDiskWrite    Elapsed      State ExitCode 
------------ ---------- --------- ------ ------ ---------- ------------- ------------ ------------ ---------- ---------- -------- 
19777        BSDE_job_+        72             6                                                      00:32:57  COMPLETED      0:0 
19777.batch       batch        12      1      1    994736K   kelvin-n049        0.87M        0.01M   00:32:57  COMPLETED      0:0 
19777.0           orted        60      5      5                                                      00:32:56  COMPLETED      0:0 


Job details:
============

JobId=19777 JobName=BSDE_job_4_procs
   UserId=zuoy(1582) GroupId=zuoy(1252) MCS_label=N/A
   Priority=12042236 Nice=0 Account=hpc_21_01207 QOS=normal
   JobState=COMPLETING Reason=None Dependency=(null)
   Requeue=0 Restarts=0 BatchFlag=1 Reboot=0 ExitCode=0:0
   DerivedExitCode=0:0
   RunTime=00:32:57 TimeLimit=23:00:00 TimeMin=N/A
   SubmitTime=2021-11-08T13:14:33 EligibleTime=2021-11-08T13:14:33
   AccrueTime=2021-11-08T13:14:33
   StartTime=2021-11-08T20:28:01 EndTime=2021-11-08T21:00:58 Deadline=N/A
   SuspendTime=None SecsPreSuspend=0 LastSchedEval=2021-11-08T20:28:01
   Partition=compute AllocNode:Sid=kelvin01:22494
   ReqNodeList=(null) ExcNodeList=(null)
   NodeList=kelvin-n[050,082-083,090,099]
   BatchHost=kelvin-n049
   NumNodes=5 NumCPUs=72 NumTasks=64 CPUs/Task=1 ReqB:S:C:T=0:0:*:*
   TRES=cpu=72,mem=138000M,node=6,billing=72
   Socks/Node=* NtasksPerN:B:S:C=0:0:*:* CoreSpec=*
   JOB_GRES=(null)
     Nodes=kelvin-n[049-050,082-083,090,099] CPU_IDs=0-11 Mem=23000 GRES=
   MinCPUsNode=1 MinMemoryNode=23000M MinTmpDiskNode=0
   Features=(null) DelayBoot=00:00:00
   OverSubscribe=NO Contiguous=0 Licenses=(null) Network=(null)
   Command=/home/users/mschpc/2019/zuoy/HPC/NeuralNetwork/scripts/script_HJBLQ_d200_b1_n64.sh
   WorkDir=/home/users/mschpc/2019/zuoy/HPC/NeuralNetwork
   StdErr=/home/users/mschpc/2019/zuoy/HPC/NeuralNetwork/output/slurm-19777.out
   StdIn=/dev/null
   StdOut=/home/users/mschpc/2019/zuoy/HPC/NeuralNetwork/output/slurm-19777.out
   Power=
   NtasksPerTRES:0


Disk quota details:
===================

Quota Type           Name  Filesystem     Usage in MB     Limit in MB    % Used
-------------------------------------------------------------------------------
USER                 zuoy       /home              90          51,200     0.18%

GROUP              mschpc   /projects             999          51,200     1.95%
GROUP          pi-dgolden   /projects               0          51,200     0.00%


SLURM Bank Statement:
=====================

User           Usage |        Account     Usage | Account Limit Available (CPU hrs)
---------- --------- + -------------- --------- + ------------- ---------
zuoy           6,717 |   HPC_21_01207     6,717 |       100,000    93,283


Acknowledgements:
=================

Note that usage of TCHPC Resources *must* be acknowledged in all publications.

Please see this page for details relevant to this cluster:

http://www.tchpc.tcd.ie/resources/acknowledgementpolicy

################################################################################
