Dimension: 100
Total time: 0.3
Number of time intervals: 20
Learning rate: 0.0005
y_init_range: 0.3, 0.5
Number of neurons in each hidden layer of each subnet: 110, 110, 
Epochs: 4000
Batch size: 64
Sample size: 1024
Logging frequency: 100
Model name: AllenCahn_parallel_
Number of processors: 8


Training:
Epoch:100
In training set, loss: 23.1449, Y0: 0.285622

Epoch:200
In training set, loss: 21.2924, Y0: 0.272211

Epoch:300
In training set, loss: 19.6759, Y0: 0.259685

Epoch:400
In training set, loss: 18.2619, Y0: 0.247972

Epoch:500
In training set, loss: 17.0223, Y0: 0.237007

Epoch:600
In training set, loss: 15.9336, Y0: 0.226733

Epoch:700
In training set, loss: 14.9757, Y0: 0.2171

Epoch:800
In training set, loss: 14.1317, Y0: 0.208059

Epoch:900
In training set, loss: 13.387, Y0: 0.199571

Epoch:1000
In training set, loss: 12.7291, Y0: 0.191595

Epoch:1100
In training set, loss: 12.1472, Y0: 0.184098

Epoch:1200
In training set, loss: 11.6321, Y0: 0.177047

Epoch:1300
In training set, loss: 11.1757, Y0: 0.170414

Epoch:1400
In training set, loss: 10.7708, Y0: 0.164171

Epoch:1500
In training set, loss: 10.4115, Y0: 0.158293

Epoch:1600
In training set, loss: 10.0923, Y0: 0.152757

Epoch:1700
In training set, loss: 9.80862, Y0: 0.147543

Epoch:1800
In training set, loss: 9.55622, Y0: 0.142629

Epoch:1900
In training set, loss: 9.33159, Y0: 0.137999

Epoch:2000
In training set, loss: 9.13152, Y0: 0.133634

Epoch:2100
In training set, loss: 8.95321, Y0: 0.129519

Epoch:2200
In training set, loss: 8.7942, Y0: 0.125639

Epoch:2300
In training set, loss: 8.65228, Y0: 0.12198

Epoch:2400
In training set, loss: 8.52556, Y0: 0.118529

Epoch:2500
In training set, loss: 8.41232, Y0: 0.115273

Epoch:2600
In training set, loss: 8.31107, Y0: 0.112201

Epoch:2700
In training set, loss: 8.22046, Y0: 0.109303

Epoch:2800
In training set, loss: 8.13932, Y0: 0.106568

Epoch:2900
In training set, loss: 8.06659, Y0: 0.103987

Epoch:3000
In training set, loss: 8.00135, Y0: 0.101552

Epoch:3100
In training set, loss: 7.94278, Y0: 0.0992531

Epoch:3200
In training set, loss: 7.89014, Y0: 0.0970834

Epoch:3300
In training set, loss: 7.84278, Y0: 0.0950354

Epoch:3400
In training set, loss: 7.80011, Y0: 0.0931019

Epoch:3500
In training set, loss: 7.76163, Y0: 0.0912767

Epoch:3600
In training set, loss: 7.72688, Y0: 0.0895536

Epoch:3700
In training set, loss: 7.69545, Y0: 0.0879267

Epoch:3800
In training set, loss: 7.66698, Y0: 0.0863906

Epoch:3900
In training set, loss: 7.64115, Y0: 0.0849401

Epoch:4000
In training set, loss: 7.61767, Y0: 0.0835705



###############################################################################
TCHPC Cluster: kelvin
Job 18702 (BSDE_job_4_procs) for User 'zuoy' in Account 'hpc_21_01207'
Finished at: Tue Nov  2 20:24:48 GMT 2021

Job efficiency estimates:
=========================

Job ID: 18702
Cluster: kelvin
User/Group: zuoy/zuoy
State: COMPLETED (exit code 0)
Nodes: 1
Cores per node: 12
CPU Utilized: 02:36:31
CPU Efficiency: 66.55% of 03:55:12 core-walltime
Job Wall-clock time: 00:19:36
Memory Utilized: 418.56 MB
Memory Efficiency: 1.82% of 22.46 GB

Job completion status:
======================

       JobID    JobName AllocCPUS NTasks NNodes     MaxRSS    MaxRSSNode  MaxDiskRead MaxDiskWrite    Elapsed      State ExitCode 
------------ ---------- --------- ------ ------ ---------- ------------- ------------ ------------ ---------- ---------- -------- 
18702        BSDE_job_+        12             1                                                      00:19:36  COMPLETED      0:0 
18702.batch       batch        12      1      1    428608K   kelvin-n023        0.86M        0.01M   00:19:36  COMPLETED      0:0 


Job details:
============

JobId=18702 JobName=BSDE_job_4_procs
   UserId=zuoy(1582) GroupId=zuoy(1252) MCS_label=N/A
   Priority=12068115 Nice=0 Account=hpc_21_01207 QOS=normal
   JobState=COMPLETING Reason=None Dependency=(null)
   Requeue=0 Restarts=0 BatchFlag=1 Reboot=0 ExitCode=0:0
   DerivedExitCode=0:0
   RunTime=00:19:36 TimeLimit=23:00:00 TimeMin=N/A
   SubmitTime=2021-11-02T17:49:52 EligibleTime=2021-11-02T17:49:52
   AccrueTime=2021-11-02T17:49:52
   StartTime=2021-11-02T20:05:12 EndTime=2021-11-02T20:24:48 Deadline=N/A
   SuspendTime=None SecsPreSuspend=0 LastSchedEval=2021-11-02T20:05:12
   Partition=compute AllocNode:Sid=kelvin01:3879
   ReqNodeList=(null) ExcNodeList=(null)
   NodeList=
   BatchHost=kelvin-n023
   NumNodes=1 NumCPUs=12 NumTasks=8 CPUs/Task=1 ReqB:S:C:T=0:0:*:*
   TRES=cpu=12,mem=23000M,node=1,billing=12
   Socks/Node=* NtasksPerN:B:S:C=0:0:*:* CoreSpec=*
   JOB_GRES=(null)
     Nodes=kelvin-n023 CPU_IDs=0-11 Mem=23000 GRES=
   MinCPUsNode=1 MinMemoryNode=23000M MinTmpDiskNode=0
   Features=(null) DelayBoot=00:00:00
   OverSubscribe=NO Contiguous=0 Licenses=(null) Network=(null)
   Command=/home/users/mschpc/2019/zuoy/HPC/NeuralNetwork/scripts/script_AllenCahn_d100_b64_n8.sh
   WorkDir=/home/users/mschpc/2019/zuoy/HPC/NeuralNetwork
   StdErr=/home/users/mschpc/2019/zuoy/HPC/NeuralNetwork/output/slurm-18702.out
   StdIn=/dev/null
   StdOut=/home/users/mschpc/2019/zuoy/HPC/NeuralNetwork/output/slurm-18702.out
   Power=
   NtasksPerTRES:0


Disk quota details:
===================

Quota Type           Name  Filesystem     Usage in MB     Limit in MB    % Used
-------------------------------------------------------------------------------
USER                 zuoy       /home              69          51,200     0.14%

GROUP              mschpc   /projects             999          51,200     1.95%
GROUP          pi-dgolden   /projects               0          51,200     0.00%


SLURM Bank Statement:
=====================

User           Usage |        Account     Usage | Account Limit Available (CPU hrs)
---------- --------- + -------------- --------- + ------------- ---------
zuoy           2,338 |   HPC_21_01207     2,338 |       100,000    97,662


Acknowledgements:
=================

Note that usage of TCHPC Resources *must* be acknowledged in all publications.

Please see this page for details relevant to this cluster:

http://www.tchpc.tcd.ie/resources/acknowledgementpolicy

################################################################################
