Dimension: 200
Total time: 1
Number of time intervals: 40
Learning rate: 0.01
y_init_range: 40, 50
Number of neurons in each hidden layer of each subnet: 110, 110, 
Epochs: 1000
Batch size: 128
Sample size: 1024
Logging frequency: 100
Model name: pricing_default_risk_parallel_
Number of processors: 8


Training:
Epoch:100
In training set, loss: 22386.9, Y0: 48.5459

Epoch:200
In training set, loss: 12219.5, Y0: 51.6459

Epoch:300
In training set, loss: 10631.3, Y0: 52.8618

Epoch:400
In training set, loss: 10310.2, Y0: 53.3437

Epoch:500
In training set, loss: 10190, Y0: 53.536

Epoch:600
In training set, loss: 10105.2, Y0: 53.6135

Epoch:700
In training set, loss: 10029.2, Y0: 53.6454

Epoch:800
In training set, loss: 9957.68, Y0: 53.6592

Epoch:900
In training set, loss: 9889.88, Y0: 53.6657

Epoch:1000
In training set, loss: 9825.09, Y0: 53.6693



###############################################################################
TCHPC Cluster: kelvin
Job 18535 (BSDE_job_4_procs) for User 'zuoy' in Account 'hpc_21_01207'
Finished at: Tue Nov  2 06:05:32 GMT 2021

Job efficiency estimates:
=========================

Job ID: 18535
Cluster: kelvin
User/Group: zuoy/zuoy
State: COMPLETED (exit code 0)
Nodes: 1
Cores per node: 12
CPU Utilized: 03:45:27
CPU Efficiency: 66.58% of 05:38:36 core-walltime
Job Wall-clock time: 00:28:13
Memory Utilized: 953.83 MB
Memory Efficiency: 4.15% of 22.46 GB

Job completion status:
======================

       JobID    JobName AllocCPUS NTasks NNodes     MaxRSS    MaxRSSNode  MaxDiskRead MaxDiskWrite    Elapsed      State ExitCode 
------------ ---------- --------- ------ ------ ---------- ------------- ------------ ------------ ---------- ---------- -------- 
18535        BSDE_job_+        12             1                                                      00:28:13  COMPLETED      0:0 
18535.batch       batch        12      1      1    976720K   kelvin-n057        0.86M        0.01M   00:28:13  COMPLETED      0:0 


Job details:
============

JobId=18535 JobName=BSDE_job_4_procs
   UserId=zuoy(1582) GroupId=zuoy(1252) MCS_label=N/A
   Priority=12370066 Nice=0 Account=hpc_21_01207 QOS=normal
   JobState=COMPLETING Reason=None Dependency=(null)
   Requeue=0 Restarts=0 BatchFlag=1 Reboot=0 ExitCode=0:0
   DerivedExitCode=0:0
   RunTime=00:28:13 TimeLimit=23:00:00 TimeMin=N/A
   SubmitTime=2021-11-02T00:16:23 EligibleTime=2021-11-02T00:16:23
   AccrueTime=2021-11-02T00:16:23
   StartTime=2021-11-02T05:37:19 EndTime=2021-11-02T06:05:32 Deadline=N/A
   SuspendTime=None SecsPreSuspend=0 LastSchedEval=2021-11-02T05:37:19
   Partition=compute AllocNode:Sid=kelvin01:22516
   ReqNodeList=(null) ExcNodeList=(null)
   NodeList=
   BatchHost=kelvin-n057
   NumNodes=1 NumCPUs=12 NumTasks=8 CPUs/Task=1 ReqB:S:C:T=0:0:*:*
   TRES=cpu=12,mem=23000M,node=1,billing=12
   Socks/Node=* NtasksPerN:B:S:C=0:0:*:* CoreSpec=*
   JOB_GRES=(null)
     Nodes=kelvin-n057 CPU_IDs=0-11 Mem=23000 GRES=
   MinCPUsNode=1 MinMemoryNode=23000M MinTmpDiskNode=0
   Features=(null) DelayBoot=00:00:00
   OverSubscribe=NO Contiguous=0 Licenses=(null) Network=(null)
   Command=/home/users/mschpc/2019/zuoy/HPC/NeuralNetwork/scripts/script_PricingDefaultRisk_d200_b128_n8.sh
   WorkDir=/home/users/mschpc/2019/zuoy/HPC/NeuralNetwork
   StdErr=/home/users/mschpc/2019/zuoy/HPC/NeuralNetwork/output/slurm-18535.out
   StdIn=/dev/null
   StdOut=/home/users/mschpc/2019/zuoy/HPC/NeuralNetwork/output/slurm-18535.out
   Power=
   NtasksPerTRES:0


Disk quota details:
===================

Quota Type           Name  Filesystem     Usage in MB     Limit in MB    % Used
-------------------------------------------------------------------------------
USER                 zuoy       /home              67          51,200     0.13%

GROUP              mschpc   /projects             999          51,200     1.95%
GROUP          pi-dgolden   /projects               0          51,200     0.00%


SLURM Bank Statement:
=====================

User           Usage |        Account     Usage | Account Limit Available (CPU hrs)
---------- --------- + -------------- --------- + ------------- ---------
zuoy             979 |   HPC_21_01207       979 |       100,000    99,021


Acknowledgements:
=================

Note that usage of TCHPC Resources *must* be acknowledged in all publications.

Please see this page for details relevant to this cluster:

http://www.tchpc.tcd.ie/resources/acknowledgementpolicy

################################################################################
