Dimension: 300
Total time: 0.3
Number of time intervals: 20
Learning rate: 0.0005
y_init_range: 0.3, 0.5
Number of neurons in each hidden layer of each subnet: 110, 110, 
Epochs: 4000
Batch size: 128
Sample size: 1024
Logging frequency: 100
Model name: AllenCahn_parallel_
Number of processors: 32


Training:
Epoch:100
In training set, loss: 30.735, Y0: 0.297744

Epoch:200
In training set, loss: 30.3233, Y0: 0.295508

Epoch:300
In training set, loss: 29.9193, Y0: 0.293293

Epoch:400
In training set, loss: 29.5226, Y0: 0.291098

Epoch:500
In training set, loss: 29.1333, Y0: 0.288924

Epoch:600
In training set, loss: 28.7511, Y0: 0.28677

Epoch:700
In training set, loss: 28.3757, Y0: 0.284635

Epoch:800
In training set, loss: 28.0072, Y0: 0.28252

Epoch:900
In training set, loss: 27.6453, Y0: 0.280424

Epoch:1000
In training set, loss: 27.29, Y0: 0.278347

Epoch:1100
In training set, loss: 26.9411, Y0: 0.276289

Epoch:1200
In training set, loss: 26.5985, Y0: 0.27425

Epoch:1300
In training set, loss: 26.2619, Y0: 0.27223

Epoch:1400
In training set, loss: 25.9314, Y0: 0.270227

Epoch:1500
In training set, loss: 25.6067, Y0: 0.268243

Epoch:1600
In training set, loss: 25.2878, Y0: 0.266276

Epoch:1700
In training set, loss: 24.9744, Y0: 0.264326

Epoch:1800
In training set, loss: 24.6664, Y0: 0.262393

Epoch:1900
In training set, loss: 24.3639, Y0: 0.260478

Epoch:2000
In training set, loss: 24.0668, Y0: 0.25858

Epoch:2100
In training set, loss: 23.7748, Y0: 0.256698

Epoch:2200
In training set, loss: 23.4879, Y0: 0.254833

Epoch:2300
In training set, loss: 23.2059, Y0: 0.252985

Epoch:2400
In training set, loss: 22.9288, Y0: 0.251152

Epoch:2500
In training set, loss: 22.6563, Y0: 0.249335

Epoch:2600
In training set, loss: 22.3886, Y0: 0.247533

Epoch:2700
In training set, loss: 22.1255, Y0: 0.245748

Epoch:2800
In training set, loss: 21.8668, Y0: 0.243977

Epoch:2900
In training set, loss: 21.6126, Y0: 0.242222

Epoch:3000
In training set, loss: 21.3626, Y0: 0.240482

Epoch:3100
In training set, loss: 21.1169, Y0: 0.238757

Epoch:3200
In training set, loss: 20.8754, Y0: 0.237046

Epoch:3300
In training set, loss: 20.6379, Y0: 0.23535

Epoch:3400
In training set, loss: 20.4043, Y0: 0.233669

Epoch:3500
In training set, loss: 20.1747, Y0: 0.232001

Epoch:3600
In training set, loss: 19.9489, Y0: 0.230348

Epoch:3700
In training set, loss: 19.727, Y0: 0.228709

Epoch:3800
In training set, loss: 19.5086, Y0: 0.227083

Epoch:3900
In training set, loss: 19.294, Y0: 0.225472

Epoch:4000
In training set, loss: 19.0828, Y0: 0.223873



###############################################################################
TCHPC Cluster: kelvin
Job 18732 (BSDE_job_4_procs) for User 'zuoy' in Account 'hpc_21_01207'
Finished at: Tue Nov  2 19:42:22 GMT 2021

Job efficiency estimates:
=========================

Job ID: 18732
Cluster: kelvin
User/Group: zuoy/zuoy
State: COMPLETED (exit code 0)
Nodes: 3
Cores per node: 12
CPU Utilized: 04:51:15
CPU Efficiency: 30.23% of 16:03:36 core-walltime
Job Wall-clock time: 00:26:46
Memory Utilized: 1.06 GB
Memory Efficiency: 1.58% of 67.38 GB

Job completion status:
======================

       JobID    JobName AllocCPUS NTasks NNodes     MaxRSS    MaxRSSNode  MaxDiskRead MaxDiskWrite    Elapsed      State ExitCode 
------------ ---------- --------- ------ ------ ---------- ------------- ------------ ------------ ---------- ---------- -------- 
18732        BSDE_job_+        36             3                                                      00:26:46  COMPLETED      0:0 
18732.batch       batch        12      1      1   1115084K   kelvin-n009        0.86M        0.01M   00:26:46  COMPLETED      0:0 
18732.0           orted        24      2      2                                                      00:26:44  COMPLETED      0:0 


Job details:
============

JobId=18732 JobName=BSDE_job_4_procs
   UserId=zuoy(1582) GroupId=zuoy(1252) MCS_label=N/A
   Priority=12100046 Nice=0 Account=hpc_21_01207 QOS=normal
   JobState=COMPLETING Reason=None Dependency=(null)
   Requeue=0 Restarts=0 BatchFlag=1 Reboot=0 ExitCode=0:0
   DerivedExitCode=0:0
   RunTime=00:26:46 TimeLimit=23:00:00 TimeMin=N/A
   SubmitTime=2021-11-02T17:49:52 EligibleTime=2021-11-02T17:49:52
   AccrueTime=2021-11-02T17:49:52
   StartTime=2021-11-02T19:15:36 EndTime=2021-11-02T19:42:22 Deadline=N/A
   SuspendTime=None SecsPreSuspend=0 LastSchedEval=2021-11-02T19:15:36
   Partition=compute AllocNode:Sid=kelvin01:3879
   ReqNodeList=(null) ExcNodeList=(null)
   NodeList=kelvin-n[040,093]
   BatchHost=kelvin-n009
   NumNodes=2 NumCPUs=36 NumTasks=32 CPUs/Task=1 ReqB:S:C:T=0:0:*:*
   TRES=cpu=36,mem=69000M,node=3,billing=36
   Socks/Node=* NtasksPerN:B:S:C=0:0:*:* CoreSpec=*
   JOB_GRES=(null)
     Nodes=kelvin-n[009,040,093] CPU_IDs=0-11 Mem=23000 GRES=
   MinCPUsNode=1 MinMemoryNode=23000M MinTmpDiskNode=0
   Features=(null) DelayBoot=00:00:00
   OverSubscribe=NO Contiguous=0 Licenses=(null) Network=(null)
   Command=/home/users/mschpc/2019/zuoy/HPC/NeuralNetwork/scripts/script_AllenCahn_d300_b128_n32.sh
   WorkDir=/home/users/mschpc/2019/zuoy/HPC/NeuralNetwork
   StdErr=/home/users/mschpc/2019/zuoy/HPC/NeuralNetwork/output/slurm-18732.out
   StdIn=/dev/null
   StdOut=/home/users/mschpc/2019/zuoy/HPC/NeuralNetwork/output/slurm-18732.out
   Power=
   NtasksPerTRES:0


Disk quota details:
===================

Quota Type           Name  Filesystem     Usage in MB     Limit in MB    % Used
-------------------------------------------------------------------------------
USER                 zuoy       /home              67          51,200     0.13%

GROUP              mschpc   /projects             999          51,200     1.95%
GROUP          pi-dgolden   /projects               0          51,200     0.00%


SLURM Bank Statement:
=====================

User           Usage |        Account     Usage | Account Limit Available (CPU hrs)
---------- --------- + -------------- --------- + ------------- ---------
zuoy           2,210 |   HPC_21_01207     2,210 |       100,000    97,790


Acknowledgements:
=================

Note that usage of TCHPC Resources *must* be acknowledged in all publications.

Please see this page for details relevant to this cluster:

http://www.tchpc.tcd.ie/resources/acknowledgementpolicy

################################################################################
