Ring-AllReduce Mode

Dimension: 200
Total time: 1
Number of time intervals: 40
Learning rate: 0.01
y_init_range: 40, 50
Number of neurons in each hidden layer of each subnet: 110, 110, 
Epochs: 1000
Batch size: 1
Sample size: 1024
Logging frequency: 100
Model name: pricing_default_risk_parallel_
Number of processors: 32


Training:
Epoch:100
In training set, loss: 8518.2, Y0: 54.109

Epoch:200
In training set, loss: 7989.19, Y0: 54.1261

Epoch:300
In training set, loss: 7734.23, Y0: 54.1326

Epoch:400
In training set, loss: 7567.27, Y0: 54.1353

Epoch:500
In training set, loss: 7427.22, Y0: 54.1369

Epoch:600
In training set, loss: 7303.11, Y0: 54.1378

Epoch:700
In training set, loss: 7184.33, Y0: 54.1389

Epoch:800
In training set, loss: 7070.26, Y0: 54.1399

Epoch:900
In training set, loss: 6958.09, Y0: 54.1409

Epoch:1000
In training set, loss: 6848.71, Y0: 54.1417



###############################################################################
TCHPC Cluster: kelvin
Job 19332 (BSDE_job_4_procs) for User 'zuoy' in Account 'hpc_21_01207'
Finished at: Fri Nov  5 01:25:04 GMT 2021

Job efficiency estimates:
=========================

Job ID: 19332
Cluster: kelvin
User/Group: zuoy/zuoy
State: COMPLETED (exit code 0)
Nodes: 3
Cores per node: 12
CPU Utilized: 03:03:11
CPU Efficiency: 30.41% of 10:02:24 core-walltime
Job Wall-clock time: 00:16:44
Memory Utilized: 1.29 GB
Memory Efficiency: 1.92% of 67.38 GB

Job completion status:
======================

       JobID    JobName AllocCPUS NTasks NNodes     MaxRSS    MaxRSSNode  MaxDiskRead MaxDiskWrite    Elapsed      State ExitCode 
------------ ---------- --------- ------ ------ ---------- ------------- ------------ ------------ ---------- ---------- -------- 
19332        BSDE_job_+        36             3                                                      00:16:44  COMPLETED      0:0 
19332.batch       batch        12      1      1   1354832K   kelvin-n021        0.87M        0.01M   00:16:44  COMPLETED      0:0 
19332.0           orted        24      2      2                                                      00:16:43  COMPLETED      0:0 


Job details:
============

JobId=19332 JobName=BSDE_job_4_procs
   UserId=zuoy(1582) GroupId=zuoy(1252) MCS_label=N/A
   Priority=11695557 Nice=0 Account=hpc_21_01207 QOS=normal
   JobState=COMPLETING Reason=None Dependency=(null)
   Requeue=0 Restarts=0 BatchFlag=1 Reboot=0 ExitCode=0:0
   DerivedExitCode=0:0
   RunTime=00:16:44 TimeLimit=23:00:00 TimeMin=N/A
   SubmitTime=2021-11-05T00:14:19 EligibleTime=2021-11-05T00:14:19
   AccrueTime=2021-11-05T00:14:19
   StartTime=2021-11-05T01:08:19 EndTime=2021-11-05T01:25:03 Deadline=N/A
   SuspendTime=None SecsPreSuspend=0 LastSchedEval=2021-11-05T01:08:19
   Partition=compute AllocNode:Sid=kelvin01:28454
   ReqNodeList=(null) ExcNodeList=(null)
   NodeList=kelvin-n[033-034]
   BatchHost=kelvin-n021
   NumNodes=2 NumCPUs=36 NumTasks=32 CPUs/Task=1 ReqB:S:C:T=0:0:*:*
   TRES=cpu=36,mem=69000M,node=3,billing=36
   Socks/Node=* NtasksPerN:B:S:C=0:0:*:* CoreSpec=*
   JOB_GRES=(null)
     Nodes=kelvin-n[021,033-034] CPU_IDs=0-11 Mem=23000 GRES=
   MinCPUsNode=1 MinMemoryNode=23000M MinTmpDiskNode=0
   Features=(null) DelayBoot=00:00:00
   OverSubscribe=NO Contiguous=0 Licenses=(null) Network=(null)
   Command=/home/users/mschpc/2019/zuoy/HPC/NeuralNetwork/scripts/script_PricingDefaultRisk_d200_b1_n32.sh
   WorkDir=/home/users/mschpc/2019/zuoy/HPC/NeuralNetwork
   StdErr=/home/users/mschpc/2019/zuoy/HPC/NeuralNetwork/output/slurm-19332.out
   StdIn=/dev/null
   StdOut=/home/users/mschpc/2019/zuoy/HPC/NeuralNetwork/output/slurm-19332.out
   Power=
   NtasksPerTRES:0


Disk quota details:
===================

Quota Type           Name  Filesystem     Usage in MB     Limit in MB    % Used
-------------------------------------------------------------------------------
USER                 zuoy       /home              84          51,200     0.16%

GROUP              mschpc   /projects             999          51,200     1.95%
GROUP          pi-dgolden   /projects               0          51,200     0.00%


SLURM Bank Statement:
=====================

User           Usage |        Account     Usage | Account Limit Available (CPU hrs)
---------- --------- + -------------- --------- + ------------- ---------
zuoy           4,480 |   HPC_21_01207     4,480 |       100,000    95,520


Acknowledgements:
=================

Note that usage of TCHPC Resources *must* be acknowledged in all publications.

Please see this page for details relevant to this cluster:

http://www.tchpc.tcd.ie/resources/acknowledgementpolicy

################################################################################
