Dimension: 300
Total time: 0.3
Number of time intervals: 20
Learning rate: 0.0005
y_init_range: 0.3, 0.5
Number of neurons in each hidden layer of each subnet: 110, 110, 
Epochs: 4000
Batch size: 128
Sample size: 1024
Logging frequency: 100
Model name: AllenCahn_parallel_
Number of processors: 8


Training:
Epoch:100
In training set, loss: 27.597, Y0: 0.291521

Epoch:200
In training set, loss: 26.2124, Y0: 0.283342

Epoch:300
In training set, loss: 24.9228, Y0: 0.27545

Epoch:400
In training set, loss: 23.7211, Y0: 0.267832

Epoch:500
In training set, loss: 22.6002, Y0: 0.260476

Epoch:600
In training set, loss: 21.5537, Y0: 0.25337

Epoch:700
In training set, loss: 20.5761, Y0: 0.246503

Epoch:800
In training set, loss: 19.6623, Y0: 0.239864

Epoch:900
In training set, loss: 18.8074, Y0: 0.233445

Epoch:1000
In training set, loss: 18.0073, Y0: 0.227236

Epoch:1100
In training set, loss: 17.258, Y0: 0.221228

Epoch:1200
In training set, loss: 16.5559, Y0: 0.215414

Epoch:1300
In training set, loss: 15.8977, Y0: 0.209786

Epoch:1400
In training set, loss: 15.2804, Y0: 0.204337

Epoch:1500
In training set, loss: 14.7012, Y0: 0.19906

Epoch:1600
In training set, loss: 14.1575, Y0: 0.193949

Epoch:1700
In training set, loss: 13.647, Y0: 0.188998

Epoch:1800
In training set, loss: 13.1674, Y0: 0.184201

Epoch:1900
In training set, loss: 12.7167, Y0: 0.179551

Epoch:2000
In training set, loss: 12.2929, Y0: 0.175045

Epoch:2100
In training set, loss: 11.8945, Y0: 0.170677

Epoch:2200
In training set, loss: 11.5197, Y0: 0.166442

Epoch:2300
In training set, loss: 11.167, Y0: 0.162336

Epoch:2400
In training set, loss: 10.8351, Y0: 0.158354

Epoch:2500
In training set, loss: 10.5226, Y0: 0.154493

Epoch:2600
In training set, loss: 10.2284, Y0: 0.150747

Epoch:2700
In training set, loss: 9.95121, Y0: 0.147114

Epoch:2800
In training set, loss: 9.69007, Y0: 0.143589

Epoch:2900
In training set, loss: 9.44397, Y0: 0.14017

Epoch:3000
In training set, loss: 9.21199, Y0: 0.136852

Epoch:3100
In training set, loss: 8.99326, Y0: 0.133632

Epoch:3200
In training set, loss: 8.78701, Y0: 0.130508

Epoch:3300
In training set, loss: 8.59246, Y0: 0.127476

Epoch:3400
In training set, loss: 8.40892, Y0: 0.124533

Epoch:3500
In training set, loss: 8.23571, Y0: 0.121676

Epoch:3600
In training set, loss: 8.07224, Y0: 0.118904

Epoch:3700
In training set, loss: 7.91791, Y0: 0.116212

Epoch:3800
In training set, loss: 7.77219, Y0: 0.1136

Epoch:3900
In training set, loss: 7.63455, Y0: 0.111063

Epoch:4000
In training set, loss: 7.50454, Y0: 0.108601



###############################################################################
TCHPC Cluster: kelvin
Job 18730 (BSDE_job_4_procs) for User 'zuoy' in Account 'hpc_21_01207'
Finished at: Tue Nov  2 21:25:18 GMT 2021

Job efficiency estimates:
=========================

Job ID: 18730
Cluster: kelvin
User/Group: zuoy/zuoy
State: COMPLETED (exit code 0)
Nodes: 1
Cores per node: 12
CPU Utilized: 06:12:12
CPU Efficiency: 66.63% of 09:18:36 core-walltime
Job Wall-clock time: 00:46:33
Memory Utilized: 756.09 MB
Memory Efficiency: 3.29% of 22.46 GB

Job completion status:
======================

       JobID    JobName AllocCPUS NTasks NNodes     MaxRSS    MaxRSSNode  MaxDiskRead MaxDiskWrite    Elapsed      State ExitCode 
------------ ---------- --------- ------ ------ ---------- ------------- ------------ ------------ ---------- ---------- -------- 
18730        BSDE_job_+        12             1                                                      00:46:33  COMPLETED      0:0 
18730.batch       batch        12      1      1    774240K   kelvin-n040        0.86M        0.01M   00:46:33  COMPLETED      0:0 


Job details:
============

JobId=18730 JobName=BSDE_job_4_procs
   UserId=zuoy(1582) GroupId=zuoy(1252) MCS_label=N/A
   Priority=12084485 Nice=0 Account=hpc_21_01207 QOS=normal
   JobState=COMPLETING Reason=None Dependency=(null)
   Requeue=0 Restarts=0 BatchFlag=1 Reboot=0 ExitCode=0:0
   DerivedExitCode=0:0
   RunTime=00:46:33 TimeLimit=23:00:00 TimeMin=N/A
   SubmitTime=2021-11-02T17:49:52 EligibleTime=2021-11-02T17:49:52
   AccrueTime=2021-11-02T17:49:52
   StartTime=2021-11-02T20:38:45 EndTime=2021-11-02T21:25:18 Deadline=N/A
   SuspendTime=None SecsPreSuspend=0 LastSchedEval=2021-11-02T20:38:45
   Partition=compute AllocNode:Sid=kelvin01:3879
   ReqNodeList=(null) ExcNodeList=(null)
   NodeList=
   BatchHost=kelvin-n040
   NumNodes=1 NumCPUs=12 NumTasks=8 CPUs/Task=1 ReqB:S:C:T=0:0:*:*
   TRES=cpu=12,mem=23000M,node=1,billing=12
   Socks/Node=* NtasksPerN:B:S:C=0:0:*:* CoreSpec=*
   JOB_GRES=(null)
     Nodes=kelvin-n040 CPU_IDs=0-11 Mem=23000 GRES=
   MinCPUsNode=1 MinMemoryNode=23000M MinTmpDiskNode=0
   Features=(null) DelayBoot=00:00:00
   OverSubscribe=NO Contiguous=0 Licenses=(null) Network=(null)
   Command=/home/users/mschpc/2019/zuoy/HPC/NeuralNetwork/scripts/script_AllenCahn_d300_b128_n8.sh
   WorkDir=/home/users/mschpc/2019/zuoy/HPC/NeuralNetwork
   StdErr=/home/users/mschpc/2019/zuoy/HPC/NeuralNetwork/output/slurm-18730.out
   StdIn=/dev/null
   StdOut=/home/users/mschpc/2019/zuoy/HPC/NeuralNetwork/output/slurm-18730.out
   Power=
   NtasksPerTRES:0


Disk quota details:
===================

Quota Type           Name  Filesystem     Usage in MB     Limit in MB    % Used
-------------------------------------------------------------------------------
USER                 zuoy       /home              69          51,200     0.14%

GROUP              mschpc   /projects             999          51,200     1.95%
GROUP          pi-dgolden   /projects               0          51,200     0.00%


SLURM Bank Statement:
=====================

User           Usage |        Account     Usage | Account Limit Available (CPU hrs)
---------- --------- + -------------- --------- + ------------- ---------
zuoy           2,528 |   HPC_21_01207     2,528 |       100,000    97,472


Acknowledgements:
=================

Note that usage of TCHPC Resources *must* be acknowledged in all publications.

Please see this page for details relevant to this cluster:

http://www.tchpc.tcd.ie/resources/acknowledgementpolicy

################################################################################
