Dimension: 400
Total time: 1
Number of time intervals: 40
Learning rate: 0.01
y_init_range: 40, 50
Number of neurons in each hidden layer of each subnet: 110, 110, 
Epochs: 1000
Batch size: 64
Sample size: 1024
Logging frequency: 100
Model name: pricing_default_risk_parallel_
Number of processors: 8


Training:
Epoch:100
In training set, loss: 9515.54, Y0: 49.6093

Epoch:200
In training set, loss: 8212.11, Y0: 50.9154

Epoch:300
In training set, loss: 7972.31, Y0: 51.1171

Epoch:400
In training set, loss: 7780.64, Y0: 51.1517

Epoch:500
In training set, loss: 7610.07, Y0: 51.1608

Epoch:600
In training set, loss: 7457.54, Y0: 51.1659

Epoch:700
In training set, loss: 7320.5, Y0: 51.1703

Epoch:800
In training set, loss: 7196.9, Y0: 51.1745

Epoch:900
In training set, loss: 7085.09, Y0: 51.1786

Epoch:1000
In training set, loss: 6983.56, Y0: 51.1825



###############################################################################
TCHPC Cluster: kelvin
Job 18555 (BSDE_job_4_procs) for User 'zuoy' in Account 'hpc_21_01207'
Finished at: Tue Nov  2 06:51:35 GMT 2021

Job efficiency estimates:
=========================

Job ID: 18555
Cluster: kelvin
User/Group: zuoy/zuoy
State: COMPLETED (exit code 0)
Nodes: 1
Cores per node: 12
CPU Utilized: 05:50:33
CPU Efficiency: 66.62% of 08:46:12 core-walltime
Job Wall-clock time: 00:43:51
Memory Utilized: 1.58 GB
Memory Efficiency: 7.05% of 22.46 GB

Job completion status:
======================

       JobID    JobName AllocCPUS NTasks NNodes     MaxRSS    MaxRSSNode  MaxDiskRead MaxDiskWrite    Elapsed      State ExitCode 
------------ ---------- --------- ------ ------ ---------- ------------- ------------ ------------ ---------- ---------- -------- 
18555        BSDE_job_+        12             1                                                      00:43:51  COMPLETED      0:0 
18555.batch       batch        12      1      1   1659452K   kelvin-n059        0.86M        0.01M   00:43:51  COMPLETED      0:0 


Job details:
============

JobId=18555 JobName=BSDE_job_4_procs
   UserId=zuoy(1582) GroupId=zuoy(1252) MCS_label=N/A
   Priority=12329698 Nice=0 Account=hpc_21_01207 QOS=normal
   JobState=COMPLETING Reason=None Dependency=(null)
   Requeue=0 Restarts=0 BatchFlag=1 Reboot=0 ExitCode=0:0
   DerivedExitCode=0:0
   RunTime=00:43:51 TimeLimit=23:00:00 TimeMin=N/A
   SubmitTime=2021-11-02T00:16:23 EligibleTime=2021-11-02T00:16:23
   AccrueTime=2021-11-02T00:16:23
   StartTime=2021-11-02T06:07:44 EndTime=2021-11-02T06:51:35 Deadline=N/A
   SuspendTime=None SecsPreSuspend=0 LastSchedEval=2021-11-02T06:07:44
   Partition=compute AllocNode:Sid=kelvin01:22516
   ReqNodeList=(null) ExcNodeList=(null)
   NodeList=
   BatchHost=kelvin-n059
   NumNodes=1 NumCPUs=12 NumTasks=8 CPUs/Task=1 ReqB:S:C:T=0:0:*:*
   TRES=cpu=12,mem=23000M,node=1,billing=12
   Socks/Node=* NtasksPerN:B:S:C=0:0:*:* CoreSpec=*
   JOB_GRES=(null)
     Nodes=kelvin-n059 CPU_IDs=0-11 Mem=23000 GRES=
   MinCPUsNode=1 MinMemoryNode=23000M MinTmpDiskNode=0
   Features=(null) DelayBoot=00:00:00
   OverSubscribe=NO Contiguous=0 Licenses=(null) Network=(null)
   Command=/home/users/mschpc/2019/zuoy/HPC/NeuralNetwork/scripts/script_PricingDefaultRisk_d400_b64_n8.sh
   WorkDir=/home/users/mschpc/2019/zuoy/HPC/NeuralNetwork
   StdErr=/home/users/mschpc/2019/zuoy/HPC/NeuralNetwork/output/slurm-18555.out
   StdIn=/dev/null
   StdOut=/home/users/mschpc/2019/zuoy/HPC/NeuralNetwork/output/slurm-18555.out
   Power=
   NtasksPerTRES:0


Disk quota details:
===================

Quota Type           Name  Filesystem     Usage in MB     Limit in MB    % Used
-------------------------------------------------------------------------------
USER                 zuoy       /home              67          51,200     0.13%

GROUP              mschpc   /projects             999          51,200     1.95%
GROUP          pi-dgolden   /projects               0          51,200     0.00%


SLURM Bank Statement:
=====================

User           Usage |        Account     Usage | Account Limit Available (CPU hrs)
---------- --------- + -------------- --------- + ------------- ---------
zuoy           1,115 |   HPC_21_01207     1,115 |       100,000    98,885


Acknowledgements:
=================

Note that usage of TCHPC Resources *must* be acknowledged in all publications.

Please see this page for details relevant to this cluster:

http://www.tchpc.tcd.ie/resources/acknowledgementpolicy

################################################################################
