Dimension: 100
Total time: 0.3
Number of time intervals: 20
Learning rate: 0.0005
y_init_range: 0.3, 0.5
Number of neurons in each hidden layer of each subnet: 110, 110, 
Epochs: 4000
Batch size: 64
Sample size: 1024
Logging frequency: 100
Model name: AllenCahn_parallel_
Number of processors: 16


Training:
Epoch:100
In training set, loss: 24.9361, Y0: 0.292496

Epoch:200
In training set, loss: 23.856, Y0: 0.285251

Epoch:300
In training set, loss: 22.8487, Y0: 0.278254

Epoch:400
In training set, loss: 21.9084, Y0: 0.271495

Epoch:500
In training set, loss: 21.0301, Y0: 0.264962

Epoch:600
In training set, loss: 20.2092, Y0: 0.258648

Epoch:700
In training set, loss: 19.4415, Y0: 0.252541

Epoch:800
In training set, loss: 18.7231, Y0: 0.246634

Epoch:900
In training set, loss: 18.0505, Y0: 0.24092

Epoch:1000
In training set, loss: 17.4205, Y0: 0.235389

Epoch:1100
In training set, loss: 16.83, Y0: 0.230036

Epoch:1200
In training set, loss: 16.2764, Y0: 0.224852

Epoch:1300
In training set, loss: 15.7571, Y0: 0.219833

Epoch:1400
In training set, loss: 15.2699, Y0: 0.214972

Epoch:1500
In training set, loss: 14.8125, Y0: 0.210262

Epoch:1600
In training set, loss: 14.383, Y0: 0.205699

Epoch:1700
In training set, loss: 13.9795, Y0: 0.201277

Epoch:1800
In training set, loss: 13.6004, Y0: 0.196991

Epoch:1900
In training set, loss: 13.2441, Y0: 0.192836

Epoch:2000
In training set, loss: 12.9091, Y0: 0.188808

Epoch:2100
In training set, loss: 12.594, Y0: 0.184903

Epoch:2200
In training set, loss: 12.2977, Y0: 0.181116

Epoch:2300
In training set, loss: 12.0188, Y0: 0.177443

Epoch:2400
In training set, loss: 11.7563, Y0: 0.17388

Epoch:2500
In training set, loss: 11.5093, Y0: 0.170425

Epoch:2600
In training set, loss: 11.2767, Y0: 0.167073

Epoch:2700
In training set, loss: 11.0576, Y0: 0.163821

Epoch:2800
In training set, loss: 10.8512, Y0: 0.160665

Epoch:2900
In training set, loss: 10.6568, Y0: 0.157602

Epoch:3000
In training set, loss: 10.4736, Y0: 0.15463

Epoch:3100
In training set, loss: 10.301, Y0: 0.151746

Epoch:3200
In training set, loss: 10.1382, Y0: 0.148946

Epoch:3300
In training set, loss: 9.98478, Y0: 0.146229

Epoch:3400
In training set, loss: 9.84011, Y0: 0.143591

Epoch:3500
In training set, loss: 9.70367, Y0: 0.141031

Epoch:3600
In training set, loss: 9.57498, Y0: 0.138545

Epoch:3700
In training set, loss: 9.45356, Y0: 0.136132

Epoch:3800
In training set, loss: 9.33899, Y0: 0.133788

Epoch:3900
In training set, loss: 9.2309, Y0: 0.131513

Epoch:4000
In training set, loss: 9.12888, Y0: 0.129304



###############################################################################
TCHPC Cluster: kelvin
Job 18703 (BSDE_job_4_procs) for User 'zuoy' in Account 'hpc_21_01207'
Finished at: Tue Nov  2 20:04:43 GMT 2021

Job efficiency estimates:
=========================

Job ID: 18703
Cluster: kelvin
User/Group: zuoy/zuoy
State: COMPLETED (exit code 0)
Nodes: 2
Cores per node: 12
CPU Utilized: 01:42:17
CPU Efficiency: 33.12% of 05:08:48 core-walltime
Job Wall-clock time: 00:12:52
Memory Utilized: 436.25 MB
Memory Efficiency: 0.95% of 44.92 GB

Job completion status:
======================

       JobID    JobName AllocCPUS NTasks NNodes     MaxRSS    MaxRSSNode  MaxDiskRead MaxDiskWrite    Elapsed      State ExitCode 
------------ ---------- --------- ------ ------ ---------- ------------- ------------ ------------ ---------- ---------- -------- 
18703        BSDE_job_+        24             2                                                      00:12:52  COMPLETED      0:0 
18703.batch       batch        12      1      1    446724K   kelvin-n009        0.86M        0.01M   00:12:52  COMPLETED      0:0 
18703.0           orted        12      1      1                                                      00:12:50  COMPLETED      0:0 


Job details:
============

JobId=18703 JobName=BSDE_job_4_procs
   UserId=zuoy(1582) GroupId=zuoy(1252) MCS_label=N/A
   Priority=12062255 Nice=0 Account=hpc_21_01207 QOS=normal
   JobState=COMPLETING Reason=None Dependency=(null)
   Requeue=0 Restarts=0 BatchFlag=1 Reboot=0 ExitCode=0:0
   DerivedExitCode=0:0
   RunTime=00:12:52 TimeLimit=23:00:00 TimeMin=N/A
   SubmitTime=2021-11-02T17:49:52 EligibleTime=2021-11-02T17:49:52
   AccrueTime=2021-11-02T17:49:52
   StartTime=2021-11-02T19:51:51 EndTime=2021-11-02T20:04:43 Deadline=N/A
   SuspendTime=None SecsPreSuspend=0 LastSchedEval=2021-11-02T19:51:51
   Partition=compute AllocNode:Sid=kelvin01:3879
   ReqNodeList=(null) ExcNodeList=(null)
   NodeList=kelvin-n051
   BatchHost=kelvin-n009
   NumNodes=1 NumCPUs=24 NumTasks=16 CPUs/Task=1 ReqB:S:C:T=0:0:*:*
   TRES=cpu=24,mem=46000M,node=2,billing=24
   Socks/Node=* NtasksPerN:B:S:C=0:0:*:* CoreSpec=*
   JOB_GRES=(null)
     Nodes=kelvin-n[009,051] CPU_IDs=0-11 Mem=23000 GRES=
   MinCPUsNode=1 MinMemoryNode=23000M MinTmpDiskNode=0
   Features=(null) DelayBoot=00:00:00
   OverSubscribe=NO Contiguous=0 Licenses=(null) Network=(null)
   Command=/home/users/mschpc/2019/zuoy/HPC/NeuralNetwork/scripts/script_AllenCahn_d100_b64_n16.sh
   WorkDir=/home/users/mschpc/2019/zuoy/HPC/NeuralNetwork
   StdErr=/home/users/mschpc/2019/zuoy/HPC/NeuralNetwork/output/slurm-18703.out
   StdIn=/dev/null
   StdOut=/home/users/mschpc/2019/zuoy/HPC/NeuralNetwork/output/slurm-18703.out
   Power=
   NtasksPerTRES:0


Disk quota details:
===================

Quota Type           Name  Filesystem     Usage in MB     Limit in MB    % Used
-------------------------------------------------------------------------------
USER                 zuoy       /home              67          51,200     0.13%

GROUP              mschpc   /projects             999          51,200     1.95%
GROUP          pi-dgolden   /projects               0          51,200     0.00%


SLURM Bank Statement:
=====================

User           Usage |        Account     Usage | Account Limit Available (CPU hrs)
---------- --------- + -------------- --------- + ------------- ---------
zuoy           2,257 |   HPC_21_01207     2,257 |       100,000    97,743


Acknowledgements:
=================

Note that usage of TCHPC Resources *must* be acknowledged in all publications.

Please see this page for details relevant to this cluster:

http://www.tchpc.tcd.ie/resources/acknowledgementpolicy

################################################################################
