Ring-AllReduce Mode

Dimension: 300
Total time: 0.3
Number of time intervals: 20
Learning rate: 0.0005
y_init_range: 0.3, 0.5
Number of neurons in each hidden layer of each subnet: 110, 110, 
Epochs: 4000
Batch size: 1
Sample size: 1024
Logging frequency: 100
Model name: AllenCahn_parallel_
Number of processors: 4


Training:
[kelvin-n100:09036] *** Process received signal ***
[kelvin-n100:09036] Signal: Segmentation fault (11)
[kelvin-n100:09036] Signal code: Address not mapped (1)
[kelvin-n100:09036] Failing at address: (nil)
[kelvin-n100:09033] *** Process received signal ***
[kelvin-n100:09033] Signal: Segmentation fault (11)
[kelvin-n100:09033] Signal code: Address not mapped (1)
[kelvin-n100:09033] Failing at address: (nil)
[kelvin-n100:09034] *** Process received signal ***
[kelvin-n100:09034] Signal: Segmentation fault (11)
[kelvin-n100:09034] Signal code: Address not mapped (1)
[kelvin-n100:09034] Failing at address: (nil)
[kelvin-n100:09035] *** Process received signal ***
[kelvin-n100:09035] Signal: Segmentation fault (11)
[kelvin-n100:09035] Signal code: Address not mapped (1)
[kelvin-n100:09035] Failing at address: (nil)
[kelvin-n100:09036] [ 0] /usr/lib64/libpthread.so.0(+0xf630)[0x7f9266f45630]
[kelvin-n100:09036] [ 1] ./BSDE.out[0x40e8c8]
[kelvin-n100:09036] [ 2] ./BSDE.out[0x403bbc]
[kelvin-n100:09036] [ 3] [kelvin-n100:09033] [ 0] /usr/lib64/libpthread.so.0(+0xf630)[0x7fb5eb627630]
[kelvin-n100:09033] [ 1] ./BSDE.out[0x40e8c8]
[kelvin-n100:09033] [ 2] ./BSDE.out[0x403bbc]
[kelvin-n100:09033] [ 3] [kelvin-n100:09034] [ 0] /usr/lib64/libpthread.so.0(+0xf630)[0x7faf70e2c630]
[kelvin-n100:09034] [ 1] [kelvin-n100:09035] [ 0] /usr/lib64/libpthread.so.0(+0xf630)[0x7fb679e9a630]
[kelvin-n100:09035] [ 1] ./BSDE.out[0x40e8c8]
[kelvin-n100:09035] [ 2] ./BSDE.out[0x403bbc]
[kelvin-n100:09035] [ 3] ./BSDE.out[0x40e8c8]
[kelvin-n100:09034] [ 2] ./BSDE.out[0x403bbc]
[kelvin-n100:09034] [ 3] /usr/lib64/libc.so.6(__libc_start_main+0xf5)[0x7f9266b8a555]
[kelvin-n100:09036] [ 4] ./BSDE.out[0x403f7f]
[kelvin-n100:09036] *** End of error message ***
/usr/lib64/libc.so.6(__libc_start_main+0xf5)[0x7fb5eb26c555]
[kelvin-n100:09033] [ 4] ./BSDE.out[0x403f7f]
[kelvin-n100:09033] *** End of error message ***
/usr/lib64/libc.so.6(__libc_start_main+0xf5)[0x7fb679adf555]
[kelvin-n100:09035] [ 4] ./BSDE.out[0x403f7f]
[kelvin-n100:09035] *** End of error message ***
/usr/lib64/libc.so.6(__libc_start_main+0xf5)[0x7faf70a71555]
[kelvin-n100:09034] [ 4] ./BSDE.out[0x403f7f]
[kelvin-n100:09034] *** End of error message ***
--------------------------------------------------------------------------
Primary job  terminated normally, but 1 process returned
a non-zero exit code. Per user-direction, the job has been aborted.
--------------------------------------------------------------------------
--------------------------------------------------------------------------
mpirun noticed that process rank 2 with PID 9035 on node kelvin-n100 exited on signal 11 (Segmentation fault).
--------------------------------------------------------------------------


###############################################################################
TCHPC Cluster: kelvin
Job 19314 (BSDE_job_4_procs) for User 'zuoy' in Account 'hpc_21_01207'
Finished at: Fri Nov  5 00:00:04 GMT 2021

Job efficiency estimates:
=========================

Job ID: 19314
Cluster: kelvin
User/Group: zuoy/zuoy
State: FAILED (exit code 139)
Nodes: 1
Cores per node: 12
CPU Utilized: 00:00:02
CPU Efficiency: 3.33% of 00:01:00 core-walltime
Job Wall-clock time: 00:00:05
Memory Utilized: 95.40 MB
Memory Efficiency: 0.41% of 22.46 GB

Job completion status:
======================

       JobID    JobName AllocCPUS NTasks NNodes     MaxRSS    MaxRSSNode  MaxDiskRead MaxDiskWrite    Elapsed      State ExitCode 
------------ ---------- --------- ------ ------ ---------- ------------- ------------ ------------ ---------- ---------- -------- 
19314        BSDE_job_+        12             1                                                      00:00:05     FAILED     11:0 
19314.batch       batch        12      1      1     97692K   kelvin-n100            0            0   00:00:05     FAILED     11:0 


Job details:
============

JobId=19314 JobName=BSDE_job_4_procs
   UserId=zuoy(1582) GroupId=zuoy(1252) MCS_label=N/A
   Priority=11667450 Nice=0 Account=hpc_21_01207 QOS=normal
   JobState=COMPLETING Reason=NonZeroExitCode Dependency=(null)
   Requeue=0 Restarts=0 BatchFlag=1 Reboot=0 ExitCode=139:0
   DerivedExitCode=0:0
   RunTime=00:00:05 TimeLimit=00:30:00 TimeMin=N/A
   SubmitTime=2021-11-04T23:59:58 EligibleTime=2021-11-04T23:59:58
   AccrueTime=2021-11-04T23:59:58
   StartTime=2021-11-04T23:59:59 EndTime=2021-11-05T00:00:04 Deadline=N/A
   SuspendTime=None SecsPreSuspend=0 LastSchedEval=2021-11-04T23:59:59
   Partition=debug AllocNode:Sid=kelvin01:28454
   ReqNodeList=(null) ExcNodeList=(null)
   NodeList=
   BatchHost=kelvin-n100
   NumNodes=1 NumCPUs=12 NumTasks=4 CPUs/Task=1 ReqB:S:C:T=0:0:*:*
   TRES=cpu=12,mem=23000M,node=1,billing=12
   Socks/Node=* NtasksPerN:B:S:C=0:0:*:* CoreSpec=*
   JOB_GRES=(null)
     Nodes=kelvin-n100 CPU_IDs=0-11 Mem=23000 GRES=
   MinCPUsNode=1 MinMemoryNode=23000M MinTmpDiskNode=0
   Features=(null) DelayBoot=00:00:00
   OverSubscribe=NO Contiguous=0 Licenses=(null) Network=(null)
   Command=/home/users/mschpc/2019/zuoy/HPC/NeuralNetwork/scripts/script_AllenCahn_d300_b1_n32.sh
   WorkDir=/home/users/mschpc/2019/zuoy/HPC/NeuralNetwork
   StdErr=/home/users/mschpc/2019/zuoy/HPC/NeuralNetwork/output/slurm-19314.out
   StdIn=/dev/null
   StdOut=/home/users/mschpc/2019/zuoy/HPC/NeuralNetwork/output/slurm-19314.out
   Power=
   NtasksPerTRES:0


Disk quota details:
===================

Quota Type           Name  Filesystem     Usage in MB     Limit in MB    % Used
-------------------------------------------------------------------------------
USER                 zuoy       /home              78          51,200     0.15%

GROUP              mschpc   /projects             999          51,200     1.95%
GROUP          pi-dgolden   /projects               0          51,200     0.00%


SLURM Bank Statement:
=====================

User           Usage |        Account     Usage | Account Limit Available (CPU hrs)
---------- --------- + -------------- --------- + ------------- ---------
zuoy           4,446 |   HPC_21_01207     4,446 |       100,000    95,554


Acknowledgements:
=================

Note that usage of TCHPC Resources *must* be acknowledged in all publications.

Please see this page for details relevant to this cluster:

http://www.tchpc.tcd.ie/resources/acknowledgementpolicy

################################################################################
