Ring-AllReduce Mode

Dimension: 400
Total time: 1
Number of time intervals: 40
Learning rate: 0.01
y_init_range: 40, 50
Number of neurons in each hidden layer of each subnet: 110, 110, 
Epochs: 1000
Batch size: 1
Sample size: 1024
Logging frequency: 100
Model name: pricing_default_risk_parallel_
Number of processors: 4


Training:
Epoch:100
In training set, loss: 4985.86, Y0: 51.1044

Epoch:200
In training set, loss: 4646.8, Y0: 51.1202

Epoch:300
In training set, loss: 4333.43, Y0: 51.1234

Epoch:400
In training set, loss: 4021.37, Y0: 51.1232

Epoch:500
In training set, loss: 3713.26, Y0: 51.1221

Epoch:600
In training set, loss: 3416.05, Y0: 51.1204

Epoch:700
In training set, loss: 3134.95, Y0: 51.1188

Epoch:800
In training set, loss: 2870.76, Y0: 51.1171

Epoch:900
In training set, loss: 2625.07, Y0: 51.1156

Epoch:1000
In training set, loss: 2397.78, Y0: 51.1141



###############################################################################
TCHPC Cluster: kelvin
Job 19353 (BSDE_job_4_procs) for User 'zuoy' in Account 'hpc_21_01207'
Finished at: Fri Nov  5 06:20:43 GMT 2021

Job efficiency estimates:
=========================

Job ID: 19353
Cluster: kelvin
User/Group: zuoy/zuoy
State: COMPLETED (exit code 0)
Nodes: 1
Cores per node: 12
CPU Utilized: 07:43:57
CPU Efficiency: 33.32% of 23:12:12 core-walltime
Job Wall-clock time: 01:56:01
Memory Utilized: 810.80 MB
Memory Efficiency: 3.53% of 22.46 GB

Job completion status:
======================

       JobID    JobName AllocCPUS NTasks NNodes     MaxRSS    MaxRSSNode  MaxDiskRead MaxDiskWrite    Elapsed      State ExitCode 
------------ ---------- --------- ------ ------ ---------- ------------- ------------ ------------ ---------- ---------- -------- 
19353        BSDE_job_+        12             1                                                      01:56:01  COMPLETED      0:0 
19353.batch       batch        12      1      1    830260K   kelvin-n022        0.87M        0.01M   01:56:01  COMPLETED      0:0 


Job details:
============

JobId=19353 JobName=BSDE_job_4_procs
   UserId=zuoy(1582) GroupId=zuoy(1252) MCS_label=N/A
   Priority=11791594 Nice=0 Account=hpc_21_01207 QOS=normal
   JobState=COMPLETING Reason=None Dependency=(null)
   Requeue=0 Restarts=0 BatchFlag=1 Reboot=0 ExitCode=0:0
   DerivedExitCode=0:0
   RunTime=01:56:01 TimeLimit=23:00:00 TimeMin=N/A
   SubmitTime=2021-11-05T00:14:20 EligibleTime=2021-11-05T00:14:20
   AccrueTime=2021-11-05T00:14:20
   StartTime=2021-11-05T04:24:42 EndTime=2021-11-05T06:20:43 Deadline=N/A
   SuspendTime=None SecsPreSuspend=0 LastSchedEval=2021-11-05T04:24:42
   Partition=compute AllocNode:Sid=kelvin01:28454
   ReqNodeList=(null) ExcNodeList=(null)
   NodeList=
   BatchHost=kelvin-n022
   NumNodes=1 NumCPUs=12 NumTasks=4 CPUs/Task=1 ReqB:S:C:T=0:0:*:*
   TRES=cpu=12,mem=23000M,node=1,billing=12
   Socks/Node=* NtasksPerN:B:S:C=0:0:*:* CoreSpec=*
   JOB_GRES=(null)
     Nodes=kelvin-n022 CPU_IDs=0-11 Mem=23000 GRES=
   MinCPUsNode=1 MinMemoryNode=23000M MinTmpDiskNode=0
   Features=(null) DelayBoot=00:00:00
   OverSubscribe=NO Contiguous=0 Licenses=(null) Network=(null)
   Command=/home/users/mschpc/2019/zuoy/HPC/NeuralNetwork/scripts/script_PricingDefaultRisk_d400_b1_n4.sh
   WorkDir=/home/users/mschpc/2019/zuoy/HPC/NeuralNetwork
   StdErr=/home/users/mschpc/2019/zuoy/HPC/NeuralNetwork/output/slurm-19353.out
   StdIn=/dev/null
   StdOut=/home/users/mschpc/2019/zuoy/HPC/NeuralNetwork/output/slurm-19353.out
   Power=
   NtasksPerTRES:0


Disk quota details:
===================

Quota Type           Name  Filesystem     Usage in MB     Limit in MB    % Used
-------------------------------------------------------------------------------
USER                 zuoy       /home              86          51,200     0.17%

GROUP              mschpc   /projects             999          51,200     1.95%
GROUP          pi-dgolden   /projects               0          51,200     0.00%


SLURM Bank Statement:
=====================

User           Usage |        Account     Usage | Account Limit Available (CPU hrs)
---------- --------- + -------------- --------- + ------------- ---------
zuoy           5,147 |   HPC_21_01207     5,147 |       100,000    94,853


Acknowledgements:
=================

Note that usage of TCHPC Resources *must* be acknowledged in all publications.

Please see this page for details relevant to this cluster:

http://www.tchpc.tcd.ie/resources/acknowledgementpolicy

################################################################################
