Ring-AllReduce Mode

Dimension: 300
Total time: 0.3
Number of time intervals: 20
Learning rate: 0.0005
y_init_range: 0.3, 0.5
Number of neurons in each hidden layer of each subnet: 110, 110, 
Epochs: 4000
Batch size: 1
Sample size: 1024
Logging frequency: 100
Model name: AllenCahn_parallel_
Number of processors: 4


Training:
rank: 1
rank: 11 1 1 1
rank: 2
rank: 21 1 1 1
rank: 2rank: 3
rank: 31 1 1 1
rank: 0
rank: 01 1 1 1
	7.30564	-3.1362e-13	1
rank: 2 start copy
-3.1362e-13	7.30564
rank: 2 finish copy
[kelvin-n100:07491] *** Process received signal ***
[kelvin-n100:07488] *** Process received signal ***
[kelvin-n100:07488] Signal: Segmentation fault (11)
[kelvin-n100:07488] Signal code: Address not mapped (1)
[kelvin-n100:07488] Failing at address: (nil)
[kelvin-n100:07489] *** Process received signal ***
[kelvin-n100:07491] Signal: Segmentation fault (11)
[kelvin-n100:07491] Signal code: Address not mapped (1)
[kelvin-n100:07491] Failing at address: (nil)
[kelvin-n100:07489] Signal: Segmentation fault (11)
[kelvin-n100:07489] Signal code: Address not mapped (1)
[kelvin-n100:07489] Failing at address: (nil)
[kelvin-n100:07488] [ 0] /usr/lib64/libpthread.so.0(+0xf630)[0x7f9bf9552630]
[kelvin-n100:07488] [ 1] ./BSDE.out[0x4131de]
[kelvin-n100:07488] [ 2] ./BSDE.out[0x40eb75]
[kelvin-n100:07488] [ 3] ./BSDE.out[0x403bcc]
[kelvin-n100:07488] [ 4] /usr/lib64/libc.so.6(__libc_start_main+0xf5)[0x7f9bf9197555]
[kelvin-n100:07488] [ 5] ./BSDE.out[0x403f8f]
[kelvin-n100:07491] [ 0] /usr/lib64/libpthread.so.0(+0xf630)[0x7fa035c39630]
[kelvin-n100:07491] [ 1] ./BSDE.out[0x4131de]
[kelvin-n100:07491] [ 2] ./BSDE.out[0x40eb75]
[kelvin-n100:07491] [ 3] ./BSDE.out[0x403bcc]
[kelvin-n100:07489] [ 0] /usr/lib64/libpthread.so.0(+0xf630)[0x7f067a291630]
[kelvin-n100:07489] [ 1] ./BSDE.out[0x4131de]
[kelvin-n100:07489] [ 2] ./BSDE.out[0x40eb75]
[kelvin-n100:07489] [ 3] ./BSDE.out[0x403bcc]
[kelvin-n100:07489] [ 4] [kelvin-n100:07491] [ 4] [kelvin-n100:07488] *** End of error message ***
/usr/lib64/libc.so.6(__libc_start_main+0xf5)[0x7f0679ed6555]
[kelvin-n100:07489] [ 5] ./BSDE.out[0x403f8f]
[kelvin-n100:07489] *** End of error message ***
/usr/lib64/libc.so.6(__libc_start_main+0xf5)[0x7fa03587e555]
[kelvin-n100:07491] [ 5] ./BSDE.out[0x403f8f]
[kelvin-n100:07491] *** End of error message ***
--------------------------------------------------------------------------
Primary job  terminated normally, but 1 process returned
a non-zero exit code. Per user-direction, the job has been aborted.
--------------------------------------------------------------------------
--------------------------------------------------------------------------
mpirun noticed that process rank 1 with PID 7489 on node kelvin-n100 exited on signal 11 (Segmentation fault).
--------------------------------------------------------------------------


###############################################################################
TCHPC Cluster: kelvin
Job 19310 (BSDE_job_4_procs) for User 'zuoy' in Account 'hpc_21_01207'
Finished at: Thu Nov  4 23:43:29 GMT 2021

Job efficiency estimates:
=========================

Job ID: 19310
Cluster: kelvin
User/Group: zuoy/zuoy
State: RUNNING
Nodes: 1
Cores per node: 12
CPU Utilized: 00:00:11
CPU Efficiency: 13.10% of 00:01:24 core-walltime
Job Wall-clock time: 00:00:07
Memory Utilized: 188.82 MB
Memory Efficiency: 0.82% of 22.46 GB
WARNING: Efficiency statistics may be misleading for RUNNING jobs.

Job completion status:
======================

       JobID    JobName AllocCPUS NTasks NNodes     MaxRSS    MaxRSSNode  MaxDiskRead MaxDiskWrite    Elapsed      State ExitCode 
------------ ---------- --------- ------ ------ ---------- ------------- ------------ ------------ ---------- ---------- -------- 
19310        BSDE_job_+        12             1                                                      00:00:07     FAILED     11:0 
19310.batch       batch        12      1      1    193348K   kelvin-n100            0            0   00:00:07     FAILED     11:0 


Job details:
============

JobId=19310 JobName=BSDE_job_4_procs
   UserId=zuoy(1582) GroupId=zuoy(1252) MCS_label=N/A
   Priority=11667450 Nice=0 Account=hpc_21_01207 QOS=normal
   JobState=COMPLETING Reason=NonZeroExitCode Dependency=(null)
   Requeue=0 Restarts=0 BatchFlag=1 Reboot=0 ExitCode=139:0
   DerivedExitCode=0:0
   RunTime=00:00:07 TimeLimit=00:30:00 TimeMin=N/A
   SubmitTime=2021-11-04T23:43:22 EligibleTime=2021-11-04T23:43:22
   AccrueTime=2021-11-04T23:43:22
   StartTime=2021-11-04T23:43:22 EndTime=2021-11-04T23:43:29 Deadline=N/A
   SuspendTime=None SecsPreSuspend=0 LastSchedEval=2021-11-04T23:43:22
   Partition=debug AllocNode:Sid=kelvin01:28454
   ReqNodeList=(null) ExcNodeList=(null)
   NodeList=
   BatchHost=kelvin-n100
   NumNodes=1 NumCPUs=12 NumTasks=4 CPUs/Task=1 ReqB:S:C:T=0:0:*:*
   TRES=cpu=12,mem=23000M,node=1,billing=12
   Socks/Node=* NtasksPerN:B:S:C=0:0:*:* CoreSpec=*
   JOB_GRES=(null)
     Nodes=kelvin-n100 CPU_IDs=0-11 Mem=23000 GRES=
   MinCPUsNode=1 MinMemoryNode=23000M MinTmpDiskNode=0
   Features=(null) DelayBoot=00:00:00
   OverSubscribe=NO Contiguous=0 Licenses=(null) Network=(null)
   Command=/home/users/mschpc/2019/zuoy/HPC/NeuralNetwork/scripts/script_AllenCahn_d300_b1_n32.sh
   WorkDir=/home/users/mschpc/2019/zuoy/HPC/NeuralNetwork
   StdErr=/home/users/mschpc/2019/zuoy/HPC/NeuralNetwork/output/slurm-19310.out
   StdIn=/dev/null
   StdOut=/home/users/mschpc/2019/zuoy/HPC/NeuralNetwork/output/slurm-19310.out
   Power=
   NtasksPerTRES:0


Disk quota details:
===================

Quota Type           Name  Filesystem     Usage in MB     Limit in MB    % Used
-------------------------------------------------------------------------------
USER                 zuoy       /home              78          51,200     0.15%

GROUP              mschpc   /projects             999          51,200     1.95%
GROUP          pi-dgolden   /projects               0          51,200     0.00%


SLURM Bank Statement:
=====================

User           Usage |        Account     Usage | Account Limit Available (CPU hrs)
---------- --------- + -------------- --------- + ------------- ---------
zuoy           4,448 |   HPC_21_01207     4,448 |       100,000    95,552


Acknowledgements:
=================

Note that usage of TCHPC Resources *must* be acknowledged in all publications.

Please see this page for details relevant to this cluster:

http://www.tchpc.tcd.ie/resources/acknowledgementpolicy

################################################################################
