Config data loaded successfully!
Dimension: 400
Total time: 1
Number of time intervals: 40
Learning rate: 0.01
y_init_range: 40, 50
Number of neurons in each hidden layer of each subnet: 110, 110, 
Epochs: 1000
Batch size: 64
Sample size: 1024
Logging frequency: 100
Model name: pricing_default_risk_serial_


Training:
Epoch:100
In training set, loss: 6908.45, Y0: 50.7922

Epoch:200
In training set, loss: 6160.1, Y0: 50.8432

Epoch:300
In training set, loss: 5787.61, Y0: 50.8792

Epoch:400
In training set, loss: 5571.85, Y0: 50.9045

Epoch:500
In training set, loss: 5431.31, Y0: 50.9231

Epoch:600
In training set, loss: 5331.51, Y0: 50.937

Epoch:700
In training set, loss: 5255.8, Y0: 50.948

Epoch:800
In training set, loss: 5195.52, Y0: 50.9569

Epoch:900
In training set, loss: 5145.49, Y0: 50.9643

Epoch:1000
In training set, loss: 5102.77, Y0: 50.9706



###############################################################################
TCHPC Cluster: kelvin
Job 18901 (BSDE_job_1_procs) for User 'zuoy' in Account 'hpc_21_01207'
Finished at: Wed Nov  3 09:39:09 GMT 2021

Job efficiency estimates:
=========================

Job ID: 18901
Cluster: kelvin
User/Group: zuoy/zuoy
State: COMPLETED (exit code 0)
Nodes: 1
Cores per node: 12
CPU Utilized: 05:29:23
CPU Efficiency: 8.33% of 2-17:52:48 core-walltime
Job Wall-clock time: 05:29:24
Memory Utilized: 160.72 MB
Memory Efficiency: 0.70% of 22.46 GB

Job completion status:
======================

       JobID    JobName AllocCPUS NTasks NNodes     MaxRSS    MaxRSSNode  MaxDiskRead MaxDiskWrite    Elapsed      State ExitCode 
------------ ---------- --------- ------ ------ ---------- ------------- ------------ ------------ ---------- ---------- -------- 
18901        BSDE_job_+        12             1                                                      05:29:24  COMPLETED      0:0 
18901.batch       batch        12      1      1    164580K   kelvin-n051        0.85M        0.01M   05:29:24  COMPLETED      0:0 


Job details:
============

JobId=18901 JobName=BSDE_job_1_procs
   UserId=zuoy(1582) GroupId=zuoy(1252) MCS_label=N/A
   Priority=12049870 Nice=0 Account=hpc_21_01207 QOS=normal
   JobState=COMPLETING Reason=None Dependency=(null)
   Requeue=0 Restarts=0 BatchFlag=1 Reboot=0 ExitCode=0:0
   DerivedExitCode=0:0
   RunTime=05:29:24 TimeLimit=2-23:00:00 TimeMin=N/A
   SubmitTime=2021-11-03T00:38:39 EligibleTime=2021-11-03T00:38:39
   AccrueTime=2021-11-03T00:38:39
   StartTime=2021-11-03T04:09:45 EndTime=2021-11-03T09:39:09 Deadline=N/A
   SuspendTime=None SecsPreSuspend=0 LastSchedEval=2021-11-03T04:09:45
   Partition=compute AllocNode:Sid=kelvin01:3879
   ReqNodeList=(null) ExcNodeList=(null)
   NodeList=
   BatchHost=kelvin-n051
   NumNodes=1 NumCPUs=12 NumTasks=1 CPUs/Task=1 ReqB:S:C:T=0:0:*:*
   TRES=cpu=12,mem=23000M,node=1,billing=12
   Socks/Node=* NtasksPerN:B:S:C=0:0:*:* CoreSpec=*
   JOB_GRES=(null)
     Nodes=kelvin-n051 CPU_IDs=0-11 Mem=23000 GRES=
   MinCPUsNode=1 MinMemoryNode=23000M MinTmpDiskNode=0
   Features=(null) DelayBoot=00:00:00
   OverSubscribe=NO Contiguous=0 Licenses=(null) Network=(null)
   Command=/home/users/mschpc/2019/zuoy/HPC/NeuralNetwork/scripts/script_PricingDefaultRisk_d400_b64.sh
   WorkDir=/home/users/mschpc/2019/zuoy/HPC/NeuralNetwork
   StdErr=/home/users/mschpc/2019/zuoy/HPC/NeuralNetwork/output/slurm-18901.out
   StdIn=/dev/null
   StdOut=/home/users/mschpc/2019/zuoy/HPC/NeuralNetwork/output/slurm-18901.out
   Power=
   NtasksPerTRES:0


Disk quota details:
===================

Quota Type           Name  Filesystem     Usage in MB     Limit in MB    % Used
-------------------------------------------------------------------------------
USER                 zuoy       /home              69          51,200     0.13%

GROUP              mschpc   /projects             999          51,200     1.95%
GROUP          pi-dgolden   /projects               0          51,200     0.00%


SLURM Bank Statement:
=====================

User           Usage |        Account     Usage | Account Limit Available (CPU hrs)
---------- --------- + -------------- --------- + ------------- ---------
zuoy           3,276 |   HPC_21_01207     3,276 |       100,000    96,724


Acknowledgements:
=================

Note that usage of TCHPC Resources *must* be acknowledged in all publications.

Please see this page for details relevant to this cluster:

http://www.tchpc.tcd.ie/resources/acknowledgementpolicy

################################################################################
