Dimension: 100
Total time: 0.2
Number of time intervals: 20
y_init_range: 0.3, 0.5
Number of neurons in each hidden layer of each subnet: 110, 110, 
Epochs: 4000
Batch size: 64
Sample size: 256
Logging frequency: 100
Model name: AllenCahn_parallel_
Number of processors: 4


Training:
Epoch:100
In training set, loss: 5.52486, Y0: 0.291888

Epoch:200
In training set, loss: 5.21132, Y0: 0.284088

Epoch:300
In training set, loss: 4.9214, Y0: 0.276589

Epoch:400
In training set, loss: 4.65313, Y0: 0.269375

Epoch:500
In training set, loss: 4.40473, Y0: 0.262434

Epoch:600
In training set, loss: 4.17465, Y0: 0.255754

Epoch:700
In training set, loss: 3.9614, Y0: 0.249324

Epoch:800
In training set, loss: 3.76366, Y0: 0.243132

Epoch:900
In training set, loss: 3.58022, Y0: 0.237169

Epoch:1000
In training set, loss: 3.40999, Y0: 0.231426

Epoch:1100
In training set, loss: 3.25194, Y0: 0.225892

Epoch:1200
In training set, loss: 3.10516, Y0: 0.220559

Epoch:1300
In training set, loss: 2.96879, Y0: 0.21542

Epoch:1400
In training set, loss: 2.84206, Y0: 0.210467

Epoch:1500
In training set, loss: 2.72424, Y0: 0.205691

Epoch:1600
In training set, loss: 2.61468, Y0: 0.201087

Epoch:1700
In training set, loss: 2.51277, Y0: 0.196647

Epoch:1800
In training set, loss: 2.41797, Y0: 0.192365

Epoch:1900
In training set, loss: 2.32974, Y0: 0.188235

Epoch:2000
In training set, loss: 2.24761, Y0: 0.18425

Epoch:2100
In training set, loss: 2.17115, Y0: 0.180407

Epoch:2200
In training set, loss: 2.09995, Y0: 0.176699

Epoch:2300
In training set, loss: 2.03363, Y0: 0.173121

Epoch:2400
In training set, loss: 1.97186, Y0: 0.169669

Epoch:2500
In training set, loss: 1.91429, Y0: 0.166337

Epoch:2600
In training set, loss: 1.86065, Y0: 0.163122

Epoch:2700
In training set, loss: 1.81066, Y0: 0.160019

Epoch:2800
In training set, loss: 1.76406, Y0: 0.157024

Epoch:2900
In training set, loss: 1.7206, Y0: 0.154132

Epoch:3000
In training set, loss: 1.68007, Y0: 0.15134

Epoch:3100
In training set, loss: 1.64228, Y0: 0.148646

Epoch:3200
In training set, loss: 1.60703, Y0: 0.146044

Epoch:3300
In training set, loss: 1.57414, Y0: 0.143533

Epoch:3400
In training set, loss: 1.54345, Y0: 0.141108

Epoch:3500
In training set, loss: 1.51482, Y0: 0.138766

Epoch:3600
In training set, loss: 1.4881, Y0: 0.136506

Epoch:3700
In training set, loss: 1.46316, Y0: 0.134323

Epoch:3800
In training set, loss: 1.43987, Y0: 0.132215

Epoch:3900
In training set, loss: 1.41813, Y0: 0.130179

Epoch:4000
In training set, loss: 1.39782, Y0: 0.128213



###############################################################################
TCHPC Cluster: kelvin
Job 18355 (BSDE_job_4_procs) for User 'zuoy' in Account 'hpc_21_01207'
Finished at: Mon Nov  1 09:32:44 GMT 2021

Job efficiency estimates:
=========================

Job ID: 18355
Cluster: kelvin
User/Group: zuoy/zuoy
State: COMPLETED (exit code 0)
Nodes: 1
Cores per node: 12
CPU Utilized: 00:34:45
CPU Efficiency: 33.16% of 01:44:48 core-walltime
Job Wall-clock time: 00:08:44
Memory Utilized: 158.13 MB
Memory Efficiency: 0.69% of 22.46 GB

Job completion status:
======================

       JobID    JobName AllocCPUS NTasks NNodes     MaxRSS    MaxRSSNode  MaxDiskRead MaxDiskWrite    Elapsed      State ExitCode 
------------ ---------- --------- ------ ------ ---------- ------------- ------------ ------------ ---------- ---------- -------- 
18355        BSDE_job_+        12             1                                                      00:08:44  COMPLETED      0:0 
18355.batch       batch        12      1      1    161928K   kelvin-n076        0.87M        0.01M   00:08:44  COMPLETED      0:0 


Job details:
============

JobId=18355 JobName=BSDE_job_4_procs
   UserId=zuoy(1582) GroupId=zuoy(1252) MCS_label=N/A
   Priority=12695893 Nice=0 Account=hpc_21_01207 QOS=normal
   JobState=COMPLETING Reason=None Dependency=(null)
   Requeue=0 Restarts=0 BatchFlag=1 Reboot=0 ExitCode=0:0
   DerivedExitCode=0:0
   RunTime=00:08:44 TimeLimit=23:00:00 TimeMin=N/A
   SubmitTime=2021-11-01T00:59:16 EligibleTime=2021-11-01T00:59:16
   AccrueTime=2021-11-01T00:59:16
   StartTime=2021-11-01T09:24:00 EndTime=2021-11-01T09:32:44 Deadline=N/A
   SuspendTime=None SecsPreSuspend=0 LastSchedEval=2021-11-01T09:24:00
   Partition=compute AllocNode:Sid=kelvin01:15456
   ReqNodeList=(null) ExcNodeList=(null)
   NodeList=
   BatchHost=kelvin-n076
   NumNodes=1 NumCPUs=12 NumTasks=4 CPUs/Task=1 ReqB:S:C:T=0:0:*:*
   TRES=cpu=12,mem=23000M,node=1,billing=12
   Socks/Node=* NtasksPerN:B:S:C=0:0:*:* CoreSpec=*
   JOB_GRES=(null)
     Nodes=kelvin-n076 CPU_IDs=0-11 Mem=23000 GRES=
   MinCPUsNode=1 MinMemoryNode=23000M MinTmpDiskNode=0
   Features=(null) DelayBoot=00:00:00
   OverSubscribe=NO Contiguous=0 Licenses=(null) Network=(null)
   Command=/home/users/mschpc/2019/zuoy/HPC/NeuralNetwork/scripts/script_AllenCahn_3_n4.sh
   WorkDir=/home/users/mschpc/2019/zuoy/HPC/NeuralNetwork
   StdErr=/home/users/mschpc/2019/zuoy/HPC/NeuralNetwork/output/slurm-18355.out
   StdIn=/dev/null
   StdOut=/home/users/mschpc/2019/zuoy/HPC/NeuralNetwork/output/slurm-18355.out
   Power=
   NtasksPerTRES:0


Disk quota details:
===================

Quota Type           Name  Filesystem     Usage in MB     Limit in MB    % Used
-------------------------------------------------------------------------------
USER                 zuoy       /home              56          51,200     0.11%

GROUP              mschpc   /projects             999          51,200     1.95%
GROUP          pi-dgolden   /projects               0          51,200     0.00%


SLURM Bank Statement:
=====================

User           Usage |        Account     Usage | Account Limit Available (CPU hrs)
---------- --------- + -------------- --------- + ------------- ---------
zuoy             273 |   HPC_21_01207       273 |       100,000    99,727


Acknowledgements:
=================

Note that usage of TCHPC Resources *must* be acknowledged in all publications.

Please see this page for details relevant to this cluster:

http://www.tchpc.tcd.ie/resources/acknowledgementpolicy

################################################################################
