Ring-AllReduce Mode

Dimension: 100
Total time: 0.3
Number of time intervals: 20
Learning rate: 0.0005
y_init_range: 0.3, 0.5
Number of neurons in each hidden layer of each subnet: 110, 110, 
Epochs: 4000
Batch size: 128
Sample size: 1024
Logging frequency: 100
Model name: AllenCahn_parallel_
Number of processors: 32


Training:
Epoch:100
In training set, loss: 24.4473, Y0: 0.298133

Epoch:200
In training set, loss: 24.1667, Y0: 0.29628

Epoch:300
In training set, loss: 23.8911, Y0: 0.294445

Epoch:400
In training set, loss: 23.6205, Y0: 0.292626

Epoch:500
In training set, loss: 23.3543, Y0: 0.290821

Epoch:600
In training set, loss: 23.093, Y0: 0.289034

Epoch:700
In training set, loss: 22.8362, Y0: 0.287262

Epoch:800
In training set, loss: 22.5838, Y0: 0.285505

Epoch:900
In training set, loss: 22.3358, Y0: 0.283764

Epoch:1000
In training set, loss: 22.0922, Y0: 0.282038

Epoch:1100
In training set, loss: 21.8525, Y0: 0.280326

Epoch:1200
In training set, loss: 21.6171, Y0: 0.278629

Epoch:1300
In training set, loss: 21.3857, Y0: 0.276947

Epoch:1400
In training set, loss: 21.1583, Y0: 0.27528

Epoch:1500
In training set, loss: 20.9348, Y0: 0.273627

Epoch:1600
In training set, loss: 20.7151, Y0: 0.271988

Epoch:1700
In training set, loss: 20.4991, Y0: 0.270363

Epoch:1800
In training set, loss: 20.2867, Y0: 0.268752

Epoch:1900
In training set, loss: 20.078, Y0: 0.267155

Epoch:2000
In training set, loss: 19.8728, Y0: 0.265571

Epoch:2100
In training set, loss: 19.671, Y0: 0.264001

Epoch:2200
In training set, loss: 19.4727, Y0: 0.262444

Epoch:2300
In training set, loss: 19.2777, Y0: 0.2609

Epoch:2400
In training set, loss: 19.086, Y0: 0.25937

Epoch:2500
In training set, loss: 18.8973, Y0: 0.257852

Epoch:2600
In training set, loss: 18.7119, Y0: 0.256347

Epoch:2700
In training set, loss: 18.5295, Y0: 0.254854

Epoch:2800
In training set, loss: 18.3502, Y0: 0.253374

Epoch:2900
In training set, loss: 18.1738, Y0: 0.251906

Epoch:3000
In training set, loss: 18.0004, Y0: 0.25045

Epoch:3100
In training set, loss: 17.8297, Y0: 0.249006

Epoch:3200
In training set, loss: 17.6619, Y0: 0.247575

Epoch:3300
In training set, loss: 17.4968, Y0: 0.246154

Epoch:3400
In training set, loss: 17.3344, Y0: 0.244746

Epoch:3500
In training set, loss: 17.1747, Y0: 0.243349

Epoch:3600
In training set, loss: 17.0176, Y0: 0.241964

Epoch:3700
In training set, loss: 16.8629, Y0: 0.240589

Epoch:3800
In training set, loss: 16.7109, Y0: 0.239226

Epoch:3900
In training set, loss: 16.5612, Y0: 0.237875

Epoch:4000
In training set, loss: 16.4141, Y0: 0.236535



###############################################################################
TCHPC Cluster: kelvin
Job 19397 (BSDE_job_4_procs) for User 'zuoy' in Account 'hpc_21_01207'
Finished at: Fri Nov  5 05:48:12 GMT 2021

Job efficiency estimates:
=========================

Job ID: 19397
Cluster: kelvin
User/Group: zuoy/zuoy
State: COMPLETED (exit code 0)
Nodes: 3
Cores per node: 12
CPU Utilized: 01:53:40
CPU Efficiency: 30.26% of 06:15:36 core-walltime
Job Wall-clock time: 00:10:26
Memory Utilized: 584.91 MB
Memory Efficiency: 0.85% of 67.38 GB

Job completion status:
======================

       JobID    JobName AllocCPUS NTasks NNodes     MaxRSS    MaxRSSNode  MaxDiskRead MaxDiskWrite    Elapsed      State ExitCode 
------------ ---------- --------- ------ ------ ---------- ------------- ------------ ------------ ---------- ---------- -------- 
19397        BSDE_job_+        36             3                                                      00:10:26  COMPLETED      0:0 
19397.batch       batch        12      1      1    598948K   kelvin-n033        0.87M        0.01M   00:10:26  COMPLETED      0:0 
19397.0           orted        24      2      2                                                      00:10:25  COMPLETED      0:0 


Job details:
============

JobId=19397 JobName=BSDE_job_4_procs
   UserId=zuoy(1582) GroupId=zuoy(1252) MCS_label=N/A
   Priority=11749963 Nice=0 Account=hpc_21_01207 QOS=normal
   JobState=COMPLETING Reason=None Dependency=(null)
   Requeue=0 Restarts=0 BatchFlag=1 Reboot=0 ExitCode=0:0
   DerivedExitCode=0:0
   RunTime=00:10:26 TimeLimit=23:00:00 TimeMin=N/A
   SubmitTime=2021-11-05T01:01:38 EligibleTime=2021-11-05T01:01:38
   AccrueTime=2021-11-05T01:01:38
   StartTime=2021-11-05T05:37:46 EndTime=2021-11-05T05:48:12 Deadline=N/A
   SuspendTime=None SecsPreSuspend=0 LastSchedEval=2021-11-05T05:37:46
   Partition=compute AllocNode:Sid=kelvin01:28454
   ReqNodeList=(null) ExcNodeList=(null)
   NodeList=kelvin-n[041,043]
   BatchHost=kelvin-n033
   NumNodes=2 NumCPUs=36 NumTasks=32 CPUs/Task=1 ReqB:S:C:T=0:0:*:*
   TRES=cpu=36,mem=69000M,node=3,billing=36
   Socks/Node=* NtasksPerN:B:S:C=0:0:*:* CoreSpec=*
   JOB_GRES=(null)
     Nodes=kelvin-n[033,041,043] CPU_IDs=0-11 Mem=23000 GRES=
   MinCPUsNode=1 MinMemoryNode=23000M MinTmpDiskNode=0
   Features=(null) DelayBoot=00:00:00
   OverSubscribe=NO Contiguous=0 Licenses=(null) Network=(null)
   Command=/home/users/mschpc/2019/zuoy/HPC/NeuralNetwork/scripts/script_AllenCahn_d100_b128_n32.sh
   WorkDir=/home/users/mschpc/2019/zuoy/HPC/NeuralNetwork
   StdErr=/home/users/mschpc/2019/zuoy/HPC/NeuralNetwork/output/slurm-19397.out
   StdIn=/dev/null
   StdOut=/home/users/mschpc/2019/zuoy/HPC/NeuralNetwork/output/slurm-19397.out
   Power=
   NtasksPerTRES:0


Disk quota details:
===================

Quota Type           Name  Filesystem     Usage in MB     Limit in MB    % Used
-------------------------------------------------------------------------------
USER                 zuoy       /home              87          51,200     0.17%

GROUP              mschpc   /projects             999          51,200     1.95%
GROUP          pi-dgolden   /projects               0          51,200     0.00%


SLURM Bank Statement:
=====================

User           Usage |        Account     Usage | Account Limit Available (CPU hrs)
---------- --------- + -------------- --------- + ------------- ---------
zuoy           5,036 |   HPC_21_01207     5,036 |       100,000    94,964


Acknowledgements:
=================

Note that usage of TCHPC Resources *must* be acknowledged in all publications.

Please see this page for details relevant to this cluster:

http://www.tchpc.tcd.ie/resources/acknowledgementpolicy

################################################################################
