Ring-AllReduce Mode

Dimension: 100
Total time: 1
Number of time intervals: 20
Learning rate: 0.01
y_init_range: 0, 1
Number of neurons in each hidden layer of each subnet: 110, 110, 
Epochs: 3000
Batch size: 64
Sample size: 1024
Logging frequency: 100
Model name: HJBLQ_parallel_
Number of processors: 4


Training:
Epoch:100
In training set, loss: 54.7511, Y0: 4.39328

Epoch:200
In training set, loss: 44.9905, Y0: 4.4822

Epoch:300
In training set, loss: 40.631, Y0: 4.49414

Epoch:400
In training set, loss: 37.707, Y0: 4.50167

Epoch:500
In training set, loss: 35.7017, Y0: 4.50703

Epoch:600
In training set, loss: 34.2926, Y0: 4.51089

Epoch:700
In training set, loss: 33.2757, Y0: 4.51373

Epoch:800
In training set, loss: 32.5199, Y0: 4.51584

Epoch:900
In training set, loss: 31.9403, Y0: 4.51742

Epoch:1000
In training set, loss: 31.4809, Y0: 4.51862

Epoch:1100
In training set, loss: 31.1047, Y0: 4.51955

Epoch:1200
In training set, loss: 30.7864, Y0: 4.52027

Epoch:1300
In training set, loss: 30.5091, Y0: 4.52083

Epoch:1400
In training set, loss: 30.2611, Y0: 4.52128

Epoch:1500
In training set, loss: 30.0341, Y0: 4.52165

Epoch:1600
In training set, loss: 29.8226, Y0: 4.52195

Epoch:1700
In training set, loss: 29.6226, Y0: 4.5222

Epoch:1800
In training set, loss: 29.431, Y0: 4.5224

Epoch:1900
In training set, loss: 29.2461, Y0: 4.52258

Epoch:2000
In training set, loss: 29.0662, Y0: 4.52273

Epoch:2100
In training set, loss: 28.8904, Y0: 4.52287

Epoch:2200
In training set, loss: 28.7179, Y0: 4.52298

Epoch:2300
In training set, loss: 28.5481, Y0: 4.52309

Epoch:2400
In training set, loss: 28.3806, Y0: 4.52319

Epoch:2500
In training set, loss: 28.215, Y0: 4.52329

Epoch:2600
In training set, loss: 28.0513, Y0: 4.52337

Epoch:2700
In training set, loss: 27.8891, Y0: 4.52345

Epoch:2800
In training set, loss: 27.7284, Y0: 4.52352

Epoch:2900
In training set, loss: 27.569, Y0: 4.5236

Epoch:3000
In training set, loss: 27.4109, Y0: 4.52367



###############################################################################
TCHPC Cluster: kelvin
Job 19426 (BSDE_job_4_procs) for User 'zuoy' in Account 'hpc_21_01207'
Finished at: Fri Nov  5 07:54:16 GMT 2021

Job efficiency estimates:
=========================

Job ID: 19426
Cluster: kelvin
User/Group: zuoy/zuoy
State: COMPLETED (exit code 0)
Nodes: 1
Cores per node: 12
CPU Utilized: 01:36:27
CPU Efficiency: 33.30% of 04:49:36 core-walltime
Job Wall-clock time: 00:24:08
Memory Utilized: 212.98 MB
Memory Efficiency: 0.93% of 22.46 GB

Job completion status:
======================

       JobID    JobName AllocCPUS NTasks NNodes     MaxRSS    MaxRSSNode  MaxDiskRead MaxDiskWrite    Elapsed      State ExitCode 
------------ ---------- --------- ------ ------ ---------- ------------- ------------ ------------ ---------- ---------- -------- 
19426        BSDE_job_+        12             1                                                      00:24:08  COMPLETED      0:0 
19426.batch       batch        12      1      1    218096K   kelvin-n029        0.87M        0.01M   00:24:08  COMPLETED      0:0 


Job details:
============

JobId=19426 JobName=BSDE_job_4_procs
   UserId=zuoy(1582) GroupId=zuoy(1252) MCS_label=N/A
   Priority=11804590 Nice=0 Account=hpc_21_01207 QOS=normal
   JobState=COMPLETING Reason=None Dependency=(null)
   Requeue=0 Restarts=0 BatchFlag=1 Reboot=0 ExitCode=0:0
   DerivedExitCode=0:0
   RunTime=00:24:08 TimeLimit=23:00:00 TimeMin=N/A
   SubmitTime=2021-11-05T01:02:08 EligibleTime=2021-11-05T01:02:08
   AccrueTime=2021-11-05T01:02:08
   StartTime=2021-11-05T07:30:08 EndTime=2021-11-05T07:54:16 Deadline=N/A
   SuspendTime=None SecsPreSuspend=0 LastSchedEval=2021-11-05T07:30:08
   Partition=compute AllocNode:Sid=kelvin01:28454
   ReqNodeList=(null) ExcNodeList=(null)
   NodeList=
   BatchHost=kelvin-n029
   NumNodes=1 NumCPUs=12 NumTasks=4 CPUs/Task=1 ReqB:S:C:T=0:0:*:*
   TRES=cpu=12,mem=23000M,node=1,billing=12
   Socks/Node=* NtasksPerN:B:S:C=0:0:*:* CoreSpec=*
   JOB_GRES=(null)
     Nodes=kelvin-n029 CPU_IDs=0-11 Mem=23000 GRES=
   MinCPUsNode=1 MinMemoryNode=23000M MinTmpDiskNode=0
   Features=(null) DelayBoot=00:00:00
   OverSubscribe=NO Contiguous=0 Licenses=(null) Network=(null)
   Command=/home/users/mschpc/2019/zuoy/HPC/NeuralNetwork/scripts/script_HJBLQ_d100_b64_n4.sh
   WorkDir=/home/users/mschpc/2019/zuoy/HPC/NeuralNetwork
   StdErr=/home/users/mschpc/2019/zuoy/HPC/NeuralNetwork/output/slurm-19426.out
   StdIn=/dev/null
   StdOut=/home/users/mschpc/2019/zuoy/HPC/NeuralNetwork/output/slurm-19426.out
   Power=
   NtasksPerTRES:0


Disk quota details:
===================

Quota Type           Name  Filesystem     Usage in MB     Limit in MB    % Used
-------------------------------------------------------------------------------
USER                 zuoy       /home              88          51,200     0.17%

GROUP              mschpc   /projects             999          51,200     1.95%
GROUP          pi-dgolden   /projects               0          51,200     0.00%


SLURM Bank Statement:
=====================

User           Usage |        Account     Usage | Account Limit Available (CPU hrs)
---------- --------- + -------------- --------- + ------------- ---------
zuoy           5,473 |   HPC_21_01207     5,473 |       100,000    94,527


Acknowledgements:
=================

Note that usage of TCHPC Resources *must* be acknowledged in all publications.

Please see this page for details relevant to this cluster:

http://www.tchpc.tcd.ie/resources/acknowledgementpolicy

################################################################################
