Config data loaded successfully!
Config data loaded successfully!
Config data loaded successfully!
Config data loaded successfully!
Config data loaded successfully!
Config data loaded successfully!
Config data loaded successfully!
Config data loaded successfully!
Config data loaded successfully!
Config data loaded successfully!
Config data loaded successfully!
Config data loaded successfully!
Config data loaded successfully!
Config data loaded successfully!
Config data loaded successfully!
Config data loaded successfully!
Config data loaded successfully!
Config data loaded successfully!
Config data loaded successfully!
Config data loaded successfully!
Config data loaded successfully!
Config data loaded successfully!
Config data loaded successfully!
Config data loaded successfully!
Config data loaded successfully!
Config data loaded successfully!
Config data loaded successfully!
Config data loaded successfully!
Config data loaded successfully!
Config data loaded successfully!
Config data loaded successfully!
Config data loaded successfully!
Dimension: 200
Total time: 1
Number of time intervals: 40
y_init_range: 40, 50
Number of neurons in each hidden layer of each subnet: 110, 110, 
Epochs: 1000
Batch size: 1
Sample size: 256
Logging frequency: 100
Number of processors: 32


Training:
Epoch:100
In training set, loss: 2411.56, Y0: 53.7827

Epoch:200
In training set, loss: 2001.15, Y0: 53.8807

Epoch:300
In training set, loss: 1742.02, Y0: 53.9604

Epoch:400
In training set, loss: 1561.83, Y0: 54.0276

Epoch:500
In training set, loss: 1428.3, Y0: 54.0839

Epoch:600
In training set, loss: 1323.96, Y0: 54.1316

Epoch:700
In training set, loss: 1239.83, Y0: 54.1726

Epoch:800
In training set, loss: 1169.92, Y0: 54.2078

Epoch:900
In training set, loss: 1110.58, Y0: 54.2385

Epoch:1000
In training set, loss: 1059.22, Y0: 54.2652



###############################################################################
TCHPC Cluster: kelvin
Job 17901 (BSDE_job_4_procs) for User 'zuoy' in Account 'hpc_21_01207'
Finished at: Wed Oct 27 01:56:06 IST 2021

Job efficiency estimates:
=========================

Job ID: 17901
Cluster: kelvin
User/Group: zuoy/zuoy
State: COMPLETED (exit code 0)
Nodes: 3
Cores per node: 12
CPU Utilized: 01:32:09
CPU Efficiency: 30.17% of 05:05:24 core-walltime
Job Wall-clock time: 00:08:29
Memory Utilized: 782.12 MB
Memory Efficiency: 1.13% of 67.38 GB

Job completion status:
======================

       JobID    JobName AllocCPUS NTasks NNodes     MaxRSS    MaxRSSNode  MaxDiskRead MaxDiskWrite    Elapsed      State ExitCode 
------------ ---------- --------- ------ ------ ---------- ------------- ------------ ------------ ---------- ---------- -------- 
17901        BSDE_job_+        36             3                                                      00:08:29  COMPLETED      0:0 
17901.batch       batch        12      1      1    800888K   kelvin-n052        0.87M        0.01M   00:08:29  COMPLETED      0:0 
17901.0           orted        24      2      2                                                      00:08:28  COMPLETED      0:0 


Job details:
============

JobId=17901 JobName=BSDE_job_4_procs
   UserId=zuoy(1582) GroupId=zuoy(1252) MCS_label=N/A
   Priority=12811562 Nice=0 Account=hpc_21_01207 QOS=normal
   JobState=COMPLETING Reason=None Dependency=(null)
   Requeue=0 Restarts=0 BatchFlag=1 Reboot=0 ExitCode=0:0
   DerivedExitCode=0:0
   RunTime=00:08:29 TimeLimit=23:00:00 TimeMin=N/A
   SubmitTime=2021-10-27T00:43:27 EligibleTime=2021-10-27T00:43:27
   AccrueTime=2021-10-27T00:43:27
   StartTime=2021-10-27T01:47:37 EndTime=2021-10-27T01:56:06 Deadline=N/A
   SuspendTime=None SecsPreSuspend=0 LastSchedEval=2021-10-27T01:47:37
   Partition=compute AllocNode:Sid=kelvin01:19621
   ReqNodeList=(null) ExcNodeList=(null)
   NodeList=kelvin-n[091-092]
   BatchHost=kelvin-n052
   NumNodes=2 NumCPUs=36 NumTasks=32 CPUs/Task=1 ReqB:S:C:T=0:0:*:*
   TRES=cpu=36,mem=69000M,node=3,billing=36
   Socks/Node=* NtasksPerN:B:S:C=0:0:*:* CoreSpec=*
   JOB_GRES=(null)
     Nodes=kelvin-n[052,091-092] CPU_IDs=0-11 Mem=23000 GRES=
   MinCPUsNode=1 MinMemoryNode=23000M MinTmpDiskNode=0
   Features=(null) DelayBoot=00:00:00
   OverSubscribe=NO Contiguous=0 Licenses=(null) Network=(null)
   Command=/home/users/mschpc/2019/zuoy/HPC/NeuralNetwork/scripts/script_PricingDefaultRisk_1_n32.sh
   WorkDir=/home/users/mschpc/2019/zuoy/HPC/NeuralNetwork
   StdErr=/home/users/mschpc/2019/zuoy/HPC/NeuralNetwork/output/slurm-17901.out
   StdIn=/dev/null
   StdOut=/home/users/mschpc/2019/zuoy/HPC/NeuralNetwork/output/slurm-17901.out
   Power=
   NtasksPerTRES:0


Disk quota details:
===================

Quota Type           Name  Filesystem     Usage in MB     Limit in MB    % Used
-------------------------------------------------------------------------------
USER                 zuoy       /home              54          51,200     0.11%

GROUP              mschpc   /projects             999          51,200     1.95%
GROUP          pi-dgolden   /projects               0          51,200     0.00%


SLURM Bank Statement:
=====================

User           Usage |        Account     Usage | Account Limit Available (CPU hrs)
---------- --------- + -------------- --------- + ------------- ---------
zuoy             190 |   HPC_21_01207       190 |       100,000    99,810


Acknowledgements:
=================

Note that usage of TCHPC Resources *must* be acknowledged in all publications.

Please see this page for details relevant to this cluster:

http://www.tchpc.tcd.ie/resources/acknowledgementpolicy

################################################################################
