Ring-AllReduce Mode

Dimension: 100
Total time: 1
Number of time intervals: 40
Learning rate: 0.01
y_init_range: 40, 50
Number of neurons in each hidden layer of each subnet: 110, 110, 
Epochs: 1000
Batch size: 64
Sample size: 1024
Logging frequency: 100
Model name: pricing_default_risk_parallel_
Number of processors: 16


Training:
Epoch:100
In training set, loss: 31255.9, Y0: 50.3095

Epoch:200
In training set, loss: 15970.3, Y0: 54.185

Epoch:300
In training set, loss: 13527.8, Y0: 55.7293

Epoch:400
In training set, loss: 13073.2, Y0: 56.352

Epoch:500
In training set, loss: 12939.9, Y0: 56.6052

Epoch:600
In training set, loss: 12862.3, Y0: 56.7094

Epoch:700
In training set, loss: 12796.6, Y0: 56.7534

Epoch:800
In training set, loss: 12735.4, Y0: 56.7729

Epoch:900
In training set, loss: 12676.8, Y0: 56.7825

Epoch:1000
In training set, loss: 12620.7, Y0: 56.788



###############################################################################
TCHPC Cluster: kelvin
Job 19323 (BSDE_job_4_procs) for User 'zuoy' in Account 'hpc_21_01207'
Finished at: Fri Nov  5 03:32:36 GMT 2021

Job efficiency estimates:
=========================

Job ID: 19323
Cluster: kelvin
User/Group: zuoy/zuoy
State: COMPLETED (exit code 0)
Nodes: 2
Cores per node: 12
CPU Utilized: 01:17:28
CPU Efficiency: 33.05% of 03:54:24 core-walltime
Job Wall-clock time: 00:09:46
Memory Utilized: 629.36 MB
Memory Efficiency: 1.37% of 44.92 GB

Job completion status:
======================

       JobID    JobName AllocCPUS NTasks NNodes     MaxRSS    MaxRSSNode  MaxDiskRead MaxDiskWrite    Elapsed      State ExitCode 
------------ ---------- --------- ------ ------ ---------- ------------- ------------ ------------ ---------- ---------- -------- 
19323        BSDE_job_+        24             2                                                      00:09:46  COMPLETED      0:0 
19323.batch       batch        12      1      1    644464K   kelvin-n044        0.87M        0.01M   00:09:46  COMPLETED      0:0 
19323.0           orted        12      1      1                                                      00:09:43  COMPLETED      0:0 


Job details:
============

JobId=19323 JobName=BSDE_job_4_procs
   UserId=zuoy(1582) GroupId=zuoy(1252) MCS_label=N/A
   Priority=11761933 Nice=0 Account=hpc_21_01207 QOS=normal
   JobState=COMPLETING Reason=None Dependency=(null)
   Requeue=0 Restarts=0 BatchFlag=1 Reboot=0 ExitCode=0:0
   DerivedExitCode=0:0
   RunTime=00:09:46 TimeLimit=23:00:00 TimeMin=N/A
   SubmitTime=2021-11-05T00:14:19 EligibleTime=2021-11-05T00:14:19
   AccrueTime=2021-11-05T00:14:19
   StartTime=2021-11-05T03:22:50 EndTime=2021-11-05T03:32:36 Deadline=N/A
   SuspendTime=None SecsPreSuspend=0 LastSchedEval=2021-11-05T03:22:50
   Partition=compute AllocNode:Sid=kelvin01:28454
   ReqNodeList=(null) ExcNodeList=(null)
   NodeList=kelvin-n045
   BatchHost=kelvin-n044
   NumNodes=1 NumCPUs=24 NumTasks=16 CPUs/Task=1 ReqB:S:C:T=0:0:*:*
   TRES=cpu=24,mem=46000M,node=2,billing=24
   Socks/Node=* NtasksPerN:B:S:C=0:0:*:* CoreSpec=*
   JOB_GRES=(null)
     Nodes=kelvin-n[044-045] CPU_IDs=0-11 Mem=23000 GRES=
   MinCPUsNode=1 MinMemoryNode=23000M MinTmpDiskNode=0
   Features=(null) DelayBoot=00:00:00
   OverSubscribe=NO Contiguous=0 Licenses=(null) Network=(null)
   Command=/home/users/mschpc/2019/zuoy/HPC/NeuralNetwork/scripts/script_PricingDefaultRisk_d100_b64_n16.sh
   WorkDir=/home/users/mschpc/2019/zuoy/HPC/NeuralNetwork
   StdErr=/home/users/mschpc/2019/zuoy/HPC/NeuralNetwork/output/slurm-19323.out
   StdIn=/dev/null
   StdOut=/home/users/mschpc/2019/zuoy/HPC/NeuralNetwork/output/slurm-19323.out
   Power=
   NtasksPerTRES:0


Disk quota details:
===================

Quota Type           Name  Filesystem     Usage in MB     Limit in MB    % Used
-------------------------------------------------------------------------------
USER                 zuoy       /home              85          51,200     0.17%

GROUP              mschpc   /projects             999          51,200     1.95%
GROUP          pi-dgolden   /projects               0          51,200     0.00%


SLURM Bank Statement:
=====================

User           Usage |        Account     Usage | Account Limit Available (CPU hrs)
---------- --------- + -------------- --------- + ------------- ---------
zuoy           4,560 |   HPC_21_01207     4,560 |       100,000    95,440


Acknowledgements:
=================

Note that usage of TCHPC Resources *must* be acknowledged in all publications.

Please see this page for details relevant to this cluster:

http://www.tchpc.tcd.ie/resources/acknowledgementpolicy

################################################################################
