Ring-AllReduce Mode

Dimension: 200
Total time: 1
Number of time intervals: 20
Learning rate: 0.01
y_init_range: 0, 1
Number of neurons in each hidden layer of each subnet: 110, 110, 
Epochs: 3000
Batch size: 64
Sample size: 1024
Logging frequency: 100
Model name: HJBLQ_parallel_
Number of processors: 8


Training:
Epoch:100
In training set, loss: 287.985, Y0: 4.47126

Epoch:200
In training set, loss: 51.8419, Y0: 5.04975

Epoch:300
In training set, loss: 40.7314, Y0: 5.13796

Epoch:400
In training set, loss: 34.7435, Y0: 5.16253

Epoch:500
In training set, loss: 30.071, Y0: 5.17691

Epoch:600
In training set, loss: 26.366, Y0: 5.1882

Epoch:700
In training set, loss: 23.4079, Y0: 5.19762

Epoch:800
In training set, loss: 21.0304, Y0: 5.2056

Epoch:900
In training set, loss: 19.1068, Y0: 5.2124

Epoch:1000
In training set, loss: 17.5403, Y0: 5.21824

Epoch:1100
In training set, loss: 16.2564, Y0: 5.22327

Epoch:1200
In training set, loss: 15.1974, Y0: 5.22763

Epoch:1300
In training set, loss: 14.3187, Y0: 5.23142

Epoch:1400
In training set, loss: 13.5851, Y0: 5.23472

Epoch:1500
In training set, loss: 12.9693, Y0: 5.23762

Epoch:1600
In training set, loss: 12.4494, Y0: 5.24017

Epoch:1700
In training set, loss: 12.0082, Y0: 5.24242

Epoch:1800
In training set, loss: 11.632, Y0: 5.24441

Epoch:1900
In training set, loss: 11.3095, Y0: 5.24618

Epoch:2000
In training set, loss: 11.0318, Y0: 5.24775

Epoch:2100
In training set, loss: 10.7916, Y0: 5.24916

Epoch:2200
In training set, loss: 10.583, Y0: 5.2504

Epoch:2300
In training set, loss: 10.401, Y0: 5.25153

Epoch:2400
In training set, loss: 10.2416, Y0: 5.25254

Epoch:2500
In training set, loss: 10.1016, Y0: 5.25345

Epoch:2600
In training set, loss: 9.97795, Y0: 5.25426

Epoch:2700
In training set, loss: 9.86847, Y0: 5.25501

Epoch:2800
In training set, loss: 9.77118, Y0: 5.25567

Epoch:2900
In training set, loss: 9.6844, Y0: 5.25628

Epoch:3000
In training set, loss: 9.60673, Y0: 5.25683



###############################################################################
TCHPC Cluster: kelvin
Job 19521 (BSDE_job_4_procs) for User 'zuoy' in Account 'hpc_21_01207'
Finished at: Fri Nov  5 13:02:05 GMT 2021

Job efficiency estimates:
=========================

Job ID: 19521
Cluster: kelvin
User/Group: zuoy/zuoy
State: COMPLETED (exit code 0)
Nodes: 1
Cores per node: 12
CPU Utilized: 03:21:22
CPU Efficiency: 66.63% of 05:02:12 core-walltime
Job Wall-clock time: 00:25:11
Memory Utilized: 586.83 MB
Memory Efficiency: 2.55% of 22.46 GB

Job completion status:
======================

       JobID    JobName AllocCPUS NTasks NNodes     MaxRSS    MaxRSSNode  MaxDiskRead MaxDiskWrite    Elapsed      State ExitCode 
------------ ---------- --------- ------ ------ ---------- ------------- ------------ ------------ ---------- ---------- -------- 
19521        BSDE_job_+        12             1                                                      00:25:11  COMPLETED      0:0 
19521.batch       batch        12      1      1    600912K   kelvin-n009        0.86M        0.01M   00:25:11  COMPLETED      0:0 


Job details:
============

JobId=19521 JobName=BSDE_job_4_procs
   UserId=zuoy(1582) GroupId=zuoy(1252) MCS_label=N/A
   Priority=11627623 Nice=0 Account=hpc_21_01207 QOS=normal
   JobState=COMPLETING Reason=None Dependency=(null)
   Requeue=0 Restarts=0 BatchFlag=1 Reboot=0 ExitCode=0:0
   DerivedExitCode=0:0
   RunTime=00:25:11 TimeLimit=23:00:00 TimeMin=N/A
   SubmitTime=2021-11-05T12:05:54 EligibleTime=2021-11-05T12:05:54
   AccrueTime=2021-11-05T12:05:54
   StartTime=2021-11-05T12:36:54 EndTime=2021-11-05T13:02:05 Deadline=N/A
   SuspendTime=None SecsPreSuspend=0 LastSchedEval=2021-11-05T12:36:54
   Partition=compute AllocNode:Sid=kelvin01:722
   ReqNodeList=(null) ExcNodeList=(null)
   NodeList=
   BatchHost=kelvin-n009
   NumNodes=1 NumCPUs=12 NumTasks=8 CPUs/Task=1 ReqB:S:C:T=0:0:*:*
   TRES=cpu=12,mem=23000M,node=1,billing=12
   Socks/Node=* NtasksPerN:B:S:C=0:0:*:* CoreSpec=*
   JOB_GRES=(null)
     Nodes=kelvin-n009 CPU_IDs=0-11 Mem=23000 GRES=
   MinCPUsNode=1 MinMemoryNode=23000M MinTmpDiskNode=0
   Features=(null) DelayBoot=00:00:00
   OverSubscribe=NO Contiguous=0 Licenses=(null) Network=(null)
   Command=/home/users/mschpc/2019/zuoy/HPC/NeuralNetwork/scripts/script_HJBLQ_d200_b64_n8.sh
   WorkDir=/home/users/mschpc/2019/zuoy/HPC/NeuralNetwork
   StdErr=/home/users/mschpc/2019/zuoy/HPC/NeuralNetwork/output/slurm-19521.out
   StdIn=/dev/null
   StdOut=/home/users/mschpc/2019/zuoy/HPC/NeuralNetwork/output/slurm-19521.out
   Power=
   NtasksPerTRES:0


Disk quota details:
===================

Quota Type           Name  Filesystem     Usage in MB     Limit in MB    % Used
-------------------------------------------------------------------------------
USER                 zuoy       /home              89          51,200     0.17%

GROUP              mschpc   /projects             999          51,200     1.95%
GROUP          pi-dgolden   /projects               0          51,200     0.00%


SLURM Bank Statement:
=====================

User           Usage |        Account     Usage | Account Limit Available (CPU hrs)
---------- --------- + -------------- --------- + ------------- ---------
zuoy           5,763 |   HPC_21_01207     5,763 |       100,000    94,237


Acknowledgements:
=================

Note that usage of TCHPC Resources *must* be acknowledged in all publications.

Please see this page for details relevant to this cluster:

http://www.tchpc.tcd.ie/resources/acknowledgementpolicy

################################################################################
