Ring-AllReduce Mode

Dimension: 400
Total time: 1
Number of time intervals: 40
Learning rate: 0.01
y_init_range: 40, 50
Number of neurons in each hidden layer of each subnet: 110, 110, 
Epochs: 1000
Batch size: 1
Sample size: 1024
Logging frequency: 100
Model name: pricing_default_risk_parallel_
Number of processors: 16


Training:
Epoch:100
In training set, loss: 6042.26, Y0: 51.0525

Epoch:200
In training set, loss: 5667.74, Y0: 51.0492

Epoch:300
In training set, loss: 5493.75, Y0: 51.0416

Epoch:400
In training set, loss: 5371.07, Y0: 51.0367

Epoch:500
In training set, loss: 5269.95, Y0: 51.0335

Epoch:600
In training set, loss: 5176.87, Y0: 51.0316

Epoch:700
In training set, loss: 5088.51, Y0: 51.0303

Epoch:800
In training set, loss: 5001.22, Y0: 51.0294

Epoch:900
In training set, loss: 4916.65, Y0: 51.0285

Epoch:1000
In training set, loss: 4831.48, Y0: 51.0278



###############################################################################
TCHPC Cluster: kelvin
Job 19355 (BSDE_job_4_procs) for User 'zuoy' in Account 'hpc_21_01207'
Finished at: Fri Nov  5 04:21:21 GMT 2021

Job efficiency estimates:
=========================

Job ID: 19355
Cluster: kelvin
User/Group: zuoy/zuoy
State: COMPLETED (exit code 0)
Nodes: 2
Cores per node: 12
CPU Utilized: 05:26:44
CPU Efficiency: 33.27% of 16:22:00 core-walltime
Job Wall-clock time: 00:40:55
Memory Utilized: 1.59 GB
Memory Efficiency: 3.53% of 44.92 GB

Job completion status:
======================

       JobID    JobName AllocCPUS NTasks NNodes     MaxRSS    MaxRSSNode  MaxDiskRead MaxDiskWrite    Elapsed      State ExitCode 
------------ ---------- --------- ------ ------ ---------- ------------- ------------ ------------ ---------- ---------- -------- 
19355        BSDE_job_+        24             2                                                      00:40:55  COMPLETED      0:0 
19355.batch       batch        12      1      1   1663144K   kelvin-n042        0.87M        0.01M   00:40:55  COMPLETED      0:0 
19355.0           orted        12      1      1                                                      00:40:53  COMPLETED      0:0 


Job details:
============

JobId=19355 JobName=BSDE_job_4_procs
   UserId=zuoy(1582) GroupId=zuoy(1252) MCS_label=N/A
   Priority=11770357 Nice=0 Account=hpc_21_01207 QOS=normal
   JobState=COMPLETING Reason=None Dependency=(null)
   Requeue=0 Restarts=0 BatchFlag=1 Reboot=0 ExitCode=0:0
   DerivedExitCode=0:0
   RunTime=00:40:55 TimeLimit=23:00:00 TimeMin=N/A
   SubmitTime=2021-11-05T00:14:20 EligibleTime=2021-11-05T00:14:20
   AccrueTime=2021-11-05T00:14:20
   StartTime=2021-11-05T03:40:26 EndTime=2021-11-05T04:21:21 Deadline=N/A
   SuspendTime=None SecsPreSuspend=0 LastSchedEval=2021-11-05T03:40:26
   Partition=compute AllocNode:Sid=kelvin01:28454
   ReqNodeList=(null) ExcNodeList=(null)
   NodeList=kelvin-n043
   BatchHost=kelvin-n042
   NumNodes=1 NumCPUs=24 NumTasks=16 CPUs/Task=1 ReqB:S:C:T=0:0:*:*
   TRES=cpu=24,mem=46000M,node=2,billing=24
   Socks/Node=* NtasksPerN:B:S:C=0:0:*:* CoreSpec=*
   JOB_GRES=(null)
     Nodes=kelvin-n[042-043] CPU_IDs=0-11 Mem=23000 GRES=
   MinCPUsNode=1 MinMemoryNode=23000M MinTmpDiskNode=0
   Features=(null) DelayBoot=00:00:00
   OverSubscribe=NO Contiguous=0 Licenses=(null) Network=(null)
   Command=/home/users/mschpc/2019/zuoy/HPC/NeuralNetwork/scripts/script_PricingDefaultRisk_d400_b1_n16.sh
   WorkDir=/home/users/mschpc/2019/zuoy/HPC/NeuralNetwork
   StdErr=/home/users/mschpc/2019/zuoy/HPC/NeuralNetwork/output/slurm-19355.out
   StdIn=/dev/null
   StdOut=/home/users/mschpc/2019/zuoy/HPC/NeuralNetwork/output/slurm-19355.out
   Power=
   NtasksPerTRES:0


Disk quota details:
===================

Quota Type           Name  Filesystem     Usage in MB     Limit in MB    % Used
-------------------------------------------------------------------------------
USER                 zuoy       /home              87          51,200     0.17%

GROUP              mschpc   /projects             999          51,200     1.95%
GROUP          pi-dgolden   /projects               0          51,200     0.00%


SLURM Bank Statement:
=====================

User           Usage |        Account     Usage | Account Limit Available (CPU hrs)
---------- --------- + -------------- --------- + ------------- ---------
zuoy           4,728 |   HPC_21_01207     4,728 |       100,000    95,272


Acknowledgements:
=================

Note that usage of TCHPC Resources *must* be acknowledged in all publications.

Please see this page for details relevant to this cluster:

http://www.tchpc.tcd.ie/resources/acknowledgementpolicy

################################################################################
