Ring-AllReduce Mode

Dimension: 300
Total time: 0.3
Number of time intervals: 20
Learning rate: 0.0005
y_init_range: 0.3, 0.5
Number of neurons in each hidden layer of each subnet: 110, 110, 
Epochs: 4000
Batch size: 1
Sample size: 1024
Logging frequency: 100
Model name: AllenCahn_parallel_
Number of processors: 32


Training:
Epoch:100
In training set, loss: 8.84898, Y0: 0.127448

Epoch:200
In training set, loss: 5.75844, Y0: 0.0626712

Epoch:300
In training set, loss: 5.14874, Y0: 0.0371058

Epoch:400
In training set, loss: 4.92893, Y0: 0.0269238

Epoch:500
In training set, loss: 4.7763, Y0: 0.0228626

Epoch:600
In training set, loss: 4.63944, Y0: 0.0212461

Epoch:700
In training set, loss: 4.50988, Y0: 0.0206075

Epoch:800
In training set, loss: 4.38603, Y0: 0.02036

Epoch:900
In training set, loss: 4.2674, Y0: 0.0202688

Epoch:1000
In training set, loss: 4.15369, Y0: 0.0202397

Epoch:1100
In training set, loss: 4.04467, Y0: 0.0202348

Epoch:1200
In training set, loss: 3.94009, Y0: 0.0202391

Epoch:1300
In training set, loss: 3.83974, Y0: 0.0202465

Epoch:1400
In training set, loss: 3.74342, Y0: 0.0202545

Epoch:1500
In training set, loss: 3.65094, Y0: 0.0202623

Epoch:1600
In training set, loss: 3.56211, Y0: 0.0202694

Epoch:1700
In training set, loss: 3.47676, Y0: 0.0202758

Epoch:1800
In training set, loss: 3.39472, Y0: 0.0202814

Epoch:1900
In training set, loss: 3.31586, Y0: 0.0202864

Epoch:2000
In training set, loss: 3.24001, Y0: 0.0202906

Epoch:2100
In training set, loss: 3.16704, Y0: 0.0202942

Epoch:2200
In training set, loss: 3.09682, Y0: 0.0202971

Epoch:2300
In training set, loss: 3.02922, Y0: 0.0202995

Epoch:2400
In training set, loss: 2.96414, Y0: 0.0203013

Epoch:2500
In training set, loss: 2.90145, Y0: 0.0203026

Epoch:2600
In training set, loss: 2.84105, Y0: 0.0203033

Epoch:2700
In training set, loss: 2.78284, Y0: 0.0203036

Epoch:2800
In training set, loss: 2.72673, Y0: 0.0203035

Epoch:2900
In training set, loss: 2.67262, Y0: 0.0203029

Epoch:3000
In training set, loss: 2.62043, Y0: 0.0203019

Epoch:3100
In training set, loss: 2.57008, Y0: 0.0203006

Epoch:3200
In training set, loss: 2.52149, Y0: 0.0202988

Epoch:3300
In training set, loss: 2.47458, Y0: 0.0202968

Epoch:3400
In training set, loss: 2.42929, Y0: 0.0202944

Epoch:3500
In training set, loss: 2.38555, Y0: 0.0202917

Epoch:3600
In training set, loss: 2.34328, Y0: 0.0202887

Epoch:3700
In training set, loss: 2.30245, Y0: 0.0202855

Epoch:3800
In training set, loss: 2.26297, Y0: 0.020282

Epoch:3900
In training set, loss: 2.22481, Y0: 0.0202782

Epoch:4000
In training set, loss: 2.1879, Y0: 0.0202742



###############################################################################
TCHPC Cluster: kelvin
Job 19413 (BSDE_job_4_procs) for User 'zuoy' in Account 'hpc_21_01207'
Finished at: Fri Nov  5 06:44:20 GMT 2021

Job efficiency estimates:
=========================

Job ID: 19413
Cluster: kelvin
User/Group: zuoy/zuoy
State: COMPLETED (exit code 0)
Nodes: 3
Cores per node: 12
CPU Utilized: 07:46:34
CPU Efficiency: 30.45% of 1-01:32:24 core-walltime
Job Wall-clock time: 00:42:34
Memory Utilized: 1.02 GB
Memory Efficiency: 1.52% of 67.38 GB

Job completion status:
======================

       JobID    JobName AllocCPUS NTasks NNodes     MaxRSS    MaxRSSNode  MaxDiskRead MaxDiskWrite    Elapsed      State ExitCode 
------------ ---------- --------- ------ ------ ---------- ------------- ------------ ------------ ---------- ---------- -------- 
19413        BSDE_job_+        36             3                                                      00:42:34  COMPLETED      0:0 
19413.batch       batch        12      1      1   1071224K   kelvin-n031        0.87M        0.01M   00:42:34  COMPLETED      0:0 
19413.0           orted        24      2      2                                                      00:42:32  COMPLETED      0:0 


Job details:
============

JobId=19413 JobName=BSDE_job_4_procs
   UserId=zuoy(1582) GroupId=zuoy(1252) MCS_label=N/A
   Priority=11761868 Nice=0 Account=hpc_21_01207 QOS=normal
   JobState=COMPLETING Reason=None Dependency=(null)
   Requeue=0 Restarts=0 BatchFlag=1 Reboot=0 ExitCode=0:0
   DerivedExitCode=0:0
   RunTime=00:42:34 TimeLimit=23:30:00 TimeMin=N/A
   SubmitTime=2021-11-05T01:01:38 EligibleTime=2021-11-05T01:01:38
   AccrueTime=2021-11-05T01:01:38
   StartTime=2021-11-05T06:01:46 EndTime=2021-11-05T06:44:20 Deadline=N/A
   SuspendTime=None SecsPreSuspend=0 LastSchedEval=2021-11-05T06:01:46
   Partition=compute AllocNode:Sid=kelvin01:28454
   ReqNodeList=(null) ExcNodeList=(null)
   NodeList=kelvin-n[039,044]
   BatchHost=kelvin-n031
   NumNodes=2 NumCPUs=36 NumTasks=32 CPUs/Task=1 ReqB:S:C:T=0:0:*:*
   TRES=cpu=36,mem=69000M,node=3,billing=36
   Socks/Node=* NtasksPerN:B:S:C=0:0:*:* CoreSpec=*
   JOB_GRES=(null)
     Nodes=kelvin-n[031,039,044] CPU_IDs=0-11 Mem=23000 GRES=
   MinCPUsNode=1 MinMemoryNode=23000M MinTmpDiskNode=0
   Features=(null) DelayBoot=00:00:00
   OverSubscribe=NO Contiguous=0 Licenses=(null) Network=(null)
   Command=/home/users/mschpc/2019/zuoy/HPC/NeuralNetwork/scripts/script_AllenCahn_d300_b1_n32.sh
   WorkDir=/home/users/mschpc/2019/zuoy/HPC/NeuralNetwork
   StdErr=/home/users/mschpc/2019/zuoy/HPC/NeuralNetwork/output/slurm-19413.out
   StdIn=/dev/null
   StdOut=/home/users/mschpc/2019/zuoy/HPC/NeuralNetwork/output/slurm-19413.out
   Power=
   NtasksPerTRES:0


Disk quota details:
===================

Quota Type           Name  Filesystem     Usage in MB     Limit in MB    % Used
-------------------------------------------------------------------------------
USER                 zuoy       /home              86          51,200     0.17%

GROUP              mschpc   /projects             999          51,200     1.95%
GROUP          pi-dgolden   /projects               0          51,200     0.00%


SLURM Bank Statement:
=====================

User           Usage |        Account     Usage | Account Limit Available (CPU hrs)
---------- --------- + -------------- --------- + ------------- ---------
zuoy           5,230 |   HPC_21_01207     5,230 |       100,000    94,770


Acknowledgements:
=================

Note that usage of TCHPC Resources *must* be acknowledged in all publications.

Please see this page for details relevant to this cluster:

http://www.tchpc.tcd.ie/resources/acknowledgementpolicy

################################################################################
