Ring-AllReduce Mode

Dimension: 100
Total time: 0.3
Number of time intervals: 20
Learning rate: 0.0005
y_init_range: 0.3, 0.5
Number of neurons in each hidden layer of each subnet: 110, 110, 
Epochs: 4000
Batch size: 64
Sample size: 1024
Logging frequency: 100
Model name: AllenCahn_parallel_
Number of processors: 4


Training:
[kelvin-n044:05227] *** Process received signal ***
[kelvin-n044:05227] Signal: Segmentation fault (11)
[kelvin-n044:05227] Signal code: Address not mapped (1)
[kelvin-n044:05227] Failing at address: (nil)
[kelvin-n044:05225] *** Process received signal ***
[kelvin-n044:05225] Signal: Segmentation fault (11)
[kelvin-n044:05225] Signal code: Address not mapped (1)
[kelvin-n044:05225] Failing at address: (nil)
[kelvin-n044:05227] [ 0] /usr/lib64/libpthread.so.0(+0xf630)[0x7f426c053630]
[kelvin-n044:05227] [ 1] /usr/lib64/libc.so.6(+0x156eb3)[0x7f426bdcceb3]
[kelvin-n044:05227] [ 2] ./BSDE.out[0x412d8e]
[kelvin-n044:05227] [ 3] ./BSDE.out[0x40eb80]
[kelvin-n044:05227] [ 4] ./BSDE.out[0x403c3c]
[kelvin-n044:05227] [ 5] [kelvin-n044:05225] [ 0] /usr/lib64/libpthread.so.0(+0xf630)[0x7febe03a4630]
[kelvin-n044:05225] [ 1] /usr/lib64/libc.so.6(+0x156eb3)[0x7febe011deb3]
[kelvin-n044:05225] [ 2] ./BSDE.out[0x412d8e]
[kelvin-n044:05225] [ 3] ./BSDE.out[0x40eb80]
[kelvin-n044:05225] [ 4] ./BSDE.out[0x403c3c]
[kelvin-n044:05225] [ 5] /usr/lib64/libc.so.6(__libc_start_main+0xf5)[0x7febdffe9555]
[kelvin-n044:05225] [ 6] ./BSDE.out[0x403fff]
/usr/lib64/libc.so.6(__libc_start_main+0xf5)[0x7f426bc98555]
[kelvin-n044:05227] [ 6] ./BSDE.out[0x403fff]
[kelvin-n044:05227] *** End of error message ***
[kelvin-n044:05225] *** End of error message ***
--------------------------------------------------------------------------
Primary job  terminated normally, but 1 process returned
a non-zero exit code. Per user-direction, the job has been aborted.
--------------------------------------------------------------------------
--------------------------------------------------------------------------
mpirun noticed that process rank 1 with PID 5225 on node kelvin-n044 exited on signal 11 (Segmentation fault).
--------------------------------------------------------------------------


###############################################################################
TCHPC Cluster: kelvin
Job 19263 (BSDE_job_4_procs) for User 'zuoy' in Account 'hpc_21_01207'
Finished at: Thu Nov  4 22:41:56 GMT 2021

Job efficiency estimates:
=========================

Job ID: 19263
Cluster: kelvin
User/Group: zuoy/zuoy
State: FAILED (exit code 139)
Nodes: 1
Cores per node: 12
CPU Utilized: 00:00:07
CPU Efficiency: 9.72% of 00:01:12 core-walltime
Job Wall-clock time: 00:00:06
Memory Utilized: 154.39 MB
Memory Efficiency: 0.67% of 22.46 GB

Job completion status:
======================

       JobID    JobName AllocCPUS NTasks NNodes     MaxRSS    MaxRSSNode  MaxDiskRead MaxDiskWrite    Elapsed      State ExitCode 
------------ ---------- --------- ------ ------ ---------- ------------- ------------ ------------ ---------- ---------- -------- 
19263        BSDE_job_+        12             1                                                      00:00:06     FAILED     11:0 
19263.batch       batch        12      1      1    158092K   kelvin-n044            0            0   00:00:06     FAILED     11:0 


Job details:
============

JobId=19263 JobName=BSDE_job_4_procs
   UserId=zuoy(1582) GroupId=zuoy(1252) MCS_label=N/A
   Priority=11675515 Nice=0 Account=hpc_21_01207 QOS=normal
   JobState=COMPLETING Reason=NonZeroExitCode Dependency=(null)
   Requeue=0 Restarts=0 BatchFlag=1 Reboot=0 ExitCode=139:0
   DerivedExitCode=0:0
   RunTime=00:00:06 TimeLimit=23:00:00 TimeMin=N/A
   SubmitTime=2021-11-04T22:26:21 EligibleTime=2021-11-04T22:26:21
   AccrueTime=2021-11-04T22:26:21
   StartTime=2021-11-04T22:41:50 EndTime=2021-11-04T22:41:56 Deadline=N/A
   SuspendTime=None SecsPreSuspend=0 LastSchedEval=2021-11-04T22:41:50
   Partition=compute AllocNode:Sid=kelvin01:11264
   ReqNodeList=(null) ExcNodeList=(null)
   NodeList=
   BatchHost=kelvin-n044
   NumNodes=1 NumCPUs=12 NumTasks=4 CPUs/Task=1 ReqB:S:C:T=0:0:*:*
   TRES=cpu=12,mem=23000M,node=1,billing=12
   Socks/Node=* NtasksPerN:B:S:C=0:0:*:* CoreSpec=*
   JOB_GRES=(null)
     Nodes=kelvin-n044 CPU_IDs=0-11 Mem=23000 GRES=
   MinCPUsNode=1 MinMemoryNode=23000M MinTmpDiskNode=0
   Features=(null) DelayBoot=00:00:00
   OverSubscribe=NO Contiguous=0 Licenses=(null) Network=(null)
   Command=/home/users/mschpc/2019/zuoy/HPC/NeuralNetwork/scripts/script_AllenCahn_d100_b64_n4.sh
   WorkDir=/home/users/mschpc/2019/zuoy/HPC/NeuralNetwork
   StdErr=/home/users/mschpc/2019/zuoy/HPC/NeuralNetwork/output/slurm-19263.out
   StdIn=/dev/null
   StdOut=/home/users/mschpc/2019/zuoy/HPC/NeuralNetwork/output/slurm-19263.out
   Power=
   NtasksPerTRES:0


Disk quota details:
===================

Quota Type           Name  Filesystem     Usage in MB     Limit in MB    % Used
-------------------------------------------------------------------------------
USER                 zuoy       /home              76          51,200     0.15%

GROUP              mschpc   /projects             999          51,200     1.95%
GROUP          pi-dgolden   /projects               0          51,200     0.00%


SLURM Bank Statement:
=====================

User           Usage |        Account     Usage | Account Limit Available (CPU hrs)
---------- --------- + -------------- --------- + ------------- ---------
zuoy           4,456 |   HPC_21_01207     4,456 |       100,000    95,544


Acknowledgements:
=================

Note that usage of TCHPC Resources *must* be acknowledged in all publications.

Please see this page for details relevant to this cluster:

http://www.tchpc.tcd.ie/resources/acknowledgementpolicy

################################################################################
