Ring-AllReduce Mode

Dimension: 200
Total time: 1
Number of time intervals: 20
Learning rate: 0.01
y_init_range: 0, 1
Number of neurons in each hidden layer of each subnet: 110, 110, 
Epochs: 3000
Batch size: 64
Sample size: 1024
Logging frequency: 100
Model name: HJBLQ_parallel_
Number of processors: 32


Training:
Epoch:100
In training set, loss: 5140.24, Y0: 2.07531

Epoch:200
In training set, loss: 1860.26, Y0: 3.31456

Epoch:300
In training set, loss: 694.714, Y0: 4.05326

Epoch:400
In training set, loss: 281.851, Y0: 4.49369

Epoch:500
In training set, loss: 135.087, Y0: 4.75689

Epoch:600
In training set, loss: 82.0411, Y0: 4.91496

Epoch:700
In training set, loss: 61.9878, Y0: 5.01068

Epoch:800
In training set, loss: 53.593, Y0: 5.0694

Epoch:900
In training set, loss: 49.3694, Y0: 5.10613

Epoch:1000
In training set, loss: 46.6854, Y0: 5.12976

Epoch:1100
In training set, loss: 44.6124, Y0: 5.14554

Epoch:1200
In training set, loss: 42.8191, Y0: 5.15659

Epoch:1300
In training set, loss: 41.1845, Y0: 5.16477

Epoch:1400
In training set, loss: 39.6622, Y0: 5.17117

Epoch:1500
In training set, loss: 38.2324, Y0: 5.17644

Epoch:1600
In training set, loss: 36.8846, Y0: 5.18099

Epoch:1700
In training set, loss: 35.6122, Y0: 5.18504

Epoch:1800
In training set, loss: 34.4101, Y0: 5.18874

Epoch:1900
In training set, loss: 33.2738, Y0: 5.19218

Epoch:2000
In training set, loss: 32.1996, Y0: 5.19537

Epoch:2100
In training set, loss: 31.1834, Y0: 5.19841

Epoch:2200
In training set, loss: 30.2215, Y0: 5.20135

Epoch:2300
In training set, loss: 29.3112, Y0: 5.20412

Epoch:2400
In training set, loss: 28.4494, Y0: 5.20677

Epoch:2500
In training set, loss: 27.6331, Y0: 5.20931

Epoch:2600
In training set, loss: 26.8599, Y0: 5.21173

Epoch:2700
In training set, loss: 26.1273, Y0: 5.21402

Epoch:2800
In training set, loss: 25.4325, Y0: 5.21629

Epoch:2900
In training set, loss: 24.7738, Y0: 5.21844

Epoch:3000
In training set, loss: 24.149, Y0: 5.22049



###############################################################################
TCHPC Cluster: kelvin
Job 19523 (BSDE_job_4_procs) for User 'zuoy' in Account 'hpc_21_01207'
Finished at: Fri Nov  5 12:28:28 GMT 2021

Job efficiency estimates:
=========================

Job ID: 19523
Cluster: kelvin
User/Group: zuoy/zuoy
State: COMPLETED (exit code 0)
Nodes: 3
Cores per node: 12
CPU Utilized: 01:59:49
CPU Efficiency: 30.21% of 06:36:36 core-walltime
Job Wall-clock time: 00:11:01
Memory Utilized: 813.44 MB
Memory Efficiency: 1.18% of 67.38 GB

Job completion status:
======================

       JobID    JobName AllocCPUS NTasks NNodes     MaxRSS    MaxRSSNode  MaxDiskRead MaxDiskWrite    Elapsed      State ExitCode 
------------ ---------- --------- ------ ------ ---------- ------------- ------------ ------------ ---------- ---------- -------- 
19523        BSDE_job_+        36             3                                                      00:11:01  COMPLETED      0:0 
19523.batch       batch        12      1      1    832964K   kelvin-n019        0.86M        0.01M   00:11:01  COMPLETED      0:0 
19523.0           orted        24      2      2                                                      00:10:59  COMPLETED      0:0 


Job details:
============

JobId=19523 JobName=BSDE_job_4_procs
   UserId=zuoy(1582) GroupId=zuoy(1252) MCS_label=N/A
   Priority=11618879 Nice=0 Account=hpc_21_01207 QOS=normal
   JobState=COMPLETING Reason=None Dependency=(null)
   Requeue=0 Restarts=0 BatchFlag=1 Reboot=0 ExitCode=0:0
   DerivedExitCode=0:0
   RunTime=00:11:01 TimeLimit=23:00:00 TimeMin=N/A
   SubmitTime=2021-11-05T12:05:54 EligibleTime=2021-11-05T12:05:54
   AccrueTime=2021-11-05T12:05:54
   StartTime=2021-11-05T12:17:27 EndTime=2021-11-05T12:28:28 Deadline=N/A
   SuspendTime=None SecsPreSuspend=0 LastSchedEval=2021-11-05T12:17:27
   Partition=compute AllocNode:Sid=kelvin01:722
   ReqNodeList=(null) ExcNodeList=(null)
   NodeList=kelvin-n[022,024]
   BatchHost=kelvin-n019
   NumNodes=2 NumCPUs=36 NumTasks=32 CPUs/Task=1 ReqB:S:C:T=0:0:*:*
   TRES=cpu=36,mem=69000M,node=3,billing=36
   Socks/Node=* NtasksPerN:B:S:C=0:0:*:* CoreSpec=*
   JOB_GRES=(null)
     Nodes=kelvin-n[019,022,024] CPU_IDs=0-11 Mem=23000 GRES=
   MinCPUsNode=1 MinMemoryNode=23000M MinTmpDiskNode=0
   Features=(null) DelayBoot=00:00:00
   OverSubscribe=NO Contiguous=0 Licenses=(null) Network=(null)
   Command=/home/users/mschpc/2019/zuoy/HPC/NeuralNetwork/scripts/script_HJBLQ_d200_b64_n32.sh
   WorkDir=/home/users/mschpc/2019/zuoy/HPC/NeuralNetwork
   StdErr=/home/users/mschpc/2019/zuoy/HPC/NeuralNetwork/output/slurm-19523.out
   StdIn=/dev/null
   StdOut=/home/users/mschpc/2019/zuoy/HPC/NeuralNetwork/output/slurm-19523.out
   Power=
   NtasksPerTRES:0


Disk quota details:
===================

Quota Type           Name  Filesystem     Usage in MB     Limit in MB    % Used
-------------------------------------------------------------------------------
USER                 zuoy       /home              87          51,200     0.17%

GROUP              mschpc   /projects             999          51,200     1.95%
GROUP          pi-dgolden   /projects               0          51,200     0.00%


SLURM Bank Statement:
=====================

User           Usage |        Account     Usage | Account Limit Available (CPU hrs)
---------- --------- + -------------- --------- + ------------- ---------
zuoy           5,638 |   HPC_21_01207     5,638 |       100,000    94,362


Acknowledgements:
=================

Note that usage of TCHPC Resources *must* be acknowledged in all publications.

Please see this page for details relevant to this cluster:

http://www.tchpc.tcd.ie/resources/acknowledgementpolicy

################################################################################
