Ring-AllReduce Mode

Dimension: 300
Total time: 1
Number of time intervals: 20
Learning rate: 0.01
y_init_range: 0, 1
Number of neurons in each hidden layer of each subnet: 110, 110, 
Epochs: 3000
Batch size: 128
Sample size: 1024
Logging frequency: 100
Model name: HJBLQ_parallel_
Number of processors: 8


Training:
Epoch:100
In training set, loss: 2120.99, Y0: 3.51838

Epoch:200
In training set, loss: 331.858, Y0: 4.74992

Epoch:300
In training set, loss: 112.819, Y0: 5.18354

Epoch:400
In training set, loss: 79.8936, Y0: 5.34327

Epoch:500
In training set, loss: 69.5451, Y0: 5.40881

Epoch:600
In training set, loss: 62.6429, Y0: 5.44133

Epoch:700
In training set, loss: 56.8435, Y0: 5.46171

Epoch:800
In training set, loss: 51.7742, Y0: 5.47715

Epoch:900
In training set, loss: 47.3095, Y0: 5.4902

Epoch:1000
In training set, loss: 43.3655, Y0: 5.5018

Epoch:1100
In training set, loss: 39.8735, Y0: 5.51235

Epoch:1200
In training set, loss: 36.7748, Y0: 5.52203

Epoch:1300
In training set, loss: 34.0192, Y0: 5.53095

Epoch:1400
In training set, loss: 31.5632, Y0: 5.5392

Epoch:1500
In training set, loss: 29.3695, Y0: 5.54685

Epoch:1600
In training set, loss: 27.4059, Y0: 5.55396

Epoch:1700
In training set, loss: 25.6445, Y0: 5.56057

Epoch:1800
In training set, loss: 24.061, Y0: 5.56674

Epoch:1900
In training set, loss: 22.6347, Y0: 5.5725

Epoch:2000
In training set, loss: 21.3472, Y0: 5.57788

Epoch:2100
In training set, loss: 20.1825, Y0: 5.58293

Epoch:2200
In training set, loss: 19.1271, Y0: 5.58765

Epoch:2300
In training set, loss: 18.1687, Y0: 5.59209

Epoch:2400
In training set, loss: 17.2969, Y0: 5.59627

Epoch:2500
In training set, loss: 16.5023, Y0: 5.60019

Epoch:2600
In training set, loss: 15.7767, Y0: 5.60391

Epoch:2700
In training set, loss: 15.113, Y0: 5.6074

Epoch:2800
In training set, loss: 14.5049, Y0: 5.61071

Epoch:2900
In training set, loss: 13.9469, Y0: 5.61383

Epoch:3000
In training set, loss: 13.4339, Y0: 5.61679



###############################################################################
TCHPC Cluster: kelvin
Job 19537 (BSDE_job_4_procs) for User 'zuoy' in Account 'hpc_21_01207'
Finished at: Fri Nov  5 13:24:11 GMT 2021

Job efficiency estimates:
=========================

Job ID: 19537
Cluster: kelvin
User/Group: zuoy/zuoy
State: COMPLETED (exit code 0)
Nodes: 1
Cores per node: 12
CPU Utilized: 04:38:04
CPU Efficiency: 66.62% of 06:57:24 core-walltime
Job Wall-clock time: 00:34:47
Memory Utilized: 757.66 MB
Memory Efficiency: 3.29% of 22.46 GB

Job completion status:
======================

       JobID    JobName AllocCPUS NTasks NNodes     MaxRSS    MaxRSSNode  MaxDiskRead MaxDiskWrite    Elapsed      State ExitCode 
------------ ---------- --------- ------ ------ ---------- ------------- ------------ ------------ ---------- ---------- -------- 
19537        BSDE_job_+        12             1                                                      00:34:47  COMPLETED      0:0 
19537.batch       batch        12      1      1    775848K   kelvin-n059        0.86M        0.01M   00:34:47  COMPLETED      0:0 


Job details:
============

JobId=19537 JobName=BSDE_job_4_procs
   UserId=zuoy(1582) GroupId=zuoy(1252) MCS_label=N/A
   Priority=11633567 Nice=0 Account=hpc_21_01207 QOS=normal
   JobState=COMPLETING Reason=None Dependency=(null)
   Requeue=0 Restarts=0 BatchFlag=1 Reboot=0 ExitCode=0:0
   DerivedExitCode=0:0
   RunTime=00:34:47 TimeLimit=23:00:00 TimeMin=N/A
   SubmitTime=2021-11-05T12:05:55 EligibleTime=2021-11-05T12:05:55
   AccrueTime=2021-11-05T12:05:55
   StartTime=2021-11-05T12:49:24 EndTime=2021-11-05T13:24:11 Deadline=N/A
   SuspendTime=None SecsPreSuspend=0 LastSchedEval=2021-11-05T12:49:24
   Partition=compute AllocNode:Sid=kelvin01:722
   ReqNodeList=(null) ExcNodeList=(null)
   NodeList=
   BatchHost=kelvin-n059
   NumNodes=1 NumCPUs=12 NumTasks=8 CPUs/Task=1 ReqB:S:C:T=0:0:*:*
   TRES=cpu=12,mem=23000M,node=1,billing=12
   Socks/Node=* NtasksPerN:B:S:C=0:0:*:* CoreSpec=*
   JOB_GRES=(null)
     Nodes=kelvin-n059 CPU_IDs=0-11 Mem=23000 GRES=
   MinCPUsNode=1 MinMemoryNode=23000M MinTmpDiskNode=0
   Features=(null) DelayBoot=00:00:00
   OverSubscribe=NO Contiguous=0 Licenses=(null) Network=(null)
   Command=/home/users/mschpc/2019/zuoy/HPC/NeuralNetwork/scripts/script_HJBLQ_d300_b128_n8.sh
   WorkDir=/home/users/mschpc/2019/zuoy/HPC/NeuralNetwork
   StdErr=/home/users/mschpc/2019/zuoy/HPC/NeuralNetwork/output/slurm-19537.out
   StdIn=/dev/null
   StdOut=/home/users/mschpc/2019/zuoy/HPC/NeuralNetwork/output/slurm-19537.out
   Power=
   NtasksPerTRES:0


Disk quota details:
===================

Quota Type           Name  Filesystem     Usage in MB     Limit in MB    % Used
-------------------------------------------------------------------------------
USER                 zuoy       /home              87          51,200     0.17%

GROUP              mschpc   /projects             999          51,200     1.95%
GROUP          pi-dgolden   /projects               0          51,200     0.00%


SLURM Bank Statement:
=====================

User           Usage |        Account     Usage | Account Limit Available (CPU hrs)
---------- --------- + -------------- --------- + ------------- ---------
zuoy           5,802 |   HPC_21_01207     5,802 |       100,000    94,198


Acknowledgements:
=================

Note that usage of TCHPC Resources *must* be acknowledged in all publications.

Please see this page for details relevant to this cluster:

http://www.tchpc.tcd.ie/resources/acknowledgementpolicy

################################################################################
