Config data loaded successfully!
Dimension: 100
Total time: 0.05
Number of time intervals: 20
y_init_range: 0.3, 0.5
Number of neurons in each hidden layer of each subnet: 110, 110, 
Epochs: 4000
Batch size: 64
Sample size: 256
Logging frequency: 100
Model name: AllenCahn_serial_


Training:
Epoch:100
In training set, loss: 1.59707, Y0: 0.279293

Epoch:200
In training set, loss: 1.21699, Y0: 0.262116

Epoch:300
In training set, loss: 0.954992, Y0: 0.247855

Epoch:400
In training set, loss: 0.77413, Y0: 0.236008

Epoch:500
In training set, loss: 0.649137, Y0: 0.226161

Epoch:600
In training set, loss: 0.56267, Y0: 0.217974

Epoch:700
In training set, loss: 0.502802, Y0: 0.211164

Epoch:800
In training set, loss: 0.461311, Y0: 0.205499

Epoch:900
In training set, loss: 0.432529, Y0: 0.200785

Epoch:1000
In training set, loss: 0.412539, Y0: 0.196861

Epoch:1100
In training set, loss: 0.398637, Y0: 0.193596

Epoch:1200
In training set, loss: 0.38895, Y0: 0.190877

Epoch:1300
In training set, loss: 0.382183, Y0: 0.188614

Epoch:1400
In training set, loss: 0.377439, Y0: 0.18673

Epoch:1500
In training set, loss: 0.374097, Y0: 0.185161

Epoch:1600
In training set, loss: 0.371726, Y0: 0.183854

Epoch:1700
In training set, loss: 0.370029, Y0: 0.182766

Epoch:1800
In training set, loss: 0.368799, Y0: 0.18186

Epoch:1900
In training set, loss: 0.367893, Y0: 0.181106

Epoch:2000
In training set, loss: 0.367212, Y0: 0.180478

Epoch:2100
In training set, loss: 0.366686, Y0: 0.179954

Epoch:2200
In training set, loss: 0.366269, Y0: 0.179518

Epoch:2300
In training set, loss: 0.365926, Y0: 0.179155

Epoch:2400
In training set, loss: 0.365636, Y0: 0.178853

Epoch:2500
In training set, loss: 0.365382, Y0: 0.178601

Epoch:2600
In training set, loss: 0.365154, Y0: 0.178391

Epoch:2700
In training set, loss: 0.364943, Y0: 0.178216

Epoch:2800
In training set, loss: 0.364744, Y0: 0.178071

Epoch:2900
In training set, loss: 0.364553, Y0: 0.177949

Epoch:3000
In training set, loss: 0.364369, Y0: 0.177848

Epoch:3100
In training set, loss: 0.364189, Y0: 0.177764

Epoch:3200
In training set, loss: 0.364012, Y0: 0.177693

Epoch:3300
In training set, loss: 0.363837, Y0: 0.177635

Epoch:3400
In training set, loss: 0.363664, Y0: 0.177586

Epoch:3500
In training set, loss: 0.363492, Y0: 0.177545

Epoch:3600
In training set, loss: 0.36332, Y0: 0.177511

Epoch:3700
In training set, loss: 0.363149, Y0: 0.177483

Epoch:3800
In training set, loss: 0.362979, Y0: 0.177459

Epoch:3900
In training set, loss: 0.362809, Y0: 0.17744

Epoch:4000
In training set, loss: 0.36264, Y0: 0.177423



###############################################################################
TCHPC Cluster: kelvin
Job 18040 (BSDE_job_1_procs) for User 'zuoy' in Account 'hpc_21_01207'
Finished at: Wed Oct 27 23:30:56 IST 2021

Job efficiency estimates:
=========================

Job ID: 18040
Cluster: kelvin
User/Group: zuoy/zuoy
State: COMPLETED (exit code 0)
Nodes: 1
Cores per node: 12
CPU Utilized: 00:30:35
CPU Efficiency: 8.32% of 06:07:24 core-walltime
Job Wall-clock time: 00:30:37
Memory Utilized: 9.95 MB
Memory Efficiency: 0.04% of 22.46 GB

Job completion status:
======================

       JobID    JobName AllocCPUS NTasks NNodes     MaxRSS    MaxRSSNode  MaxDiskRead MaxDiskWrite    Elapsed      State ExitCode 
------------ ---------- --------- ------ ------ ---------- ------------- ------------ ------------ ---------- ---------- -------- 
18040        BSDE_job_+        12             1                                                      00:30:37  COMPLETED      0:0 
18040.batch       batch        12      1      1     10192K   kelvin-n022        0.86M        0.00M   00:30:37  COMPLETED      0:0 


Job details:
============

JobId=18040 JobName=BSDE_job_1_procs
   UserId=zuoy(1582) GroupId=zuoy(1252) MCS_label=N/A
   Priority=12734046 Nice=0 Account=hpc_21_01207 QOS=normal
   JobState=COMPLETING Reason=None Dependency=(null)
   Requeue=0 Restarts=0 BatchFlag=1 Reboot=0 ExitCode=0:0
   DerivedExitCode=0:0
   RunTime=00:30:37 TimeLimit=23:00:00 TimeMin=N/A
   SubmitTime=2021-10-27T22:38:21 EligibleTime=2021-10-27T22:38:21
   AccrueTime=2021-10-27T22:38:21
   StartTime=2021-10-27T23:00:19 EndTime=2021-10-27T23:30:56 Deadline=N/A
   SuspendTime=None SecsPreSuspend=0 LastSchedEval=2021-10-27T23:00:19
   Partition=compute AllocNode:Sid=kelvin01:18226
   ReqNodeList=(null) ExcNodeList=(null)
   NodeList=
   BatchHost=kelvin-n022
   NumNodes=1 NumCPUs=12 NumTasks=1 CPUs/Task=1 ReqB:S:C:T=0:0:*:*
   TRES=cpu=12,mem=23000M,node=1,billing=12
   Socks/Node=* NtasksPerN:B:S:C=0:0:*:* CoreSpec=*
   JOB_GRES=(null)
     Nodes=kelvin-n022 CPU_IDs=0-11 Mem=23000 GRES=
   MinCPUsNode=1 MinMemoryNode=23000M MinTmpDiskNode=0
   Features=(null) DelayBoot=00:00:00
   OverSubscribe=NO Contiguous=0 Licenses=(null) Network=(null)
   Command=/home/users/mschpc/2019/zuoy/HPC/NeuralNetwork/scripts/script_AllenCahn_6.txt
   WorkDir=/home/users/mschpc/2019/zuoy/HPC/NeuralNetwork
   StdErr=/home/users/mschpc/2019/zuoy/HPC/NeuralNetwork/output/slurm-18040.out
   StdIn=/dev/null
   StdOut=/home/users/mschpc/2019/zuoy/HPC/NeuralNetwork/output/slurm-18040.out
   Power=
   NtasksPerTRES:0


Disk quota details:
===================

Quota Type           Name  Filesystem     Usage in MB     Limit in MB    % Used
-------------------------------------------------------------------------------
USER                 zuoy       /home              54          51,200     0.11%

GROUP              mschpc   /projects             999          51,200     1.95%
GROUP          pi-dgolden   /projects               0          51,200     0.00%


SLURM Bank Statement:
=====================

User           Usage |        Account     Usage | Account Limit Available (CPU hrs)
---------- --------- + -------------- --------- + ------------- ---------
zuoy             283 |   HPC_21_01207       283 |       100,000    99,717


Acknowledgements:
=================

Note that usage of TCHPC Resources *must* be acknowledged in all publications.

Please see this page for details relevant to this cluster:

http://www.tchpc.tcd.ie/resources/acknowledgementpolicy

################################################################################
