Ring-AllReduce Mode

Dimension: 300
Total time: 1
Number of time intervals: 40
Learning rate: 0.01
y_init_range: 40, 50
Number of neurons in each hidden layer of each subnet: 110, 110, 
Epochs: 1000
Batch size: 64
Sample size: 1024
Logging frequency: 100
Model name: pricing_default_risk_parallel_
Number of processors: 16


Training:
Epoch:100
In training set, loss: 18472, Y0: 47.5515

Epoch:200
In training set, loss: 10586.4, Y0: 50.2114

Epoch:300
In training set, loss: 9381.19, Y0: 51.2374

Epoch:400
In training set, loss: 9094.79, Y0: 51.6406

Epoch:500
In training set, loss: 8954.53, Y0: 51.8007

Epoch:600
In training set, loss: 8842.31, Y0: 51.8654

Epoch:700
In training set, loss: 8739.71, Y0: 51.8928

Epoch:800
In training set, loss: 8643.37, Y0: 51.9054

Epoch:900
In training set, loss: 8552.46, Y0: 51.9122

Epoch:1000
In training set, loss: 8466.54, Y0: 51.9166



###############################################################################
TCHPC Cluster: kelvin
Job 19347 (BSDE_job_4_procs) for User 'zuoy' in Account 'hpc_21_01207'
Finished at: Fri Nov  5 03:58:33 GMT 2021

Job efficiency estimates:
=========================

Job ID: 19347
Cluster: kelvin
User/Group: zuoy/zuoy
State: COMPLETED (exit code 0)
Nodes: 2
Cores per node: 12
CPU Utilized: 02:24:29
CPU Efficiency: 33.23% of 07:14:48 core-walltime
Job Wall-clock time: 00:18:07
Memory Utilized: 1.27 GB
Memory Efficiency: 2.82% of 44.92 GB

Job completion status:
======================

       JobID    JobName AllocCPUS NTasks NNodes     MaxRSS    MaxRSSNode  MaxDiskRead MaxDiskWrite    Elapsed      State ExitCode 
------------ ---------- --------- ------ ------ ---------- ------------- ------------ ------------ ---------- ---------- -------- 
19347        BSDE_job_+        24             2                                                      00:18:07  COMPLETED      0:0 
19347.batch       batch        12      1      1   1330212K   kelvin-n029        0.87M        0.01M   00:18:07  COMPLETED      0:0 
19347.0           orted        12      1      1                                                      00:18:06  COMPLETED      0:0 


Job details:
============

JobId=19347 JobName=BSDE_job_4_procs
   UserId=zuoy(1582) GroupId=zuoy(1252) MCS_label=N/A
   Priority=11770357 Nice=0 Account=hpc_21_01207 QOS=normal
   JobState=COMPLETING Reason=None Dependency=(null)
   Requeue=0 Restarts=0 BatchFlag=1 Reboot=0 ExitCode=0:0
   DerivedExitCode=0:0
   RunTime=00:18:07 TimeLimit=23:00:00 TimeMin=N/A
   SubmitTime=2021-11-05T00:14:20 EligibleTime=2021-11-05T00:14:20
   AccrueTime=2021-11-05T00:14:20
   StartTime=2021-11-05T03:40:26 EndTime=2021-11-05T03:58:33 Deadline=N/A
   SuspendTime=None SecsPreSuspend=0 LastSchedEval=2021-11-05T03:40:26
   Partition=compute AllocNode:Sid=kelvin01:28454
   ReqNodeList=(null) ExcNodeList=(null)
   NodeList=kelvin-n030
   BatchHost=kelvin-n029
   NumNodes=1 NumCPUs=24 NumTasks=16 CPUs/Task=1 ReqB:S:C:T=0:0:*:*
   TRES=cpu=24,mem=46000M,node=2,billing=24
   Socks/Node=* NtasksPerN:B:S:C=0:0:*:* CoreSpec=*
   JOB_GRES=(null)
     Nodes=kelvin-n[029-030] CPU_IDs=0-11 Mem=23000 GRES=
   MinCPUsNode=1 MinMemoryNode=23000M MinTmpDiskNode=0
   Features=(null) DelayBoot=00:00:00
   OverSubscribe=NO Contiguous=0 Licenses=(null) Network=(null)
   Command=/home/users/mschpc/2019/zuoy/HPC/NeuralNetwork/scripts/script_PricingDefaultRisk_d300_b64_n16.sh
   WorkDir=/home/users/mschpc/2019/zuoy/HPC/NeuralNetwork
   StdErr=/home/users/mschpc/2019/zuoy/HPC/NeuralNetwork/output/slurm-19347.out
   StdIn=/dev/null
   StdOut=/home/users/mschpc/2019/zuoy/HPC/NeuralNetwork/output/slurm-19347.out
   Power=
   NtasksPerTRES:0


Disk quota details:
===================

Quota Type           Name  Filesystem     Usage in MB     Limit in MB    % Used
-------------------------------------------------------------------------------
USER                 zuoy       /home              85          51,200     0.17%

GROUP              mschpc   /projects             999          51,200     1.95%
GROUP          pi-dgolden   /projects               0          51,200     0.00%


SLURM Bank Statement:
=====================

User           Usage |        Account     Usage | Account Limit Available (CPU hrs)
---------- --------- + -------------- --------- + ------------- ---------
zuoy           4,644 |   HPC_21_01207     4,644 |       100,000    95,356


Acknowledgements:
=================

Note that usage of TCHPC Resources *must* be acknowledged in all publications.

Please see this page for details relevant to this cluster:

http://www.tchpc.tcd.ie/resources/acknowledgementpolicy

################################################################################
