Dimension: 200
Total time: 0.3
Number of time intervals: 20
Learning rate: 0.0005
y_init_range: 0.3, 0.5
Number of neurons in each hidden layer of each subnet: 110, 110, 
Epochs: 4000
Batch size: 64
Sample size: 1024
Logging frequency: 100
Model name: AllenCahn_parallel_
Number of processors: 16


Training:
Epoch:100
In training set, loss: 25.394, Y0: 0.291794

Epoch:200
In training set, loss: 24.1005, Y0: 0.283873

Epoch:300
In training set, loss: 22.8948, Y0: 0.276227

Epoch:400
In training set, loss: 21.7701, Y0: 0.268843

Epoch:500
In training set, loss: 20.72, Y0: 0.261708

Epoch:600
In training set, loss: 19.7388, Y0: 0.254813

Epoch:700
In training set, loss: 18.8213, Y0: 0.248145

Epoch:800
In training set, loss: 17.963, Y0: 0.241697

Epoch:900
In training set, loss: 17.1594, Y0: 0.235459

Epoch:1000
In training set, loss: 16.4068, Y0: 0.229421

Epoch:1100
In training set, loss: 15.7013, Y0: 0.223577

Epoch:1200
In training set, loss: 15.04, Y0: 0.217919

Epoch:1300
In training set, loss: 14.4196, Y0: 0.212441

Epoch:1400
In training set, loss: 13.8374, Y0: 0.207133

Epoch:1500
In training set, loss: 13.2908, Y0: 0.201992

Epoch:1600
In training set, loss: 12.7775, Y0: 0.197011

Epoch:1700
In training set, loss: 12.2952, Y0: 0.192183

Epoch:1800
In training set, loss: 11.8418, Y0: 0.187503

Epoch:1900
In training set, loss: 11.4157, Y0: 0.182967

Epoch:2000
In training set, loss: 11.0149, Y0: 0.178569

Epoch:2100
In training set, loss: 10.6378, Y0: 0.174304

Epoch:2200
In training set, loss: 10.283, Y0: 0.170167

Epoch:2300
In training set, loss: 9.94905, Y0: 0.166155

Epoch:2400
In training set, loss: 9.6346, Y0: 0.162263

Epoch:2500
In training set, loss: 9.33848, Y0: 0.158487

Epoch:2600
In training set, loss: 9.05959, Y0: 0.154824

Epoch:2700
In training set, loss: 8.79684, Y0: 0.151269

Epoch:2800
In training set, loss: 8.54922, Y0: 0.14782

Epoch:2900
In training set, loss: 8.31582, Y0: 0.144472

Epoch:3000
In training set, loss: 8.09576, Y0: 0.141222

Epoch:3100
In training set, loss: 7.88827, Y0: 0.138068

Epoch:3200
In training set, loss: 7.69257, Y0: 0.135006

Epoch:3300
In training set, loss: 7.50795, Y0: 0.132033

Epoch:3400
In training set, loss: 7.3338, Y0: 0.129147

Epoch:3500
In training set, loss: 7.16947, Y0: 0.126345

Epoch:3600
In training set, loss: 7.01437, Y0: 0.123625

Epoch:3700
In training set, loss: 6.86797, Y0: 0.120983

Epoch:3800
In training set, loss: 6.72977, Y0: 0.118418

Epoch:3900
In training set, loss: 6.59926, Y0: 0.115926

Epoch:4000
In training set, loss: 6.476, Y0: 0.113507



###############################################################################
TCHPC Cluster: kelvin
Job 18715 (BSDE_job_4_procs) for User 'zuoy' in Account 'hpc_21_01207'
Finished at: Tue Nov  2 20:18:10 GMT 2021

Job efficiency estimates:
=========================

Job ID: 18715
Cluster: kelvin
User/Group: zuoy/zuoy
State: COMPLETED (exit code 0)
Nodes: 2
Cores per node: 12
CPU Utilized: 02:58:42
CPU Efficiency: 33.22% of 08:58:00 core-walltime
Job Wall-clock time: 00:22:25
Memory Utilized: 609.89 MB
Memory Efficiency: 1.33% of 44.92 GB

Job completion status:
======================

       JobID    JobName AllocCPUS NTasks NNodes     MaxRSS    MaxRSSNode  MaxDiskRead MaxDiskWrite    Elapsed      State ExitCode 
------------ ---------- --------- ------ ------ ---------- ------------- ------------ ------------ ---------- ---------- -------- 
18715        BSDE_job_+        24             2                                                      00:22:25  COMPLETED      0:0 
18715.batch       batch        12      1      1    624524K   kelvin-n041        0.86M        0.01M   00:22:25  COMPLETED      0:0 
18715.0           orted        12      1      1                                                      00:22:24  COMPLETED      0:0 


Job details:
============

JobId=18715 JobName=BSDE_job_4_procs
   UserId=zuoy(1582) GroupId=zuoy(1252) MCS_label=N/A
   Priority=12063743 Nice=0 Account=hpc_21_01207 QOS=normal
   JobState=COMPLETING Reason=None Dependency=(null)
   Requeue=0 Restarts=0 BatchFlag=1 Reboot=0 ExitCode=0:0
   DerivedExitCode=0:0
   RunTime=00:22:25 TimeLimit=23:00:00 TimeMin=N/A
   SubmitTime=2021-11-02T17:49:52 EligibleTime=2021-11-02T17:49:52
   AccrueTime=2021-11-02T17:49:52
   StartTime=2021-11-02T19:55:45 EndTime=2021-11-02T20:18:10 Deadline=N/A
   SuspendTime=None SecsPreSuspend=0 LastSchedEval=2021-11-02T19:55:45
   Partition=compute AllocNode:Sid=kelvin01:3879
   ReqNodeList=(null) ExcNodeList=(null)
   NodeList=kelvin-n092
   BatchHost=kelvin-n041
   NumNodes=1 NumCPUs=24 NumTasks=16 CPUs/Task=1 ReqB:S:C:T=0:0:*:*
   TRES=cpu=24,mem=46000M,node=2,billing=24
   Socks/Node=* NtasksPerN:B:S:C=0:0:*:* CoreSpec=*
   JOB_GRES=(null)
     Nodes=kelvin-n[041,092] CPU_IDs=0-11 Mem=23000 GRES=
   MinCPUsNode=1 MinMemoryNode=23000M MinTmpDiskNode=0
   Features=(null) DelayBoot=00:00:00
   OverSubscribe=NO Contiguous=0 Licenses=(null) Network=(null)
   Command=/home/users/mschpc/2019/zuoy/HPC/NeuralNetwork/scripts/script_AllenCahn_d200_b64_n16.sh
   WorkDir=/home/users/mschpc/2019/zuoy/HPC/NeuralNetwork
   StdErr=/home/users/mschpc/2019/zuoy/HPC/NeuralNetwork/output/slurm-18715.out
   StdIn=/dev/null
   StdOut=/home/users/mschpc/2019/zuoy/HPC/NeuralNetwork/output/slurm-18715.out
   Power=
   NtasksPerTRES:0


Disk quota details:
===================

Quota Type           Name  Filesystem     Usage in MB     Limit in MB    % Used
-------------------------------------------------------------------------------
USER                 zuoy       /home              69          51,200     0.14%

GROUP              mschpc   /projects             999          51,200     1.95%
GROUP          pi-dgolden   /projects               0          51,200     0.00%


SLURM Bank Statement:
=====================

User           Usage |        Account     Usage | Account Limit Available (CPU hrs)
---------- --------- + -------------- --------- + ------------- ---------
zuoy           2,311 |   HPC_21_01207     2,311 |       100,000    97,689


Acknowledgements:
=================

Note that usage of TCHPC Resources *must* be acknowledged in all publications.

Please see this page for details relevant to this cluster:

http://www.tchpc.tcd.ie/resources/acknowledgementpolicy

################################################################################
