/var/spool/slurmd/job20753/slurm_script: line 13: ./BSDE.out: No such file or directory


###############################################################################
TCHPC Cluster: kelvin
Job 20753 (BSDE_job_1_procs) for User 'zuoy' in Account 'hpc_21_01207'
Finished at: Tue Nov 16 22:35:00 GMT 2021

Job efficiency estimates:
=========================

Job ID: 20753
Cluster: kelvin
User/Group: zuoy/zuoy
State: FAILED (exit code 127)
Nodes: 1
Cores per node: 12
CPU Utilized: 00:00:00
CPU Efficiency: 0.00% of 00:00:24 core-walltime
Job Wall-clock time: 00:00:02
Memory Utilized: 0.00 MB (estimated maximum)
Memory Efficiency: 0.00% of 22.46 GB (22.46 GB/node)

Job completion status:
======================

       JobID    JobName AllocCPUS NTasks NNodes     MaxRSS    MaxRSSNode  MaxDiskRead MaxDiskWrite    Elapsed      State ExitCode 
------------ ---------- --------- ------ ------ ---------- ------------- ------------ ------------ ---------- ---------- -------- 
20753        BSDE_job_+        12             1                                                      00:00:02     FAILED    127:0 
20753.batch       batch        12      1      1          0   kelvin-n049            0            0   00:00:02     FAILED    127:0 


Job details:
============

JobId=20753 JobName=BSDE_job_1_procs
   UserId=zuoy(1582) GroupId=zuoy(1252) MCS_label=N/A
   Priority=11826011 Nice=0 Account=hpc_21_01207 QOS=normal
   JobState=COMPLETING Reason=NonZeroExitCode Dependency=(null)
   Requeue=0 Restarts=0 BatchFlag=1 Reboot=0 ExitCode=127:0
   DerivedExitCode=0:0
   RunTime=00:00:02 TimeLimit=2-23:00:00 TimeMin=N/A
   SubmitTime=2021-11-16T22:11:20 EligibleTime=2021-11-16T22:11:20
   AccrueTime=2021-11-16T22:11:20
   StartTime=2021-11-16T22:34:58 EndTime=2021-11-16T22:35:00 Deadline=N/A
   SuspendTime=None SecsPreSuspend=0 LastSchedEval=2021-11-16T22:34:58
   Partition=compute AllocNode:Sid=kelvin01:7052
   ReqNodeList=(null) ExcNodeList=(null)
   NodeList=
   BatchHost=kelvin-n049
   NumNodes=1 NumCPUs=12 NumTasks=1 CPUs/Task=1 ReqB:S:C:T=0:0:*:*
   TRES=cpu=12,mem=23000M,node=1,billing=12
   Socks/Node=* NtasksPerN:B:S:C=0:0:*:* CoreSpec=*
   JOB_GRES=(null)
     Nodes=kelvin-n049 CPU_IDs=0-11 Mem=23000 GRES=
   MinCPUsNode=1 MinMemoryNode=23000M MinTmpDiskNode=0
   Features=(null) DelayBoot=00:00:00
   OverSubscribe=NO Contiguous=0 Licenses=(null) Network=(null)
   Command=/home/users/mschpc/2019/zuoy/HPC/NeuralNetwork/sequential/scripts/script_PricingDefaultRisk_d100_b256.sh
   WorkDir=/home/users/mschpc/2019/zuoy/HPC/NeuralNetwork/sequential
   StdErr=/home/users/mschpc/2019/zuoy/HPC/NeuralNetwork/output/slurm-20753.out
   StdIn=/dev/null
   StdOut=/home/users/mschpc/2019/zuoy/HPC/NeuralNetwork/output/slurm-20753.out
   Power=
   NtasksPerTRES:0


Disk quota details:
===================

Quota Type           Name  Filesystem     Usage in MB     Limit in MB    % Used
-------------------------------------------------------------------------------
USER                 zuoy       /home              82          51,200     0.16%

GROUP              mschpc   /projects             999          51,200     1.95%
GROUP          pi-dgolden   /projects               0          51,200     0.00%


SLURM Bank Statement:
=====================

User           Usage |        Account     Usage | Account Limit Available (CPU hrs)
---------- --------- + -------------- --------- + ------------- ---------
zuoy           4,646 |   HPC_21_01207     4,646 |       100,000    95,354


Acknowledgements:
=================

Note that usage of TCHPC Resources *must* be acknowledged in all publications.

Please see this page for details relevant to this cluster:

http://www.tchpc.tcd.ie/resources/acknowledgementpolicy

################################################################################
