Dimension: 200
Total time: 1
Number of time intervals: 20
Learning rate: 0.01
y_init_range: 0, 1
Number of neurons in each hidden layer of each subnet: 110, 110, 
Epochs: 3000
Batch size: 1
Sample size: 1024
Logging frequency: 100
Model name: HJBLQ_parallel_
Number of processors: 16


Training:
Epoch:100
In training set, loss: 10.1396, Y0: 5.26341

Epoch:200
In training set, loss: 9.27041, Y0: 5.26783

Epoch:300
In training set, loss: 8.88296, Y0: 5.26828

Epoch:400
In training set, loss: 8.53605, Y0: 5.26844

Epoch:500
In training set, loss: 8.20615, Y0: 5.26856

Epoch:600
In training set, loss: 7.8905, Y0: 5.26867

Epoch:700
In training set, loss: 7.58813, Y0: 5.26878

Epoch:800
In training set, loss: 7.29843, Y0: 5.26888

Epoch:900
In training set, loss: 7.02078, Y0: 5.26898

Epoch:1000
In training set, loss: 6.75465, Y0: 5.26907

Epoch:1100
In training set, loss: 6.4995, Y0: 5.26916

Epoch:1200
In training set, loss: 6.25486, Y0: 5.26924

Epoch:1300
In training set, loss: 6.02025, Y0: 5.26932

Epoch:1400
In training set, loss: 5.79522, Y0: 5.2694

Epoch:1500
In training set, loss: 5.57936, Y0: 5.26948

Epoch:1600
In training set, loss: 5.37225, Y0: 5.26955

Epoch:1700
In training set, loss: 5.17351, Y0: 5.26962

Epoch:1800
In training set, loss: 4.98278, Y0: 5.26969

Epoch:1900
In training set, loss: 4.79972, Y0: 5.26975

Epoch:2000
In training set, loss: 4.62396, Y0: 5.26981

Epoch:2100
In training set, loss: 4.4552, Y0: 5.26987

Epoch:2200
In training set, loss: 4.29315, Y0: 5.26993

Epoch:2300
In training set, loss: 4.13751, Y0: 5.26998

Epoch:2400
In training set, loss: 3.98801, Y0: 5.27003

Epoch:2500
In training set, loss: 3.84439, Y0: 5.27008

Epoch:2600
In training set, loss: 3.70639, Y0: 5.27013

Epoch:2700
In training set, loss: 3.57378, Y0: 5.27018

Epoch:2800
In training set, loss: 3.44633, Y0: 5.27022

Epoch:2900
In training set, loss: 3.32383, Y0: 5.27026

Epoch:3000
In training set, loss: 3.20605, Y0: 5.2703



###############################################################################
TCHPC Cluster: kelvin
Job 18655 (BSDE_job_4_procs) for User 'zuoy' in Account 'hpc_21_01207'
Finished at: Tue Nov  2 17:17:37 GMT 2021

Job efficiency estimates:
=========================

Job ID: 18655
Cluster: kelvin
User/Group: zuoy/zuoy
State: COMPLETED (exit code 0)
Nodes: 2
Cores per node: 12
CPU Utilized: 04:04:38
CPU Efficiency: 33.24% of 12:16:00 core-walltime
Job Wall-clock time: 00:30:40
Memory Utilized: 607.10 MB
Memory Efficiency: 1.32% of 44.92 GB

Job completion status:
======================

       JobID    JobName AllocCPUS NTasks NNodes     MaxRSS    MaxRSSNode  MaxDiskRead MaxDiskWrite    Elapsed      State ExitCode 
------------ ---------- --------- ------ ------ ---------- ------------- ------------ ------------ ---------- ---------- -------- 
18655        BSDE_job_+        24             2                                                      00:30:40  COMPLETED      0:0 
18655.batch       batch        12      1      1    621668K   kelvin-n050        0.86M        0.01M   00:30:40  COMPLETED      0:0 
18655.0           orted        12      1      1                                                      00:30:38  COMPLETED      0:0 


Job details:
============

JobId=18655 JobName=BSDE_job_4_procs
   UserId=zuoy(1582) GroupId=zuoy(1252) MCS_label=N/A
   Priority=12087669 Nice=0 Account=hpc_21_01207 QOS=normal
   JobState=COMPLETING Reason=None Dependency=(null)
   Requeue=0 Restarts=0 BatchFlag=1 Reboot=0 ExitCode=0:0
   DerivedExitCode=0:0
   RunTime=00:30:40 TimeLimit=23:00:00 TimeMin=N/A
   SubmitTime=2021-11-02T15:45:38 EligibleTime=2021-11-02T15:45:38
   AccrueTime=2021-11-02T15:45:38
   StartTime=2021-11-02T16:46:57 EndTime=2021-11-02T17:17:37 Deadline=N/A
   SuspendTime=None SecsPreSuspend=0 LastSchedEval=2021-11-02T16:46:57
   Partition=compute AllocNode:Sid=kelvin01:3879
   ReqNodeList=(null) ExcNodeList=(null)
   NodeList=kelvin-n051
   BatchHost=kelvin-n050
   NumNodes=1 NumCPUs=24 NumTasks=16 CPUs/Task=1 ReqB:S:C:T=0:0:*:*
   TRES=cpu=24,mem=46000M,node=2,billing=24
   Socks/Node=* NtasksPerN:B:S:C=0:0:*:* CoreSpec=*
   JOB_GRES=(null)
     Nodes=kelvin-n[050-051] CPU_IDs=0-11 Mem=23000 GRES=
   MinCPUsNode=1 MinMemoryNode=23000M MinTmpDiskNode=0
   Features=(null) DelayBoot=00:00:00
   OverSubscribe=NO Contiguous=0 Licenses=(null) Network=(null)
   Command=/home/users/mschpc/2019/zuoy/HPC/NeuralNetwork/scripts/script_HJBLQ_d200_b1_n16.sh
   WorkDir=/home/users/mschpc/2019/zuoy/HPC/NeuralNetwork
   StdErr=/home/users/mschpc/2019/zuoy/HPC/NeuralNetwork/output/slurm-18655.out
   StdIn=/dev/null
   StdOut=/home/users/mschpc/2019/zuoy/HPC/NeuralNetwork/output/slurm-18655.out
   Power=
   NtasksPerTRES:0


Disk quota details:
===================

Quota Type           Name  Filesystem     Usage in MB     Limit in MB    % Used
-------------------------------------------------------------------------------
USER                 zuoy       /home              69          51,200     0.14%

GROUP              mschpc   /projects             999          51,200     1.95%
GROUP          pi-dgolden   /projects               0          51,200     0.00%


SLURM Bank Statement:
=====================

User           Usage |        Account     Usage | Account Limit Available (CPU hrs)
---------- --------- + -------------- --------- + ------------- ---------
zuoy           1,784 |   HPC_21_01207     1,784 |       100,000    98,216


Acknowledgements:
=================

Note that usage of TCHPC Resources *must* be acknowledged in all publications.

Please see this page for details relevant to this cluster:

http://www.tchpc.tcd.ie/resources/acknowledgementpolicy

################################################################################
