Dimension: 200
Total time: 0.3
Number of time intervals: 20
Learning rate: 0.0005
y_init_range: 0.3, 0.5
Number of neurons in each hidden layer of each subnet: 110, 110, 
Epochs: 4000
Batch size: 1
Sample size: 1024
Logging frequency: 100
Model name: AllenCahn_parallel_
Number of processors: 8


Training:
Epoch:100
In training set, loss: 4.43456, Y0: 0.0374014

Epoch:200
In training set, loss: 4.07112, Y0: 0.0307733

Epoch:300
In training set, loss: 3.76912, Y0: 0.0305875

Epoch:400
In training set, loss: 3.50719, Y0: 0.0305668

Epoch:500
In training set, loss: 3.27937, Y0: 0.0305438

Epoch:600
In training set, loss: 3.08068, Y0: 0.0305153

Epoch:700
In training set, loss: 2.90696, Y0: 0.0304821

Epoch:800
In training set, loss: 2.75469, Y0: 0.0304451

Epoch:900
In training set, loss: 2.62092, Y0: 0.0304052

Epoch:1000
In training set, loss: 2.50312, Y0: 0.0303628

Epoch:1100
In training set, loss: 2.39916, Y0: 0.0303186

Epoch:1200
In training set, loss: 2.30722, Y0: 0.030273

Epoch:1300
In training set, loss: 2.22573, Y0: 0.0302265

Epoch:1400
In training set, loss: 2.15336, Y0: 0.0301792

Epoch:1500
In training set, loss: 2.08895, Y0: 0.0301315

Epoch:1600
In training set, loss: 2.03151, Y0: 0.0300838

Epoch:1700
In training set, loss: 1.98019, Y0: 0.030036

Epoch:1800
In training set, loss: 1.93425, Y0: 0.0299885

Epoch:1900
In training set, loss: 1.89305, Y0: 0.0299413

Epoch:2000
In training set, loss: 1.85602, Y0: 0.0298946

Epoch:2100
In training set, loss: 1.82267, Y0: 0.0298484

Epoch:2200
In training set, loss: 1.7926, Y0: 0.0298029

Epoch:2300
In training set, loss: 1.76542, Y0: 0.0297582

Epoch:2400
In training set, loss: 1.74082, Y0: 0.0297142

Epoch:2500
In training set, loss: 1.7185, Y0: 0.0296711

Epoch:2600
In training set, loss: 1.69823, Y0: 0.0296289

Epoch:2700
In training set, loss: 1.67978, Y0: 0.0295875

Epoch:2800
In training set, loss: 1.66295, Y0: 0.029547

Epoch:2900
In training set, loss: 1.64758, Y0: 0.0295074

Epoch:3000
In training set, loss: 1.63351, Y0: 0.0294688

Epoch:3100
In training set, loss: 1.62062, Y0: 0.0294312

Epoch:3200
In training set, loss: 1.60878, Y0: 0.0293945

Epoch:3300
In training set, loss: 1.59789, Y0: 0.0293588

Epoch:3400
In training set, loss: 1.58786, Y0: 0.029324

Epoch:3500
In training set, loss: 1.5786, Y0: 0.0292901

Epoch:3600
In training set, loss: 1.57004, Y0: 0.0292572

Epoch:3700
In training set, loss: 1.56211, Y0: 0.0292251

Epoch:3800
In training set, loss: 1.55475, Y0: 0.029194

Epoch:3900
In training set, loss: 1.54791, Y0: 0.0291637

Epoch:4000
In training set, loss: 1.54155, Y0: 0.0291343



###############################################################################
TCHPC Cluster: kelvin
Job 18710 (BSDE_job_4_procs) for User 'zuoy' in Account 'hpc_21_01207'
Finished at: Tue Nov  2 21:34:59 GMT 2021

Job efficiency estimates:
=========================

Job ID: 18710
Cluster: kelvin
User/Group: zuoy/zuoy
State: COMPLETED (exit code 0)
Nodes: 1
Cores per node: 12
CPU Utilized: 09:35:06
CPU Efficiency: 66.64% of 14:23:00 core-walltime
Job Wall-clock time: 01:11:55
Memory Utilized: 585.23 MB
Memory Efficiency: 2.54% of 22.46 GB

Job completion status:
======================

       JobID    JobName AllocCPUS NTasks NNodes     MaxRSS    MaxRSSNode  MaxDiskRead MaxDiskWrite    Elapsed      State ExitCode 
------------ ---------- --------- ------ ------ ---------- ------------- ------------ ------------ ---------- ---------- -------- 
18710        BSDE_job_+        12             1                                                      01:11:55  COMPLETED      0:0 
18710.batch       batch        12      1      1    599276K   kelvin-n049        0.86M        0.01M   01:11:55  COMPLETED      0:0 


Job details:
============

JobId=18710 JobName=BSDE_job_4_procs
   UserId=zuoy(1582) GroupId=zuoy(1252) MCS_label=N/A
   Priority=12077044 Nice=0 Account=hpc_21_01207 QOS=normal
   JobState=COMPLETING Reason=None Dependency=(null)
   Requeue=0 Restarts=0 BatchFlag=1 Reboot=0 ExitCode=0:0
   DerivedExitCode=0:0
   RunTime=01:11:55 TimeLimit=23:00:00 TimeMin=N/A
   SubmitTime=2021-11-02T17:49:52 EligibleTime=2021-11-02T17:49:52
   AccrueTime=2021-11-02T17:49:52
   StartTime=2021-11-02T20:23:04 EndTime=2021-11-02T21:34:59 Deadline=N/A
   SuspendTime=None SecsPreSuspend=0 LastSchedEval=2021-11-02T20:23:04
   Partition=compute AllocNode:Sid=kelvin01:3879
   ReqNodeList=(null) ExcNodeList=(null)
   NodeList=
   BatchHost=kelvin-n049
   NumNodes=1 NumCPUs=12 NumTasks=8 CPUs/Task=1 ReqB:S:C:T=0:0:*:*
   TRES=cpu=12,mem=23000M,node=1,billing=12
   Socks/Node=* NtasksPerN:B:S:C=0:0:*:* CoreSpec=*
   JOB_GRES=(null)
     Nodes=kelvin-n049 CPU_IDs=0-11 Mem=23000 GRES=
   MinCPUsNode=1 MinMemoryNode=23000M MinTmpDiskNode=0
   Features=(null) DelayBoot=00:00:00
   OverSubscribe=NO Contiguous=0 Licenses=(null) Network=(null)
   Command=/home/users/mschpc/2019/zuoy/HPC/NeuralNetwork/scripts/script_AllenCahn_d200_b1_n8.sh
   WorkDir=/home/users/mschpc/2019/zuoy/HPC/NeuralNetwork
   StdErr=/home/users/mschpc/2019/zuoy/HPC/NeuralNetwork/output/slurm-18710.out
   StdIn=/dev/null
   StdOut=/home/users/mschpc/2019/zuoy/HPC/NeuralNetwork/output/slurm-18710.out
   Power=
   NtasksPerTRES:0


Disk quota details:
===================

Quota Type           Name  Filesystem     Usage in MB     Limit in MB    % Used
-------------------------------------------------------------------------------
USER                 zuoy       /home              68          51,200     0.13%

GROUP              mschpc   /projects             999          51,200     1.95%
GROUP          pi-dgolden   /projects               0          51,200     0.00%


SLURM Bank Statement:
=====================

User           Usage |        Account     Usage | Account Limit Available (CPU hrs)
---------- --------- + -------------- --------- + ------------- ---------
zuoy           2,542 |   HPC_21_01207     2,542 |       100,000    97,458


Acknowledgements:
=================

Note that usage of TCHPC Resources *must* be acknowledged in all publications.

Please see this page for details relevant to this cluster:

http://www.tchpc.tcd.ie/resources/acknowledgementpolicy

################################################################################
