Dimension: 200
Total time: 1
Number of time intervals: 20
Learning rate: 0.01
y_init_range: 0, 1
Number of neurons in each hidden layer of each subnet: 110, 110, 
Epochs: 3000
Batch size: 128
Sample size: 1024
Logging frequency: 100
Model name: HJBLQ_parallel_
Number of processors: 4


Training:
Epoch:100
In training set, loss: 290.681, Y0: 4.47669

Epoch:200
In training set, loss: 54.133, Y0: 5.05541

Epoch:300
In training set, loss: 42.8222, Y0: 5.14378

Epoch:400
In training set, loss: 36.6817, Y0: 5.16852

Epoch:500
In training set, loss: 31.899, Y0: 5.18304

Epoch:600
In training set, loss: 28.1154, Y0: 5.19443

Epoch:700
In training set, loss: 25.1016, Y0: 5.20394

Epoch:800
In training set, loss: 22.6849, Y0: 5.212

Epoch:900
In training set, loss: 20.734, Y0: 5.21887

Epoch:1000
In training set, loss: 19.1485, Y0: 5.22477

Epoch:1100
In training set, loss: 17.8515, Y0: 5.22986

Epoch:1200
In training set, loss: 16.7835, Y0: 5.23427

Epoch:1300
In training set, loss: 15.8986, Y0: 5.23812

Epoch:1400
In training set, loss: 15.1608, Y0: 5.24148

Epoch:1500
In training set, loss: 14.542, Y0: 5.24444

Epoch:1600
In training set, loss: 14.02, Y0: 5.24705

Epoch:1700
In training set, loss: 13.5771, Y0: 5.24936

Epoch:1800
In training set, loss: 13.1994, Y0: 5.25141

Epoch:1900
In training set, loss: 12.8755, Y0: 5.25324

Epoch:2000
In training set, loss: 12.5964, Y0: 5.25488

Epoch:2100
In training set, loss: 12.3548, Y0: 5.25634

Epoch:2200
In training set, loss: 12.1446, Y0: 5.25766

Epoch:2300
In training set, loss: 11.9609, Y0: 5.25885

Epoch:2400
In training set, loss: 11.7997, Y0: 5.25992

Epoch:2500
In training set, loss: 11.6576, Y0: 5.2609

Epoch:2600
In training set, loss: 11.5318, Y0: 5.26177

Epoch:2700
In training set, loss: 11.42, Y0: 5.26257

Epoch:2800
In training set, loss: 11.3202, Y0: 5.2633

Epoch:2900
In training set, loss: 11.2308, Y0: 5.26396

Epoch:3000
In training set, loss: 11.1504, Y0: 5.26457



###############################################################################
TCHPC Cluster: kelvin
Job 18661 (BSDE_job_4_procs) for User 'zuoy' in Account 'hpc_21_01207'
Finished at: Tue Nov  2 17:54:25 GMT 2021

Job efficiency estimates:
=========================

Job ID: 18661
Cluster: kelvin
User/Group: zuoy/zuoy
State: COMPLETED (exit code 0)
Nodes: 1
Cores per node: 12
CPU Utilized: 02:50:39
CPU Efficiency: 33.32% of 08:32:12 core-walltime
Job Wall-clock time: 00:42:41
Memory Utilized: 296.73 MB
Memory Efficiency: 1.29% of 22.46 GB

Job completion status:
======================

       JobID    JobName AllocCPUS NTasks NNodes     MaxRSS    MaxRSSNode  MaxDiskRead MaxDiskWrite    Elapsed      State ExitCode 
------------ ---------- --------- ------ ------ ---------- ------------- ------------ ------------ ---------- ---------- -------- 
18661        BSDE_job_+        12             1                                                      00:42:41  COMPLETED      0:0 
18661.batch       batch        12      1      1    303852K   kelvin-n075        0.86M        0.01M   00:42:41  COMPLETED      0:0 


Job details:
============

JobId=18661 JobName=BSDE_job_4_procs
   UserId=zuoy(1582) GroupId=zuoy(1252) MCS_label=N/A
   Priority=12098985 Nice=0 Account=hpc_21_01207 QOS=normal
   JobState=COMPLETING Reason=None Dependency=(null)
   Requeue=0 Restarts=0 BatchFlag=1 Reboot=0 ExitCode=0:0
   DerivedExitCode=0:0
   RunTime=00:42:41 TimeLimit=23:00:00 TimeMin=N/A
   SubmitTime=2021-11-02T15:45:38 EligibleTime=2021-11-02T15:45:38
   AccrueTime=2021-11-02T15:45:38
   StartTime=2021-11-02T17:11:44 EndTime=2021-11-02T17:54:25 Deadline=N/A
   SuspendTime=None SecsPreSuspend=0 LastSchedEval=2021-11-02T17:11:44
   Partition=compute AllocNode:Sid=kelvin01:3879
   ReqNodeList=(null) ExcNodeList=(null)
   NodeList=
   BatchHost=kelvin-n075
   NumNodes=1 NumCPUs=12 NumTasks=4 CPUs/Task=1 ReqB:S:C:T=0:0:*:*
   TRES=cpu=12,mem=23000M,node=1,billing=12
   Socks/Node=* NtasksPerN:B:S:C=0:0:*:* CoreSpec=*
   JOB_GRES=(null)
     Nodes=kelvin-n075 CPU_IDs=0-11 Mem=23000 GRES=
   MinCPUsNode=1 MinMemoryNode=23000M MinTmpDiskNode=0
   Features=(null) DelayBoot=00:00:00
   OverSubscribe=NO Contiguous=0 Licenses=(null) Network=(null)
   Command=/home/users/mschpc/2019/zuoy/HPC/NeuralNetwork/scripts/script_HJBLQ_d200_b128_n4.sh
   WorkDir=/home/users/mschpc/2019/zuoy/HPC/NeuralNetwork
   StdErr=/home/users/mschpc/2019/zuoy/HPC/NeuralNetwork/output/slurm-18661.out
   StdIn=/dev/null
   StdOut=/home/users/mschpc/2019/zuoy/HPC/NeuralNetwork/output/slurm-18661.out
   Power=
   NtasksPerTRES:0


Disk quota details:
===================

Quota Type           Name  Filesystem     Usage in MB     Limit in MB    % Used
-------------------------------------------------------------------------------
USER                 zuoy       /home              68          51,200     0.13%

GROUP              mschpc   /projects             999          51,200     1.95%
GROUP          pi-dgolden   /projects               0          51,200     0.00%


SLURM Bank Statement:
=====================

User           Usage |        Account     Usage | Account Limit Available (CPU hrs)
---------- --------- + -------------- --------- + ------------- ---------
zuoy           1,914 |   HPC_21_01207     1,914 |       100,000    98,086


Acknowledgements:
=================

Note that usage of TCHPC Resources *must* be acknowledged in all publications.

Please see this page for details relevant to this cluster:

http://www.tchpc.tcd.ie/resources/acknowledgementpolicy

################################################################################
