Config data loaded successfully!
Dimension: 300
Total time: 1
Number of time intervals: 20
Learning rate: 0.01
y_init_range: 0, 1
Number of neurons in each hidden layer of each subnet: 110, 110, 
Epochs: 3000
Batch size: 64
Sample size: 1024
Logging frequency: 100
Model name: HJBLQ_serial_


Training:
Epoch:100
In training set, loss: 25.8135, Y0: 5.55561

Epoch:200
In training set, loss: 12.5843, Y0: 5.61965

Epoch:300
In training set, loss: 8.83799, Y0: 5.64699

Epoch:400
In training set, loss: 7.39119, Y0: 5.66088

Epoch:500
In training set, loss: 6.71832, Y0: 5.66871

Epoch:600
In training set, loss: 6.36377, Y0: 5.67345

Epoch:700
In training set, loss: 6.1575, Y0: 5.67647

Epoch:800
In training set, loss: 6.02616, Y0: 5.67847

Epoch:900
In training set, loss: 5.93492, Y0: 5.67984

Epoch:1000
In training set, loss: 5.86605, Y0: 5.68079

Epoch:1100
In training set, loss: 5.81007, Y0: 5.68148

Epoch:1200
In training set, loss: 5.76177, Y0: 5.68197

Epoch:1300
In training set, loss: 5.71816, Y0: 5.68234

Epoch:1400
In training set, loss: 5.67748, Y0: 5.68261

Epoch:1500
In training set, loss: 5.63869, Y0: 5.68282

Epoch:1600
In training set, loss: 5.60119, Y0: 5.68297

Epoch:1700
In training set, loss: 5.56457, Y0: 5.68309

Epoch:1800
In training set, loss: 5.5286, Y0: 5.68319

Epoch:1900
In training set, loss: 5.49313, Y0: 5.68326

Epoch:2000
In training set, loss: 5.45806, Y0: 5.68332

Epoch:2100
In training set, loss: 5.42333, Y0: 5.68337

Epoch:2200
In training set, loss: 5.38892, Y0: 5.6834

Epoch:2300
In training set, loss: 5.35478, Y0: 5.68343

Epoch:2400
In training set, loss: 5.32089, Y0: 5.68346

Epoch:2500
In training set, loss: 5.28726, Y0: 5.68348

Epoch:2600
In training set, loss: 5.25386, Y0: 5.6835

Epoch:2700
In training set, loss: 5.2207, Y0: 5.68352

Epoch:2800
In training set, loss: 5.18776, Y0: 5.68353

Epoch:2900
In training set, loss: 5.15506, Y0: 5.68354

Epoch:3000
In training set, loss: 5.12257, Y0: 5.68354



###############################################################################
TCHPC Cluster: kelvin
Job 18913 (BSDE_job_1_procs) for User 'zuoy' in Account 'hpc_21_01207'
Finished at: Wed Nov  3 13:58:32 GMT 2021

Job efficiency estimates:
=========================

Job ID: 18913
Cluster: kelvin
User/Group: zuoy/zuoy
State: RUNNING
Nodes: 1
Cores per node: 12
CPU Utilized: 04:03:45
CPU Efficiency: 8.33% of 2-00:45:12 core-walltime
Job Wall-clock time: 04:03:46
Memory Utilized: 61.96 MB
Memory Efficiency: 0.27% of 22.46 GB
WARNING: Efficiency statistics may be misleading for RUNNING jobs.

Job completion status:
======================

       JobID    JobName AllocCPUS NTasks NNodes     MaxRSS    MaxRSSNode  MaxDiskRead MaxDiskWrite    Elapsed      State ExitCode 
------------ ---------- --------- ------ ------ ---------- ------------- ------------ ------------ ---------- ---------- -------- 
18913        BSDE_job_+        12             1                                                      04:03:46  COMPLETED      0:0 
18913.batch       batch        12      1      1     63444K   kelvin-n024        0.85M        0.01M   04:03:46  COMPLETED      0:0 


Job details:
============

JobId=18913 JobName=BSDE_job_1_procs
   UserId=zuoy(1582) GroupId=zuoy(1252) MCS_label=N/A
   Priority=12214685 Nice=0 Account=hpc_21_01207 QOS=normal
   JobState=COMPLETING Reason=None Dependency=(null)
   Requeue=0 Restarts=0 BatchFlag=1 Reboot=0 ExitCode=0:0
   DerivedExitCode=0:0
   RunTime=04:03:46 TimeLimit=2-23:00:00 TimeMin=N/A
   SubmitTime=2021-11-03T00:51:23 EligibleTime=2021-11-03T00:51:23
   AccrueTime=2021-11-03T00:51:23
   StartTime=2021-11-03T09:54:46 EndTime=2021-11-03T13:58:32 Deadline=N/A
   SuspendTime=None SecsPreSuspend=0 LastSchedEval=2021-11-03T09:54:46
   Partition=compute AllocNode:Sid=kelvin01:3879
   ReqNodeList=(null) ExcNodeList=(null)
   NodeList=
   BatchHost=kelvin-n024
   NumNodes=1 NumCPUs=12 NumTasks=1 CPUs/Task=1 ReqB:S:C:T=0:0:*:*
   TRES=cpu=12,mem=23000M,node=1,billing=12
   Socks/Node=* NtasksPerN:B:S:C=0:0:*:* CoreSpec=*
   JOB_GRES=(null)
     Nodes=kelvin-n024 CPU_IDs=0-11 Mem=23000 GRES=
   MinCPUsNode=1 MinMemoryNode=23000M MinTmpDiskNode=0
   Features=(null) DelayBoot=00:00:00
   OverSubscribe=NO Contiguous=0 Licenses=(null) Network=(null)
   Command=/home/users/mschpc/2019/zuoy/HPC/NeuralNetwork/scripts/script_HJBLQ_d300_b64.sh
   WorkDir=/home/users/mschpc/2019/zuoy/HPC/NeuralNetwork
   StdErr=/home/users/mschpc/2019/zuoy/HPC/NeuralNetwork/output/slurm-18913.out
   StdIn=/dev/null
   StdOut=/home/users/mschpc/2019/zuoy/HPC/NeuralNetwork/output/slurm-18913.out
   Power=
   NtasksPerTRES:0


Disk quota details:
===================

Quota Type           Name  Filesystem     Usage in MB     Limit in MB    % Used
-------------------------------------------------------------------------------
USER                 zuoy       /home              68          51,200     0.13%

GROUP              mschpc   /projects             999          51,200     1.95%
GROUP          pi-dgolden   /projects               0          51,200     0.00%


SLURM Bank Statement:
=====================

User           Usage |        Account     Usage | Account Limit Available (CPU hrs)
---------- --------- + -------------- --------- + ------------- ---------
zuoy           4,028 |   HPC_21_01207     4,028 |       100,000    95,972


Acknowledgements:
=================

Note that usage of TCHPC Resources *must* be acknowledged in all publications.

Please see this page for details relevant to this cluster:

http://www.tchpc.tcd.ie/resources/acknowledgementpolicy

################################################################################
