Ring-AllReduce Mode

Dimension: 100
Total time: 0.3
Number of time intervals: 20
Learning rate: 0.0005
y_init_range: 0.3, 0.5
Number of neurons in each hidden layer of each subnet: 110, 110, 
Epochs: 4000
Batch size: 1
Sample size: 1024
Logging frequency: 100
Model name: AllenCahn_parallel_
Number of processors: 4


Training:
[kelvin-n044:04792] *** Process received signal ***
[kelvin-n044:04792] Signal: Segmentation fault (11)
[kelvin-n044:04792] Signal code: Address not mapped (1)
[kelvin-n044:04792] Failing at address: (nil)
[kelvin-n044:04789] *** Process received signal ***
[kelvin-n044:04789] Signal: Segmentation fault (11)
[kelvin-n044:04789] Signal code: Address not mapped (1)
[kelvin-n044:04789] Failing at address: (nil)
[kelvin-n044:04790] *** Process received signal ***
[kelvin-n044:04790] Signal: Segmentation fault (11)
[kelvin-n044:04790] Signal code: Address not mapped (1)
[kelvin-n044:04790] Failing at address: 0x90
[kelvin-n044:04791] *** Process received signal ***
[kelvin-n044:04791] Signal: Segmentation fault (11)
[kelvin-n044:04791] Signal code: Address not mapped (1)
[kelvin-n044:04791] Failing at address: (nil)
[kelvin-n044:04792] [ 0] /usr/lib64/libpthread.so.0(+0xf630)[0x7f13617fa630]
[kelvin-n044:04792] [ 1] [kelvin-n044:04789] [ 0] /usr/lib64/libpthread.so.0(+0xf630)[0x7f418848e630]
[kelvin-n044:04789] [ 1] /usr/lib64/libc.so.6(+0x156eb3)[0x7f4188207eb3]
[kelvin-n044:04789] [ 2] ./BSDE.out[0x412d8e]
[kelvin-n044:04789] [kelvin-n044:04790] [ 0] /usr/lib64/libpthread.so.0(+0xf630)[0x7f3eeaba5630]
[kelvin-n044:04790] [ 1] [kelvin-n044:04791] [ 0] [ 3] ./BSDE.out[0x40eb80]
[kelvin-n044:04789] [ 4] ./BSDE.out[0x403c3c]
[kelvin-n044:04789] [ 5] /usr/lib64/libc.so.6(+0x156eb3)[0x7f3eea91eeb3]
[kelvin-n044:04790] [ 2] ./BSDE.out[0x412d8e]
[kelvin-n044:04790] [ 3] ./BSDE.out[0x40eb80]
[kelvin-n044:04790] [ 4] ./BSDE.out[0x403c3c]
[kelvin-n044:04790] [ 5] /usr/lib64/libc.so.6(__libc_start_main+0xf5)[0x7f3eea7ea555]
[kelvin-n044:04790] [ 6] ./BSDE.out[0x403fff]
[kelvin-n044:04790] *** End of error message ***
/usr/lib64/libc.so.6(+0x156eb3)[0x7f1361573eb3]
[kelvin-n044:04792] [ 2] ./BSDE.out[0x412d8e]
[kelvin-n044:04792] [ 3] ./BSDE.out[0x40eb80]
[kelvin-n044:04792] [ 4] ./BSDE.out[0x403c3c]
[kelvin-n044:04792] [ 5] /usr/lib64/libc.so.6(__libc_start_main+0xf5)[0x7f136143f555]
[kelvin-n044:04792] [ 6] ./BSDE.out[0x403fff]
[kelvin-n044:04792] *** End of error message ***
/usr/lib64/libpthread.so.0(+0xf630)[0x7fb94088b630]
[kelvin-n044:04791] [ 1] /usr/lib64/libc.so.6(+0x156eb3)[0x7fb940604eb3]
[kelvin-n044:04791] [ 2] ./BSDE.out[0x412d8e]
[kelvin-n044:04791] [ 3] ./BSDE.out[0x40eb80]
[kelvin-n044:04791] [ 4] ./BSDE.out[0x403c3c]
[kelvin-n044:04791] [ 5] /usr/lib64/libc.so.6(__libc_start_main+0xf5)[0x7f41880d3555]
[kelvin-n044:04789] [ 6] ./BSDE.out[0x403fff]
[kelvin-n044:04789] *** End of error message ***
/usr/lib64/libc.so.6(__libc_start_main+0xf5)[0x7fb9404d0555]
[kelvin-n044:04791] [ 6] ./BSDE.out[0x403fff]
[kelvin-n044:04791] *** End of error message ***
--------------------------------------------------------------------------
Primary job  terminated normally, but 1 process returned
a non-zero exit code. Per user-direction, the job has been aborted.
--------------------------------------------------------------------------
--------------------------------------------------------------------------
mpirun noticed that process rank 2 with PID 4791 on node kelvin-n044 exited on signal 11 (Segmentation fault).
--------------------------------------------------------------------------
2 total processes killed (some possibly by mpirun during cleanup)


###############################################################################
TCHPC Cluster: kelvin
Job 19259 (BSDE_job_4_procs) for User 'zuoy' in Account 'hpc_21_01207'
Finished at: Thu Nov  4 22:40:57 GMT 2021

Job efficiency estimates:
=========================

Job ID: 19259
Cluster: kelvin
User/Group: zuoy/zuoy
State: FAILED (exit code 139)
Nodes: 1
Cores per node: 12
CPU Utilized: 00:00:05
CPU Efficiency: 5.95% of 00:01:24 core-walltime
Job Wall-clock time: 00:00:07
Memory Utilized: 102.93 MB
Memory Efficiency: 0.45% of 22.46 GB

Job completion status:
======================

       JobID    JobName AllocCPUS NTasks NNodes     MaxRSS    MaxRSSNode  MaxDiskRead MaxDiskWrite    Elapsed      State ExitCode 
------------ ---------- --------- ------ ------ ---------- ------------- ------------ ------------ ---------- ---------- -------- 
19259        BSDE_job_+        12             1                                                      00:00:07     FAILED     11:0 
19259.batch       batch        12      1      1    105396K   kelvin-n044            0            0   00:00:07     FAILED     11:0 


Job details:
============

JobId=19259 JobName=BSDE_job_4_procs
   UserId=zuoy(1582) GroupId=zuoy(1252) MCS_label=N/A
   Priority=11675027 Nice=0 Account=hpc_21_01207 QOS=normal
   JobState=COMPLETING Reason=NonZeroExitCode Dependency=(null)
   Requeue=0 Restarts=0 BatchFlag=1 Reboot=0 ExitCode=139:0
   DerivedExitCode=0:0
   RunTime=00:00:07 TimeLimit=23:00:00 TimeMin=N/A
   SubmitTime=2021-11-04T22:26:20 EligibleTime=2021-11-04T22:26:20
   AccrueTime=2021-11-04T22:26:20
   StartTime=2021-11-04T22:40:50 EndTime=2021-11-04T22:40:57 Deadline=N/A
   SuspendTime=None SecsPreSuspend=0 LastSchedEval=2021-11-04T22:40:50
   Partition=compute AllocNode:Sid=kelvin01:11264
   ReqNodeList=(null) ExcNodeList=(null)
   NodeList=
   BatchHost=kelvin-n044
   NumNodes=1 NumCPUs=12 NumTasks=4 CPUs/Task=1 ReqB:S:C:T=0:0:*:*
   TRES=cpu=12,mem=23000M,node=1,billing=12
   Socks/Node=* NtasksPerN:B:S:C=0:0:*:* CoreSpec=*
   JOB_GRES=(null)
     Nodes=kelvin-n044 CPU_IDs=0-11 Mem=23000 GRES=
   MinCPUsNode=1 MinMemoryNode=23000M MinTmpDiskNode=0
   Features=(null) DelayBoot=00:00:00
   OverSubscribe=NO Contiguous=0 Licenses=(null) Network=(null)
   Command=/home/users/mschpc/2019/zuoy/HPC/NeuralNetwork/scripts/script_AllenCahn_d100_b1_n4.sh
   WorkDir=/home/users/mschpc/2019/zuoy/HPC/NeuralNetwork
   StdErr=/home/users/mschpc/2019/zuoy/HPC/NeuralNetwork/output/slurm-19259.out
   StdIn=/dev/null
   StdOut=/home/users/mschpc/2019/zuoy/HPC/NeuralNetwork/output/slurm-19259.out
   Power=
   NtasksPerTRES:0


Disk quota details:
===================

Quota Type           Name  Filesystem     Usage in MB     Limit in MB    % Used
-------------------------------------------------------------------------------
USER                 zuoy       /home              76          51,200     0.15%

GROUP              mschpc   /projects             999          51,200     1.95%
GROUP          pi-dgolden   /projects               0          51,200     0.00%


SLURM Bank Statement:
=====================

User           Usage |        Account     Usage | Account Limit Available (CPU hrs)
---------- --------- + -------------- --------- + ------------- ---------
zuoy           4,456 |   HPC_21_01207     4,456 |       100,000    95,544


Acknowledgements:
=================

Note that usage of TCHPC Resources *must* be acknowledged in all publications.

Please see this page for details relevant to this cluster:

http://www.tchpc.tcd.ie/resources/acknowledgementpolicy

################################################################################
