Dimension: 100
Total time: 1
Number of time intervals: 40
Learning rate: 0.01
y_init_range: 40, 50
Number of neurons in each hidden layer of each subnet: 110, 110, 
Epochs: 1000
Batch size: 128
Sample size: 1024
Logging frequency: 100
Model name: pricing_default_risk_parallel_
Number of processors: 16


Training:
Epoch:100
In training set, loss: 62441, Y0: 46.545

Epoch:200
In training set, loss: 31302.8, Y0: 50.4114

Epoch:300
In training set, loss: 20233.9, Y0: 52.815

Epoch:400
In training set, loss: 15892.4, Y0: 54.3258

Epoch:500
In training set, loss: 14154.2, Y0: 55.2797

Epoch:600
In training set, loss: 13439.7, Y0: 55.8838

Epoch:700
In training set, loss: 13133.1, Y0: 56.2673

Epoch:800
In training set, loss: 12989.5, Y0: 56.5111

Epoch:900
In training set, loss: 12912.4, Y0: 56.6665

Epoch:1000
In training set, loss: 12862.7, Y0: 56.7657



###############################################################################
TCHPC Cluster: kelvin
Job 18524 (BSDE_job_4_procs) for User 'zuoy' in Account 'hpc_21_01207'
Finished at: Tue Nov  2 02:44:01 GMT 2021

Job efficiency estimates:
=========================

Job ID: 18524
Cluster: kelvin
User/Group: zuoy/zuoy
State: COMPLETED (exit code 0)
Nodes: 2
Cores per node: 12
CPU Utilized: 01:21:37
CPU Efficiency: 33.07% of 04:06:48 core-walltime
Job Wall-clock time: 00:10:17
Memory Utilized: 638.76 MB
Memory Efficiency: 1.39% of 44.92 GB

Job completion status:
======================

       JobID    JobName AllocCPUS NTasks NNodes     MaxRSS    MaxRSSNode  MaxDiskRead MaxDiskWrite    Elapsed      State ExitCode 
------------ ---------- --------- ------ ------ ---------- ------------- ------------ ------------ ---------- ---------- -------- 
18524        BSDE_job_+        24             2                                                      00:10:17  COMPLETED      0:0 
18524.batch       batch        12      1      1    654088K   kelvin-n023        0.86M        0.01M   00:10:17  COMPLETED      0:0 
18524.0           orted        12      1      1                                                      00:10:16  COMPLETED      0:0 


Job details:
============

JobId=18524 JobName=BSDE_job_4_procs
   UserId=zuoy(1582) GroupId=zuoy(1252) MCS_label=N/A
   Priority=12389881 Nice=0 Account=hpc_21_01207 QOS=normal
   JobState=COMPLETING Reason=None Dependency=(null)
   Requeue=0 Restarts=0 BatchFlag=1 Reboot=0 ExitCode=0:0
   DerivedExitCode=0:0
   RunTime=00:10:17 TimeLimit=23:00:00 TimeMin=N/A
   SubmitTime=2021-11-02T00:16:23 EligibleTime=2021-11-02T00:16:23
   AccrueTime=2021-11-02T00:16:23
   StartTime=2021-11-02T02:33:44 EndTime=2021-11-02T02:44:01 Deadline=N/A
   SuspendTime=None SecsPreSuspend=0 LastSchedEval=2021-11-02T02:33:44
   Partition=compute AllocNode:Sid=kelvin01:22516
   ReqNodeList=(null) ExcNodeList=(null)
   NodeList=kelvin-n093
   BatchHost=kelvin-n023
   NumNodes=1 NumCPUs=24 NumTasks=16 CPUs/Task=1 ReqB:S:C:T=0:0:*:*
   TRES=cpu=24,mem=46000M,node=2,billing=24
   Socks/Node=* NtasksPerN:B:S:C=0:0:*:* CoreSpec=*
   JOB_GRES=(null)
     Nodes=kelvin-n[023,093] CPU_IDs=0-11 Mem=23000 GRES=
   MinCPUsNode=1 MinMemoryNode=23000M MinTmpDiskNode=0
   Features=(null) DelayBoot=00:00:00
   OverSubscribe=NO Contiguous=0 Licenses=(null) Network=(null)
   Command=/home/users/mschpc/2019/zuoy/HPC/NeuralNetwork/scripts/script_PricingDefaultRisk_d100_b128_n16.sh
   WorkDir=/home/users/mschpc/2019/zuoy/HPC/NeuralNetwork
   StdErr=/home/users/mschpc/2019/zuoy/HPC/NeuralNetwork/output/slurm-18524.out
   StdIn=/dev/null
   StdOut=/home/users/mschpc/2019/zuoy/HPC/NeuralNetwork/output/slurm-18524.out
   Power=
   NtasksPerTRES:0


Disk quota details:
===================

Quota Type           Name  Filesystem     Usage in MB     Limit in MB    % Used
-------------------------------------------------------------------------------
USER                 zuoy       /home              65          51,200     0.13%

GROUP              mschpc   /projects             999          51,200     1.95%
GROUP          pi-dgolden   /projects               0          51,200     0.00%


SLURM Bank Statement:
=====================

User           Usage |        Account     Usage | Account Limit Available (CPU hrs)
---------- --------- + -------------- --------- + ------------- ---------
zuoy             578 |   HPC_21_01207       578 |       100,000    99,422


Acknowledgements:
=================

Note that usage of TCHPC Resources *must* be acknowledged in all publications.

Please see this page for details relevant to this cluster:

http://www.tchpc.tcd.ie/resources/acknowledgementpolicy

################################################################################
