Master-Slave Mode

Dimension: 300
Total time: 1
Number of time intervals: 40
Learning rate: 0.01
y_init_range: 40, 50
Number of neurons in each hidden layer of each subnet: 110, 110, 
Epochs: 1000
Batch size: 1
Sample size: 1024
Logging frequency: 100
Model name: pricing_default_risk_parallel_
Number of processors: 64


Training:
Epoch:100
In training set, loss: 7785.04, Y0: 51.917

Epoch:200
In training set, loss: 7102.72, Y0: 51.9463

Epoch:300
In training set, loss: 6743.94, Y0: 51.9696

Epoch:400
In training set, loss: 6530.77, Y0: 51.9881

Epoch:500
In training set, loss: 6390.32, Y0: 52.0028

Epoch:600
In training set, loss: 6289.75, Y0: 52.0148

Epoch:700
In training set, loss: 6212.13, Y0: 52.0246

Epoch:800
In training set, loss: 6149.76, Y0: 52.0326

Epoch:900
In training set, loss: 6096.27, Y0: 52.0393

Epoch:1000
In training set, loss: 6049.76, Y0: 52.0449



###############################################################################
TCHPC Cluster: kelvin
Job 19768 (BSDE_job_4_procs) for User 'zuoy' in Account 'hpc_21_01207'
Finished at: Mon Nov  8 20:27:51 GMT 2021

Job efficiency estimates:
=========================

Job ID: 19768
Cluster: kelvin
User/Group: zuoy/zuoy
State: COMPLETED (exit code 0)
Nodes: 6
Cores per node: 12
CPU Utilized: 03:36:04
CPU Efficiency: 15.13% of 23:48:00 core-walltime
Job Wall-clock time: 00:19:50
Memory Utilized: 1.81 GB
Memory Efficiency: 1.34% of 134.77 GB

Job completion status:
======================

       JobID    JobName AllocCPUS NTasks NNodes     MaxRSS    MaxRSSNode  MaxDiskRead MaxDiskWrite    Elapsed      State ExitCode 
------------ ---------- --------- ------ ------ ---------- ------------- ------------ ------------ ---------- ---------- -------- 
19768        BSDE_job_+        72             6                                                      00:19:50  COMPLETED      0:0 
19768.batch       batch        12      1      1   1900492K   kelvin-n049        0.87M        0.01M   00:19:50  COMPLETED      0:0 
19768.0           orted        60      5      5                                                      00:19:49  COMPLETED      0:0 


Job details:
============

JobId=19768 JobName=BSDE_job_4_procs
   UserId=zuoy(1582) GroupId=zuoy(1252) MCS_label=N/A
   Priority=12143333 Nice=0 Account=hpc_21_01207 QOS=normal
   JobState=COMPLETING Reason=None Dependency=(null)
   Requeue=0 Restarts=0 BatchFlag=1 Reboot=0 ExitCode=0:0
   DerivedExitCode=0:0
   RunTime=00:19:50 TimeLimit=23:00:00 TimeMin=N/A
   SubmitTime=2021-11-08T13:13:30 EligibleTime=2021-11-08T13:13:30
   AccrueTime=2021-11-08T13:13:30
   StartTime=2021-11-08T20:08:01 EndTime=2021-11-08T20:27:51 Deadline=N/A
   SuspendTime=None SecsPreSuspend=0 LastSchedEval=2021-11-08T20:08:01
   Partition=compute AllocNode:Sid=kelvin01:22494
   ReqNodeList=(null) ExcNodeList=(null)
   NodeList=kelvin-n[050,082-083,090,099]
   BatchHost=kelvin-n049
   NumNodes=5 NumCPUs=72 NumTasks=64 CPUs/Task=1 ReqB:S:C:T=0:0:*:*
   TRES=cpu=72,mem=138000M,node=6,billing=72
   Socks/Node=* NtasksPerN:B:S:C=0:0:*:* CoreSpec=*
   JOB_GRES=(null)
     Nodes=kelvin-n[049-050,082-083,090,099] CPU_IDs=0-11 Mem=23000 GRES=
   MinCPUsNode=1 MinMemoryNode=23000M MinTmpDiskNode=0
   Features=(null) DelayBoot=00:00:00
   OverSubscribe=NO Contiguous=0 Licenses=(null) Network=(null)
   Command=/home/users/mschpc/2019/zuoy/HPC/NeuralNetwork/scripts/script_PricingDefaultRisk_d300_b1_n64.sh
   WorkDir=/home/users/mschpc/2019/zuoy/HPC/NeuralNetwork
   StdErr=/home/users/mschpc/2019/zuoy/HPC/NeuralNetwork/output/slurm-19768.out
   StdIn=/dev/null
   StdOut=/home/users/mschpc/2019/zuoy/HPC/NeuralNetwork/output/slurm-19768.out
   Power=
   NtasksPerTRES:0


Disk quota details:
===================

Quota Type           Name  Filesystem     Usage in MB     Limit in MB    % Used
-------------------------------------------------------------------------------
USER                 zuoy       /home              89          51,200     0.17%

GROUP              mschpc   /projects             999          51,200     1.95%
GROUP          pi-dgolden   /projects               0          51,200     0.00%


SLURM Bank Statement:
=====================

User           Usage |        Account     Usage | Account Limit Available (CPU hrs)
---------- --------- + -------------- --------- + ------------- ---------
zuoy           6,567 |   HPC_21_01207     6,567 |       100,000    93,433


Acknowledgements:
=================

Note that usage of TCHPC Resources *must* be acknowledged in all publications.

Please see this page for details relevant to this cluster:

http://www.tchpc.tcd.ie/resources/acknowledgementpolicy

################################################################################
