Dimension: 100
Total time: 1
Number of time intervals: 20
Learning rate: 0.01
y_init_range: 0, 1
Number of neurons in each hidden layer of each subnet: 110, 110, 
Epochs: 3000
Batch size: 64
Sample size: 1024
Logging frequency: 100
Model name: HJBLQ_parallel_
Number of processors: 16


Training:
Epoch:100
In training set, loss: 1446.93, Y0: 2.84981

Epoch:200
In training set, loss: 237.168, Y0: 3.88033

Epoch:300
In training set, loss: 78.3691, Y0: 4.25415

Epoch:400
In training set, loss: 55.7858, Y0: 4.39169

Epoch:500
In training set, loss: 51.0075, Y0: 4.44412

Epoch:600
In training set, loss: 48.7312, Y0: 4.46571

Epoch:700
In training set, loss: 46.9551, Y0: 4.47595

Epoch:800
In training set, loss: 45.399, Y0: 4.48191

Epoch:900
In training set, loss: 44.0085, Y0: 4.4861

Epoch:1000
In training set, loss: 42.7608, Y0: 4.48948

Epoch:1100
In training set, loss: 41.6393, Y0: 4.4924

Epoch:1200
In training set, loss: 40.6299, Y0: 4.49501

Epoch:1300
In training set, loss: 39.7199, Y0: 4.49738

Epoch:1400
In training set, loss: 38.8984, Y0: 4.49952

Epoch:1500
In training set, loss: 38.1558, Y0: 4.50149

Epoch:1600
In training set, loss: 37.4833, Y0: 4.50328

Epoch:1700
In training set, loss: 36.8735, Y0: 4.50493

Epoch:1800
In training set, loss: 36.3195, Y0: 4.50644

Epoch:1900
In training set, loss: 35.8155, Y0: 4.50783

Epoch:2000
In training set, loss: 35.3561, Y0: 4.50911

Epoch:2100
In training set, loss: 34.9367, Y0: 4.51028

Epoch:2200
In training set, loss: 34.5531, Y0: 4.51138

Epoch:2300
In training set, loss: 34.2016, Y0: 4.51237

Epoch:2400
In training set, loss: 33.8789, Y0: 4.5133

Epoch:2500
In training set, loss: 33.5821, Y0: 4.51416

Epoch:2600
In training set, loss: 33.3087, Y0: 4.51495

Epoch:2700
In training set, loss: 33.0562, Y0: 4.51568

Epoch:2800
In training set, loss: 32.8226, Y0: 4.51636

Epoch:2900
In training set, loss: 32.606, Y0: 4.51698

Epoch:3000
In training set, loss: 32.4049, Y0: 4.51756



###############################################################################
TCHPC Cluster: kelvin
Job 18647 (BSDE_job_4_procs) for User 'zuoy' in Account 'hpc_21_01207'
Finished at: Tue Nov  2 16:47:27 GMT 2021

Job efficiency estimates:
=========================

Job ID: 18647
Cluster: kelvin
User/Group: zuoy/zuoy
State: COMPLETED (exit code 0)
Nodes: 2
Cores per node: 12
CPU Utilized: 01:19:57
CPU Efficiency: 33.15% of 04:01:12 core-walltime
Job Wall-clock time: 00:10:03
Memory Utilized: 431.80 MB
Memory Efficiency: 0.94% of 44.92 GB

Job completion status:
======================

       JobID    JobName AllocCPUS NTasks NNodes     MaxRSS    MaxRSSNode  MaxDiskRead MaxDiskWrite    Elapsed      State ExitCode 
------------ ---------- --------- ------ ------ ---------- ------------- ------------ ------------ ---------- ---------- -------- 
18647        BSDE_job_+        24             2                                                      00:10:03  COMPLETED      0:0 
18647.batch       batch        12      1      1    442168K   kelvin-n023        0.86M        0.01M   00:10:03  COMPLETED      0:0 
18647.0           orted        12      1      1                                                      00:10:02  COMPLETED      0:0 


Job details:
============

JobId=18647 JobName=BSDE_job_4_procs
   UserId=zuoy(1582) GroupId=zuoy(1252) MCS_label=N/A
   Priority=12082708 Nice=0 Account=hpc_21_01207 QOS=normal
   JobState=COMPLETING Reason=None Dependency=(null)
   Requeue=0 Restarts=0 BatchFlag=1 Reboot=0 ExitCode=0:0
   DerivedExitCode=0:0
   RunTime=00:10:03 TimeLimit=23:00:00 TimeMin=N/A
   SubmitTime=2021-11-02T15:45:38 EligibleTime=2021-11-02T15:45:38
   AccrueTime=2021-11-02T15:45:38
   StartTime=2021-11-02T16:37:24 EndTime=2021-11-02T16:47:27 Deadline=N/A
   SuspendTime=None SecsPreSuspend=0 LastSchedEval=2021-11-02T16:37:24
   Partition=compute AllocNode:Sid=kelvin01:3879
   ReqNodeList=(null) ExcNodeList=(null)
   NodeList=kelvin-n041
   BatchHost=kelvin-n023
   NumNodes=1 NumCPUs=24 NumTasks=16 CPUs/Task=1 ReqB:S:C:T=0:0:*:*
   TRES=cpu=24,mem=46000M,node=2,billing=24
   Socks/Node=* NtasksPerN:B:S:C=0:0:*:* CoreSpec=*
   JOB_GRES=(null)
     Nodes=kelvin-n[023,041] CPU_IDs=0-11 Mem=23000 GRES=
   MinCPUsNode=1 MinMemoryNode=23000M MinTmpDiskNode=0
   Features=(null) DelayBoot=00:00:00
   OverSubscribe=NO Contiguous=0 Licenses=(null) Network=(null)
   Command=/home/users/mschpc/2019/zuoy/HPC/NeuralNetwork/scripts/script_HJBLQ_d100_b64_n16.sh
   WorkDir=/home/users/mschpc/2019/zuoy/HPC/NeuralNetwork
   StdErr=/home/users/mschpc/2019/zuoy/HPC/NeuralNetwork/output/slurm-18647.out
   StdIn=/dev/null
   StdOut=/home/users/mschpc/2019/zuoy/HPC/NeuralNetwork/output/slurm-18647.out
   Power=
   NtasksPerTRES:0


Disk quota details:
===================

Quota Type           Name  Filesystem     Usage in MB     Limit in MB    % Used
-------------------------------------------------------------------------------
USER                 zuoy       /home              67          51,200     0.13%

GROUP              mschpc   /projects             999          51,200     1.95%
GROUP          pi-dgolden   /projects               0          51,200     0.00%


SLURM Bank Statement:
=====================

User           Usage |        Account     Usage | Account Limit Available (CPU hrs)
---------- --------- + -------------- --------- + ------------- ---------
zuoy           1,675 |   HPC_21_01207     1,675 |       100,000    98,325


Acknowledgements:
=================

Note that usage of TCHPC Resources *must* be acknowledged in all publications.

Please see this page for details relevant to this cluster:

http://www.tchpc.tcd.ie/resources/acknowledgementpolicy

################################################################################
