Dimension: 100
Total time: 1
Number of time intervals: 40
Learning rate: 0.01
y_init_range: 40, 50
Number of neurons in each hidden layer of each subnet: 110, 110, 
Epochs: 1000
Batch size: 1
Sample size: 1024
Logging frequency: 100
Model name: pricing_default_risk_parallel_
Number of processors: 32


Training:
Epoch:100
In training set, loss: 11403.1, Y0: 57.1318

Epoch:200
In training set, loss: 10739.9, Y0: 57.1479

Epoch:300
In training set, loss: 10297.9, Y0: 57.1537

Epoch:400
In training set, loss: 9931.35, Y0: 57.1546

Epoch:500
In training set, loss: 9590.32, Y0: 57.1543

Epoch:600
In training set, loss: 9275.28, Y0: 57.1526

Epoch:700
In training set, loss: 8975.05, Y0: 57.151

Epoch:800
In training set, loss: 8683.62, Y0: 57.1488

Epoch:900
In training set, loss: 8401.43, Y0: 57.1469

Epoch:1000
In training set, loss: 8126.4, Y0: 57.1445



###############################################################################
TCHPC Cluster: kelvin
Job 18517 (BSDE_job_4_procs) for User 'zuoy' in Account 'hpc_21_01207'
Finished at: Tue Nov  2 00:28:52 GMT 2021

Job efficiency estimates:
=========================

Job ID: 18517
Cluster: kelvin
User/Group: zuoy/zuoy
State: RUNNING
Nodes: 3
Cores per node: 12
CPU Utilized: 02:15:41
CPU Efficiency: 30.19% of 07:29:24 core-walltime
Job Wall-clock time: 00:12:29
Memory Utilized: 990.23 MB
Memory Efficiency: 1.44% of 67.38 GB
WARNING: Efficiency statistics may be misleading for RUNNING jobs.

Job completion status:
======================

       JobID    JobName AllocCPUS NTasks NNodes     MaxRSS    MaxRSSNode  MaxDiskRead MaxDiskWrite    Elapsed      State ExitCode 
------------ ---------- --------- ------ ------ ---------- ------------- ------------ ------------ ---------- ---------- -------- 
18517        BSDE_job_+        36             3                                                      00:12:29  COMPLETED      0:0 
18517.batch       batch        12      1      1   1014000K   kelvin-n075        0.86M        0.01M   00:12:29  COMPLETED      0:0 
18517.0           orted        24      2      2                                                      00:12:27  COMPLETED      0:0 


Job details:
============

JobId=18517 JobName=BSDE_job_4_procs
   UserId=zuoy(1582) GroupId=zuoy(1252) MCS_label=N/A
   Priority=12433096 Nice=0 Account=hpc_21_01207 QOS=normal
   JobState=COMPLETING Reason=None Dependency=(null)
   Requeue=0 Restarts=0 BatchFlag=1 Reboot=0 ExitCode=0:0
   DerivedExitCode=0:0
   RunTime=00:12:29 TimeLimit=23:00:00 TimeMin=N/A
   SubmitTime=2021-11-02T00:16:23 EligibleTime=2021-11-02T00:16:23
   AccrueTime=2021-11-02T00:16:23
   StartTime=2021-11-02T00:16:23 EndTime=2021-11-02T00:28:52 Deadline=N/A
   SuspendTime=None SecsPreSuspend=0 LastSchedEval=2021-11-02T00:16:23
   Partition=compute AllocNode:Sid=kelvin01:22516
   ReqNodeList=(null) ExcNodeList=(null)
   NodeList=kelvin-n[086,093]
   BatchHost=kelvin-n075
   NumNodes=2 NumCPUs=36 NumTasks=32 CPUs/Task=1 ReqB:S:C:T=0:0:*:*
   TRES=cpu=36,mem=69000M,node=3,billing=36
   Socks/Node=* NtasksPerN:B:S:C=0:0:*:* CoreSpec=*
   JOB_GRES=(null)
     Nodes=kelvin-n[075,086,093] CPU_IDs=0-11 Mem=23000 GRES=
   MinCPUsNode=1 MinMemoryNode=23000M MinTmpDiskNode=0
   Features=(null) DelayBoot=00:00:00
   OverSubscribe=NO Contiguous=0 Licenses=(null) Network=(null)
   Command=/home/users/mschpc/2019/zuoy/HPC/NeuralNetwork/scripts/script_PricingDefaultRisk_d100_b1_n32.sh
   WorkDir=/home/users/mschpc/2019/zuoy/HPC/NeuralNetwork
   StdErr=/home/users/mschpc/2019/zuoy/HPC/NeuralNetwork/output/slurm-18517.out
   StdIn=/dev/null
   StdOut=/home/users/mschpc/2019/zuoy/HPC/NeuralNetwork/output/slurm-18517.out
   Power=
   NtasksPerTRES:0


Disk quota details:
===================

Quota Type           Name  Filesystem     Usage in MB     Limit in MB    % Used
-------------------------------------------------------------------------------
USER                 zuoy       /home              64          51,200     0.13%

GROUP              mschpc   /projects             999          51,200     1.95%
GROUP          pi-dgolden   /projects               0          51,200     0.00%


SLURM Bank Statement:
=====================

User           Usage |        Account     Usage | Account Limit Available (CPU hrs)
---------- --------- + -------------- --------- + ------------- ---------
zuoy             334 |   HPC_21_01207       334 |       100,000    99,666


Acknowledgements:
=================

Note that usage of TCHPC Resources *must* be acknowledged in all publications.

Please see this page for details relevant to this cluster:

http://www.tchpc.tcd.ie/resources/acknowledgementpolicy

################################################################################
