Ring-AllReduce Mode

Dimension: 100
Total time: 0.3
Number of time intervals: 20
Learning rate: 0.0005
y_init_range: 0.3, 0.5
Number of neurons in each hidden layer of each subnet: 110, 110, 
Epochs: 4000
Batch size: 64
Sample size: 1024
Logging frequency: 100
Model name: AllenCahn_parallel_
Number of processors: 32


Training:
Epoch:100
In training set, loss: 26.7022, Y0: 0.296055

Epoch:200
In training set, loss: 26.0888, Y0: 0.292177

Epoch:300
In training set, loss: 25.4971, Y0: 0.288369

Epoch:400
In training set, loss: 24.9262, Y0: 0.284629

Epoch:500
In training set, loss: 24.3752, Y0: 0.280954

Epoch:600
In training set, loss: 23.8432, Y0: 0.277344

Epoch:700
In training set, loss: 23.3295, Y0: 0.273797

Epoch:800
In training set, loss: 22.8334, Y0: 0.27031

Epoch:900
In training set, loss: 22.3542, Y0: 0.266884

Epoch:1000
In training set, loss: 21.8912, Y0: 0.263516

Epoch:1100
In training set, loss: 21.4438, Y0: 0.260205

Epoch:1200
In training set, loss: 21.0114, Y0: 0.256951

Epoch:1300
In training set, loss: 20.5935, Y0: 0.253752

Epoch:1400
In training set, loss: 20.1895, Y0: 0.250606

Epoch:1500
In training set, loss: 19.7989, Y0: 0.247514

Epoch:1600
In training set, loss: 19.4212, Y0: 0.244473

Epoch:1700
In training set, loss: 19.0558, Y0: 0.241482

Epoch:1800
In training set, loss: 18.7024, Y0: 0.238541

Epoch:1900
In training set, loss: 18.3605, Y0: 0.235648

Epoch:2000
In training set, loss: 18.0297, Y0: 0.232802

Epoch:2100
In training set, loss: 17.7097, Y0: 0.230004

Epoch:2200
In training set, loss: 17.3999, Y0: 0.227251

Epoch:2300
In training set, loss: 17.1001, Y0: 0.224542

Epoch:2400
In training set, loss: 16.8099, Y0: 0.221878

Epoch:2500
In training set, loss: 16.5289, Y0: 0.219256

Epoch:2600
In training set, loss: 16.2569, Y0: 0.216676

Epoch:2700
In training set, loss: 15.9935, Y0: 0.214138

Epoch:2800
In training set, loss: 15.7384, Y0: 0.211641

Epoch:2900
In training set, loss: 15.4913, Y0: 0.209183

Epoch:3000
In training set, loss: 15.252, Y0: 0.206765

Epoch:3100
In training set, loss: 15.0203, Y0: 0.204384

Epoch:3200
In training set, loss: 14.7957, Y0: 0.202042

Epoch:3300
In training set, loss: 14.5782, Y0: 0.199736

Epoch:3400
In training set, loss: 14.3674, Y0: 0.197467

Epoch:3500
In training set, loss: 14.1631, Y0: 0.195233

Epoch:3600
In training set, loss: 13.9652, Y0: 0.193034

Epoch:3700
In training set, loss: 13.7733, Y0: 0.19087

Epoch:3800
In training set, loss: 13.5874, Y0: 0.188739

Epoch:3900
In training set, loss: 13.4072, Y0: 0.186641

Epoch:4000
In training set, loss: 13.2325, Y0: 0.184576



###############################################################################
TCHPC Cluster: kelvin
Job 19393 (BSDE_job_4_procs) for User 'zuoy' in Account 'hpc_21_01207'
Finished at: Fri Nov  5 05:37:44 GMT 2021

Job efficiency estimates:
=========================

Job ID: 19393
Cluster: kelvin
User/Group: zuoy/zuoy
State: COMPLETED (exit code 0)
Nodes: 3
Cores per node: 12
CPU Utilized: 01:53:37
CPU Efficiency: 30.35% of 06:14:24 core-walltime
Job Wall-clock time: 00:10:24
Memory Utilized: 582.95 MB
Memory Efficiency: 0.84% of 67.38 GB

Job completion status:
======================

       JobID    JobName AllocCPUS NTasks NNodes     MaxRSS    MaxRSSNode  MaxDiskRead MaxDiskWrite    Elapsed      State ExitCode 
------------ ---------- --------- ------ ------ ---------- ------------- ------------ ------------ ---------- ---------- -------- 
19393        BSDE_job_+        36             3                                                      00:10:24  COMPLETED      0:0 
19393.batch       batch        12      1      1    596940K   kelvin-n033        0.87M        0.01M   00:10:24  COMPLETED      0:0 
19393.0           orted        24      2      2                                                      00:10:22  COMPLETED      0:0 


Job details:
============

JobId=19393 JobName=BSDE_job_4_procs
   UserId=zuoy(1582) GroupId=zuoy(1252) MCS_label=N/A
   Priority=11745003 Nice=0 Account=hpc_21_01207 QOS=normal
   JobState=COMPLETING Reason=None Dependency=(null)
   Requeue=0 Restarts=0 BatchFlag=1 Reboot=0 ExitCode=0:0
   DerivedExitCode=0:0
   RunTime=00:10:24 TimeLimit=23:00:00 TimeMin=N/A
   SubmitTime=2021-11-05T01:01:38 EligibleTime=2021-11-05T01:01:38
   AccrueTime=2021-11-05T01:01:38
   StartTime=2021-11-05T05:27:20 EndTime=2021-11-05T05:37:44 Deadline=N/A
   SuspendTime=None SecsPreSuspend=0 LastSchedEval=2021-11-05T05:27:20
   Partition=compute AllocNode:Sid=kelvin01:28454
   ReqNodeList=(null) ExcNodeList=(null)
   NodeList=kelvin-n[041,043]
   BatchHost=kelvin-n033
   NumNodes=2 NumCPUs=36 NumTasks=32 CPUs/Task=1 ReqB:S:C:T=0:0:*:*
   TRES=cpu=36,mem=69000M,node=3,billing=36
   Socks/Node=* NtasksPerN:B:S:C=0:0:*:* CoreSpec=*
   JOB_GRES=(null)
     Nodes=kelvin-n[033,041,043] CPU_IDs=0-11 Mem=23000 GRES=
   MinCPUsNode=1 MinMemoryNode=23000M MinTmpDiskNode=0
   Features=(null) DelayBoot=00:00:00
   OverSubscribe=NO Contiguous=0 Licenses=(null) Network=(null)
   Command=/home/users/mschpc/2019/zuoy/HPC/NeuralNetwork/scripts/script_AllenCahn_d100_b64_n32.sh
   WorkDir=/home/users/mschpc/2019/zuoy/HPC/NeuralNetwork
   StdErr=/home/users/mschpc/2019/zuoy/HPC/NeuralNetwork/output/slurm-19393.out
   StdIn=/dev/null
   StdOut=/home/users/mschpc/2019/zuoy/HPC/NeuralNetwork/output/slurm-19393.out
   Power=
   NtasksPerTRES:0


Disk quota details:
===================

Quota Type           Name  Filesystem     Usage in MB     Limit in MB    % Used
-------------------------------------------------------------------------------
USER                 zuoy       /home              87          51,200     0.17%

GROUP              mschpc   /projects             999          51,200     1.95%
GROUP          pi-dgolden   /projects               0          51,200     0.00%


SLURM Bank Statement:
=====================

User           Usage |        Account     Usage | Account Limit Available (CPU hrs)
---------- --------- + -------------- --------- + ------------- ---------
zuoy           4,998 |   HPC_21_01207     4,998 |       100,000    95,002


Acknowledgements:
=================

Note that usage of TCHPC Resources *must* be acknowledged in all publications.

Please see this page for details relevant to this cluster:

http://www.tchpc.tcd.ie/resources/acknowledgementpolicy

################################################################################
