Dimension: 200
Total time: 0.3
Number of time intervals: 20
Learning rate: 0.0005
y_init_range: 0.3, 0.5
Number of neurons in each hidden layer of each subnet: 110, 110, 
Epochs: 4000
Batch size: 128
Sample size: 1024
Logging frequency: 100
Model name: AllenCahn_parallel_
Number of processors: 32


Training:
Epoch:100
In training set, loss: 27.2218, Y0: 0.297879

Epoch:200
In training set, loss: 26.8588, Y0: 0.295776

Epoch:300
In training set, loss: 26.5025, Y0: 0.293691

Epoch:400
In training set, loss: 26.1525, Y0: 0.291626

Epoch:500
In training set, loss: 25.8087, Y0: 0.289579

Epoch:600
In training set, loss: 25.4711, Y0: 0.287551

Epoch:700
In training set, loss: 25.1394, Y0: 0.28554

Epoch:800
In training set, loss: 24.8137, Y0: 0.283548

Epoch:900
In training set, loss: 24.4937, Y0: 0.281574

Epoch:1000
In training set, loss: 24.1792, Y0: 0.279616

Epoch:1100
In training set, loss: 23.8702, Y0: 0.277676

Epoch:1200
In training set, loss: 23.5666, Y0: 0.275753

Epoch:1300
In training set, loss: 23.2683, Y0: 0.273846

Epoch:1400
In training set, loss: 22.9752, Y0: 0.271957

Epoch:1500
In training set, loss: 22.6873, Y0: 0.270084

Epoch:1600
In training set, loss: 22.4043, Y0: 0.268228

Epoch:1700
In training set, loss: 22.1261, Y0: 0.266387

Epoch:1800
In training set, loss: 21.8527, Y0: 0.264562

Epoch:1900
In training set, loss: 21.5839, Y0: 0.262753

Epoch:2000
In training set, loss: 21.3198, Y0: 0.260959

Epoch:2100
In training set, loss: 21.0602, Y0: 0.259182

Epoch:2200
In training set, loss: 20.8049, Y0: 0.257419

Epoch:2300
In training set, loss: 20.5541, Y0: 0.255672

Epoch:2400
In training set, loss: 20.3074, Y0: 0.253939

Epoch:2500
In training set, loss: 20.0649, Y0: 0.252221

Epoch:2600
In training set, loss: 19.8264, Y0: 0.250517

Epoch:2700
In training set, loss: 19.592, Y0: 0.248828

Epoch:2800
In training set, loss: 19.3614, Y0: 0.247153

Epoch:2900
In training set, loss: 19.1347, Y0: 0.245492

Epoch:3000
In training set, loss: 18.9118, Y0: 0.243845

Epoch:3100
In training set, loss: 18.6926, Y0: 0.242212

Epoch:3200
In training set, loss: 18.477, Y0: 0.240592

Epoch:3300
In training set, loss: 18.265, Y0: 0.238986

Epoch:3400
In training set, loss: 18.0565, Y0: 0.237393

Epoch:3500
In training set, loss: 17.8514, Y0: 0.235814

Epoch:3600
In training set, loss: 17.6496, Y0: 0.234248

Epoch:3700
In training set, loss: 17.4512, Y0: 0.232694

Epoch:3800
In training set, loss: 17.256, Y0: 0.231153

Epoch:3900
In training set, loss: 17.064, Y0: 0.229625

Epoch:4000
In training set, loss: 16.875, Y0: 0.228109



###############################################################################
TCHPC Cluster: kelvin
Job 18720 (BSDE_job_4_procs) for User 'zuoy' in Account 'hpc_21_01207'
Finished at: Tue Nov  2 19:15:35 GMT 2021

Job efficiency estimates:
=========================

Job ID: 18720
Cluster: kelvin
User/Group: zuoy/zuoy
State: COMPLETED (exit code 0)
Nodes: 3
Cores per node: 12
CPU Utilized: 03:25:59
CPU Efficiency: 30.38% of 11:18:00 core-walltime
Job Wall-clock time: 00:18:50
Memory Utilized: 847.29 MB
Memory Efficiency: 1.23% of 67.38 GB

Job completion status:
======================

       JobID    JobName AllocCPUS NTasks NNodes     MaxRSS    MaxRSSNode  MaxDiskRead MaxDiskWrite    Elapsed      State ExitCode 
------------ ---------- --------- ------ ------ ---------- ------------- ------------ ------------ ---------- ---------- -------- 
18720        BSDE_job_+        36             3                                                      00:18:50  COMPLETED      0:0 
18720.batch       batch        12      1      1    867628K   kelvin-n009        0.86M        0.01M   00:18:50  COMPLETED      0:0 
18720.0           orted        24      2      2                                                      00:18:49  COMPLETED      0:0 


Job details:
============

JobId=18720 JobName=BSDE_job_4_procs
   UserId=zuoy(1582) GroupId=zuoy(1252) MCS_label=N/A
   Priority=12090621 Nice=0 Account=hpc_21_01207 QOS=normal
   JobState=COMPLETING Reason=None Dependency=(null)
   Requeue=0 Restarts=0 BatchFlag=1 Reboot=0 ExitCode=0:0
   DerivedExitCode=0:0
   RunTime=00:18:50 TimeLimit=23:00:00 TimeMin=N/A
   SubmitTime=2021-11-02T17:49:52 EligibleTime=2021-11-02T17:49:52
   AccrueTime=2021-11-02T17:49:52
   StartTime=2021-11-02T18:56:45 EndTime=2021-11-02T19:15:35 Deadline=N/A
   SuspendTime=None SecsPreSuspend=0 LastSchedEval=2021-11-02T18:56:45
   Partition=compute AllocNode:Sid=kelvin01:3879
   ReqNodeList=(null) ExcNodeList=(null)
   NodeList=kelvin-n[040,093]
   BatchHost=kelvin-n009
   NumNodes=2 NumCPUs=36 NumTasks=32 CPUs/Task=1 ReqB:S:C:T=0:0:*:*
   TRES=cpu=36,mem=69000M,node=3,billing=36
   Socks/Node=* NtasksPerN:B:S:C=0:0:*:* CoreSpec=*
   JOB_GRES=(null)
     Nodes=kelvin-n[009,040,093] CPU_IDs=0-11 Mem=23000 GRES=
   MinCPUsNode=1 MinMemoryNode=23000M MinTmpDiskNode=0
   Features=(null) DelayBoot=00:00:00
   OverSubscribe=NO Contiguous=0 Licenses=(null) Network=(null)
   Command=/home/users/mschpc/2019/zuoy/HPC/NeuralNetwork/scripts/script_AllenCahn_d200_b128_n32.sh
   WorkDir=/home/users/mschpc/2019/zuoy/HPC/NeuralNetwork
   StdErr=/home/users/mschpc/2019/zuoy/HPC/NeuralNetwork/output/slurm-18720.out
   StdIn=/dev/null
   StdOut=/home/users/mschpc/2019/zuoy/HPC/NeuralNetwork/output/slurm-18720.out
   Power=
   NtasksPerTRES:0


Disk quota details:
===================

Quota Type           Name  Filesystem     Usage in MB     Limit in MB    % Used
-------------------------------------------------------------------------------
USER                 zuoy       /home              67          51,200     0.13%

GROUP              mschpc   /projects             999          51,200     1.95%
GROUP          pi-dgolden   /projects               0          51,200     0.00%


SLURM Bank Statement:
=====================

User           Usage |        Account     Usage | Account Limit Available (CPU hrs)
---------- --------- + -------------- --------- + ------------- ---------
zuoy           2,124 |   HPC_21_01207     2,124 |       100,000    97,876


Acknowledgements:
=================

Note that usage of TCHPC Resources *must* be acknowledged in all publications.

Please see this page for details relevant to this cluster:

http://www.tchpc.tcd.ie/resources/acknowledgementpolicy

################################################################################
