Ring-AllReduce Mode

Dimension: 200
Total time: 1
Number of time intervals: 20
Learning rate: 0.01
y_init_range: 0, 1
Number of neurons in each hidden layer of each subnet: 110, 110, 
Epochs: 3000
Batch size: 1
Sample size: 1024
Logging frequency: 100
Model name: HJBLQ_parallel_
Number of processors: 16


Training:
Epoch:100
In training set, loss: 10.7424, Y0: 5.26218

Epoch:200
In training set, loss: 9.86639, Y0: 5.26879

Epoch:300
In training set, loss: 9.45462, Y0: 5.27004

Epoch:400
In training set, loss: 9.08349, Y0: 5.27044

Epoch:500
In training set, loss: 8.73021, Y0: 5.27063

Epoch:600
In training set, loss: 8.39228, Y0: 5.27078

Epoch:700
In training set, loss: 8.06878, Y0: 5.2709

Epoch:800
In training set, loss: 7.75907, Y0: 5.27101

Epoch:900
In training set, loss: 7.46245, Y0: 5.27112

Epoch:1000
In training set, loss: 7.17833, Y0: 5.27122

Epoch:1100
In training set, loss: 6.90614, Y0: 5.27132

Epoch:1200
In training set, loss: 6.64533, Y0: 5.27141

Epoch:1300
In training set, loss: 6.39538, Y0: 5.27151

Epoch:1400
In training set, loss: 6.1558, Y0: 5.27159

Epoch:1500
In training set, loss: 5.92612, Y0: 5.27168

Epoch:1600
In training set, loss: 5.70587, Y0: 5.27176

Epoch:1700
In training set, loss: 5.49465, Y0: 5.27184

Epoch:1800
In training set, loss: 5.29205, Y0: 5.27191

Epoch:1900
In training set, loss: 5.09769, Y0: 5.27198

Epoch:2000
In training set, loss: 4.91117, Y0: 5.27205

Epoch:2100
In training set, loss: 4.73217, Y0: 5.27212

Epoch:2200
In training set, loss: 4.56039, Y0: 5.27219

Epoch:2300
In training set, loss: 4.39546, Y0: 5.27225

Epoch:2400
In training set, loss: 4.23711, Y0: 5.27231

Epoch:2500
In training set, loss: 4.08503, Y0: 5.27236

Epoch:2600
In training set, loss: 3.93897, Y0: 5.27242

Epoch:2700
In training set, loss: 3.79865, Y0: 5.27247

Epoch:2800
In training set, loss: 3.66383, Y0: 5.27252

Epoch:2900
In training set, loss: 3.53428, Y0: 5.27257

Epoch:3000
In training set, loss: 3.40978, Y0: 5.27262



###############################################################################
TCHPC Cluster: kelvin
Job 19518 (BSDE_job_4_procs) for User 'zuoy' in Account 'hpc_21_01207'
Finished at: Fri Nov  5 12:56:24 GMT 2021

Job efficiency estimates:
=========================

Job ID: 19518
Cluster: kelvin
User/Group: zuoy/zuoy
State: RUNNING
Nodes: 2
Cores per node: 12
CPU Utilized: 03:55:42
CPU Efficiency: 33.27% of 11:48:24 core-walltime
Job Wall-clock time: 00:29:31
Memory Utilized: 597.49 MB
Memory Efficiency: 1.30% of 44.92 GB
WARNING: Efficiency statistics may be misleading for RUNNING jobs.

Job completion status:
======================

       JobID    JobName AllocCPUS NTasks NNodes     MaxRSS    MaxRSSNode  MaxDiskRead MaxDiskWrite    Elapsed      State ExitCode 
------------ ---------- --------- ------ ------ ---------- ------------- ------------ ------------ ---------- ---------- -------- 
19518        BSDE_job_+        24             2                                                      00:29:31  COMPLETED      0:0 
19518.batch       batch        12      1      1    611828K   kelvin-n044        0.86M        0.01M   00:29:31  COMPLETED      0:0 
19518.0           orted        12      1      1                                                      00:29:29  COMPLETED      0:0 


Job details:
============

JobId=19518 JobName=BSDE_job_4_procs
   UserId=zuoy(1582) GroupId=zuoy(1252) MCS_label=N/A
   Priority=11623251 Nice=0 Account=hpc_21_01207 QOS=normal
   JobState=COMPLETING Reason=None Dependency=(null)
   Requeue=0 Restarts=0 BatchFlag=1 Reboot=0 ExitCode=0:0
   DerivedExitCode=0:0
   RunTime=00:29:31 TimeLimit=23:00:00 TimeMin=N/A
   SubmitTime=2021-11-05T12:05:54 EligibleTime=2021-11-05T12:05:54
   AccrueTime=2021-11-05T12:05:54
   StartTime=2021-11-05T12:26:53 EndTime=2021-11-05T12:56:24 Deadline=N/A
   SuspendTime=None SecsPreSuspend=0 LastSchedEval=2021-11-05T12:26:53
   Partition=compute AllocNode:Sid=kelvin01:722
   ReqNodeList=(null) ExcNodeList=(null)
   NodeList=kelvin-n075
   BatchHost=kelvin-n044
   NumNodes=1 NumCPUs=24 NumTasks=16 CPUs/Task=1 ReqB:S:C:T=0:0:*:*
   TRES=cpu=24,mem=46000M,node=2,billing=24
   Socks/Node=* NtasksPerN:B:S:C=0:0:*:* CoreSpec=*
   JOB_GRES=(null)
     Nodes=kelvin-n[044,075] CPU_IDs=0-11 Mem=23000 GRES=
   MinCPUsNode=1 MinMemoryNode=23000M MinTmpDiskNode=0
   Features=(null) DelayBoot=00:00:00
   OverSubscribe=NO Contiguous=0 Licenses=(null) Network=(null)
   Command=/home/users/mschpc/2019/zuoy/HPC/NeuralNetwork/scripts/script_HJBLQ_d200_b1_n16.sh
   WorkDir=/home/users/mschpc/2019/zuoy/HPC/NeuralNetwork
   StdErr=/home/users/mschpc/2019/zuoy/HPC/NeuralNetwork/output/slurm-19518.out
   StdIn=/dev/null
   StdOut=/home/users/mschpc/2019/zuoy/HPC/NeuralNetwork/output/slurm-19518.out
   Power=
   NtasksPerTRES:0


Disk quota details:
===================

Quota Type           Name  Filesystem     Usage in MB     Limit in MB    % Used
-------------------------------------------------------------------------------
USER                 zuoy       /home              89          51,200     0.17%

GROUP              mschpc   /projects             999          51,200     1.95%
GROUP          pi-dgolden   /projects               0          51,200     0.00%


SLURM Bank Statement:
=====================

User           Usage |        Account     Usage | Account Limit Available (CPU hrs)
---------- --------- + -------------- --------- + ------------- ---------
zuoy           5,747 |   HPC_21_01207     5,747 |       100,000    94,253


Acknowledgements:
=================

Note that usage of TCHPC Resources *must* be acknowledged in all publications.

Please see this page for details relevant to this cluster:

http://www.tchpc.tcd.ie/resources/acknowledgementpolicy

################################################################################
