Ring-AllReduce Mode

Dimension: 400
Total time: 1
Number of time intervals: 40
Learning rate: 0.01
y_init_range: 40, 50
Number of neurons in each hidden layer of each subnet: 110, 110, 
Epochs: 1000
Batch size: 64
Sample size: 1024
Logging frequency: 100
Model name: pricing_default_risk_parallel_
Number of processors: 16


Training:
Epoch:100
In training set, loss: 16520.1, Y0: 46.8926

Epoch:200
In training set, loss: 9922.46, Y0: 49.2669

Epoch:300
In training set, loss: 8933.36, Y0: 50.1578

Epoch:400
In training set, loss: 8661.01, Y0: 50.5025

Epoch:500
In training set, loss: 8501.63, Y0: 50.6369

Epoch:600
In training set, loss: 8366.29, Y0: 50.6896

Epoch:700
In training set, loss: 8241.12, Y0: 50.7107

Epoch:800
In training set, loss: 8123.75, Y0: 50.7194

Epoch:900
In training set, loss: 8013.2, Y0: 50.7234

Epoch:1000
In training set, loss: 7908.95, Y0: 50.7255



###############################################################################
TCHPC Cluster: kelvin
Job 19512 (BSDE_job_4_procs) for User 'zuoy' in Account 'hpc_21_01207'
Finished at: Fri Nov  5 12:26:38 GMT 2021

Job efficiency estimates:
=========================

Job ID: 19512
Cluster: kelvin
User/Group: zuoy/zuoy
State: COMPLETED (exit code 0)
Nodes: 2
Cores per node: 12
CPU Utilized: 03:03:37
CPU Efficiency: 33.26% of 09:12:00 core-walltime
Job Wall-clock time: 00:23:00
Memory Utilized: 1.59 GB
Memory Efficiency: 3.54% of 44.92 GB

Job completion status:
======================

       JobID    JobName AllocCPUS NTasks NNodes     MaxRSS    MaxRSSNode  MaxDiskRead MaxDiskWrite    Elapsed      State ExitCode 
------------ ---------- --------- ------ ------ ---------- ------------- ------------ ------------ ---------- ---------- -------- 
19512        BSDE_job_+        24             2                                                      00:23:00  COMPLETED      0:0 
19512.batch       batch        12      1      1   1665136K   kelvin-n044        0.86M        0.01M   00:23:00  COMPLETED      0:0 
19512.0           orted        12      1      1                                                      00:22:59  COMPLETED      0:0 


Job details:
============

JobId=19512 JobName=BSDE_job_4_procs
   UserId=zuoy(1582) GroupId=zuoy(1252) MCS_label=N/A
   Priority=11612483 Nice=0 Account=hpc_21_01207 QOS=normal
   JobState=COMPLETING Reason=None Dependency=(null)
   Requeue=0 Restarts=0 BatchFlag=1 Reboot=0 ExitCode=0:0
   DerivedExitCode=0:0
   RunTime=00:23:00 TimeLimit=23:00:00 TimeMin=N/A
   SubmitTime=2021-11-05T12:03:38 EligibleTime=2021-11-05T12:03:38
   AccrueTime=2021-11-05T12:03:38
   StartTime=2021-11-05T12:03:38 EndTime=2021-11-05T12:26:38 Deadline=N/A
   SuspendTime=None SecsPreSuspend=0 LastSchedEval=2021-11-05T12:03:38
   Partition=compute AllocNode:Sid=kelvin01:722
   ReqNodeList=(null) ExcNodeList=(null)
   NodeList=kelvin-n075
   BatchHost=kelvin-n044
   NumNodes=1 NumCPUs=24 NumTasks=16 CPUs/Task=1 ReqB:S:C:T=0:0:*:*
   TRES=cpu=24,mem=46000M,node=2,billing=24
   Socks/Node=* NtasksPerN:B:S:C=0:0:*:* CoreSpec=*
   JOB_GRES=(null)
     Nodes=kelvin-n[044,075] CPU_IDs=0-11 Mem=23000 GRES=
   MinCPUsNode=1 MinMemoryNode=23000M MinTmpDiskNode=0
   Features=(null) DelayBoot=00:00:00
   OverSubscribe=NO Contiguous=0 Licenses=(null) Network=(null)
   Command=/home/users/mschpc/2019/zuoy/HPC/NeuralNetwork/scripts/script_PricingDefaultRisk_d400_b64_n16.sh
   WorkDir=/home/users/mschpc/2019/zuoy/HPC/NeuralNetwork
   StdErr=/home/users/mschpc/2019/zuoy/HPC/NeuralNetwork/output/slurm-19512.out
   StdIn=/dev/null
   StdOut=/home/users/mschpc/2019/zuoy/HPC/NeuralNetwork/output/slurm-19512.out
   Power=
   NtasksPerTRES:0


Disk quota details:
===================

Quota Type           Name  Filesystem     Usage in MB     Limit in MB    % Used
-------------------------------------------------------------------------------
USER                 zuoy       /home              87          51,200     0.17%

GROUP              mschpc   /projects             999          51,200     1.95%
GROUP          pi-dgolden   /projects               0          51,200     0.00%


SLURM Bank Statement:
=====================

User           Usage |        Account     Usage | Account Limit Available (CPU hrs)
---------- --------- + -------------- --------- + ------------- ---------
zuoy           5,629 |   HPC_21_01207     5,629 |       100,000    94,371


Acknowledgements:
=================

Note that usage of TCHPC Resources *must* be acknowledged in all publications.

Please see this page for details relevant to this cluster:

http://www.tchpc.tcd.ie/resources/acknowledgementpolicy

################################################################################
