Ring-AllReduce Mode

Dimension: 100
Total time: 0.3
Number of time intervals: 20
Learning rate: 0.0005
y_init_range: 0.3, 0.5
Number of neurons in each hidden layer of each subnet: 110, 110, 
Epochs: 4000
Batch size: 128
Sample size: 1024
Logging frequency: 100
Model name: AllenCahn_parallel_
Number of processors: 16


Training:
Epoch:100
In training set, loss: 27.1324, Y0: 0.296093

Epoch:200
In training set, loss: 26.5285, Y0: 0.292254

Epoch:300
In training set, loss: 25.9457, Y0: 0.288483

Epoch:400
In training set, loss: 25.3833, Y0: 0.284778

Epoch:500
In training set, loss: 24.8403, Y0: 0.281138

Epoch:600
In training set, loss: 24.3159, Y0: 0.277561

Epoch:700
In training set, loss: 23.8095, Y0: 0.274046

Epoch:800
In training set, loss: 23.3203, Y0: 0.270592

Epoch:900
In training set, loss: 22.8478, Y0: 0.267196

Epoch:1000
In training set, loss: 22.3911, Y0: 0.263859

Epoch:1100
In training set, loss: 21.9498, Y0: 0.260578

Epoch:1200
In training set, loss: 21.5232, Y0: 0.257352

Epoch:1300
In training set, loss: 21.1107, Y0: 0.254181

Epoch:1400
In training set, loss: 20.712, Y0: 0.251063

Epoch:1500
In training set, loss: 20.3265, Y0: 0.247997

Epoch:1600
In training set, loss: 19.9536, Y0: 0.244982

Epoch:1700
In training set, loss: 19.5928, Y0: 0.242016

Epoch:1800
In training set, loss: 19.2439, Y0: 0.2391

Epoch:1900
In training set, loss: 18.9062, Y0: 0.236232

Epoch:2000
In training set, loss: 18.5794, Y0: 0.23341

Epoch:2100
In training set, loss: 18.2632, Y0: 0.230634

Epoch:2200
In training set, loss: 17.9571, Y0: 0.227904

Epoch:2300
In training set, loss: 17.6608, Y0: 0.225217

Epoch:2400
In training set, loss: 17.3739, Y0: 0.222573

Epoch:2500
In training set, loss: 17.0961, Y0: 0.219972

Epoch:2600
In training set, loss: 16.8272, Y0: 0.217413

Epoch:2700
In training set, loss: 16.5667, Y0: 0.214895

Epoch:2800
In training set, loss: 16.3144, Y0: 0.212417

Epoch:2900
In training set, loss: 16.07, Y0: 0.209978

Epoch:3000
In training set, loss: 15.8333, Y0: 0.207578

Epoch:3100
In training set, loss: 15.6039, Y0: 0.205216

Epoch:3200
In training set, loss: 15.3817, Y0: 0.202891

Epoch:3300
In training set, loss: 15.1664, Y0: 0.200602

Epoch:3400
In training set, loss: 14.9578, Y0: 0.19835

Epoch:3500
In training set, loss: 14.7555, Y0: 0.196132

Epoch:3600
In training set, loss: 14.5595, Y0: 0.193949

Epoch:3700
In training set, loss: 14.3695, Y0: 0.1918

Epoch:3800
In training set, loss: 14.1854, Y0: 0.189684

Epoch:3900
In training set, loss: 14.0068, Y0: 0.187601

Epoch:4000
In training set, loss: 13.8338, Y0: 0.185551



###############################################################################
TCHPC Cluster: kelvin
Job 19396 (BSDE_job_4_procs) for User 'zuoy' in Account 'hpc_21_01207'
Finished at: Fri Nov  5 06:36:18 GMT 2021

Job efficiency estimates:
=========================

Job ID: 19396
Cluster: kelvin
User/Group: zuoy/zuoy
State: RUNNING
Nodes: 2
Cores per node: 12
CPU Utilized: 01:29:30
CPU Efficiency: 33.15% of 04:30:00 core-walltime
Job Wall-clock time: 00:11:15
Memory Utilized: 430.61 MB
Memory Efficiency: 0.94% of 44.92 GB
WARNING: Efficiency statistics may be misleading for RUNNING jobs.

Job completion status:
======================

       JobID    JobName AllocCPUS NTasks NNodes     MaxRSS    MaxRSSNode  MaxDiskRead MaxDiskWrite    Elapsed      State ExitCode 
------------ ---------- --------- ------ ------ ---------- ------------- ------------ ------------ ---------- ---------- -------- 
19396        BSDE_job_+        24             2                                                      00:11:15  COMPLETED      0:0 
19396.batch       batch        12      1      1    440940K   kelvin-n029        0.87M        0.01M   00:11:15  COMPLETED      0:0 
19396.0           orted        12      1      1                                                      00:11:14  COMPLETED      0:0 


Job details:
============

JobId=19396 JobName=BSDE_job_4_procs
   UserId=zuoy(1582) GroupId=zuoy(1252) MCS_label=N/A
   Priority=11773185 Nice=0 Account=hpc_21_01207 QOS=normal
   JobState=COMPLETING Reason=None Dependency=(null)
   Requeue=0 Restarts=0 BatchFlag=1 Reboot=0 ExitCode=0:0
   DerivedExitCode=0:0
   RunTime=00:11:15 TimeLimit=23:00:00 TimeMin=N/A
   SubmitTime=2021-11-05T01:01:38 EligibleTime=2021-11-05T01:01:38
   AccrueTime=2021-11-05T01:01:38
   StartTime=2021-11-05T06:25:03 EndTime=2021-11-05T06:36:18 Deadline=N/A
   SuspendTime=None SecsPreSuspend=0 LastSchedEval=2021-11-05T06:25:03
   Partition=compute AllocNode:Sid=kelvin01:28454
   ReqNodeList=(null) ExcNodeList=(null)
   NodeList=kelvin-n030
   BatchHost=kelvin-n029
   NumNodes=1 NumCPUs=24 NumTasks=16 CPUs/Task=1 ReqB:S:C:T=0:0:*:*
   TRES=cpu=24,mem=46000M,node=2,billing=24
   Socks/Node=* NtasksPerN:B:S:C=0:0:*:* CoreSpec=*
   JOB_GRES=(null)
     Nodes=kelvin-n[029-030] CPU_IDs=0-11 Mem=23000 GRES=
   MinCPUsNode=1 MinMemoryNode=23000M MinTmpDiskNode=0
   Features=(null) DelayBoot=00:00:00
   OverSubscribe=NO Contiguous=0 Licenses=(null) Network=(null)
   Command=/home/users/mschpc/2019/zuoy/HPC/NeuralNetwork/scripts/script_AllenCahn_d100_b128_n16.sh
   WorkDir=/home/users/mschpc/2019/zuoy/HPC/NeuralNetwork
   StdErr=/home/users/mschpc/2019/zuoy/HPC/NeuralNetwork/output/slurm-19396.out
   StdIn=/dev/null
   StdOut=/home/users/mschpc/2019/zuoy/HPC/NeuralNetwork/output/slurm-19396.out
   Power=
   NtasksPerTRES:0


Disk quota details:
===================

Quota Type           Name  Filesystem     Usage in MB     Limit in MB    % Used
-------------------------------------------------------------------------------
USER                 zuoy       /home              86          51,200     0.17%

GROUP              mschpc   /projects             999          51,200     1.95%
GROUP          pi-dgolden   /projects               0          51,200     0.00%


SLURM Bank Statement:
=====================

User           Usage |        Account     Usage | Account Limit Available (CPU hrs)
---------- --------- + -------------- --------- + ------------- ---------
zuoy           5,202 |   HPC_21_01207     5,202 |       100,000    94,798


Acknowledgements:
=================

Note that usage of TCHPC Resources *must* be acknowledged in all publications.

Please see this page for details relevant to this cluster:

http://www.tchpc.tcd.ie/resources/acknowledgementpolicy

################################################################################
