Ring-AllReduce Mode

Dimension: 300
Total time: 1
Number of time intervals: 20
Learning rate: 0.01
y_init_range: 0, 1
Number of neurons in each hidden layer of each subnet: 110, 110, 
Epochs: 3000
Batch size: 64
Sample size: 1024
Logging frequency: 100
Model name: HJBLQ_parallel_
Number of processors: 4


Training:
Epoch:100
In training set, loss: 68.4738, Y0: 5.40495

Epoch:200
In training set, loss: 43.8657, Y0: 5.53354

Epoch:300
In training set, loss: 31.3828, Y0: 5.56955

Epoch:400
In training set, loss: 23.605, Y0: 5.59434

Epoch:500
In training set, loss: 18.5775, Y0: 5.61246

Epoch:600
In training set, loss: 15.2134, Y0: 5.62607

Epoch:700
In training set, loss: 12.89, Y0: 5.63652

Epoch:800
In training set, loss: 11.2394, Y0: 5.64471

Epoch:900
In training set, loss: 10.037, Y0: 5.65121

Epoch:1000
In training set, loss: 9.14165, Y0: 5.65647

Epoch:1100
In training set, loss: 8.462, Y0: 5.66076

Epoch:1200
In training set, loss: 7.93727, Y0: 5.6643

Epoch:1300
In training set, loss: 7.52604, Y0: 5.66725

Epoch:1400
In training set, loss: 7.19946, Y0: 5.66973

Epoch:1500
In training set, loss: 6.937, Y0: 5.67184

Epoch:1600
In training set, loss: 6.72381, Y0: 5.67364

Epoch:1700
In training set, loss: 6.54896, Y0: 5.67518

Epoch:1800
In training set, loss: 6.40429, Y0: 5.67651

Epoch:1900
In training set, loss: 6.28356, Y0: 5.67766

Epoch:2000
In training set, loss: 6.18206, Y0: 5.67867

Epoch:2100
In training set, loss: 6.09608, Y0: 5.67954

Epoch:2200
In training set, loss: 6.02275, Y0: 5.68032

Epoch:2300
In training set, loss: 5.95978, Y0: 5.68099

Epoch:2400
In training set, loss: 5.90533, Y0: 5.6816

Epoch:2500
In training set, loss: 5.85795, Y0: 5.68214

Epoch:2600
In training set, loss: 5.81644, Y0: 5.68261

Epoch:2700
In training set, loss: 5.77984, Y0: 5.68303

Epoch:2800
In training set, loss: 5.74738, Y0: 5.68341

Epoch:2900
In training set, loss: 5.71837, Y0: 5.68376

Epoch:3000
In training set, loss: 5.69231, Y0: 5.68406



###############################################################################
TCHPC Cluster: kelvin
Job 19532 (BSDE_job_4_procs) for User 'zuoy' in Account 'hpc_21_01207'
Finished at: Fri Nov  5 13:43:29 GMT 2021

Job efficiency estimates:
=========================

Job ID: 19532
Cluster: kelvin
User/Group: zuoy/zuoy
State: COMPLETED (exit code 0)
Nodes: 1
Cores per node: 12
CPU Utilized: 04:00:16
CPU Efficiency: 33.32% of 12:01:00 core-walltime
Job Wall-clock time: 01:00:05
Memory Utilized: 378.94 MB
Memory Efficiency: 1.65% of 22.46 GB

Job completion status:
======================

       JobID    JobName AllocCPUS NTasks NNodes     MaxRSS    MaxRSSNode  MaxDiskRead MaxDiskWrite    Elapsed      State ExitCode 
------------ ---------- --------- ------ ------ ---------- ------------- ------------ ------------ ---------- ---------- -------- 
19532        BSDE_job_+        12             1                                                      01:00:05  COMPLETED      0:0 
19532.batch       batch        12      1      1    388036K   kelvin-n019        0.86M        0.01M   01:00:05  COMPLETED      0:0 


Job details:
============

JobId=19532 JobName=BSDE_job_4_procs
   UserId=zuoy(1582) GroupId=zuoy(1252) MCS_label=N/A
   Priority=11630599 Nice=0 Account=hpc_21_01207 QOS=normal
   JobState=COMPLETING Reason=None Dependency=(null)
   Requeue=0 Restarts=0 BatchFlag=1 Reboot=0 ExitCode=0:0
   DerivedExitCode=0:0
   RunTime=01:00:05 TimeLimit=23:00:00 TimeMin=N/A
   SubmitTime=2021-11-05T12:05:54 EligibleTime=2021-11-05T12:05:54
   AccrueTime=2021-11-05T12:05:54
   StartTime=2021-11-05T12:43:24 EndTime=2021-11-05T13:43:29 Deadline=N/A
   SuspendTime=None SecsPreSuspend=0 LastSchedEval=2021-11-05T12:43:24
   Partition=compute AllocNode:Sid=kelvin01:722
   ReqNodeList=(null) ExcNodeList=(null)
   NodeList=
   BatchHost=kelvin-n019
   NumNodes=1 NumCPUs=12 NumTasks=4 CPUs/Task=1 ReqB:S:C:T=0:0:*:*
   TRES=cpu=12,mem=23000M,node=1,billing=12
   Socks/Node=* NtasksPerN:B:S:C=0:0:*:* CoreSpec=*
   JOB_GRES=(null)
     Nodes=kelvin-n019 CPU_IDs=0-11 Mem=23000 GRES=
   MinCPUsNode=1 MinMemoryNode=23000M MinTmpDiskNode=0
   Features=(null) DelayBoot=00:00:00
   OverSubscribe=NO Contiguous=0 Licenses=(null) Network=(null)
   Command=/home/users/mschpc/2019/zuoy/HPC/NeuralNetwork/scripts/script_HJBLQ_d300_b64_n4.sh
   WorkDir=/home/users/mschpc/2019/zuoy/HPC/NeuralNetwork
   StdErr=/home/users/mschpc/2019/zuoy/HPC/NeuralNetwork/output/slurm-19532.out
   StdIn=/dev/null
   StdOut=/home/users/mschpc/2019/zuoy/HPC/NeuralNetwork/output/slurm-19532.out
   Power=
   NtasksPerTRES:0


Disk quota details:
===================

Quota Type           Name  Filesystem     Usage in MB     Limit in MB    % Used
-------------------------------------------------------------------------------
USER                 zuoy       /home              87          51,200     0.17%

GROUP              mschpc   /projects             999          51,200     1.95%
GROUP          pi-dgolden   /projects               0          51,200     0.00%


SLURM Bank Statement:
=====================

User           Usage |        Account     Usage | Account Limit Available (CPU hrs)
---------- --------- + -------------- --------- + ------------- ---------
zuoy           5,817 |   HPC_21_01207     5,817 |       100,000    94,183


Acknowledgements:
=================

Note that usage of TCHPC Resources *must* be acknowledged in all publications.

Please see this page for details relevant to this cluster:

http://www.tchpc.tcd.ie/resources/acknowledgementpolicy

################################################################################
