Ring-AllReduce Mode

Dimension: 100
Total time: 1
Number of time intervals: 20
Learning rate: 0.01
y_init_range: 0, 1
Number of neurons in each hidden layer of each subnet: 110, 110, 
Epochs: 3000
Batch size: 64
Sample size: 1024
Logging frequency: 100
Model name: HJBLQ_parallel_
Number of processors: 8


Training:
Epoch:100
In training set, loss: 240.188, Y0: 3.88649

Epoch:200
In training set, loss: 56.4481, Y0: 4.39823

Epoch:300
In training set, loss: 49.5126, Y0: 4.47177

Epoch:400
In training set, loss: 46.3165, Y0: 4.48747

Epoch:500
In training set, loss: 43.7929, Y0: 4.49462

Epoch:600
In training set, loss: 41.7566, Y0: 4.49979

Epoch:700
In training set, loss: 40.1023, Y0: 4.50402

Epoch:800
In training set, loss: 38.7494, Y0: 4.50755

Epoch:900
In training set, loss: 37.635, Y0: 4.51053

Epoch:1000
In training set, loss: 36.7102, Y0: 4.51306

Epoch:1100
In training set, loss: 35.9367, Y0: 4.51521

Epoch:1200
In training set, loss: 35.2846, Y0: 4.51706

Epoch:1300
In training set, loss: 34.7302, Y0: 4.51864

Epoch:1400
In training set, loss: 34.2548, Y0: 4.52002

Epoch:1500
In training set, loss: 33.8437, Y0: 4.52121

Epoch:1600
In training set, loss: 33.4849, Y0: 4.52225

Epoch:1700
In training set, loss: 33.1692, Y0: 4.52316

Epoch:1800
In training set, loss: 32.8888, Y0: 4.52396

Epoch:1900
In training set, loss: 32.6377, Y0: 4.52467

Epoch:2000
In training set, loss: 32.4109, Y0: 4.52529

Epoch:2100
In training set, loss: 32.2044, Y0: 4.52585

Epoch:2200
In training set, loss: 32.0149, Y0: 4.52635

Epoch:2300
In training set, loss: 31.8397, Y0: 4.52679

Epoch:2400
In training set, loss: 31.6766, Y0: 4.52719

Epoch:2500
In training set, loss: 31.5237, Y0: 4.52755

Epoch:2600
In training set, loss: 31.3794, Y0: 4.52788

Epoch:2700
In training set, loss: 31.2426, Y0: 4.52817

Epoch:2800
In training set, loss: 31.1122, Y0: 4.52844

Epoch:2900
In training set, loss: 30.9872, Y0: 4.52869

Epoch:3000
In training set, loss: 30.8669, Y0: 4.52891



###############################################################################
TCHPC Cluster: kelvin
Job 19427 (BSDE_job_4_procs) for User 'zuoy' in Account 'hpc_21_01207'
Finished at: Fri Nov  5 07:44:55 GMT 2021

Job efficiency estimates:
=========================

Job ID: 19427
Cluster: kelvin
User/Group: zuoy/zuoy
State: COMPLETED (exit code 0)
Nodes: 1
Cores per node: 12
CPU Utilized: 01:57:59
CPU Efficiency: 66.51% of 02:57:24 core-walltime
Job Wall-clock time: 00:14:47
Memory Utilized: 419.96 MB
Memory Efficiency: 1.83% of 22.46 GB

Job completion status:
======================

       JobID    JobName AllocCPUS NTasks NNodes     MaxRSS    MaxRSSNode  MaxDiskRead MaxDiskWrite    Elapsed      State ExitCode 
------------ ---------- --------- ------ ------ ---------- ------------- ------------ ------------ ---------- ---------- -------- 
19427        BSDE_job_+        12             1                                                      00:14:47  COMPLETED      0:0 
19427.batch       batch        12      1      1    430040K   kelvin-n030        0.87M        0.01M   00:14:47  COMPLETED      0:0 


Job details:
============

JobId=19427 JobName=BSDE_job_4_procs
   UserId=zuoy(1582) GroupId=zuoy(1252) MCS_label=N/A
   Priority=11804590 Nice=0 Account=hpc_21_01207 QOS=normal
   JobState=COMPLETING Reason=None Dependency=(null)
   Requeue=0 Restarts=0 BatchFlag=1 Reboot=0 ExitCode=0:0
   DerivedExitCode=0:0
   RunTime=00:14:47 TimeLimit=23:00:00 TimeMin=N/A
   SubmitTime=2021-11-05T01:02:08 EligibleTime=2021-11-05T01:02:08
   AccrueTime=2021-11-05T01:02:08
   StartTime=2021-11-05T07:30:08 EndTime=2021-11-05T07:44:55 Deadline=N/A
   SuspendTime=None SecsPreSuspend=0 LastSchedEval=2021-11-05T07:30:08
   Partition=compute AllocNode:Sid=kelvin01:28454
   ReqNodeList=(null) ExcNodeList=(null)
   NodeList=
   BatchHost=kelvin-n030
   NumNodes=1 NumCPUs=12 NumTasks=8 CPUs/Task=1 ReqB:S:C:T=0:0:*:*
   TRES=cpu=12,mem=23000M,node=1,billing=12
   Socks/Node=* NtasksPerN:B:S:C=0:0:*:* CoreSpec=*
   JOB_GRES=(null)
     Nodes=kelvin-n030 CPU_IDs=0-11 Mem=23000 GRES=
   MinCPUsNode=1 MinMemoryNode=23000M MinTmpDiskNode=0
   Features=(null) DelayBoot=00:00:00
   OverSubscribe=NO Contiguous=0 Licenses=(null) Network=(null)
   Command=/home/users/mschpc/2019/zuoy/HPC/NeuralNetwork/scripts/script_HJBLQ_d100_b64_n8.sh
   WorkDir=/home/users/mschpc/2019/zuoy/HPC/NeuralNetwork
   StdErr=/home/users/mschpc/2019/zuoy/HPC/NeuralNetwork/output/slurm-19427.out
   StdIn=/dev/null
   StdOut=/home/users/mschpc/2019/zuoy/HPC/NeuralNetwork/output/slurm-19427.out
   Power=
   NtasksPerTRES:0


Disk quota details:
===================

Quota Type           Name  Filesystem     Usage in MB     Limit in MB    % Used
-------------------------------------------------------------------------------
USER                 zuoy       /home              88          51,200     0.17%

GROUP              mschpc   /projects             999          51,200     1.95%
GROUP          pi-dgolden   /projects               0          51,200     0.00%


SLURM Bank Statement:
=====================

User           Usage |        Account     Usage | Account Limit Available (CPU hrs)
---------- --------- + -------------- --------- + ------------- ---------
zuoy           5,446 |   HPC_21_01207     5,446 |       100,000    94,554


Acknowledgements:
=================

Note that usage of TCHPC Resources *must* be acknowledged in all publications.

Please see this page for details relevant to this cluster:

http://www.tchpc.tcd.ie/resources/acknowledgementpolicy

################################################################################
