Ring-AllReduce Mode

Dimension: 300
Total time: 1
Number of time intervals: 20
Learning rate: 0.01
y_init_range: 0, 1
Number of neurons in each hidden layer of each subnet: 110, 110, 
Epochs: 3000
Batch size: 1
Sample size: 1024
Logging frequency: 100
Model name: HJBLQ_parallel_
Number of processors: 128


Training:
Epoch:100
In training set, loss: 45.9603, Y0: 5.48931

Epoch:200
In training set, loss: 25.8662, Y0: 5.5555

Epoch:300
In training set, loss: 17.0336, Y0: 5.59289

Epoch:400
In training set, loss: 12.622, Y0: 5.61622

Epoch:500
In training set, loss: 10.1879, Y0: 5.63163

Epoch:600
In training set, loss: 8.74272, Y0: 5.64223

Epoch:700
In training set, loss: 7.83707, Y0: 5.64974

Epoch:800
In training set, loss: 7.24563, Y0: 5.6552

Epoch:900
In training set, loss: 6.84633, Y0: 5.65924

Epoch:1000
In training set, loss: 6.5691, Y0: 5.66229

Epoch:1100
In training set, loss: 6.37176, Y0: 5.66461

Epoch:1200
In training set, loss: 6.22802, Y0: 5.6664

Epoch:1300
In training set, loss: 6.12101, Y0: 5.6678

Epoch:1400
In training set, loss: 6.03959, Y0: 5.66891

Epoch:1500
In training set, loss: 5.97631, Y0: 5.66979

Epoch:1600
In training set, loss: 5.92605, Y0: 5.6705

Epoch:1700
In training set, loss: 5.88525, Y0: 5.67107

Epoch:1800
In training set, loss: 5.85141, Y0: 5.67153

Epoch:1900
In training set, loss: 5.82274, Y0: 5.67191

Epoch:2000
In training set, loss: 5.79793, Y0: 5.67222

Epoch:2100
In training set, loss: 5.77605, Y0: 5.67248

Epoch:2200
In training set, loss: 5.75641, Y0: 5.67269

Epoch:2300
In training set, loss: 5.7385, Y0: 5.67287

Epoch:2400
In training set, loss: 5.7219, Y0: 5.67302

Epoch:2500
In training set, loss: 5.70636, Y0: 5.67315

Epoch:2600
In training set, loss: 5.69162, Y0: 5.67326

Epoch:2700
In training set, loss: 5.67753, Y0: 5.67335

Epoch:2800
In training set, loss: 5.66395, Y0: 5.67343

Epoch:2900
In training set, loss: 5.6508, Y0: 5.67349

Epoch:3000
In training set, loss: 5.63798, Y0: 5.67355



###############################################################################
TCHPC Cluster: kelvin
Job 19593 (BSDE_job_4_procs) for User 'zuoy' in Account 'hpc_21_01207'
Finished at: Mon Nov  8 12:36:23 GMT 2021

Job efficiency estimates:
=========================

Job ID: 19593
Cluster: kelvin
User/Group: zuoy/zuoy
State: COMPLETED (exit code 0)
Nodes: 11
Cores per node: 12
CPU Utilized: 03:38:54
CPU Efficiency: 8.99% of 1-16:35:24 core-walltime
Job Wall-clock time: 00:18:27
Memory Utilized: 1.12 GB
Memory Efficiency: 0.45% of 247.07 GB

Job completion status:
======================

       JobID    JobName AllocCPUS NTasks NNodes     MaxRSS    MaxRSSNode  MaxDiskRead MaxDiskWrite    Elapsed      State ExitCode 
------------ ---------- --------- ------ ------ ---------- ------------- ------------ ------------ ---------- ---------- -------- 
19593        BSDE_job_+       132            11                                                      00:18:27  COMPLETED      0:0 
19593.batch       batch        12      1      1   1175228K   kelvin-n049        0.86M        0.01M   00:18:27  COMPLETED      0:0 
19593.0           orted       120     10     10                                                      00:18:26  COMPLETED      0:0 


Job details:
============

JobId=19593 JobName=BSDE_job_4_procs
   UserId=zuoy(1582) GroupId=zuoy(1252) MCS_label=N/A
   Priority=13847350 Nice=0 Account=hpc_21_01207 QOS=normal
   JobState=COMPLETING Reason=None Dependency=(null)
   Requeue=0 Restarts=0 BatchFlag=1 Reboot=0 ExitCode=0:0
   DerivedExitCode=0:0
   RunTime=00:18:27 TimeLimit=23:00:00 TimeMin=N/A
   SubmitTime=2021-11-05T18:22:45 EligibleTime=2021-11-05T18:22:45
   AccrueTime=2021-11-05T18:22:45
   StartTime=2021-11-08T12:17:56 EndTime=2021-11-08T12:36:23 Deadline=N/A
   SuspendTime=None SecsPreSuspend=0 LastSchedEval=2021-11-08T12:17:56
   Partition=compute AllocNode:Sid=kelvin01:722
   ReqNodeList=(null) ExcNodeList=(null)
   NodeList=kelvin-n[050-052,054-057,059,061-062]
   BatchHost=kelvin-n049
   NumNodes=10 NumCPUs=132 NumTasks=128 CPUs/Task=1 ReqB:S:C:T=0:0:*:*
   TRES=cpu=132,mem=253000M,node=11,billing=132
   Socks/Node=* NtasksPerN:B:S:C=0:0:*:* CoreSpec=*
   JOB_GRES=(null)
     Nodes=kelvin-n[049-052,054-057,059,061-062] CPU_IDs=0-11 Mem=23000 GRES=
   MinCPUsNode=1 MinMemoryNode=23000M MinTmpDiskNode=0
   Features=(null) DelayBoot=00:00:00
   OverSubscribe=NO Contiguous=0 Licenses=(null) Network=(null)
   Command=/home/users/mschpc/2019/zuoy/HPC/NeuralNetwork/scripts/script_HJBLQ_d300_b1_n128.sh
   WorkDir=/home/users/mschpc/2019/zuoy/HPC/NeuralNetwork
   StdErr=/home/users/mschpc/2019/zuoy/HPC/NeuralNetwork/output/slurm-19593.out
   StdIn=/dev/null
   StdOut=/home/users/mschpc/2019/zuoy/HPC/NeuralNetwork/output/slurm-19593.out
   Power=
   NtasksPerTRES:0


Disk quota details:
===================

Quota Type           Name  Filesystem     Usage in MB     Limit in MB    % Used
-------------------------------------------------------------------------------
USER                 zuoy       /home              88          51,200     0.17%

GROUP              mschpc   /projects             999          51,200     1.95%
GROUP          pi-dgolden   /projects               0          51,200     0.00%


SLURM Bank Statement:
=====================

User           Usage |        Account     Usage | Account Limit Available (CPU hrs)
---------- --------- + -------------- --------- + ------------- ---------
zuoy           5,481 |   HPC_21_01207     5,481 |       100,000    94,519


Acknowledgements:
=================

Note that usage of TCHPC Resources *must* be acknowledged in all publications.

Please see this page for details relevant to this cluster:

http://www.tchpc.tcd.ie/resources/acknowledgementpolicy

################################################################################
