Dimension: 100
Total time: 0.25
Number of time intervals: 20
y_init_range: 0.3, 0.5
Number of neurons in each hidden layer of each subnet: 110, 110, 
Epochs: 4000
Batch size: 64
Sample size: 256
Logging frequency: 100
Model name: AllenCahn_parallel_
Number of processors: 4


Training:
Epoch:100
In training set, loss: 5.681, Y0: 0.292721

Epoch:200
In training set, loss: 5.42302, Y0: 0.285705

Epoch:300
In training set, loss: 5.18322, Y0: 0.278942

Epoch:400
In training set, loss: 4.96013, Y0: 0.27242

Epoch:500
In training set, loss: 4.75249, Y0: 0.266128

Epoch:600
In training set, loss: 4.55914, Y0: 0.260058

Epoch:700
In training set, loss: 4.37899, Y0: 0.2542

Epoch:800
In training set, loss: 4.21106, Y0: 0.248545

Epoch:900
In training set, loss: 4.05445, Y0: 0.243084

Epoch:1000
In training set, loss: 3.90832, Y0: 0.237811

Epoch:1100
In training set, loss: 3.77193, Y0: 0.232718

Epoch:1200
In training set, loss: 3.64457, Y0: 0.227797

Epoch:1300
In training set, loss: 3.52561, Y0: 0.223043

Epoch:1400
In training set, loss: 3.41445, Y0: 0.218448

Epoch:1500
In training set, loss: 3.31054, Y0: 0.214007

Epoch:1600
In training set, loss: 3.21339, Y0: 0.209714

Epoch:1700
In training set, loss: 3.12253, Y0: 0.205564

Epoch:1800
In training set, loss: 3.03752, Y0: 0.201551

Epoch:1900
In training set, loss: 2.95795, Y0: 0.19767

Epoch:2000
In training set, loss: 2.88348, Y0: 0.193916

Epoch:2100
In training set, loss: 2.81375, Y0: 0.190286

Epoch:2200
In training set, loss: 2.74844, Y0: 0.186774

Epoch:2300
In training set, loss: 2.68727, Y0: 0.183376

Epoch:2400
In training set, loss: 2.62994, Y0: 0.180088

Epoch:2500
In training set, loss: 2.57622, Y0: 0.176908

Epoch:2600
In training set, loss: 2.52587, Y0: 0.17383

Epoch:2700
In training set, loss: 2.47865, Y0: 0.170851

Epoch:2800
In training set, loss: 2.43437, Y0: 0.167968

Epoch:2900
In training set, loss: 2.39284, Y0: 0.165178

Epoch:3000
In training set, loss: 2.35388, Y0: 0.162477

Epoch:3100
In training set, loss: 2.31732, Y0: 0.159863

Epoch:3200
In training set, loss: 2.283, Y0: 0.157332

Epoch:3300
In training set, loss: 2.25079, Y0: 0.154882

Epoch:3400
In training set, loss: 2.22054, Y0: 0.15251

Epoch:3500
In training set, loss: 2.19214, Y0: 0.150213

Epoch:3600
In training set, loss: 2.16547, Y0: 0.14799

Epoch:3700
In training set, loss: 2.14041, Y0: 0.145837

Epoch:3800
In training set, loss: 2.11685, Y0: 0.143752

Epoch:3900
In training set, loss: 2.09471, Y0: 0.141732

Epoch:4000
In training set, loss: 2.0739, Y0: 0.139777



###############################################################################
TCHPC Cluster: kelvin
Job 18071 (BSDE_job_4_procs) for User 'zuoy' in Account 'hpc_21_01207'
Finished at: Thu Oct 28 01:23:44 IST 2021

Job efficiency estimates:
=========================

Job ID: 18071
Cluster: kelvin
User/Group: zuoy/zuoy
State: COMPLETED (exit code 0)
Nodes: 1
Cores per node: 12
CPU Utilized: 00:35:10
CPU Efficiency: 33.18% of 01:46:00 core-walltime
Job Wall-clock time: 00:08:50
Memory Utilized: 158.18 MB
Memory Efficiency: 0.69% of 22.46 GB

Job completion status:
======================

       JobID    JobName AllocCPUS NTasks NNodes     MaxRSS    MaxRSSNode  MaxDiskRead MaxDiskWrite    Elapsed      State ExitCode 
------------ ---------- --------- ------ ------ ---------- ------------- ------------ ------------ ---------- ---------- -------- 
18071        BSDE_job_+        12             1                                                      00:08:50  COMPLETED      0:0 
18071.batch       batch        12      1      1    161980K   kelvin-n092        0.87M        0.01M   00:08:50  COMPLETED      0:0 


Job details:
============

JobId=18071 JobName=BSDE_job_4_procs
   UserId=zuoy(1582) GroupId=zuoy(1252) MCS_label=N/A
   Priority=12486593 Nice=0 Account=hpc_21_01207 QOS=normal
   JobState=COMPLETING Reason=None Dependency=(null)
   Requeue=0 Restarts=0 BatchFlag=1 Reboot=0 ExitCode=0:0
   DerivedExitCode=0:0
   RunTime=00:08:50 TimeLimit=23:00:00 TimeMin=N/A
   SubmitTime=2021-10-27T23:52:13 EligibleTime=2021-10-27T23:52:13
   AccrueTime=2021-10-27T23:52:13
   StartTime=2021-10-28T01:14:54 EndTime=2021-10-28T01:23:44 Deadline=N/A
   SuspendTime=None SecsPreSuspend=0 LastSchedEval=2021-10-28T01:14:54
   Partition=compute AllocNode:Sid=kelvin01:18226
   ReqNodeList=(null) ExcNodeList=(null)
   NodeList=
   BatchHost=kelvin-n092
   NumNodes=1 NumCPUs=12 NumTasks=4 CPUs/Task=1 ReqB:S:C:T=0:0:*:*
   TRES=cpu=12,mem=23000M,node=1,billing=12
   Socks/Node=* NtasksPerN:B:S:C=0:0:*:* CoreSpec=*
   JOB_GRES=(null)
     Nodes=kelvin-n092 CPU_IDs=0-11 Mem=23000 GRES=
   MinCPUsNode=1 MinMemoryNode=23000M MinTmpDiskNode=0
   Features=(null) DelayBoot=00:00:00
   OverSubscribe=NO Contiguous=0 Licenses=(null) Network=(null)
   Command=/home/users/mschpc/2019/zuoy/HPC/NeuralNetwork/scripts/script_AllenCahn_2_n4.sh
   WorkDir=/home/users/mschpc/2019/zuoy/HPC/NeuralNetwork
   StdErr=/home/users/mschpc/2019/zuoy/HPC/NeuralNetwork/output/slurm-18071.out
   StdIn=/dev/null
   StdOut=/home/users/mschpc/2019/zuoy/HPC/NeuralNetwork/output/slurm-18071.out
   Power=
   NtasksPerTRES:0


Disk quota details:
===================

Quota Type           Name  Filesystem     Usage in MB     Limit in MB    % Used
-------------------------------------------------------------------------------
USER                 zuoy       /home              56          51,200     0.11%

GROUP              mschpc   /projects             999          51,200     1.95%
GROUP          pi-dgolden   /projects               0          51,200     0.00%


SLURM Bank Statement:
=====================

User           Usage |        Account     Usage | Account Limit Available (CPU hrs)
---------- --------- + -------------- --------- + ------------- ---------
zuoy             326 |   HPC_21_01207       326 |       100,000    99,674


Acknowledgements:
=================

Note that usage of TCHPC Resources *must* be acknowledged in all publications.

Please see this page for details relevant to this cluster:

http://www.tchpc.tcd.ie/resources/acknowledgementpolicy

################################################################################
