Dimension: 100
Total time: 1
Number of time intervals: 20
y_init_range: 0, 1
Number of neurons in each hidden layer of each subnet: 110, 110, 
Epochs: 2000
Batch size: 64
Sample size: 1024
Logging frequency: 100
Model name: HJBLQ_parallel_
Number of processors: 4


Training:
Epoch:100
In training set, loss: 47.1351, Y0: 4.43022

Epoch:200
In training set, loss: 40.1353, Y0: 4.51523

Epoch:300
In training set, loss: 37.8343, Y0: 4.52204

Epoch:400
In training set, loss: 36.2831, Y0: 4.52587

Epoch:500
In training set, loss: 35.2006, Y0: 4.52857

Epoch:600
In training set, loss: 34.4167, Y0: 4.53053

Epoch:700
In training set, loss: 33.8266, Y0: 4.53197

Epoch:800
In training set, loss: 33.364, Y0: 4.53306

Epoch:900
In training set, loss: 32.9867, Y0: 4.53389

Epoch:1000
In training set, loss: 32.6674, Y0: 4.53454

Epoch:1100
In training set, loss: 32.3881, Y0: 4.53506

Epoch:1200
In training set, loss: 32.1367, Y0: 4.53548

Epoch:1300
In training set, loss: 31.9053, Y0: 4.53582

Epoch:1400
In training set, loss: 31.6881, Y0: 4.53612

Epoch:1500
In training set, loss: 31.4815, Y0: 4.53636

Epoch:1600
In training set, loss: 31.2829, Y0: 4.53657

Epoch:1700
In training set, loss: 31.0902, Y0: 4.53677

Epoch:1800
In training set, loss: 30.9023, Y0: 4.53693

Epoch:1900
In training set, loss: 30.7182, Y0: 4.53708

Epoch:2000
In training set, loss: 30.5372, Y0: 4.53721



###############################################################################
TCHPC Cluster: kelvin
Job 18440 (BSDE_job_4_procs) for User 'zuoy' in Account 'hpc_21_01207'
Finished at: Mon Nov  1 22:09:31 GMT 2021

Job efficiency estimates:
=========================

Job ID: 18440
Cluster: kelvin
User/Group: zuoy/zuoy
State: COMPLETED (exit code 0)
Nodes: 1
Cores per node: 12
CPU Utilized: 01:06:15
CPU Efficiency: 33.26% of 03:19:12 core-walltime
Job Wall-clock time: 00:16:36
Memory Utilized: 213.19 MB
Memory Efficiency: 0.93% of 22.46 GB

Job completion status:
======================

       JobID    JobName AllocCPUS NTasks NNodes     MaxRSS    MaxRSSNode  MaxDiskRead MaxDiskWrite    Elapsed      State ExitCode 
------------ ---------- --------- ------ ------ ---------- ------------- ------------ ------------ ---------- ---------- -------- 
18440        BSDE_job_+        12             1                                                      00:16:36  COMPLETED      0:0 
18440.batch       batch        12      1      1    218304K   kelvin-n041        0.87M        0.01M   00:16:36  COMPLETED      0:0 


Job details:
============

JobId=18440 JobName=BSDE_job_4_procs
   UserId=zuoy(1582) GroupId=zuoy(1252) MCS_label=N/A
   Priority=12431723 Nice=0 Account=hpc_21_01207 QOS=normal
   JobState=COMPLETING Reason=None Dependency=(null)
   Requeue=0 Restarts=0 BatchFlag=1 Reboot=0 ExitCode=0:0
   DerivedExitCode=0:0
   RunTime=00:16:36 TimeLimit=23:00:00 TimeMin=N/A
   SubmitTime=2021-11-01T21:52:55 EligibleTime=2021-11-01T21:52:55
   AccrueTime=2021-11-01T21:52:55
   StartTime=2021-11-01T21:52:55 EndTime=2021-11-01T22:09:31 Deadline=N/A
   SuspendTime=None SecsPreSuspend=0 LastSchedEval=2021-11-01T21:52:55
   Partition=compute AllocNode:Sid=kelvin01:24423
   ReqNodeList=(null) ExcNodeList=(null)
   NodeList=
   BatchHost=kelvin-n041
   NumNodes=1 NumCPUs=12 NumTasks=4 CPUs/Task=1 ReqB:S:C:T=0:0:*:*
   TRES=cpu=12,mem=23000M,node=1,billing=12
   Socks/Node=* NtasksPerN:B:S:C=0:0:*:* CoreSpec=*
   JOB_GRES=(null)
     Nodes=kelvin-n041 CPU_IDs=0-11 Mem=23000 GRES=
   MinCPUsNode=1 MinMemoryNode=23000M MinTmpDiskNode=0
   Features=(null) DelayBoot=00:00:00
   OverSubscribe=NO Contiguous=0 Licenses=(null) Network=(null)
   Command=/home/users/mschpc/2019/zuoy/HPC/NeuralNetwork/scripts/script_HFBLQ.sh
   WorkDir=/home/users/mschpc/2019/zuoy/HPC/NeuralNetwork
   StdErr=/home/users/mschpc/2019/zuoy/HPC/NeuralNetwork/output/slurm-18440.out
   StdIn=/dev/null
   StdOut=/home/users/mschpc/2019/zuoy/HPC/NeuralNetwork/output/slurm-18440.out
   Power=
   NtasksPerTRES:0


Disk quota details:
===================

Quota Type           Name  Filesystem     Usage in MB     Limit in MB    % Used
-------------------------------------------------------------------------------
USER                 zuoy       /home              63          51,200     0.12%

GROUP              mschpc   /projects             999          51,200     1.95%
GROUP          pi-dgolden   /projects               0          51,200     0.00%


SLURM Bank Statement:
=====================

User           Usage |        Account     Usage | Account Limit Available (CPU hrs)
---------- --------- + -------------- --------- + ------------- ---------
zuoy             298 |   HPC_21_01207       298 |       100,000    99,702


Acknowledgements:
=================

Note that usage of TCHPC Resources *must* be acknowledged in all publications.

Please see this page for details relevant to this cluster:

http://www.tchpc.tcd.ie/resources/acknowledgementpolicy

################################################################################
