Ring-AllReduce Mode

Dimension: 200
Total time: 1
Number of time intervals: 40
Learning rate: 0.01
y_init_range: 40, 50
Number of neurons in each hidden layer of each subnet: 110, 110, 
Epochs: 1000
Batch size: 128
Sample size: 1024
Logging frequency: 100
Model name: pricing_default_risk_parallel_
Number of processors: 32


Training:
Epoch:100
In training set, loss: 69719.9, Y0: 43.1289

Epoch:200
In training set, loss: 44267.9, Y0: 45.503

Epoch:300
In training set, loss: 29844.6, Y0: 47.3096

Epoch:400
In training set, loss: 21787.3, Y0: 48.7038

Epoch:500
In training set, loss: 17111.5, Y0: 49.7933

Epoch:600
In training set, loss: 14290.8, Y0: 50.6522

Epoch:700
In training set, loss: 12532.2, Y0: 51.3308

Epoch:800
In training set, loss: 11427.3, Y0: 51.8675

Epoch:900
In training set, loss: 10728.8, Y0: 52.2923

Epoch:1000
In training set, loss: 10283.3, Y0: 52.6287



###############################################################################
TCHPC Cluster: kelvin
Job 19340 (BSDE_job_4_procs) for User 'zuoy' in Account 'hpc_21_01207'
Finished at: Fri Nov  5 01:43:45 GMT 2021

Job efficiency estimates:
=========================

Job ID: 19340
Cluster: kelvin
User/Group: zuoy/zuoy
State: COMPLETED (exit code 0)
Nodes: 3
Cores per node: 12
CPU Utilized: 01:36:55
CPU Efficiency: 30.25% of 05:20:24 core-walltime
Job Wall-clock time: 00:08:54
Memory Utilized: 1.29 GB
Memory Efficiency: 1.91% of 67.38 GB

Job completion status:
======================

       JobID    JobName AllocCPUS NTasks NNodes     MaxRSS    MaxRSSNode  MaxDiskRead MaxDiskWrite    Elapsed      State ExitCode 
------------ ---------- --------- ------ ------ ---------- ------------- ------------ ------------ ---------- ---------- -------- 
19340        BSDE_job_+        36             3                                                      00:08:54  COMPLETED      0:0 
19340.batch       batch        12      1      1   1352816K   kelvin-n021        0.87M        0.01M   00:08:54  COMPLETED      0:0 
19340.0           orted        24      2      2                                                      00:08:53  COMPLETED      0:0 


Job details:
============

JobId=19340 JobName=BSDE_job_4_procs
   UserId=zuoy(1582) GroupId=zuoy(1252) MCS_label=N/A
   Priority=11708941 Nice=0 Account=hpc_21_01207 QOS=normal
   JobState=COMPLETING Reason=None Dependency=(null)
   Requeue=0 Restarts=0 BatchFlag=1 Reboot=0 ExitCode=0:0
   DerivedExitCode=0:0
   RunTime=00:08:54 TimeLimit=23:00:00 TimeMin=N/A
   SubmitTime=2021-11-05T00:14:20 EligibleTime=2021-11-05T00:14:20
   AccrueTime=2021-11-05T00:14:20
   StartTime=2021-11-05T01:34:50 EndTime=2021-11-05T01:43:44 Deadline=N/A
   SuspendTime=None SecsPreSuspend=0 LastSchedEval=2021-11-05T01:34:50
   Partition=compute AllocNode:Sid=kelvin01:28454
   ReqNodeList=(null) ExcNodeList=(null)
   NodeList=kelvin-n[033-034]
   BatchHost=kelvin-n021
   NumNodes=2 NumCPUs=36 NumTasks=32 CPUs/Task=1 ReqB:S:C:T=0:0:*:*
   TRES=cpu=36,mem=69000M,node=3,billing=36
   Socks/Node=* NtasksPerN:B:S:C=0:0:*:* CoreSpec=*
   JOB_GRES=(null)
     Nodes=kelvin-n[021,033-034] CPU_IDs=0-11 Mem=23000 GRES=
   MinCPUsNode=1 MinMemoryNode=23000M MinTmpDiskNode=0
   Features=(null) DelayBoot=00:00:00
   OverSubscribe=NO Contiguous=0 Licenses=(null) Network=(null)
   Command=/home/users/mschpc/2019/zuoy/HPC/NeuralNetwork/scripts/script_PricingDefaultRisk_d200_b128_n32.sh
   WorkDir=/home/users/mschpc/2019/zuoy/HPC/NeuralNetwork
   StdErr=/home/users/mschpc/2019/zuoy/HPC/NeuralNetwork/output/slurm-19340.out
   StdIn=/dev/null
   StdOut=/home/users/mschpc/2019/zuoy/HPC/NeuralNetwork/output/slurm-19340.out
   Power=
   NtasksPerTRES:0


Disk quota details:
===================

Quota Type           Name  Filesystem     Usage in MB     Limit in MB    % Used
-------------------------------------------------------------------------------
USER                 zuoy       /home              84          51,200     0.16%

GROUP              mschpc   /projects             999          51,200     1.95%
GROUP          pi-dgolden   /projects               0          51,200     0.00%


SLURM Bank Statement:
=====================

User           Usage |        Account     Usage | Account Limit Available (CPU hrs)
---------- --------- + -------------- --------- + ------------- ---------
zuoy           4,489 |   HPC_21_01207     4,489 |       100,000    95,511


Acknowledgements:
=================

Note that usage of TCHPC Resources *must* be acknowledged in all publications.

Please see this page for details relevant to this cluster:

http://www.tchpc.tcd.ie/resources/acknowledgementpolicy

################################################################################
