Dimension: 100
Total time: 0.2
Number of time intervals: 20
y_init_range: 0.3, 0.5
Number of neurons in each hidden layer of each subnet: 110, 110, 
Epochs: 4000
Batch size: 64
Sample size: 256
Logging frequency: 100
Model name: AllenCahn_parallel_
Number of processors: 32


Training:
Epoch:100
In training set, loss: 6.93074, Y0: 0.299862

Epoch:200
In training set, loss: 6.92404, Y0: 0.299722

Epoch:300
In training set, loss: 6.91746, Y0: 0.299585

Epoch:400
In training set, loss: 6.91088, Y0: 0.299448

Epoch:500
In training set, loss: 6.90431, Y0: 0.299311

Epoch:600
In training set, loss: 6.89774, Y0: 0.299174

Epoch:700
In training set, loss: 6.89117, Y0: 0.299037

Epoch:800
In training set, loss: 6.88461, Y0: 0.2989

Epoch:900
In training set, loss: 6.87806, Y0: 0.298763

Epoch:1000
In training set, loss: 6.8715, Y0: 0.298626

Epoch:1100
In training set, loss: 6.86496, Y0: 0.298488

Epoch:1200
In training set, loss: 6.85842, Y0: 0.298351

Epoch:1300
In training set, loss: 6.85188, Y0: 0.298214

Epoch:1400
In training set, loss: 6.84534, Y0: 0.298077

Epoch:1500
In training set, loss: 6.83882, Y0: 0.29794

Epoch:1600
In training set, loss: 6.83229, Y0: 0.297803

Epoch:1700
In training set, loss: 6.82577, Y0: 0.297666

Epoch:1800
In training set, loss: 6.81925, Y0: 0.297529

Epoch:1900
In training set, loss: 6.81274, Y0: 0.297392

Epoch:2000
In training set, loss: 6.80623, Y0: 0.297255

Epoch:2100
In training set, loss: 6.79973, Y0: 0.297118

Epoch:2200
In training set, loss: 6.79323, Y0: 0.29698

Epoch:2300
In training set, loss: 6.78674, Y0: 0.296843

Epoch:2400
In training set, loss: 6.78025, Y0: 0.296706

Epoch:2500
In training set, loss: 6.77376, Y0: 0.296569

Epoch:2600
In training set, loss: 6.76728, Y0: 0.296432

Epoch:2700
In training set, loss: 6.76081, Y0: 0.296295

Epoch:2800
In training set, loss: 6.75433, Y0: 0.296158

Epoch:2900
In training set, loss: 6.74787, Y0: 0.296021

Epoch:3000
In training set, loss: 6.7414, Y0: 0.295884

Epoch:3100
In training set, loss: 6.73495, Y0: 0.295747

Epoch:3200
In training set, loss: 6.72849, Y0: 0.29561

Epoch:3300
In training set, loss: 6.72204, Y0: 0.295472

Epoch:3400
In training set, loss: 6.7156, Y0: 0.295335

Epoch:3500
In training set, loss: 6.70916, Y0: 0.295198

Epoch:3600
In training set, loss: 6.70272, Y0: 0.295061

Epoch:3700
In training set, loss: 6.69629, Y0: 0.294924

Epoch:3800
In training set, loss: 6.68986, Y0: 0.294787

Epoch:3900
In training set, loss: 6.68344, Y0: 0.29465

Epoch:4000
In training set, loss: 6.67702, Y0: 0.294513



###############################################################################
TCHPC Cluster: kelvin
Job 18078 (BSDE_job_4_procs) for User 'zuoy' in Account 'hpc_21_01207'
Finished at: Thu Oct 28 00:42:06 IST 2021

Job efficiency estimates:
=========================

Job ID: 18078
Cluster: kelvin
User/Group: zuoy/zuoy
State: COMPLETED (exit code 0)
Nodes: 3
Cores per node: 12
CPU Utilized: 01:36:46
CPU Efficiency: 30.03% of 05:22:12 core-walltime
Job Wall-clock time: 00:08:57
Memory Utilized: 510.62 MB
Memory Efficiency: 0.74% of 67.38 GB

Job completion status:
======================

       JobID    JobName AllocCPUS NTasks NNodes     MaxRSS    MaxRSSNode  MaxDiskRead MaxDiskWrite    Elapsed      State ExitCode 
------------ ---------- --------- ------ ------ ---------- ------------- ------------ ------------ ---------- ---------- -------- 
18078        BSDE_job_+        36             3                                                      00:08:57  COMPLETED      0:0 
18078.batch       batch        12      1      1    522880K   kelvin-n089        0.87M        0.01M   00:08:57  COMPLETED      0:0 
18078.0           orted        24      2      2                                                      00:08:56  COMPLETED      0:0 


Job details:
============

JobId=18078 JobName=BSDE_job_4_procs
   UserId=zuoy(1582) GroupId=zuoy(1252) MCS_label=N/A
   Priority=12466795 Nice=0 Account=hpc_21_01207 QOS=normal
   JobState=COMPLETING Reason=None Dependency=(null)
   Requeue=0 Restarts=0 BatchFlag=1 Reboot=0 ExitCode=0:0
   DerivedExitCode=0:0
   RunTime=00:08:57 TimeLimit=23:00:00 TimeMin=N/A
   SubmitTime=2021-10-27T23:52:30 EligibleTime=2021-10-27T23:52:30
   AccrueTime=2021-10-27T23:52:30
   StartTime=2021-10-28T00:33:09 EndTime=2021-10-28T00:42:06 Deadline=N/A
   SuspendTime=None SecsPreSuspend=0 LastSchedEval=2021-10-28T00:33:09
   Partition=compute AllocNode:Sid=kelvin01:18226
   ReqNodeList=(null) ExcNodeList=(null)
   NodeList=kelvin-n[090,092]
   BatchHost=kelvin-n089
   NumNodes=2 NumCPUs=36 NumTasks=32 CPUs/Task=1 ReqB:S:C:T=0:0:*:*
   TRES=cpu=36,mem=69000M,node=3,billing=36
   Socks/Node=* NtasksPerN:B:S:C=0:0:*:* CoreSpec=*
   JOB_GRES=(null)
     Nodes=kelvin-n[089-090,092] CPU_IDs=0-11 Mem=23000 GRES=
   MinCPUsNode=1 MinMemoryNode=23000M MinTmpDiskNode=0
   Features=(null) DelayBoot=00:00:00
   OverSubscribe=NO Contiguous=0 Licenses=(null) Network=(null)
   Command=/home/users/mschpc/2019/zuoy/HPC/NeuralNetwork/scripts/script_AllenCahn_3_n32.sh
   WorkDir=/home/users/mschpc/2019/zuoy/HPC/NeuralNetwork
   StdErr=/home/users/mschpc/2019/zuoy/HPC/NeuralNetwork/output/slurm-18078.out
   StdIn=/dev/null
   StdOut=/home/users/mschpc/2019/zuoy/HPC/NeuralNetwork/output/slurm-18078.out
   Power=
   NtasksPerTRES:0


Disk quota details:
===================

Quota Type           Name  Filesystem     Usage in MB     Limit in MB    % Used
-------------------------------------------------------------------------------
USER                 zuoy       /home              55          51,200     0.11%

GROUP              mschpc   /projects             999          51,200     1.95%
GROUP          pi-dgolden   /projects               0          51,200     0.00%


SLURM Bank Statement:
=====================

User           Usage |        Account     Usage | Account Limit Available (CPU hrs)
---------- --------- + -------------- --------- + ------------- ---------
zuoy             297 |   HPC_21_01207       297 |       100,000    99,703


Acknowledgements:
=================

Note that usage of TCHPC Resources *must* be acknowledged in all publications.

Please see this page for details relevant to this cluster:

http://www.tchpc.tcd.ie/resources/acknowledgementpolicy

################################################################################
