Dimension: 100
Total time: 0.3
Number of time intervals: 20
y_init_range: 0.3, 0.5
Number of neurons in each hidden layer of each subnet: 110, 110, 
Epochs: 4000
Batch size: 64
Sample size: 256
Logging frequency: 100
Model name: AllenCahn_parallel_
Number of processors: 4


Training:
Epoch:100
In training set, loss: 5.99662, Y0: 0.292579

Epoch:200
In training set, loss: 5.72716, Y0: 0.285414

Epoch:300
In training set, loss: 5.47577, Y0: 0.278493

Epoch:400
In training set, loss: 5.24107, Y0: 0.271808

Epoch:500
In training set, loss: 5.02181, Y0: 0.265347

Epoch:600
In training set, loss: 4.81682, Y0: 0.259101

Epoch:700
In training set, loss: 4.62505, Y0: 0.25306

Epoch:800
In training set, loss: 4.44558, Y0: 0.247217

Epoch:900
In training set, loss: 4.2775, Y0: 0.241564

Epoch:1000
In training set, loss: 4.12002, Y0: 0.236093

Epoch:1100
In training set, loss: 3.97241, Y0: 0.230798

Epoch:1200
In training set, loss: 3.83398, Y0: 0.22567

Epoch:1300
In training set, loss: 3.70409, Y0: 0.220705

Epoch:1400
In training set, loss: 3.58219, Y0: 0.215896

Epoch:1500
In training set, loss: 3.46773, Y0: 0.211237

Epoch:1600
In training set, loss: 3.36021, Y0: 0.206723

Epoch:1700
In training set, loss: 3.25919, Y0: 0.202349

Epoch:1800
In training set, loss: 3.16425, Y0: 0.198109

Epoch:1900
In training set, loss: 3.07497, Y0: 0.193999

Epoch:2000
In training set, loss: 2.99101, Y0: 0.190015

Epoch:2100
In training set, loss: 2.91203, Y0: 0.186151

Epoch:2200
In training set, loss: 2.8377, Y0: 0.182405

Epoch:2300
In training set, loss: 2.76774, Y0: 0.178772

Epoch:2400
In training set, loss: 2.70187, Y0: 0.175248

Epoch:2500
In training set, loss: 2.63984, Y0: 0.17183

Epoch:2600
In training set, loss: 2.58141, Y0: 0.168514

Epoch:2700
In training set, loss: 2.52637, Y0: 0.165297

Epoch:2800
In training set, loss: 2.47449, Y0: 0.162176

Epoch:2900
In training set, loss: 2.4256, Y0: 0.159147

Epoch:3000
In training set, loss: 2.3795, Y0: 0.156207

Epoch:3100
In training set, loss: 2.33603, Y0: 0.153355

Epoch:3200
In training set, loss: 2.29504, Y0: 0.150586

Epoch:3300
In training set, loss: 2.25637, Y0: 0.147899

Epoch:3400
In training set, loss: 2.21988, Y0: 0.14529

Epoch:3500
In training set, loss: 2.18543, Y0: 0.142757

Epoch:3600
In training set, loss: 2.15293, Y0: 0.140299

Epoch:3700
In training set, loss: 2.12225, Y0: 0.137912

Epoch:3800
In training set, loss: 2.09328, Y0: 0.135595

Epoch:3900
In training set, loss: 2.06592, Y0: 0.133345

Epoch:4000
In training set, loss: 2.04007, Y0: 0.13116



###############################################################################
TCHPC Cluster: kelvin
Job 18067 (BSDE_job_4_procs) for User 'zuoy' in Account 'hpc_21_01207'
Finished at: Thu Oct 28 01:18:45 IST 2021

Job efficiency estimates:
=========================

Job ID: 18067
Cluster: kelvin
User/Group: zuoy/zuoy
State: COMPLETED (exit code 0)
Nodes: 1
Cores per node: 12
CPU Utilized: 00:35:07
CPU Efficiency: 33.19% of 01:45:48 core-walltime
Job Wall-clock time: 00:08:49
Memory Utilized: 158.15 MB
Memory Efficiency: 0.69% of 22.46 GB

Job completion status:
======================

       JobID    JobName AllocCPUS NTasks NNodes     MaxRSS    MaxRSSNode  MaxDiskRead MaxDiskWrite    Elapsed      State ExitCode 
------------ ---------- --------- ------ ------ ---------- ------------- ------------ ------------ ---------- ---------- -------- 
18067        BSDE_job_+        12             1                                                      00:08:49  COMPLETED      0:0 
18067.batch       batch        12      1      1    161948K   kelvin-n089        0.87M        0.01M   00:08:49  COMPLETED      0:0 


Job details:
============

JobId=18067 JobName=BSDE_job_4_procs
   UserId=zuoy(1582) GroupId=zuoy(1252) MCS_label=N/A
   Priority=12484228 Nice=0 Account=hpc_21_01207 QOS=normal
   JobState=COMPLETING Reason=None Dependency=(null)
   Requeue=0 Restarts=0 BatchFlag=1 Reboot=0 ExitCode=0:0
   DerivedExitCode=0:0
   RunTime=00:08:49 TimeLimit=23:00:00 TimeMin=N/A
   SubmitTime=2021-10-27T23:51:59 EligibleTime=2021-10-27T23:51:59
   AccrueTime=2021-10-27T23:51:59
   StartTime=2021-10-28T01:09:56 EndTime=2021-10-28T01:18:45 Deadline=N/A
   SuspendTime=None SecsPreSuspend=0 LastSchedEval=2021-10-28T01:09:56
   Partition=compute AllocNode:Sid=kelvin01:18226
   ReqNodeList=(null) ExcNodeList=(null)
   NodeList=
   BatchHost=kelvin-n089
   NumNodes=1 NumCPUs=12 NumTasks=4 CPUs/Task=1 ReqB:S:C:T=0:0:*:*
   TRES=cpu=12,mem=23000M,node=1,billing=12
   Socks/Node=* NtasksPerN:B:S:C=0:0:*:* CoreSpec=*
   JOB_GRES=(null)
     Nodes=kelvin-n089 CPU_IDs=0-11 Mem=23000 GRES=
   MinCPUsNode=1 MinMemoryNode=23000M MinTmpDiskNode=0
   Features=(null) DelayBoot=00:00:00
   OverSubscribe=NO Contiguous=0 Licenses=(null) Network=(null)
   Command=/home/users/mschpc/2019/zuoy/HPC/NeuralNetwork/scripts/script_AllenCahn_1_n4.sh
   WorkDir=/home/users/mschpc/2019/zuoy/HPC/NeuralNetwork
   StdErr=/home/users/mschpc/2019/zuoy/HPC/NeuralNetwork/output/slurm-18067.out
   StdIn=/dev/null
   StdOut=/home/users/mschpc/2019/zuoy/HPC/NeuralNetwork/output/slurm-18067.out
   Power=
   NtasksPerTRES:0


Disk quota details:
===================

Quota Type           Name  Filesystem     Usage in MB     Limit in MB    % Used
-------------------------------------------------------------------------------
USER                 zuoy       /home              56          51,200     0.11%

GROUP              mschpc   /projects             999          51,200     1.95%
GROUP          pi-dgolden   /projects               0          51,200     0.00%


SLURM Bank Statement:
=====================

User           Usage |        Account     Usage | Account Limit Available (CPU hrs)
---------- --------- + -------------- --------- + ------------- ---------
zuoy             323 |   HPC_21_01207       323 |       100,000    99,677


Acknowledgements:
=================

Note that usage of TCHPC Resources *must* be acknowledged in all publications.

Please see this page for details relevant to this cluster:

http://www.tchpc.tcd.ie/resources/acknowledgementpolicy

################################################################################
