Ring-AllReduce Mode

Dimension: 200
Total time: 1
Number of time intervals: 20
Learning rate: 0.01
y_init_range: 0, 1
Number of neurons in each hidden layer of each subnet: 110, 110, 
Epochs: 3000
Batch size: 64
Sample size: 1024
Logging frequency: 100
Model name: HJBLQ_parallel_
Number of processors: 4


Training:
Epoch:100
In training set, loss: 50.2603, Y0: 5.06225

Epoch:200
In training set, loss: 34.3889, Y0: 5.17223

Epoch:300
In training set, loss: 26.7173, Y0: 5.1964

Epoch:400
In training set, loss: 21.7534, Y0: 5.2131

Epoch:500
In training set, loss: 18.447, Y0: 5.22554

Epoch:600
In training set, loss: 16.1828, Y0: 5.23501

Epoch:700
In training set, loss: 14.5915, Y0: 5.24236

Epoch:800
In training set, loss: 13.4462, Y0: 5.24815

Epoch:900
In training set, loss: 12.6036, Y0: 5.25278

Epoch:1000
In training set, loss: 11.9715, Y0: 5.25653

Epoch:1100
In training set, loss: 11.4888, Y0: 5.25959

Epoch:1200
In training set, loss: 11.114, Y0: 5.26212

Epoch:1300
In training set, loss: 10.8185, Y0: 5.26423

Epoch:1400
In training set, loss: 10.5824, Y0: 5.266

Epoch:1500
In training set, loss: 10.391, Y0: 5.26749

Epoch:1600
In training set, loss: 10.234, Y0: 5.26876

Epoch:1700
In training set, loss: 10.1036, Y0: 5.26985

Epoch:1800
In training set, loss: 9.99394, Y0: 5.27078

Epoch:1900
In training set, loss: 9.90063, Y0: 5.27158

Epoch:2000
In training set, loss: 9.82033, Y0: 5.27228

Epoch:2100
In training set, loss: 9.75043, Y0: 5.27289

Epoch:2200
In training set, loss: 9.68891, Y0: 5.27342

Epoch:2300
In training set, loss: 9.63417, Y0: 5.27388

Epoch:2400
In training set, loss: 9.58497, Y0: 5.27429

Epoch:2500
In training set, loss: 9.54029, Y0: 5.27465

Epoch:2600
In training set, loss: 9.49933, Y0: 5.27497

Epoch:2700
In training set, loss: 9.46146, Y0: 5.27526

Epoch:2800
In training set, loss: 9.42611, Y0: 5.27551

Epoch:2900
In training set, loss: 9.39291, Y0: 5.27573

Epoch:3000
In training set, loss: 9.36148, Y0: 5.27593



###############################################################################
TCHPC Cluster: kelvin
Job 19520 (BSDE_job_4_procs) for User 'zuoy' in Account 'hpc_21_01207'
Finished at: Fri Nov  5 13:14:28 GMT 2021

Job efficiency estimates:
=========================

Job ID: 19520
Cluster: kelvin
User/Group: zuoy/zuoy
State: COMPLETED (exit code 0)
Nodes: 1
Cores per node: 12
CPU Utilized: 02:48:07
CPU Efficiency: 33.30% of 08:24:48 core-walltime
Job Wall-clock time: 00:42:04
Memory Utilized: 294.47 MB
Memory Efficiency: 1.28% of 22.46 GB

Job completion status:
======================

       JobID    JobName AllocCPUS NTasks NNodes     MaxRSS    MaxRSSNode  MaxDiskRead MaxDiskWrite    Elapsed      State ExitCode 
------------ ---------- --------- ------ ------ ---------- ------------- ------------ ------------ ---------- ---------- -------- 
19520        BSDE_job_+        12             1                                                      00:42:04  COMPLETED      0:0 
19520.batch       batch        12      1      1    301536K   kelvin-n045        0.86M        0.01M   00:42:04  COMPLETED      0:0 


Job details:
============

JobId=19520 JobName=BSDE_job_4_procs
   UserId=zuoy(1582) GroupId=zuoy(1252) MCS_label=N/A
   Priority=11625143 Nice=0 Account=hpc_21_01207 QOS=normal
   JobState=COMPLETING Reason=None Dependency=(null)
   Requeue=0 Restarts=0 BatchFlag=1 Reboot=0 ExitCode=0:0
   DerivedExitCode=0:0
   RunTime=00:42:04 TimeLimit=23:00:00 TimeMin=N/A
   SubmitTime=2021-11-05T12:05:54 EligibleTime=2021-11-05T12:05:54
   AccrueTime=2021-11-05T12:05:54
   StartTime=2021-11-05T12:32:24 EndTime=2021-11-05T13:14:28 Deadline=N/A
   SuspendTime=None SecsPreSuspend=0 LastSchedEval=2021-11-05T12:32:23
   Partition=compute AllocNode:Sid=kelvin01:722
   ReqNodeList=(null) ExcNodeList=(null)
   NodeList=
   BatchHost=kelvin-n045
   NumNodes=1 NumCPUs=12 NumTasks=4 CPUs/Task=1 ReqB:S:C:T=0:0:*:*
   TRES=cpu=12,mem=23000M,node=1,billing=12
   Socks/Node=* NtasksPerN:B:S:C=0:0:*:* CoreSpec=*
   JOB_GRES=(null)
     Nodes=kelvin-n045 CPU_IDs=0-11 Mem=23000 GRES=
   MinCPUsNode=1 MinMemoryNode=23000M MinTmpDiskNode=0
   Features=(null) DelayBoot=00:00:00
   OverSubscribe=NO Contiguous=0 Licenses=(null) Network=(null)
   Command=/home/users/mschpc/2019/zuoy/HPC/NeuralNetwork/scripts/script_HJBLQ_d200_b64_n4.sh
   WorkDir=/home/users/mschpc/2019/zuoy/HPC/NeuralNetwork
   StdErr=/home/users/mschpc/2019/zuoy/HPC/NeuralNetwork/output/slurm-19520.out
   StdIn=/dev/null
   StdOut=/home/users/mschpc/2019/zuoy/HPC/NeuralNetwork/output/slurm-19520.out
   Power=
   NtasksPerTRES:0


Disk quota details:
===================

Quota Type           Name  Filesystem     Usage in MB     Limit in MB    % Used
-------------------------------------------------------------------------------
USER                 zuoy       /home              88          51,200     0.17%

GROUP              mschpc   /projects             999          51,200     1.95%
GROUP          pi-dgolden   /projects               0          51,200     0.00%


SLURM Bank Statement:
=====================

User           Usage |        Account     Usage | Account Limit Available (CPU hrs)
---------- --------- + -------------- --------- + ------------- ---------
zuoy           5,788 |   HPC_21_01207     5,788 |       100,000    94,212


Acknowledgements:
=================

Note that usage of TCHPC Resources *must* be acknowledged in all publications.

Please see this page for details relevant to this cluster:

http://www.tchpc.tcd.ie/resources/acknowledgementpolicy

################################################################################
