Ring-AllReduce Mode

Dimension: 100
Total time: 1
Number of time intervals: 20
Learning rate: 0.01
y_init_range: 0, 1
Number of neurons in each hidden layer of each subnet: 110, 110, 
Epochs: 3000
Batch size: 128
Sample size: 1024
Logging frequency: 100
Model name: HJBLQ_parallel_
Number of processors: 4


Training:
Epoch:100
In training set, loss: 242.099, Y0: 3.90056

Epoch:200
In training set, loss: 56.731, Y0: 4.41446

Epoch:300
In training set, loss: 49.7752, Y0: 4.4881

Epoch:400
In training set, loss: 46.5971, Y0: 4.50361

Epoch:500
In training set, loss: 44.0919, Y0: 4.51056

Epoch:600
In training set, loss: 42.0732, Y0: 4.51558

Epoch:700
In training set, loss: 40.4351, Y0: 4.51969

Epoch:800
In training set, loss: 39.097, Y0: 4.52314

Epoch:900
In training set, loss: 37.9961, Y0: 4.52605

Epoch:1000
In training set, loss: 37.0837, Y0: 4.52854

Epoch:1100
In training set, loss: 36.3216, Y0: 4.53066

Epoch:1200
In training set, loss: 35.6799, Y0: 4.53249

Epoch:1300
In training set, loss: 35.1352, Y0: 4.53407

Epoch:1400
In training set, loss: 34.6687, Y0: 4.53545

Epoch:1500
In training set, loss: 34.2658, Y0: 4.53665

Epoch:1600
In training set, loss: 33.9147, Y0: 4.5377

Epoch:1700
In training set, loss: 33.606, Y0: 4.53862

Epoch:1800
In training set, loss: 33.3322, Y0: 4.53944

Epoch:1900
In training set, loss: 33.0871, Y0: 4.54017

Epoch:2000
In training set, loss: 32.8659, Y0: 4.54081

Epoch:2100
In training set, loss: 32.6646, Y0: 4.54139

Epoch:2200
In training set, loss: 32.4798, Y0: 4.54191

Epoch:2300
In training set, loss: 32.309, Y0: 4.54238

Epoch:2400
In training set, loss: 32.1499, Y0: 4.5428

Epoch:2500
In training set, loss: 32.0006, Y0: 4.54318

Epoch:2600
In training set, loss: 31.8597, Y0: 4.54352

Epoch:2700
In training set, loss: 31.7259, Y0: 4.54383

Epoch:2800
In training set, loss: 31.5983, Y0: 4.54412

Epoch:2900
In training set, loss: 31.4758, Y0: 4.54439

Epoch:3000
In training set, loss: 31.3578, Y0: 4.54462



###############################################################################
TCHPC Cluster: kelvin
Job 19430 (BSDE_job_4_procs) for User 'zuoy' in Account 'hpc_21_01207'
Finished at: Fri Nov  5 07:59:50 GMT 2021

Job efficiency estimates:
=========================

Job ID: 19430
Cluster: kelvin
User/Group: zuoy/zuoy
State: COMPLETED (exit code 0)
Nodes: 1
Cores per node: 12
CPU Utilized: 01:39:50
CPU Efficiency: 33.28% of 05:00:00 core-walltime
Job Wall-clock time: 00:25:00
Memory Utilized: 212.97 MB
Memory Efficiency: 0.93% of 22.46 GB

Job completion status:
======================

       JobID    JobName AllocCPUS NTasks NNodes     MaxRSS    MaxRSSNode  MaxDiskRead MaxDiskWrite    Elapsed      State ExitCode 
------------ ---------- --------- ------ ------ ---------- ------------- ------------ ------------ ---------- ---------- -------- 
19430        BSDE_job_+        12             1                                                      00:25:00  COMPLETED      0:0 
19430.batch       batch        12      1      1    218080K   kelvin-n045        0.87M        0.01M   00:25:00  COMPLETED      0:0 


Job details:
============

JobId=19430 JobName=BSDE_job_4_procs
   UserId=zuoy(1582) GroupId=zuoy(1252) MCS_label=N/A
   Priority=11807070 Nice=0 Account=hpc_21_01207 QOS=normal
   JobState=COMPLETING Reason=None Dependency=(null)
   Requeue=0 Restarts=0 BatchFlag=1 Reboot=0 ExitCode=0:0
   DerivedExitCode=0:0
   RunTime=00:25:00 TimeLimit=23:00:00 TimeMin=N/A
   SubmitTime=2021-11-05T01:02:08 EligibleTime=2021-11-05T01:02:08
   AccrueTime=2021-11-05T01:02:08
   StartTime=2021-11-05T07:34:50 EndTime=2021-11-05T07:59:50 Deadline=N/A
   SuspendTime=None SecsPreSuspend=0 LastSchedEval=2021-11-05T07:34:50
   Partition=compute AllocNode:Sid=kelvin01:28454
   ReqNodeList=(null) ExcNodeList=(null)
   NodeList=
   BatchHost=kelvin-n045
   NumNodes=1 NumCPUs=12 NumTasks=4 CPUs/Task=1 ReqB:S:C:T=0:0:*:*
   TRES=cpu=12,mem=23000M,node=1,billing=12
   Socks/Node=* NtasksPerN:B:S:C=0:0:*:* CoreSpec=*
   JOB_GRES=(null)
     Nodes=kelvin-n045 CPU_IDs=0-11 Mem=23000 GRES=
   MinCPUsNode=1 MinMemoryNode=23000M MinTmpDiskNode=0
   Features=(null) DelayBoot=00:00:00
   OverSubscribe=NO Contiguous=0 Licenses=(null) Network=(null)
   Command=/home/users/mschpc/2019/zuoy/HPC/NeuralNetwork/scripts/script_HJBLQ_d100_b128_n4.sh
   WorkDir=/home/users/mschpc/2019/zuoy/HPC/NeuralNetwork
   StdErr=/home/users/mschpc/2019/zuoy/HPC/NeuralNetwork/output/slurm-19430.out
   StdIn=/dev/null
   StdOut=/home/users/mschpc/2019/zuoy/HPC/NeuralNetwork/output/slurm-19430.out
   Power=
   NtasksPerTRES:0


Disk quota details:
===================

Quota Type           Name  Filesystem     Usage in MB     Limit in MB    % Used
-------------------------------------------------------------------------------
USER                 zuoy       /home              88          51,200     0.17%

GROUP              mschpc   /projects             999          51,200     1.95%
GROUP          pi-dgolden   /projects               0          51,200     0.00%


SLURM Bank Statement:
=====================

User           Usage |        Account     Usage | Account Limit Available (CPU hrs)
---------- --------- + -------------- --------- + ------------- ---------
zuoy           5,487 |   HPC_21_01207     5,487 |       100,000    94,513


Acknowledgements:
=================

Note that usage of TCHPC Resources *must* be acknowledged in all publications.

Please see this page for details relevant to this cluster:

http://www.tchpc.tcd.ie/resources/acknowledgementpolicy

################################################################################
