Ring-AllReduce Mode

Dimension: 100
Total time: 1
Number of time intervals: 40
Learning rate: 0.01
y_init_range: 40, 50
Number of neurons in each hidden layer of each subnet: 110, 110, 
Epochs: 1000
Batch size: 1
Sample size: 1024
Logging frequency: 100
Model name: pricing_default_risk_parallel_
Number of processors: 16


Training:
Epoch:100
In training set, loss: 11132.4, Y0: 57.1871

Epoch:200
In training set, loss: 10361.7, Y0: 57.2024

Epoch:300
In training set, loss: 9745.28, Y0: 57.2086

Epoch:400
In training set, loss: 9169.51, Y0: 57.213

Epoch:500
In training set, loss: 8631.5, Y0: 57.2175

Epoch:600
In training set, loss: 8115.18, Y0: 57.2207

Epoch:700
In training set, loss: 7624.62, Y0: 57.2242

Epoch:800
In training set, loss: 7157.48, Y0: 57.2267

Epoch:900
In training set, loss: 6720.79, Y0: 57.2295

Epoch:1000
In training set, loss: 6306.93, Y0: 57.2322



###############################################################################
TCHPC Cluster: kelvin
Job 19319 (BSDE_job_4_procs) for User 'zuoy' in Account 'hpc_21_01207'
Finished at: Fri Nov  5 00:29:45 GMT 2021

Job efficiency estimates:
=========================

Job ID: 19319
Cluster: kelvin
User/Group: zuoy/zuoy
State: COMPLETED (exit code 0)
Nodes: 2
Cores per node: 12
CPU Utilized: 02:02:49
CPU Efficiency: 33.16% of 06:10:24 core-walltime
Job Wall-clock time: 00:15:26
Memory Utilized: 625.23 MB
Memory Efficiency: 1.36% of 44.92 GB

Job completion status:
======================

       JobID    JobName AllocCPUS NTasks NNodes     MaxRSS    MaxRSSNode  MaxDiskRead MaxDiskWrite    Elapsed      State ExitCode 
------------ ---------- --------- ------ ------ ---------- ------------- ------------ ------------ ---------- ---------- -------- 
19319        BSDE_job_+        24             2                                                      00:15:26  COMPLETED      0:0 
19319.batch       batch        12      1      1    640240K   kelvin-n033        0.87M        0.01M   00:15:26  COMPLETED      0:0 
19319.0           orted        12      1      1                                                      00:15:23  COMPLETED      0:0 


Job details:
============

JobId=19319 JobName=BSDE_job_4_procs
   UserId=zuoy(1582) GroupId=zuoy(1252) MCS_label=N/A
   Priority=11668039 Nice=0 Account=hpc_21_01207 QOS=normal
   JobState=COMPLETING Reason=None Dependency=(null)
   Requeue=0 Restarts=0 BatchFlag=1 Reboot=0 ExitCode=0:0
   DerivedExitCode=0:0
   RunTime=00:15:26 TimeLimit=23:00:00 TimeMin=N/A
   SubmitTime=2021-11-05T00:14:19 EligibleTime=2021-11-05T00:14:19
   AccrueTime=2021-11-05T00:14:19
   StartTime=2021-11-05T00:14:19 EndTime=2021-11-05T00:29:45 Deadline=N/A
   SuspendTime=None SecsPreSuspend=0 LastSchedEval=2021-11-05T00:14:19
   Partition=compute AllocNode:Sid=kelvin01:28454
   ReqNodeList=(null) ExcNodeList=(null)
   NodeList=kelvin-n034
   BatchHost=kelvin-n033
   NumNodes=1 NumCPUs=24 NumTasks=16 CPUs/Task=1 ReqB:S:C:T=0:0:*:*
   TRES=cpu=24,mem=46000M,node=2,billing=24
   Socks/Node=* NtasksPerN:B:S:C=0:0:*:* CoreSpec=*
   JOB_GRES=(null)
     Nodes=kelvin-n[033-034] CPU_IDs=0-11 Mem=23000 GRES=
   MinCPUsNode=1 MinMemoryNode=23000M MinTmpDiskNode=0
   Features=(null) DelayBoot=00:00:00
   OverSubscribe=NO Contiguous=0 Licenses=(null) Network=(null)
   Command=/home/users/mschpc/2019/zuoy/HPC/NeuralNetwork/scripts/script_PricingDefaultRisk_d100_b1_n16.sh
   WorkDir=/home/users/mschpc/2019/zuoy/HPC/NeuralNetwork
   StdErr=/home/users/mschpc/2019/zuoy/HPC/NeuralNetwork/output/slurm-19319.out
   StdIn=/dev/null
   StdOut=/home/users/mschpc/2019/zuoy/HPC/NeuralNetwork/output/slurm-19319.out
   Power=
   NtasksPerTRES:0


Disk quota details:
===================

Quota Type           Name  Filesystem     Usage in MB     Limit in MB    % Used
-------------------------------------------------------------------------------
USER                 zuoy       /home              84          51,200     0.16%

GROUP              mschpc   /projects             999          51,200     1.95%
GROUP          pi-dgolden   /projects               0          51,200     0.00%


SLURM Bank Statement:
=====================

User           Usage |        Account     Usage | Account Limit Available (CPU hrs)
---------- --------- + -------------- --------- + ------------- ---------
zuoy           4,455 |   HPC_21_01207     4,455 |       100,000    95,545


Acknowledgements:
=================

Note that usage of TCHPC Resources *must* be acknowledged in all publications.

Please see this page for details relevant to this cluster:

http://www.tchpc.tcd.ie/resources/acknowledgementpolicy

################################################################################
