Ring-AllReduce Mode

Dimension: 100
Total time: 1
Number of time intervals: 20
Learning rate: 0.01
y_init_range: 0, 1
Number of neurons in each hidden layer of each subnet: 110, 110, 
Epochs: 3000
Batch size: 64
Sample size: 1024
Logging frequency: 100
Model name: HJBLQ_parallel_
Number of processors: 16


Training:
Epoch:100
In training set, loss: 1455.63, Y0: 2.85846

Epoch:200
In training set, loss: 237.524, Y0: 3.89263

Epoch:300
In training set, loss: 77.6789, Y0: 4.26771

Epoch:400
In training set, loss: 55.229, Y0: 4.40545

Epoch:500
In training set, loss: 50.7296, Y0: 4.45765

Epoch:600
In training set, loss: 48.7163, Y0: 4.47887

Epoch:700
In training set, loss: 47.1693, Y0: 4.48875

Epoch:800
In training set, loss: 45.8104, Y0: 4.49435

Epoch:900
In training set, loss: 44.5891, Y0: 4.49824

Epoch:1000
In training set, loss: 43.4865, Y0: 4.50136

Epoch:1100
In training set, loss: 42.4895, Y0: 4.50405

Epoch:1200
In training set, loss: 41.5867, Y0: 4.50647

Epoch:1300
In training set, loss: 40.7681, Y0: 4.50868

Epoch:1400
In training set, loss: 40.0249, Y0: 4.5107

Epoch:1500
In training set, loss: 39.3493, Y0: 4.51256

Epoch:1600
In training set, loss: 38.7342, Y0: 4.51428

Epoch:1700
In training set, loss: 38.1734, Y0: 4.51585

Epoch:1800
In training set, loss: 37.6613, Y0: 4.51732

Epoch:1900
In training set, loss: 37.1931, Y0: 4.51868

Epoch:2000
In training set, loss: 36.7642, Y0: 4.51993

Epoch:2100
In training set, loss: 36.3709, Y0: 4.52109

Epoch:2200
In training set, loss: 36.0094, Y0: 4.52218

Epoch:2300
In training set, loss: 35.6767, Y0: 4.52318

Epoch:2400
In training set, loss: 35.37, Y0: 4.52411

Epoch:2500
In training set, loss: 35.0868, Y0: 4.52498

Epoch:2600
In training set, loss: 34.8248, Y0: 4.52578

Epoch:2700
In training set, loss: 34.5819, Y0: 4.52655

Epoch:2800
In training set, loss: 34.3564, Y0: 4.52726

Epoch:2900
In training set, loss: 34.1467, Y0: 4.52792

Epoch:3000
In training set, loss: 33.9512, Y0: 4.52853



###############################################################################
TCHPC Cluster: kelvin
Job 19428 (BSDE_job_4_procs) for User 'zuoy' in Account 'hpc_21_01207'
Finished at: Fri Nov  5 06:53:00 GMT 2021

Job efficiency estimates:
=========================

Job ID: 19428
Cluster: kelvin
User/Group: zuoy/zuoy
State: COMPLETED (exit code 0)
Nodes: 2
Cores per node: 12
CPU Utilized: 01:08:37
CPU Efficiency: 33.18% of 03:26:48 core-walltime
Job Wall-clock time: 00:08:37
Memory Utilized: 426.61 MB
Memory Efficiency: 0.93% of 44.92 GB

Job completion status:
======================

       JobID    JobName AllocCPUS NTasks NNodes     MaxRSS    MaxRSSNode  MaxDiskRead MaxDiskWrite    Elapsed      State ExitCode 
------------ ---------- --------- ------ ------ ---------- ------------- ------------ ------------ ---------- ---------- -------- 
19428        BSDE_job_+        24             2                                                      00:08:37  COMPLETED      0:0 
19428.batch       batch        12      1      1    436852K   kelvin-n043        0.87M        0.01M   00:08:37  COMPLETED      0:0 
19428.0           orted        12      1      1                                                      00:08:36  COMPLETED      0:0 


Job details:
============

JobId=19428 JobName=BSDE_job_4_procs
   UserId=zuoy(1582) GroupId=zuoy(1252) MCS_label=N/A
   Priority=11782361 Nice=0 Account=hpc_21_01207 QOS=normal
   JobState=COMPLETING Reason=None Dependency=(null)
   Requeue=0 Restarts=0 BatchFlag=1 Reboot=0 ExitCode=0:0
   DerivedExitCode=0:0
   RunTime=00:08:37 TimeLimit=23:00:00 TimeMin=N/A
   SubmitTime=2021-11-05T01:02:08 EligibleTime=2021-11-05T01:02:08
   AccrueTime=2021-11-05T01:02:08
   StartTime=2021-11-05T06:44:22 EndTime=2021-11-05T06:52:59 Deadline=N/A
   SuspendTime=None SecsPreSuspend=0 LastSchedEval=2021-11-05T06:44:22
   Partition=compute AllocNode:Sid=kelvin01:28454
   ReqNodeList=(null) ExcNodeList=(null)
   NodeList=kelvin-n044
   BatchHost=kelvin-n043
   NumNodes=1 NumCPUs=24 NumTasks=16 CPUs/Task=1 ReqB:S:C:T=0:0:*:*
   TRES=cpu=24,mem=46000M,node=2,billing=24
   Socks/Node=* NtasksPerN:B:S:C=0:0:*:* CoreSpec=*
   JOB_GRES=(null)
     Nodes=kelvin-n[043-044] CPU_IDs=0-11 Mem=23000 GRES=
   MinCPUsNode=1 MinMemoryNode=23000M MinTmpDiskNode=0
   Features=(null) DelayBoot=00:00:00
   OverSubscribe=NO Contiguous=0 Licenses=(null) Network=(null)
   Command=/home/users/mschpc/2019/zuoy/HPC/NeuralNetwork/scripts/script_HJBLQ_d100_b64_n16.sh
   WorkDir=/home/users/mschpc/2019/zuoy/HPC/NeuralNetwork
   StdErr=/home/users/mschpc/2019/zuoy/HPC/NeuralNetwork/output/slurm-19428.out
   StdIn=/dev/null
   StdOut=/home/users/mschpc/2019/zuoy/HPC/NeuralNetwork/output/slurm-19428.out
   Power=
   NtasksPerTRES:0


Disk quota details:
===================

Quota Type           Name  Filesystem     Usage in MB     Limit in MB    % Used
-------------------------------------------------------------------------------
USER                 zuoy       /home              87          51,200     0.17%

GROUP              mschpc   /projects             999          51,200     1.95%
GROUP          pi-dgolden   /projects               0          51,200     0.00%


SLURM Bank Statement:
=====================

User           Usage |        Account     Usage | Account Limit Available (CPU hrs)
---------- --------- + -------------- --------- + ------------- ---------
zuoy           5,262 |   HPC_21_01207     5,262 |       100,000    94,738


Acknowledgements:
=================

Note that usage of TCHPC Resources *must* be acknowledged in all publications.

Please see this page for details relevant to this cluster:

http://www.tchpc.tcd.ie/resources/acknowledgementpolicy

################################################################################
