Ring-AllReduce Mode

Dimension: 200
Total time: 1
Number of time intervals: 20
Learning rate: 0.01
y_init_range: 0, 1
Number of neurons in each hidden layer of each subnet: 110, 110, 
Epochs: 3000
Batch size: 128
Sample size: 1024
Logging frequency: 100
Model name: HJBLQ_parallel_
Number of processors: 32


Training:
Epoch:100
In training set, loss: 8508.4, Y0: 1.16442

Epoch:200
In training set, loss: 5109.67, Y0: 2.06559

Epoch:300
In training set, loss: 3073.21, Y0: 2.76251

Epoch:400
In training set, loss: 1855.35, Y0: 3.30119

Epoch:500
In training set, loss: 1128.16, Y0: 3.71742

Epoch:600
In training set, loss: 694.401, Y0: 4.03901

Epoch:700
In training set, loss: 435.779, Y0: 4.28752

Epoch:800
In training set, loss: 281.526, Y0: 4.47963

Epoch:900
In training set, loss: 189.389, Y0: 4.62822

Epoch:1000
In training set, loss: 134.192, Y0: 4.74328

Epoch:1100
In training set, loss: 100.952, Y0: 4.83248

Epoch:1200
In training set, loss: 80.7609, Y0: 4.90175

Epoch:1300
In training set, loss: 68.3338, Y0: 4.95565

Epoch:1400
In training set, loss: 60.5263, Y0: 4.99771

Epoch:1500
In training set, loss: 55.4734, Y0: 5.03063

Epoch:1600
In training set, loss: 52.0693, Y0: 5.05651

Epoch:1700
In training set, loss: 49.6562, Y0: 5.07695

Epoch:1800
In training set, loss: 47.8439, Y0: 5.09318

Epoch:1900
In training set, loss: 46.3998, Y0: 5.10616

Epoch:2000
In training set, loss: 45.1859, Y0: 5.11664

Epoch:2100
In training set, loss: 44.1196, Y0: 5.12516

Epoch:2200
In training set, loss: 43.1517, Y0: 5.13218

Epoch:2300
In training set, loss: 42.2521, Y0: 5.13802

Epoch:2400
In training set, loss: 41.4032, Y0: 5.14295

Epoch:2500
In training set, loss: 40.5936, Y0: 5.14717

Epoch:2600
In training set, loss: 39.8168, Y0: 5.15083

Epoch:2700
In training set, loss: 39.0683, Y0: 5.15403

Epoch:2800
In training set, loss: 38.3447, Y0: 5.15691

Epoch:2900
In training set, loss: 37.6447, Y0: 5.1595

Epoch:3000
In training set, loss: 36.9663, Y0: 5.16186



###############################################################################
TCHPC Cluster: kelvin
Job 19527 (BSDE_job_4_procs) for User 'zuoy' in Account 'hpc_21_01207'
Finished at: Fri Nov  5 12:28:06 GMT 2021

Job efficiency estimates:
=========================

Job ID: 19527
Cluster: kelvin
User/Group: zuoy/zuoy
State: COMPLETED (exit code 0)
Nodes: 3
Cores per node: 12
CPU Utilized: 01:56:23
CPU Efficiency: 30.17% of 06:25:48 core-walltime
Job Wall-clock time: 00:10:43
Memory Utilized: 817.42 MB
Memory Efficiency: 1.18% of 67.38 GB

Job completion status:
======================

       JobID    JobName AllocCPUS NTasks NNodes     MaxRSS    MaxRSSNode  MaxDiskRead MaxDiskWrite    Elapsed      State ExitCode 
------------ ---------- --------- ------ ------ ---------- ------------- ------------ ------------ ---------- ---------- -------- 
19527        BSDE_job_+        36             3                                                      00:10:43  COMPLETED      0:0 
19527.batch       batch        12      1      1    837036K   kelvin-n029        0.86M        0.01M   00:10:43  COMPLETED      0:0 
19527.0           orted        24      2      2                                                      00:10:41  COMPLETED      0:0 


Job details:
============

JobId=19527 JobName=BSDE_job_4_procs
   UserId=zuoy(1582) GroupId=zuoy(1252) MCS_label=N/A
   Priority=11618879 Nice=0 Account=hpc_21_01207 QOS=normal
   JobState=COMPLETING Reason=None Dependency=(null)
   Requeue=0 Restarts=0 BatchFlag=1 Reboot=0 ExitCode=0:0
   DerivedExitCode=0:0
   RunTime=00:10:43 TimeLimit=23:00:00 TimeMin=N/A
   SubmitTime=2021-11-05T12:05:54 EligibleTime=2021-11-05T12:05:54
   AccrueTime=2021-11-05T12:05:54
   StartTime=2021-11-05T12:17:23 EndTime=2021-11-05T12:28:06 Deadline=N/A
   SuspendTime=None SecsPreSuspend=0 LastSchedEval=2021-11-05T12:17:23
   Partition=compute AllocNode:Sid=kelvin01:722
   ReqNodeList=(null) ExcNodeList=(null)
   NodeList=kelvin-n[030-031]
   BatchHost=kelvin-n029
   NumNodes=2 NumCPUs=36 NumTasks=32 CPUs/Task=1 ReqB:S:C:T=0:0:*:*
   TRES=cpu=36,mem=69000M,node=3,billing=36
   Socks/Node=* NtasksPerN:B:S:C=0:0:*:* CoreSpec=*
   JOB_GRES=(null)
     Nodes=kelvin-n[029-031] CPU_IDs=0-11 Mem=23000 GRES=
   MinCPUsNode=1 MinMemoryNode=23000M MinTmpDiskNode=0
   Features=(null) DelayBoot=00:00:00
   OverSubscribe=NO Contiguous=0 Licenses=(null) Network=(null)
   Command=/home/users/mschpc/2019/zuoy/HPC/NeuralNetwork/scripts/script_HJBLQ_d200_b128_n32.sh
   WorkDir=/home/users/mschpc/2019/zuoy/HPC/NeuralNetwork
   StdErr=/home/users/mschpc/2019/zuoy/HPC/NeuralNetwork/output/slurm-19527.out
   StdIn=/dev/null
   StdOut=/home/users/mschpc/2019/zuoy/HPC/NeuralNetwork/output/slurm-19527.out
   Power=
   NtasksPerTRES:0


Disk quota details:
===================

Quota Type           Name  Filesystem     Usage in MB     Limit in MB    % Used
-------------------------------------------------------------------------------
USER                 zuoy       /home              87          51,200     0.17%

GROUP              mschpc   /projects             999          51,200     1.95%
GROUP          pi-dgolden   /projects               0          51,200     0.00%


SLURM Bank Statement:
=====================

User           Usage |        Account     Usage | Account Limit Available (CPU hrs)
---------- --------- + -------------- --------- + ------------- ---------
zuoy           5,637 |   HPC_21_01207     5,637 |       100,000    94,363


Acknowledgements:
=================

Note that usage of TCHPC Resources *must* be acknowledged in all publications.

Please see this page for details relevant to this cluster:

http://www.tchpc.tcd.ie/resources/acknowledgementpolicy

################################################################################
