Master-Slave Mode

Dimension: 500
Total time: 1
Number of time intervals: 40
Learning rate: 0.01
y_init_range: 40, 50
Number of neurons in each hidden layer of each subnet: 110, 110, 
Epochs: 1000
Batch size: 1
Sample size: 1024
Logging frequency: 100
Model name: pricing_default_risk_parallel_
Number of processors: 128


Training:
Epoch:100
In training set, loss: 7405.41, Y0: 49.8891

Epoch:200
In training set, loss: 6686.66, Y0: 49.9129

Epoch:300
In training set, loss: 6221.19, Y0: 49.931

Epoch:400
In training set, loss: 5900.86, Y0: 49.9462

Epoch:500
In training set, loss: 5667.45, Y0: 49.9587

Epoch:600
In training set, loss: 5489.49, Y0: 49.9686

Epoch:700
In training set, loss: 5348.89, Y0: 49.9764

Epoch:800
In training set, loss: 5234.48, Y0: 49.9825

Epoch:900
In training set, loss: 5139.25, Y0: 49.9873

Epoch:1000
In training set, loss: 5058.6, Y0: 49.9909



###############################################################################
TCHPC Cluster: kelvin
Job 19816 (BSDE_job_4_procs) for User 'zuoy' in Account 'hpc_21_01207'
Finished at: Tue Nov  9 06:16:27 GMT 2021

Job efficiency estimates:
=========================

Job ID: 19816
Cluster: kelvin
User/Group: zuoy/zuoy
State: COMPLETED (exit code 0)
Nodes: 11
Cores per node: 12
CPU Utilized: 05:37:53
CPU Efficiency: 8.95% of 2-14:55:12 core-walltime
Job Wall-clock time: 00:28:36
Memory Utilized: 3.02 GB
Memory Efficiency: 1.22% of 247.07 GB

Job completion status:
======================

       JobID    JobName AllocCPUS NTasks NNodes     MaxRSS    MaxRSSNode  MaxDiskRead MaxDiskWrite    Elapsed      State ExitCode 
------------ ---------- --------- ------ ------ ---------- ------------- ------------ ------------ ---------- ---------- -------- 
19816        BSDE_job_+       132            11                                                      00:28:36  COMPLETED      0:0 
19816.batch       batch        12      1      1   3171080K   kelvin-n083        0.87M        0.01M   00:28:36  COMPLETED      0:0 
19816.0           orted       120     10     10                                                      00:28:34  COMPLETED      0:0 


Job details:
============

JobId=19816 JobName=BSDE_job_4_procs
   UserId=zuoy(1582) GroupId=zuoy(1252) MCS_label=N/A
   Priority=12199120 Nice=0 Account=hpc_21_01207 QOS=normal
   JobState=COMPLETING Reason=None Dependency=(null)
   Requeue=0 Restarts=0 BatchFlag=1 Reboot=0 ExitCode=0:0
   DerivedExitCode=0:0
   RunTime=00:28:36 TimeLimit=23:00:00 TimeMin=N/A
   SubmitTime=2021-11-08T17:24:12 EligibleTime=2021-11-08T17:24:12
   AccrueTime=2021-11-08T17:24:12
   StartTime=2021-11-09T05:47:51 EndTime=2021-11-09T06:16:27 Deadline=N/A
   SuspendTime=None SecsPreSuspend=0 LastSchedEval=2021-11-09T05:47:51
   Partition=compute AllocNode:Sid=kelvin01:22494
   ReqNodeList=(null) ExcNodeList=(null)
   NodeList=kelvin-n[084-087,089-094]
   BatchHost=kelvin-n083
   NumNodes=10 NumCPUs=132 NumTasks=128 CPUs/Task=1 ReqB:S:C:T=0:0:*:*
   TRES=cpu=132,mem=253000M,node=11,billing=132
   Socks/Node=* NtasksPerN:B:S:C=0:0:*:* CoreSpec=*
   JOB_GRES=(null)
     Nodes=kelvin-n[083-087,089-094] CPU_IDs=0-11 Mem=23000 GRES=
   MinCPUsNode=1 MinMemoryNode=23000M MinTmpDiskNode=0
   Features=(null) DelayBoot=00:00:00
   OverSubscribe=NO Contiguous=0 Licenses=(null) Network=(null)
   Command=/home/users/mschpc/2019/zuoy/HPC/NeuralNetwork/scripts/script_PricingDefaultRisk_d500_b1_n128.sh
   WorkDir=/home/users/mschpc/2019/zuoy/HPC/NeuralNetwork
   StdErr=/home/users/mschpc/2019/zuoy/HPC/NeuralNetwork/output/slurm-19816.out
   StdIn=/dev/null
   StdOut=/home/users/mschpc/2019/zuoy/HPC/NeuralNetwork/output/slurm-19816.out
   Power=
   NtasksPerTRES:0


Disk quota details:
===================

Quota Type           Name  Filesystem     Usage in MB     Limit in MB    % Used
-------------------------------------------------------------------------------
USER                 zuoy       /home              89          51,200     0.17%

GROUP              mschpc   /projects             999          51,200     1.95%
GROUP          pi-dgolden   /projects               0          51,200     0.00%


SLURM Bank Statement:
=====================

User           Usage |        Account     Usage | Account Limit Available (CPU hrs)
---------- --------- + -------------- --------- + ------------- ---------
zuoy           6,794 |   HPC_21_01207     6,794 |       100,000    93,206


Acknowledgements:
=================

Note that usage of TCHPC Resources *must* be acknowledged in all publications.

Please see this page for details relevant to this cluster:

http://www.tchpc.tcd.ie/resources/acknowledgementpolicy

################################################################################
