Dimension: 100
Total time: 1
Number of time intervals: 40
Learning rate: 0.01
y_init_range: 40, 50
Number of neurons in each hidden layer of each subnet: 110, 110, 
Epochs: 1000
Batch size: 1
Sample size: 1024
Logging frequency: 100
Model name: pricing_default_risk_parallel_
Number of processors: 8


Training:
Epoch:100
In training set, loss: 9680.85, Y0: 57.4399

Epoch:200
In training set, loss: 8493.1, Y0: 57.4405

Epoch:300
In training set, loss: 7450.17, Y0: 57.4375

Epoch:400
In training set, loss: 6516.12, Y0: 57.4333

Epoch:500
In training set, loss: 5690.9, Y0: 57.4301

Epoch:600
In training set, loss: 4972.29, Y0: 57.4267

Epoch:700
In training set, loss: 4351.52, Y0: 57.4242

Epoch:800
In training set, loss: 3816.79, Y0: 57.421

Epoch:900
In training set, loss: 3354.89, Y0: 57.418

Epoch:1000
In training set, loss: 2956.61, Y0: 57.4156



###############################################################################
TCHPC Cluster: kelvin
Job 18515 (BSDE_job_4_procs) for User 'zuoy' in Account 'hpc_21_01207'
Finished at: Tue Nov  2 05:22:23 GMT 2021

Job efficiency estimates:
=========================

Job ID: 18515
Cluster: kelvin
User/Group: zuoy/zuoy
State: COMPLETED (exit code 0)
Nodes: 1
Cores per node: 12
CPU Utilized: 03:52:22
CPU Efficiency: 66.62% of 05:48:48 core-walltime
Job Wall-clock time: 00:29:04
Memory Utilized: 623.06 MB
Memory Efficiency: 2.71% of 22.46 GB

Job completion status:
======================

       JobID    JobName AllocCPUS NTasks NNodes     MaxRSS    MaxRSSNode  MaxDiskRead MaxDiskWrite    Elapsed      State ExitCode 
------------ ---------- --------- ------ ------ ---------- ------------- ------------ ------------ ---------- ---------- -------- 
18515        BSDE_job_+        12             1                                                      00:29:04  COMPLETED      0:0 
18515.batch       batch        12      1      1    638012K   kelvin-n093        0.86M        0.01M   00:29:04  COMPLETED      0:0 


Job details:
============

JobId=18515 JobName=BSDE_job_4_procs
   UserId=zuoy(1582) GroupId=zuoy(1252) MCS_label=N/A
   Priority=12403489 Nice=0 Account=hpc_21_01207 QOS=normal
   JobState=COMPLETING Reason=None Dependency=(null)
   Requeue=0 Restarts=0 BatchFlag=1 Reboot=0 ExitCode=0:0
   DerivedExitCode=0:0
   RunTime=00:29:04 TimeLimit=23:00:00 TimeMin=N/A
   SubmitTime=2021-11-02T00:16:23 EligibleTime=2021-11-02T00:16:23
   AccrueTime=2021-11-02T00:16:23
   StartTime=2021-11-02T04:53:19 EndTime=2021-11-02T05:22:23 Deadline=N/A
   SuspendTime=None SecsPreSuspend=0 LastSchedEval=2021-11-02T04:53:19
   Partition=compute AllocNode:Sid=kelvin01:22516
   ReqNodeList=(null) ExcNodeList=(null)
   NodeList=
   BatchHost=kelvin-n093
   NumNodes=1 NumCPUs=12 NumTasks=8 CPUs/Task=1 ReqB:S:C:T=0:0:*:*
   TRES=cpu=12,mem=23000M,node=1,billing=12
   Socks/Node=* NtasksPerN:B:S:C=0:0:*:* CoreSpec=*
   JOB_GRES=(null)
     Nodes=kelvin-n093 CPU_IDs=0-11 Mem=23000 GRES=
   MinCPUsNode=1 MinMemoryNode=23000M MinTmpDiskNode=0
   Features=(null) DelayBoot=00:00:00
   OverSubscribe=NO Contiguous=0 Licenses=(null) Network=(null)
   Command=/home/users/mschpc/2019/zuoy/HPC/NeuralNetwork/scripts/script_PricingDefaultRisk_d100_b1_n8.sh
   WorkDir=/home/users/mschpc/2019/zuoy/HPC/NeuralNetwork
   StdErr=/home/users/mschpc/2019/zuoy/HPC/NeuralNetwork/output/slurm-18515.out
   StdIn=/dev/null
   StdOut=/home/users/mschpc/2019/zuoy/HPC/NeuralNetwork/output/slurm-18515.out
   Power=
   NtasksPerTRES:0


Disk quota details:
===================

Quota Type           Name  Filesystem     Usage in MB     Limit in MB    % Used
-------------------------------------------------------------------------------
USER                 zuoy       /home              66          51,200     0.13%

GROUP              mschpc   /projects             999          51,200     1.95%
GROUP          pi-dgolden   /projects               0          51,200     0.00%


SLURM Bank Statement:
=====================

User           Usage |        Account     Usage | Account Limit Available (CPU hrs)
---------- --------- + -------------- --------- + ------------- ---------
zuoy             874 |   HPC_21_01207       874 |       100,000    99,126


Acknowledgements:
=================

Note that usage of TCHPC Resources *must* be acknowledged in all publications.

Please see this page for details relevant to this cluster:

http://www.tchpc.tcd.ie/resources/acknowledgementpolicy

################################################################################
