Ring-AllReduce Mode

Dimension: 100
Total time: 1
Number of time intervals: 40
Learning rate: 0.01
y_init_range: 40, 50
Number of neurons in each hidden layer of each subnet: 110, 110, 
Epochs: 1000
Batch size: 128
Sample size: 1024
Logging frequency: 100
Model name: pricing_default_risk_parallel_
Number of processors: 4


Training:
Epoch:100
In training set, loss: 16902.3, Y0: 54.2109

Epoch:200
In training set, loss: 13987.9, Y0: 56.372

Epoch:300
In training set, loss: 13791, Y0: 56.7205

Epoch:400
In training set, loss: 13675.1, Y0: 56.7753

Epoch:500
In training set, loss: 13569.4, Y0: 56.7821

Epoch:600
In training set, loss: 13471.1, Y0: 56.7812

Epoch:700
In training set, loss: 13379.2, Y0: 56.7792

Epoch:800
In training set, loss: 13293.1, Y0: 56.7771

Epoch:900
In training set, loss: 13211.9, Y0: 56.7751

Epoch:1000
In training set, loss: 13135.4, Y0: 56.7733



###############################################################################
TCHPC Cluster: kelvin
Job 19325 (BSDE_job_4_procs) for User 'zuoy' in Account 'hpc_21_01207'
Finished at: Fri Nov  5 04:31:55 GMT 2021

Job efficiency estimates:
=========================

Job ID: 19325
Cluster: kelvin
User/Group: zuoy/zuoy
State: COMPLETED (exit code 0)
Nodes: 1
Cores per node: 12
CPU Utilized: 02:13:20
CPU Efficiency: 33.30% of 06:40:24 core-walltime
Job Wall-clock time: 00:33:22
Memory Utilized: 311.36 MB
Memory Efficiency: 1.35% of 22.46 GB

Job completion status:
======================

       JobID    JobName AllocCPUS NTasks NNodes     MaxRSS    MaxRSSNode  MaxDiskRead MaxDiskWrite    Elapsed      State ExitCode 
------------ ---------- --------- ------ ------ ---------- ------------- ------------ ------------ ---------- ---------- -------- 
19325        BSDE_job_+        12             1                                                      00:33:22  COMPLETED      0:0 
19325.batch       batch        12      1      1    318832K   kelvin-n031        0.87M        0.01M   00:33:22  COMPLETED      0:0 


Job details:
============

JobId=19325 JobName=BSDE_job_4_procs
   UserId=zuoy(1582) GroupId=zuoy(1252) MCS_label=N/A
   Priority=11778706 Nice=0 Account=hpc_21_01207 QOS=normal
   JobState=COMPLETING Reason=None Dependency=(null)
   Requeue=0 Restarts=0 BatchFlag=1 Reboot=0 ExitCode=0:0
   DerivedExitCode=0:0
   RunTime=00:33:22 TimeLimit=23:00:00 TimeMin=N/A
   SubmitTime=2021-11-05T00:14:19 EligibleTime=2021-11-05T00:14:19
   AccrueTime=2021-11-05T00:14:19
   StartTime=2021-11-05T03:58:33 EndTime=2021-11-05T04:31:55 Deadline=N/A
   SuspendTime=None SecsPreSuspend=0 LastSchedEval=2021-11-05T03:58:33
   Partition=compute AllocNode:Sid=kelvin01:28454
   ReqNodeList=(null) ExcNodeList=(null)
   NodeList=
   BatchHost=kelvin-n031
   NumNodes=1 NumCPUs=12 NumTasks=4 CPUs/Task=1 ReqB:S:C:T=0:0:*:*
   TRES=cpu=12,mem=23000M,node=1,billing=12
   Socks/Node=* NtasksPerN:B:S:C=0:0:*:* CoreSpec=*
   JOB_GRES=(null)
     Nodes=kelvin-n031 CPU_IDs=0-11 Mem=23000 GRES=
   MinCPUsNode=1 MinMemoryNode=23000M MinTmpDiskNode=0
   Features=(null) DelayBoot=00:00:00
   OverSubscribe=NO Contiguous=0 Licenses=(null) Network=(null)
   Command=/home/users/mschpc/2019/zuoy/HPC/NeuralNetwork/scripts/script_PricingDefaultRisk_d100_b128_n4.sh
   WorkDir=/home/users/mschpc/2019/zuoy/HPC/NeuralNetwork
   StdErr=/home/users/mschpc/2019/zuoy/HPC/NeuralNetwork/output/slurm-19325.out
   StdIn=/dev/null
   StdOut=/home/users/mschpc/2019/zuoy/HPC/NeuralNetwork/output/slurm-19325.out
   Power=
   NtasksPerTRES:0


Disk quota details:
===================

Quota Type           Name  Filesystem     Usage in MB     Limit in MB    % Used
-------------------------------------------------------------------------------
USER                 zuoy       /home              87          51,200     0.17%

GROUP              mschpc   /projects             999          51,200     1.95%
GROUP          pi-dgolden   /projects               0          51,200     0.00%


SLURM Bank Statement:
=====================

User           Usage |        Account     Usage | Account Limit Available (CPU hrs)
---------- --------- + -------------- --------- + ------------- ---------
zuoy           4,767 |   HPC_21_01207     4,767 |       100,000    95,233


Acknowledgements:
=================

Note that usage of TCHPC Resources *must* be acknowledged in all publications.

Please see this page for details relevant to this cluster:

http://www.tchpc.tcd.ie/resources/acknowledgementpolicy

################################################################################
