Config data loaded successfully!
Config data loaded successfully!
Config data loaded successfully!
Config data loaded successfully!
Config data loaded successfully!
Config data loaded successfully!
Config data loaded successfully!
Config data loaded successfully!
Config data loaded successfully!
Config data loaded successfully!
Config data loaded successfully!
Config data loaded successfully!
Config data loaded successfully!
Config data loaded successfully!
Config data loaded successfully!
Config data loaded successfully!
Dimension: 400
Total time: 1
Number of time intervals: 40
y_init_range: 40, 50
Number of neurons in each hidden layer of each subnet: 110, 110, 
Epochs: 1000
Batch size: 1
Sample size: 256
Logging frequency: 100
Number of processors: 16


Training:
Epoch:100
In training set, loss: 1035.15, Y0: 50.9809

Epoch:200
In training set, loss: 653.854, Y0: 51.1076

Epoch:300
In training set, loss: 468.872, Y0: 51.1763

Epoch:400
In training set, loss: 358.984, Y0: 51.2196

Epoch:500
In training set, loss: 286.195, Y0: 51.2501

Epoch:600
In training set, loss: 234.535, Y0: 51.273

Epoch:700
In training set, loss: 196.194, Y0: 51.2909

Epoch:800
In training set, loss: 166.627, Y0: 51.3051

Epoch:900
In training set, loss: 143.257, Y0: 51.3165

Epoch:1000
In training set, loss: 124.387, Y0: 51.3258



###############################################################################
TCHPC Cluster: kelvin
Job 17896 (BSDE_job_4_procs) for User 'zuoy' in Account 'hpc_21_01207'
Finished at: Wed Oct 27 02:30:59 IST 2021

Job efficiency estimates:
=========================

Job ID: 17896
Cluster: kelvin
User/Group: zuoy/zuoy
State: COMPLETED (exit code 0)
Nodes: 2
Cores per node: 12
CPU Utilized: 04:08:43
CPU Efficiency: 33.20% of 12:29:12 core-walltime
Job Wall-clock time: 00:31:13
Memory Utilized: 851.62 MB
Memory Efficiency: 1.85% of 44.92 GB

Job completion status:
======================

       JobID    JobName AllocCPUS NTasks NNodes     MaxRSS    MaxRSSNode  MaxDiskRead MaxDiskWrite    Elapsed      State ExitCode 
------------ ---------- --------- ------ ------ ---------- ------------- ------------ ------------ ---------- ---------- -------- 
17896        BSDE_job_+        24             2                                                      00:31:13  COMPLETED      0:0 
17896.batch       batch        12      1      1    872056K   kelvin-n055        0.87M        0.01M   00:31:13  COMPLETED      0:0 
17896.0           orted        12      1      1                                                      00:31:11  COMPLETED      0:0 


Job details:
============

JobId=17896 JobName=BSDE_job_4_procs
   UserId=zuoy(1582) GroupId=zuoy(1252) MCS_label=N/A
   Priority=12817050 Nice=0 Account=hpc_21_01207 QOS=normal
   JobState=COMPLETING Reason=None Dependency=(null)
   Requeue=0 Restarts=0 BatchFlag=1 Reboot=0 ExitCode=0:0
   DerivedExitCode=0:0
   RunTime=00:31:13 TimeLimit=23:00:00 TimeMin=N/A
   SubmitTime=2021-10-27T00:43:12 EligibleTime=2021-10-27T00:43:12
   AccrueTime=2021-10-27T00:43:12
   StartTime=2021-10-27T01:59:46 EndTime=2021-10-27T02:30:59 Deadline=N/A
   SuspendTime=None SecsPreSuspend=0 LastSchedEval=2021-10-27T01:59:46
   Partition=compute AllocNode:Sid=kelvin01:19621
   ReqNodeList=(null) ExcNodeList=(null)
   NodeList=kelvin-n090
   BatchHost=kelvin-n055
   NumNodes=1 NumCPUs=24 NumTasks=16 CPUs/Task=1 ReqB:S:C:T=0:0:*:*
   TRES=cpu=24,mem=46000M,node=2,billing=24
   Socks/Node=* NtasksPerN:B:S:C=0:0:*:* CoreSpec=*
   JOB_GRES=(null)
     Nodes=kelvin-n[055,090] CPU_IDs=0-11 Mem=23000 GRES=
   MinCPUsNode=1 MinMemoryNode=23000M MinTmpDiskNode=0
   Features=(null) DelayBoot=00:00:00
   OverSubscribe=NO Contiguous=0 Licenses=(null) Network=(null)
   Command=/home/users/mschpc/2019/zuoy/HPC/NeuralNetwork/scripts/script_PricingDefaultRisk_3_n16.sh
   WorkDir=/home/users/mschpc/2019/zuoy/HPC/NeuralNetwork
   StdErr=/home/users/mschpc/2019/zuoy/HPC/NeuralNetwork/output/slurm-17896.out
   StdIn=/dev/null
   StdOut=/home/users/mschpc/2019/zuoy/HPC/NeuralNetwork/output/slurm-17896.out
   Power=
   NtasksPerTRES:0


Disk quota details:
===================

Quota Type           Name  Filesystem     Usage in MB     Limit in MB    % Used
-------------------------------------------------------------------------------
USER                 zuoy       /home              54          51,200     0.11%

GROUP              mschpc   /projects             999          51,200     1.95%
GROUP          pi-dgolden   /projects               0          51,200     0.00%


SLURM Bank Statement:
=====================

User           Usage |        Account     Usage | Account Limit Available (CPU hrs)
---------- --------- + -------------- --------- + ------------- ---------
zuoy             234 |   HPC_21_01207       234 |       100,000    99,766


Acknowledgements:
=================

Note that usage of TCHPC Resources *must* be acknowledged in all publications.

Please see this page for details relevant to this cluster:

http://www.tchpc.tcd.ie/resources/acknowledgementpolicy

################################################################################
