Dimension: 200
Total time: 1
Number of time intervals: 20
Learning rate: 0.01
y_init_range: 0, 1
Number of neurons in each hidden layer of each subnet: 110, 110, 
Epochs: 3000
Batch size: 128
Sample size: 1024
Logging frequency: 100
Model name: HJBLQ_parallel_
Number of processors: 32


Training:
Epoch:100
In training set, loss: 8505.03, Y0: 1.16444

Epoch:200
In training set, loss: 5103.22, Y0: 2.06521

Epoch:300
In training set, loss: 3066.96, Y0: 2.76144

Epoch:400
In training set, loss: 1850.67, Y0: 3.29928

Epoch:500
In training set, loss: 1125.4, Y0: 3.71462

Epoch:600
In training set, loss: 693.414, Y0: 4.03535

Epoch:700
In training set, loss: 436.227, Y0: 4.28306

Epoch:800
In training set, loss: 283.037, Y0: 4.47446

Epoch:900
In training set, loss: 191.629, Y0: 4.62248

Epoch:1000
In training set, loss: 136.899, Y0: 4.73709

Epoch:1100
In training set, loss: 103.938, Y0: 4.82594

Epoch:1200
In training set, loss: 83.8908, Y0: 4.89496

Epoch:1300
In training set, loss: 71.5058, Y0: 4.94873

Epoch:1400
In training set, loss: 63.6783, Y0: 4.99074

Epoch:1500
In training set, loss: 58.5686, Y0: 5.02366

Epoch:1600
In training set, loss: 55.0813, Y0: 5.0496

Epoch:1700
In training set, loss: 52.5697, Y0: 5.07014

Epoch:1800
In training set, loss: 50.6505, Y0: 5.08654

Epoch:1900
In training set, loss: 49.0965, Y0: 5.09971

Epoch:2000
In training set, loss: 47.7719, Y0: 5.11039

Epoch:2100
In training set, loss: 46.5959, Y0: 5.11915

Epoch:2200
In training set, loss: 45.5206, Y0: 5.12641

Epoch:2300
In training set, loss: 44.5165, Y0: 5.13249

Epoch:2400
In training set, loss: 43.5658, Y0: 5.13768

Epoch:2500
In training set, loss: 42.6579, Y0: 5.14216

Epoch:2600
In training set, loss: 41.786, Y0: 5.14607

Epoch:2700
In training set, loss: 40.9455, Y0: 5.14954

Epoch:2800
In training set, loss: 40.1336, Y0: 5.15266

Epoch:2900
In training set, loss: 39.348, Y0: 5.1555

Epoch:3000
In training set, loss: 38.5872, Y0: 5.15811



###############################################################################
TCHPC Cluster: kelvin
Job 18664 (BSDE_job_4_procs) for User 'zuoy' in Account 'hpc_21_01207'
Finished at: Tue Nov  2 16:25:53 GMT 2021

Job efficiency estimates:
=========================

Job ID: 18664
Cluster: kelvin
User/Group: zuoy/zuoy
State: RUNNING
Nodes: 3
Cores per node: 12
CPU Utilized: 02:35:38
CPU Efficiency: 30.34% of 08:33:00 core-walltime
Job Wall-clock time: 00:14:15
Memory Utilized: 822.27 MB
Memory Efficiency: 1.19% of 67.38 GB
WARNING: Efficiency statistics may be misleading for RUNNING jobs.

Job completion status:
======================

       JobID    JobName AllocCPUS NTasks NNodes     MaxRSS    MaxRSSNode  MaxDiskRead MaxDiskWrite    Elapsed      State ExitCode 
------------ ---------- --------- ------ ------ ---------- ------------- ------------ ------------ ---------- ---------- -------- 
18664        BSDE_job_+        36             3                                                      00:14:15  COMPLETED      0:0 
18664.batch       batch        12      1      1    842004K   kelvin-n009        0.86M        0.01M   00:14:15  COMPLETED      0:0 
18664.0           orted        24      2      2                                                      00:14:14  COMPLETED      0:0 


Job details:
============

JobId=18664 JobName=BSDE_job_4_procs
   UserId=zuoy(1582) GroupId=zuoy(1252) MCS_label=N/A
   Priority=12070400 Nice=0 Account=hpc_21_01207 QOS=normal
   JobState=COMPLETING Reason=None Dependency=(null)
   Requeue=0 Restarts=0 BatchFlag=1 Reboot=0 ExitCode=0:0
   DerivedExitCode=0:0
   RunTime=00:14:15 TimeLimit=23:00:00 TimeMin=N/A
   SubmitTime=2021-11-02T15:45:38 EligibleTime=2021-11-02T15:45:38
   AccrueTime=2021-11-02T15:45:38
   StartTime=2021-11-02T16:11:38 EndTime=2021-11-02T16:25:53 Deadline=N/A
   SuspendTime=None SecsPreSuspend=0 LastSchedEval=2021-11-02T16:11:38
   Partition=compute AllocNode:Sid=kelvin01:3879
   ReqNodeList=(null) ExcNodeList=(null)
   NodeList=kelvin-n[074-075]
   BatchHost=kelvin-n009
   NumNodes=2 NumCPUs=36 NumTasks=32 CPUs/Task=1 ReqB:S:C:T=0:0:*:*
   TRES=cpu=36,mem=69000M,node=3,billing=36
   Socks/Node=* NtasksPerN:B:S:C=0:0:*:* CoreSpec=*
   JOB_GRES=(null)
     Nodes=kelvin-n[009,074-075] CPU_IDs=0-11 Mem=23000 GRES=
   MinCPUsNode=1 MinMemoryNode=23000M MinTmpDiskNode=0
   Features=(null) DelayBoot=00:00:00
   OverSubscribe=NO Contiguous=0 Licenses=(null) Network=(null)
   Command=/home/users/mschpc/2019/zuoy/HPC/NeuralNetwork/scripts/script_HJBLQ_d200_b128_n32.sh
   WorkDir=/home/users/mschpc/2019/zuoy/HPC/NeuralNetwork
   StdErr=/home/users/mschpc/2019/zuoy/HPC/NeuralNetwork/output/slurm-18664.out
   StdIn=/dev/null
   StdOut=/home/users/mschpc/2019/zuoy/HPC/NeuralNetwork/output/slurm-18664.out
   Power=
   NtasksPerTRES:0


Disk quota details:
===================

Quota Type           Name  Filesystem     Usage in MB     Limit in MB    % Used
-------------------------------------------------------------------------------
USER                 zuoy       /home              66          51,200     0.13%

GROUP              mschpc   /projects             999          51,200     1.95%
GROUP          pi-dgolden   /projects               0          51,200     0.00%


SLURM Bank Statement:
=====================

User           Usage |        Account     Usage | Account Limit Available (CPU hrs)
---------- --------- + -------------- --------- + ------------- ---------
zuoy           1,619 |   HPC_21_01207     1,619 |       100,000    98,381


Acknowledgements:
=================

Note that usage of TCHPC Resources *must* be acknowledged in all publications.

Please see this page for details relevant to this cluster:

http://www.tchpc.tcd.ie/resources/acknowledgementpolicy

################################################################################
