Config data loaded successfully!
Dimension: 200
Total time: 1
Number of time intervals: 20
Learning rate: 0.01
y_init_range: 0, 1
Number of neurons in each hidden layer of each subnet: 110, 110, 
Epochs: 3000
Batch size: 1
Sample size: 1024
Logging frequency: 100
Model name: HJBLQ_serial_


Training:
Epoch:100
In training set, loss: 6.70179, Y0: 5.27672

Epoch:200
In training set, loss: 3.61009, Y0: 5.27568

Epoch:300
In training set, loss: 2.02155, Y0: 5.27491

Epoch:400
In training set, loss: 1.16906, Y0: 5.27439

Epoch:500
In training set, loss: 0.694268, Y0: 5.27407

Epoch:600
In training set, loss: 0.421395, Y0: 5.27389

Epoch:700
In training set, loss: 0.26041, Y0: 5.27383

Epoch:800
In training set, loss: 0.163347, Y0: 5.27385

Epoch:900
In training set, loss: 0.103758, Y0: 5.27394

Epoch:1000
In training set, loss: 0.0666193, Y0: 5.27407

Epoch:1100
In training set, loss: 0.0431736, Y0: 5.27422

Epoch:1200
In training set, loss: 0.0282128, Y0: 5.27439

Epoch:1300
In training set, loss: 0.0185784, Y0: 5.27457

Epoch:1400
In training set, loss: 0.0123234, Y0: 5.27475

Epoch:1500
In training set, loss: 0.00823525, Y0: 5.27491

Epoch:1600
In training set, loss: 0.0055441, Y0: 5.27507

Epoch:1700
In training set, loss: 0.00376393, Y0: 5.27522

Epoch:1800
In training set, loss: 0.00258002, Y0: 5.27535

Epoch:1900
In training set, loss: 0.00178843, Y0: 5.27546

Epoch:2000
In training set, loss: 0.00125645, Y0: 5.27555

Epoch:2100
In training set, loss: 0.000896818, Y0: 5.27563

Epoch:2200
In training set, loss: 0.000651521, Y0: 5.27569

Epoch:2300
In training set, loss: 0.000482225, Y0: 5.27573

Epoch:2400
In training set, loss: 0.00036442, Y0: 5.27576

Epoch:2500
In training set, loss: 0.000281138, Y0: 5.27578

Epoch:2600
In training set, loss: 0.000222226, Y0: 5.2758

Epoch:2700
In training set, loss: 0.000178931, Y0: 5.27581

Epoch:2800
In training set, loss: 0.000146294, Y0: 5.27581

Epoch:2900
In training set, loss: 0.000121975, Y0: 5.27581

Epoch:3000
In training set, loss: 0.000103268, Y0: 5.27582



###############################################################################
TCHPC Cluster: kelvin
Job 18991 (BSDE_job_1_procs) for User 'zuoy' in Account 'hpc_21_01207'
Finished at: Wed Nov  3 22:06:51 GMT 2021

Job efficiency estimates:
=========================

Job ID: 18991
Cluster: kelvin
User/Group: zuoy/zuoy
State: COMPLETED (exit code 0)
Nodes: 1
Cores per node: 12
CPU Utilized: 06:23:41
CPU Efficiency: 8.33% of 3-04:44:36 core-walltime
Job Wall-clock time: 06:23:43
Memory Utilized: 42.49 MB
Memory Efficiency: 0.18% of 22.46 GB

Job completion status:
======================

       JobID    JobName AllocCPUS NTasks NNodes     MaxRSS    MaxRSSNode  MaxDiskRead MaxDiskWrite    Elapsed      State ExitCode 
------------ ---------- --------- ------ ------ ---------- ------------- ------------ ------------ ---------- ---------- -------- 
18991        BSDE_job_+        12             1                                                      06:23:43  COMPLETED      0:0 
18991.batch       batch        12      1      1     43508K   kelvin-n041        0.85M        0.01M   06:23:43  COMPLETED      0:0 


Job details:
============

JobId=18991 JobName=BSDE_job_1_procs
   UserId=zuoy(1582) GroupId=zuoy(1252) MCS_label=N/A
   Priority=11945081 Nice=0 Account=hpc_21_01207 QOS=normal
   JobState=COMPLETING Reason=None Dependency=(null)
   Requeue=0 Restarts=0 BatchFlag=1 Reboot=0 ExitCode=0:0
   DerivedExitCode=0:0
   RunTime=06:23:43 TimeLimit=2-23:00:00 TimeMin=N/A
   SubmitTime=2021-11-03T15:43:08 EligibleTime=2021-11-03T15:43:08
   AccrueTime=2021-11-03T15:43:08
   StartTime=2021-11-03T15:43:08 EndTime=2021-11-03T22:06:51 Deadline=N/A
   SuspendTime=None SecsPreSuspend=0 LastSchedEval=2021-11-03T15:43:08
   Partition=compute AllocNode:Sid=kelvin01:28627
   ReqNodeList=(null) ExcNodeList=(null)
   NodeList=
   BatchHost=kelvin-n041
   NumNodes=1 NumCPUs=12 NumTasks=1 CPUs/Task=1 ReqB:S:C:T=0:0:*:*
   TRES=cpu=12,mem=23000M,node=1,billing=12
   Socks/Node=* NtasksPerN:B:S:C=0:0:*:* CoreSpec=*
   JOB_GRES=(null)
     Nodes=kelvin-n041 CPU_IDs=0-11 Mem=23000 GRES=
   MinCPUsNode=1 MinMemoryNode=23000M MinTmpDiskNode=0
   Features=(null) DelayBoot=00:00:00
   OverSubscribe=NO Contiguous=0 Licenses=(null) Network=(null)
   Command=/home/users/mschpc/2019/zuoy/HPC/NeuralNetwork/scripts/script_HJBLQ_d200_b1.sh
   WorkDir=/home/users/mschpc/2019/zuoy/HPC/NeuralNetwork
   StdErr=/home/users/mschpc/2019/zuoy/HPC/NeuralNetwork/output/slurm-18991.out
   StdIn=/dev/null
   StdOut=/home/users/mschpc/2019/zuoy/HPC/NeuralNetwork/output/slurm-18991.out
   Power=
   NtasksPerTRES:0


Disk quota details:
===================

Quota Type           Name  Filesystem     Usage in MB     Limit in MB    % Used
-------------------------------------------------------------------------------
USER                 zuoy       /home              67          51,200     0.13%

GROUP              mschpc   /projects             999          51,200     1.95%
GROUP          pi-dgolden   /projects               0          51,200     0.00%


SLURM Bank Statement:
=====================

User           Usage |        Account     Usage | Account Limit Available (CPU hrs)
---------- --------- + -------------- --------- + ------------- ---------
zuoy           4,451 |   HPC_21_01207     4,451 |       100,000    95,549


Acknowledgements:
=================

Note that usage of TCHPC Resources *must* be acknowledged in all publications.

Please see this page for details relevant to this cluster:

http://www.tchpc.tcd.ie/resources/acknowledgementpolicy

################################################################################
