Dimension: 100
Total time: 1
Number of time intervals: 20
Learning rate: 0.01
y_init_range: 0, 1
Number of neurons in each hidden layer of each subnet: 110, 110, 
Epochs: 3000
Batch size: 128
Sample size: 1024
Logging frequency: 100
Model name: HJBLQ_parallel_
Number of processors: 32


Training:
Epoch:100
In training set, loss: 6396.87, Y0: 1.00686

Epoch:200
In training set, loss: 3867.58, Y0: 1.78788

Epoch:300
In training set, loss: 2345.64, Y0: 2.39351

Epoch:400
In training set, loss: 1430.52, Y0: 2.86306

Epoch:500
In training set, loss: 880.565, Y0: 3.22707

Epoch:600
In training set, loss: 550.161, Y0: 3.50924

Epoch:700
In training set, loss: 351.651, Y0: 3.72802

Epoch:800
In training set, loss: 232.329, Y0: 3.89766

Epoch:900
In training set, loss: 160.53, Y0: 4.02926

Epoch:1000
In training set, loss: 117.247, Y0: 4.13137

Epoch:1100
In training set, loss: 91.0613, Y0: 4.21067

Epoch:1200
In training set, loss: 75.141, Y0: 4.27228

Epoch:1300
In training set, loss: 65.3763, Y0: 4.3202

Epoch:1400
In training set, loss: 59.3084, Y0: 4.35753

Epoch:1500
In training set, loss: 55.466, Y0: 4.38663

Epoch:1600
In training set, loss: 52.9617, Y0: 4.40937

Epoch:1700
In training set, loss: 51.2653, Y0: 4.42717

Epoch:1800
In training set, loss: 50.0596, Y0: 4.44115

Epoch:1900
In training set, loss: 49.153, Y0: 4.45218

Epoch:2000
In training set, loss: 48.4316, Y0: 4.4609

Epoch:2100
In training set, loss: 47.8264, Y0: 4.46783

Epoch:2200
In training set, loss: 47.2959, Y0: 4.47338

Epoch:2300
In training set, loss: 46.815, Y0: 4.47784

Epoch:2400
In training set, loss: 46.3684, Y0: 4.48147

Epoch:2500
In training set, loss: 45.947, Y0: 4.48444

Epoch:2600
In training set, loss: 45.5451, Y0: 4.4869

Epoch:2700
In training set, loss: 45.159, Y0: 4.48895

Epoch:2800
In training set, loss: 44.7866, Y0: 4.49069

Epoch:2900
In training set, loss: 44.4262, Y0: 4.49219

Epoch:3000
In training set, loss: 44.0769, Y0: 4.4935



###############################################################################
TCHPC Cluster: kelvin
Job 18652 (BSDE_job_4_procs) for User 'zuoy' in Account 'hpc_21_01207'
Finished at: Tue Nov  2 16:11:10 GMT 2021

Job efficiency estimates:
=========================

Job ID: 18652
Cluster: kelvin
User/Group: zuoy/zuoy
State: COMPLETED (exit code 0)
Nodes: 3
Cores per node: 12
CPU Utilized: 01:39:17
CPU Efficiency: 30.20% of 05:28:48 core-walltime
Job Wall-clock time: 00:09:08
Memory Utilized: 655.61 MB
Memory Efficiency: 0.95% of 67.38 GB

Job completion status:
======================

       JobID    JobName AllocCPUS NTasks NNodes     MaxRSS    MaxRSSNode  MaxDiskRead MaxDiskWrite    Elapsed      State ExitCode 
------------ ---------- --------- ------ ------ ---------- ------------- ------------ ------------ ---------- ---------- -------- 
18652        BSDE_job_+        36             3                                                      00:09:08  COMPLETED      0:0 
18652.batch       batch        12      1      1    671344K   kelvin-n023        0.86M        0.01M   00:09:08  COMPLETED      0:0 
18652.0           orted        24      2      2                                                      00:09:06  COMPLETED      0:0 


Job details:
============

JobId=18652 JobName=BSDE_job_4_procs
   UserId=zuoy(1582) GroupId=zuoy(1252) MCS_label=N/A
   Priority=12065935 Nice=0 Account=hpc_21_01207 QOS=normal
   JobState=COMPLETING Reason=None Dependency=(null)
   Requeue=0 Restarts=0 BatchFlag=1 Reboot=0 ExitCode=0:0
   DerivedExitCode=0:0
   RunTime=00:09:08 TimeLimit=23:00:00 TimeMin=N/A
   SubmitTime=2021-11-02T15:45:38 EligibleTime=2021-11-02T15:45:38
   AccrueTime=2021-11-02T15:45:38
   StartTime=2021-11-02T16:02:02 EndTime=2021-11-02T16:11:10 Deadline=N/A
   SuspendTime=None SecsPreSuspend=0 LastSchedEval=2021-11-02T16:02:02
   Partition=compute AllocNode:Sid=kelvin01:3879
   ReqNodeList=(null) ExcNodeList=(null)
   NodeList=kelvin-n[050-051]
   BatchHost=kelvin-n023
   NumNodes=2 NumCPUs=36 NumTasks=32 CPUs/Task=1 ReqB:S:C:T=0:0:*:*
   TRES=cpu=36,mem=69000M,node=3,billing=36
   Socks/Node=* NtasksPerN:B:S:C=0:0:*:* CoreSpec=*
   JOB_GRES=(null)
     Nodes=kelvin-n[023,050-051] CPU_IDs=0-11 Mem=23000 GRES=
   MinCPUsNode=1 MinMemoryNode=23000M MinTmpDiskNode=0
   Features=(null) DelayBoot=00:00:00
   OverSubscribe=NO Contiguous=0 Licenses=(null) Network=(null)
   Command=/home/users/mschpc/2019/zuoy/HPC/NeuralNetwork/scripts/script_HJBLQ_d100_b128_n32.sh
   WorkDir=/home/users/mschpc/2019/zuoy/HPC/NeuralNetwork
   StdErr=/home/users/mschpc/2019/zuoy/HPC/NeuralNetwork/output/slurm-18652.out
   StdIn=/dev/null
   StdOut=/home/users/mschpc/2019/zuoy/HPC/NeuralNetwork/output/slurm-18652.out
   Power=
   NtasksPerTRES:0


Disk quota details:
===================

Quota Type           Name  Filesystem     Usage in MB     Limit in MB    % Used
-------------------------------------------------------------------------------
USER                 zuoy       /home              66          51,200     0.13%

GROUP              mschpc   /projects             999          51,200     1.95%
GROUP          pi-dgolden   /projects               0          51,200     0.00%


SLURM Bank Statement:
=====================

User           Usage |        Account     Usage | Account Limit Available (CPU hrs)
---------- --------- + -------------- --------- + ------------- ---------
zuoy           1,580 |   HPC_21_01207     1,580 |       100,000    98,420


Acknowledgements:
=================

Note that usage of TCHPC Resources *must* be acknowledged in all publications.

Please see this page for details relevant to this cluster:

http://www.tchpc.tcd.ie/resources/acknowledgementpolicy

################################################################################
