Ring-AllReduce Mode

Dimension: 200
Total time: 0.3
Number of time intervals: 20
Learning rate: 0.0005
y_init_range: 0.3, 0.5
Number of neurons in each hidden layer of each subnet: 110, 110, 
Epochs: 4000
Batch size: 64
Sample size: 1024
Logging frequency: 100
Model name: AllenCahn_parallel_
Number of processors: 4


Training:
Epoch:100
In training set, loss: 21.6527, Y0: 0.269127

Epoch:200
In training set, loss: 17.9051, Y0: 0.242224

Epoch:300
In training set, loss: 15.0275, Y0: 0.21866

Epoch:400
In training set, loss: 12.7999, Y0: 0.197941

Epoch:500
In training set, loss: 11.0644, Y0: 0.179666

Epoch:600
In training set, loss: 9.70527, Y0: 0.163511

Epoch:700
In training set, loss: 8.6363, Y0: 0.149201

Epoch:800
In training set, loss: 7.79251, Y0: 0.136508

Epoch:900
In training set, loss: 7.12434, Y0: 0.125235

Epoch:1000
In training set, loss: 6.59371, Y0: 0.115215

Epoch:1100
In training set, loss: 6.17114, Y0: 0.106301

Epoch:1200
In training set, loss: 5.83368, Y0: 0.0983658

Epoch:1300
In training set, loss: 5.56342, Y0: 0.0912987

Epoch:1400
In training set, loss: 5.34629, Y0: 0.085002

Epoch:1500
In training set, loss: 5.17123, Y0: 0.0793898

Epoch:1600
In training set, loss: 5.02953, Y0: 0.074386

Epoch:1700
In training set, loss: 4.91433, Y0: 0.069924

Epoch:1800
In training set, loss: 4.82015, Y0: 0.0659441

Epoch:1900
In training set, loss: 4.7427, Y0: 0.0623936

Epoch:2000
In training set, loss: 4.67856, Y0: 0.0592258

Epoch:2100
In training set, loss: 4.62501, Y0: 0.0563989

Epoch:2200
In training set, loss: 4.57989, Y0: 0.053876

Epoch:2300
In training set, loss: 4.54151, Y0: 0.0516242

Epoch:2400
In training set, loss: 4.50849, Y0: 0.0496142

Epoch:2500
In training set, loss: 4.47975, Y0: 0.0478198

Epoch:2600
In training set, loss: 4.45444, Y0: 0.0462179

Epoch:2700
In training set, loss: 4.43186, Y0: 0.0447876

Epoch:2800
In training set, loss: 4.41148, Y0: 0.0435105

Epoch:2900
In training set, loss: 4.39286, Y0: 0.0423701

Epoch:3000
In training set, loss: 4.37564, Y0: 0.0413516

Epoch:3100
In training set, loss: 4.35957, Y0: 0.040442

Epoch:3200
In training set, loss: 4.34441, Y0: 0.0396296

Epoch:3300
In training set, loss: 4.33, Y0: 0.0389039

Epoch:3400
In training set, loss: 4.31619, Y0: 0.0382557

Epoch:3500
In training set, loss: 4.30287, Y0: 0.0376766

Epoch:3600
In training set, loss: 4.28996, Y0: 0.0371592

Epoch:3700
In training set, loss: 4.27738, Y0: 0.0366969

Epoch:3800
In training set, loss: 4.26507, Y0: 0.0362837

Epoch:3900
In training set, loss: 4.253, Y0: 0.0359144

Epoch:4000
In training set, loss: 4.24112, Y0: 0.0355843



###############################################################################
TCHPC Cluster: kelvin
Job 19402 (BSDE_job_4_procs) for User 'zuoy' in Account 'hpc_21_01207'
Finished at: Fri Nov  5 07:56:17 GMT 2021

Job efficiency estimates:
=========================

Job ID: 19402
Cluster: kelvin
User/Group: zuoy/zuoy
State: COMPLETED (exit code 0)
Nodes: 1
Cores per node: 12
CPU Utilized: 03:44:33
CPU Efficiency: 33.32% of 11:14:00 core-walltime
Job Wall-clock time: 00:56:10
Memory Utilized: 296.41 MB
Memory Efficiency: 1.29% of 22.46 GB

Job completion status:
======================

       JobID    JobName AllocCPUS NTasks NNodes     MaxRSS    MaxRSSNode  MaxDiskRead MaxDiskWrite    Elapsed      State ExitCode 
------------ ---------- --------- ------ ------ ---------- ------------- ------------ ------------ ---------- ---------- -------- 
19402        BSDE_job_+        12             1                                                      00:56:10  COMPLETED      0:0 
19402.batch       batch        12      1      1    303524K   kelvin-n039        0.87M        0.01M   00:56:10  COMPLETED      0:0 


Job details:
============

JobId=19402 JobName=BSDE_job_4_procs
   UserId=zuoy(1582) GroupId=zuoy(1252) MCS_label=N/A
   Priority=11789957 Nice=0 Account=hpc_21_01207 QOS=normal
   JobState=COMPLETING Reason=None Dependency=(null)
   Requeue=0 Restarts=0 BatchFlag=1 Reboot=0 ExitCode=0:0
   DerivedExitCode=0:0
   RunTime=00:56:10 TimeLimit=23:00:00 TimeMin=N/A
   SubmitTime=2021-11-05T01:01:38 EligibleTime=2021-11-05T01:01:38
   AccrueTime=2021-11-05T01:01:38
   StartTime=2021-11-05T07:00:07 EndTime=2021-11-05T07:56:17 Deadline=N/A
   SuspendTime=None SecsPreSuspend=0 LastSchedEval=2021-11-05T07:00:07
   Partition=compute AllocNode:Sid=kelvin01:28454
   ReqNodeList=(null) ExcNodeList=(null)
   NodeList=
   BatchHost=kelvin-n039
   NumNodes=1 NumCPUs=12 NumTasks=4 CPUs/Task=1 ReqB:S:C:T=0:0:*:*
   TRES=cpu=12,mem=23000M,node=1,billing=12
   Socks/Node=* NtasksPerN:B:S:C=0:0:*:* CoreSpec=*
   JOB_GRES=(null)
     Nodes=kelvin-n039 CPU_IDs=0-11 Mem=23000 GRES=
   MinCPUsNode=1 MinMemoryNode=23000M MinTmpDiskNode=0
   Features=(null) DelayBoot=00:00:00
   OverSubscribe=NO Contiguous=0 Licenses=(null) Network=(null)
   Command=/home/users/mschpc/2019/zuoy/HPC/NeuralNetwork/scripts/script_AllenCahn_d200_b64_n4.sh
   WorkDir=/home/users/mschpc/2019/zuoy/HPC/NeuralNetwork
   StdErr=/home/users/mschpc/2019/zuoy/HPC/NeuralNetwork/output/slurm-19402.out
   StdIn=/dev/null
   StdOut=/home/users/mschpc/2019/zuoy/HPC/NeuralNetwork/output/slurm-19402.out
   Power=
   NtasksPerTRES:0


Disk quota details:
===================

Quota Type           Name  Filesystem     Usage in MB     Limit in MB    % Used
-------------------------------------------------------------------------------
USER                 zuoy       /home              88          51,200     0.17%

GROUP              mschpc   /projects             999          51,200     1.95%
GROUP          pi-dgolden   /projects               0          51,200     0.00%


SLURM Bank Statement:
=====================

User           Usage |        Account     Usage | Account Limit Available (CPU hrs)
---------- --------- + -------------- --------- + ------------- ---------
zuoy           5,479 |   HPC_21_01207     5,479 |       100,000    94,521


Acknowledgements:
=================

Note that usage of TCHPC Resources *must* be acknowledged in all publications.

Please see this page for details relevant to this cluster:

http://www.tchpc.tcd.ie/resources/acknowledgementpolicy

################################################################################
