Ring-AllReduce Mode

Dimension: 300
Total time: 0.3
Number of time intervals: 20
Learning rate: 0.0005
y_init_range: 0.3, 0.5
Number of neurons in each hidden layer of each subnet: 110, 110, 
Epochs: 4000
Batch size: 128
Sample size: 1024
Logging frequency: 100
Model name: AllenCahn_parallel_
Number of processors: 4


Training:
Epoch:100
In training set, loss: 26.5954, Y0: 0.283215

Epoch:200
In training set, loss: 24.0674, Y0: 0.26759

Epoch:300
In training set, loss: 21.8686, Y0: 0.253023

Epoch:400
In training set, loss: 19.9504, Y0: 0.239421

Epoch:500
In training set, loss: 18.2724, Y0: 0.226704

Epoch:600
In training set, loss: 16.8012, Y0: 0.214802

Epoch:700
In training set, loss: 15.5086, Y0: 0.20365

Epoch:800
In training set, loss: 14.3708, Y0: 0.193193

Epoch:900
In training set, loss: 13.3677, Y0: 0.18338

Epoch:1000
In training set, loss: 12.4819, Y0: 0.174166

Epoch:1100
In training set, loss: 11.6987, Y0: 0.165508

Epoch:1200
In training set, loss: 11.0055, Y0: 0.157369

Epoch:1300
In training set, loss: 10.3911, Y0: 0.149714

Epoch:1400
In training set, loss: 9.84606, Y0: 0.142512

Epoch:1500
In training set, loss: 9.36204, Y0: 0.135734

Epoch:1600
In training set, loss: 8.93184, Y0: 0.129351

Epoch:1700
In training set, loss: 8.5491, Y0: 0.12334

Epoch:1800
In training set, loss: 8.20831, Y0: 0.117678

Epoch:1900
In training set, loss: 7.9046, Y0: 0.112342

Epoch:2000
In training set, loss: 7.63371, Y0: 0.107314

Epoch:2100
In training set, loss: 7.39189, Y0: 0.102574

Epoch:2200
In training set, loss: 7.17583, Y0: 0.0981053

Epoch:2300
In training set, loss: 6.98262, Y0: 0.0938916

Epoch:2400
In training set, loss: 6.80967, Y0: 0.0899179

Epoch:2500
In training set, loss: 6.65472, Y0: 0.08617

Epoch:2600
In training set, loss: 6.51575, Y0: 0.0826347

Epoch:2700
In training set, loss: 6.39097, Y0: 0.0792997

Epoch:2800
In training set, loss: 6.2788, Y0: 0.0761531

Epoch:2900
In training set, loss: 6.17786, Y0: 0.0731843

Epoch:3000
In training set, loss: 6.08689, Y0: 0.0703829

Epoch:3100
In training set, loss: 6.0048, Y0: 0.0677393

Epoch:3200
In training set, loss: 5.93061, Y0: 0.0652444

Epoch:3300
In training set, loss: 5.86344, Y0: 0.0628898

Epoch:3400
In training set, loss: 5.80253, Y0: 0.0606674

Epoch:3500
In training set, loss: 5.7472, Y0: 0.0585696

Epoch:3600
In training set, loss: 5.69682, Y0: 0.0565894

Epoch:3700
In training set, loss: 5.65087, Y0: 0.0547202

Epoch:3800
In training set, loss: 5.60886, Y0: 0.0529557

Epoch:3900
In training set, loss: 5.57036, Y0: 0.0512899

Epoch:4000
In training set, loss: 5.53499, Y0: 0.0497172



###############################################################################
TCHPC Cluster: kelvin
Job 19418 (BSDE_job_4_procs) for User 'zuoy' in Account 'hpc_21_01207'
Finished at: Fri Nov  5 08:32:44 GMT 2021

Job efficiency estimates:
=========================

Job ID: 19418
Cluster: kelvin
User/Group: zuoy/zuoy
State: COMPLETED (exit code 0)
Nodes: 1
Cores per node: 12
CPU Utilized: 05:19:29
CPU Efficiency: 33.32% of 15:58:48 core-walltime
Job Wall-clock time: 01:19:54
Memory Utilized: 378.99 MB
Memory Efficiency: 1.65% of 22.46 GB

Job completion status:
======================

       JobID    JobName AllocCPUS NTasks NNodes     MaxRSS    MaxRSSNode  MaxDiskRead MaxDiskWrite    Elapsed      State ExitCode 
------------ ---------- --------- ------ ------ ---------- ------------- ------------ ------------ ---------- ---------- -------- 
19418        BSDE_job_+        12             1                                                      01:19:54  COMPLETED      0:0 
19418.batch       batch        12      1      1    388088K   kelvin-n044        0.87M        0.01M   01:19:54  COMPLETED      0:0 


Job details:
============

JobId=19418 JobName=BSDE_job_4_procs
   UserId=zuoy(1582) GroupId=zuoy(1252) MCS_label=N/A
   Priority=11796406 Nice=0 Account=hpc_21_01207 QOS=normal
   JobState=COMPLETING Reason=None Dependency=(null)
   Requeue=0 Restarts=0 BatchFlag=1 Reboot=0 ExitCode=0:0
   DerivedExitCode=0:0
   RunTime=01:19:54 TimeLimit=23:00:00 TimeMin=N/A
   SubmitTime=2021-11-05T01:01:38 EligibleTime=2021-11-05T01:01:38
   AccrueTime=2021-11-05T01:01:38
   StartTime=2021-11-05T07:12:50 EndTime=2021-11-05T08:32:44 Deadline=N/A
   SuspendTime=None SecsPreSuspend=0 LastSchedEval=2021-11-05T07:12:50
   Partition=compute AllocNode:Sid=kelvin01:28454
   ReqNodeList=(null) ExcNodeList=(null)
   NodeList=
   BatchHost=kelvin-n044
   NumNodes=1 NumCPUs=12 NumTasks=4 CPUs/Task=1 ReqB:S:C:T=0:0:*:*
   TRES=cpu=12,mem=23000M,node=1,billing=12
   Socks/Node=* NtasksPerN:B:S:C=0:0:*:* CoreSpec=*
   JOB_GRES=(null)
     Nodes=kelvin-n044 CPU_IDs=0-11 Mem=23000 GRES=
   MinCPUsNode=1 MinMemoryNode=23000M MinTmpDiskNode=0
   Features=(null) DelayBoot=00:00:00
   OverSubscribe=NO Contiguous=0 Licenses=(null) Network=(null)
   Command=/home/users/mschpc/2019/zuoy/HPC/NeuralNetwork/scripts/script_AllenCahn_d300_b128_n4.sh
   WorkDir=/home/users/mschpc/2019/zuoy/HPC/NeuralNetwork
   StdErr=/home/users/mschpc/2019/zuoy/HPC/NeuralNetwork/output/slurm-19418.out
   StdIn=/dev/null
   StdOut=/home/users/mschpc/2019/zuoy/HPC/NeuralNetwork/output/slurm-19418.out
   Power=
   NtasksPerTRES:0


Disk quota details:
===================

Quota Type           Name  Filesystem     Usage in MB     Limit in MB    % Used
-------------------------------------------------------------------------------
USER                 zuoy       /home              86          51,200     0.17%

GROUP              mschpc   /projects             999          51,200     1.95%
GROUP          pi-dgolden   /projects               0          51,200     0.00%


SLURM Bank Statement:
=====================

User           Usage |        Account     Usage | Account Limit Available (CPU hrs)
---------- --------- + -------------- --------- + ------------- ---------
zuoy           5,530 |   HPC_21_01207     5,530 |       100,000    94,470


Acknowledgements:
=================

Note that usage of TCHPC Resources *must* be acknowledged in all publications.

Please see this page for details relevant to this cluster:

http://www.tchpc.tcd.ie/resources/acknowledgementpolicy

################################################################################
