Config data loaded successfully!
Dimension: 300
Total time: 0.3
Number of time intervals: 20
Learning rate: 0.0005
y_init_range: 0.3, 0.5
Number of neurons in each hidden layer of each subnet: 110, 110, 
Epochs: 4000
Batch size: 1
Sample size: 1024
Logging frequency: 100
Model name: AllenCahn_serial_


Training:
Epoch:100
In training set, loss: 2.52048, Y0: 0.0217486

Epoch:200
In training set, loss: 1.56048, Y0: 0.0209728

Epoch:300
In training set, loss: 1.19911, Y0: 0.0203177

Epoch:400
In training set, loss: 1.03688, Y0: 0.0198028

Epoch:500
In training set, loss: 0.952895, Y0: 0.019401

Epoch:600
In training set, loss: 0.904367, Y0: 0.0190842

Epoch:700
In training set, loss: 0.873892, Y0: 0.0188305

Epoch:800
In training set, loss: 0.853482, Y0: 0.0186247

Epoch:900
In training set, loss: 0.839085, Y0: 0.0184556

Epoch:1000
In training set, loss: 0.828465, Y0: 0.0183153

Epoch:1100
In training set, loss: 0.820316, Y0: 0.0181982

Epoch:1200
In training set, loss: 0.813828, Y0: 0.0181

Epoch:1300
In training set, loss: 0.808487, Y0: 0.0180173

Epoch:1400
In training set, loss: 0.80395, Y0: 0.0179476

Epoch:1500
In training set, loss: 0.799989, Y0: 0.0178887

Epoch:1600
In training set, loss: 0.796442, Y0: 0.0178389

Epoch:1700
In training set, loss: 0.793201, Y0: 0.0177969

Epoch:1800
In training set, loss: 0.790187, Y0: 0.0177614

Epoch:1900
In training set, loss: 0.787342, Y0: 0.0177312

Epoch:2000
In training set, loss: 0.784626, Y0: 0.0177058

Epoch:2100
In training set, loss: 0.782008, Y0: 0.0176844

Epoch:2200
In training set, loss: 0.779466, Y0: 0.0176663

Epoch:2300
In training set, loss: 0.776984, Y0: 0.0176511

Epoch:2400
In training set, loss: 0.77455, Y0: 0.0176383

Epoch:2500
In training set, loss: 0.772157, Y0: 0.0176276

Epoch:2600
In training set, loss: 0.769794, Y0: 0.0176187

Epoch:2700
In training set, loss: 0.76746, Y0: 0.0176112

Epoch:2800
In training set, loss: 0.765147, Y0: 0.0176051

Epoch:2900
In training set, loss: 0.762854, Y0: 0.0176001

Epoch:3000
In training set, loss: 0.760579, Y0: 0.017596

Epoch:3100
In training set, loss: 0.75832, Y0: 0.0175926

Epoch:3200
In training set, loss: 0.756074, Y0: 0.0175899

Epoch:3300
In training set, loss: 0.753841, Y0: 0.0175879

Epoch:3400
In training set, loss: 0.751621, Y0: 0.0175864

Epoch:3500
In training set, loss: 0.749412, Y0: 0.0175851

Epoch:3600
In training set, loss: 0.747215, Y0: 0.0175842

Epoch:3700
In training set, loss: 0.745028, Y0: 0.0175836

Epoch:3800
In training set, loss: 0.742851, Y0: 0.0175833

Epoch:3900
In training set, loss: 0.740684, Y0: 0.0175832

Epoch:4000
In training set, loss: 0.738527, Y0: 0.0175834



###############################################################################
TCHPC Cluster: kelvin
Job 19081 (BSDE_job_1_procs) for User 'zuoy' in Account 'hpc_21_01207'
Finished at: Thu Nov  4 12:52:14 GMT 2021

Job efficiency estimates:
=========================

Job ID: 19081
Cluster: kelvin
User/Group: zuoy/zuoy
State: COMPLETED (exit code 0)
Nodes: 1
Cores per node: 12
CPU Utilized: 11:53:05
CPU Efficiency: 8.33% of 5-22:37:12 core-walltime
Job Wall-clock time: 11:53:06
Memory Utilized: 61.95 MB
Memory Efficiency: 0.27% of 22.46 GB

Job completion status:
======================

       JobID    JobName AllocCPUS NTasks NNodes     MaxRSS    MaxRSSNode  MaxDiskRead MaxDiskWrite    Elapsed      State ExitCode 
------------ ---------- --------- ------ ------ ---------- ------------- ------------ ------------ ---------- ---------- -------- 
19081        BSDE_job_+        12             1                                                      11:53:06  COMPLETED      0:0 
19081.batch       batch        12      1      1     63436K   kelvin-n024        0.85M        0.01M   11:53:06  COMPLETED      0:0 


Job details:
============

JobId=19081 JobName=BSDE_job_1_procs
   UserId=zuoy(1582) GroupId=zuoy(1252) MCS_label=N/A
   Priority=11837907 Nice=0 Account=hpc_21_01207 QOS=normal
   JobState=COMPLETING Reason=None Dependency=(null)
   Requeue=0 Restarts=0 BatchFlag=1 Reboot=0 ExitCode=0:0
   DerivedExitCode=0:0
   RunTime=11:53:06 TimeLimit=2-23:00:00 TimeMin=N/A
   SubmitTime=2021-11-03T17:23:58 EligibleTime=2021-11-03T17:23:58
   AccrueTime=2021-11-03T17:23:58
   StartTime=2021-11-04T00:59:08 EndTime=2021-11-04T12:52:14 Deadline=N/A
   SuspendTime=None SecsPreSuspend=0 LastSchedEval=2021-11-04T00:59:08
   Partition=compute AllocNode:Sid=kelvin01:28627
   ReqNodeList=(null) ExcNodeList=(null)
   NodeList=
   BatchHost=kelvin-n024
   NumNodes=1 NumCPUs=12 NumTasks=1 CPUs/Task=1 ReqB:S:C:T=0:0:*:*
   TRES=cpu=12,mem=23000M,node=1,billing=12
   Socks/Node=* NtasksPerN:B:S:C=0:0:*:* CoreSpec=*
   JOB_GRES=(null)
     Nodes=kelvin-n024 CPU_IDs=0-11 Mem=23000 GRES=
   MinCPUsNode=1 MinMemoryNode=23000M MinTmpDiskNode=0
   Features=(null) DelayBoot=00:00:00
   OverSubscribe=NO Contiguous=0 Licenses=(null) Network=(null)
   Command=/home/users/mschpc/2019/zuoy/HPC/NeuralNetwork/scripts/script_AllenCahn_d300_b1.sh
   WorkDir=/home/users/mschpc/2019/zuoy/HPC/NeuralNetwork
   StdErr=/home/users/mschpc/2019/zuoy/HPC/NeuralNetwork/output/slurm-19081.out
   StdIn=/dev/null
   StdOut=/home/users/mschpc/2019/zuoy/HPC/NeuralNetwork/output/slurm-19081.out
   Power=
   NtasksPerTRES:0


Disk quota details:
===================

Quota Type           Name  Filesystem     Usage in MB     Limit in MB    % Used
-------------------------------------------------------------------------------
USER                 zuoy       /home              66          51,200     0.13%

GROUP              mschpc   /projects             999          51,200     1.95%
GROUP          pi-dgolden   /projects               0          51,200     0.00%


SLURM Bank Statement:
=====================

User           Usage |        Account     Usage | Account Limit Available (CPU hrs)
---------- --------- + -------------- --------- + ------------- ---------
zuoy           4,488 |   HPC_21_01207     4,488 |       100,000    95,512


Acknowledgements:
=================

Note that usage of TCHPC Resources *must* be acknowledged in all publications.

Please see this page for details relevant to this cluster:

http://www.tchpc.tcd.ie/resources/acknowledgementpolicy

################################################################################
