Dimension: 100
Total time: 1
Number of time intervals: 20
Learning rate: 0.01
y_init_range: 0, 1
Number of neurons in each hidden layer of each subnet: 110, 110, 
Epochs: 3000
Batch size: 1
Sample size: 1024
Logging frequency: 100
Model name: HJBLQ_parallel_
Number of processors: 32


Training:
Epoch:100
In training set, loss: 32.9792, Y0: 4.52208

Epoch:200
In training set, loss: 30.0643, Y0: 4.52838

Epoch:300
In training set, loss: 28.5402, Y0: 4.52982

Epoch:400
In training set, loss: 27.2036, Y0: 4.53066

Epoch:500
In training set, loss: 25.951, Y0: 4.53139

Epoch:600
In training set, loss: 24.7676, Y0: 4.53208

Epoch:700
In training set, loss: 23.6479, Y0: 4.53273

Epoch:800
In training set, loss: 22.5879, Y0: 4.53336

Epoch:900
In training set, loss: 21.5839, Y0: 4.53396

Epoch:1000
In training set, loss: 20.6327, Y0: 4.53454

Epoch:1100
In training set, loss: 19.7309, Y0: 4.53509

Epoch:1200
In training set, loss: 18.8757, Y0: 4.53561

Epoch:1300
In training set, loss: 18.0644, Y0: 4.53611

Epoch:1400
In training set, loss: 17.2943, Y0: 4.53659

Epoch:1500
In training set, loss: 16.5631, Y0: 4.53705

Epoch:1600
In training set, loss: 15.8685, Y0: 4.53749

Epoch:1700
In training set, loss: 15.2084, Y0: 4.53792

Epoch:1800
In training set, loss: 14.5809, Y0: 4.53832

Epoch:1900
In training set, loss: 13.984, Y0: 4.53871

Epoch:2000
In training set, loss: 13.4161, Y0: 4.53908

Epoch:2100
In training set, loss: 12.8756, Y0: 4.53943

Epoch:2200
In training set, loss: 12.3609, Y0: 4.53978

Epoch:2300
In training set, loss: 11.8706, Y0: 4.5401

Epoch:2400
In training set, loss: 11.4034, Y0: 4.54042

Epoch:2500
In training set, loss: 10.958, Y0: 4.54072

Epoch:2600
In training set, loss: 10.5332, Y0: 4.54101

Epoch:2700
In training set, loss: 10.128, Y0: 4.54129

Epoch:2800
In training set, loss: 9.74125, Y0: 4.54156

Epoch:2900
In training set, loss: 9.37202, Y0: 4.54182

Epoch:3000
In training set, loss: 9.01941, Y0: 4.54207



###############################################################################
TCHPC Cluster: kelvin
Job 18644 (BSDE_job_4_procs) for User 'zuoy' in Account 'hpc_21_01207'
Finished at: Tue Nov  2 16:02:00 GMT 2021

Job efficiency estimates:
=========================

Job ID: 18644
Cluster: kelvin
User/Group: zuoy/zuoy
State: COMPLETED (exit code 0)
Nodes: 3
Cores per node: 12
CPU Utilized: 02:58:17
CPU Efficiency: 30.26% of 09:49:12 core-walltime
Job Wall-clock time: 00:16:22
Memory Utilized: 650.19 MB
Memory Efficiency: 0.94% of 67.38 GB

Job completion status:
======================

       JobID    JobName AllocCPUS NTasks NNodes     MaxRSS    MaxRSSNode  MaxDiskRead MaxDiskWrite    Elapsed      State ExitCode 
------------ ---------- --------- ------ ------ ---------- ------------- ------------ ------------ ---------- ---------- -------- 
18644        BSDE_job_+        36             3                                                      00:16:22  COMPLETED      0:0 
18644.batch       batch        12      1      1    665796K   kelvin-n049        0.86M        0.01M   00:16:22  COMPLETED      0:0 
18644.0           orted        24      2      2                                                      00:16:20  COMPLETED      0:0 


Job details:
============

JobId=18644 JobName=BSDE_job_4_procs
   UserId=zuoy(1582) GroupId=zuoy(1252) MCS_label=N/A
   Priority=12057712 Nice=0 Account=hpc_21_01207 QOS=normal
   JobState=COMPLETING Reason=None Dependency=(null)
   Requeue=0 Restarts=0 BatchFlag=1 Reboot=0 ExitCode=0:0
   DerivedExitCode=0:0
   RunTime=00:16:22 TimeLimit=23:00:00 TimeMin=N/A
   SubmitTime=2021-11-02T15:45:37 EligibleTime=2021-11-02T15:45:37
   AccrueTime=2021-11-02T15:45:37
   StartTime=2021-11-02T15:45:38 EndTime=2021-11-02T16:02:00 Deadline=N/A
   SuspendTime=None SecsPreSuspend=0 LastSchedEval=2021-11-02T15:45:38
   Partition=compute AllocNode:Sid=kelvin01:3879
   ReqNodeList=(null) ExcNodeList=(null)
   NodeList=kelvin-n[049-051]
   BatchHost=kelvin-n049
   NumNodes=3 NumCPUs=36 NumTasks=32 CPUs/Task=1 ReqB:S:C:T=0:0:*:*
   TRES=cpu=36,mem=69000M,node=3,billing=36
   Socks/Node=* NtasksPerN:B:S:C=0:0:*:* CoreSpec=*
   JOB_GRES=(null)
     Nodes=kelvin-n[049-051] CPU_IDs=0-11 Mem=23000 GRES=
   MinCPUsNode=1 MinMemoryNode=23000M MinTmpDiskNode=0
   Features=(null) DelayBoot=00:00:00
   OverSubscribe=NO Contiguous=0 Licenses=(null) Network=(null)
   Command=/home/users/mschpc/2019/zuoy/HPC/NeuralNetwork/scripts/script_HJBLQ_d100_b1_n32.sh
   WorkDir=/home/users/mschpc/2019/zuoy/HPC/NeuralNetwork
   StdErr=/home/users/mschpc/2019/zuoy/HPC/NeuralNetwork/output/slurm-18644.out
   StdIn=/dev/null
   StdOut=/home/users/mschpc/2019/zuoy/HPC/NeuralNetwork/output/slurm-18644.out
   Power=
   NtasksPerTRES:0


Disk quota details:
===================

Quota Type           Name  Filesystem     Usage in MB     Limit in MB    % Used
-------------------------------------------------------------------------------
USER                 zuoy       /home              65          51,200     0.13%

GROUP              mschpc   /projects             999          51,200     1.95%
GROUP          pi-dgolden   /projects               0          51,200     0.00%


SLURM Bank Statement:
=====================

User           Usage |        Account     Usage | Account Limit Available (CPU hrs)
---------- --------- + -------------- --------- + ------------- ---------
zuoy           1,560 |   HPC_21_01207     1,560 |       100,000    98,440


Acknowledgements:
=================

Note that usage of TCHPC Resources *must* be acknowledged in all publications.

Please see this page for details relevant to this cluster:

http://www.tchpc.tcd.ie/resources/acknowledgementpolicy

################################################################################
