Config data loaded successfully!
Epoch:100
In training set, loss: 60.0475, Y0: 51.563

Epoch:200
In training set, loss: 10.7626, Y0: 51.6411

Epoch:300
In training set, loss: 2.61012, Y0: 51.6808

Epoch:400
In training set, loss: 0.701894, Y0: 51.7009

Epoch:500
In training set, loss: 0.197783, Y0: 51.711

Epoch:600
In training set, loss: 0.0572185, Y0: 51.716

Epoch:700
In training set, loss: 0.0169576, Y0: 51.7185

Epoch:800
In training set, loss: 0.00512804, Y0: 51.7198

Epoch:900
In training set, loss: 0.00157803, Y0: 51.7205

Epoch:1000
In training set, loss: 0.000501479, Y0: 51.7208



###############################################################################
TCHPC Cluster: kelvin
Job 17873 (BSDE_job_1_procs) for User 'zuoy' in Account 'hpc_21_01207'
Finished at: Tue Oct 26 23:05:56 IST 2021

Job efficiency estimates:
=========================

Job ID: 17873
Cluster: kelvin
User/Group: zuoy/zuoy
State: COMPLETED (exit code 0)
Nodes: 1
Cores per node: 12
CPU Utilized: 02:31:56
CPU Efficiency: 8.33% of 1-06:23:24 core-walltime
Job Wall-clock time: 02:31:57
Memory Utilized: 63.31 MB
Memory Efficiency: 0.28% of 22.46 GB

Job completion status:
======================

       JobID    JobName AllocCPUS NTasks NNodes     MaxRSS    MaxRSSNode  MaxDiskRead MaxDiskWrite    Elapsed      State ExitCode 
------------ ---------- --------- ------ ------ ---------- ------------- ------------ ------------ ---------- ---------- -------- 
17873        BSDE_job_+        12             1                                                      02:31:57  COMPLETED      0:0 
17873.batch       batch        12      1      1     64828K   kelvin-n086        0.85M        0.01M   02:31:57  COMPLETED      0:0 


Job details:
============

JobId=17873 JobName=BSDE_job_1_procs
   UserId=zuoy(1582) GroupId=zuoy(1252) MCS_label=N/A
   Priority=14222859 Nice=0 Account=hpc_21_01207 QOS=normal
   JobState=COMPLETING Reason=None Dependency=(null)
   Requeue=0 Restarts=0 BatchFlag=1 Reboot=0 ExitCode=0:0
   DerivedExitCode=0:0
   RunTime=02:31:57 TimeLimit=23:00:00 TimeMin=N/A
   SubmitTime=2021-10-26T20:33:58 EligibleTime=2021-10-26T20:33:58
   AccrueTime=2021-10-26T20:33:58
   StartTime=2021-10-26T20:33:59 EndTime=2021-10-26T23:05:56 Deadline=N/A
   SuspendTime=None SecsPreSuspend=0 LastSchedEval=2021-10-26T20:33:59
   Partition=compute AllocNode:Sid=kelvin01:31575
   ReqNodeList=(null) ExcNodeList=(null)
   NodeList=
   BatchHost=kelvin-n086
   NumNodes=1 NumCPUs=12 NumTasks=1 CPUs/Task=1 ReqB:S:C:T=0:0:*:*
   TRES=cpu=12,mem=23000M,node=1,billing=12
   Socks/Node=* NtasksPerN:B:S:C=0:0:*:* CoreSpec=*
   JOB_GRES=(null)
     Nodes=kelvin-n086 CPU_IDs=0-11 Mem=23000 GRES=
   MinCPUsNode=1 MinMemoryNode=23000M MinTmpDiskNode=0
   Features=(null) DelayBoot=00:00:00
   OverSubscribe=NO Contiguous=0 Licenses=(null) Network=(null)
   Command=/home/users/mschpc/2019/zuoy/HPC/NeuralNetwork/scripts/script3.sh
   WorkDir=/home/users/mschpc/2019/zuoy/HPC/NeuralNetwork
   StdErr=/home/users/mschpc/2019/zuoy/HPC/NeuralNetwork/slurm-17873.out
   StdIn=/dev/null
   StdOut=/home/users/mschpc/2019/zuoy/HPC/NeuralNetwork/slurm-17873.out
   Power=
   NtasksPerTRES:0


Disk quota details:
===================

Quota Type           Name  Filesystem     Usage in MB     Limit in MB    % Used
-------------------------------------------------------------------------------
USER                 zuoy       /home              52          51,200     0.10%

GROUP              mschpc   /projects             999          51,200     1.95%
GROUP          pi-dgolden   /projects               0          51,200     0.00%


SLURM Bank Statement:
=====================

User           Usage |        Account     Usage | Account Limit Available (CPU hrs)
---------- --------- + -------------- --------- + ------------- ---------
zuoy             131 |   HPC_21_01207       131 |       100,000    99,869


Acknowledgements:
=================

Note that usage of TCHPC Resources *must* be acknowledged in all publications.

Please see this page for details relevant to this cluster:

http://www.tchpc.tcd.ie/resources/acknowledgementpolicy

################################################################################
