Config data loaded successfully!
Dimension: 100
Total time: 0.25
Number of time intervals: 20
Learning rate: 0.0005
y_init_range: 0.3, 0.5
Number of neurons in each hidden layer of each subnet: 110, 110, 
Epochs: 4000
Batch size: 1
Sample size: 1024
Logging frequency: 100
Model name: AllenCahn_serial_


Training:
Epoch:100
In training set, loss: 6.11359, Y0: 0.0620573

Epoch:200
In training set, loss: 5.5124, Y0: 0.0602977

Epoch:300
In training set, loss: 5.2023, Y0: 0.0591136

Epoch:400
In training set, loss: 5.01644, Y0: 0.0583201

Epoch:500
In training set, loss: 4.88713, Y0: 0.0577891

Epoch:600
In training set, loss: 4.78529, Y0: 0.057434

Epoch:700
In training set, loss: 4.69772, Y0: 0.0571971

Epoch:800
In training set, loss: 4.61811, Y0: 0.0570396

Epoch:900
In training set, loss: 4.54331, Y0: 0.0569356

Epoch:1000
In training set, loss: 4.47175, Y0: 0.0568682

Epoch:1100
In training set, loss: 4.40252, Y0: 0.0568256

Epoch:1200
In training set, loss: 4.33518, Y0: 0.0567998

Epoch:1300
In training set, loss: 4.26943, Y0: 0.0567858

Epoch:1400
In training set, loss: 4.20512, Y0: 0.0567795

Epoch:1500
In training set, loss: 4.14212, Y0: 0.0567786

Epoch:1600
In training set, loss: 4.08037, Y0: 0.0567813

Epoch:1700
In training set, loss: 4.01981, Y0: 0.0567864

Epoch:1800
In training set, loss: 3.96039, Y0: 0.0567929

Epoch:1900
In training set, loss: 3.90208, Y0: 0.0568007

Epoch:2000
In training set, loss: 3.84484, Y0: 0.0568092

Epoch:2100
In training set, loss: 3.78866, Y0: 0.0568184

Epoch:2200
In training set, loss: 3.73351, Y0: 0.0568279

Epoch:2300
In training set, loss: 3.67936, Y0: 0.0568374

Epoch:2400
In training set, loss: 3.62619, Y0: 0.0568471

Epoch:2500
In training set, loss: 3.57399, Y0: 0.0568568

Epoch:2600
In training set, loss: 3.52274, Y0: 0.0568664

Epoch:2700
In training set, loss: 3.47241, Y0: 0.0568761

Epoch:2800
In training set, loss: 3.42297, Y0: 0.0568855

Epoch:2900
In training set, loss: 3.37441, Y0: 0.0568948

Epoch:3000
In training set, loss: 3.32672, Y0: 0.0569039

Epoch:3100
In training set, loss: 3.27988, Y0: 0.056913

Epoch:3200
In training set, loss: 3.23388, Y0: 0.0569219

Epoch:3300
In training set, loss: 3.18868, Y0: 0.0569308

Epoch:3400
In training set, loss: 3.14429, Y0: 0.0569394

Epoch:3500
In training set, loss: 3.10068, Y0: 0.0569478

Epoch:3600
In training set, loss: 3.05785, Y0: 0.0569562

Epoch:3700
In training set, loss: 3.01577, Y0: 0.0569647

Epoch:3800
In training set, loss: 2.97443, Y0: 0.056973

Epoch:3900
In training set, loss: 2.9338, Y0: 0.0569811

Epoch:4000
In training set, loss: 2.89388, Y0: 0.0569892



###############################################################################
TCHPC Cluster: kelvin
Job 22183 (BSDE_job_1_procs) for User 'zuoy' in Account 'hpc_21_01207'
Finished at: Sat Nov 20 22:41:49 GMT 2021

Job efficiency estimates:
=========================

Job ID: 22183
Cluster: kelvin
User/Group: zuoy/zuoy
State: COMPLETED (exit code 0)
Nodes: 1
Cores per node: 12
CPU Utilized: 02:54:30
CPU Efficiency: 8.33% of 1-10:54:12 core-walltime
Job Wall-clock time: 02:54:31
Memory Utilized: 23.23 MB
Memory Efficiency: 0.10% of 22.46 GB

Job completion status:
======================

       JobID    JobName AllocCPUS NTasks NNodes     MaxRSS    MaxRSSNode  MaxDiskRead MaxDiskWrite    Elapsed      State ExitCode 
------------ ---------- --------- ------ ------ ---------- ------------- ------------ ------------ ---------- ---------- -------- 
22183        BSDE_job_+        12             1                                                      02:54:31  COMPLETED      0:0 
22183.batch       batch        12      1      1     23784K   kelvin-n093        0.85M        0.01M   02:54:31  COMPLETED      0:0 


Job details:
============

JobId=22183 JobName=BSDE_job_1_procs
   UserId=zuoy(1582) GroupId=zuoy(1252) MCS_label=N/A
   Priority=11176928 Nice=0 Account=hpc_21_01207 QOS=normal
   JobState=COMPLETING Reason=None Dependency=(null)
   Requeue=0 Restarts=0 BatchFlag=1 Reboot=0 ExitCode=0:0
   DerivedExitCode=0:0
   RunTime=02:54:31 TimeLimit=2-23:00:00 TimeMin=N/A
   SubmitTime=2021-11-20T15:21:07 EligibleTime=2021-11-20T15:21:07
   AccrueTime=2021-11-20T15:21:07
   StartTime=2021-11-20T19:47:18 EndTime=2021-11-20T22:41:49 Deadline=N/A
   SuspendTime=None SecsPreSuspend=0 LastSchedEval=2021-11-20T19:47:18
   Partition=compute AllocNode:Sid=kelvin01:20266
   ReqNodeList=(null) ExcNodeList=(null)
   NodeList=
   BatchHost=kelvin-n093
   NumNodes=1 NumCPUs=12 NumTasks=1 CPUs/Task=1 ReqB:S:C:T=0:0:*:*
   TRES=cpu=12,mem=23000M,node=1,billing=12
   Socks/Node=* NtasksPerN:B:S:C=0:0:*:* CoreSpec=*
   JOB_GRES=(null)
     Nodes=kelvin-n093 CPU_IDs=0-11 Mem=23000 GRES=
   MinCPUsNode=1 MinMemoryNode=23000M MinTmpDiskNode=0
   Features=(null) DelayBoot=00:00:00
   OverSubscribe=NO Contiguous=0 Licenses=(null) Network=(null)
   Command=/home/users/mschpc/2019/zuoy/HPC/NeuralNetwork/sequential/scripts/script_AllenCahn_d200_b1.sh
   WorkDir=/home/users/mschpc/2019/zuoy/HPC/NeuralNetwork/sequential
   StdErr=/home/users/mschpc/2019/zuoy/HPC/NeuralNetwork/sequential/output/slurm-22183.out
   StdIn=/dev/null
   StdOut=/home/users/mschpc/2019/zuoy/HPC/NeuralNetwork/sequential/output/slurm-22183.out
   Power=
   NtasksPerTRES:0


Disk quota details:
===================

Quota Type           Name  Filesystem     Usage in MB     Limit in MB    % Used
-------------------------------------------------------------------------------
USER                 zuoy       /home             117          51,200     0.23%

GROUP              mschpc   /projects             999          51,200     1.95%
GROUP          pi-dgolden   /projects               0          51,200     0.00%


SLURM Bank Statement:
=====================

User           Usage |        Account     Usage | Account Limit Available (CPU hrs)
---------- --------- + -------------- --------- + ------------- ---------
zuoy          14,613 |   HPC_21_01207    14,613 |       100,000    85,387


Acknowledgements:
=================

Note that usage of TCHPC Resources *must* be acknowledged in all publications.

Please see this page for details relevant to this cluster:

http://www.tchpc.tcd.ie/resources/acknowledgementpolicy

################################################################################
