Config data loaded successfully!
Dimension: 100
Total time: 0.2
Number of time intervals: 20
Learning rate: 0.0005
y_init_range: 0.3, 0.5
Number of neurons in each hidden layer of each subnet: 110, 110, 
Epochs: 5000
Batch size: 16
Sample size: 512
Logging frequency: 100
Model name: AllenCahn_serial_


Training:
Epoch:100
In training set, loss: 3.62222, Y0: 0.146041

Epoch:200
In training set, loss: 2.73747, Y0: 0.0967974

Epoch:300
In training set, loss: 2.62455, Y0: 0.0804916

Epoch:400
In training set, loss: 2.59646, Y0: 0.0750667

Epoch:500
In training set, loss: 2.57818, Y0: 0.0732707

Epoch:600
In training set, loss: 2.56137, Y0: 0.072688

Epoch:700
In training set, loss: 2.5451, Y0: 0.072511

Epoch:800
In training set, loss: 2.52925, Y0: 0.0724693

Epoch:900
In training set, loss: 2.5138, Y0: 0.0724725

Epoch:1000
In training set, loss: 2.49873, Y0: 0.0724905

Epoch:1100
In training set, loss: 2.48404, Y0: 0.0725129

Epoch:1200
In training set, loss: 2.46971, Y0: 0.0725366

Epoch:1300
In training set, loss: 2.45573, Y0: 0.0725607

Epoch:1400
In training set, loss: 2.44209, Y0: 0.0725841

Epoch:1500
In training set, loss: 2.42878, Y0: 0.0726072

Epoch:1600
In training set, loss: 2.4158, Y0: 0.0726299

Epoch:1700
In training set, loss: 2.40312, Y0: 0.0726516

Epoch:1800
In training set, loss: 2.39076, Y0: 0.0726734

Epoch:1900
In training set, loss: 2.37868, Y0: 0.0726943

Epoch:2000
In training set, loss: 2.36689, Y0: 0.0727151

Epoch:2100
In training set, loss: 2.35538, Y0: 0.0727354

Epoch:2200
In training set, loss: 2.34413, Y0: 0.0727547

Epoch:2300
In training set, loss: 2.33315, Y0: 0.072774

Epoch:2400
In training set, loss: 2.32242, Y0: 0.0727933

Epoch:2500
In training set, loss: 2.31195, Y0: 0.0728118

Epoch:2600
In training set, loss: 2.30171, Y0: 0.0728293

Epoch:2700
In training set, loss: 2.2917, Y0: 0.0728474

Epoch:2800
In training set, loss: 2.28192, Y0: 0.0728651

Epoch:2900
In training set, loss: 2.27237, Y0: 0.0728818

Epoch:3000
In training set, loss: 2.26303, Y0: 0.0728984

Epoch:3100
In training set, loss: 2.25389, Y0: 0.0729148

Epoch:3200
In training set, loss: 2.24496, Y0: 0.0729308

Epoch:3300
In training set, loss: 2.23623, Y0: 0.0729465

Epoch:3400
In training set, loss: 2.2277, Y0: 0.0729617

Epoch:3500
In training set, loss: 2.21934, Y0: 0.0729763

Epoch:3600
In training set, loss: 2.21117, Y0: 0.072991

Epoch:3700
In training set, loss: 2.20318, Y0: 0.073006

Epoch:3800
In training set, loss: 2.19536, Y0: 0.0730197

Epoch:3900
In training set, loss: 2.18771, Y0: 0.0730336

Epoch:4000
In training set, loss: 2.18022, Y0: 0.0730471

Epoch:4100
In training set, loss: 2.17289, Y0: 0.07306

Epoch:4200
In training set, loss: 2.16571, Y0: 0.0730736

Epoch:4300
In training set, loss: 2.15869, Y0: 0.0730858

Epoch:4400
In training set, loss: 2.15181, Y0: 0.0730981

Epoch:4500
In training set, loss: 2.14508, Y0: 0.0731108

Epoch:4600
In training set, loss: 2.13848, Y0: 0.0731223

Epoch:4700
In training set, loss: 2.13202, Y0: 0.0731343

Epoch:4800
In training set, loss: 2.1257, Y0: 0.0731459

Epoch:4900
In training set, loss: 2.1195, Y0: 0.0731569

Epoch:5000
In training set, loss: 2.11343, Y0: 0.073168



###############################################################################
TCHPC Cluster: kelvin
Job 21771 (BSDE_job_1_procs) for User 'zuoy' in Account 'hpc_21_01207'
Finished at: Sat Nov 20 02:17:00 GMT 2021

Job efficiency estimates:
=========================

Job ID: 21771
Cluster: kelvin
User/Group: zuoy/zuoy
State: COMPLETED (exit code 0)
Nodes: 1
Cores per node: 12
CPU Utilized: 01:18:53
CPU Efficiency: 8.33% of 15:46:48 core-walltime
Job Wall-clock time: 01:18:54
Memory Utilized: 14.39 MB
Memory Efficiency: 0.06% of 22.46 GB

Job completion status:
======================

       JobID    JobName AllocCPUS NTasks NNodes     MaxRSS    MaxRSSNode  MaxDiskRead MaxDiskWrite    Elapsed      State ExitCode 
------------ ---------- --------- ------ ------ ---------- ------------- ------------ ------------ ---------- ---------- -------- 
21771        BSDE_job_+        12             1                                                      01:18:54  COMPLETED      0:0 
21771.batch       batch        12      1      1     14732K   kelvin-n024        0.85M        0.01M   01:18:54  COMPLETED      0:0 


Job details:
============

JobId=21771 JobName=BSDE_job_1_procs
   UserId=zuoy(1582) GroupId=zuoy(1252) MCS_label=N/A
   Priority=11112774 Nice=0 Account=hpc_21_01207 QOS=normal
   JobState=COMPLETING Reason=None Dependency=(null)
   Requeue=0 Restarts=0 BatchFlag=1 Reboot=0 ExitCode=0:0
   DerivedExitCode=0:0
   RunTime=01:18:54 TimeLimit=2-23:00:00 TimeMin=N/A
   SubmitTime=2021-11-19T22:41:27 EligibleTime=2021-11-19T22:41:27
   AccrueTime=2021-11-19T22:41:27
   StartTime=2021-11-20T00:58:06 EndTime=2021-11-20T02:17:00 Deadline=N/A
   SuspendTime=None SecsPreSuspend=0 LastSchedEval=2021-11-20T00:58:06
   Partition=compute AllocNode:Sid=kelvin01:22213
   ReqNodeList=(null) ExcNodeList=(null)
   NodeList=
   BatchHost=kelvin-n024
   NumNodes=1 NumCPUs=12 NumTasks=1 CPUs/Task=1 ReqB:S:C:T=0:0:*:*
   TRES=cpu=12,mem=23000M,node=1,billing=12
   Socks/Node=* NtasksPerN:B:S:C=0:0:*:* CoreSpec=*
   JOB_GRES=(null)
     Nodes=kelvin-n024 CPU_IDs=0-11 Mem=23000 GRES=
   MinCPUsNode=1 MinMemoryNode=23000M MinTmpDiskNode=0
   Features=(null) DelayBoot=00:00:00
   OverSubscribe=NO Contiguous=0 Licenses=(null) Network=(null)
   Command=/home/users/mschpc/2019/zuoy/HPC/NeuralNetwork/sequential/scripts/script_AllenCahn_d300_b64.sh
   WorkDir=/home/users/mschpc/2019/zuoy/HPC/NeuralNetwork/sequential
   StdErr=/home/users/mschpc/2019/zuoy/HPC/NeuralNetwork/sequential/output/slurm-21771.out
   StdIn=/dev/null
   StdOut=/home/users/mschpc/2019/zuoy/HPC/NeuralNetwork/sequential/output/slurm-21771.out
   Power=
   NtasksPerTRES:0


Disk quota details:
===================

Quota Type           Name  Filesystem     Usage in MB     Limit in MB    % Used
-------------------------------------------------------------------------------
USER                 zuoy       /home             112          51,200     0.22%

GROUP              mschpc   /projects             999          51,200     1.95%
GROUP          pi-dgolden   /projects               0          51,200     0.00%


SLURM Bank Statement:
=====================

User           Usage |        Account     Usage | Account Limit Available (CPU hrs)
---------- --------- + -------------- --------- + ------------- ---------
zuoy          11,593 |   HPC_21_01207    11,593 |       100,000    88,407


Acknowledgements:
=================

Note that usage of TCHPC Resources *must* be acknowledged in all publications.

Please see this page for details relevant to this cluster:

http://www.tchpc.tcd.ie/resources/acknowledgementpolicy

################################################################################
