Config data loaded successfully!
Dimension: 100
Total time: 0.3
Number of time intervals: 20
Learning rate: 0.0005
y_init_range: 0.3, 0.5
Number of neurons in each hidden layer of each subnet: 110, 110, 
Epochs: 4000
Batch size: 128
Sample size: 256
Logging frequency: 100
Model name: AllenCahn_serial_


Training:
Epoch:100
In training set, loss: 5.97093, Y0: 0.285007

Epoch:200
In training set, loss: 5.4646, Y0: 0.271033

Epoch:300
In training set, loss: 5.02334, Y0: 0.25799

Epoch:400
In training set, loss: 4.63778, Y0: 0.245802

Epoch:500
In training set, loss: 4.3001, Y0: 0.234399

Epoch:600
In training set, loss: 4.00374, Y0: 0.223721

Epoch:700
In training set, loss: 3.74318, Y0: 0.213712

Epoch:800
In training set, loss: 3.51371, Y0: 0.204323

Epoch:900
In training set, loss: 3.31131, Y0: 0.19551

Epoch:1000
In training set, loss: 3.13257, Y0: 0.187232

Epoch:1100
In training set, loss: 2.97452, Y0: 0.179453

Epoch:1200
In training set, loss: 2.83462, Y0: 0.172139

Epoch:1300
In training set, loss: 2.71064, Y0: 0.16526

Epoch:1400
In training set, loss: 2.60069, Y0: 0.158787

Epoch:1500
In training set, loss: 2.50307, Y0: 0.152694

Epoch:1600
In training set, loss: 2.41634, Y0: 0.146957

Epoch:1700
In training set, loss: 2.33922, Y0: 0.141553

Epoch:1800
In training set, loss: 2.27058, Y0: 0.136463

Epoch:1900
In training set, loss: 2.20946, Y0: 0.131666

Epoch:2000
In training set, loss: 2.15498, Y0: 0.127146

Epoch:2100
In training set, loss: 2.10638, Y0: 0.122884

Epoch:2200
In training set, loss: 2.063, Y0: 0.118866

Epoch:2300
In training set, loss: 2.02425, Y0: 0.115078

Epoch:2400
In training set, loss: 1.9896, Y0: 0.111505

Epoch:2500
In training set, loss: 1.9586, Y0: 0.108135

Epoch:2600
In training set, loss: 1.93083, Y0: 0.104956

Epoch:2700
In training set, loss: 1.90594, Y0: 0.101957

Epoch:2800
In training set, loss: 1.8836, Y0: 0.0991271

Epoch:2900
In training set, loss: 1.86354, Y0: 0.0964572

Epoch:3000
In training set, loss: 1.8455, Y0: 0.0939375

Epoch:3100
In training set, loss: 1.82925, Y0: 0.0915599

Epoch:3200
In training set, loss: 1.81461, Y0: 0.0893159

Epoch:3300
In training set, loss: 1.80139, Y0: 0.087198

Epoch:3400
In training set, loss: 1.78944, Y0: 0.0851989

Epoch:3500
In training set, loss: 1.77862, Y0: 0.0833118

Epoch:3600
In training set, loss: 1.76881, Y0: 0.0815305

Epoch:3700
In training set, loss: 1.75989, Y0: 0.0798489

Epoch:3800
In training set, loss: 1.75177, Y0: 0.0782613

Epoch:3900
In training set, loss: 1.74436, Y0: 0.0767625

Epoch:4000
In training set, loss: 1.73759, Y0: 0.0753474



###############################################################################
TCHPC Cluster: kelvin
Job 21627 (BSDE_job_1_procs) for User 'zuoy' in Account 'hpc_21_01207'
Finished at: Fri Nov 19 14:12:45 GMT 2021

Job efficiency estimates:
=========================

Job ID: 21627
Cluster: kelvin
User/Group: zuoy/zuoy
State: COMPLETED (exit code 0)
Nodes: 1
Cores per node: 12
CPU Utilized: 00:31:01
CPU Efficiency: 8.33% of 06:12:24 core-walltime
Job Wall-clock time: 00:31:02
Memory Utilized: 9.96 MB
Memory Efficiency: 0.04% of 22.46 GB

Job completion status:
======================

       JobID    JobName AllocCPUS NTasks NNodes     MaxRSS    MaxRSSNode  MaxDiskRead MaxDiskWrite    Elapsed      State ExitCode 
------------ ---------- --------- ------ ------ ---------- ------------- ------------ ------------ ---------- ---------- -------- 
21627        BSDE_job_+        12             1                                                      00:31:02  COMPLETED      0:0 
21627.batch       batch        12      1      1     10204K   kelvin-n029        0.85M        0.01M   00:31:02  COMPLETED      0:0 


Job details:
============

JobId=21627 JobName=BSDE_job_1_procs
   UserId=zuoy(1582) GroupId=zuoy(1252) MCS_label=N/A
   Priority=11044593 Nice=0 Account=hpc_21_01207 QOS=normal
   JobState=COMPLETING Reason=None Dependency=(null)
   Requeue=0 Restarts=0 BatchFlag=1 Reboot=0 ExitCode=0:0
   DerivedExitCode=0:0
   RunTime=00:31:02 TimeLimit=2-23:00:00 TimeMin=N/A
   SubmitTime=2021-11-19T13:41:43 EligibleTime=2021-11-19T13:41:43
   AccrueTime=2021-11-19T13:41:43
   StartTime=2021-11-19T13:41:43 EndTime=2021-11-19T14:12:45 Deadline=N/A
   SuspendTime=None SecsPreSuspend=0 LastSchedEval=2021-11-19T13:41:43
   Partition=compute AllocNode:Sid=kelvin01:22213
   ReqNodeList=(null) ExcNodeList=(null)
   NodeList=
   BatchHost=kelvin-n029
   NumNodes=1 NumCPUs=12 NumTasks=1 CPUs/Task=1 ReqB:S:C:T=0:0:*:*
   TRES=cpu=12,mem=23000M,node=1,billing=12
   Socks/Node=* NtasksPerN:B:S:C=0:0:*:* CoreSpec=*
   JOB_GRES=(null)
     Nodes=kelvin-n029 CPU_IDs=0-11 Mem=23000 GRES=
   MinCPUsNode=1 MinMemoryNode=23000M MinTmpDiskNode=0
   Features=(null) DelayBoot=00:00:00
   OverSubscribe=NO Contiguous=0 Licenses=(null) Network=(null)
   Command=/home/users/mschpc/2019/zuoy/HPC/NeuralNetwork/sequential/scripts/script_AllenCahn_d100_b128.sh
   WorkDir=/home/users/mschpc/2019/zuoy/HPC/NeuralNetwork/sequential
   StdErr=/home/users/mschpc/2019/zuoy/HPC/NeuralNetwork/sequential/output/slurm-21627.out
   StdIn=/dev/null
   StdOut=/home/users/mschpc/2019/zuoy/HPC/NeuralNetwork/sequential/output/slurm-21627.out
   Power=
   NtasksPerTRES:0


Disk quota details:
===================

Quota Type           Name  Filesystem     Usage in MB     Limit in MB    % Used
-------------------------------------------------------------------------------
USER                 zuoy       /home             109          51,200     0.21%

GROUP              mschpc   /projects             999          51,200     1.95%
GROUP          pi-dgolden   /projects               0          51,200     0.00%


SLURM Bank Statement:
=====================

User           Usage |        Account     Usage | Account Limit Available (CPU hrs)
---------- --------- + -------------- --------- + ------------- ---------
zuoy          10,410 |   HPC_21_01207    10,410 |       100,000    89,590


Acknowledgements:
=================

Note that usage of TCHPC Resources *must* be acknowledged in all publications.

Please see this page for details relevant to this cluster:

http://www.tchpc.tcd.ie/resources/acknowledgementpolicy

################################################################################
