Config data loaded successfully!
Dimension: 100
Total time: 0.3
Number of time intervals: 20
Learning rate: 0.0005
y_init_range: 0.3, 0.5
Number of neurons in each hidden layer of each subnet: 110, 110, 
Epochs: 4000
Batch size: 32
Sample size: 32
Logging frequency: 100
Model name: AllenCahn_serial_


Training:
Epoch:100
In training set, loss: 0.814271, Y0: 0.291618

Epoch:200
In training set, loss: 0.769112, Y0: 0.283553

Epoch:300
In training set, loss: 0.727241, Y0: 0.27579

Epoch:400
In training set, loss: 0.688382, Y0: 0.268316

Epoch:500
In training set, loss: 0.652281, Y0: 0.261115

Epoch:600
In training set, loss: 0.61871, Y0: 0.254175

Epoch:700
In training set, loss: 0.587464, Y0: 0.247483

Epoch:800
In training set, loss: 0.558359, Y0: 0.241028

Epoch:900
In training set, loss: 0.531228, Y0: 0.2348

Epoch:1000
In training set, loss: 0.505917, Y0: 0.228788

Epoch:1100
In training set, loss: 0.48229, Y0: 0.222983

Epoch:1200
In training set, loss: 0.460219, Y0: 0.217377

Epoch:1300
In training set, loss: 0.43959, Y0: 0.211961

Epoch:1400
In training set, loss: 0.420298, Y0: 0.206728

Epoch:1500
In training set, loss: 0.402246, Y0: 0.201669

Epoch:1600
In training set, loss: 0.385344, Y0: 0.196779

Epoch:1700
In training set, loss: 0.369513, Y0: 0.192051

Epoch:1800
In training set, loss: 0.354676, Y0: 0.187477

Epoch:1900
In training set, loss: 0.340765, Y0: 0.183054

Epoch:2000
In training set, loss: 0.327716, Y0: 0.178774

Epoch:2100
In training set, loss: 0.315471, Y0: 0.174633

Epoch:2200
In training set, loss: 0.303976, Y0: 0.170625

Epoch:2300
In training set, loss: 0.293179, Y0: 0.166746

Epoch:2400
In training set, loss: 0.283036, Y0: 0.162991

Epoch:2500
In training set, loss: 0.273501, Y0: 0.159356

Epoch:2600
In training set, loss: 0.264536, Y0: 0.155836

Epoch:2700
In training set, loss: 0.256103, Y0: 0.152428

Epoch:2800
In training set, loss: 0.248168, Y0: 0.149126

Epoch:2900
In training set, loss: 0.240699, Y0: 0.145929

Epoch:3000
In training set, loss: 0.233665, Y0: 0.142832

Epoch:3100
In training set, loss: 0.227039, Y0: 0.139832

Epoch:3200
In training set, loss: 0.220796, Y0: 0.136925

Epoch:3300
In training set, loss: 0.214911, Y0: 0.134109

Epoch:3400
In training set, loss: 0.209361, Y0: 0.13138

Epoch:3500
In training set, loss: 0.204125, Y0: 0.128736

Epoch:3600
In training set, loss: 0.199185, Y0: 0.126174

Epoch:3700
In training set, loss: 0.194521, Y0: 0.123691

Epoch:3800
In training set, loss: 0.190117, Y0: 0.121284

Epoch:3900
In training set, loss: 0.185956, Y0: 0.118951

Epoch:4000
In training set, loss: 0.182023, Y0: 0.11669



###############################################################################
TCHPC Cluster: kelvin
Job 21615 (BSDE_job_1_procs) for User 'zuoy' in Account 'hpc_21_01207'
Finished at: Fri Nov 19 13:32:11 GMT 2021

Job efficiency estimates:
=========================

Job ID: 21615
Cluster: kelvin
User/Group: zuoy/zuoy
State: COMPLETED (exit code 0)
Nodes: 1
Cores per node: 12
CPU Utilized: 00:04:04
CPU Efficiency: 8.23% of 00:49:24 core-walltime
Job Wall-clock time: 00:04:07
Memory Utilized: 6.09 MB
Memory Efficiency: 0.03% of 22.46 GB

Job completion status:
======================

       JobID    JobName AllocCPUS NTasks NNodes     MaxRSS    MaxRSSNode  MaxDiskRead MaxDiskWrite    Elapsed      State ExitCode 
------------ ---------- --------- ------ ------ ---------- ------------- ------------ ------------ ---------- ---------- -------- 
21615        BSDE_job_+        12             1                                                      00:04:07  COMPLETED      0:0 
21615.batch       batch        12      1      1      6232K   kelvin-n064        0.85M        0.01M   00:04:07  COMPLETED      0:0 


Job details:
============

JobId=21615 JobName=BSDE_job_1_procs
   UserId=zuoy(1582) GroupId=zuoy(1252) MCS_label=N/A
   Priority=11044593 Nice=0 Account=hpc_21_01207 QOS=normal
   JobState=COMPLETING Reason=None Dependency=(null)
   Requeue=0 Restarts=0 BatchFlag=1 Reboot=0 ExitCode=0:0
   DerivedExitCode=0:0
   RunTime=00:04:07 TimeLimit=2-23:00:00 TimeMin=N/A
   SubmitTime=2021-11-19T13:28:04 EligibleTime=2021-11-19T13:28:04
   AccrueTime=2021-11-19T13:28:04
   StartTime=2021-11-19T13:28:04 EndTime=2021-11-19T13:32:11 Deadline=N/A
   SuspendTime=None SecsPreSuspend=0 LastSchedEval=2021-11-19T13:28:04
   Partition=compute AllocNode:Sid=kelvin01:22213
   ReqNodeList=(null) ExcNodeList=(null)
   NodeList=
   BatchHost=kelvin-n064
   NumNodes=1 NumCPUs=12 NumTasks=1 CPUs/Task=1 ReqB:S:C:T=0:0:*:*
   TRES=cpu=12,mem=23000M,node=1,billing=12
   Socks/Node=* NtasksPerN:B:S:C=0:0:*:* CoreSpec=*
   JOB_GRES=(null)
     Nodes=kelvin-n064 CPU_IDs=0-11 Mem=23000 GRES=
   MinCPUsNode=1 MinMemoryNode=23000M MinTmpDiskNode=0
   Features=(null) DelayBoot=00:00:00
   OverSubscribe=NO Contiguous=0 Licenses=(null) Network=(null)
   Command=/home/users/mschpc/2019/zuoy/HPC/NeuralNetwork/sequential/scripts/script_AllenCahn_d100_b256.sh
   WorkDir=/home/users/mschpc/2019/zuoy/HPC/NeuralNetwork/sequential
   StdErr=/home/users/mschpc/2019/zuoy/HPC/NeuralNetwork/sequential/output/slurm-21615.out
   StdIn=/dev/null
   StdOut=/home/users/mschpc/2019/zuoy/HPC/NeuralNetwork/sequential/output/slurm-21615.out
   Power=
   NtasksPerTRES:0


Disk quota details:
===================

Quota Type           Name  Filesystem     Usage in MB     Limit in MB    % Used
-------------------------------------------------------------------------------
USER                 zuoy       /home             107          51,200     0.21%

GROUP              mschpc   /projects             999          51,200     1.95%
GROUP          pi-dgolden   /projects               0          51,200     0.00%


SLURM Bank Statement:
=====================

User           Usage |        Account     Usage | Account Limit Available (CPU hrs)
---------- --------- + -------------- --------- + ------------- ---------
zuoy          10,317 |   HPC_21_01207    10,317 |       100,000    89,683


Acknowledgements:
=================

Note that usage of TCHPC Resources *must* be acknowledged in all publications.

Please see this page for details relevant to this cluster:

http://www.tchpc.tcd.ie/resources/acknowledgementpolicy

################################################################################
