Config data loaded successfully!
Dimension: 300
Total time: 1
Number of time intervals: 20
Learning rate: 0.01
y_init_range: 0, 1
Number of neurons in each hidden layer of each subnet: 110, 110, 
Epochs: 3000
Batch size: 256
Sample size: 256
Logging frequency: 100
Model name: HJBLQ_serial_


Training:
Epoch:100
In training set, loss: 465.876, Y0: 3.43159

Epoch:200
In training set, loss: 72.168, Y0: 4.53273

Epoch:300
In training set, loss: 30.8473, Y0: 4.89012

Epoch:400
In training set, loss: 23.4051, Y0: 5.01968

Epoch:500
In training set, loss: 19.7714, Y0: 5.07867

Epoch:600
In training set, loss: 17.0541, Y0: 5.1144

Epoch:700
In training set, loss: 14.8587, Y0: 5.1413

Epoch:800
In training set, loss: 13.0513, Y0: 5.16397

Epoch:900
In training set, loss: 11.5471, Y0: 5.18401

Epoch:1000
In training set, loss: 10.2833, Y0: 5.20208

Epoch:1100
In training set, loss: 9.21248, Y0: 5.21853

Epoch:1200
In training set, loss: 8.29798, Y0: 5.23359

Epoch:1300
In training set, loss: 7.5114, Y0: 5.24743

Epoch:1400
In training set, loss: 6.8304, Y0: 5.26021

Epoch:1500
In training set, loss: 6.23729, Y0: 5.27202

Epoch:1600
In training set, loss: 5.71792, Y0: 5.28299

Epoch:1700
In training set, loss: 5.26085, Y0: 5.29319

Epoch:1800
In training set, loss: 4.85676, Y0: 5.3027

Epoch:1900
In training set, loss: 4.49801, Y0: 5.31159

Epoch:2000
In training set, loss: 4.17826, Y0: 5.31991

Epoch:2100
In training set, loss: 3.89223, Y0: 5.32772

Epoch:2200
In training set, loss: 3.63548, Y0: 5.33505

Epoch:2300
In training set, loss: 3.40427, Y0: 5.34196

Epoch:2400
In training set, loss: 3.19543, Y0: 5.34847

Epoch:2500
In training set, loss: 3.00624, Y0: 5.35462

Epoch:2600
In training set, loss: 2.83438, Y0: 5.36044

Epoch:2700
In training set, loss: 2.67784, Y0: 5.36595

Epoch:2800
In training set, loss: 2.5349, Y0: 5.37117

Epoch:2900
In training set, loss: 2.40405, Y0: 5.37613

Epoch:3000
In training set, loss: 2.28398, Y0: 5.38084



###############################################################################
TCHPC Cluster: kelvin
Job 20931 (BSDE_job_1_procs) for User 'zuoy' in Account 'hpc_21_01207'
Finished at: Wed Nov 17 04:46:27 GMT 2021

Job efficiency estimates:
=========================

Job ID: 20931
Cluster: kelvin
User/Group: zuoy/zuoy
State: COMPLETED (exit code 0)
Nodes: 1
Cores per node: 12
CPU Utilized: 00:52:18
CPU Efficiency: 8.33% of 10:27:48 core-walltime
Job Wall-clock time: 00:52:19
Memory Utilized: 24.79 MB
Memory Efficiency: 0.11% of 22.46 GB

Job completion status:
======================

       JobID    JobName AllocCPUS NTasks NNodes     MaxRSS    MaxRSSNode  MaxDiskRead MaxDiskWrite    Elapsed      State ExitCode 
------------ ---------- --------- ------ ------ ---------- ------------- ------------ ------------ ---------- ---------- -------- 
20931        BSDE_job_+        12             1                                                      00:52:19  COMPLETED      0:0 
20931.batch       batch        12      1      1     25384K   kelvin-n035        0.87M        0.01M   00:52:19  COMPLETED      0:0 


Job details:
============

JobId=20931 JobName=BSDE_job_1_procs
   UserId=zuoy(1582) GroupId=zuoy(1252) MCS_label=N/A
   Priority=11876441 Nice=0 Account=hpc_21_01207 QOS=normal
   JobState=COMPLETING Reason=None Dependency=(null)
   Requeue=0 Restarts=0 BatchFlag=1 Reboot=0 ExitCode=0:0
   DerivedExitCode=0:0
   RunTime=00:52:19 TimeLimit=2-23:00:00 TimeMin=N/A
   SubmitTime=2021-11-17T01:48:40 EligibleTime=2021-11-17T01:48:40
   AccrueTime=2021-11-17T01:48:40
   StartTime=2021-11-17T03:54:08 EndTime=2021-11-17T04:46:27 Deadline=N/A
   SuspendTime=None SecsPreSuspend=0 LastSchedEval=2021-11-17T03:54:08
   Partition=compute AllocNode:Sid=kelvin01:7052
   ReqNodeList=(null) ExcNodeList=(null)
   NodeList=
   BatchHost=kelvin-n035
   NumNodes=1 NumCPUs=12 NumTasks=1 CPUs/Task=1 ReqB:S:C:T=0:0:*:*
   TRES=cpu=12,mem=23000M,node=1,billing=12
   Socks/Node=* NtasksPerN:B:S:C=0:0:*:* CoreSpec=*
   JOB_GRES=(null)
     Nodes=kelvin-n035 CPU_IDs=0-11 Mem=23000 GRES=
   MinCPUsNode=1 MinMemoryNode=23000M MinTmpDiskNode=0
   Features=(null) DelayBoot=00:00:00
   OverSubscribe=NO Contiguous=0 Licenses=(null) Network=(null)
   Command=/home/users/mschpc/2019/zuoy/HPC/NeuralNetwork/sequential/scripts/script_HJBLQ_d300_b256.sh
   WorkDir=/home/users/mschpc/2019/zuoy/HPC/NeuralNetwork/sequential
   StdErr=/home/users/mschpc/2019/zuoy/HPC/NeuralNetwork/sequential/output/slurm-20931.out
   StdIn=/dev/null
   StdOut=/home/users/mschpc/2019/zuoy/HPC/NeuralNetwork/sequential/output/slurm-20931.out
   Power=
   NtasksPerTRES:0


Disk quota details:
===================

Quota Type           Name  Filesystem     Usage in MB     Limit in MB    % Used
-------------------------------------------------------------------------------
USER                 zuoy       /home             102          51,200     0.20%

GROUP              mschpc   /projects             999          51,200     1.95%
GROUP          pi-dgolden   /projects               0          51,200     0.00%


SLURM Bank Statement:
=====================

User           Usage |        Account     Usage | Account Limit Available (CPU hrs)
---------- --------- + -------------- --------- + ------------- ---------
zuoy           5,472 |   HPC_21_01207     5,472 |       100,000    94,528


Acknowledgements:
=================

Note that usage of TCHPC Resources *must* be acknowledged in all publications.

Please see this page for details relevant to this cluster:

http://www.tchpc.tcd.ie/resources/acknowledgementpolicy

################################################################################
