Config data loaded successfully!
Dimension: 100
Total time: 0.25
Number of time intervals: 20
Learning rate: 0.0005
y_init_range: 0.3, 0.5
Number of neurons in each hidden layer of each subnet: 110, 110, 
Epochs: 4000
Batch size: 1
Sample size: 1024
Logging frequency: 100
Model name: AllenCahn_serial_


Training:
Epoch:100
In training set, loss: 5.64679, Y0: 0.0615803

Epoch:200
In training set, loss: 5.10628, Y0: 0.0610867

Epoch:300
In training set, loss: 4.83668, Y0: 0.0607069

Epoch:400
In training set, loss: 4.6755, Y0: 0.0604338

Epoch:500
In training set, loss: 4.56126, Y0: 0.060244

Epoch:600
In training set, loss: 4.46908, Y0: 0.0601142

Epoch:700
In training set, loss: 4.38821, Y0: 0.0600265

Epoch:800
In training set, loss: 4.3137, Y0: 0.0599677

Epoch:900
In training set, loss: 4.24317, Y0: 0.0599288

Epoch:1000
In training set, loss: 4.17537, Y0: 0.0599028

Epoch:1100
In training set, loss: 4.10968, Y0: 0.0598859

Epoch:1200
In training set, loss: 4.04569, Y0: 0.0598751

Epoch:1300
In training set, loss: 3.9832, Y0: 0.0598683

Epoch:1400
In training set, loss: 3.92207, Y0: 0.0598643

Epoch:1500
In training set, loss: 3.86221, Y0: 0.0598621

Epoch:1600
In training set, loss: 3.80355, Y0: 0.0598611

Epoch:1700
In training set, loss: 3.74604, Y0: 0.0598608

Epoch:1800
In training set, loss: 3.68965, Y0: 0.0598613

Epoch:1900
In training set, loss: 3.63435, Y0: 0.0598619

Epoch:2000
In training set, loss: 3.58012, Y0: 0.0598629

Epoch:2100
In training set, loss: 3.52692, Y0: 0.0598642

Epoch:2200
In training set, loss: 3.47473, Y0: 0.0598654

Epoch:2300
In training set, loss: 3.42355, Y0: 0.0598667

Epoch:2400
In training set, loss: 3.37332, Y0: 0.059868

Epoch:2500
In training set, loss: 3.32403, Y0: 0.0598695

Epoch:2600
In training set, loss: 3.27567, Y0: 0.0598707

Epoch:2700
In training set, loss: 3.2282, Y0: 0.0598721

Epoch:2800
In training set, loss: 3.18162, Y0: 0.0598734

Epoch:2900
In training set, loss: 3.13588, Y0: 0.0598747

Epoch:3000
In training set, loss: 3.091, Y0: 0.0598759

Epoch:3100
In training set, loss: 3.04694, Y0: 0.0598773

Epoch:3200
In training set, loss: 3.00369, Y0: 0.0598786

Epoch:3300
In training set, loss: 2.96123, Y0: 0.0598797

Epoch:3400
In training set, loss: 2.91954, Y0: 0.0598809

Epoch:3500
In training set, loss: 2.8786, Y0: 0.0598822

Epoch:3600
In training set, loss: 2.8384, Y0: 0.0598832

Epoch:3700
In training set, loss: 2.79892, Y0: 0.0598845

Epoch:3800
In training set, loss: 2.76016, Y0: 0.0598856

Epoch:3900
In training set, loss: 2.72208, Y0: 0.0598869

Epoch:4000
In training set, loss: 2.68469, Y0: 0.059888



###############################################################################
TCHPC Cluster: kelvin
Job 22166 (BSDE_job_1_procs) for User 'zuoy' in Account 'hpc_21_01207'
Finished at: Sat Nov 20 20:28:51 GMT 2021

Job efficiency estimates:
=========================

Job ID: 22166
Cluster: kelvin
User/Group: zuoy/zuoy
State: COMPLETED (exit code 0)
Nodes: 1
Cores per node: 12
CPU Utilized: 02:54:54
CPU Efficiency: 8.33% of 1-10:59:00 core-walltime
Job Wall-clock time: 02:54:55
Memory Utilized: 23.28 MB
Memory Efficiency: 0.10% of 22.46 GB

Job completion status:
======================

       JobID    JobName AllocCPUS NTasks NNodes     MaxRSS    MaxRSSNode  MaxDiskRead MaxDiskWrite    Elapsed      State ExitCode 
------------ ---------- --------- ------ ------ ---------- ------------- ------------ ------------ ---------- ---------- -------- 
22166        BSDE_job_+        12             1                                                      02:54:55  COMPLETED      0:0 
22166.batch       batch        12      1      1     23836K   kelvin-n082        0.85M        0.01M   02:54:55  COMPLETED      0:0 


Job details:
============

JobId=22166 JobName=BSDE_job_1_procs
   UserId=zuoy(1582) GroupId=zuoy(1252) MCS_label=N/A
   Priority=11158665 Nice=0 Account=hpc_21_01207 QOS=normal
   JobState=COMPLETING Reason=None Dependency=(null)
   Requeue=0 Restarts=0 BatchFlag=1 Reboot=0 ExitCode=0:0
   DerivedExitCode=0:0
   RunTime=02:54:55 TimeLimit=2-23:00:00 TimeMin=N/A
   SubmitTime=2021-11-20T13:44:56 EligibleTime=2021-11-20T13:44:56
   AccrueTime=2021-11-20T13:44:56
   StartTime=2021-11-20T17:33:56 EndTime=2021-11-20T20:28:51 Deadline=N/A
   SuspendTime=None SecsPreSuspend=0 LastSchedEval=2021-11-20T17:33:56
   Partition=compute AllocNode:Sid=kelvin01:20266
   ReqNodeList=(null) ExcNodeList=(null)
   NodeList=
   BatchHost=kelvin-n082
   NumNodes=1 NumCPUs=12 NumTasks=1 CPUs/Task=1 ReqB:S:C:T=0:0:*:*
   TRES=cpu=12,mem=23000M,node=1,billing=12
   Socks/Node=* NtasksPerN:B:S:C=0:0:*:* CoreSpec=*
   JOB_GRES=(null)
     Nodes=kelvin-n082 CPU_IDs=0-11 Mem=23000 GRES=
   MinCPUsNode=1 MinMemoryNode=23000M MinTmpDiskNode=0
   Features=(null) DelayBoot=00:00:00
   OverSubscribe=NO Contiguous=0 Licenses=(null) Network=(null)
   Command=/home/users/mschpc/2019/zuoy/HPC/NeuralNetwork/sequential/scripts/script_AllenCahn_d200_b1.sh
   WorkDir=/home/users/mschpc/2019/zuoy/HPC/NeuralNetwork/sequential
   StdErr=/home/users/mschpc/2019/zuoy/HPC/NeuralNetwork/sequential/output/slurm-22166.out
   StdIn=/dev/null
   StdOut=/home/users/mschpc/2019/zuoy/HPC/NeuralNetwork/sequential/output/slurm-22166.out
   Power=
   NtasksPerTRES:0


Disk quota details:
===================

Quota Type           Name  Filesystem     Usage in MB     Limit in MB    % Used
-------------------------------------------------------------------------------
USER                 zuoy       /home             117          51,200     0.23%

GROUP              mschpc   /projects             999          51,200     1.95%
GROUP          pi-dgolden   /projects               0          51,200     0.00%


SLURM Bank Statement:
=====================

User           Usage |        Account     Usage | Account Limit Available (CPU hrs)
---------- --------- + -------------- --------- + ------------- ---------
zuoy          14,227 |   HPC_21_01207    14,227 |       100,000    85,773


Acknowledgements:
=================

Note that usage of TCHPC Resources *must* be acknowledged in all publications.

Please see this page for details relevant to this cluster:

http://www.tchpc.tcd.ie/resources/acknowledgementpolicy

################################################################################
