Config data loaded successfully!
Dimension: 100
Total time: 0.25
Number of time intervals: 20
Learning rate: 0.0005
y_init_range: 0.3, 0.5
Number of neurons in each hidden layer of each subnet: 110, 110, 
Epochs: 4000
Batch size: 64
Sample size: 1024
Logging frequency: 100
Model name: AllenCahn_serial_


Training:
Epoch:100
In training set, loss: 14.2346, Y0: 0.199451

Epoch:200
In training set, loss: 9.75423, Y0: 0.141398

Epoch:300
In training set, loss: 8.15672, Y0: 0.10693

Epoch:400
In training set, loss: 7.56149, Y0: 0.0862365

Epoch:500
In training set, loss: 7.32567, Y0: 0.0737521

Epoch:600
In training set, loss: 7.22067, Y0: 0.066204

Epoch:700
In training set, loss: 7.16379, Y0: 0.0616369

Epoch:800
In training set, loss: 7.12485, Y0: 0.0588733

Epoch:900
In training set, loss: 7.09278, Y0: 0.0572025

Epoch:1000
In training set, loss: 7.06352, Y0: 0.0561941

Epoch:1100
In training set, loss: 7.03558, Y0: 0.0555874

Epoch:1200
In training set, loss: 7.00838, Y0: 0.0552243

Epoch:1300
In training set, loss: 6.98174, Y0: 0.055009

Epoch:1400
In training set, loss: 6.95555, Y0: 0.0548834

Epoch:1500
In training set, loss: 6.9298, Y0: 0.0548121

Epoch:1600
In training set, loss: 6.90446, Y0: 0.054774

Epoch:1700
In training set, loss: 6.87951, Y0: 0.0547555

Epoch:1800
In training set, loss: 6.85494, Y0: 0.0547491

Epoch:1900
In training set, loss: 6.83078, Y0: 0.0547498

Epoch:2000
In training set, loss: 6.80698, Y0: 0.0547549

Epoch:2100
In training set, loss: 6.78356, Y0: 0.0547627

Epoch:2200
In training set, loss: 6.7605, Y0: 0.0547719

Epoch:2300
In training set, loss: 6.73781, Y0: 0.0547819

Epoch:2400
In training set, loss: 6.71546, Y0: 0.0547926

Epoch:2500
In training set, loss: 6.69345, Y0: 0.0548033

Epoch:2600
In training set, loss: 6.67179, Y0: 0.0548141

Epoch:2700
In training set, loss: 6.65047, Y0: 0.0548248

Epoch:2800
In training set, loss: 6.62947, Y0: 0.0548353

Epoch:2900
In training set, loss: 6.60879, Y0: 0.0548459

Epoch:3000
In training set, loss: 6.58843, Y0: 0.0548564

Epoch:3100
In training set, loss: 6.56839, Y0: 0.0548666

Epoch:3200
In training set, loss: 6.54865, Y0: 0.0548769

Epoch:3300
In training set, loss: 6.52922, Y0: 0.054887

Epoch:3400
In training set, loss: 6.51007, Y0: 0.0548969

Epoch:3500
In training set, loss: 6.49123, Y0: 0.0549068

Epoch:3600
In training set, loss: 6.47266, Y0: 0.0549165

Epoch:3700
In training set, loss: 6.45438, Y0: 0.0549261

Epoch:3800
In training set, loss: 6.43638, Y0: 0.0549356

Epoch:3900
In training set, loss: 6.41865, Y0: 0.054945

Epoch:4000
In training set, loss: 6.40119, Y0: 0.0549542



###############################################################################
TCHPC Cluster: kelvin
Job 22173 (BSDE_job_1_procs) for User 'zuoy' in Account 'hpc_21_01207'
Finished at: Sat Nov 20 21:35:40 GMT 2021

Job efficiency estimates:
=========================

Job ID: 22173
Cluster: kelvin
User/Group: zuoy/zuoy
State: COMPLETED (exit code 0)
Nodes: 1
Cores per node: 12
CPU Utilized: 02:03:41
CPU Efficiency: 8.33% of 1-00:44:12 core-walltime
Job Wall-clock time: 02:03:41
Memory Utilized: 23.23 MB
Memory Efficiency: 0.10% of 22.46 GB

Job completion status:
======================

       JobID    JobName AllocCPUS NTasks NNodes     MaxRSS    MaxRSSNode  MaxDiskRead MaxDiskWrite    Elapsed      State ExitCode 
------------ ---------- --------- ------ ------ ---------- ------------- ------------ ------------ ---------- ---------- -------- 
22173        BSDE_job_+        12             1                                                      02:03:41  COMPLETED      0:0 
22173.batch       batch        12      1      1     23784K   kelvin-n079        0.85M        0.01M   02:03:41  COMPLETED      0:0 


Job details:
============

JobId=22173 JobName=BSDE_job_1_procs
   UserId=zuoy(1582) GroupId=zuoy(1252) MCS_label=N/A
   Priority=11217148 Nice=0 Account=hpc_21_01207 QOS=normal
   JobState=COMPLETING Reason=None Dependency=(null)
   Requeue=0 Restarts=0 BatchFlag=1 Reboot=0 ExitCode=0:0
   DerivedExitCode=0:0
   RunTime=02:03:41 TimeLimit=2-23:00:00 TimeMin=N/A
   SubmitTime=2021-11-20T13:45:02 EligibleTime=2021-11-20T13:45:02
   AccrueTime=2021-11-20T13:45:02
   StartTime=2021-11-20T19:31:59 EndTime=2021-11-20T21:35:40 Deadline=N/A
   SuspendTime=None SecsPreSuspend=0 LastSchedEval=2021-11-20T19:31:59
   Partition=compute AllocNode:Sid=kelvin01:20266
   ReqNodeList=(null) ExcNodeList=(null)
   NodeList=
   BatchHost=kelvin-n079
   NumNodes=1 NumCPUs=12 NumTasks=1 CPUs/Task=1 ReqB:S:C:T=0:0:*:*
   TRES=cpu=12,mem=23000M,node=1,billing=12
   Socks/Node=* NtasksPerN:B:S:C=0:0:*:* CoreSpec=*
   JOB_GRES=(null)
     Nodes=kelvin-n079 CPU_IDs=0-11 Mem=23000 GRES=
   MinCPUsNode=1 MinMemoryNode=23000M MinTmpDiskNode=0
   Features=(null) DelayBoot=00:00:00
   OverSubscribe=NO Contiguous=0 Licenses=(null) Network=(null)
   Command=/home/users/mschpc/2019/zuoy/HPC/NeuralNetwork/sequential/scripts/script_AllenCahn_d200_b64.sh
   WorkDir=/home/users/mschpc/2019/zuoy/HPC/NeuralNetwork/sequential
   StdErr=/home/users/mschpc/2019/zuoy/HPC/NeuralNetwork/sequential/output/slurm-22173.out
   StdIn=/dev/null
   StdOut=/home/users/mschpc/2019/zuoy/HPC/NeuralNetwork/sequential/output/slurm-22173.out
   Power=
   NtasksPerTRES:0


Disk quota details:
===================

Quota Type           Name  Filesystem     Usage in MB     Limit in MB    % Used
-------------------------------------------------------------------------------
USER                 zuoy       /home             118          51,200     0.23%

GROUP              mschpc   /projects             999          51,200     1.95%
GROUP          pi-dgolden   /projects               0          51,200     0.00%


SLURM Bank Statement:
=====================

User           Usage |        Account     Usage | Account Limit Available (CPU hrs)
---------- --------- + -------------- --------- + ------------- ---------
zuoy          14,432 |   HPC_21_01207    14,432 |       100,000    85,568


Acknowledgements:
=================

Note that usage of TCHPC Resources *must* be acknowledged in all publications.

Please see this page for details relevant to this cluster:

http://www.tchpc.tcd.ie/resources/acknowledgementpolicy

################################################################################
