Config data loaded successfully!
Dimension: 300
Total time: 1
Number of time intervals: 20
Learning rate: 0.01
y_init_range: 0, 1
Number of neurons in each hidden layer of each subnet: 110, 110, 
Epochs: 3000
Batch size: 1
Sample size: 256
Logging frequency: 100
Model name: HJBLQ_serial_


Training:
Epoch:100
In training set, loss: 0.1115, Y0: 5.46966

Epoch:200
In training set, loss: 0.0269719, Y0: 5.47483

Epoch:300
In training set, loss: 0.00942393, Y0: 5.47518

Epoch:400
In training set, loss: 0.00389184, Y0: 5.47471

Epoch:500
In training set, loss: 0.00174359, Y0: 5.47417

Epoch:600
In training set, loss: 0.000816624, Y0: 5.47373

Epoch:700
In training set, loss: 0.000395739, Y0: 5.4734

Epoch:800
In training set, loss: 0.000198951, Y0: 5.47314

Epoch:900
In training set, loss: 0.000104848, Y0: 5.47296

Epoch:1000
In training set, loss: 5.83394e-05, Y0: 5.47282

Epoch:1100
In training set, loss: 3.42166e-05, Y0: 5.47271

Epoch:1200
In training set, loss: 2.09794e-05, Y0: 5.47263

Epoch:1300
In training set, loss: 1.33174e-05, Y0: 5.47255

Epoch:1400
In training set, loss: 8.68578e-06, Y0: 5.47249

Epoch:1500
In training set, loss: 5.78185e-06, Y0: 5.47244

Epoch:1600
In training set, loss: 3.91473e-06, Y0: 5.4724

Epoch:1700
In training set, loss: 2.68673e-06, Y0: 5.47236

Epoch:1800
In training set, loss: 1.86888e-06, Y0: 5.47235

Epoch:1900
In training set, loss: 1.31237e-06, Y0: 5.47233

Epoch:2000
In training set, loss: 9.29567e-07, Y0: 5.47232

Epoch:2100
In training set, loss: 6.59547e-07, Y0: 5.47231

Epoch:2200
In training set, loss: 4.752e-07, Y0: 5.4723

Epoch:2300
In training set, loss: 3.44916e-07, Y0: 5.4723

Epoch:2400
In training set, loss: 2.49558e-07, Y0: 5.47229

Epoch:2500
In training set, loss: 1.81485e-07, Y0: 5.47228

Epoch:2600
In training set, loss: 1.31404e-07, Y0: 5.47226

Epoch:2700
In training set, loss: 9.53643e-08, Y0: 5.47223

Epoch:2800
In training set, loss: 6.89943e-08, Y0: 5.47221

Epoch:2900
In training set, loss: 4.90047e-08, Y0: 5.47219

Epoch:3000
In training set, loss: 3.49705e-08, Y0: 5.47219



###############################################################################
TCHPC Cluster: kelvin
Job 20928 (BSDE_job_1_procs) for User 'zuoy' in Account 'hpc_21_01207'
Finished at: Wed Nov 17 05:07:53 GMT 2021

Job efficiency estimates:
=========================

Job ID: 20928
Cluster: kelvin
User/Group: zuoy/zuoy
State: RUNNING
Nodes: 1
Cores per node: 12
CPU Utilized: 01:15:50
CPU Efficiency: 8.33% of 15:10:24 core-walltime
Job Wall-clock time: 01:15:52
Memory Utilized: 24.70 MB
Memory Efficiency: 0.11% of 22.46 GB
WARNING: Efficiency statistics may be misleading for RUNNING jobs.

Job completion status:
======================

       JobID    JobName AllocCPUS NTasks NNodes     MaxRSS    MaxRSSNode  MaxDiskRead MaxDiskWrite    Elapsed      State ExitCode 
------------ ---------- --------- ------ ------ ---------- ------------- ------------ ------------ ---------- ---------- -------- 
20928        BSDE_job_+        12             1                                                      01:15:52  COMPLETED      0:0 
20928.batch       batch        12      1      1     25296K   kelvin-n074        0.87M        0.01M   01:15:52  COMPLETED      0:0 


Job details:
============

JobId=20928 JobName=BSDE_job_1_procs
   UserId=zuoy(1582) GroupId=zuoy(1252) MCS_label=N/A
   Priority=11875449 Nice=0 Account=hpc_21_01207 QOS=normal
   JobState=COMPLETING Reason=None Dependency=(null)
   Requeue=0 Restarts=0 BatchFlag=1 Reboot=0 ExitCode=0:0
   DerivedExitCode=0:0
   RunTime=01:15:52 TimeLimit=2-23:00:00 TimeMin=N/A
   SubmitTime=2021-11-17T01:48:40 EligibleTime=2021-11-17T01:48:40
   AccrueTime=2021-11-17T01:48:40
   StartTime=2021-11-17T03:52:01 EndTime=2021-11-17T05:07:53 Deadline=N/A
   SuspendTime=None SecsPreSuspend=0 LastSchedEval=2021-11-17T03:52:01
   Partition=compute AllocNode:Sid=kelvin01:7052
   ReqNodeList=(null) ExcNodeList=(null)
   NodeList=
   BatchHost=kelvin-n074
   NumNodes=1 NumCPUs=12 NumTasks=1 CPUs/Task=1 ReqB:S:C:T=0:0:*:*
   TRES=cpu=12,mem=23000M,node=1,billing=12
   Socks/Node=* NtasksPerN:B:S:C=0:0:*:* CoreSpec=*
   JOB_GRES=(null)
     Nodes=kelvin-n074 CPU_IDs=0-11 Mem=23000 GRES=
   MinCPUsNode=1 MinMemoryNode=23000M MinTmpDiskNode=0
   Features=(null) DelayBoot=00:00:00
   OverSubscribe=NO Contiguous=0 Licenses=(null) Network=(null)
   Command=/home/users/mschpc/2019/zuoy/HPC/NeuralNetwork/sequential/scripts/script_HJBLQ_d300_b1.sh
   WorkDir=/home/users/mschpc/2019/zuoy/HPC/NeuralNetwork/sequential
   StdErr=/home/users/mschpc/2019/zuoy/HPC/NeuralNetwork/sequential/output/slurm-20928.out
   StdIn=/dev/null
   StdOut=/home/users/mschpc/2019/zuoy/HPC/NeuralNetwork/sequential/output/slurm-20928.out
   Power=
   NtasksPerTRES:0


Disk quota details:
===================

Quota Type           Name  Filesystem     Usage in MB     Limit in MB    % Used
-------------------------------------------------------------------------------
USER                 zuoy       /home             103          51,200     0.20%

GROUP              mschpc   /projects             999          51,200     1.95%
GROUP          pi-dgolden   /projects               0          51,200     0.00%


SLURM Bank Statement:
=====================

User           Usage |        Account     Usage | Account Limit Available (CPU hrs)
---------- --------- + -------------- --------- + ------------- ---------
zuoy           5,540 |   HPC_21_01207     5,540 |       100,000    94,460


Acknowledgements:
=================

Note that usage of TCHPC Resources *must* be acknowledged in all publications.

Please see this page for details relevant to this cluster:

http://www.tchpc.tcd.ie/resources/acknowledgementpolicy

################################################################################
