Config data loaded successfully!
Dimension: 100
Total time: 0.3
Number of time intervals: 20
Learning rate: 0.0005
y_init_range: 0.3, 0.5
Number of neurons in each hidden layer of each subnet: 110, 110, 
Epochs: 4000
Batch size: 64
Sample size: 256
Logging frequency: 100
Model name: AllenCahn_serial_


Training:
Epoch:100
In training set, loss: 5.6026, Y0: 0.271228

Epoch:200
In training set, loss: 4.78763, Y0: 0.246167

Epoch:300
In training set, loss: 4.1627, Y0: 0.224233

Epoch:400
In training set, loss: 3.67975, Y0: 0.204964

Epoch:500
In training set, loss: 3.30419, Y0: 0.187988

Epoch:600
In training set, loss: 3.01064, Y0: 0.172997

Epoch:700
In training set, loss: 2.78022, Y0: 0.159735

Epoch:800
In training set, loss: 2.59867, Y0: 0.147985

Epoch:900
In training set, loss: 2.45515, Y0: 0.137563

Epoch:1000
In training set, loss: 2.34135, Y0: 0.12831

Epoch:1100
In training set, loss: 2.25083, Y0: 0.120087

Epoch:1200
In training set, loss: 2.1786, Y0: 0.112777

Epoch:1300
In training set, loss: 2.12079, Y0: 0.106273

Epoch:1400
In training set, loss: 2.07434, Y0: 0.100484

Epoch:1500
In training set, loss: 2.03687, Y0: 0.0953308

Epoch:1600
In training set, loss: 2.0065, Y0: 0.0907407

Epoch:1700
In training set, loss: 1.98175, Y0: 0.0866515

Epoch:1800
In training set, loss: 1.96147, Y0: 0.0830077

Epoch:1900
In training set, loss: 1.94472, Y0: 0.0797602

Epoch:2000
In training set, loss: 1.93078, Y0: 0.0768652

Epoch:2100
In training set, loss: 1.91907, Y0: 0.0742841

Epoch:2200
In training set, loss: 1.90914, Y0: 0.0719826

Epoch:2300
In training set, loss: 1.90062, Y0: 0.0699301

Epoch:2400
In training set, loss: 1.89322, Y0: 0.0680995

Epoch:2500
In training set, loss: 1.88672, Y0: 0.0664666

Epoch:2600
In training set, loss: 1.88094, Y0: 0.0650098

Epoch:2700
In training set, loss: 1.87573, Y0: 0.0637101

Epoch:2800
In training set, loss: 1.87097, Y0: 0.0625504

Epoch:2900
In training set, loss: 1.86658, Y0: 0.0615155

Epoch:3000
In training set, loss: 1.86249, Y0: 0.060592

Epoch:3100
In training set, loss: 1.85863, Y0: 0.0597676

Epoch:3200
In training set, loss: 1.85497, Y0: 0.0590317

Epoch:3300
In training set, loss: 1.85146, Y0: 0.0583748

Epoch:3400
In training set, loss: 1.84807, Y0: 0.0577882

Epoch:3500
In training set, loss: 1.84479, Y0: 0.0572644

Epoch:3600
In training set, loss: 1.84159, Y0: 0.0567966

Epoch:3700
In training set, loss: 1.83847, Y0: 0.0563787

Epoch:3800
In training set, loss: 1.8354, Y0: 0.0560054

Epoch:3900
In training set, loss: 1.83238, Y0: 0.0556718

Epoch:4000
In training set, loss: 1.8294, Y0: 0.0553736



###############################################################################
TCHPC Cluster: kelvin
Job 20933 (BSDE_job_1_procs) for User 'zuoy' in Account 'hpc_21_01207'
Finished at: Wed Nov 17 04:39:57 GMT 2021

Job efficiency estimates:
=========================

Job ID: 20933
Cluster: kelvin
User/Group: zuoy/zuoy
State: COMPLETED (exit code 0)
Nodes: 1
Cores per node: 12
CPU Utilized: 00:30:54
CPU Efficiency: 8.32% of 06:11:12 core-walltime
Job Wall-clock time: 00:30:56
Memory Utilized: 10.00 MB
Memory Efficiency: 0.04% of 22.46 GB

Job completion status:
======================

       JobID    JobName AllocCPUS NTasks NNodes     MaxRSS    MaxRSSNode  MaxDiskRead MaxDiskWrite    Elapsed      State ExitCode 
------------ ---------- --------- ------ ------ ---------- ------------- ------------ ------------ ---------- ---------- -------- 
20933        BSDE_job_+        12             1                                                      00:30:56  COMPLETED      0:0 
20933.batch       batch        12      1      1        10M   kelvin-n079        0.87M        0.01M   00:30:56  COMPLETED      0:0 


Job details:
============

JobId=20933 JobName=BSDE_job_1_procs
   UserId=zuoy(1582) GroupId=zuoy(1252) MCS_label=N/A
   Priority=11883849 Nice=0 Account=hpc_21_01207 QOS=normal
   JobState=COMPLETING Reason=None Dependency=(null)
   Requeue=0 Restarts=0 BatchFlag=1 Reboot=0 ExitCode=0:0
   DerivedExitCode=0:0
   RunTime=00:30:56 TimeLimit=2-23:00:00 TimeMin=N/A
   SubmitTime=2021-11-17T01:48:44 EligibleTime=2021-11-17T01:48:44
   AccrueTime=2021-11-17T01:48:44
   StartTime=2021-11-17T04:09:01 EndTime=2021-11-17T04:39:57 Deadline=N/A
   SuspendTime=None SecsPreSuspend=0 LastSchedEval=2021-11-17T04:09:01
   Partition=compute AllocNode:Sid=kelvin01:7052
   ReqNodeList=(null) ExcNodeList=(null)
   NodeList=
   BatchHost=kelvin-n079
   NumNodes=1 NumCPUs=12 NumTasks=1 CPUs/Task=1 ReqB:S:C:T=0:0:*:*
   TRES=cpu=12,mem=23000M,node=1,billing=12
   Socks/Node=* NtasksPerN:B:S:C=0:0:*:* CoreSpec=*
   JOB_GRES=(null)
     Nodes=kelvin-n079 CPU_IDs=0-11 Mem=23000 GRES=
   MinCPUsNode=1 MinMemoryNode=23000M MinTmpDiskNode=0
   Features=(null) DelayBoot=00:00:00
   OverSubscribe=NO Contiguous=0 Licenses=(null) Network=(null)
   Command=/home/users/mschpc/2019/zuoy/HPC/NeuralNetwork/sequential/scripts/script_AllenCahn_d100_b64.sh
   WorkDir=/home/users/mschpc/2019/zuoy/HPC/NeuralNetwork/sequential
   StdErr=/home/users/mschpc/2019/zuoy/HPC/NeuralNetwork/sequential/output/slurm-20933.out
   StdIn=/dev/null
   StdOut=/home/users/mschpc/2019/zuoy/HPC/NeuralNetwork/sequential/output/slurm-20933.out
   Power=
   NtasksPerTRES:0


Disk quota details:
===================

Quota Type           Name  Filesystem     Usage in MB     Limit in MB    % Used
-------------------------------------------------------------------------------
USER                 zuoy       /home             102          51,200     0.20%

GROUP              mschpc   /projects             999          51,200     1.95%
GROUP          pi-dgolden   /projects               0          51,200     0.00%


SLURM Bank Statement:
=====================

User           Usage |        Account     Usage | Account Limit Available (CPU hrs)
---------- --------- + -------------- --------- + ------------- ---------
zuoy           5,454 |   HPC_21_01207     5,454 |       100,000    94,546


Acknowledgements:
=================

Note that usage of TCHPC Resources *must* be acknowledged in all publications.

Please see this page for details relevant to this cluster:

http://www.tchpc.tcd.ie/resources/acknowledgementpolicy

################################################################################
