Config data loaded successfully!
Dimension: 200
Total time: 1
Number of time intervals: 20
Learning rate: 0.01
y_init_range: 0, 1
Number of neurons in each hidden layer of each subnet: 110, 110, 
Epochs: 3000
Batch size: 256
Sample size: 256
Logging frequency: 100
Model name: HJBLQ_serial_


Training:
Epoch:100
In training set, loss: 433.728, Y0: 3.24294

Epoch:200
In training set, loss: 63.6634, Y0: 4.34234

Epoch:300
In training set, loss: 21.1375, Y0: 4.71685

Epoch:400
In training set, loss: 14.6748, Y0: 4.8521

Epoch:500
In training set, loss: 12.4029, Y0: 4.90811

Epoch:600
In training set, loss: 10.8586, Y0: 4.93708

Epoch:700
In training set, loss: 9.61618, Y0: 4.95614

Epoch:800
In training set, loss: 8.58562, Y0: 4.97102

Epoch:900
In training set, loss: 7.72236, Y0: 4.98371

Epoch:1000
In training set, loss: 6.99423, Y0: 4.99497

Epoch:1100
In training set, loss: 6.37599, Y0: 5.00514

Epoch:1200
In training set, loss: 5.84764, Y0: 5.01442

Epoch:1300
In training set, loss: 5.39314, Y0: 5.02291

Epoch:1400
In training set, loss: 4.9997, Y0: 5.03073

Epoch:1500
In training set, loss: 4.65697, Y0: 5.03795

Epoch:1600
In training set, loss: 4.35661, Y0: 5.04464

Epoch:1700
In training set, loss: 4.09185, Y0: 5.05086

Epoch:1800
In training set, loss: 3.85716, Y0: 5.05664

Epoch:1900
In training set, loss: 3.64802, Y0: 5.06204

Epoch:2000
In training set, loss: 3.46072, Y0: 5.0671

Epoch:2100
In training set, loss: 3.29216, Y0: 5.07184

Epoch:2200
In training set, loss: 3.1398, Y0: 5.07629

Epoch:2300
In training set, loss: 3.0015, Y0: 5.08049

Epoch:2400
In training set, loss: 2.87546, Y0: 5.08444

Epoch:2500
In training set, loss: 2.76018, Y0: 5.08818

Epoch:2600
In training set, loss: 2.65437, Y0: 5.09172

Epoch:2700
In training set, loss: 2.55692, Y0: 5.09507

Epoch:2800
In training set, loss: 2.46694, Y0: 5.09826

Epoch:2900
In training set, loss: 2.38358, Y0: 5.10128

Epoch:3000
In training set, loss: 2.30616, Y0: 5.10416



###############################################################################
TCHPC Cluster: kelvin
Job 21084 (BSDE_job_1_procs) for User 'zuoy' in Account 'hpc_21_01207'
Finished at: Wed Nov 17 17:50:15 GMT 2021

Job efficiency estimates:
=========================

Job ID: 21084
Cluster: kelvin
User/Group: zuoy/zuoy
State: COMPLETED (exit code 0)
Nodes: 1
Cores per node: 12
CPU Utilized: 00:37:09
CPU Efficiency: 8.33% of 07:26:00 core-walltime
Job Wall-clock time: 00:37:10
Memory Utilized: 17.21 MB
Memory Efficiency: 0.07% of 22.46 GB

Job completion status:
======================

       JobID    JobName AllocCPUS NTasks NNodes     MaxRSS    MaxRSSNode  MaxDiskRead MaxDiskWrite    Elapsed      State ExitCode 
------------ ---------- --------- ------ ------ ---------- ------------- ------------ ------------ ---------- ---------- -------- 
21084        BSDE_job_+        12             1                                                      00:37:10  COMPLETED      0:0 
21084.batch       batch        12      1      1     17628K   kelvin-n077        0.85M        0.01M   00:37:10  COMPLETED      0:0 


Job details:
============

JobId=21084 JobName=BSDE_job_1_procs
   UserId=zuoy(1582) GroupId=zuoy(1252) MCS_label=N/A
   Priority=11789783 Nice=0 Account=hpc_21_01207 QOS=normal
   JobState=COMPLETING Reason=None Dependency=(null)
   Requeue=0 Restarts=0 BatchFlag=1 Reboot=0 ExitCode=0:0
   DerivedExitCode=0:0
   RunTime=00:37:10 TimeLimit=2-23:00:00 TimeMin=N/A
   SubmitTime=2021-11-17T16:11:36 EligibleTime=2021-11-17T16:11:36
   AccrueTime=2021-11-17T16:11:36
   StartTime=2021-11-17T17:13:05 EndTime=2021-11-17T17:50:15 Deadline=N/A
   SuspendTime=None SecsPreSuspend=0 LastSchedEval=2021-11-17T17:13:05
   Partition=compute AllocNode:Sid=kelvin01:6446
   ReqNodeList=(null) ExcNodeList=(null)
   NodeList=
   BatchHost=kelvin-n077
   NumNodes=1 NumCPUs=12 NumTasks=1 CPUs/Task=1 ReqB:S:C:T=0:0:*:*
   TRES=cpu=12,mem=23000M,node=1,billing=12
   Socks/Node=* NtasksPerN:B:S:C=0:0:*:* CoreSpec=*
   JOB_GRES=(null)
     Nodes=kelvin-n077 CPU_IDs=0-11 Mem=23000 GRES=
   MinCPUsNode=1 MinMemoryNode=23000M MinTmpDiskNode=0
   Features=(null) DelayBoot=00:00:00
   OverSubscribe=NO Contiguous=0 Licenses=(null) Network=(null)
   Command=/home/users/mschpc/2019/zuoy/HPC/NeuralNetwork/sequential/scripts/script_HJBLQ_d200_b256.sh
   WorkDir=/home/users/mschpc/2019/zuoy/HPC/NeuralNetwork/sequential
   StdErr=/home/users/mschpc/2019/zuoy/HPC/NeuralNetwork/sequential/output/slurm-21084.out
   StdIn=/dev/null
   StdOut=/home/users/mschpc/2019/zuoy/HPC/NeuralNetwork/sequential/output/slurm-21084.out
   Power=
   NtasksPerTRES:0


Disk quota details:
===================

Quota Type           Name  Filesystem     Usage in MB     Limit in MB    % Used
-------------------------------------------------------------------------------
USER                 zuoy       /home             105          51,200     0.21%

GROUP              mschpc   /projects             999          51,200     1.95%
GROUP          pi-dgolden   /projects               0          51,200     0.00%


SLURM Bank Statement:
=====================

User           Usage |        Account     Usage | Account Limit Available (CPU hrs)
---------- --------- + -------------- --------- + ------------- ---------
zuoy           6,307 |   HPC_21_01207     6,307 |       100,000    93,693


Acknowledgements:
=================

Note that usage of TCHPC Resources *must* be acknowledged in all publications.

Please see this page for details relevant to this cluster:

http://www.tchpc.tcd.ie/resources/acknowledgementpolicy

################################################################################
