Config data loaded successfully!
Dimension: 100
Total time: 0.3
Number of time intervals: 20
Learning rate: 0.0005
y_init_range: 0.3, 0.5
Number of neurons in each hidden layer of each subnet: 110, 110, 
Epochs: 4000
Batch size: 1
Sample size: 256
Logging frequency: 100
Model name: AllenCahn_serial_


Training:
Epoch:100
In training set, loss: 1.87838, Y0: 0.0715546

Epoch:200
In training set, loss: 1.67753, Y0: 0.0714372

Epoch:300
In training set, loss: 1.52636, Y0: 0.0713769

Epoch:400
In training set, loss: 1.40998, Y0: 0.0712662

Epoch:500
In training set, loss: 1.31836, Y0: 0.0711263

Epoch:600
In training set, loss: 1.24468, Y0: 0.0709703

Epoch:700
In training set, loss: 1.18416, Y0: 0.0708067

Epoch:800
In training set, loss: 1.13347, Y0: 0.0706418

Epoch:900
In training set, loss: 1.09024, Y0: 0.0704794

Epoch:1000
In training set, loss: 1.05274, Y0: 0.0703217

Epoch:1100
In training set, loss: 1.01973, Y0: 0.0701702

Epoch:1200
In training set, loss: 0.990295, Y0: 0.0700254

Epoch:1300
In training set, loss: 0.963722, Y0: 0.0698876

Epoch:1400
In training set, loss: 0.939485, Y0: 0.0697565

Epoch:1500
In training set, loss: 0.917177, Y0: 0.0696325

Epoch:1600
In training set, loss: 0.896492, Y0: 0.0695152

Epoch:1700
In training set, loss: 0.877179, Y0: 0.0694043

Epoch:1800
In training set, loss: 0.859041, Y0: 0.0692993

Epoch:1900
In training set, loss: 0.841921, Y0: 0.0691999

Epoch:2000
In training set, loss: 0.825687, Y0: 0.0691057

Epoch:2100
In training set, loss: 0.810232, Y0: 0.0690165

Epoch:2200
In training set, loss: 0.795473, Y0: 0.0689316

Epoch:2300
In training set, loss: 0.781335, Y0: 0.0688515

Epoch:2400
In training set, loss: 0.767755, Y0: 0.0687749

Epoch:2500
In training set, loss: 0.754675, Y0: 0.0687024

Epoch:2600
In training set, loss: 0.742054, Y0: 0.0686337

Epoch:2700
In training set, loss: 0.729852, Y0: 0.068568

Epoch:2800
In training set, loss: 0.718034, Y0: 0.0685054

Epoch:2900
In training set, loss: 0.706573, Y0: 0.068446

Epoch:3000
In training set, loss: 0.695443, Y0: 0.068389

Epoch:3100
In training set, loss: 0.684622, Y0: 0.0683344

Epoch:3200
In training set, loss: 0.674086, Y0: 0.0682819

Epoch:3300
In training set, loss: 0.663819, Y0: 0.0682318

Epoch:3400
In training set, loss: 0.653805, Y0: 0.068184

Epoch:3500
In training set, loss: 0.64403, Y0: 0.0681379

Epoch:3600
In training set, loss: 0.634481, Y0: 0.0680935

Epoch:3700
In training set, loss: 0.625147, Y0: 0.068051

Epoch:3800
In training set, loss: 0.616017, Y0: 0.0680099

Epoch:3900
In training set, loss: 0.607081, Y0: 0.0679706

Epoch:4000
In training set, loss: 0.598331, Y0: 0.0679325



###############################################################################
TCHPC Cluster: kelvin
Job 21564 (BSDE_job_1_procs) for User 'zuoy' in Account 'hpc_21_01207'
Finished at: Fri Nov 19 05:40:39 GMT 2021

Job efficiency estimates:
=========================

Job ID: 21564
Cluster: kelvin
User/Group: zuoy/zuoy
State: COMPLETED (exit code 0)
Nodes: 1
Cores per node: 12
CPU Utilized: 00:43:38
CPU Efficiency: 8.33% of 08:44:00 core-walltime
Job Wall-clock time: 00:43:40
Memory Utilized: 9.96 MB
Memory Efficiency: 0.04% of 22.46 GB

Job completion status:
======================

       JobID    JobName AllocCPUS NTasks NNodes     MaxRSS    MaxRSSNode  MaxDiskRead MaxDiskWrite    Elapsed      State ExitCode 
------------ ---------- --------- ------ ------ ---------- ------------- ------------ ------------ ---------- ---------- -------- 
21564        BSDE_job_+        12             1                                                      00:43:40  COMPLETED      0:0 
21564.batch       batch        12      1      1     10204K   kelvin-n059        0.85M        0.01M   00:43:40  COMPLETED      0:0 


Job details:
============

JobId=21564 JobName=BSDE_job_1_procs
   UserId=zuoy(1582) GroupId=zuoy(1252) MCS_label=N/A
   Priority=11131334 Nice=0 Account=hpc_21_01207 QOS=normal
   JobState=COMPLETING Reason=None Dependency=(null)
   Requeue=0 Restarts=0 BatchFlag=1 Reboot=0 ExitCode=0:0
   DerivedExitCode=0:0
   RunTime=00:43:40 TimeLimit=2-23:00:00 TimeMin=N/A
   SubmitTime=2021-11-19T02:03:02 EligibleTime=2021-11-19T02:03:02
   AccrueTime=2021-11-19T02:03:02
   StartTime=2021-11-19T04:56:59 EndTime=2021-11-19T05:40:39 Deadline=N/A
   SuspendTime=None SecsPreSuspend=0 LastSchedEval=2021-11-19T04:56:59
   Partition=compute AllocNode:Sid=kelvin01:10771
   ReqNodeList=(null) ExcNodeList=(null)
   NodeList=
   BatchHost=kelvin-n059
   NumNodes=1 NumCPUs=12 NumTasks=1 CPUs/Task=1 ReqB:S:C:T=0:0:*:*
   TRES=cpu=12,mem=23000M,node=1,billing=12
   Socks/Node=* NtasksPerN:B:S:C=0:0:*:* CoreSpec=*
   JOB_GRES=(null)
     Nodes=kelvin-n059 CPU_IDs=0-11 Mem=23000 GRES=
   MinCPUsNode=1 MinMemoryNode=23000M MinTmpDiskNode=0
   Features=(null) DelayBoot=00:00:00
   OverSubscribe=NO Contiguous=0 Licenses=(null) Network=(null)
   Command=/home/users/mschpc/2019/zuoy/HPC/NeuralNetwork/sequential/scripts/script_AllenCahn_d100_b1.sh
   WorkDir=/home/users/mschpc/2019/zuoy/HPC/NeuralNetwork/sequential
   StdErr=/home/users/mschpc/2019/zuoy/HPC/NeuralNetwork/sequential/output/slurm-21564.out
   StdIn=/dev/null
   StdOut=/home/users/mschpc/2019/zuoy/HPC/NeuralNetwork/sequential/output/slurm-21564.out
   Power=
   NtasksPerTRES:0


Disk quota details:
===================

Quota Type           Name  Filesystem     Usage in MB     Limit in MB    % Used
-------------------------------------------------------------------------------
USER                 zuoy       /home             108          51,200     0.21%

GROUP              mschpc   /projects             999          51,200     1.95%
GROUP          pi-dgolden   /projects               0          51,200     0.00%


SLURM Bank Statement:
=====================

User           Usage |        Account     Usage | Account Limit Available (CPU hrs)
---------- --------- + -------------- --------- + ------------- ---------
zuoy          10,142 |   HPC_21_01207    10,142 |       100,000    89,858


Acknowledgements:
=================

Note that usage of TCHPC Resources *must* be acknowledged in all publications.

Please see this page for details relevant to this cluster:

http://www.tchpc.tcd.ie/resources/acknowledgementpolicy

################################################################################
