Config data loaded successfully!
Dimension: 100
Total time: 1
Number of time intervals: 40
Learning rate: 0.01
y_init_range: 40, 50
Number of neurons in each hidden layer of each subnet: 110, 110, 
Epochs: 1000
Batch size: 64
Sample size: 256
Logging frequency: 100
Model name: pricing_default_risk_serial_


Training:
Epoch:100
In training set, loss: 3042.08, Y0: 56.1909

Epoch:200
In training set, loss: 2803.42, Y0: 56.5697

Epoch:300
In training set, loss: 2622.91, Y0: 56.5674

Epoch:400
In training set, loss: 2472.64, Y0: 56.5563

Epoch:500
In training set, loss: 2345.11, Y0: 56.5462

Epoch:600
In training set, loss: 2235.52, Y0: 56.5374

Epoch:700
In training set, loss: 2140.51, Y0: 56.5294

Epoch:800
In training set, loss: 2056.58, Y0: 56.5224

Epoch:900
In training set, loss: 1982.09, Y0: 56.5161

Epoch:1000
In training set, loss: 1914.91, Y0: 56.5103



###############################################################################
TCHPC Cluster: kelvin
Job 21532 (BSDE_job_1_procs) for User 'zuoy' in Account 'hpc_21_01207'
Finished at: Fri Nov 19 03:40:23 GMT 2021

Job efficiency estimates:
=========================

Job ID: 21532
Cluster: kelvin
User/Group: zuoy/zuoy
State: COMPLETED (exit code 0)
Nodes: 1
Cores per node: 12
CPU Utilized: 00:29:55
CPU Efficiency: 8.33% of 05:59:12 core-walltime
Job Wall-clock time: 00:29:56
Memory Utilized: 19.57 MB
Memory Efficiency: 0.09% of 22.46 GB

Job completion status:
======================

       JobID    JobName AllocCPUS NTasks NNodes     MaxRSS    MaxRSSNode  MaxDiskRead MaxDiskWrite    Elapsed      State ExitCode 
------------ ---------- --------- ------ ------ ---------- ------------- ------------ ------------ ---------- ---------- -------- 
21532        BSDE_job_+        12             1                                                      00:29:56  COMPLETED      0:0 
21532.batch       batch        12      1      1     20044K   kelvin-n059        0.85M        0.01M   00:29:56  COMPLETED      0:0 


Job details:
============

JobId=21532 JobName=BSDE_job_1_procs
   UserId=zuoy(1582) GroupId=zuoy(1252) MCS_label=N/A
   Priority=11115734 Nice=0 Account=hpc_21_01207 QOS=normal
   JobState=COMPLETING Reason=None Dependency=(null)
   Requeue=0 Restarts=0 BatchFlag=1 Reboot=0 ExitCode=0:0
   DerivedExitCode=0:0
   RunTime=00:29:56 TimeLimit=2-23:00:00 TimeMin=N/A
   SubmitTime=2021-11-19T00:47:29 EligibleTime=2021-11-19T00:47:29
   AccrueTime=2021-11-19T00:47:29
   StartTime=2021-11-19T03:10:26 EndTime=2021-11-19T03:40:22 Deadline=N/A
   SuspendTime=None SecsPreSuspend=0 LastSchedEval=2021-11-19T03:10:26
   Partition=compute AllocNode:Sid=kelvin01:10771
   ReqNodeList=(null) ExcNodeList=(null)
   NodeList=
   BatchHost=kelvin-n059
   NumNodes=1 NumCPUs=12 NumTasks=1 CPUs/Task=1 ReqB:S:C:T=0:0:*:*
   TRES=cpu=12,mem=23000M,node=1,billing=12
   Socks/Node=* NtasksPerN:B:S:C=0:0:*:* CoreSpec=*
   JOB_GRES=(null)
     Nodes=kelvin-n059 CPU_IDs=0-11 Mem=23000 GRES=
   MinCPUsNode=1 MinMemoryNode=23000M MinTmpDiskNode=0
   Features=(null) DelayBoot=00:00:00
   OverSubscribe=NO Contiguous=0 Licenses=(null) Network=(null)
   Command=/home/users/mschpc/2019/zuoy/HPC/NeuralNetwork/sequential/scripts/script_PricingDefaultRisk_d100_b64.sh
   WorkDir=/home/users/mschpc/2019/zuoy/HPC/NeuralNetwork/sequential
   StdErr=/home/users/mschpc/2019/zuoy/HPC/NeuralNetwork/sequential/output/slurm-21532.out
   StdIn=/dev/null
   StdOut=/home/users/mschpc/2019/zuoy/HPC/NeuralNetwork/sequential/output/slurm-21532.out
   Power=
   NtasksPerTRES:0


Disk quota details:
===================

Quota Type           Name  Filesystem     Usage in MB     Limit in MB    % Used
-------------------------------------------------------------------------------
USER                 zuoy       /home             107          51,200     0.21%

GROUP              mschpc   /projects             999          51,200     1.95%
GROUP          pi-dgolden   /projects               0          51,200     0.00%


SLURM Bank Statement:
=====================

User           Usage |        Account     Usage | Account Limit Available (CPU hrs)
---------- --------- + -------------- --------- + ------------- ---------
zuoy           9,800 |   HPC_21_01207     9,800 |       100,000    90,200


Acknowledgements:
=================

Note that usage of TCHPC Resources *must* be acknowledged in all publications.

Please see this page for details relevant to this cluster:

http://www.tchpc.tcd.ie/resources/acknowledgementpolicy

################################################################################
