Config data loaded successfully!
Dimension: 100
Total time: 0.3
Number of time intervals: 20
Learning rate: 0.0005
y_init_range: 0.3, 0.5
Number of neurons in each hidden layer of each subnet: 110, 110, 
Epochs: 4000
Batch size: 16
Sample size: 256
Logging frequency: 100
Model name: AllenCahn_serial_


Training:
Epoch:100
In training set, loss: 3.67068, Y0: 0.202534

Epoch:200
In training set, loss: 2.53375, Y0: 0.144303

Epoch:300
In training set, loss: 2.09397, Y0: 0.108398

Epoch:400
In training set, loss: 1.91455, Y0: 0.0859688

Epoch:500
In training set, loss: 1.83607, Y0: 0.0718738

Epoch:600
In training set, loss: 1.79747, Y0: 0.0629916

Epoch:700
In training set, loss: 1.77485, Y0: 0.0573875

Epoch:800
In training set, loss: 1.75873, Y0: 0.0538507

Epoch:900
In training set, loss: 1.74536, Y0: 0.0516197

Epoch:1000
In training set, loss: 1.73323, Y0: 0.0502142

Epoch:1100
In training set, loss: 1.72172, Y0: 0.0493309

Epoch:1200
In training set, loss: 1.71059, Y0: 0.048778

Epoch:1300
In training set, loss: 1.69975, Y0: 0.0484341

Epoch:1400
In training set, loss: 1.68914, Y0: 0.0482225

Epoch:1500
In training set, loss: 1.67875, Y0: 0.0480945

Epoch:1600
In training set, loss: 1.66856, Y0: 0.0480193

Epoch:1700
In training set, loss: 1.65857, Y0: 0.0479775

Epoch:1800
In training set, loss: 1.64877, Y0: 0.0479566

Epoch:1900
In training set, loss: 1.63916, Y0: 0.047949

Epoch:2000
In training set, loss: 1.62973, Y0: 0.0479497

Epoch:2100
In training set, loss: 1.62048, Y0: 0.0479553

Epoch:2200
In training set, loss: 1.6114, Y0: 0.047964

Epoch:2300
In training set, loss: 1.60249, Y0: 0.0479747

Epoch:2400
In training set, loss: 1.59374, Y0: 0.0479863

Epoch:2500
In training set, loss: 1.58516, Y0: 0.0479986

Epoch:2600
In training set, loss: 1.57673, Y0: 0.048011

Epoch:2700
In training set, loss: 1.56846, Y0: 0.0480234

Epoch:2800
In training set, loss: 1.56034, Y0: 0.0480356

Epoch:2900
In training set, loss: 1.55236, Y0: 0.0480477

Epoch:3000
In training set, loss: 1.54453, Y0: 0.0480599

Epoch:3100
In training set, loss: 1.53683, Y0: 0.0480715

Epoch:3200
In training set, loss: 1.52928, Y0: 0.0480829

Epoch:3300
In training set, loss: 1.52186, Y0: 0.0480942

Epoch:3400
In training set, loss: 1.51456, Y0: 0.0481052

Epoch:3500
In training set, loss: 1.5074, Y0: 0.048116

Epoch:3600
In training set, loss: 1.50036, Y0: 0.0481265

Epoch:3700
In training set, loss: 1.49344, Y0: 0.0481368

Epoch:3800
In training set, loss: 1.48665, Y0: 0.0481469

Epoch:3900
In training set, loss: 1.47997, Y0: 0.0481565

Epoch:4000
In training set, loss: 1.4734, Y0: 0.048166



###############################################################################
TCHPC Cluster: kelvin
Job 21650 (BSDE_job_1_procs) for User 'zuoy' in Account 'hpc_21_01207'
Finished at: Fri Nov 19 15:01:41 GMT 2021

Job efficiency estimates:
=========================

Job ID: 21650
Cluster: kelvin
User/Group: zuoy/zuoy
State: COMPLETED (exit code 0)
Nodes: 1
Cores per node: 12
CPU Utilized: 00:31:29
CPU Efficiency: 8.32% of 06:18:12 core-walltime
Job Wall-clock time: 00:31:31
Memory Utilized: 9.96 MB
Memory Efficiency: 0.04% of 22.46 GB

Job completion status:
======================

       JobID    JobName AllocCPUS NTasks NNodes     MaxRSS    MaxRSSNode  MaxDiskRead MaxDiskWrite    Elapsed      State ExitCode 
------------ ---------- --------- ------ ------ ---------- ------------- ------------ ------------ ---------- ---------- -------- 
21650        BSDE_job_+        12             1                                                      00:31:31  COMPLETED      0:0 
21650.batch       batch        12      1      1     10200K   kelvin-n063        0.85M        0.01M   00:31:31  COMPLETED      0:0 


Job details:
============

JobId=21650 JobName=BSDE_job_1_procs
   UserId=zuoy(1582) GroupId=zuoy(1252) MCS_label=N/A
   Priority=11068975 Nice=0 Account=hpc_21_01207 QOS=normal
   JobState=COMPLETING Reason=None Dependency=(null)
   Requeue=0 Restarts=0 BatchFlag=1 Reboot=0 ExitCode=0:0
   DerivedExitCode=0:0
   RunTime=00:31:31 TimeLimit=2-23:00:00 TimeMin=N/A
   SubmitTime=2021-11-19T13:41:45 EligibleTime=2021-11-19T13:41:45
   AccrueTime=2021-11-19T13:41:45
   StartTime=2021-11-19T14:30:10 EndTime=2021-11-19T15:01:41 Deadline=N/A
   SuspendTime=None SecsPreSuspend=0 LastSchedEval=2021-11-19T14:30:10
   Partition=compute AllocNode:Sid=kelvin01:22213
   ReqNodeList=(null) ExcNodeList=(null)
   NodeList=
   BatchHost=kelvin-n063
   NumNodes=1 NumCPUs=12 NumTasks=1 CPUs/Task=1 ReqB:S:C:T=0:0:*:*
   TRES=cpu=12,mem=23000M,node=1,billing=12
   Socks/Node=* NtasksPerN:B:S:C=0:0:*:* CoreSpec=*
   JOB_GRES=(null)
     Nodes=kelvin-n063 CPU_IDs=0-11 Mem=23000 GRES=
   MinCPUsNode=1 MinMemoryNode=23000M MinTmpDiskNode=0
   Features=(null) DelayBoot=00:00:00
   OverSubscribe=NO Contiguous=0 Licenses=(null) Network=(null)
   Command=/home/users/mschpc/2019/zuoy/HPC/NeuralNetwork/sequential/scripts/script_AllenCahn_d100_b64.sh
   WorkDir=/home/users/mschpc/2019/zuoy/HPC/NeuralNetwork/sequential
   StdErr=/home/users/mschpc/2019/zuoy/HPC/NeuralNetwork/sequential/output/slurm-21650.out
   StdIn=/dev/null
   StdOut=/home/users/mschpc/2019/zuoy/HPC/NeuralNetwork/sequential/output/slurm-21650.out
   Power=
   NtasksPerTRES:0


Disk quota details:
===================

Quota Type           Name  Filesystem     Usage in MB     Limit in MB    % Used
-------------------------------------------------------------------------------
USER                 zuoy       /home             109          51,200     0.21%

GROUP              mschpc   /projects             999          51,200     1.95%
GROUP          pi-dgolden   /projects               0          51,200     0.00%


SLURM Bank Statement:
=====================

User           Usage |        Account     Usage | Account Limit Available (CPU hrs)
---------- --------- + -------------- --------- + ------------- ---------
zuoy          10,529 |   HPC_21_01207    10,529 |       100,000    89,471


Acknowledgements:
=================

Note that usage of TCHPC Resources *must* be acknowledged in all publications.

Please see this page for details relevant to this cluster:

http://www.tchpc.tcd.ie/resources/acknowledgementpolicy

################################################################################
