Config data loaded successfully!
Dimension: 100
Total time: 1
Number of time intervals: 40
Learning rate: 0.01
y_init_range: 40, 50
Number of neurons in each hidden layer of each subnet: 110, 110, 
Epochs: 1000
Batch size: 256
Sample size: 256
Logging frequency: 100
Model name: pricing_default_risk_serial_


Training:
Epoch:100
In training set, loss: 8121.13, Y0: 50.3016

Epoch:200
In training set, loss: 4270.76, Y0: 54.1364

Epoch:300
In training set, loss: 3614.69, Y0: 55.6523

Epoch:400
In training set, loss: 3447.35, Y0: 56.2609

Epoch:500
In training set, loss: 3361.85, Y0: 56.5088

Epoch:600
In training set, loss: 3292.22, Y0: 56.6124

Epoch:700
In training set, loss: 3229.01, Y0: 56.6582

Epoch:800
In training set, loss: 3169.51, Y0: 56.6806

Epoch:900
In training set, loss: 3113.3, Y0: 56.6936

Epoch:1000
In training set, loss: 3059.94, Y0: 56.7028



###############################################################################
TCHPC Cluster: kelvin
Job 21534 (BSDE_job_1_procs) for User 'zuoy' in Account 'hpc_21_01207'
Finished at: Fri Nov 19 03:41:16 GMT 2021

Job efficiency estimates:
=========================

Job ID: 21534
Cluster: kelvin
User/Group: zuoy/zuoy
State: COMPLETED (exit code 0)
Nodes: 1
Cores per node: 12
CPU Utilized: 00:29:19
CPU Efficiency: 8.33% of 05:52:00 core-walltime
Job Wall-clock time: 00:29:20
Memory Utilized: 19.59 MB
Memory Efficiency: 0.09% of 22.46 GB

Job completion status:
======================

       JobID    JobName AllocCPUS NTasks NNodes     MaxRSS    MaxRSSNode  MaxDiskRead MaxDiskWrite    Elapsed      State ExitCode 
------------ ---------- --------- ------ ------ ---------- ------------- ------------ ------------ ---------- ---------- -------- 
21534        BSDE_job_+        12             1                                                      00:29:20  COMPLETED      0:0 
21534.batch       batch        12      1      1     20064K   kelvin-n075        0.85M        0.01M   00:29:20  COMPLETED      0:0 


Job details:
============

JobId=21534 JobName=BSDE_job_1_procs
   UserId=zuoy(1582) GroupId=zuoy(1252) MCS_label=N/A
   Priority=11116726 Nice=0 Account=hpc_21_01207 QOS=normal
   JobState=COMPLETING Reason=None Dependency=(null)
   Requeue=0 Restarts=0 BatchFlag=1 Reboot=0 ExitCode=0:0
   DerivedExitCode=0:0
   RunTime=00:29:20 TimeLimit=2-23:00:00 TimeMin=N/A
   SubmitTime=2021-11-19T00:47:29 EligibleTime=2021-11-19T00:47:29
   AccrueTime=2021-11-19T00:47:29
   StartTime=2021-11-19T03:11:56 EndTime=2021-11-19T03:41:16 Deadline=N/A
   SuspendTime=None SecsPreSuspend=0 LastSchedEval=2021-11-19T03:11:56
   Partition=compute AllocNode:Sid=kelvin01:10771
   ReqNodeList=(null) ExcNodeList=(null)
   NodeList=
   BatchHost=kelvin-n075
   NumNodes=1 NumCPUs=12 NumTasks=1 CPUs/Task=1 ReqB:S:C:T=0:0:*:*
   TRES=cpu=12,mem=23000M,node=1,billing=12
   Socks/Node=* NtasksPerN:B:S:C=0:0:*:* CoreSpec=*
   JOB_GRES=(null)
     Nodes=kelvin-n075 CPU_IDs=0-11 Mem=23000 GRES=
   MinCPUsNode=1 MinMemoryNode=23000M MinTmpDiskNode=0
   Features=(null) DelayBoot=00:00:00
   OverSubscribe=NO Contiguous=0 Licenses=(null) Network=(null)
   Command=/home/users/mschpc/2019/zuoy/HPC/NeuralNetwork/sequential/scripts/script_PricingDefaultRisk_d100_b256.sh
   WorkDir=/home/users/mschpc/2019/zuoy/HPC/NeuralNetwork/sequential
   StdErr=/home/users/mschpc/2019/zuoy/HPC/NeuralNetwork/sequential/output/slurm-21534.out
   StdIn=/dev/null
   StdOut=/home/users/mschpc/2019/zuoy/HPC/NeuralNetwork/sequential/output/slurm-21534.out
   Power=
   NtasksPerTRES:0


Disk quota details:
===================

Quota Type           Name  Filesystem     Usage in MB     Limit in MB    % Used
-------------------------------------------------------------------------------
USER                 zuoy       /home             107          51,200     0.21%

GROUP              mschpc   /projects             999          51,200     1.95%
GROUP          pi-dgolden   /projects               0          51,200     0.00%


SLURM Bank Statement:
=====================

User           Usage |        Account     Usage | Account Limit Available (CPU hrs)
---------- --------- + -------------- --------- + ------------- ---------
zuoy           9,803 |   HPC_21_01207     9,803 |       100,000    90,197


Acknowledgements:
=================

Note that usage of TCHPC Resources *must* be acknowledged in all publications.

Please see this page for details relevant to this cluster:

http://www.tchpc.tcd.ie/resources/acknowledgementpolicy

################################################################################
