Config data loaded successfully!
Dimension: 100
Total time: 0.2
Number of time intervals: 20
Learning rate: 0.0005
y_init_range: 0.3, 0.5
Number of neurons in each hidden layer of each subnet: 110, 110, 
Epochs: 4000
Batch size: 1
Sample size: 1024
Logging frequency: 100
Model name: AllenCahn_serial_


Training:
Epoch:100
In training set, loss: 4.70663, Y0: 0.0655185

Epoch:200
In training set, loss: 4.18219, Y0: 0.065569

Epoch:300
In training set, loss: 3.89713, Y0: 0.065596

Epoch:400
In training set, loss: 3.72748, Y0: 0.065617

Epoch:500
In training set, loss: 3.61621, Y0: 0.0656375

Epoch:600
In training set, loss: 3.53578, Y0: 0.0656578

Epoch:700
In training set, loss: 3.47232, Y0: 0.0656784

Epoch:800
In training set, loss: 3.41858, Y0: 0.0656977

Epoch:900
In training set, loss: 3.37064, Y0: 0.0657163

Epoch:1000
In training set, loss: 3.32633, Y0: 0.065733

Epoch:1100
In training set, loss: 3.28439, Y0: 0.0657483

Epoch:1200
In training set, loss: 3.24411, Y0: 0.0657621

Epoch:1300
In training set, loss: 3.20506, Y0: 0.0657744

Epoch:1400
In training set, loss: 3.16697, Y0: 0.0657851

Epoch:1500
In training set, loss: 3.1297, Y0: 0.065795

Epoch:1600
In training set, loss: 3.09314, Y0: 0.0658036

Epoch:1700
In training set, loss: 3.05722, Y0: 0.0658111

Epoch:1800
In training set, loss: 3.02189, Y0: 0.0658175

Epoch:1900
In training set, loss: 2.98713, Y0: 0.0658234

Epoch:2000
In training set, loss: 2.95291, Y0: 0.0658287

Epoch:2100
In training set, loss: 2.91921, Y0: 0.0658333

Epoch:2200
In training set, loss: 2.88603, Y0: 0.0658378

Epoch:2300
In training set, loss: 2.85333, Y0: 0.0658418

Epoch:2400
In training set, loss: 2.82113, Y0: 0.0658453

Epoch:2500
In training set, loss: 2.78941, Y0: 0.0658486

Epoch:2600
In training set, loss: 2.75816, Y0: 0.0658518

Epoch:2700
In training set, loss: 2.72737, Y0: 0.0658545

Epoch:2800
In training set, loss: 2.69702, Y0: 0.0658572

Epoch:2900
In training set, loss: 2.66712, Y0: 0.0658596

Epoch:3000
In training set, loss: 2.63765, Y0: 0.0658621

Epoch:3100
In training set, loss: 2.60861, Y0: 0.0658643

Epoch:3200
In training set, loss: 2.57999, Y0: 0.0658663

Epoch:3300
In training set, loss: 2.55178, Y0: 0.0658686

Epoch:3400
In training set, loss: 2.52397, Y0: 0.0658705

Epoch:3500
In training set, loss: 2.49657, Y0: 0.0658724

Epoch:3600
In training set, loss: 2.46957, Y0: 0.0658744

Epoch:3700
In training set, loss: 2.44296, Y0: 0.0658763

Epoch:3800
In training set, loss: 2.41674, Y0: 0.0658783

Epoch:3900
In training set, loss: 2.39088, Y0: 0.0658801

Epoch:4000
In training set, loss: 2.36539, Y0: 0.0658821



###############################################################################
TCHPC Cluster: kelvin
Job 22174 (BSDE_job_1_procs) for User 'zuoy' in Account 'hpc_21_01207'
Finished at: Sat Nov 20 22:27:42 GMT 2021

Job efficiency estimates:
=========================

Job ID: 22174
Cluster: kelvin
User/Group: zuoy/zuoy
State: COMPLETED (exit code 0)
Nodes: 1
Cores per node: 12
CPU Utilized: 02:54:12
CPU Efficiency: 8.33% of 1-10:50:36 core-walltime
Job Wall-clock time: 02:54:13
Memory Utilized: 23.23 MB
Memory Efficiency: 0.10% of 22.46 GB

Job completion status:
======================

       JobID    JobName AllocCPUS NTasks NNodes     MaxRSS    MaxRSSNode  MaxDiskRead MaxDiskWrite    Elapsed      State ExitCode 
------------ ---------- --------- ------ ------ ---------- ------------- ------------ ------------ ---------- ---------- -------- 
22174        BSDE_job_+        12             1                                                      02:54:13  COMPLETED      0:0 
22174.batch       batch        12      1      1     23784K   kelvin-n091        0.85M        0.01M   02:54:13  COMPLETED      0:0 


Job details:
============

JobId=22174 JobName=BSDE_job_1_procs
   UserId=zuoy(1582) GroupId=zuoy(1252) MCS_label=N/A
   Priority=11217644 Nice=0 Account=hpc_21_01207 QOS=normal
   JobState=COMPLETING Reason=None Dependency=(null)
   Requeue=0 Restarts=0 BatchFlag=1 Reboot=0 ExitCode=0:0
   DerivedExitCode=0:0
   RunTime=02:54:13 TimeLimit=2-23:00:00 TimeMin=N/A
   SubmitTime=2021-11-20T13:45:02 EligibleTime=2021-11-20T13:45:02
   AccrueTime=2021-11-20T13:45:02
   StartTime=2021-11-20T19:33:29 EndTime=2021-11-20T22:27:42 Deadline=N/A
   SuspendTime=None SecsPreSuspend=0 LastSchedEval=2021-11-20T19:33:29
   Partition=compute AllocNode:Sid=kelvin01:20266
   ReqNodeList=(null) ExcNodeList=(null)
   NodeList=
   BatchHost=kelvin-n091
   NumNodes=1 NumCPUs=12 NumTasks=1 CPUs/Task=1 ReqB:S:C:T=0:0:*:*
   TRES=cpu=12,mem=23000M,node=1,billing=12
   Socks/Node=* NtasksPerN:B:S:C=0:0:*:* CoreSpec=*
   JOB_GRES=(null)
     Nodes=kelvin-n091 CPU_IDs=0-11 Mem=23000 GRES=
   MinCPUsNode=1 MinMemoryNode=23000M MinTmpDiskNode=0
   Features=(null) DelayBoot=00:00:00
   OverSubscribe=NO Contiguous=0 Licenses=(null) Network=(null)
   Command=/home/users/mschpc/2019/zuoy/HPC/NeuralNetwork/sequential/scripts/script_AllenCahn_d300_b1.sh
   WorkDir=/home/users/mschpc/2019/zuoy/HPC/NeuralNetwork/sequential
   StdErr=/home/users/mschpc/2019/zuoy/HPC/NeuralNetwork/sequential/output/slurm-22174.out
   StdIn=/dev/null
   StdOut=/home/users/mschpc/2019/zuoy/HPC/NeuralNetwork/sequential/output/slurm-22174.out
   Power=
   NtasksPerTRES:0


Disk quota details:
===================

Quota Type           Name  Filesystem     Usage in MB     Limit in MB    % Used
-------------------------------------------------------------------------------
USER                 zuoy       /home             118          51,200     0.23%

GROUP              mschpc   /projects             999          51,200     1.95%
GROUP          pi-dgolden   /projects               0          51,200     0.00%


SLURM Bank Statement:
=====================

User           Usage |        Account     Usage | Account Limit Available (CPU hrs)
---------- --------- + -------------- --------- + ------------- ---------
zuoy          14,585 |   HPC_21_01207    14,585 |       100,000    85,415


Acknowledgements:
=================

Note that usage of TCHPC Resources *must* be acknowledged in all publications.

Please see this page for details relevant to this cluster:

http://www.tchpc.tcd.ie/resources/acknowledgementpolicy

################################################################################
