Config data loaded successfully!
Dimension: 300
Total time: 1
Number of time intervals: 20
Learning rate: 0.01
y_init_range: 0, 1
Number of neurons in each hidden layer of each subnet: 110, 110, 
Epochs: 4000
Batch size: 16
Sample size: 16
Logging frequency: 100
Model name: HJBLQ_serial_


Training:
Epoch:100
In training set, loss: 2.96835, Y0: 2.29653

Epoch:200
In training set, loss: 0.120398, Y0: 2.50434

Epoch:300
In training set, loss: 0.0196991, Y0: 2.52542

Epoch:400
In training set, loss: 0.00389097, Y0: 2.52932

Epoch:500
In training set, loss: 0.000848157, Y0: 2.53059

Epoch:600
In training set, loss: 0.000206124, Y0: 2.53111

Epoch:700
In training set, loss: 5.57438e-05, Y0: 2.53134

Epoch:800
In training set, loss: 1.64446e-05, Y0: 2.53144

Epoch:900
In training set, loss: 5.15427e-06, Y0: 2.53148

Epoch:1000
In training set, loss: 1.67702e-06, Y0: 2.53151

Epoch:1100
In training set, loss: 5.60939e-07, Y0: 2.53151

Epoch:1200
In training set, loss: 1.90226e-07, Y0: 2.53151

Epoch:1300
In training set, loss: 6.53546e-08, Y0: 2.53151

Epoch:1400
In training set, loss: 2.21745e-08, Y0: 2.53151

Epoch:1500
In training set, loss: 7.675e-09, Y0: 2.53151

Epoch:1600
In training set, loss: 2.90652e-09, Y0: 2.53151

Epoch:1700
In training set, loss: 1.1969e-09, Y0: 2.53151

Epoch:1800
In training set, loss: 5.63887e-10, Y0: 2.53151

Epoch:1900
In training set, loss: 2.81602e-10, Y0: 2.53151

Epoch:2000
In training set, loss: 1.73941e-10, Y0: 2.53151

Epoch:2100
In training set, loss: 1.16529e-10, Y0: 2.53151

Epoch:2200
In training set, loss: 7.98082e-11, Y0: 2.53151

Epoch:2300
In training set, loss: 6.79847e-11, Y0: 2.53151

Epoch:2400
In training set, loss: 5.07043e-11, Y0: 2.53151

Epoch:2500
In training set, loss: 4.79758e-11, Y0: 2.53151

Epoch:2600
In training set, loss: 4.09273e-11, Y0: 2.53151

Epoch:2700
In training set, loss: 3.71756e-11, Y0: 2.53151

Epoch:2800
In training set, loss: 3.26281e-11, Y0: 2.53151

Epoch:2900
In training set, loss: 2.80806e-11, Y0: 2.53151

Epoch:3000
In training set, loss: 2.56932e-11, Y0: 2.53151

Epoch:3100
In training set, loss: 2.22826e-11, Y0: 2.53151

Epoch:3200
In training set, loss: 2.26237e-11, Y0: 2.53151

Epoch:3300
In training set, loss: 2.18279e-11, Y0: 2.53151

Epoch:3400
In training set, loss: 2.05773e-11, Y0: 2.53151

Epoch:3500
In training set, loss: 2.26237e-11, Y0: 2.53151

Epoch:3600
In training set, loss: 2.10321e-11, Y0: 2.53151

Epoch:3700
In training set, loss: 1.78488e-11, Y0: 2.53151

Epoch:3800
In training set, loss: 1.79625e-11, Y0: 2.53151

Epoch:3900
In training set, loss: 1.73941e-11, Y0: 2.53151

Epoch:4000
In training set, loss: 1.69393e-11, Y0: 2.53151



###############################################################################
TCHPC Cluster: kelvin
Job 21563 (BSDE_job_1_procs) for User 'zuoy' in Account 'hpc_21_01207'
Finished at: Fri Nov 19 05:00:30 GMT 2021

Job efficiency estimates:
=========================

Job ID: 21563
Cluster: kelvin
User/Group: zuoy/zuoy
State: COMPLETED (exit code 0)
Nodes: 1
Cores per node: 12
CPU Utilized: 00:04:30
CPU Efficiency: 8.30% of 00:54:12 core-walltime
Job Wall-clock time: 00:04:31
Memory Utilized: 13.01 MB
Memory Efficiency: 0.06% of 22.46 GB

Job completion status:
======================

       JobID    JobName AllocCPUS NTasks NNodes     MaxRSS    MaxRSSNode  MaxDiskRead MaxDiskWrite    Elapsed      State ExitCode 
------------ ---------- --------- ------ ------ ---------- ------------- ------------ ------------ ---------- ---------- -------- 
21563        BSDE_job_+        12             1                                                      00:04:31  COMPLETED      0:0 
21563.batch       batch        12      1      1     13320K   kelvin-n075        0.85M        0.01M   00:04:31  COMPLETED      0:0 


Job details:
============

JobId=21563 JobName=BSDE_job_1_procs
   UserId=zuoy(1582) GroupId=zuoy(1252) MCS_label=N/A
   Priority=11132458 Nice=0 Account=hpc_21_01207 QOS=normal
   JobState=COMPLETING Reason=None Dependency=(null)
   Requeue=0 Restarts=0 BatchFlag=1 Reboot=0 ExitCode=0:0
   DerivedExitCode=0:0
   RunTime=00:04:31 TimeLimit=2-23:00:00 TimeMin=N/A
   SubmitTime=2021-11-19T01:59:46 EligibleTime=2021-11-19T01:59:46
   AccrueTime=2021-11-19T01:59:46
   StartTime=2021-11-19T04:55:59 EndTime=2021-11-19T05:00:30 Deadline=N/A
   SuspendTime=None SecsPreSuspend=0 LastSchedEval=2021-11-19T04:55:59
   Partition=compute AllocNode:Sid=kelvin01:10771
   ReqNodeList=(null) ExcNodeList=(null)
   NodeList=
   BatchHost=kelvin-n075
   NumNodes=1 NumCPUs=12 NumTasks=1 CPUs/Task=1 ReqB:S:C:T=0:0:*:*
   TRES=cpu=12,mem=23000M,node=1,billing=12
   Socks/Node=* NtasksPerN:B:S:C=0:0:*:* CoreSpec=*
   JOB_GRES=(null)
     Nodes=kelvin-n075 CPU_IDs=0-11 Mem=23000 GRES=
   MinCPUsNode=1 MinMemoryNode=23000M MinTmpDiskNode=0
   Features=(null) DelayBoot=00:00:00
   OverSubscribe=NO Contiguous=0 Licenses=(null) Network=(null)
   Command=/home/users/mschpc/2019/zuoy/HPC/NeuralNetwork/sequential/scripts/script_HJBLQ_d300_b256.sh
   WorkDir=/home/users/mschpc/2019/zuoy/HPC/NeuralNetwork/sequential
   StdErr=/home/users/mschpc/2019/zuoy/HPC/NeuralNetwork/sequential/output/slurm-21563.out
   StdIn=/dev/null
   StdOut=/home/users/mschpc/2019/zuoy/HPC/NeuralNetwork/sequential/output/slurm-21563.out
   Power=
   NtasksPerTRES:0


Disk quota details:
===================

Quota Type           Name  Filesystem     Usage in MB     Limit in MB    % Used
-------------------------------------------------------------------------------
USER                 zuoy       /home             108          51,200     0.21%

GROUP              mschpc   /projects             999          51,200     1.95%
GROUP          pi-dgolden   /projects               0          51,200     0.00%


SLURM Bank Statement:
=====================

User           Usage |        Account     Usage | Account Limit Available (CPU hrs)
---------- --------- + -------------- --------- + ------------- ---------
zuoy          10,028 |   HPC_21_01207    10,028 |       100,000    89,972


Acknowledgements:
=================

Note that usage of TCHPC Resources *must* be acknowledged in all publications.

Please see this page for details relevant to this cluster:

http://www.tchpc.tcd.ie/resources/acknowledgementpolicy

################################################################################
