Config data loaded successfully!
Dimension: 100
Total time: 0.3
Number of time intervals: 20
Learning rate: 0.0005
y_init_range: 0.3, 0.5
Number of neurons in each hidden layer of each subnet: 110, 110, 
Epochs: 4000
Batch size: 32
Sample size: 32
Logging frequency: 100
Model name: AllenCahn_serial_


Training:
Epoch:100
In training set, loss: 0.820065, Y0: 0.291619

Epoch:200
In training set, loss: 0.775269, Y0: 0.283548

Epoch:300
In training set, loss: 0.733673, Y0: 0.275773

Epoch:400
In training set, loss: 0.695009, Y0: 0.26828

Epoch:500
In training set, loss: 0.659038, Y0: 0.261054

Epoch:600
In training set, loss: 0.625544, Y0: 0.254084

Epoch:700
In training set, loss: 0.594329, Y0: 0.247357

Epoch:800
In training set, loss: 0.565216, Y0: 0.240864

Epoch:900
In training set, loss: 0.538045, Y0: 0.234594

Epoch:1000
In training set, loss: 0.512669, Y0: 0.228537

Epoch:1100
In training set, loss: 0.488953, Y0: 0.222684

Epoch:1200
In training set, loss: 0.466775, Y0: 0.217027

Epoch:1300
In training set, loss: 0.446025, Y0: 0.211557

Epoch:1400
In training set, loss: 0.426601, Y0: 0.206269

Epoch:1500
In training set, loss: 0.408406, Y0: 0.201153

Epoch:1600
In training set, loss: 0.391356, Y0: 0.196204

Epoch:1700
In training set, loss: 0.375371, Y0: 0.191415

Epoch:1800
In training set, loss: 0.360378, Y0: 0.186781

Epoch:1900
In training set, loss: 0.346309, Y0: 0.182295

Epoch:2000
In training set, loss: 0.333101, Y0: 0.177952

Epoch:2100
In training set, loss: 0.320697, Y0: 0.173746

Epoch:2200
In training set, loss: 0.309044, Y0: 0.169674

Epoch:2300
In training set, loss: 0.298092, Y0: 0.165729

Epoch:2400
In training set, loss: 0.287794, Y0: 0.161908

Epoch:2500
In training set, loss: 0.278109, Y0: 0.158206

Epoch:2600
In training set, loss: 0.268997, Y0: 0.154619

Epoch:2700
In training set, loss: 0.26042, Y0: 0.151143

Epoch:2800
In training set, loss: 0.252346, Y0: 0.147775

Epoch:2900
In training set, loss: 0.244741, Y0: 0.14451

Epoch:3000
In training set, loss: 0.237576, Y0: 0.141346

Epoch:3100
In training set, loss: 0.230824, Y0: 0.138278

Epoch:3200
In training set, loss: 0.224459, Y0: 0.135304

Epoch:3300
In training set, loss: 0.218457, Y0: 0.132421

Epoch:3400
In training set, loss: 0.212794, Y0: 0.129625

Epoch:3500
In training set, loss: 0.207451, Y0: 0.126914

Epoch:3600
In training set, loss: 0.202407, Y0: 0.124285

Epoch:3700
In training set, loss: 0.197645, Y0: 0.121736

Epoch:3800
In training set, loss: 0.193147, Y0: 0.119263

Epoch:3900
In training set, loss: 0.188896, Y0: 0.116865

Epoch:4000
In training set, loss: 0.184879, Y0: 0.114539



###############################################################################
TCHPC Cluster: kelvin
Job 21567 (BSDE_job_1_procs) for User 'zuoy' in Account 'hpc_21_01207'
Finished at: Fri Nov 19 05:24:07 GMT 2021

Job efficiency estimates:
=========================

Job ID: 21567
Cluster: kelvin
User/Group: zuoy/zuoy
State: COMPLETED (exit code 0)
Nodes: 1
Cores per node: 12
CPU Utilized: 00:03:56
CPU Efficiency: 8.33% of 00:47:12 core-walltime
Job Wall-clock time: 00:03:56
Memory Utilized: 6.09 MB
Memory Efficiency: 0.03% of 22.46 GB

Job completion status:
======================

       JobID    JobName AllocCPUS NTasks NNodes     MaxRSS    MaxRSSNode  MaxDiskRead MaxDiskWrite    Elapsed      State ExitCode 
------------ ---------- --------- ------ ------ ---------- ------------- ------------ ------------ ---------- ---------- -------- 
21567        BSDE_job_+        12             1                                                      00:03:56  COMPLETED      0:0 
21567.batch       batch        12      1      1      6236K   kelvin-n076        0.85M        0.01M   00:03:56  COMPLETED      0:0 


Job details:
============

JobId=21567 JobName=BSDE_job_1_procs
   UserId=zuoy(1582) GroupId=zuoy(1252) MCS_label=N/A
   Priority=11142743 Nice=0 Account=hpc_21_01207 QOS=normal
   JobState=COMPLETING Reason=None Dependency=(null)
   Requeue=0 Restarts=0 BatchFlag=1 Reboot=0 ExitCode=0:0
   DerivedExitCode=0:0
   RunTime=00:03:56 TimeLimit=2-23:00:00 TimeMin=N/A
   SubmitTime=2021-11-19T02:03:02 EligibleTime=2021-11-19T02:03:02
   AccrueTime=2021-11-19T02:03:02
   StartTime=2021-11-19T05:20:11 EndTime=2021-11-19T05:24:07 Deadline=N/A
   SuspendTime=None SecsPreSuspend=0 LastSchedEval=2021-11-19T05:20:11
   Partition=compute AllocNode:Sid=kelvin01:10771
   ReqNodeList=(null) ExcNodeList=(null)
   NodeList=
   BatchHost=kelvin-n076
   NumNodes=1 NumCPUs=12 NumTasks=1 CPUs/Task=1 ReqB:S:C:T=0:0:*:*
   TRES=cpu=12,mem=23000M,node=1,billing=12
   Socks/Node=* NtasksPerN:B:S:C=0:0:*:* CoreSpec=*
   JOB_GRES=(null)
     Nodes=kelvin-n076 CPU_IDs=0-11 Mem=23000 GRES=
   MinCPUsNode=1 MinMemoryNode=23000M MinTmpDiskNode=0
   Features=(null) DelayBoot=00:00:00
   OverSubscribe=NO Contiguous=0 Licenses=(null) Network=(null)
   Command=/home/users/mschpc/2019/zuoy/HPC/NeuralNetwork/sequential/scripts/script_AllenCahn_d100_b256.sh
   WorkDir=/home/users/mschpc/2019/zuoy/HPC/NeuralNetwork/sequential
   StdErr=/home/users/mschpc/2019/zuoy/HPC/NeuralNetwork/sequential/output/slurm-21567.out
   StdIn=/dev/null
   StdOut=/home/users/mschpc/2019/zuoy/HPC/NeuralNetwork/sequential/output/slurm-21567.out
   Power=
   NtasksPerTRES:0


Disk quota details:
===================

Quota Type           Name  Filesystem     Usage in MB     Limit in MB    % Used
-------------------------------------------------------------------------------
USER                 zuoy       /home             108          51,200     0.21%

GROUP              mschpc   /projects             999          51,200     1.95%
GROUP          pi-dgolden   /projects               0          51,200     0.00%


SLURM Bank Statement:
=====================

User           Usage |        Account     Usage | Account Limit Available (CPU hrs)
---------- --------- + -------------- --------- + ------------- ---------
zuoy          10,096 |   HPC_21_01207    10,096 |       100,000    89,904


Acknowledgements:
=================

Note that usage of TCHPC Resources *must* be acknowledged in all publications.

Please see this page for details relevant to this cluster:

http://www.tchpc.tcd.ie/resources/acknowledgementpolicy

################################################################################
