Config data loaded successfully!
Dimension: 200
Total time: 0.3
Number of time intervals: 20
Learning rate: 0.0005
y_init_range: 0.3, 0.5
Number of neurons in each hidden layer of each subnet: 110, 110, 
Epochs: 4000
Batch size: 256
Sample size: 256
Logging frequency: 100
Model name: AllenCahn_serial_


Training:
Epoch:100
In training set, loss: 6.03279, Y0: 0.292298

Epoch:200
In training set, loss: 5.74416, Y0: 0.284862

Epoch:300
In training set, loss: 5.47491, Y0: 0.277682

Epoch:400
In training set, loss: 5.22355, Y0: 0.270746

Epoch:500
In training set, loss: 4.98871, Y0: 0.264044

Epoch:600
In training set, loss: 4.76918, Y0: 0.257565

Epoch:700
In training set, loss: 4.56381, Y0: 0.2513

Epoch:800
In training set, loss: 4.37157, Y0: 0.245241

Epoch:900
In training set, loss: 4.19154, Y0: 0.239379

Epoch:1000
In training set, loss: 4.02284, Y0: 0.233706

Epoch:1100
In training set, loss: 3.86467, Y0: 0.228215

Epoch:1200
In training set, loss: 3.71632, Y0: 0.222899

Epoch:1300
In training set, loss: 3.5771, Y0: 0.217751

Epoch:1400
In training set, loss: 3.44641, Y0: 0.212765

Epoch:1500
In training set, loss: 3.32366, Y0: 0.207936

Epoch:1600
In training set, loss: 3.20834, Y0: 0.203256

Epoch:1700
In training set, loss: 3.09995, Y0: 0.198722

Epoch:1800
In training set, loss: 2.99803, Y0: 0.194327

Epoch:1900
In training set, loss: 2.90218, Y0: 0.190068

Epoch:2000
In training set, loss: 2.812, Y0: 0.185938

Epoch:2100
In training set, loss: 2.72712, Y0: 0.181935

Epoch:2200
In training set, loss: 2.64722, Y0: 0.178052

Epoch:2300
In training set, loss: 2.57197, Y0: 0.174287

Epoch:2400
In training set, loss: 2.50109, Y0: 0.170636

Epoch:2500
In training set, loss: 2.4343, Y0: 0.167094

Epoch:2600
In training set, loss: 2.37136, Y0: 0.163658

Epoch:2700
In training set, loss: 2.31201, Y0: 0.160325

Epoch:2800
In training set, loss: 2.25605, Y0: 0.157091

Epoch:2900
In training set, loss: 2.20327, Y0: 0.153953

Epoch:3000
In training set, loss: 2.15346, Y0: 0.150908

Epoch:3100
In training set, loss: 2.10647, Y0: 0.147953

Epoch:3200
In training set, loss: 2.0621, Y0: 0.145085

Epoch:3300
In training set, loss: 2.02021, Y0: 0.142301

Epoch:3400
In training set, loss: 1.98065, Y0: 0.139599

Epoch:3500
In training set, loss: 1.94328, Y0: 0.136977

Epoch:3600
In training set, loss: 1.90797, Y0: 0.134431

Epoch:3700
In training set, loss: 1.8746, Y0: 0.131959

Epoch:3800
In training set, loss: 1.84305, Y0: 0.12956

Epoch:3900
In training set, loss: 1.81321, Y0: 0.12723

Epoch:4000
In training set, loss: 1.78499, Y0: 0.124968



###############################################################################
TCHPC Cluster: kelvin
Job 20857 (BSDE_job_1_procs) for User 'zuoy' in Account 'hpc_21_01207'
Finished at: Wed Nov 17 02:20:21 GMT 2021

Job efficiency estimates:
=========================

Job ID: 20857
Cluster: kelvin
User/Group: zuoy/zuoy
State: COMPLETED (exit code 0)
Nodes: 1
Cores per node: 12
CPU Utilized: 00:56:21
CPU Efficiency: 8.33% of 11:16:24 core-walltime
Job Wall-clock time: 00:56:22
Memory Utilized: 17.26 MB
Memory Efficiency: 0.08% of 22.46 GB

Job completion status:
======================

       JobID    JobName AllocCPUS NTasks NNodes     MaxRSS    MaxRSSNode  MaxDiskRead MaxDiskWrite    Elapsed      State ExitCode 
------------ ---------- --------- ------ ------ ---------- ------------- ------------ ------------ ---------- ---------- -------- 
20857        BSDE_job_+        12             1                                                      00:56:22  COMPLETED      0:0 
20857.batch       batch        12      1      1     17672K   kelvin-n081        0.87M        0.01M   00:56:22  COMPLETED      0:0 


Job details:
============

JobId=20857 JobName=BSDE_job_1_procs
   UserId=zuoy(1582) GroupId=zuoy(1252) MCS_label=N/A
   Priority=11874680 Nice=0 Account=hpc_21_01207 QOS=normal
   JobState=COMPLETING Reason=None Dependency=(null)
   Requeue=0 Restarts=0 BatchFlag=1 Reboot=0 ExitCode=0:0
   DerivedExitCode=0:0
   RunTime=00:56:22 TimeLimit=2-23:00:00 TimeMin=N/A
   SubmitTime=2021-11-16T23:22:13 EligibleTime=2021-11-16T23:22:13
   AccrueTime=2021-11-16T23:22:13
   StartTime=2021-11-17T01:23:59 EndTime=2021-11-17T02:20:21 Deadline=N/A
   SuspendTime=None SecsPreSuspend=0 LastSchedEval=2021-11-17T01:23:59
   Partition=compute AllocNode:Sid=kelvin01:28149
   ReqNodeList=(null) ExcNodeList=(null)
   NodeList=
   BatchHost=kelvin-n081
   NumNodes=1 NumCPUs=12 NumTasks=1 CPUs/Task=1 ReqB:S:C:T=0:0:*:*
   TRES=cpu=12,mem=23000M,node=1,billing=12
   Socks/Node=* NtasksPerN:B:S:C=0:0:*:* CoreSpec=*
   JOB_GRES=(null)
     Nodes=kelvin-n081 CPU_IDs=0-11 Mem=23000 GRES=
   MinCPUsNode=1 MinMemoryNode=23000M MinTmpDiskNode=0
   Features=(null) DelayBoot=00:00:00
   OverSubscribe=NO Contiguous=0 Licenses=(null) Network=(null)
   Command=/home/users/mschpc/2019/zuoy/HPC/NeuralNetwork/sequential/scripts/script_AllenCahn_d200_b256.sh
   WorkDir=/home/users/mschpc/2019/zuoy/HPC/NeuralNetwork/sequential
   StdErr=/home/users/mschpc/2019/zuoy/HPC/NeuralNetwork/sequential/output/slurm-20857.out
   StdIn=/dev/null
   StdOut=/home/users/mschpc/2019/zuoy/HPC/NeuralNetwork/sequential/output/slurm-20857.out
   Power=
   NtasksPerTRES:0


Disk quota details:
===================

Quota Type           Name  Filesystem     Usage in MB     Limit in MB    % Used
-------------------------------------------------------------------------------
USER                 zuoy       /home             100          51,200     0.20%

GROUP              mschpc   /projects             999          51,200     1.95%
GROUP          pi-dgolden   /projects               0          51,200     0.00%


SLURM Bank Statement:
=====================

User           Usage |        Account     Usage | Account Limit Available (CPU hrs)
---------- --------- + -------------- --------- + ------------- ---------
zuoy           5,101 |   HPC_21_01207     5,101 |       100,000    94,899


Acknowledgements:
=================

Note that usage of TCHPC Resources *must* be acknowledged in all publications.

Please see this page for details relevant to this cluster:

http://www.tchpc.tcd.ie/resources/acknowledgementpolicy

################################################################################
