Config data loaded successfully!
Dimension: 200
Total time: 1
Number of time intervals: 20
Learning rate: 0.01
y_init_range: 0, 1
Number of neurons in each hidden layer of each subnet: 110, 110, 
Epochs: 4000
Batch size: 64
Sample size: 256
Logging frequency: 100
Model name: HJBLQ_serial_


Training:
Epoch:100
In training set, loss: 16.722, Y0: 4.82027

Epoch:200
In training set, loss: 10.2894, Y0: 4.93747

Epoch:300
In training set, loss: 7.25398, Y0: 4.9814

Epoch:400
In training set, loss: 5.53905, Y0: 5.01262

Epoch:500
In training set, loss: 4.48018, Y0: 5.03622

Epoch:600
In training set, loss: 3.77563, Y0: 5.05474

Epoch:700
In training set, loss: 3.27773, Y0: 5.06971

Epoch:800
In training set, loss: 2.90871, Y0: 5.08208

Epoch:900
In training set, loss: 2.6247, Y0: 5.09248

Epoch:1000
In training set, loss: 2.39946, Y0: 5.10137

Epoch:1100
In training set, loss: 2.21644, Y0: 5.10904

Epoch:1200
In training set, loss: 2.06474, Y0: 5.11575

Epoch:1300
In training set, loss: 1.93694, Y0: 5.12165

Epoch:1400
In training set, loss: 1.82777, Y0: 5.12689

Epoch:1500
In training set, loss: 1.73342, Y0: 5.13156

Epoch:1600
In training set, loss: 1.65103, Y0: 5.13575

Epoch:1700
In training set, loss: 1.57845, Y0: 5.13954

Epoch:1800
In training set, loss: 1.51401, Y0: 5.14297

Epoch:1900
In training set, loss: 1.45637, Y0: 5.14608

Epoch:2000
In training set, loss: 1.4045, Y0: 5.14893

Epoch:2100
In training set, loss: 1.35752, Y0: 5.15154

Epoch:2200
In training set, loss: 1.31474, Y0: 5.15393

Epoch:2300
In training set, loss: 1.27559, Y0: 5.15613

Epoch:2400
In training set, loss: 1.23958, Y0: 5.15817

Epoch:2500
In training set, loss: 1.20632, Y0: 5.16005

Epoch:2600
In training set, loss: 1.17546, Y0: 5.1618

Epoch:2700
In training set, loss: 1.14671, Y0: 5.16342

Epoch:2800
In training set, loss: 1.11983, Y0: 5.16493

Epoch:2900
In training set, loss: 1.09462, Y0: 5.16634

Epoch:3000
In training set, loss: 1.07089, Y0: 5.16766

Epoch:3100
In training set, loss: 1.04848, Y0: 5.16889

Epoch:3200
In training set, loss: 1.02726, Y0: 5.17005

Epoch:3300
In training set, loss: 1.00712, Y0: 5.17114

Epoch:3400
In training set, loss: 0.987942, Y0: 5.17216

Epoch:3500
In training set, loss: 0.969651, Y0: 5.17312

Epoch:3600
In training set, loss: 0.952161, Y0: 5.17402

Epoch:3700
In training set, loss: 0.935401, Y0: 5.17488

Epoch:3800
In training set, loss: 0.919315, Y0: 5.17569

Epoch:3900
In training set, loss: 0.903848, Y0: 5.17645

Epoch:4000
In training set, loss: 0.88895, Y0: 5.17717



###############################################################################
TCHPC Cluster: kelvin
Job 21678 (BSDE_job_1_procs) for User 'zuoy' in Account 'hpc_21_01207'
Finished at: Fri Nov 19 16:13:14 GMT 2021

Job efficiency estimates:
=========================

Job ID: 21678
Cluster: kelvin
User/Group: zuoy/zuoy
State: COMPLETED (exit code 0)
Nodes: 1
Cores per node: 12
CPU Utilized: 00:49:38
CPU Efficiency: 8.33% of 09:55:48 core-walltime
Job Wall-clock time: 00:49:39
Memory Utilized: 17.21 MB
Memory Efficiency: 0.07% of 22.46 GB

Job completion status:
======================

       JobID    JobName AllocCPUS NTasks NNodes     MaxRSS    MaxRSSNode  MaxDiskRead MaxDiskWrite    Elapsed      State ExitCode 
------------ ---------- --------- ------ ------ ---------- ------------- ------------ ------------ ---------- ---------- -------- 
21678        BSDE_job_+        12             1                                                      00:49:39  COMPLETED      0:0 
21678.batch       batch        12      1      1     17628K   kelvin-n071        0.85M        0.01M   00:49:39  COMPLETED      0:0 


Job details:
============

JobId=21678 JobName=BSDE_job_1_procs
   UserId=zuoy(1582) GroupId=zuoy(1252) MCS_label=N/A
   Priority=11071240 Nice=0 Account=hpc_21_01207 QOS=normal
   JobState=COMPLETING Reason=None Dependency=(null)
   Requeue=0 Restarts=0 BatchFlag=1 Reboot=0 ExitCode=0:0
   DerivedExitCode=0:0
   RunTime=00:49:39 TimeLimit=2-23:00:00 TimeMin=N/A
   SubmitTime=2021-11-19T14:30:11 EligibleTime=2021-11-19T14:30:11
   AccrueTime=2021-11-19T14:30:11
   StartTime=2021-11-19T15:23:35 EndTime=2021-11-19T16:13:14 Deadline=N/A
   SuspendTime=None SecsPreSuspend=0 LastSchedEval=2021-11-19T15:23:35
   Partition=compute AllocNode:Sid=kelvin01:22213
   ReqNodeList=(null) ExcNodeList=(null)
   NodeList=
   BatchHost=kelvin-n071
   NumNodes=1 NumCPUs=12 NumTasks=1 CPUs/Task=1 ReqB:S:C:T=0:0:*:*
   TRES=cpu=12,mem=23000M,node=1,billing=12
   Socks/Node=* NtasksPerN:B:S:C=0:0:*:* CoreSpec=*
   JOB_GRES=(null)
     Nodes=kelvin-n071 CPU_IDs=0-11 Mem=23000 GRES=
   MinCPUsNode=1 MinMemoryNode=23000M MinTmpDiskNode=0
   Features=(null) DelayBoot=00:00:00
   OverSubscribe=NO Contiguous=0 Licenses=(null) Network=(null)
   Command=/home/users/mschpc/2019/zuoy/HPC/NeuralNetwork/sequential/scripts/script_HJBLQ_d200_b64.sh
   WorkDir=/home/users/mschpc/2019/zuoy/HPC/NeuralNetwork/sequential
   StdErr=/home/users/mschpc/2019/zuoy/HPC/NeuralNetwork/sequential/output/slurm-21678.out
   StdIn=/dev/null
   StdOut=/home/users/mschpc/2019/zuoy/HPC/NeuralNetwork/sequential/output/slurm-21678.out
   Power=
   NtasksPerTRES:0


Disk quota details:
===================

Quota Type           Name  Filesystem     Usage in MB     Limit in MB    % Used
-------------------------------------------------------------------------------
USER                 zuoy       /home             109          51,200     0.21%

GROUP              mschpc   /projects             999          51,200     1.95%
GROUP          pi-dgolden   /projects               0          51,200     0.00%


SLURM Bank Statement:
=====================

User           Usage |        Account     Usage | Account Limit Available (CPU hrs)
---------- --------- + -------------- --------- + ------------- ---------
zuoy          10,702 |   HPC_21_01207    10,702 |       100,000    89,298


Acknowledgements:
=================

Note that usage of TCHPC Resources *must* be acknowledged in all publications.

Please see this page for details relevant to this cluster:

http://www.tchpc.tcd.ie/resources/acknowledgementpolicy

################################################################################
