Config data loaded successfully!
Dimension: 300
Total time: 0.3
Number of time intervals: 20
Learning rate: 0.0005
y_init_range: 0.3, 0.5
Number of neurons in each hidden layer of each subnet: 110, 110, 
Epochs: 4000
Batch size: 256
Sample size: 256
Logging frequency: 100
Model name: AllenCahn_serial_


Training:
Epoch:100
In training set, loss: 6.80288, Y0: 0.291606

Epoch:200
In training set, loss: 6.45784, Y0: 0.283513

Epoch:300
In training set, loss: 6.13671, Y0: 0.275706

Epoch:400
In training set, loss: 5.83756, Y0: 0.268174

Epoch:500
In training set, loss: 5.55864, Y0: 0.260903

Epoch:600
In training set, loss: 5.29839, Y0: 0.253881

Epoch:700
In training set, loss: 5.05537, Y0: 0.247098

Epoch:800
In training set, loss: 4.82827, Y0: 0.240543

Epoch:900
In training set, loss: 4.61593, Y0: 0.234207

Epoch:1000
In training set, loss: 4.41725, Y0: 0.22808

Epoch:1100
In training set, loss: 4.23125, Y0: 0.222154

Epoch:1200
In training set, loss: 4.05703, Y0: 0.216422

Epoch:1300
In training set, loss: 3.89376, Y0: 0.210874

Epoch:1400
In training set, loss: 3.74067, Y0: 0.205505

Epoch:1500
In training set, loss: 3.59705, Y0: 0.200308

Epoch:1600
In training set, loss: 3.46228, Y0: 0.195275

Epoch:1700
In training set, loss: 3.33574, Y0: 0.190402

Epoch:1800
In training set, loss: 3.21689, Y0: 0.185681

Epoch:1900
In training set, loss: 3.10521, Y0: 0.181108

Epoch:2000
In training set, loss: 3.00023, Y0: 0.176678

Epoch:2100
In training set, loss: 2.90153, Y0: 0.172384

Epoch:2200
In training set, loss: 2.80868, Y0: 0.168223

Epoch:2300
In training set, loss: 2.72132, Y0: 0.16419

Epoch:2400
In training set, loss: 2.63909, Y0: 0.16028

Epoch:2500
In training set, loss: 2.56166, Y0: 0.15649

Epoch:2600
In training set, loss: 2.48875, Y0: 0.152815

Epoch:2700
In training set, loss: 2.42005, Y0: 0.149251

Epoch:2800
In training set, loss: 2.35531, Y0: 0.145795

Epoch:2900
In training set, loss: 2.29428, Y0: 0.142443

Epoch:3000
In training set, loss: 2.23674, Y0: 0.139192

Epoch:3100
In training set, loss: 2.18247, Y0: 0.136039

Epoch:3200
In training set, loss: 2.13126, Y0: 0.132979

Epoch:3300
In training set, loss: 2.08294, Y0: 0.130011

Epoch:3400
In training set, loss: 2.03732, Y0: 0.127132

Epoch:3500
In training set, loss: 1.99425, Y0: 0.124338

Epoch:3600
In training set, loss: 1.95356, Y0: 0.121627

Epoch:3700
In training set, loss: 1.91512, Y0: 0.118996

Epoch:3800
In training set, loss: 1.8788, Y0: 0.116443

Epoch:3900
In training set, loss: 1.84446, Y0: 0.113965

Epoch:4000
In training set, loss: 1.81199, Y0: 0.11156



###############################################################################
TCHPC Cluster: kelvin
Job 20986 (BSDE_job_1_procs) for User 'zuoy' in Account 'hpc_21_01207'
Finished at: Wed Nov 17 08:00:28 GMT 2021

Job efficiency estimates:
=========================

Job ID: 20986
Cluster: kelvin
User/Group: zuoy/zuoy
State: COMPLETED (exit code 0)
Nodes: 1
Cores per node: 12
CPU Utilized: 01:09:25
CPU Efficiency: 8.33% of 13:53:00 core-walltime
Job Wall-clock time: 01:09:25
Memory Utilized: 24.70 MB
Memory Efficiency: 0.11% of 22.46 GB

Job completion status:
======================

       JobID    JobName AllocCPUS NTasks NNodes     MaxRSS    MaxRSSNode  MaxDiskRead MaxDiskWrite    Elapsed      State ExitCode 
------------ ---------- --------- ------ ------ ---------- ------------- ------------ ------------ ---------- ---------- -------- 
20986        BSDE_job_+        12             1                                                      01:09:25  COMPLETED      0:0 
20986.batch       batch        12      1      1     25292K   kelvin-n074        0.87M        0.01M   01:09:25  COMPLETED      0:0 


Job details:
============

JobId=20986 JobName=BSDE_job_1_procs
   UserId=zuoy(1582) GroupId=zuoy(1252) MCS_label=N/A
   Priority=11894438 Nice=0 Account=hpc_21_01207 QOS=normal
   JobState=COMPLETING Reason=None Dependency=(null)
   Requeue=0 Restarts=0 BatchFlag=1 Reboot=0 ExitCode=0:0
   DerivedExitCode=0:0
   RunTime=01:09:25 TimeLimit=2-23:00:00 TimeMin=N/A
   SubmitTime=2021-11-17T02:18:37 EligibleTime=2021-11-17T02:18:37
   AccrueTime=2021-11-17T02:18:37
   StartTime=2021-11-17T06:51:03 EndTime=2021-11-17T08:00:28 Deadline=N/A
   SuspendTime=None SecsPreSuspend=0 LastSchedEval=2021-11-17T06:51:03
   Partition=compute AllocNode:Sid=kelvin01:7052
   ReqNodeList=(null) ExcNodeList=(null)
   NodeList=
   BatchHost=kelvin-n074
   NumNodes=1 NumCPUs=12 NumTasks=1 CPUs/Task=1 ReqB:S:C:T=0:0:*:*
   TRES=cpu=12,mem=23000M,node=1,billing=12
   Socks/Node=* NtasksPerN:B:S:C=0:0:*:* CoreSpec=*
   JOB_GRES=(null)
     Nodes=kelvin-n074 CPU_IDs=0-11 Mem=23000 GRES=
   MinCPUsNode=1 MinMemoryNode=23000M MinTmpDiskNode=0
   Features=(null) DelayBoot=00:00:00
   OverSubscribe=NO Contiguous=0 Licenses=(null) Network=(null)
   Command=/home/users/mschpc/2019/zuoy/HPC/NeuralNetwork/sequential/scripts/script_AllenCahn_d300_b256.sh
   WorkDir=/home/users/mschpc/2019/zuoy/HPC/NeuralNetwork/sequential
   StdErr=/home/users/mschpc/2019/zuoy/HPC/NeuralNetwork/sequential/output/slurm-20986.out
   StdIn=/dev/null
   StdOut=/home/users/mschpc/2019/zuoy/HPC/NeuralNetwork/sequential/output/slurm-20986.out
   Power=
   NtasksPerTRES:0


Disk quota details:
===================

Quota Type           Name  Filesystem     Usage in MB     Limit in MB    % Used
-------------------------------------------------------------------------------
USER                 zuoy       /home             101          51,200     0.20%

GROUP              mschpc   /projects             999          51,200     1.95%
GROUP          pi-dgolden   /projects               0          51,200     0.00%


SLURM Bank Statement:
=====================

User           Usage |        Account     Usage | Account Limit Available (CPU hrs)
---------- --------- + -------------- --------- + ------------- ---------
zuoy           6,080 |   HPC_21_01207     6,080 |       100,000    93,920


Acknowledgements:
=================

Note that usage of TCHPC Resources *must* be acknowledged in all publications.

Please see this page for details relevant to this cluster:

http://www.tchpc.tcd.ie/resources/acknowledgementpolicy

################################################################################
