Config data loaded successfully!
Dimension: 100
Total time: 0.2
Number of time intervals: 20
Learning rate: 0.0005
y_init_range: 0.3, 0.5
Number of neurons in each hidden layer of each subnet: 110, 110, 
Epochs: 4000
Batch size: 128
Sample size: 256
Logging frequency: 100
Model name: AllenCahn_serial_


Training:
Epoch:100
In training set, loss: 5.82652, Y0: 0.283417

Epoch:200
In training set, loss: 5.22119, Y0: 0.268093

Epoch:300
In training set, loss: 4.70293, Y0: 0.253915

Epoch:400
In training set, loss: 4.25822, Y0: 0.240784

Epoch:500
In training set, loss: 3.87587, Y0: 0.22861

Epoch:600
In training set, loss: 3.54658, Y0: 0.217315

Epoch:700
In training set, loss: 3.26255, Y0: 0.206826

Epoch:800
In training set, loss: 3.01724, Y0: 0.197082

Epoch:900
In training set, loss: 2.80512, Y0: 0.188023

Epoch:1000
In training set, loss: 2.6215, Y0: 0.179597

Epoch:1100
In training set, loss: 2.46241, Y0: 0.171758

Epoch:1200
In training set, loss: 2.32445, Y0: 0.164461

Epoch:1300
In training set, loss: 2.20471, Y0: 0.157667

Epoch:1400
In training set, loss: 2.10071, Y0: 0.151339

Epoch:1500
In training set, loss: 2.01032, Y0: 0.145444

Epoch:1600
In training set, loss: 1.9317, Y0: 0.13995

Epoch:1700
In training set, loss: 1.86328, Y0: 0.13483

Epoch:1800
In training set, loss: 1.80369, Y0: 0.130057

Epoch:1900
In training set, loss: 1.75176, Y0: 0.125606

Epoch:2000
In training set, loss: 1.70649, Y0: 0.121456

Epoch:2100
In training set, loss: 1.66698, Y0: 0.117586

Epoch:2200
In training set, loss: 1.63248, Y0: 0.113976

Epoch:2300
In training set, loss: 1.60234, Y0: 0.110609

Epoch:2400
In training set, loss: 1.57598, Y0: 0.107467

Epoch:2500
In training set, loss: 1.55291, Y0: 0.104536

Epoch:2600
In training set, loss: 1.53269, Y0: 0.101801

Epoch:2700
In training set, loss: 1.51497, Y0: 0.0992491

Epoch:2800
In training set, loss: 1.49941, Y0: 0.0968674

Epoch:2900
In training set, loss: 1.48573, Y0: 0.0946446

Epoch:3000
In training set, loss: 1.4737, Y0: 0.0925701

Epoch:3100
In training set, loss: 1.46309, Y0: 0.0906339

Epoch:3200
In training set, loss: 1.45372, Y0: 0.0888266

Epoch:3300
In training set, loss: 1.44544, Y0: 0.0871395

Epoch:3400
In training set, loss: 1.4381, Y0: 0.0855647

Epoch:3500
In training set, loss: 1.43157, Y0: 0.0840945

Epoch:3600
In training set, loss: 1.42577, Y0: 0.082722

Epoch:3700
In training set, loss: 1.42059, Y0: 0.0814407

Epoch:3800
In training set, loss: 1.41595, Y0: 0.0802445

Epoch:3900
In training set, loss: 1.41179, Y0: 0.0791276

Epoch:4000
In training set, loss: 1.40804, Y0: 0.0780849



###############################################################################
TCHPC Cluster: kelvin
Job 21659 (BSDE_job_1_procs) for User 'zuoy' in Account 'hpc_21_01207'
Finished at: Fri Nov 19 15:17:52 GMT 2021

Job efficiency estimates:
=========================

Job ID: 21659
Cluster: kelvin
User/Group: zuoy/zuoy
State: COMPLETED (exit code 0)
Nodes: 1
Cores per node: 12
CPU Utilized: 00:30:46
CPU Efficiency: 8.32% of 06:09:36 core-walltime
Job Wall-clock time: 00:30:48
Memory Utilized: 9.96 MB
Memory Efficiency: 0.04% of 22.46 GB

Job completion status:
======================

       JobID    JobName AllocCPUS NTasks NNodes     MaxRSS    MaxRSSNode  MaxDiskRead MaxDiskWrite    Elapsed      State ExitCode 
------------ ---------- --------- ------ ------ ---------- ------------- ------------ ------------ ---------- ---------- -------- 
21659        BSDE_job_+        12             1                                                      00:30:48  COMPLETED      0:0 
21659.batch       batch        12      1      1     10204K   kelvin-n099        0.85M        0.01M   00:30:48  COMPLETED      0:0 


Job details:
============

JobId=21659 JobName=BSDE_job_1_procs
   UserId=zuoy(1582) GroupId=zuoy(1252) MCS_label=N/A
   Priority=11077399 Nice=0 Account=hpc_21_01207 QOS=normal
   JobState=COMPLETING Reason=None Dependency=(null)
   Requeue=0 Restarts=0 BatchFlag=1 Reboot=0 ExitCode=0:0
   DerivedExitCode=0:0
   RunTime=00:30:48 TimeLimit=2-23:00:00 TimeMin=N/A
   SubmitTime=2021-11-19T13:41:46 EligibleTime=2021-11-19T13:41:46
   AccrueTime=2021-11-19T13:41:46
   StartTime=2021-11-19T14:47:04 EndTime=2021-11-19T15:17:52 Deadline=N/A
   SuspendTime=None SecsPreSuspend=0 LastSchedEval=2021-11-19T14:47:04
   Partition=compute AllocNode:Sid=kelvin01:22213
   ReqNodeList=(null) ExcNodeList=(null)
   NodeList=
   BatchHost=kelvin-n099
   NumNodes=1 NumCPUs=12 NumTasks=1 CPUs/Task=1 ReqB:S:C:T=0:0:*:*
   TRES=cpu=12,mem=23000M,node=1,billing=12
   Socks/Node=* NtasksPerN:B:S:C=0:0:*:* CoreSpec=*
   JOB_GRES=(null)
     Nodes=kelvin-n099 CPU_IDs=0-11 Mem=23000 GRES=
   MinCPUsNode=1 MinMemoryNode=23000M MinTmpDiskNode=0
   Features=(null) DelayBoot=00:00:00
   OverSubscribe=NO Contiguous=0 Licenses=(null) Network=(null)
   Command=/home/users/mschpc/2019/zuoy/HPC/NeuralNetwork/sequential/scripts/script_AllenCahn_d300_b128.sh
   WorkDir=/home/users/mschpc/2019/zuoy/HPC/NeuralNetwork/sequential
   StdErr=/home/users/mschpc/2019/zuoy/HPC/NeuralNetwork/sequential/output/slurm-21659.out
   StdIn=/dev/null
   StdOut=/home/users/mschpc/2019/zuoy/HPC/NeuralNetwork/sequential/output/slurm-21659.out
   Power=
   NtasksPerTRES:0


Disk quota details:
===================

Quota Type           Name  Filesystem     Usage in MB     Limit in MB    % Used
-------------------------------------------------------------------------------
USER                 zuoy       /home             109          51,200     0.21%

GROUP              mschpc   /projects             999          51,200     1.95%
GROUP          pi-dgolden   /projects               0          51,200     0.00%


SLURM Bank Statement:
=====================

User           Usage |        Account     Usage | Account Limit Available (CPU hrs)
---------- --------- + -------------- --------- + ------------- ---------
zuoy          10,570 |   HPC_21_01207    10,570 |       100,000    89,430


Acknowledgements:
=================

Note that usage of TCHPC Resources *must* be acknowledged in all publications.

Please see this page for details relevant to this cluster:

http://www.tchpc.tcd.ie/resources/acknowledgementpolicy

################################################################################
