Config data loaded successfully!
Dimension: 500
Total time: 1
Number of time intervals: 40
Learning rate: 0.01
y_init_range: 40, 50
Number of neurons in each hidden layer of each subnet: 110, 110, 
Epochs: 1000
Batch size: 1
Sample size: 256
Logging frequency: 100
Model name: pricing_default_risk_serial_


Training:
Epoch:100
In training set, loss: 3.13147, Y0: 50.393

Epoch:200
In training set, loss: 0.0928958, Y0: 50.3918

Epoch:300
In training set, loss: 0.0037209, Y0: 50.3907

Epoch:400
In training set, loss: 0.000185378, Y0: 50.3902

Epoch:500
In training set, loss: 1.14894e-05, Y0: 50.3901

Epoch:600
In training set, loss: 7.75814e-07, Y0: 50.39

Epoch:700
In training set, loss: 7.76563e-08, Y0: 50.39

Epoch:800
In training set, loss: 1.99216e-08, Y0: 50.39

Epoch:900
In training set, loss: 1.14887e-08, Y0: 50.39

Epoch:1000
In training set, loss: 9.54606e-09, Y0: 50.39



###############################################################################
TCHPC Cluster: kelvin
Job 20959 (BSDE_job_1_procs) for User 'zuoy' in Account 'hpc_21_01207'
Finished at: Wed Nov 17 07:24:09 GMT 2021

Job efficiency estimates:
=========================

Job ID: 20959
Cluster: kelvin
User/Group: zuoy/zuoy
State: RUNNING
Nodes: 1
Cores per node: 12
CPU Utilized: 01:57:05
CPU Efficiency: 8.33% of 23:25:36 core-walltime
Job Wall-clock time: 01:57:08
Memory Utilized: 78.18 MB
Memory Efficiency: 0.34% of 22.46 GB
WARNING: Efficiency statistics may be misleading for RUNNING jobs.

Job completion status:
======================

       JobID    JobName AllocCPUS NTasks NNodes     MaxRSS    MaxRSSNode  MaxDiskRead MaxDiskWrite    Elapsed      State ExitCode 
------------ ---------- --------- ------ ------ ---------- ------------- ------------ ------------ ---------- ---------- -------- 
20959        BSDE_job_+        12             1                                                      01:57:07  COMPLETED      0:0 
20959.batch       batch        12      1      1     80052K   kelvin-n076        0.87M        0.01M   01:57:07  COMPLETED      0:0 


Job details:
============

JobId=20959 JobName=BSDE_job_1_procs
   UserId=zuoy(1582) GroupId=zuoy(1252) MCS_label=N/A
   Priority=11907865 Nice=0 Account=hpc_21_01207 QOS=normal
   JobState=COMPLETING Reason=None Dependency=(null)
   Requeue=0 Restarts=0 BatchFlag=1 Reboot=0 ExitCode=0:0
   DerivedExitCode=0:0
   RunTime=01:57:07 TimeLimit=2-23:00:00 TimeMin=N/A
   SubmitTime=2021-11-17T02:18:19 EligibleTime=2021-11-17T02:18:19
   AccrueTime=2021-11-17T02:18:19
   StartTime=2021-11-17T05:27:02 EndTime=2021-11-17T07:24:09 Deadline=N/A
   SuspendTime=None SecsPreSuspend=0 LastSchedEval=2021-11-17T05:27:02
   Partition=compute AllocNode:Sid=kelvin01:7052
   ReqNodeList=(null) ExcNodeList=(null)
   NodeList=
   BatchHost=kelvin-n076
   NumNodes=1 NumCPUs=12 NumTasks=1 CPUs/Task=1 ReqB:S:C:T=0:0:*:*
   TRES=cpu=12,mem=23000M,node=1,billing=12
   Socks/Node=* NtasksPerN:B:S:C=0:0:*:* CoreSpec=*
   JOB_GRES=(null)
     Nodes=kelvin-n076 CPU_IDs=0-11 Mem=23000 GRES=
   MinCPUsNode=1 MinMemoryNode=23000M MinTmpDiskNode=0
   Features=(null) DelayBoot=00:00:00
   OverSubscribe=NO Contiguous=0 Licenses=(null) Network=(null)
   Command=/home/users/mschpc/2019/zuoy/HPC/NeuralNetwork/sequential/scripts/script_PricingDefaultRisk_d500_b1.sh
   WorkDir=/home/users/mschpc/2019/zuoy/HPC/NeuralNetwork/sequential
   StdErr=/home/users/mschpc/2019/zuoy/HPC/NeuralNetwork/sequential/output/slurm-20959.out
   StdIn=/dev/null
   StdOut=/home/users/mschpc/2019/zuoy/HPC/NeuralNetwork/sequential/output/slurm-20959.out
   Power=
   NtasksPerTRES:0


Disk quota details:
===================

Quota Type           Name  Filesystem     Usage in MB     Limit in MB    % Used
-------------------------------------------------------------------------------
USER                 zuoy       /home             104          51,200     0.20%

GROUP              mschpc   /projects             999          51,200     1.95%
GROUP          pi-dgolden   /projects               0          51,200     0.00%


SLURM Bank Statement:
=====================

User           Usage |        Account     Usage | Account Limit Available (CPU hrs)
---------- --------- + -------------- --------- + ------------- ---------
zuoy           6,007 |   HPC_21_01207     6,007 |       100,000    93,993


Acknowledgements:
=================

Note that usage of TCHPC Resources *must* be acknowledged in all publications.

Please see this page for details relevant to this cluster:

http://www.tchpc.tcd.ie/resources/acknowledgementpolicy

################################################################################
