Config data loaded successfully!
Dimension: 500
Total time: 1
Number of time intervals: 40
Learning rate: 0.01
y_init_range: 40, 50
Number of neurons in each hidden layer of each subnet: 110, 110, 
Epochs: 1000
Batch size: 64
Sample size: 256
Logging frequency: 100
Model name: pricing_default_risk_serial_


Training:
Epoch:100
In training set, loss: 1667.96, Y0: 49.6614

Epoch:200
In training set, loss: 1257.7, Y0: 49.8854

Epoch:300
In training set, loss: 987.258, Y0: 49.9406

Epoch:400
In training set, loss: 799.876, Y0: 49.9826

Epoch:500
In training set, loss: 663.732, Y0: 50.0167

Epoch:600
In training set, loss: 560.978, Y0: 50.045

Epoch:700
In training set, loss: 480.803, Y0: 50.0689

Epoch:800
In training set, loss: 416.678, Y0: 50.0896

Epoch:900
In training set, loss: 364.371, Y0: 50.1078

Epoch:1000
In training set, loss: 320.971, Y0: 50.1241



###############################################################################
TCHPC Cluster: kelvin
Job 20960 (BSDE_job_1_procs) for User 'zuoy' in Account 'hpc_21_01207'
Finished at: Wed Nov 17 06:52:41 GMT 2021

Job efficiency estimates:
=========================

Job ID: 20960
Cluster: kelvin
User/Group: zuoy/zuoy
State: COMPLETED (exit code 0)
Nodes: 1
Cores per node: 12
CPU Utilized: 01:21:38
CPU Efficiency: 8.33% of 16:19:48 core-walltime
Job Wall-clock time: 01:21:39
Memory Utilized: 78.18 MB
Memory Efficiency: 0.34% of 22.46 GB

Job completion status:
======================

       JobID    JobName AllocCPUS NTasks NNodes     MaxRSS    MaxRSSNode  MaxDiskRead MaxDiskWrite    Elapsed      State ExitCode 
------------ ---------- --------- ------ ------ ---------- ------------- ------------ ------------ ---------- ---------- -------- 
20960        BSDE_job_+        12             1                                                      01:21:39  COMPLETED      0:0 
20960.batch       batch        12      1      1     80052K   kelvin-n035        0.87M        0.01M   01:21:39  COMPLETED      0:0 


Job details:
============

JobId=20960 JobName=BSDE_job_1_procs
   UserId=zuoy(1582) GroupId=zuoy(1252) MCS_label=N/A
   Priority=11909849 Nice=0 Account=hpc_21_01207 QOS=normal
   JobState=COMPLETING Reason=None Dependency=(null)
   Requeue=0 Restarts=0 BatchFlag=1 Reboot=0 ExitCode=0:0
   DerivedExitCode=0:0
   RunTime=01:21:39 TimeLimit=2-23:00:00 TimeMin=N/A
   SubmitTime=2021-11-17T02:18:19 EligibleTime=2021-11-17T02:18:19
   AccrueTime=2021-11-17T02:18:19
   StartTime=2021-11-17T05:31:02 EndTime=2021-11-17T06:52:41 Deadline=N/A
   SuspendTime=None SecsPreSuspend=0 LastSchedEval=2021-11-17T05:31:02
   Partition=compute AllocNode:Sid=kelvin01:7052
   ReqNodeList=(null) ExcNodeList=(null)
   NodeList=
   BatchHost=kelvin-n035
   NumNodes=1 NumCPUs=12 NumTasks=1 CPUs/Task=1 ReqB:S:C:T=0:0:*:*
   TRES=cpu=12,mem=23000M,node=1,billing=12
   Socks/Node=* NtasksPerN:B:S:C=0:0:*:* CoreSpec=*
   JOB_GRES=(null)
     Nodes=kelvin-n035 CPU_IDs=0-11 Mem=23000 GRES=
   MinCPUsNode=1 MinMemoryNode=23000M MinTmpDiskNode=0
   Features=(null) DelayBoot=00:00:00
   OverSubscribe=NO Contiguous=0 Licenses=(null) Network=(null)
   Command=/home/users/mschpc/2019/zuoy/HPC/NeuralNetwork/sequential/scripts/script_PricingDefaultRisk_d500_b64.sh
   WorkDir=/home/users/mschpc/2019/zuoy/HPC/NeuralNetwork/sequential
   StdErr=/home/users/mschpc/2019/zuoy/HPC/NeuralNetwork/sequential/output/slurm-20960.out
   StdIn=/dev/null
   StdOut=/home/users/mschpc/2019/zuoy/HPC/NeuralNetwork/sequential/output/slurm-20960.out
   Power=
   NtasksPerTRES:0


Disk quota details:
===================

Quota Type           Name  Filesystem     Usage in MB     Limit in MB    % Used
-------------------------------------------------------------------------------
USER                 zuoy       /home             104          51,200     0.20%

GROUP              mschpc   /projects             999          51,200     1.95%
GROUP          pi-dgolden   /projects               0          51,200     0.00%


SLURM Bank Statement:
=====================

User           Usage |        Account     Usage | Account Limit Available (CPU hrs)
---------- --------- + -------------- --------- + ------------- ---------
zuoy           5,887 |   HPC_21_01207     5,887 |       100,000    94,113


Acknowledgements:
=================

Note that usage of TCHPC Resources *must* be acknowledged in all publications.

Please see this page for details relevant to this cluster:

http://www.tchpc.tcd.ie/resources/acknowledgementpolicy

################################################################################
