Config data loaded successfully!
Dimension: 500
Total time: 1
Number of time intervals: 40
Learning rate: 0.01
y_init_range: 40, 50
Number of neurons in each hidden layer of each subnet: 110, 110, 
Epochs: 1000
Batch size: 256
Sample size: 256
Logging frequency: 100
Model name: pricing_default_risk_serial_


Training:
Epoch:100
In training set, loss: 3398.28, Y0: 46.296

Epoch:200
In training set, loss: 1942.98, Y0: 48.3693

Epoch:300
In training set, loss: 1647.92, Y0: 49.1134

Epoch:400
In training set, loss: 1496.14, Y0: 49.3952

Epoch:500
In training set, loss: 1374.24, Y0: 49.5088

Epoch:600
In training set, loss: 1266.92, Y0: 49.5603

Epoch:700
In training set, loss: 1171.05, Y0: 49.5887

Epoch:800
In training set, loss: 1085.14, Y0: 49.6083

Epoch:900
In training set, loss: 1008.12, Y0: 49.6242

Epoch:1000
In training set, loss: 938.96, Y0: 49.6384



###############################################################################
TCHPC Cluster: kelvin
Job 21076 (BSDE_job_1_procs) for User 'zuoy' in Account 'hpc_21_01207'
Finished at: Wed Nov 17 18:13:49 GMT 2021

Job efficiency estimates:
=========================

Job ID: 21076
Cluster: kelvin
User/Group: zuoy/zuoy
State: COMPLETED (exit code 0)
Nodes: 1
Cores per node: 12
CPU Utilized: 01:22:43
CPU Efficiency: 8.33% of 16:32:48 core-walltime
Job Wall-clock time: 01:22:44
Memory Utilized: 78.13 MB
Memory Efficiency: 0.34% of 22.46 GB

Job completion status:
======================

       JobID    JobName AllocCPUS NTasks NNodes     MaxRSS    MaxRSSNode  MaxDiskRead MaxDiskWrite    Elapsed      State ExitCode 
------------ ---------- --------- ------ ------ ---------- ------------- ------------ ------------ ---------- ---------- -------- 
21076        BSDE_job_+        12             1                                                      01:22:44  COMPLETED      0:0 
21076.batch       batch        12      1      1     80008K   kelvin-n079        0.85M        0.01M   01:22:44  COMPLETED      0:0 


Job details:
============

JobId=21076 JobName=BSDE_job_1_procs
   UserId=zuoy(1582) GroupId=zuoy(1252) MCS_label=N/A
   Priority=11778912 Nice=0 Account=hpc_21_01207 QOS=normal
   JobState=COMPLETING Reason=None Dependency=(null)
   Requeue=0 Restarts=0 BatchFlag=1 Reboot=0 ExitCode=0:0
   DerivedExitCode=0:0
   RunTime=01:22:44 TimeLimit=2-23:00:00 TimeMin=N/A
   SubmitTime=2021-11-17T16:11:31 EligibleTime=2021-11-17T16:11:31
   AccrueTime=2021-11-17T16:11:31
   StartTime=2021-11-17T16:51:05 EndTime=2021-11-17T18:13:49 Deadline=N/A
   SuspendTime=None SecsPreSuspend=0 LastSchedEval=2021-11-17T16:51:05
   Partition=compute AllocNode:Sid=kelvin01:6446
   ReqNodeList=(null) ExcNodeList=(null)
   NodeList=
   BatchHost=kelvin-n079
   NumNodes=1 NumCPUs=12 NumTasks=1 CPUs/Task=1 ReqB:S:C:T=0:0:*:*
   TRES=cpu=12,mem=23000M,node=1,billing=12
   Socks/Node=* NtasksPerN:B:S:C=0:0:*:* CoreSpec=*
   JOB_GRES=(null)
     Nodes=kelvin-n079 CPU_IDs=0-11 Mem=23000 GRES=
   MinCPUsNode=1 MinMemoryNode=23000M MinTmpDiskNode=0
   Features=(null) DelayBoot=00:00:00
   OverSubscribe=NO Contiguous=0 Licenses=(null) Network=(null)
   Command=/home/users/mschpc/2019/zuoy/HPC/NeuralNetwork/sequential/scripts/script_PricingDefaultRisk_d500_b256.sh
   WorkDir=/home/users/mschpc/2019/zuoy/HPC/NeuralNetwork/sequential
   StdErr=/home/users/mschpc/2019/zuoy/HPC/NeuralNetwork/sequential/output/slurm-21076.out
   StdIn=/dev/null
   StdOut=/home/users/mschpc/2019/zuoy/HPC/NeuralNetwork/sequential/output/slurm-21076.out
   Power=
   NtasksPerTRES:0


Disk quota details:
===================

Quota Type           Name  Filesystem     Usage in MB     Limit in MB    % Used
-------------------------------------------------------------------------------
USER                 zuoy       /home             104          51,200     0.20%

GROUP              mschpc   /projects             999          51,200     1.95%
GROUP          pi-dgolden   /projects               0          51,200     0.00%


SLURM Bank Statement:
=====================

User           Usage |        Account     Usage | Account Limit Available (CPU hrs)
---------- --------- + -------------- --------- + ------------- ---------
zuoy           6,387 |   HPC_21_01207     6,387 |       100,000    93,613


Acknowledgements:
=================

Note that usage of TCHPC Resources *must* be acknowledged in all publications.

Please see this page for details relevant to this cluster:

http://www.tchpc.tcd.ie/resources/acknowledgementpolicy

################################################################################
