Config data loaded successfully!
Dimension: 100
Total time: 1
Number of time intervals: 20
Learning rate: 0.01
y_init_range: 0, 1
Number of neurons in each hidden layer of each subnet: 110, 110, 
Epochs: 3000
Batch size: 64
Sample size: 256
Logging frequency: 100
Model name: HJBLQ_serial_


Training:
Epoch:100
In training set, loss: 13.4191, Y0: 4.28057

Epoch:200
In training set, loss: 9.88649, Y0: 4.37436

Epoch:300
In training set, loss: 8.11172, Y0: 4.39811

Epoch:400
In training set, loss: 6.98305, Y0: 4.41434

Epoch:500
In training set, loss: 6.22468, Y0: 4.42614

Epoch:600
In training set, loss: 5.68832, Y0: 4.43489

Epoch:700
In training set, loss: 5.2908, Y0: 4.44149

Epoch:800
In training set, loss: 4.98361, Y0: 4.44653

Epoch:900
In training set, loss: 4.73735, Y0: 4.45041

Epoch:1000
In training set, loss: 4.53352, Y0: 4.45344

Epoch:1100
In training set, loss: 4.36011, Y0: 4.45581

Epoch:1200
In training set, loss: 4.20911, Y0: 4.45767

Epoch:1300
In training set, loss: 4.07502, Y0: 4.45914

Epoch:1400
In training set, loss: 3.95395, Y0: 4.4603

Epoch:1500
In training set, loss: 3.84317, Y0: 4.46122

Epoch:1600
In training set, loss: 3.74063, Y0: 4.46195

Epoch:1700
In training set, loss: 3.64486, Y0: 4.46252

Epoch:1800
In training set, loss: 3.5547, Y0: 4.46295

Epoch:1900
In training set, loss: 3.46929, Y0: 4.46329

Epoch:2000
In training set, loss: 3.38796, Y0: 4.46355

Epoch:2100
In training set, loss: 3.31019, Y0: 4.46375

Epoch:2200
In training set, loss: 3.23554, Y0: 4.46388

Epoch:2300
In training set, loss: 3.16371, Y0: 4.46397

Epoch:2400
In training set, loss: 3.0944, Y0: 4.46402

Epoch:2500
In training set, loss: 3.02738, Y0: 4.46405

Epoch:2600
In training set, loss: 2.96248, Y0: 4.46405

Epoch:2700
In training set, loss: 2.89952, Y0: 4.46403

Epoch:2800
In training set, loss: 2.8384, Y0: 4.464

Epoch:2900
In training set, loss: 2.77898, Y0: 4.46395

Epoch:3000
In training set, loss: 2.72116, Y0: 4.46389



###############################################################################
TCHPC Cluster: kelvin
Job 20921 (BSDE_job_1_procs) for User 'zuoy' in Account 'hpc_21_01207'
Finished at: Wed Nov 17 03:39:22 GMT 2021

Job efficiency estimates:
=========================

Job ID: 20921
Cluster: kelvin
User/Group: zuoy/zuoy
State: COMPLETED (exit code 0)
Nodes: 1
Cores per node: 12
CPU Utilized: 00:23:14
CPU Efficiency: 8.33% of 04:38:48 core-walltime
Job Wall-clock time: 00:23:14
Memory Utilized: 10.00 MB
Memory Efficiency: 0.04% of 22.46 GB

Job completion status:
======================

       JobID    JobName AllocCPUS NTasks NNodes     MaxRSS    MaxRSSNode  MaxDiskRead MaxDiskWrite    Elapsed      State ExitCode 
------------ ---------- --------- ------ ------ ---------- ------------- ------------ ------------ ---------- ---------- -------- 
20921        BSDE_job_+        12             1                                                      00:23:14  COMPLETED      0:0 
20921.batch       batch        12      1      1     10236K   kelvin-n078        0.87M        0.01M   00:23:14  COMPLETED      0:0 


Job details:
============

JobId=20921 JobName=BSDE_job_1_procs
   UserId=zuoy(1582) GroupId=zuoy(1252) MCS_label=N/A
   Priority=11857592 Nice=0 Account=hpc_21_01207 QOS=normal
   JobState=COMPLETING Reason=None Dependency=(null)
   Requeue=0 Restarts=0 BatchFlag=1 Reboot=0 ExitCode=0:0
   DerivedExitCode=0:0
   RunTime=00:23:14 TimeLimit=2-23:00:00 TimeMin=N/A
   SubmitTime=2021-11-17T01:48:40 EligibleTime=2021-11-17T01:48:40
   AccrueTime=2021-11-17T01:48:40
   StartTime=2021-11-17T03:16:08 EndTime=2021-11-17T03:39:22 Deadline=N/A
   SuspendTime=None SecsPreSuspend=0 LastSchedEval=2021-11-17T03:16:08
   Partition=compute AllocNode:Sid=kelvin01:7052
   ReqNodeList=(null) ExcNodeList=(null)
   NodeList=
   BatchHost=kelvin-n078
   NumNodes=1 NumCPUs=12 NumTasks=1 CPUs/Task=1 ReqB:S:C:T=0:0:*:*
   TRES=cpu=12,mem=23000M,node=1,billing=12
   Socks/Node=* NtasksPerN:B:S:C=0:0:*:* CoreSpec=*
   JOB_GRES=(null)
     Nodes=kelvin-n078 CPU_IDs=0-11 Mem=23000 GRES=
   MinCPUsNode=1 MinMemoryNode=23000M MinTmpDiskNode=0
   Features=(null) DelayBoot=00:00:00
   OverSubscribe=NO Contiguous=0 Licenses=(null) Network=(null)
   Command=/home/users/mschpc/2019/zuoy/HPC/NeuralNetwork/sequential/scripts/script_HJBLQ_d100_b64.sh
   WorkDir=/home/users/mschpc/2019/zuoy/HPC/NeuralNetwork/sequential
   StdErr=/home/users/mschpc/2019/zuoy/HPC/NeuralNetwork/sequential/output/slurm-20921.out
   StdIn=/dev/null
   StdOut=/home/users/mschpc/2019/zuoy/HPC/NeuralNetwork/sequential/output/slurm-20921.out
   Power=
   NtasksPerTRES:0


Disk quota details:
===================

Quota Type           Name  Filesystem     Usage in MB     Limit in MB    % Used
-------------------------------------------------------------------------------
USER                 zuoy       /home             101          51,200     0.20%

GROUP              mschpc   /projects             999          51,200     1.95%
GROUP          pi-dgolden   /projects               0          51,200     0.00%


SLURM Bank Statement:
=====================

User           Usage |        Account     Usage | Account Limit Available (CPU hrs)
---------- --------- + -------------- --------- + ------------- ---------
zuoy           5,292 |   HPC_21_01207     5,292 |       100,000    94,708


Acknowledgements:
=================

Note that usage of TCHPC Resources *must* be acknowledged in all publications.

Please see this page for details relevant to this cluster:

http://www.tchpc.tcd.ie/resources/acknowledgementpolicy

################################################################################
