Config data loaded successfully!
Dimension: 100
Total time: 0.2
Number of time intervals: 20
Learning rate: 0.0005
y_init_range: 0.3, 0.5
Number of neurons in each hidden layer of each subnet: 110, 110, 
Epochs: 4000
Batch size: 1
Sample size: 256
Logging frequency: 100
Model name: AllenCahn_serial_


Training:
Epoch:100
In training set, loss: 1.13625, Y0: 0.0609529

Epoch:200
In training set, loss: 1.0433, Y0: 0.0608225

Epoch:300
In training set, loss: 0.968912, Y0: 0.0607062

Epoch:400
In training set, loss: 0.90842, Y0: 0.060577

Epoch:500
In training set, loss: 0.85847, Y0: 0.0604404

Epoch:600
In training set, loss: 0.816623, Y0: 0.0603008

Epoch:700
In training set, loss: 0.781093, Y0: 0.0601611

Epoch:800
In training set, loss: 0.750545, Y0: 0.0600232

Epoch:900
In training set, loss: 0.723979, Y0: 0.0598887

Epoch:1000
In training set, loss: 0.700629, Y0: 0.0597584

Epoch:1100
In training set, loss: 0.679911, Y0: 0.0596329

Epoch:1200
In training set, loss: 0.661366, Y0: 0.0595128

Epoch:1300
In training set, loss: 0.644631, Y0: 0.059398

Epoch:1400
In training set, loss: 0.629422, Y0: 0.0592881

Epoch:1500
In training set, loss: 0.615508, Y0: 0.0591834

Epoch:1600
In training set, loss: 0.602699, Y0: 0.0590838

Epoch:1700
In training set, loss: 0.590843, Y0: 0.058989

Epoch:1800
In training set, loss: 0.579814, Y0: 0.0588989

Epoch:1900
In training set, loss: 0.569505, Y0: 0.0588136

Epoch:2000
In training set, loss: 0.559826, Y0: 0.0587325

Epoch:2100
In training set, loss: 0.550703, Y0: 0.0586557

Epoch:2200
In training set, loss: 0.542073, Y0: 0.0585828

Epoch:2300
In training set, loss: 0.533881, Y0: 0.0585138

Epoch:2400
In training set, loss: 0.526085, Y0: 0.0584485

Epoch:2500
In training set, loss: 0.518645, Y0: 0.0583866

Epoch:2600
In training set, loss: 0.511526, Y0: 0.0583278

Epoch:2700
In training set, loss: 0.504697, Y0: 0.058272

Epoch:2800
In training set, loss: 0.498133, Y0: 0.0582191

Epoch:2900
In training set, loss: 0.49181, Y0: 0.0581688

Epoch:3000
In training set, loss: 0.48571, Y0: 0.058121

Epoch:3100
In training set, loss: 0.479812, Y0: 0.0580756

Epoch:3200
In training set, loss: 0.474104, Y0: 0.0580325

Epoch:3300
In training set, loss: 0.46857, Y0: 0.0579915

Epoch:3400
In training set, loss: 0.463196, Y0: 0.0579522

Epoch:3500
In training set, loss: 0.457973, Y0: 0.0579149

Epoch:3600
In training set, loss: 0.452889, Y0: 0.0578794

Epoch:3700
In training set, loss: 0.447936, Y0: 0.0578455

Epoch:3800
In training set, loss: 0.443106, Y0: 0.0578131

Epoch:3900
In training set, loss: 0.438391, Y0: 0.057782

Epoch:4000
In training set, loss: 0.433785, Y0: 0.0577522



###############################################################################
TCHPC Cluster: kelvin
Job 21633 (BSDE_job_1_procs) for User 'zuoy' in Account 'hpc_21_01207'
Finished at: Fri Nov 19 14:43:04 GMT 2021

Job efficiency estimates:
=========================

Job ID: 21633
Cluster: kelvin
User/Group: zuoy/zuoy
State: COMPLETED (exit code 0)
Nodes: 1
Cores per node: 12
CPU Utilized: 00:43:50
CPU Efficiency: 8.33% of 08:46:24 core-walltime
Job Wall-clock time: 00:43:52
Memory Utilized: 9.96 MB
Memory Efficiency: 0.04% of 22.46 GB

Job completion status:
======================

       JobID    JobName AllocCPUS NTasks NNodes     MaxRSS    MaxRSSNode  MaxDiskRead MaxDiskWrite    Elapsed      State ExitCode 
------------ ---------- --------- ------ ------ ---------- ------------- ------------ ------------ ---------- ---------- -------- 
21633        BSDE_job_+        12             1                                                      00:43:52  COMPLETED      0:0 
21633.batch       batch        12      1      1     10200K   kelvin-n099        0.85M        0.01M   00:43:52  COMPLETED      0:0 


Job details:
============

JobId=21633 JobName=BSDE_job_1_procs
   UserId=zuoy(1582) GroupId=zuoy(1252) MCS_label=N/A
   Priority=11053614 Nice=0 Account=hpc_21_01207 QOS=normal
   JobState=COMPLETING Reason=None Dependency=(null)
   Requeue=0 Restarts=0 BatchFlag=1 Reboot=0 ExitCode=0:0
   DerivedExitCode=0:0
   RunTime=00:43:52 TimeLimit=2-23:00:00 TimeMin=N/A
   SubmitTime=2021-11-19T13:41:43 EligibleTime=2021-11-19T13:41:43
   AccrueTime=2021-11-19T13:41:43
   StartTime=2021-11-19T13:59:11 EndTime=2021-11-19T14:43:03 Deadline=N/A
   SuspendTime=None SecsPreSuspend=0 LastSchedEval=2021-11-19T13:59:11
   Partition=compute AllocNode:Sid=kelvin01:22213
   ReqNodeList=(null) ExcNodeList=(null)
   NodeList=
   BatchHost=kelvin-n099
   NumNodes=1 NumCPUs=12 NumTasks=1 CPUs/Task=1 ReqB:S:C:T=0:0:*:*
   TRES=cpu=12,mem=23000M,node=1,billing=12
   Socks/Node=* NtasksPerN:B:S:C=0:0:*:* CoreSpec=*
   JOB_GRES=(null)
     Nodes=kelvin-n099 CPU_IDs=0-11 Mem=23000 GRES=
   MinCPUsNode=1 MinMemoryNode=23000M MinTmpDiskNode=0
   Features=(null) DelayBoot=00:00:00
   OverSubscribe=NO Contiguous=0 Licenses=(null) Network=(null)
   Command=/home/users/mschpc/2019/zuoy/HPC/NeuralNetwork/sequential/scripts/script_AllenCahn_d300_b1.sh
   WorkDir=/home/users/mschpc/2019/zuoy/HPC/NeuralNetwork/sequential
   StdErr=/home/users/mschpc/2019/zuoy/HPC/NeuralNetwork/sequential/output/slurm-21633.out
   StdIn=/dev/null
   StdOut=/home/users/mschpc/2019/zuoy/HPC/NeuralNetwork/sequential/output/slurm-21633.out
   Power=
   NtasksPerTRES:0


Disk quota details:
===================

Quota Type           Name  Filesystem     Usage in MB     Limit in MB    % Used
-------------------------------------------------------------------------------
USER                 zuoy       /home             109          51,200     0.21%

GROUP              mschpc   /projects             999          51,200     1.95%
GROUP          pi-dgolden   /projects               0          51,200     0.00%


SLURM Bank Statement:
=====================

User           Usage |        Account     Usage | Account Limit Available (CPU hrs)
---------- --------- + -------------- --------- + ------------- ---------
zuoy          10,485 |   HPC_21_01207    10,485 |       100,000    89,515


Acknowledgements:
=================

Note that usage of TCHPC Resources *must* be acknowledged in all publications.

Please see this page for details relevant to this cluster:

http://www.tchpc.tcd.ie/resources/acknowledgementpolicy

################################################################################
