Config data loaded successfully!
Dimension: 100
Total time: 0.25
Number of time intervals: 20
Learning rate: 0.0005
y_init_range: 0.3, 0.5
Number of neurons in each hidden layer of each subnet: 110, 110, 
Epochs: 4000
Batch size: 16
Sample size: 256
Logging frequency: 100
Model name: AllenCahn_serial_


Training:
Epoch:100
In training set, loss: 3.4474, Y0: 0.199384

Epoch:200
In training set, loss: 2.31678, Y0: 0.141366

Epoch:300
In training set, loss: 1.91004, Y0: 0.10696

Epoch:400
In training set, loss: 1.75456, Y0: 0.0863279

Epoch:500
In training set, loss: 1.68912, Y0: 0.0738974

Epoch:600
In training set, loss: 1.65648, Y0: 0.0663932

Epoch:700
In training set, loss: 1.63599, Y0: 0.0618606

Epoch:800
In training set, loss: 1.62013, Y0: 0.0591245

Epoch:900
In training set, loss: 1.60612, Y0: 0.0574755

Epoch:1000
In training set, loss: 1.59297, Y0: 0.0564849

Epoch:1100
In training set, loss: 1.58029, Y0: 0.0558931

Epoch:1200
In training set, loss: 1.56794, Y0: 0.0555429

Epoch:1300
In training set, loss: 1.55587, Y0: 0.055339

Epoch:1400
In training set, loss: 1.54405, Y0: 0.0552237

Epoch:1500
In training set, loss: 1.53247, Y0: 0.0551618

Epoch:1600
In training set, loss: 1.52111, Y0: 0.0551323

Epoch:1700
In training set, loss: 1.50999, Y0: 0.0551222

Epoch:1800
In training set, loss: 1.49908, Y0: 0.0551236

Epoch:1900
In training set, loss: 1.48838, Y0: 0.055132

Epoch:2000
In training set, loss: 1.4779, Y0: 0.0551445

Epoch:2100
In training set, loss: 1.46762, Y0: 0.0551592

Epoch:2200
In training set, loss: 1.45754, Y0: 0.0551751

Epoch:2300
In training set, loss: 1.44765, Y0: 0.0551915

Epoch:2400
In training set, loss: 1.43795, Y0: 0.0552082

Epoch:2500
In training set, loss: 1.42843, Y0: 0.0552249

Epoch:2600
In training set, loss: 1.4191, Y0: 0.0552414

Epoch:2700
In training set, loss: 1.40994, Y0: 0.0552576

Epoch:2800
In training set, loss: 1.40096, Y0: 0.0552736

Epoch:2900
In training set, loss: 1.39215, Y0: 0.0552892

Epoch:3000
In training set, loss: 1.3835, Y0: 0.0553045

Epoch:3100
In training set, loss: 1.37501, Y0: 0.0553196

Epoch:3200
In training set, loss: 1.36668, Y0: 0.0553342

Epoch:3300
In training set, loss: 1.3585, Y0: 0.0553484

Epoch:3400
In training set, loss: 1.35047, Y0: 0.0553624

Epoch:3500
In training set, loss: 1.34259, Y0: 0.055376

Epoch:3600
In training set, loss: 1.33486, Y0: 0.0553893

Epoch:3700
In training set, loss: 1.32727, Y0: 0.0554023

Epoch:3800
In training set, loss: 1.31981, Y0: 0.0554153

Epoch:3900
In training set, loss: 1.31249, Y0: 0.0554278

Epoch:4000
In training set, loss: 1.3053, Y0: 0.0554399



###############################################################################
TCHPC Cluster: kelvin
Job 21642 (BSDE_job_1_procs) for User 'zuoy' in Account 'hpc_21_01207'
Finished at: Fri Nov 19 14:44:34 GMT 2021

Job efficiency estimates:
=========================

Job ID: 21642
Cluster: kelvin
User/Group: zuoy/zuoy
State: RUNNING
Nodes: 1
Cores per node: 12
CPU Utilized: 00:31:29
CPU Efficiency: 8.32% of 06:18:12 core-walltime
Job Wall-clock time: 00:31:31
Memory Utilized: 9.96 MB
Memory Efficiency: 0.04% of 22.46 GB
WARNING: Efficiency statistics may be misleading for RUNNING jobs.

Job completion status:
======================

       JobID    JobName AllocCPUS NTasks NNodes     MaxRSS    MaxRSSNode  MaxDiskRead MaxDiskWrite    Elapsed      State ExitCode 
------------ ---------- --------- ------ ------ ---------- ------------- ------------ ------------ ---------- ---------- -------- 
21642        BSDE_job_+        12             1                                                      00:31:30  COMPLETED      0:0 
21642.batch       batch        12      1      1     10200K   kelvin-n029        0.85M        0.01M   00:31:30  COMPLETED      0:0 


Job details:
============

JobId=21642 JobName=BSDE_job_1_procs
   UserId=zuoy(1582) GroupId=zuoy(1252) MCS_label=N/A
   Priority=11060550 Nice=0 Account=hpc_21_01207 QOS=normal
   JobState=COMPLETING Reason=None Dependency=(null)
   Requeue=0 Restarts=0 BatchFlag=1 Reboot=0 ExitCode=0:0
   DerivedExitCode=0:0
   RunTime=00:31:30 TimeLimit=2-23:00:00 TimeMin=N/A
   SubmitTime=2021-11-19T13:41:44 EligibleTime=2021-11-19T13:41:44
   AccrueTime=2021-11-19T13:41:44
   StartTime=2021-11-19T14:13:04 EndTime=2021-11-19T14:44:34 Deadline=N/A
   SuspendTime=None SecsPreSuspend=0 LastSchedEval=2021-11-19T14:13:04
   Partition=compute AllocNode:Sid=kelvin01:22213
   ReqNodeList=(null) ExcNodeList=(null)
   NodeList=
   BatchHost=kelvin-n029
   NumNodes=1 NumCPUs=12 NumTasks=1 CPUs/Task=1 ReqB:S:C:T=0:0:*:*
   TRES=cpu=12,mem=23000M,node=1,billing=12
   Socks/Node=* NtasksPerN:B:S:C=0:0:*:* CoreSpec=*
   JOB_GRES=(null)
     Nodes=kelvin-n029 CPU_IDs=0-11 Mem=23000 GRES=
   MinCPUsNode=1 MinMemoryNode=23000M MinTmpDiskNode=0
   Features=(null) DelayBoot=00:00:00
   OverSubscribe=NO Contiguous=0 Licenses=(null) Network=(null)
   Command=/home/users/mschpc/2019/zuoy/HPC/NeuralNetwork/sequential/scripts/script_AllenCahn_d200_b64.sh
   WorkDir=/home/users/mschpc/2019/zuoy/HPC/NeuralNetwork/sequential
   StdErr=/home/users/mschpc/2019/zuoy/HPC/NeuralNetwork/sequential/output/slurm-21642.out
   StdIn=/dev/null
   StdOut=/home/users/mschpc/2019/zuoy/HPC/NeuralNetwork/sequential/output/slurm-21642.out
   Power=
   NtasksPerTRES:0


Disk quota details:
===================

Quota Type           Name  Filesystem     Usage in MB     Limit in MB    % Used
-------------------------------------------------------------------------------
USER                 zuoy       /home             109          51,200     0.21%

GROUP              mschpc   /projects             999          51,200     1.95%
GROUP          pi-dgolden   /projects               0          51,200     0.00%


SLURM Bank Statement:
=====================

User           Usage |        Account     Usage | Account Limit Available (CPU hrs)
---------- --------- + -------------- --------- + ------------- ---------
zuoy          10,488 |   HPC_21_01207    10,488 |       100,000    89,512


Acknowledgements:
=================

Note that usage of TCHPC Resources *must* be acknowledged in all publications.

Please see this page for details relevant to this cluster:

http://www.tchpc.tcd.ie/resources/acknowledgementpolicy

################################################################################
