Config data loaded successfully!
Dimension: 400
Total time: 1
Number of time intervals: 40
Learning rate: 0.01
y_init_range: 40, 50
Number of neurons in each hidden layer of each subnet: 110, 110, 
Epochs: 1000
Batch size: 64
Sample size: 256
Logging frequency: 100
Model name: pricing_default_risk_serial_


Training:
Epoch:100
In training set, loss: 1870.85, Y0: 50.2953

Epoch:200
In training set, loss: 1494.25, Y0: 50.5354

Epoch:300
In training set, loss: 1229.29, Y0: 50.5893

Epoch:400
In training set, loss: 1035.24, Y0: 50.632

Epoch:500
In training set, loss: 888.632, Y0: 50.668

Epoch:600
In training set, loss: 775.003, Y0: 50.6979

Epoch:700
In training set, loss: 684.983, Y0: 50.7228

Epoch:800
In training set, loss: 612.151, Y0: 50.7436

Epoch:900
In training set, loss: 552.119, Y0: 50.7611

Epoch:1000
In training set, loss: 501.85, Y0: 50.7758



###############################################################################
TCHPC Cluster: kelvin
Job 20831 (BSDE_job_1_procs) for User 'zuoy' in Account 'hpc_21_01207'
Finished at: Wed Nov 17 01:06:37 GMT 2021

Job efficiency estimates:
=========================

Job ID: 20831
Cluster: kelvin
User/Group: zuoy/zuoy
State: RUNNING
Nodes: 1
Cores per node: 12
CPU Utilized: 01:15:36
CPU Efficiency: 8.33% of 15:07:36 core-walltime
Job Wall-clock time: 01:15:38
Memory Utilized: 63.41 MB
Memory Efficiency: 0.28% of 22.46 GB
WARNING: Efficiency statistics may be misleading for RUNNING jobs.

Job completion status:
======================

       JobID    JobName AllocCPUS NTasks NNodes     MaxRSS    MaxRSSNode  MaxDiskRead MaxDiskWrite    Elapsed      State ExitCode 
------------ ---------- --------- ------ ------ ---------- ------------- ------------ ------------ ---------- ---------- -------- 
20831        BSDE_job_+        12             1                                                      01:15:38  COMPLETED      0:0 
20831.batch       batch        12      1      1     64932K   kelvin-n075        0.87M        0.01M   01:15:38  COMPLETED      0:0 


Job details:
============

JobId=20831 JobName=BSDE_job_1_procs
   UserId=zuoy(1582) GroupId=zuoy(1252) MCS_label=N/A
   Priority=11828673 Nice=0 Account=hpc_21_01207 QOS=normal
   JobState=COMPLETING Reason=None Dependency=(null)
   Requeue=0 Restarts=0 BatchFlag=1 Reboot=0 ExitCode=0:0
   DerivedExitCode=0:0
   RunTime=01:15:38 TimeLimit=2-23:00:00 TimeMin=N/A
   SubmitTime=2021-11-16T23:21:58 EligibleTime=2021-11-16T23:21:58
   AccrueTime=2021-11-16T23:21:58
   StartTime=2021-11-16T23:50:59 EndTime=2021-11-17T01:06:37 Deadline=N/A
   SuspendTime=None SecsPreSuspend=0 LastSchedEval=2021-11-16T23:50:59
   Partition=compute AllocNode:Sid=kelvin01:28149
   ReqNodeList=(null) ExcNodeList=(null)
   NodeList=
   BatchHost=kelvin-n075
   NumNodes=1 NumCPUs=12 NumTasks=1 CPUs/Task=1 ReqB:S:C:T=0:0:*:*
   TRES=cpu=12,mem=23000M,node=1,billing=12
   Socks/Node=* NtasksPerN:B:S:C=0:0:*:* CoreSpec=*
   JOB_GRES=(null)
     Nodes=kelvin-n075 CPU_IDs=0-11 Mem=23000 GRES=
   MinCPUsNode=1 MinMemoryNode=23000M MinTmpDiskNode=0
   Features=(null) DelayBoot=00:00:00
   OverSubscribe=NO Contiguous=0 Licenses=(null) Network=(null)
   Command=/home/users/mschpc/2019/zuoy/HPC/NeuralNetwork/sequential/scripts/script_PricingDefaultRisk_d400_b64.sh
   WorkDir=/home/users/mschpc/2019/zuoy/HPC/NeuralNetwork/sequential
   StdErr=/home/users/mschpc/2019/zuoy/HPC/NeuralNetwork/sequential/output/slurm-20831.out
   StdIn=/dev/null
   StdOut=/home/users/mschpc/2019/zuoy/HPC/NeuralNetwork/sequential/output/slurm-20831.out
   Power=
   NtasksPerTRES:0


Disk quota details:
===================

Quota Type           Name  Filesystem     Usage in MB     Limit in MB    % Used
-------------------------------------------------------------------------------
USER                 zuoy       /home             103          51,200     0.20%

GROUP              mschpc   /projects             999          51,200     1.95%
GROUP          pi-dgolden   /projects               0          51,200     0.00%


SLURM Bank Statement:
=====================

User           Usage |        Account     Usage | Account Limit Available (CPU hrs)
---------- --------- + -------------- --------- + ------------- ---------
zuoy           4,925 |   HPC_21_01207     4,925 |       100,000    95,075


Acknowledgements:
=================

Note that usage of TCHPC Resources *must* be acknowledged in all publications.

Please see this page for details relevant to this cluster:

http://www.tchpc.tcd.ie/resources/acknowledgementpolicy

################################################################################
