Config data loaded successfully!
Dimension: 300
Total time: 1
Number of time intervals: 20
Learning rate: 0.01
y_init_range: 0, 1
Number of neurons in each hidden layer of each subnet: 110, 110, 
Epochs: 1000
Batch size: 64
Sample size: 1024
Logging frequency: 100
Model name: HJBLQ_serial_


Training:
Epoch:100
In training set, loss: 25.2097, Y0: 5.55005

Epoch:200
In training set, loss: 11.4981, Y0: 5.61431

Epoch:300
In training set, loss: 7.79166, Y0: 5.6408

Epoch:400
In training set, loss: 6.42536, Y0: 5.65382

Epoch:500
In training set, loss: 5.81833, Y0: 5.66096

Epoch:600
In training set, loss: 5.51173, Y0: 5.66517

Epoch:700
In training set, loss: 5.33931, Y0: 5.6678

Epoch:800
In training set, loss: 5.2319, Y0: 5.6695

Epoch:900
In training set, loss: 5.15789, Y0: 5.67065

Epoch:1000
In training set, loss: 5.10189, Y0: 5.67143



###############################################################################
TCHPC Cluster: kelvin
Job 21727 (BSDE_job_1_procs) for User 'zuoy' in Account 'hpc_21_01207'
Finished at: Fri Nov 19 23:48:01 GMT 2021

Job efficiency estimates:
=========================

Job ID: 21727
Cluster: kelvin
User/Group: zuoy/zuoy
State: COMPLETED (exit code 0)
Nodes: 1
Cores per node: 12
CPU Utilized: 01:10:12
CPU Efficiency: 8.33% of 14:02:36 core-walltime
Job Wall-clock time: 01:10:13
Memory Utilized: 61.96 MB
Memory Efficiency: 0.27% of 22.46 GB

Job completion status:
======================

       JobID    JobName AllocCPUS NTasks NNodes     MaxRSS    MaxRSSNode  MaxDiskRead MaxDiskWrite    Elapsed      State ExitCode 
------------ ---------- --------- ------ ------ ---------- ------------- ------------ ------------ ---------- ---------- -------- 
21727        BSDE_job_+        12             1                                                      01:10:13  COMPLETED      0:0 
21727.batch       batch        12      1      1     63444K   kelvin-n096        0.85M        0.01M   01:10:13  COMPLETED      0:0 


Job details:
============

JobId=21727 JobName=BSDE_job_1_procs
   UserId=zuoy(1582) GroupId=zuoy(1252) MCS_label=N/A
   Priority=11057458 Nice=0 Account=hpc_21_01207 QOS=normal
   JobState=COMPLETING Reason=None Dependency=(null)
   Requeue=0 Restarts=0 BatchFlag=1 Reboot=0 ExitCode=0:0
   DerivedExitCode=0:0
   RunTime=01:10:13 TimeLimit=2-23:00:00 TimeMin=N/A
   SubmitTime=2021-11-19T22:11:58 EligibleTime=2021-11-19T22:11:58
   AccrueTime=2021-11-19T22:11:58
   StartTime=2021-11-19T22:37:48 EndTime=2021-11-19T23:48:01 Deadline=N/A
   SuspendTime=None SecsPreSuspend=0 LastSchedEval=2021-11-19T22:37:48
   Partition=compute AllocNode:Sid=kelvin01:22213
   ReqNodeList=(null) ExcNodeList=(null)
   NodeList=
   BatchHost=kelvin-n096
   NumNodes=1 NumCPUs=12 NumTasks=1 CPUs/Task=1 ReqB:S:C:T=0:0:*:*
   TRES=cpu=12,mem=23000M,node=1,billing=12
   Socks/Node=* NtasksPerN:B:S:C=0:0:*:* CoreSpec=*
   JOB_GRES=(null)
     Nodes=kelvin-n096 CPU_IDs=0-11 Mem=23000 GRES=
   MinCPUsNode=1 MinMemoryNode=23000M MinTmpDiskNode=0
   Features=(null) DelayBoot=00:00:00
   OverSubscribe=NO Contiguous=0 Licenses=(null) Network=(null)
   Command=/home/users/mschpc/2019/zuoy/HPC/NeuralNetwork/sequential/scripts/script_HJBLQ_d300_b64.sh
   WorkDir=/home/users/mschpc/2019/zuoy/HPC/NeuralNetwork/sequential
   StdErr=/home/users/mschpc/2019/zuoy/HPC/NeuralNetwork/sequential/output/slurm-21727.out
   StdIn=/dev/null
   StdOut=/home/users/mschpc/2019/zuoy/HPC/NeuralNetwork/sequential/output/slurm-21727.out
   Power=
   NtasksPerTRES:0


Disk quota details:
===================

Quota Type           Name  Filesystem     Usage in MB     Limit in MB    % Used
-------------------------------------------------------------------------------
USER                 zuoy       /home             111          51,200     0.22%

GROUP              mschpc   /projects             999          51,200     1.95%
GROUP          pi-dgolden   /projects               0          51,200     0.00%


SLURM Bank Statement:
=====================

User           Usage |        Account     Usage | Account Limit Available (CPU hrs)
---------- --------- + -------------- --------- + ------------- ---------
zuoy          11,084 |   HPC_21_01207    11,084 |       100,000    88,916


Acknowledgements:
=================

Note that usage of TCHPC Resources *must* be acknowledged in all publications.

Please see this page for details relevant to this cluster:

http://www.tchpc.tcd.ie/resources/acknowledgementpolicy

################################################################################
