Config data loaded successfully!
Dimension: 100
Total time: 0.3
Number of time intervals: 20
Learning rate: 0.0005
y_init_range: 0.3, 0.5
Number of neurons in each hidden layer of each subnet: 110, 110, 
Epochs: 4000
Batch size: 64
Sample size: 1024
Logging frequency: 100
Model name: AllenCahn_serial_


Training:
Epoch:100
In training set, loss: 15.0835, Y0: 0.203309

Epoch:200
In training set, loss: 10.6189, Y0: 0.145256

Epoch:300
In training set, loss: 8.8944, Y0: 0.109331

Epoch:400
In training set, loss: 8.20128, Y0: 0.0868219

Epoch:500
In training set, loss: 7.91032, Y0: 0.07264

Epoch:600
In training set, loss: 7.77884, Y0: 0.0636833

Epoch:700
In training set, loss: 7.71124, Y0: 0.0580223

Epoch:800
In training set, loss: 7.66947, Y0: 0.0544455

Epoch:900
In training set, loss: 7.63829, Y0: 0.0521887

Epoch:1000
In training set, loss: 7.61158, Y0: 0.0507683

Epoch:1100
In training set, loss: 7.58691, Y0: 0.0498786

Epoch:1200
In training set, loss: 7.56324, Y0: 0.0493253

Epoch:1300
In training set, loss: 7.54021, Y0: 0.0489854

Epoch:1400
In training set, loss: 7.51762, Y0: 0.0487809

Epoch:1500
In training set, loss: 7.4954, Y0: 0.0486622

Epoch:1600
In training set, loss: 7.47354, Y0: 0.0485977

Epoch:1700
In training set, loss: 7.45201, Y0: 0.0485675

Epoch:1800
In training set, loss: 7.43081, Y0: 0.0485593

Epoch:1900
In training set, loss: 7.40993, Y0: 0.0485647

Epoch:2000
In training set, loss: 7.38937, Y0: 0.0485787

Epoch:2100
In training set, loss: 7.3691, Y0: 0.0485978

Epoch:2200
In training set, loss: 7.34913, Y0: 0.0486203

Epoch:2300
In training set, loss: 7.32945, Y0: 0.0486447

Epoch:2400
In training set, loss: 7.31008, Y0: 0.0486702

Epoch:2500
In training set, loss: 7.29098, Y0: 0.0486963

Epoch:2600
In training set, loss: 7.27216, Y0: 0.0487227

Epoch:2700
In training set, loss: 7.25361, Y0: 0.0487492

Epoch:2800
In training set, loss: 7.23534, Y0: 0.0487756

Epoch:2900
In training set, loss: 7.21733, Y0: 0.0488018

Epoch:3000
In training set, loss: 7.19959, Y0: 0.0488278

Epoch:3100
In training set, loss: 7.1821, Y0: 0.0488536

Epoch:3200
In training set, loss: 7.16487, Y0: 0.0488791

Epoch:3300
In training set, loss: 7.14788, Y0: 0.0489043

Epoch:3400
In training set, loss: 7.13113, Y0: 0.0489293

Epoch:3500
In training set, loss: 7.11463, Y0: 0.048954

Epoch:3600
In training set, loss: 7.09837, Y0: 0.0489784

Epoch:3700
In training set, loss: 7.08233, Y0: 0.0490027

Epoch:3800
In training set, loss: 7.06653, Y0: 0.0490265

Epoch:3900
In training set, loss: 7.05095, Y0: 0.0490501

Epoch:4000
In training set, loss: 7.03559, Y0: 0.0490736



###############################################################################
TCHPC Cluster: kelvin
Job 22182 (BSDE_job_1_procs) for User 'zuoy' in Account 'hpc_21_01207'
Finished at: Sat Nov 20 21:43:36 GMT 2021

Job efficiency estimates:
=========================

Job ID: 22182
Cluster: kelvin
User/Group: zuoy/zuoy
State: COMPLETED (exit code 0)
Nodes: 1
Cores per node: 12
CPU Utilized: 02:03:35
CPU Efficiency: 8.33% of 1-00:43:24 core-walltime
Job Wall-clock time: 02:03:37
Memory Utilized: 23.23 MB
Memory Efficiency: 0.10% of 22.46 GB

Job completion status:
======================

       JobID    JobName AllocCPUS NTasks NNodes     MaxRSS    MaxRSSNode  MaxDiskRead MaxDiskWrite    Elapsed      State ExitCode 
------------ ---------- --------- ------ ------ ---------- ------------- ------------ ------------ ---------- ---------- -------- 
22182        BSDE_job_+        12             1                                                      02:03:37  COMPLETED      0:0 
22182.batch       batch        12      1      1     23784K   kelvin-n084        0.85M        0.01M   02:03:37  COMPLETED      0:0 


Job details:
============

JobId=22182 JobName=BSDE_job_1_procs
   UserId=zuoy(1582) GroupId=zuoy(1252) MCS_label=N/A
   Priority=11173455 Nice=0 Account=hpc_21_01207 QOS=normal
   JobState=COMPLETING Reason=None Dependency=(null)
   Requeue=0 Restarts=0 BatchFlag=1 Reboot=0 ExitCode=0:0
   DerivedExitCode=0:0
   RunTime=02:03:37 TimeLimit=2-23:00:00 TimeMin=N/A
   SubmitTime=2021-11-20T15:21:07 EligibleTime=2021-11-20T15:21:07
   AccrueTime=2021-11-20T15:21:07
   StartTime=2021-11-20T19:39:59 EndTime=2021-11-20T21:43:36 Deadline=N/A
   SuspendTime=None SecsPreSuspend=0 LastSchedEval=2021-11-20T19:39:59
   Partition=compute AllocNode:Sid=kelvin01:20266
   ReqNodeList=(null) ExcNodeList=(null)
   NodeList=
   BatchHost=kelvin-n084
   NumNodes=1 NumCPUs=12 NumTasks=1 CPUs/Task=1 ReqB:S:C:T=0:0:*:*
   TRES=cpu=12,mem=23000M,node=1,billing=12
   Socks/Node=* NtasksPerN:B:S:C=0:0:*:* CoreSpec=*
   JOB_GRES=(null)
     Nodes=kelvin-n084 CPU_IDs=0-11 Mem=23000 GRES=
   MinCPUsNode=1 MinMemoryNode=23000M MinTmpDiskNode=0
   Features=(null) DelayBoot=00:00:00
   OverSubscribe=NO Contiguous=0 Licenses=(null) Network=(null)
   Command=/home/users/mschpc/2019/zuoy/HPC/NeuralNetwork/sequential/scripts/script_AllenCahn_d100_b64.sh
   WorkDir=/home/users/mschpc/2019/zuoy/HPC/NeuralNetwork/sequential
   StdErr=/home/users/mschpc/2019/zuoy/HPC/NeuralNetwork/sequential/output/slurm-22182.out
   StdIn=/dev/null
   StdOut=/home/users/mschpc/2019/zuoy/HPC/NeuralNetwork/sequential/output/slurm-22182.out
   Power=
   NtasksPerTRES:0


Disk quota details:
===================

Quota Type           Name  Filesystem     Usage in MB     Limit in MB    % Used
-------------------------------------------------------------------------------
USER                 zuoy       /home             118          51,200     0.23%

GROUP              mschpc   /projects             999          51,200     1.95%
GROUP          pi-dgolden   /projects               0          51,200     0.00%


SLURM Bank Statement:
=====================

User           Usage |        Account     Usage | Account Limit Available (CPU hrs)
---------- --------- + -------------- --------- + ------------- ---------
zuoy          14,459 |   HPC_21_01207    14,459 |       100,000    85,541


Acknowledgements:
=================

Note that usage of TCHPC Resources *must* be acknowledged in all publications.

Please see this page for details relevant to this cluster:

http://www.tchpc.tcd.ie/resources/acknowledgementpolicy

################################################################################
