Config data loaded successfully!
Dimension: 200
Total time: 0.3
Number of time intervals: 20
Learning rate: 0.0005
y_init_range: 0.3, 0.5
Number of neurons in each hidden layer of each subnet: 110, 110, 
Epochs: 4000
Batch size: 256
Sample size: 256
Logging frequency: 100
Model name: AllenCahn_serial_


Training:
Epoch:100
In training set, loss: 5.94895, Y0: 0.292147

Epoch:200
In training set, loss: 5.64944, Y0: 0.284567

Epoch:300
In training set, loss: 5.37015, Y0: 0.277247

Epoch:400
In training set, loss: 5.10952, Y0: 0.270178

Epoch:500
In training set, loss: 4.86612, Y0: 0.263347

Epoch:600
In training set, loss: 4.63865, Y0: 0.256744

Epoch:700
In training set, loss: 4.42594, Y0: 0.25036

Epoch:800
In training set, loss: 4.22689, Y0: 0.244186

Epoch:900
In training set, loss: 4.04054, Y0: 0.238213

Epoch:1000
In training set, loss: 3.86597, Y0: 0.232433

Epoch:1100
In training set, loss: 3.70236, Y0: 0.226838

Epoch:1200
In training set, loss: 3.54894, Y0: 0.221422

Epoch:1300
In training set, loss: 3.40503, Y0: 0.216178

Epoch:1400
In training set, loss: 3.26996, Y0: 0.211098

Epoch:1500
In training set, loss: 3.14316, Y0: 0.206177

Epoch:1600
In training set, loss: 3.02405, Y0: 0.20141

Epoch:1700
In training set, loss: 2.91214, Y0: 0.19679

Epoch:1800
In training set, loss: 2.80697, Y0: 0.192313

Epoch:1900
In training set, loss: 2.70808, Y0: 0.187973

Epoch:2000
In training set, loss: 2.61507, Y0: 0.183765

Epoch:2100
In training set, loss: 2.52758, Y0: 0.179686

Epoch:2200
In training set, loss: 2.44524, Y0: 0.17573

Epoch:2300
In training set, loss: 2.36774, Y0: 0.171893

Epoch:2400
In training set, loss: 2.29476, Y0: 0.168172

Epoch:2500
In training set, loss: 2.22603, Y0: 0.164563

Epoch:2600
In training set, loss: 2.16128, Y0: 0.161061

Epoch:2700
In training set, loss: 2.10028, Y0: 0.157664

Epoch:2800
In training set, loss: 2.04278, Y0: 0.154368

Epoch:2900
In training set, loss: 1.98858, Y0: 0.15117

Epoch:3000
In training set, loss: 1.93747, Y0: 0.148066

Epoch:3100
In training set, loss: 1.88927, Y0: 0.145053

Epoch:3200
In training set, loss: 1.8438, Y0: 0.142129

Epoch:3300
In training set, loss: 1.8009, Y0: 0.139291

Epoch:3400
In training set, loss: 1.76041, Y0: 0.136537

Epoch:3500
In training set, loss: 1.72219, Y0: 0.133862

Epoch:3600
In training set, loss: 1.68611, Y0: 0.131266

Epoch:3700
In training set, loss: 1.65205, Y0: 0.128746

Epoch:3800
In training set, loss: 1.61987, Y0: 0.126298

Epoch:3900
In training set, loss: 1.58947, Y0: 0.123922

Epoch:4000
In training set, loss: 1.56075, Y0: 0.121615



###############################################################################
TCHPC Cluster: kelvin
Job 21096 (BSDE_job_1_procs) for User 'zuoy' in Account 'hpc_21_01207'
Finished at: Wed Nov 17 18:49:58 GMT 2021

Job efficiency estimates:
=========================

Job ID: 21096
Cluster: kelvin
User/Group: zuoy/zuoy
State: COMPLETED (exit code 0)
Nodes: 1
Cores per node: 12
CPU Utilized: 00:56:23
CPU Efficiency: 8.33% of 11:16:36 core-walltime
Job Wall-clock time: 00:56:23
Memory Utilized: 17.21 MB
Memory Efficiency: 0.07% of 22.46 GB

Job completion status:
======================

       JobID    JobName AllocCPUS NTasks NNodes     MaxRSS    MaxRSSNode  MaxDiskRead MaxDiskWrite    Elapsed      State ExitCode 
------------ ---------- --------- ------ ------ ---------- ------------- ------------ ------------ ---------- ---------- -------- 
21096        BSDE_job_+        12             1                                                      00:56:23  COMPLETED      0:0 
21096.batch       batch        12      1      1     17624K   kelvin-n048        0.85M        0.01M   00:56:23  COMPLETED      0:0 


Job details:
============

JobId=21096 JobName=BSDE_job_1_procs
   UserId=zuoy(1582) GroupId=zuoy(1252) MCS_label=N/A
   Priority=11809600 Nice=0 Account=hpc_21_01207 QOS=normal
   JobState=COMPLETING Reason=None Dependency=(null)
   Requeue=0 Restarts=0 BatchFlag=1 Reboot=0 ExitCode=0:0
   DerivedExitCode=0:0
   RunTime=00:56:23 TimeLimit=2-23:00:00 TimeMin=N/A
   SubmitTime=2021-11-17T16:11:39 EligibleTime=2021-11-17T16:11:39
   AccrueTime=2021-11-17T16:11:39
   StartTime=2021-11-17T17:53:35 EndTime=2021-11-17T18:49:58 Deadline=N/A
   SuspendTime=None SecsPreSuspend=0 LastSchedEval=2021-11-17T17:53:35
   Partition=compute AllocNode:Sid=kelvin01:6446
   ReqNodeList=(null) ExcNodeList=(null)
   NodeList=
   BatchHost=kelvin-n048
   NumNodes=1 NumCPUs=12 NumTasks=1 CPUs/Task=1 ReqB:S:C:T=0:0:*:*
   TRES=cpu=12,mem=23000M,node=1,billing=12
   Socks/Node=* NtasksPerN:B:S:C=0:0:*:* CoreSpec=*
   JOB_GRES=(null)
     Nodes=kelvin-n048 CPU_IDs=0-11 Mem=23000 GRES=
   MinCPUsNode=1 MinMemoryNode=23000M MinTmpDiskNode=0
   Features=(null) DelayBoot=00:00:00
   OverSubscribe=NO Contiguous=0 Licenses=(null) Network=(null)
   Command=/home/users/mschpc/2019/zuoy/HPC/NeuralNetwork/sequential/scripts/script_AllenCahn_d200_b256.sh
   WorkDir=/home/users/mschpc/2019/zuoy/HPC/NeuralNetwork/sequential
   StdErr=/home/users/mschpc/2019/zuoy/HPC/NeuralNetwork/sequential/output/slurm-21096.out
   StdIn=/dev/null
   StdOut=/home/users/mschpc/2019/zuoy/HPC/NeuralNetwork/sequential/output/slurm-21096.out
   Power=
   NtasksPerTRES:0


Disk quota details:
===================

Quota Type           Name  Filesystem     Usage in MB     Limit in MB    % Used
-------------------------------------------------------------------------------
USER                 zuoy       /home             102          51,200     0.20%

GROUP              mschpc   /projects             999          51,200     1.95%
GROUP          pi-dgolden   /projects               0          51,200     0.00%


SLURM Bank Statement:
=====================

User           Usage |        Account     Usage | Account Limit Available (CPU hrs)
---------- --------- + -------------- --------- + ------------- ---------
zuoy           6,441 |   HPC_21_01207     6,441 |       100,000    93,559


Acknowledgements:
=================

Note that usage of TCHPC Resources *must* be acknowledged in all publications.

Please see this page for details relevant to this cluster:

http://www.tchpc.tcd.ie/resources/acknowledgementpolicy

################################################################################
