Config data loaded successfully!
Dimension: 500
Total time: 1
Number of time intervals: 40
Learning rate: 0.01
y_init_range: 40, 50
Number of neurons in each hidden layer of each subnet: 110, 110, 
Epochs: 1000
Batch size: 1
Sample size: 256
Logging frequency: 100
Model name: pricing_default_risk_serial_


Training:
Epoch:100
In training set, loss: 7.104, Y0: 49.9248

Epoch:200
In training set, loss: 0.307183, Y0: 49.9325

Epoch:300
In training set, loss: 0.0162679, Y0: 49.9345

Epoch:400
In training set, loss: 0.000926363, Y0: 49.9351

Epoch:500
In training set, loss: 5.90606e-05, Y0: 49.9352

Epoch:600
In training set, loss: 4.1608e-06, Y0: 49.9352

Epoch:700
In training set, loss: 3.44153e-07, Y0: 49.9352

Epoch:800
In training set, loss: 5.11936e-08, Y0: 49.9352

Epoch:900
In training set, loss: 1.93686e-08, Y0: 49.9352

Epoch:1000
In training set, loss: 1.55269e-08, Y0: 49.9352



###############################################################################
TCHPC Cluster: kelvin
Job 21708 (BSDE_job_1_procs) for User 'zuoy' in Account 'hpc_21_01207'
Finished at: Fri Nov 19 21:24:23 GMT 2021

Job efficiency estimates:
=========================

Job ID: 21708
Cluster: kelvin
User/Group: zuoy/zuoy
State: RUNNING
Nodes: 1
Cores per node: 12
CPU Utilized: 01:55:17
CPU Efficiency: 8.33% of 23:03:36 core-walltime
Job Wall-clock time: 01:55:18
Memory Utilized: 78.13 MB
Memory Efficiency: 0.34% of 22.46 GB
WARNING: Efficiency statistics may be misleading for RUNNING jobs.

Job completion status:
======================

       JobID    JobName AllocCPUS NTasks NNodes     MaxRSS    MaxRSSNode  MaxDiskRead MaxDiskWrite    Elapsed      State ExitCode 
------------ ---------- --------- ------ ------ ---------- ------------- ------------ ------------ ---------- ---------- -------- 
21708        BSDE_job_+        12             1                                                      01:55:18  COMPLETED      0:0 
21708.batch       batch        12      1      1     80008K   kelvin-n054        0.85M        0.01M   01:55:18  COMPLETED      0:0 


Job details:
============

JobId=21708 JobName=BSDE_job_1_procs
   UserId=zuoy(1582) GroupId=zuoy(1252) MCS_label=N/A
   Priority=11064304 Nice=0 Account=hpc_21_01207 QOS=normal
   JobState=COMPLETING Reason=None Dependency=(null)
   Requeue=0 Restarts=0 BatchFlag=1 Reboot=0 ExitCode=0:0
   DerivedExitCode=0:0
   RunTime=01:55:18 TimeLimit=2-23:00:00 TimeMin=N/A
   SubmitTime=2021-11-19T18:50:10 EligibleTime=2021-11-19T18:50:10
   AccrueTime=2021-11-19T18:50:10
   StartTime=2021-11-19T19:29:05 EndTime=2021-11-19T21:24:23 Deadline=N/A
   SuspendTime=None SecsPreSuspend=0 LastSchedEval=2021-11-19T19:29:05
   Partition=compute AllocNode:Sid=kelvin01:22213
   ReqNodeList=(null) ExcNodeList=(null)
   NodeList=
   BatchHost=kelvin-n054
   NumNodes=1 NumCPUs=12 NumTasks=1 CPUs/Task=1 ReqB:S:C:T=0:0:*:*
   TRES=cpu=12,mem=23000M,node=1,billing=12
   Socks/Node=* NtasksPerN:B:S:C=0:0:*:* CoreSpec=*
   JOB_GRES=(null)
     Nodes=kelvin-n054 CPU_IDs=0-11 Mem=23000 GRES=
   MinCPUsNode=1 MinMemoryNode=23000M MinTmpDiskNode=0
   Features=(null) DelayBoot=00:00:00
   OverSubscribe=NO Contiguous=0 Licenses=(null) Network=(null)
   Command=/home/users/mschpc/2019/zuoy/HPC/NeuralNetwork/sequential/scripts/script_PricingDefaultRisk_d500_b1.sh
   WorkDir=/home/users/mschpc/2019/zuoy/HPC/NeuralNetwork/sequential
   StdErr=/home/users/mschpc/2019/zuoy/HPC/NeuralNetwork/sequential/output/slurm-21708.out
   StdIn=/dev/null
   StdOut=/home/users/mschpc/2019/zuoy/HPC/NeuralNetwork/sequential/output/slurm-21708.out
   Power=
   NtasksPerTRES:0


Disk quota details:
===================

Quota Type           Name  Filesystem     Usage in MB     Limit in MB    % Used
-------------------------------------------------------------------------------
USER                 zuoy       /home             107          51,200     0.21%

GROUP              mschpc   /projects             999          51,200     1.95%
GROUP          pi-dgolden   /projects               0          51,200     0.00%


SLURM Bank Statement:
=====================

User           Usage |        Account     Usage | Account Limit Available (CPU hrs)
---------- --------- + -------------- --------- + ------------- ---------
zuoy          10,841 |   HPC_21_01207    10,841 |       100,000    89,159


Acknowledgements:
=================

Note that usage of TCHPC Resources *must* be acknowledged in all publications.

Please see this page for details relevant to this cluster:

http://www.tchpc.tcd.ie/resources/acknowledgementpolicy

################################################################################
