Config data loaded successfully!
Dimension: 100
Total time: 0.3
Number of time intervals: 20
Learning rate: 0.0005
y_init_range: 0.3, 0.5
Number of neurons in each hidden layer of each subnet: 110, 110, 
Epochs: 4000
Batch size: 128
Sample size: 256
Logging frequency: 100
Model name: AllenCahn_serial_


Training:
Epoch:100
In training set, loss: 6.03911, Y0: 0.285172

Epoch:200
In training set, loss: 5.54374, Y0: 0.271356

Epoch:300
In training set, loss: 5.11224, Y0: 0.258468

Epoch:400
In training set, loss: 4.73537, Y0: 0.246428

Epoch:500
In training set, loss: 4.40543, Y0: 0.235168

Epoch:600
In training set, loss: 4.11597, Y0: 0.224627

Epoch:700
In training set, loss: 3.86153, Y0: 0.21475

Epoch:800
In training set, loss: 3.6375, Y0: 0.205489

Epoch:900
In training set, loss: 3.43994, Y0: 0.196798

Epoch:1000
In training set, loss: 3.26548, Y0: 0.188639

Epoch:1100
In training set, loss: 3.11123, Y0: 0.180974

Epoch:1200
In training set, loss: 2.97468, Y0: 0.17377

Epoch:1300
In training set, loss: 2.85366, Y0: 0.166996

Epoch:1400
In training set, loss: 2.74629, Y0: 0.160624

Epoch:1500
In training set, loss: 2.65095, Y0: 0.154628

Epoch:1600
In training set, loss: 2.5662, Y0: 0.148984

Epoch:1700
In training set, loss: 2.4908, Y0: 0.143671

Epoch:1800
In training set, loss: 2.42364, Y0: 0.138667

Epoch:1900
In training set, loss: 2.36379, Y0: 0.133953

Epoch:2000
In training set, loss: 2.31038, Y0: 0.129512

Epoch:2100
In training set, loss: 2.2627, Y0: 0.125327

Epoch:2200
In training set, loss: 2.22007, Y0: 0.121383

Epoch:2300
In training set, loss: 2.18193, Y0: 0.117665

Epoch:2400
In training set, loss: 2.14777, Y0: 0.114159

Epoch:2500
In training set, loss: 2.11714, Y0: 0.110854

Epoch:2600
In training set, loss: 2.08964, Y0: 0.107738

Epoch:2700
In training set, loss: 2.06493, Y0: 0.104799

Epoch:2800
In training set, loss: 2.0427, Y0: 0.102027

Epoch:2900
In training set, loss: 2.02266, Y0: 0.0994119

Epoch:3000
In training set, loss: 2.00457, Y0: 0.0969454

Epoch:3100
In training set, loss: 1.98823, Y0: 0.0946185

Epoch:3200
In training set, loss: 1.97343, Y0: 0.0924233

Epoch:3300
In training set, loss: 1.96001, Y0: 0.0903522

Epoch:3400
In training set, loss: 1.94781, Y0: 0.0883981

Epoch:3500
In training set, loss: 1.93671, Y0: 0.0865542

Epoch:3600
In training set, loss: 1.92658, Y0: 0.0848145

Epoch:3700
In training set, loss: 1.91731, Y0: 0.0831727

Epoch:3800
In training set, loss: 1.90881, Y0: 0.0816235

Epoch:3900
In training set, loss: 1.90101, Y0: 0.0801615

Epoch:4000
In training set, loss: 1.89381, Y0: 0.0787819



###############################################################################
TCHPC Cluster: kelvin
Job 21091 (BSDE_job_1_procs) for User 'zuoy' in Account 'hpc_21_01207'
Finished at: Wed Nov 17 17:59:55 GMT 2021

Job efficiency estimates:
=========================

Job ID: 21091
Cluster: kelvin
User/Group: zuoy/zuoy
State: COMPLETED (exit code 0)
Nodes: 1
Cores per node: 12
CPU Utilized: 00:30:50
CPU Efficiency: 8.33% of 06:10:00 core-walltime
Job Wall-clock time: 00:30:50
Memory Utilized: 9.96 MB
Memory Efficiency: 0.04% of 22.46 GB

Job completion status:
======================

       JobID    JobName AllocCPUS NTasks NNodes     MaxRSS    MaxRSSNode  MaxDiskRead MaxDiskWrite    Elapsed      State ExitCode 
------------ ---------- --------- ------ ------ ---------- ------------- ------------ ------------ ---------- ---------- -------- 
21091        BSDE_job_+        12             1                                                      00:30:50  COMPLETED      0:0 
21091.batch       batch        12      1      1     10204K   kelvin-n070        0.85M        0.01M   00:30:50  COMPLETED      0:0 


Job details:
============

JobId=21091 JobName=BSDE_job_1_procs
   UserId=zuoy(1582) GroupId=zuoy(1252) MCS_label=N/A
   Priority=11797703 Nice=0 Account=hpc_21_01207 QOS=normal
   JobState=COMPLETING Reason=None Dependency=(null)
   Requeue=0 Restarts=0 BatchFlag=1 Reboot=0 ExitCode=0:0
   DerivedExitCode=0:0
   RunTime=00:30:50 TimeLimit=2-23:00:00 TimeMin=N/A
   SubmitTime=2021-11-17T16:11:38 EligibleTime=2021-11-17T16:11:38
   AccrueTime=2021-11-17T16:11:38
   StartTime=2021-11-17T17:29:05 EndTime=2021-11-17T17:59:55 Deadline=N/A
   SuspendTime=None SecsPreSuspend=0 LastSchedEval=2021-11-17T17:29:05
   Partition=compute AllocNode:Sid=kelvin01:6446
   ReqNodeList=(null) ExcNodeList=(null)
   NodeList=
   BatchHost=kelvin-n070
   NumNodes=1 NumCPUs=12 NumTasks=1 CPUs/Task=1 ReqB:S:C:T=0:0:*:*
   TRES=cpu=12,mem=23000M,node=1,billing=12
   Socks/Node=* NtasksPerN:B:S:C=0:0:*:* CoreSpec=*
   JOB_GRES=(null)
     Nodes=kelvin-n070 CPU_IDs=0-11 Mem=23000 GRES=
   MinCPUsNode=1 MinMemoryNode=23000M MinTmpDiskNode=0
   Features=(null) DelayBoot=00:00:00
   OverSubscribe=NO Contiguous=0 Licenses=(null) Network=(null)
   Command=/home/users/mschpc/2019/zuoy/HPC/NeuralNetwork/sequential/scripts/script_AllenCahn_d100_b128.sh
   WorkDir=/home/users/mschpc/2019/zuoy/HPC/NeuralNetwork/sequential
   StdErr=/home/users/mschpc/2019/zuoy/HPC/NeuralNetwork/sequential/output/slurm-21091.out
   StdIn=/dev/null
   StdOut=/home/users/mschpc/2019/zuoy/HPC/NeuralNetwork/sequential/output/slurm-21091.out
   Power=
   NtasksPerTRES:0


Disk quota details:
===================

Quota Type           Name  Filesystem     Usage in MB     Limit in MB    % Used
-------------------------------------------------------------------------------
USER                 zuoy       /home             104          51,200     0.20%

GROUP              mschpc   /projects             999          51,200     1.95%
GROUP          pi-dgolden   /projects               0          51,200     0.00%


SLURM Bank Statement:
=====================

User           Usage |        Account     Usage | Account Limit Available (CPU hrs)
---------- --------- + -------------- --------- + ------------- ---------
zuoy           6,345 |   HPC_21_01207     6,345 |       100,000    93,655


Acknowledgements:
=================

Note that usage of TCHPC Resources *must* be acknowledged in all publications.

Please see this page for details relevant to this cluster:

http://www.tchpc.tcd.ie/resources/acknowledgementpolicy

################################################################################
