Config data loaded successfully!
Dimension: 100
Total time: 0.2
Number of time intervals: 20
Learning rate: 0.0005
y_init_range: 0.3, 0.5
Number of neurons in each hidden layer of each subnet: 110, 110, 
Epochs: 5000
Batch size: 1
Sample size: 512
Logging frequency: 100
Model name: AllenCahn_serial_


Training:
Epoch:100
In training set, loss: 2.35846, Y0: 0.0568809

Epoch:200
In training set, loss: 2.13642, Y0: 0.0574187

Epoch:300
In training set, loss: 1.9844, Y0: 0.0578082

Epoch:400
In training set, loss: 1.87669, Y0: 0.0580883

Epoch:500
In training set, loss: 1.79763, Y0: 0.0582873

Epoch:600
In training set, loss: 1.73747, Y0: 0.0584256

Epoch:700
In training set, loss: 1.69005, Y0: 0.0585186

Epoch:800
In training set, loss: 1.65139, Y0: 0.0585781

Epoch:900
In training set, loss: 1.61885, Y0: 0.058613

Epoch:1000
In training set, loss: 1.59069, Y0: 0.0586299

Epoch:1100
In training set, loss: 1.56573, Y0: 0.0586334

Epoch:1200
In training set, loss: 1.54314, Y0: 0.0586275

Epoch:1300
In training set, loss: 1.52234, Y0: 0.0586152

Epoch:1400
In training set, loss: 1.50293, Y0: 0.0585981

Epoch:1500
In training set, loss: 1.48462, Y0: 0.0585787

Epoch:1600
In training set, loss: 1.46718, Y0: 0.0585574

Epoch:1700
In training set, loss: 1.45045, Y0: 0.0585358

Epoch:1800
In training set, loss: 1.43431, Y0: 0.0585143

Epoch:1900
In training set, loss: 1.41867, Y0: 0.0584934

Epoch:2000
In training set, loss: 1.40346, Y0: 0.0584735

Epoch:2100
In training set, loss: 1.38862, Y0: 0.0584545

Epoch:2200
In training set, loss: 1.37412, Y0: 0.0584371

Epoch:2300
In training set, loss: 1.35991, Y0: 0.0584209

Epoch:2400
In training set, loss: 1.34597, Y0: 0.0584062

Epoch:2500
In training set, loss: 1.33228, Y0: 0.0583928

Epoch:2600
In training set, loss: 1.31881, Y0: 0.0583809

Epoch:2700
In training set, loss: 1.30556, Y0: 0.0583704

Epoch:2800
In training set, loss: 1.2925, Y0: 0.0583614

Epoch:2900
In training set, loss: 1.27965, Y0: 0.0583536

Epoch:3000
In training set, loss: 1.26697, Y0: 0.0583471

Epoch:3100
In training set, loss: 1.25447, Y0: 0.0583418

Epoch:3200
In training set, loss: 1.24214, Y0: 0.0583376

Epoch:3300
In training set, loss: 1.22997, Y0: 0.0583344

Epoch:3400
In training set, loss: 1.21796, Y0: 0.0583322

Epoch:3500
In training set, loss: 1.20611, Y0: 0.058331

Epoch:3600
In training set, loss: 1.1944, Y0: 0.0583305

Epoch:3700
In training set, loss: 1.18284, Y0: 0.058331

Epoch:3800
In training set, loss: 1.17142, Y0: 0.0583322

Epoch:3900
In training set, loss: 1.16014, Y0: 0.0583343

Epoch:4000
In training set, loss: 1.149, Y0: 0.058337

Epoch:4100
In training set, loss: 1.13799, Y0: 0.0583402

Epoch:4200
In training set, loss: 1.12711, Y0: 0.0583442

Epoch:4300
In training set, loss: 1.11636, Y0: 0.0583484

Epoch:4400
In training set, loss: 1.10574, Y0: 0.0583531

Epoch:4500
In training set, loss: 1.09524, Y0: 0.0583581

Epoch:4600
In training set, loss: 1.08487, Y0: 0.0583635

Epoch:4700
In training set, loss: 1.07462, Y0: 0.0583693

Epoch:4800
In training set, loss: 1.06448, Y0: 0.0583754

Epoch:4900
In training set, loss: 1.05447, Y0: 0.0583817

Epoch:5000
In training set, loss: 1.04457, Y0: 0.0583882



###############################################################################
TCHPC Cluster: kelvin
Job 21782 (BSDE_job_1_procs) for User 'zuoy' in Account 'hpc_21_01207'
Finished at: Sat Nov 20 03:39:00 GMT 2021

Job efficiency estimates:
=========================

Job ID: 21782
Cluster: kelvin
User/Group: zuoy/zuoy
State: COMPLETED (exit code 0)
Nodes: 1
Cores per node: 12
CPU Utilized: 01:49:21
CPU Efficiency: 8.33% of 21:52:12 core-walltime
Job Wall-clock time: 01:49:21
Memory Utilized: 14.39 MB
Memory Efficiency: 0.06% of 22.46 GB

Job completion status:
======================

       JobID    JobName AllocCPUS NTasks NNodes     MaxRSS    MaxRSSNode  MaxDiskRead MaxDiskWrite    Elapsed      State ExitCode 
------------ ---------- --------- ------ ------ ---------- ------------- ------------ ------------ ---------- ---------- -------- 
21782        BSDE_job_+        12             1                                                      01:49:21  COMPLETED      0:0 
21782.batch       batch        12      1      1     14732K   kelvin-n055        0.85M        0.01M   01:49:21  COMPLETED      0:0 


Job details:
============

JobId=21782 JobName=BSDE_job_1_procs
   UserId=zuoy(1582) GroupId=zuoy(1252) MCS_label=N/A
   Priority=11138055 Nice=0 Account=hpc_21_01207 QOS=normal
   JobState=COMPLETING Reason=None Dependency=(null)
   Requeue=0 Restarts=0 BatchFlag=1 Reboot=0 ExitCode=0:0
   DerivedExitCode=0:0
   RunTime=01:49:21 TimeLimit=2-23:00:00 TimeMin=N/A
   SubmitTime=2021-11-19T22:41:29 EligibleTime=2021-11-19T22:41:29
   AccrueTime=2021-11-19T22:41:29
   StartTime=2021-11-20T01:49:39 EndTime=2021-11-20T03:39:00 Deadline=N/A
   SuspendTime=None SecsPreSuspend=0 LastSchedEval=2021-11-20T01:49:39
   Partition=compute AllocNode:Sid=kelvin01:22213
   ReqNodeList=(null) ExcNodeList=(null)
   NodeList=
   BatchHost=kelvin-n055
   NumNodes=1 NumCPUs=12 NumTasks=1 CPUs/Task=1 ReqB:S:C:T=0:0:*:*
   TRES=cpu=12,mem=23000M,node=1,billing=12
   Socks/Node=* NtasksPerN:B:S:C=0:0:*:* CoreSpec=*
   JOB_GRES=(null)
     Nodes=kelvin-n055 CPU_IDs=0-11 Mem=23000 GRES=
   MinCPUsNode=1 MinMemoryNode=23000M MinTmpDiskNode=0
   Features=(null) DelayBoot=00:00:00
   OverSubscribe=NO Contiguous=0 Licenses=(null) Network=(null)
   Command=/home/users/mschpc/2019/zuoy/HPC/NeuralNetwork/sequential/scripts/script_AllenCahn_d300_b1.sh
   WorkDir=/home/users/mschpc/2019/zuoy/HPC/NeuralNetwork/sequential
   StdErr=/home/users/mschpc/2019/zuoy/HPC/NeuralNetwork/sequential/output/slurm-21782.out
   StdIn=/dev/null
   StdOut=/home/users/mschpc/2019/zuoy/HPC/NeuralNetwork/sequential/output/slurm-21782.out
   Power=
   NtasksPerTRES:0


Disk quota details:
===================

Quota Type           Name  Filesystem     Usage in MB     Limit in MB    % Used
-------------------------------------------------------------------------------
USER                 zuoy       /home             109          51,200     0.21%

GROUP              mschpc   /projects             999          51,200     1.95%
GROUP          pi-dgolden   /projects               0          51,200     0.00%


SLURM Bank Statement:
=====================

User           Usage |        Account     Usage | Account Limit Available (CPU hrs)
---------- --------- + -------------- --------- + ------------- ---------
zuoy          11,831 |   HPC_21_01207    11,831 |       100,000    88,169


Acknowledgements:
=================

Note that usage of TCHPC Resources *must* be acknowledged in all publications.

Please see this page for details relevant to this cluster:

http://www.tchpc.tcd.ie/resources/acknowledgementpolicy

################################################################################
