Config data loaded successfully!
Dimension: 200
Total time: 0.3
Number of time intervals: 20
Learning rate: 0.0005
y_init_range: 0.3, 0.5
Number of neurons in each hidden layer of each subnet: 110, 110, 
Epochs: 4000
Batch size: 1
Sample size: 256
Logging frequency: 100
Model name: AllenCahn_serial_


Training:
Epoch:100
In training set, loss: 0.768289, Y0: 0.0278442

Epoch:200
In training set, loss: 0.610747, Y0: 0.0271567

Epoch:300
In training set, loss: 0.502906, Y0: 0.0268032

Epoch:400
In training set, loss: 0.426627, Y0: 0.0265595

Epoch:500
In training set, loss: 0.371028, Y0: 0.026393

Epoch:600
In training set, loss: 0.32937, Y0: 0.0262812

Epoch:700
In training set, loss: 0.297356, Y0: 0.0262076

Epoch:800
In training set, loss: 0.27218, Y0: 0.0261606

Epoch:900
In training set, loss: 0.25196, Y0: 0.0261324

Epoch:1000
In training set, loss: 0.23541, Y0: 0.0261172

Epoch:1100
In training set, loss: 0.221629, Y0: 0.026111

Epoch:1200
In training set, loss: 0.209976, Y0: 0.0261115

Epoch:1300
In training set, loss: 0.199987, Y0: 0.0261166

Epoch:1400
In training set, loss: 0.191318, Y0: 0.0261252

Epoch:1500
In training set, loss: 0.183714, Y0: 0.0261359

Epoch:1600
In training set, loss: 0.176979, Y0: 0.0261485

Epoch:1700
In training set, loss: 0.170963, Y0: 0.0261623

Epoch:1800
In training set, loss: 0.165549, Y0: 0.0261771

Epoch:1900
In training set, loss: 0.160643, Y0: 0.0261928

Epoch:2000
In training set, loss: 0.156171, Y0: 0.0262091

Epoch:2100
In training set, loss: 0.152074, Y0: 0.0262257

Epoch:2200
In training set, loss: 0.148303, Y0: 0.0262427

Epoch:2300
In training set, loss: 0.144816, Y0: 0.0262602

Epoch:2400
In training set, loss: 0.14158, Y0: 0.026278

Epoch:2500
In training set, loss: 0.138566, Y0: 0.0262959

Epoch:2600
In training set, loss: 0.135751, Y0: 0.0263142

Epoch:2700
In training set, loss: 0.133113, Y0: 0.0263326

Epoch:2800
In training set, loss: 0.130634, Y0: 0.0263511

Epoch:2900
In training set, loss: 0.128299, Y0: 0.02637

Epoch:3000
In training set, loss: 0.126095, Y0: 0.0263891

Epoch:3100
In training set, loss: 0.12401, Y0: 0.026408

Epoch:3200
In training set, loss: 0.122033, Y0: 0.0264271

Epoch:3300
In training set, loss: 0.120156, Y0: 0.0264463

Epoch:3400
In training set, loss: 0.11837, Y0: 0.0264655

Epoch:3500
In training set, loss: 0.116667, Y0: 0.0264849

Epoch:3600
In training set, loss: 0.115042, Y0: 0.0265042

Epoch:3700
In training set, loss: 0.113488, Y0: 0.0265237

Epoch:3800
In training set, loss: 0.112, Y0: 0.0265432

Epoch:3900
In training set, loss: 0.110574, Y0: 0.0265627

Epoch:4000
In training set, loss: 0.109204, Y0: 0.0265822



###############################################################################
TCHPC Cluster: kelvin
Job 20854 (BSDE_job_1_procs) for User 'zuoy' in Account 'hpc_21_01207'
Finished at: Wed Nov 17 02:23:52 GMT 2021

Job efficiency estimates:
=========================

Job ID: 20854
Cluster: kelvin
User/Group: zuoy/zuoy
State: COMPLETED (exit code 0)
Nodes: 1
Cores per node: 12
CPU Utilized: 01:10:21
CPU Efficiency: 8.33% of 14:04:36 core-walltime
Job Wall-clock time: 01:10:23
Memory Utilized: 17.31 MB
Memory Efficiency: 0.08% of 22.46 GB

Job completion status:
======================

       JobID    JobName AllocCPUS NTasks NNodes     MaxRSS    MaxRSSNode  MaxDiskRead MaxDiskWrite    Elapsed      State ExitCode 
------------ ---------- --------- ------ ------ ---------- ------------- ------------ ------------ ---------- ---------- -------- 
20854        BSDE_job_+        12             1                                                      01:10:23  COMPLETED      0:0 
20854.batch       batch        12      1      1     17724K   kelvin-n079        0.87M        0.01M   01:10:23  COMPLETED      0:0 


Job details:
============

JobId=20854 JobName=BSDE_job_1_procs
   UserId=zuoy(1582) GroupId=zuoy(1252) MCS_label=N/A
   Priority=11869224 Nice=0 Account=hpc_21_01207 QOS=normal
   JobState=COMPLETING Reason=None Dependency=(null)
   Requeue=0 Restarts=0 BatchFlag=1 Reboot=0 ExitCode=0:0
   DerivedExitCode=0:0
   RunTime=01:10:23 TimeLimit=2-23:00:00 TimeMin=N/A
   SubmitTime=2021-11-16T23:22:13 EligibleTime=2021-11-16T23:22:13
   AccrueTime=2021-11-16T23:22:13
   StartTime=2021-11-17T01:13:29 EndTime=2021-11-17T02:23:52 Deadline=N/A
   SuspendTime=None SecsPreSuspend=0 LastSchedEval=2021-11-17T01:13:29
   Partition=compute AllocNode:Sid=kelvin01:28149
   ReqNodeList=(null) ExcNodeList=(null)
   NodeList=
   BatchHost=kelvin-n079
   NumNodes=1 NumCPUs=12 NumTasks=1 CPUs/Task=1 ReqB:S:C:T=0:0:*:*
   TRES=cpu=12,mem=23000M,node=1,billing=12
   Socks/Node=* NtasksPerN:B:S:C=0:0:*:* CoreSpec=*
   JOB_GRES=(null)
     Nodes=kelvin-n079 CPU_IDs=0-11 Mem=23000 GRES=
   MinCPUsNode=1 MinMemoryNode=23000M MinTmpDiskNode=0
   Features=(null) DelayBoot=00:00:00
   OverSubscribe=NO Contiguous=0 Licenses=(null) Network=(null)
   Command=/home/users/mschpc/2019/zuoy/HPC/NeuralNetwork/sequential/scripts/script_AllenCahn_d200_b1.sh
   WorkDir=/home/users/mschpc/2019/zuoy/HPC/NeuralNetwork/sequential
   StdErr=/home/users/mschpc/2019/zuoy/HPC/NeuralNetwork/sequential/output/slurm-20854.out
   StdIn=/dev/null
   StdOut=/home/users/mschpc/2019/zuoy/HPC/NeuralNetwork/sequential/output/slurm-20854.out
   Power=
   NtasksPerTRES:0


Disk quota details:
===================

Quota Type           Name  Filesystem     Usage in MB     Limit in MB    % Used
-------------------------------------------------------------------------------
USER                 zuoy       /home             100          51,200     0.20%

GROUP              mschpc   /projects             999          51,200     1.95%
GROUP          pi-dgolden   /projects               0          51,200     0.00%


SLURM Bank Statement:
=====================

User           Usage |        Account     Usage | Account Limit Available (CPU hrs)
---------- --------- + -------------- --------- + ------------- ---------
zuoy           5,110 |   HPC_21_01207     5,110 |       100,000    94,890


Acknowledgements:
=================

Note that usage of TCHPC Resources *must* be acknowledged in all publications.

Please see this page for details relevant to this cluster:

http://www.tchpc.tcd.ie/resources/acknowledgementpolicy

################################################################################
