Config data loaded successfully!
Dimension: 100
Total time: 0.2
Number of time intervals: 20
Learning rate: 0.0005
y_init_range: 0.3, 0.5
Number of neurons in each hidden layer of each subnet: 110, 110, 
Epochs: 4000
Batch size: 1
Sample size: 1024
Logging frequency: 100
Model name: AllenCahn_serial_


Training:
Epoch:100
In training set, loss: 4.55815, Y0: 0.0698614

Epoch:200
In training set, loss: 4.13737, Y0: 0.0698445

Epoch:300
In training set, loss: 3.91805, Y0: 0.0698459

Epoch:400
In training set, loss: 3.78849, Y0: 0.0698606

Epoch:500
In training set, loss: 3.701, Y0: 0.0698821

Epoch:600
In training set, loss: 3.63421, Y0: 0.0699063

Epoch:700
In training set, loss: 3.57817, Y0: 0.0699304

Epoch:800
In training set, loss: 3.52803, Y0: 0.0699532

Epoch:900
In training set, loss: 3.48137, Y0: 0.0699746

Epoch:1000
In training set, loss: 3.4369, Y0: 0.0699944

Epoch:1100
In training set, loss: 3.39393, Y0: 0.0700129

Epoch:1200
In training set, loss: 3.3521, Y0: 0.0700305

Epoch:1300
In training set, loss: 3.3112, Y0: 0.0700475

Epoch:1400
In training set, loss: 3.27109, Y0: 0.0700638

Epoch:1500
In training set, loss: 3.23168, Y0: 0.0700797

Epoch:1600
In training set, loss: 3.19293, Y0: 0.0700957

Epoch:1700
In training set, loss: 3.1548, Y0: 0.0701115

Epoch:1800
In training set, loss: 3.11727, Y0: 0.0701273

Epoch:1900
In training set, loss: 3.08031, Y0: 0.0701431

Epoch:2000
In training set, loss: 3.04391, Y0: 0.0701588

Epoch:2100
In training set, loss: 3.00807, Y0: 0.0701742

Epoch:2200
In training set, loss: 2.97277, Y0: 0.0701897

Epoch:2300
In training set, loss: 2.93799, Y0: 0.0702051

Epoch:2400
In training set, loss: 2.90372, Y0: 0.0702206

Epoch:2500
In training set, loss: 2.86996, Y0: 0.0702359

Epoch:2600
In training set, loss: 2.8367, Y0: 0.0702512

Epoch:2700
In training set, loss: 2.80392, Y0: 0.0702662

Epoch:2800
In training set, loss: 2.77162, Y0: 0.070281

Epoch:2900
In training set, loss: 2.73979, Y0: 0.0702959

Epoch:3000
In training set, loss: 2.70842, Y0: 0.0703107

Epoch:3100
In training set, loss: 2.67752, Y0: 0.0703253

Epoch:3200
In training set, loss: 2.64706, Y0: 0.07034

Epoch:3300
In training set, loss: 2.61706, Y0: 0.0703544

Epoch:3400
In training set, loss: 2.58749, Y0: 0.0703687

Epoch:3500
In training set, loss: 2.55834, Y0: 0.0703828

Epoch:3600
In training set, loss: 2.52961, Y0: 0.0703967

Epoch:3700
In training set, loss: 2.50131, Y0: 0.0704105

Epoch:3800
In training set, loss: 2.4734, Y0: 0.0704243

Epoch:3900
In training set, loss: 2.4459, Y0: 0.0704377

Epoch:4000
In training set, loss: 2.41878, Y0: 0.0704507



###############################################################################
TCHPC Cluster: kelvin
Job 22191 (BSDE_job_1_procs) for User 'zuoy' in Account 'hpc_21_01207'
Finished at: Sat Nov 20 23:23:52 GMT 2021

Job efficiency estimates:
=========================

Job ID: 22191
Cluster: kelvin
User/Group: zuoy/zuoy
State: COMPLETED (exit code 0)
Nodes: 1
Cores per node: 12
CPU Utilized: 02:54:52
CPU Efficiency: 8.33% of 1-10:58:24 core-walltime
Job Wall-clock time: 02:54:52
Memory Utilized: 23.23 MB
Memory Efficiency: 0.10% of 22.46 GB

Job completion status:
======================

       JobID    JobName AllocCPUS NTasks NNodes     MaxRSS    MaxRSSNode  MaxDiskRead MaxDiskWrite    Elapsed      State ExitCode 
------------ ---------- --------- ------ ------ ---------- ------------- ------------ ------------ ---------- ---------- -------- 
22191        BSDE_job_+        12             1                                                      02:54:52  COMPLETED      0:0 
22191.batch       batch        12      1      1     23792K   kelvin-n082        0.85M        0.01M   02:54:52  COMPLETED      0:0 


Job details:
============

JobId=22191 JobName=BSDE_job_1_procs
   UserId=zuoy(1582) GroupId=zuoy(1252) MCS_label=N/A
   Priority=11197736 Nice=0 Account=hpc_21_01207 QOS=normal
   JobState=COMPLETING Reason=None Dependency=(null)
   Requeue=0 Restarts=0 BatchFlag=1 Reboot=0 ExitCode=0:0
   DerivedExitCode=0:0
   RunTime=02:54:52 TimeLimit=2-23:00:00 TimeMin=N/A
   SubmitTime=2021-11-20T15:21:10 EligibleTime=2021-11-20T15:21:10
   AccrueTime=2021-11-20T15:21:10
   StartTime=2021-11-20T20:29:00 EndTime=2021-11-20T23:23:52 Deadline=N/A
   SuspendTime=None SecsPreSuspend=0 LastSchedEval=2021-11-20T20:29:00
   Partition=compute AllocNode:Sid=kelvin01:20266
   ReqNodeList=(null) ExcNodeList=(null)
   NodeList=
   BatchHost=kelvin-n082
   NumNodes=1 NumCPUs=12 NumTasks=1 CPUs/Task=1 ReqB:S:C:T=0:0:*:*
   TRES=cpu=12,mem=23000M,node=1,billing=12
   Socks/Node=* NtasksPerN:B:S:C=0:0:*:* CoreSpec=*
   JOB_GRES=(null)
     Nodes=kelvin-n082 CPU_IDs=0-11 Mem=23000 GRES=
   MinCPUsNode=1 MinMemoryNode=23000M MinTmpDiskNode=0
   Features=(null) DelayBoot=00:00:00
   OverSubscribe=NO Contiguous=0 Licenses=(null) Network=(null)
   Command=/home/users/mschpc/2019/zuoy/HPC/NeuralNetwork/sequential/scripts/script_AllenCahn_d300_b1.sh
   WorkDir=/home/users/mschpc/2019/zuoy/HPC/NeuralNetwork/sequential
   StdErr=/home/users/mschpc/2019/zuoy/HPC/NeuralNetwork/sequential/output/slurm-22191.out
   StdIn=/dev/null
   StdOut=/home/users/mschpc/2019/zuoy/HPC/NeuralNetwork/sequential/output/slurm-22191.out
   Power=
   NtasksPerTRES:0


Disk quota details:
===================

Quota Type           Name  Filesystem     Usage in MB     Limit in MB    % Used
-------------------------------------------------------------------------------
USER                 zuoy       /home             117          51,200     0.23%

GROUP              mschpc   /projects             999          51,200     1.95%
GROUP          pi-dgolden   /projects               0          51,200     0.00%


SLURM Bank Statement:
=====================

User           Usage |        Account     Usage | Account Limit Available (CPU hrs)
---------- --------- + -------------- --------- + ------------- ---------
zuoy          14,744 |   HPC_21_01207    14,744 |       100,000    85,256


Acknowledgements:
=================

Note that usage of TCHPC Resources *must* be acknowledged in all publications.

Please see this page for details relevant to this cluster:

http://www.tchpc.tcd.ie/resources/acknowledgementpolicy

################################################################################
