Config data loaded successfully!
Dimension: 100
Total time: 0.3
Number of time intervals: 20
Learning rate: 0.0005
y_init_range: 0.3, 0.5
Number of neurons in each hidden layer of each subnet: 110, 110, 
Epochs: 5000
Batch size: 16
Sample size: 512
Logging frequency: 100
Model name: AllenCahn_serial_


Training:
Epoch:100
In training set, loss: 5.08711, Y0: 0.142383

Epoch:200
In training set, loss: 3.81274, Y0: 0.0829783

Epoch:300
In training set, loss: 3.57865, Y0: 0.0595

Epoch:400
In training set, loss: 3.50813, Y0: 0.0501651

Epoch:500
In training set, loss: 3.46495, Y0: 0.0464859

Epoch:600
In training set, loss: 3.42726, Y0: 0.0450781

Epoch:700
In training set, loss: 3.39149, Y0: 0.0445834

Epoch:800
In training set, loss: 3.35702, Y0: 0.044455

Epoch:900
In training set, loss: 3.3237, Y0: 0.044473

Epoch:1000
In training set, loss: 3.29148, Y0: 0.0445488

Epoch:1100
In training set, loss: 3.2603, Y0: 0.0446464

Epoch:1200
In training set, loss: 3.23013, Y0: 0.0447516

Epoch:1300
In training set, loss: 3.20094, Y0: 0.0448585

Epoch:1400
In training set, loss: 3.17268, Y0: 0.0449649

Epoch:1500
In training set, loss: 3.14531, Y0: 0.0450698

Epoch:1600
In training set, loss: 3.11881, Y0: 0.0451729

Epoch:1700
In training set, loss: 3.09314, Y0: 0.0452741

Epoch:1800
In training set, loss: 3.06827, Y0: 0.0453734

Epoch:1900
In training set, loss: 3.04416, Y0: 0.0454708

Epoch:2000
In training set, loss: 3.0208, Y0: 0.0455664

Epoch:2100
In training set, loss: 2.99814, Y0: 0.04566

Epoch:2200
In training set, loss: 2.97618, Y0: 0.0457519

Epoch:2300
In training set, loss: 2.95487, Y0: 0.0458421

Epoch:2400
In training set, loss: 2.9342, Y0: 0.0459306

Epoch:2500
In training set, loss: 2.91415, Y0: 0.0460175

Epoch:2600
In training set, loss: 2.89468, Y0: 0.0461028

Epoch:2700
In training set, loss: 2.87579, Y0: 0.0461862

Epoch:2800
In training set, loss: 2.85744, Y0: 0.0462683

Epoch:2900
In training set, loss: 2.83962, Y0: 0.0463489

Epoch:3000
In training set, loss: 2.82232, Y0: 0.046428

Epoch:3100
In training set, loss: 2.80551, Y0: 0.0465056

Epoch:3200
In training set, loss: 2.78917, Y0: 0.0465818

Epoch:3300
In training set, loss: 2.77329, Y0: 0.0466568

Epoch:3400
In training set, loss: 2.75785, Y0: 0.0467304

Epoch:3500
In training set, loss: 2.74284, Y0: 0.0468025

Epoch:3600
In training set, loss: 2.72825, Y0: 0.0468735

Epoch:3700
In training set, loss: 2.71405, Y0: 0.046943

Epoch:3800
In training set, loss: 2.70023, Y0: 0.0470114

Epoch:3900
In training set, loss: 2.68678, Y0: 0.0470785

Epoch:4000
In training set, loss: 2.6737, Y0: 0.0471445

Epoch:4100
In training set, loss: 2.66096, Y0: 0.0472093

Epoch:4200
In training set, loss: 2.64855, Y0: 0.0472731

Epoch:4300
In training set, loss: 2.63647, Y0: 0.0473356

Epoch:4400
In training set, loss: 2.6247, Y0: 0.0473971

Epoch:4500
In training set, loss: 2.61323, Y0: 0.0474576

Epoch:4600
In training set, loss: 2.60206, Y0: 0.047517

Epoch:4700
In training set, loss: 2.59116, Y0: 0.0475754

Epoch:4800
In training set, loss: 2.58054, Y0: 0.0476328

Epoch:4900
In training set, loss: 2.57018, Y0: 0.0476892

Epoch:5000
In training set, loss: 2.56008, Y0: 0.0477447



###############################################################################
TCHPC Cluster: kelvin
Job 21767 (BSDE_job_1_procs) for User 'zuoy' in Account 'hpc_21_01207'
Finished at: Sat Nov 20 01:50:16 GMT 2021

Job efficiency estimates:
=========================

Job ID: 21767
Cluster: kelvin
User/Group: zuoy/zuoy
State: COMPLETED (exit code 0)
Nodes: 1
Cores per node: 12
CPU Utilized: 01:19:09
CPU Efficiency: 8.33% of 15:50:00 core-walltime
Job Wall-clock time: 01:19:10
Memory Utilized: 14.39 MB
Memory Efficiency: 0.06% of 22.46 GB

Job completion status:
======================

       JobID    JobName AllocCPUS NTasks NNodes     MaxRSS    MaxRSSNode  MaxDiskRead MaxDiskWrite    Elapsed      State ExitCode 
------------ ---------- --------- ------ ------ ---------- ------------- ------------ ------------ ---------- ---------- -------- 
21767        BSDE_job_+        12             1                                                      01:19:10  COMPLETED      0:0 
21767.batch       batch        12      1      1     14732K   kelvin-n056        0.85M        0.01M   01:19:10  COMPLETED      0:0 


Job details:
============

JobId=21767 JobName=BSDE_job_1_procs
   UserId=zuoy(1582) GroupId=zuoy(1252) MCS_label=N/A
   Priority=11099381 Nice=0 Account=hpc_21_01207 QOS=normal
   JobState=COMPLETING Reason=None Dependency=(null)
   Requeue=0 Restarts=0 BatchFlag=1 Reboot=0 ExitCode=0:0
   DerivedExitCode=0:0
   RunTime=01:19:10 TimeLimit=2-23:00:00 TimeMin=N/A
   SubmitTime=2021-11-19T22:41:27 EligibleTime=2021-11-19T22:41:27
   AccrueTime=2021-11-19T22:41:27
   StartTime=2021-11-20T00:31:06 EndTime=2021-11-20T01:50:16 Deadline=N/A
   SuspendTime=None SecsPreSuspend=0 LastSchedEval=2021-11-20T00:31:06
   Partition=compute AllocNode:Sid=kelvin01:22213
   ReqNodeList=(null) ExcNodeList=(null)
   NodeList=
   BatchHost=kelvin-n056
   NumNodes=1 NumCPUs=12 NumTasks=1 CPUs/Task=1 ReqB:S:C:T=0:0:*:*
   TRES=cpu=12,mem=23000M,node=1,billing=12
   Socks/Node=* NtasksPerN:B:S:C=0:0:*:* CoreSpec=*
   JOB_GRES=(null)
     Nodes=kelvin-n056 CPU_IDs=0-11 Mem=23000 GRES=
   MinCPUsNode=1 MinMemoryNode=23000M MinTmpDiskNode=0
   Features=(null) DelayBoot=00:00:00
   OverSubscribe=NO Contiguous=0 Licenses=(null) Network=(null)
   Command=/home/users/mschpc/2019/zuoy/HPC/NeuralNetwork/sequential/scripts/script_AllenCahn_d100_b64.sh
   WorkDir=/home/users/mschpc/2019/zuoy/HPC/NeuralNetwork/sequential
   StdErr=/home/users/mschpc/2019/zuoy/HPC/NeuralNetwork/sequential/output/slurm-21767.out
   StdIn=/dev/null
   StdOut=/home/users/mschpc/2019/zuoy/HPC/NeuralNetwork/sequential/output/slurm-21767.out
   Power=
   NtasksPerTRES:0


Disk quota details:
===================

Quota Type           Name  Filesystem     Usage in MB     Limit in MB    % Used
-------------------------------------------------------------------------------
USER                 zuoy       /home             112          51,200     0.22%

GROUP              mschpc   /projects             999          51,200     1.95%
GROUP          pi-dgolden   /projects               0          51,200     0.00%


SLURM Bank Statement:
=====================

User           Usage |        Account     Usage | Account Limit Available (CPU hrs)
---------- --------- + -------------- --------- + ------------- ---------
zuoy          11,511 |   HPC_21_01207    11,511 |       100,000    88,489


Acknowledgements:
=================

Note that usage of TCHPC Resources *must* be acknowledged in all publications.

Please see this page for details relevant to this cluster:

http://www.tchpc.tcd.ie/resources/acknowledgementpolicy

################################################################################
