Config data loaded successfully!
Dimension: 100
Total time: 0.3
Number of time intervals: 20
Learning rate: 0.0005
y_init_range: 0.3, 0.5
Number of neurons in each hidden layer of each subnet: 110, 110, 
Epochs: 4000
Batch size: 32
Sample size: 32
Logging frequency: 100
Model name: AllenCahn_serial_


Training:
Epoch:100
In training set, loss: 0.87339, Y0: 0.292468

Epoch:200
In training set, loss: 0.836158, Y0: 0.285216

Epoch:300
In training set, loss: 0.801545, Y0: 0.278232

Epoch:400
In training set, loss: 0.769336, Y0: 0.271503

Epoch:500
In training set, loss: 0.739334, Y0: 0.265018

Epoch:600
In training set, loss: 0.711366, Y0: 0.258764

Epoch:700
In training set, loss: 0.68527, Y0: 0.252732

Epoch:800
In training set, loss: 0.660903, Y0: 0.246912

Epoch:900
In training set, loss: 0.638132, Y0: 0.241294

Epoch:1000
In training set, loss: 0.616838, Y0: 0.235872

Epoch:1100
In training set, loss: 0.596909, Y0: 0.230635

Epoch:1200
In training set, loss: 0.578247, Y0: 0.225577

Epoch:1300
In training set, loss: 0.560759, Y0: 0.22069

Epoch:1400
In training set, loss: 0.54436, Y0: 0.215968

Epoch:1500
In training set, loss: 0.528972, Y0: 0.211403

Epoch:1600
In training set, loss: 0.514525, Y0: 0.206991

Epoch:1700
In training set, loss: 0.500953, Y0: 0.202725

Epoch:1800
In training set, loss: 0.488195, Y0: 0.1986

Epoch:1900
In training set, loss: 0.476196, Y0: 0.19461

Epoch:2000
In training set, loss: 0.464903, Y0: 0.190751

Epoch:2100
In training set, loss: 0.45427, Y0: 0.187017

Epoch:2200
In training set, loss: 0.444251, Y0: 0.183403

Epoch:2300
In training set, loss: 0.434806, Y0: 0.179907

Epoch:2400
In training set, loss: 0.425897, Y0: 0.176523

Epoch:2500
In training set, loss: 0.417488, Y0: 0.173248

Epoch:2600
In training set, loss: 0.409548, Y0: 0.170078

Epoch:2700
In training set, loss: 0.402045, Y0: 0.167008

Epoch:2800
In training set, loss: 0.394951, Y0: 0.164036

Epoch:2900
In training set, loss: 0.38824, Y0: 0.161159

Epoch:3000
In training set, loss: 0.381887, Y0: 0.158372

Epoch:3100
In training set, loss: 0.37587, Y0: 0.155673

Epoch:3200
In training set, loss: 0.370167, Y0: 0.15306

Epoch:3300
In training set, loss: 0.364759, Y0: 0.150528

Epoch:3400
In training set, loss: 0.359627, Y0: 0.148076

Epoch:3500
In training set, loss: 0.354754, Y0: 0.1457

Epoch:3600
In training set, loss: 0.350123, Y0: 0.143399

Epoch:3700
In training set, loss: 0.34572, Y0: 0.141169

Epoch:3800
In training set, loss: 0.341531, Y0: 0.139009

Epoch:3900
In training set, loss: 0.337542, Y0: 0.136916

Epoch:4000
In training set, loss: 0.333742, Y0: 0.134888



###############################################################################
TCHPC Cluster: kelvin
Job 21628 (BSDE_job_1_procs) for User 'zuoy' in Account 'hpc_21_01207'
Finished at: Fri Nov 19 13:45:40 GMT 2021

Job efficiency estimates:
=========================

Job ID: 21628
Cluster: kelvin
User/Group: zuoy/zuoy
State: COMPLETED (exit code 0)
Nodes: 1
Cores per node: 12
CPU Utilized: 00:03:56
CPU Efficiency: 8.30% of 00:47:24 core-walltime
Job Wall-clock time: 00:03:57
Memory Utilized: 6.09 MB
Memory Efficiency: 0.03% of 22.46 GB

Job completion status:
======================

       JobID    JobName AllocCPUS NTasks NNodes     MaxRSS    MaxRSSNode  MaxDiskRead MaxDiskWrite    Elapsed      State ExitCode 
------------ ---------- --------- ------ ------ ---------- ------------- ------------ ------------ ---------- ---------- -------- 
21628        BSDE_job_+        12             1                                                      00:03:57  COMPLETED      0:0 
21628.batch       batch        12      1      1      6236K   kelvin-n032        0.85M        0.01M   00:03:57  COMPLETED      0:0 


Job details:
============

JobId=21628 JobName=BSDE_job_1_procs
   UserId=zuoy(1582) GroupId=zuoy(1252) MCS_label=N/A
   Priority=11044593 Nice=0 Account=hpc_21_01207 QOS=normal
   JobState=COMPLETING Reason=None Dependency=(null)
   Requeue=0 Restarts=0 BatchFlag=1 Reboot=0 ExitCode=0:0
   DerivedExitCode=0:0
   RunTime=00:03:57 TimeLimit=2-23:00:00 TimeMin=N/A
   SubmitTime=2021-11-19T13:41:43 EligibleTime=2021-11-19T13:41:43
   AccrueTime=2021-11-19T13:41:43
   StartTime=2021-11-19T13:41:43 EndTime=2021-11-19T13:45:40 Deadline=N/A
   SuspendTime=None SecsPreSuspend=0 LastSchedEval=2021-11-19T13:41:43
   Partition=compute AllocNode:Sid=kelvin01:22213
   ReqNodeList=(null) ExcNodeList=(null)
   NodeList=
   BatchHost=kelvin-n032
   NumNodes=1 NumCPUs=12 NumTasks=1 CPUs/Task=1 ReqB:S:C:T=0:0:*:*
   TRES=cpu=12,mem=23000M,node=1,billing=12
   Socks/Node=* NtasksPerN:B:S:C=0:0:*:* CoreSpec=*
   JOB_GRES=(null)
     Nodes=kelvin-n032 CPU_IDs=0-11 Mem=23000 GRES=
   MinCPUsNode=1 MinMemoryNode=23000M MinTmpDiskNode=0
   Features=(null) DelayBoot=00:00:00
   OverSubscribe=NO Contiguous=0 Licenses=(null) Network=(null)
   Command=/home/users/mschpc/2019/zuoy/HPC/NeuralNetwork/sequential/scripts/script_AllenCahn_d100_b256.sh
   WorkDir=/home/users/mschpc/2019/zuoy/HPC/NeuralNetwork/sequential
   StdErr=/home/users/mschpc/2019/zuoy/HPC/NeuralNetwork/sequential/output/slurm-21628.out
   StdIn=/dev/null
   StdOut=/home/users/mschpc/2019/zuoy/HPC/NeuralNetwork/sequential/output/slurm-21628.out
   Power=
   NtasksPerTRES:0


Disk quota details:
===================

Quota Type           Name  Filesystem     Usage in MB     Limit in MB    % Used
-------------------------------------------------------------------------------
USER                 zuoy       /home             109          51,200     0.21%

GROUP              mschpc   /projects             999          51,200     1.95%
GROUP          pi-dgolden   /projects               0          51,200     0.00%


SLURM Bank Statement:
=====================

User           Usage |        Account     Usage | Account Limit Available (CPU hrs)
---------- --------- + -------------- --------- + ------------- ---------
zuoy          10,345 |   HPC_21_01207    10,345 |       100,000    89,655


Acknowledgements:
=================

Note that usage of TCHPC Resources *must* be acknowledged in all publications.

Please see this page for details relevant to this cluster:

http://www.tchpc.tcd.ie/resources/acknowledgementpolicy

################################################################################
