Config data loaded successfully!
Dimension: 100
Total time: 0.25
Number of time intervals: 20
Learning rate: 0.0005
y_init_range: 0.3, 0.5
Number of neurons in each hidden layer of each subnet: 110, 110, 
Epochs: 4000
Batch size: 128
Sample size: 256
Logging frequency: 100
Model name: AllenCahn_serial_


Training:
Epoch:100
In training set, loss: 5.80602, Y0: 0.284511

Epoch:200
In training set, loss: 5.27139, Y0: 0.270124

Epoch:300
In training set, loss: 4.8088, Y0: 0.256743

Epoch:400
In training set, loss: 4.40759, Y0: 0.244284

Epoch:500
In training set, loss: 4.05889, Y0: 0.232672

Epoch:600
In training set, loss: 3.75527, Y0: 0.221839

Epoch:700
In training set, loss: 3.49047, Y0: 0.211726

Epoch:800
In training set, loss: 3.2592, Y0: 0.202278

Epoch:900
In training set, loss: 3.05695, Y0: 0.193446

Epoch:1000
In training set, loss: 2.87986, Y0: 0.185186

Epoch:1100
In training set, loss: 2.72465, Y0: 0.177457

Epoch:1200
In training set, loss: 2.58847, Y0: 0.170222

Epoch:1300
In training set, loss: 2.46888, Y0: 0.163447

Epoch:1400
In training set, loss: 2.36377, Y0: 0.1571

Epoch:1500
In training set, loss: 2.27131, Y0: 0.151153

Epoch:1600
In training set, loss: 2.18992, Y0: 0.145579

Epoch:1700
In training set, loss: 2.11822, Y0: 0.140354

Epoch:1800
In training set, loss: 2.055, Y0: 0.135454

Epoch:1900
In training set, loss: 1.99922, Y0: 0.130858

Epoch:2000
In training set, loss: 1.94997, Y0: 0.126547

Epoch:2100
In training set, loss: 1.90645, Y0: 0.122503

Epoch:2200
In training set, loss: 1.86796, Y0: 0.118708

Epoch:2300
In training set, loss: 1.8339, Y0: 0.115147

Epoch:2400
In training set, loss: 1.80373, Y0: 0.111804

Epoch:2500
In training set, loss: 1.77697, Y0: 0.108667

Epoch:2600
In training set, loss: 1.75322, Y0: 0.105722

Epoch:2700
In training set, loss: 1.73212, Y0: 0.102957

Epoch:2800
In training set, loss: 1.71335, Y0: 0.10036

Epoch:2900
In training set, loss: 1.69663, Y0: 0.0979225

Epoch:3000
In training set, loss: 1.68172, Y0: 0.0956331

Epoch:3100
In training set, loss: 1.66839, Y0: 0.0934831

Epoch:3200
In training set, loss: 1.65648, Y0: 0.0914639

Epoch:3300
In training set, loss: 1.64579, Y0: 0.0895672

Epoch:3400
In training set, loss: 1.6362, Y0: 0.0877857

Epoch:3500
In training set, loss: 1.62757, Y0: 0.0861121

Epoch:3600
In training set, loss: 1.61978, Y0: 0.08454

Epoch:3700
In training set, loss: 1.61275, Y0: 0.083063

Epoch:3800
In training set, loss: 1.60637, Y0: 0.0816753

Epoch:3900
In training set, loss: 1.60057, Y0: 0.0803715

Epoch:4000
In training set, loss: 1.59529, Y0: 0.0791464



###############################################################################
TCHPC Cluster: kelvin
Job 21631 (BSDE_job_1_procs) for User 'zuoy' in Account 'hpc_21_01207'
Finished at: Fri Nov 19 14:30:09 GMT 2021

Job efficiency estimates:
=========================

Job ID: 21631
Cluster: kelvin
User/Group: zuoy/zuoy
State: COMPLETED (exit code 0)
Nodes: 1
Cores per node: 12
CPU Utilized: 00:30:57
CPU Efficiency: 8.33% of 06:11:36 core-walltime
Job Wall-clock time: 00:30:58
Memory Utilized: 9.96 MB
Memory Efficiency: 0.04% of 22.46 GB

Job completion status:
======================

       JobID    JobName AllocCPUS NTasks NNodes     MaxRSS    MaxRSSNode  MaxDiskRead MaxDiskWrite    Elapsed      State ExitCode 
------------ ---------- --------- ------ ------ ---------- ------------- ------------ ------------ ---------- ---------- -------- 
21631        BSDE_job_+        12             1                                                      00:30:58  COMPLETED      0:0 
21631.batch       batch        12      1      1     10200K   kelvin-n063        0.85M        0.01M   00:30:58  COMPLETED      0:0 


Job details:
============

JobId=21631 JobName=BSDE_job_1_procs
   UserId=zuoy(1582) GroupId=zuoy(1252) MCS_label=N/A
   Priority=11053614 Nice=0 Account=hpc_21_01207 QOS=normal
   JobState=COMPLETING Reason=None Dependency=(null)
   Requeue=0 Restarts=0 BatchFlag=1 Reboot=0 ExitCode=0:0
   DerivedExitCode=0:0
   RunTime=00:30:58 TimeLimit=2-23:00:00 TimeMin=N/A
   SubmitTime=2021-11-19T13:41:43 EligibleTime=2021-11-19T13:41:43
   AccrueTime=2021-11-19T13:41:43
   StartTime=2021-11-19T13:59:11 EndTime=2021-11-19T14:30:09 Deadline=N/A
   SuspendTime=None SecsPreSuspend=0 LastSchedEval=2021-11-19T13:59:11
   Partition=compute AllocNode:Sid=kelvin01:22213
   ReqNodeList=(null) ExcNodeList=(null)
   NodeList=
   BatchHost=kelvin-n063
   NumNodes=1 NumCPUs=12 NumTasks=1 CPUs/Task=1 ReqB:S:C:T=0:0:*:*
   TRES=cpu=12,mem=23000M,node=1,billing=12
   Socks/Node=* NtasksPerN:B:S:C=0:0:*:* CoreSpec=*
   JOB_GRES=(null)
     Nodes=kelvin-n063 CPU_IDs=0-11 Mem=23000 GRES=
   MinCPUsNode=1 MinMemoryNode=23000M MinTmpDiskNode=0
   Features=(null) DelayBoot=00:00:00
   OverSubscribe=NO Contiguous=0 Licenses=(null) Network=(null)
   Command=/home/users/mschpc/2019/zuoy/HPC/NeuralNetwork/sequential/scripts/script_AllenCahn_d200_b128.sh
   WorkDir=/home/users/mschpc/2019/zuoy/HPC/NeuralNetwork/sequential
   StdErr=/home/users/mschpc/2019/zuoy/HPC/NeuralNetwork/sequential/output/slurm-21631.out
   StdIn=/dev/null
   StdOut=/home/users/mschpc/2019/zuoy/HPC/NeuralNetwork/sequential/output/slurm-21631.out
   Power=
   NtasksPerTRES:0


Disk quota details:
===================

Quota Type           Name  Filesystem     Usage in MB     Limit in MB    % Used
-------------------------------------------------------------------------------
USER                 zuoy       /home             109          51,200     0.21%

GROUP              mschpc   /projects             999          51,200     1.95%
GROUP          pi-dgolden   /projects               0          51,200     0.00%


SLURM Bank Statement:
=====================

User           Usage |        Account     Usage | Account Limit Available (CPU hrs)
---------- --------- + -------------- --------- + ------------- ---------
zuoy          10,454 |   HPC_21_01207    10,454 |       100,000    89,546


Acknowledgements:
=================

Note that usage of TCHPC Resources *must* be acknowledged in all publications.

Please see this page for details relevant to this cluster:

http://www.tchpc.tcd.ie/resources/acknowledgementpolicy

################################################################################
