Config data loaded successfully!
Dimension: 500
Total time: 1
Number of time intervals: 40
Learning rate: 0.01
y_init_range: 40, 50
Number of neurons in each hidden layer of each subnet: 110, 110, 
Epochs: 1000
Batch size: 256
Sample size: 256
Logging frequency: 100
Model name: pricing_default_risk_serial_


Training:
Epoch:100
In training set, loss: 3473.23, Y0: 46.4754

Epoch:200
In training set, loss: 1942.64, Y0: 48.6011

Epoch:300
In training set, loss: 1637.56, Y0: 49.359

Epoch:400
In training set, loss: 1486.12, Y0: 49.6372

Epoch:500
In training set, loss: 1367.1, Y0: 49.7405

Epoch:600
In training set, loss: 1263.57, Y0: 49.7797

Epoch:700
In training set, loss: 1171.83, Y0: 49.7955

Epoch:800
In training set, loss: 1090.19, Y0: 49.8029

Epoch:900
In training set, loss: 1017.28, Y0: 49.8072

Epoch:1000
In training set, loss: 951.988, Y0: 49.8104



###############################################################################
TCHPC Cluster: kelvin
Job 21550 (BSDE_job_1_procs) for User 'zuoy' in Account 'hpc_21_01207'
Finished at: Fri Nov 19 05:22:26 GMT 2021

Job efficiency estimates:
=========================

Job ID: 21550
Cluster: kelvin
User/Group: zuoy/zuoy
State: COMPLETED (exit code 0)
Nodes: 1
Cores per node: 12
CPU Utilized: 01:21:28
CPU Efficiency: 8.33% of 16:17:48 core-walltime
Job Wall-clock time: 01:21:29
Memory Utilized: 78.13 MB
Memory Efficiency: 0.34% of 22.46 GB

Job completion status:
======================

       JobID    JobName AllocCPUS NTasks NNodes     MaxRSS    MaxRSSNode  MaxDiskRead MaxDiskWrite    Elapsed      State ExitCode 
------------ ---------- --------- ------ ------ ---------- ------------- ------------ ------------ ---------- ---------- -------- 
21550        BSDE_job_+        12             1                                                      01:21:29  COMPLETED      0:0 
21550.batch       batch        12      1      1     80008K   kelvin-n039        0.85M        0.01M   01:21:29  COMPLETED      0:0 


Job details:
============

JobId=21550 JobName=BSDE_job_1_procs
   UserId=zuoy(1582) GroupId=zuoy(1252) MCS_label=N/A
   Priority=11141031 Nice=0 Account=hpc_21_01207 QOS=normal
   JobState=COMPLETING Reason=None Dependency=(null)
   Requeue=0 Restarts=0 BatchFlag=1 Reboot=0 ExitCode=0:0
   DerivedExitCode=0:0
   RunTime=01:21:29 TimeLimit=2-23:00:00 TimeMin=N/A
   SubmitTime=2021-11-19T00:47:29 EligibleTime=2021-11-19T00:47:29
   AccrueTime=2021-11-19T00:47:29
   StartTime=2021-11-19T04:00:57 EndTime=2021-11-19T05:22:26 Deadline=N/A
   SuspendTime=None SecsPreSuspend=0 LastSchedEval=2021-11-19T04:00:57
   Partition=compute AllocNode:Sid=kelvin01:10771
   ReqNodeList=(null) ExcNodeList=(null)
   NodeList=
   BatchHost=kelvin-n039
   NumNodes=1 NumCPUs=12 NumTasks=1 CPUs/Task=1 ReqB:S:C:T=0:0:*:*
   TRES=cpu=12,mem=23000M,node=1,billing=12
   Socks/Node=* NtasksPerN:B:S:C=0:0:*:* CoreSpec=*
   JOB_GRES=(null)
     Nodes=kelvin-n039 CPU_IDs=0-11 Mem=23000 GRES=
   MinCPUsNode=1 MinMemoryNode=23000M MinTmpDiskNode=0
   Features=(null) DelayBoot=00:00:00
   OverSubscribe=NO Contiguous=0 Licenses=(null) Network=(null)
   Command=/home/users/mschpc/2019/zuoy/HPC/NeuralNetwork/sequential/scripts/script_PricingDefaultRisk_d500_b256.sh
   WorkDir=/home/users/mschpc/2019/zuoy/HPC/NeuralNetwork/sequential
   StdErr=/home/users/mschpc/2019/zuoy/HPC/NeuralNetwork/sequential/output/slurm-21550.out
   StdIn=/dev/null
   StdOut=/home/users/mschpc/2019/zuoy/HPC/NeuralNetwork/sequential/output/slurm-21550.out
   Power=
   NtasksPerTRES:0


Disk quota details:
===================

Quota Type           Name  Filesystem     Usage in MB     Limit in MB    % Used
-------------------------------------------------------------------------------
USER                 zuoy       /home             108          51,200     0.21%

GROUP              mschpc   /projects             999          51,200     1.95%
GROUP          pi-dgolden   /projects               0          51,200     0.00%


SLURM Bank Statement:
=====================

User           Usage |        Account     Usage | Account Limit Available (CPU hrs)
---------- --------- + -------------- --------- + ------------- ---------
zuoy          10,091 |   HPC_21_01207    10,091 |       100,000    89,909


Acknowledgements:
=================

Note that usage of TCHPC Resources *must* be acknowledged in all publications.

Please see this page for details relevant to this cluster:

http://www.tchpc.tcd.ie/resources/acknowledgementpolicy

################################################################################
