Config data loaded successfully!
Dimension: 200
Total time: 1
Number of time intervals: 20
Learning rate: 0.01
y_init_range: 0, 1
Number of neurons in each hidden layer of each subnet: 110, 110, 
Epochs: 4000
Batch size: 1
Sample size: 256
Logging frequency: 100
Model name: HJBLQ_serial_


Training:
Epoch:100
In training set, loss: 0.444461, Y0: 5.21259

Epoch:200
In training set, loss: 0.216907, Y0: 5.21763

Epoch:300
In training set, loss: 0.114206, Y0: 5.21894

Epoch:400
In training set, loss: 0.061272, Y0: 5.21928

Epoch:500
In training set, loss: 0.0331349, Y0: 5.21937

Epoch:600
In training set, loss: 0.0180041, Y0: 5.21942

Epoch:700
In training set, loss: 0.00981797, Y0: 5.21945

Epoch:800
In training set, loss: 0.00537432, Y0: 5.21948

Epoch:900
In training set, loss: 0.00295528, Y0: 5.21951

Epoch:1000
In training set, loss: 0.00163407, Y0: 5.21953

Epoch:1100
In training set, loss: 0.000911811, Y0: 5.21954

Epoch:1200
In training set, loss: 0.000516099, Y0: 5.21955

Epoch:1300
In training set, loss: 0.000298348, Y0: 5.21956

Epoch:1400
In training set, loss: 0.000177382, Y0: 5.21956

Epoch:1500
In training set, loss: 0.000109486, Y0: 5.21956

Epoch:1600
In training set, loss: 7.06278e-05, Y0: 5.21956

Epoch:1700
In training set, loss: 4.77228e-05, Y0: 5.21956

Epoch:1800
In training set, loss: 3.37383e-05, Y0: 5.21956

Epoch:1900
In training set, loss: 2.48177e-05, Y0: 5.21956

Epoch:2000
In training set, loss: 1.89196e-05, Y0: 5.21956

Epoch:2100
In training set, loss: 1.48885e-05, Y0: 5.21956

Epoch:2200
In training set, loss: 1.20187e-05, Y0: 5.21956

Epoch:2300
In training set, loss: 9.92523e-06, Y0: 5.21956

Epoch:2400
In training set, loss: 8.33545e-06, Y0: 5.21956

Epoch:2500
In training set, loss: 7.09307e-06, Y0: 5.21956

Epoch:2600
In training set, loss: 6.12218e-06, Y0: 5.21956

Epoch:2700
In training set, loss: 5.33517e-06, Y0: 5.21956

Epoch:2800
In training set, loss: 4.69857e-06, Y0: 5.21956

Epoch:2900
In training set, loss: 4.1721e-06, Y0: 5.21956

Epoch:3000
In training set, loss: 3.73016e-06, Y0: 5.21956

Epoch:3100
In training set, loss: 3.35932e-06, Y0: 5.21955

Epoch:3200
In training set, loss: 3.04437e-06, Y0: 5.21955

Epoch:3300
In training set, loss: 2.76724e-06, Y0: 5.21955

Epoch:3400
In training set, loss: 2.53049e-06, Y0: 5.21955

Epoch:3500
In training set, loss: 2.31818e-06, Y0: 5.21955

Epoch:3600
In training set, loss: 2.13864e-06, Y0: 5.21956

Epoch:3700
In training set, loss: 1.97807e-06, Y0: 5.21956

Epoch:3800
In training set, loss: 1.83452e-06, Y0: 5.21956

Epoch:3900
In training set, loss: 1.70556e-06, Y0: 5.21956

Epoch:4000
In training set, loss: 1.59198e-06, Y0: 5.21956



###############################################################################
TCHPC Cluster: kelvin
Job 21677 (BSDE_job_1_procs) for User 'zuoy' in Account 'hpc_21_01207'
Finished at: Fri Nov 19 16:32:55 GMT 2021

Job efficiency estimates:
=========================

Job ID: 21677
Cluster: kelvin
User/Group: zuoy/zuoy
State: COMPLETED (exit code 0)
Nodes: 1
Cores per node: 12
CPU Utilized: 01:10:20
CPU Efficiency: 8.33% of 14:04:00 core-walltime
Job Wall-clock time: 01:10:20
Memory Utilized: 17.21 MB
Memory Efficiency: 0.07% of 22.46 GB

Job completion status:
======================

       JobID    JobName AllocCPUS NTasks NNodes     MaxRSS    MaxRSSNode  MaxDiskRead MaxDiskWrite    Elapsed      State ExitCode 
------------ ---------- --------- ------ ------ ---------- ------------- ------------ ------------ ---------- ---------- -------- 
21677        BSDE_job_+        12             1                                                      01:10:20  COMPLETED      0:0 
21677.batch       batch        12      1      1     17620K   kelvin-n024        0.85M        0.01M   01:10:20  COMPLETED      0:0 


Job details:
============

JobId=21677 JobName=BSDE_job_1_procs
   UserId=zuoy(1582) GroupId=zuoy(1252) MCS_label=N/A
   Priority=11070744 Nice=0 Account=hpc_21_01207 QOS=normal
   JobState=COMPLETING Reason=None Dependency=(null)
   Requeue=0 Restarts=0 BatchFlag=1 Reboot=0 ExitCode=0:0
   DerivedExitCode=0:0
   RunTime=01:10:20 TimeLimit=2-23:00:00 TimeMin=N/A
   SubmitTime=2021-11-19T14:30:11 EligibleTime=2021-11-19T14:30:11
   AccrueTime=2021-11-19T14:30:11
   StartTime=2021-11-19T15:22:35 EndTime=2021-11-19T16:32:55 Deadline=N/A
   SuspendTime=None SecsPreSuspend=0 LastSchedEval=2021-11-19T15:22:35
   Partition=compute AllocNode:Sid=kelvin01:22213
   ReqNodeList=(null) ExcNodeList=(null)
   NodeList=
   BatchHost=kelvin-n024
   NumNodes=1 NumCPUs=12 NumTasks=1 CPUs/Task=1 ReqB:S:C:T=0:0:*:*
   TRES=cpu=12,mem=23000M,node=1,billing=12
   Socks/Node=* NtasksPerN:B:S:C=0:0:*:* CoreSpec=*
   JOB_GRES=(null)
     Nodes=kelvin-n024 CPU_IDs=0-11 Mem=23000 GRES=
   MinCPUsNode=1 MinMemoryNode=23000M MinTmpDiskNode=0
   Features=(null) DelayBoot=00:00:00
   OverSubscribe=NO Contiguous=0 Licenses=(null) Network=(null)
   Command=/home/users/mschpc/2019/zuoy/HPC/NeuralNetwork/sequential/scripts/script_HJBLQ_d200_b1.sh
   WorkDir=/home/users/mschpc/2019/zuoy/HPC/NeuralNetwork/sequential
   StdErr=/home/users/mschpc/2019/zuoy/HPC/NeuralNetwork/sequential/output/slurm-21677.out
   StdIn=/dev/null
   StdOut=/home/users/mschpc/2019/zuoy/HPC/NeuralNetwork/sequential/output/slurm-21677.out
   Power=
   NtasksPerTRES:0


Disk quota details:
===================

Quota Type           Name  Filesystem     Usage in MB     Limit in MB    % Used
-------------------------------------------------------------------------------
USER                 zuoy       /home             109          51,200     0.21%

GROUP              mschpc   /projects             999          51,200     1.95%
GROUP          pi-dgolden   /projects               0          51,200     0.00%


SLURM Bank Statement:
=====================

User           Usage |        Account     Usage | Account Limit Available (CPU hrs)
---------- --------- + -------------- --------- + ------------- ---------
zuoy          10,754 |   HPC_21_01207    10,754 |       100,000    89,246


Acknowledgements:
=================

Note that usage of TCHPC Resources *must* be acknowledged in all publications.

Please see this page for details relevant to this cluster:

http://www.tchpc.tcd.ie/resources/acknowledgementpolicy

################################################################################
