Config data loaded successfully!
Dimension: 100
Total time: 0.25
Number of time intervals: 20
Learning rate: 0.0005
y_init_range: 0.3, 0.5
Number of neurons in each hidden layer of each subnet: 110, 110, 
Epochs: 5000
Batch size: 16
Sample size: 512
Logging frequency: 100
Model name: AllenCahn_serial_


Training:
Epoch:100
In training set, loss: 4.57355, Y0: 0.147271

Epoch:200
In training set, loss: 3.54273, Y0: 0.0939671

Epoch:300
In training set, loss: 3.38004, Y0: 0.074567

Epoch:400
In training set, loss: 3.33223, Y0: 0.0674293

Epoch:500
In training set, loss: 3.30062, Y0: 0.064781

Epoch:600
In training set, loss: 3.27199, Y0: 0.0637823

Epoch:700
In training set, loss: 3.24451, Y0: 0.0633907

Epoch:800
In training set, loss: 3.21792, Y0: 0.0632225

Epoch:900
In training set, loss: 3.19215, Y0: 0.0631367

Epoch:1000
In training set, loss: 3.16717, Y0: 0.0630814

Epoch:1100
In training set, loss: 3.14295, Y0: 0.0630373

Epoch:1200
In training set, loss: 3.11946, Y0: 0.0629974

Epoch:1300
In training set, loss: 3.09669, Y0: 0.0629595

Epoch:1400
In training set, loss: 3.07459, Y0: 0.062922

Epoch:1500
In training set, loss: 3.05315, Y0: 0.0628852

Epoch:1600
In training set, loss: 3.03235, Y0: 0.0628482

Epoch:1700
In training set, loss: 3.01215, Y0: 0.062812

Epoch:1800
In training set, loss: 2.99255, Y0: 0.0627761

Epoch:1900
In training set, loss: 2.97351, Y0: 0.06274

Epoch:2000
In training set, loss: 2.95503, Y0: 0.0627041

Epoch:2100
In training set, loss: 2.93707, Y0: 0.0626685

Epoch:2200
In training set, loss: 2.91963, Y0: 0.0626331

Epoch:2300
In training set, loss: 2.90268, Y0: 0.0625978

Epoch:2400
In training set, loss: 2.88621, Y0: 0.062563

Epoch:2500
In training set, loss: 2.8702, Y0: 0.0625282

Epoch:2600
In training set, loss: 2.85464, Y0: 0.0624939

Epoch:2700
In training set, loss: 2.8395, Y0: 0.0624594

Epoch:2800
In training set, loss: 2.82479, Y0: 0.0624254

Epoch:2900
In training set, loss: 2.81047, Y0: 0.0623917

Epoch:3000
In training set, loss: 2.79655, Y0: 0.0623583

Epoch:3100
In training set, loss: 2.783, Y0: 0.062325

Epoch:3200
In training set, loss: 2.76981, Y0: 0.0622919

Epoch:3300
In training set, loss: 2.75698, Y0: 0.0622593

Epoch:3400
In training set, loss: 2.74448, Y0: 0.0622268

Epoch:3500
In training set, loss: 2.73232, Y0: 0.0621945

Epoch:3600
In training set, loss: 2.72046, Y0: 0.0621627

Epoch:3700
In training set, loss: 2.70892, Y0: 0.0621309

Epoch:3800
In training set, loss: 2.69767, Y0: 0.0620995

Epoch:3900
In training set, loss: 2.68672, Y0: 0.0620682

Epoch:4000
In training set, loss: 2.67604, Y0: 0.0620374

Epoch:4100
In training set, loss: 2.66563, Y0: 0.0620066

Epoch:4200
In training set, loss: 2.65548, Y0: 0.0619763

Epoch:4300
In training set, loss: 2.64559, Y0: 0.0619462

Epoch:4400
In training set, loss: 2.63594, Y0: 0.0619162

Epoch:4500
In training set, loss: 2.62652, Y0: 0.0618866

Epoch:4600
In training set, loss: 2.61734, Y0: 0.0618573

Epoch:4700
In training set, loss: 2.60838, Y0: 0.0618281

Epoch:4800
In training set, loss: 2.59963, Y0: 0.0617992

Epoch:4900
In training set, loss: 2.5911, Y0: 0.0617707

Epoch:5000
In training set, loss: 2.58276, Y0: 0.0617424



###############################################################################
TCHPC Cluster: kelvin
Job 21775 (BSDE_job_1_procs) for User 'zuoy' in Account 'hpc_21_01207'
Finished at: Sat Nov 20 02:37:24 GMT 2021

Job efficiency estimates:
=========================

Job ID: 21775
Cluster: kelvin
User/Group: zuoy/zuoy
State: COMPLETED (exit code 0)
Nodes: 1
Cores per node: 12
CPU Utilized: 01:18:45
CPU Efficiency: 8.33% of 15:45:12 core-walltime
Job Wall-clock time: 01:18:46
Memory Utilized: 14.39 MB
Memory Efficiency: 0.06% of 22.46 GB

Job completion status:
======================

       JobID    JobName AllocCPUS NTasks NNodes     MaxRSS    MaxRSSNode  MaxDiskRead MaxDiskWrite    Elapsed      State ExitCode 
------------ ---------- --------- ------ ------ ---------- ------------- ------------ ------------ ---------- ---------- -------- 
21775        BSDE_job_+        12             1                                                      01:18:46  COMPLETED      0:0 
21775.batch       batch        12      1      1     14732K   kelvin-n061        0.85M        0.01M   01:18:46  COMPLETED      0:0 


Job details:
============

JobId=21775 JobName=BSDE_job_1_procs
   UserId=zuoy(1582) GroupId=zuoy(1252) MCS_label=N/A
   Priority=11122695 Nice=0 Account=hpc_21_01207 QOS=normal
   JobState=COMPLETING Reason=None Dependency=(null)
   Requeue=0 Restarts=0 BatchFlag=1 Reboot=0 ExitCode=0:0
   DerivedExitCode=0:0
   RunTime=01:18:46 TimeLimit=2-23:00:00 TimeMin=N/A
   SubmitTime=2021-11-19T22:41:27 EligibleTime=2021-11-19T22:41:27
   AccrueTime=2021-11-19T22:41:27
   StartTime=2021-11-20T01:18:37 EndTime=2021-11-20T02:37:23 Deadline=N/A
   SuspendTime=None SecsPreSuspend=0 LastSchedEval=2021-11-20T01:18:37
   Partition=compute AllocNode:Sid=kelvin01:22213
   ReqNodeList=(null) ExcNodeList=(null)
   NodeList=
   BatchHost=kelvin-n061
   NumNodes=1 NumCPUs=12 NumTasks=1 CPUs/Task=1 ReqB:S:C:T=0:0:*:*
   TRES=cpu=12,mem=23000M,node=1,billing=12
   Socks/Node=* NtasksPerN:B:S:C=0:0:*:* CoreSpec=*
   JOB_GRES=(null)
     Nodes=kelvin-n061 CPU_IDs=0-11 Mem=23000 GRES=
   MinCPUsNode=1 MinMemoryNode=23000M MinTmpDiskNode=0
   Features=(null) DelayBoot=00:00:00
   OverSubscribe=NO Contiguous=0 Licenses=(null) Network=(null)
   Command=/home/users/mschpc/2019/zuoy/HPC/NeuralNetwork/sequential/scripts/script_AllenCahn_d200_b64.sh
   WorkDir=/home/users/mschpc/2019/zuoy/HPC/NeuralNetwork/sequential
   StdErr=/home/users/mschpc/2019/zuoy/HPC/NeuralNetwork/sequential/output/slurm-21775.out
   StdIn=/dev/null
   StdOut=/home/users/mschpc/2019/zuoy/HPC/NeuralNetwork/sequential/output/slurm-21775.out
   Power=
   NtasksPerTRES:0


Disk quota details:
===================

Quota Type           Name  Filesystem     Usage in MB     Limit in MB    % Used
-------------------------------------------------------------------------------
USER                 zuoy       /home             110          51,200     0.22%

GROUP              mschpc   /projects             999          51,200     1.95%
GROUP          pi-dgolden   /projects               0          51,200     0.00%


SLURM Bank Statement:
=====================

User           Usage |        Account     Usage | Account Limit Available (CPU hrs)
---------- --------- + -------------- --------- + ------------- ---------
zuoy          11,639 |   HPC_21_01207    11,639 |       100,000    88,361


Acknowledgements:
=================

Note that usage of TCHPC Resources *must* be acknowledged in all publications.

Please see this page for details relevant to this cluster:

http://www.tchpc.tcd.ie/resources/acknowledgementpolicy

################################################################################
