Config data loaded successfully!
Dimension: 200
Total time: 1
Number of time intervals: 40
Learning rate: 0.01
y_init_range: 40, 50
Number of neurons in each hidden layer of each subnet: 110, 110, 
Epochs: 1000
Batch size: 64
Sample size: 256
Logging frequency: 100
Model name: pricing_default_risk_serial_


Training:
Epoch:100
In training set, loss: 2382.84, Y0: 53.4504

Epoch:200
In training set, loss: 2139.97, Y0: 53.7998

Epoch:300
In training set, loss: 1957.67, Y0: 53.8575

Epoch:400
In training set, loss: 1811.12, Y0: 53.9037

Epoch:500
In training set, loss: 1690.38, Y0: 53.9456

Epoch:600
In training set, loss: 1589.44, Y0: 53.9837

Epoch:700
In training set, loss: 1503.34, Y0: 54.0187

Epoch:800
In training set, loss: 1428.93, Y0: 54.0509

Epoch:900
In training set, loss: 1363.84, Y0: 54.0806

Epoch:1000
In training set, loss: 1306.25, Y0: 54.1082



###############################################################################
TCHPC Cluster: kelvin
Job 20823 (BSDE_job_1_procs) for User 'zuoy' in Account 'hpc_21_01207'
Finished at: Wed Nov 17 00:36:04 GMT 2021

Job efficiency estimates:
=========================

Job ID: 20823
Cluster: kelvin
User/Group: zuoy/zuoy
State: COMPLETED (exit code 0)
Nodes: 1
Cores per node: 12
CPU Utilized: 00:45:03
CPU Efficiency: 8.33% of 09:01:00 core-walltime
Job Wall-clock time: 00:45:05
Memory Utilized: 34.18 MB
Memory Efficiency: 0.15% of 22.46 GB

Job completion status:
======================

       JobID    JobName AllocCPUS NTasks NNodes     MaxRSS    MaxRSSNode  MaxDiskRead MaxDiskWrite    Elapsed      State ExitCode 
------------ ---------- --------- ------ ------ ---------- ------------- ------------ ------------ ---------- ---------- -------- 
20823        BSDE_job_+        12             1                                                      00:45:05  COMPLETED      0:0 
20823.batch       batch        12      1      1     35004K   kelvin-n032        0.87M        0.01M   00:45:05  COMPLETED      0:0 


Job details:
============

JobId=20823 JobName=BSDE_job_1_procs
   UserId=zuoy(1582) GroupId=zuoy(1252) MCS_label=N/A
   Priority=11828673 Nice=0 Account=hpc_21_01207 QOS=normal
   JobState=COMPLETING Reason=None Dependency=(null)
   Requeue=0 Restarts=0 BatchFlag=1 Reboot=0 ExitCode=0:0
   DerivedExitCode=0:0
   RunTime=00:45:05 TimeLimit=2-23:00:00 TimeMin=N/A
   SubmitTime=2021-11-16T23:21:58 EligibleTime=2021-11-16T23:21:58
   AccrueTime=2021-11-16T23:21:58
   StartTime=2021-11-16T23:50:59 EndTime=2021-11-17T00:36:04 Deadline=N/A
   SuspendTime=None SecsPreSuspend=0 LastSchedEval=2021-11-16T23:50:59
   Partition=compute AllocNode:Sid=kelvin01:28149
   ReqNodeList=(null) ExcNodeList=(null)
   NodeList=
   BatchHost=kelvin-n032
   NumNodes=1 NumCPUs=12 NumTasks=1 CPUs/Task=1 ReqB:S:C:T=0:0:*:*
   TRES=cpu=12,mem=23000M,node=1,billing=12
   Socks/Node=* NtasksPerN:B:S:C=0:0:*:* CoreSpec=*
   JOB_GRES=(null)
     Nodes=kelvin-n032 CPU_IDs=0-11 Mem=23000 GRES=
   MinCPUsNode=1 MinMemoryNode=23000M MinTmpDiskNode=0
   Features=(null) DelayBoot=00:00:00
   OverSubscribe=NO Contiguous=0 Licenses=(null) Network=(null)
   Command=/home/users/mschpc/2019/zuoy/HPC/NeuralNetwork/sequential/scripts/script_PricingDefaultRisk_d200_b64.sh
   WorkDir=/home/users/mschpc/2019/zuoy/HPC/NeuralNetwork/sequential
   StdErr=/home/users/mschpc/2019/zuoy/HPC/NeuralNetwork/sequential/output/slurm-20823.out
   StdIn=/dev/null
   StdOut=/home/users/mschpc/2019/zuoy/HPC/NeuralNetwork/sequential/output/slurm-20823.out
   Power=
   NtasksPerTRES:0


Disk quota details:
===================

Quota Type           Name  Filesystem     Usage in MB     Limit in MB    % Used
-------------------------------------------------------------------------------
USER                 zuoy       /home             102          51,200     0.20%

GROUP              mschpc   /projects             999          51,200     1.95%
GROUP          pi-dgolden   /projects               0          51,200     0.00%


SLURM Bank Statement:
=====================

User           Usage |        Account     Usage | Account Limit Available (CPU hrs)
---------- --------- + -------------- --------- + ------------- ---------
zuoy           4,810 |   HPC_21_01207     4,810 |       100,000    95,190


Acknowledgements:
=================

Note that usage of TCHPC Resources *must* be acknowledged in all publications.

Please see this page for details relevant to this cluster:

http://www.tchpc.tcd.ie/resources/acknowledgementpolicy

################################################################################
