Config data loaded successfully!
Dimension: 200
Total time: 1
Number of time intervals: 20
Learning rate: 0.01
y_init_range: 0, 1
Number of neurons in each hidden layer of each subnet: 110, 110, 
Epochs: 4000
Batch size: 128
Sample size: 256
Logging frequency: 100
Model name: HJBLQ_serial_


Training:
Epoch:100
In training set, loss: 64.8686, Y0: 4.3427

Epoch:200
In training set, loss: 15.0114, Y0: 4.85531

Epoch:300
In training set, loss: 11.426, Y0: 4.93895

Epoch:400
In training set, loss: 9.27338, Y0: 4.97135

Epoch:500
In training set, loss: 7.72166, Y0: 4.99426

Epoch:600
In training set, loss: 6.57053, Y0: 5.0131

Epoch:700
In training set, loss: 5.69613, Y0: 5.0291

Epoch:800
In training set, loss: 5.01746, Y0: 5.04289

Epoch:900
In training set, loss: 4.48035, Y0: 5.05488

Epoch:1000
In training set, loss: 4.04775, Y0: 5.0654

Epoch:1100
In training set, loss: 3.69381, Y0: 5.0747

Epoch:1200
In training set, loss: 3.40008, Y0: 5.08298

Epoch:1300
In training set, loss: 3.15321, Y0: 5.09038

Epoch:1400
In training set, loss: 2.94332, Y0: 5.09705

Epoch:1500
In training set, loss: 2.76303, Y0: 5.10307

Epoch:1600
In training set, loss: 2.60669, Y0: 5.10853

Epoch:1700
In training set, loss: 2.46996, Y0: 5.11351

Epoch:1800
In training set, loss: 2.34945, Y0: 5.11807

Epoch:1900
In training set, loss: 2.24247, Y0: 5.12226

Epoch:2000
In training set, loss: 2.1469, Y0: 5.12611

Epoch:2100
In training set, loss: 2.06101, Y0: 5.12966

Epoch:2200
In training set, loss: 1.98341, Y0: 5.13296

Epoch:2300
In training set, loss: 1.91294, Y0: 5.13602

Epoch:2400
In training set, loss: 1.84865, Y0: 5.13886

Epoch:2500
In training set, loss: 1.78976, Y0: 5.14151

Epoch:2600
In training set, loss: 1.73561, Y0: 5.14399

Epoch:2700
In training set, loss: 1.68562, Y0: 5.14631

Epoch:2800
In training set, loss: 1.63932, Y0: 5.14848

Epoch:2900
In training set, loss: 1.5963, Y0: 5.15053

Epoch:3000
In training set, loss: 1.55621, Y0: 5.15245

Epoch:3100
In training set, loss: 1.51876, Y0: 5.15426

Epoch:3200
In training set, loss: 1.48368, Y0: 5.15597

Epoch:3300
In training set, loss: 1.45072, Y0: 5.15758

Epoch:3400
In training set, loss: 1.41971, Y0: 5.15911

Epoch:3500
In training set, loss: 1.39046, Y0: 5.16056

Epoch:3600
In training set, loss: 1.36281, Y0: 5.16193

Epoch:3700
In training set, loss: 1.33662, Y0: 5.16324

Epoch:3800
In training set, loss: 1.31177, Y0: 5.16447

Epoch:3900
In training set, loss: 1.28816, Y0: 5.16565

Epoch:4000
In training set, loss: 1.26568, Y0: 5.16678



###############################################################################
TCHPC Cluster: kelvin
Job 21558 (BSDE_job_1_procs) for User 'zuoy' in Account 'hpc_21_01207'
Finished at: Fri Nov 19 05:36:37 GMT 2021

Job efficiency estimates:
=========================

Job ID: 21558
Cluster: kelvin
User/Group: zuoy/zuoy
State: COMPLETED (exit code 0)
Nodes: 1
Cores per node: 12
CPU Utilized: 00:49:24
CPU Efficiency: 8.33% of 09:53:12 core-walltime
Job Wall-clock time: 00:49:26
Memory Utilized: 17.21 MB
Memory Efficiency: 0.07% of 22.46 GB

Job completion status:
======================

       JobID    JobName AllocCPUS NTasks NNodes     MaxRSS    MaxRSSNode  MaxDiskRead MaxDiskWrite    Elapsed      State ExitCode 
------------ ---------- --------- ------ ------ ---------- ------------- ------------ ------------ ---------- ---------- -------- 
21558        BSDE_job_+        12             1                                                      00:49:26  COMPLETED      0:0 
21558.batch       batch        12      1      1     17624K   kelvin-n091        0.85M        0.01M   00:49:26  COMPLETED      0:0 


Job details:
============

JobId=21558 JobName=BSDE_job_1_procs
   UserId=zuoy(1582) GroupId=zuoy(1252) MCS_label=N/A
   Priority=11127994 Nice=0 Account=hpc_21_01207 QOS=normal
   JobState=COMPLETING Reason=None Dependency=(null)
   Requeue=0 Restarts=0 BatchFlag=1 Reboot=0 ExitCode=0:0
   DerivedExitCode=0:0
   RunTime=00:49:26 TimeLimit=2-23:00:00 TimeMin=N/A
   SubmitTime=2021-11-19T01:59:46 EligibleTime=2021-11-19T01:59:46
   AccrueTime=2021-11-19T01:59:46
   StartTime=2021-11-19T04:47:11 EndTime=2021-11-19T05:36:37 Deadline=N/A
   SuspendTime=None SecsPreSuspend=0 LastSchedEval=2021-11-19T04:47:11
   Partition=compute AllocNode:Sid=kelvin01:10771
   ReqNodeList=(null) ExcNodeList=(null)
   NodeList=
   BatchHost=kelvin-n091
   NumNodes=1 NumCPUs=12 NumTasks=1 CPUs/Task=1 ReqB:S:C:T=0:0:*:*
   TRES=cpu=12,mem=23000M,node=1,billing=12
   Socks/Node=* NtasksPerN:B:S:C=0:0:*:* CoreSpec=*
   JOB_GRES=(null)
     Nodes=kelvin-n091 CPU_IDs=0-11 Mem=23000 GRES=
   MinCPUsNode=1 MinMemoryNode=23000M MinTmpDiskNode=0
   Features=(null) DelayBoot=00:00:00
   OverSubscribe=NO Contiguous=0 Licenses=(null) Network=(null)
   Command=/home/users/mschpc/2019/zuoy/HPC/NeuralNetwork/sequential/scripts/script_HJBLQ_d200_b128.sh
   WorkDir=/home/users/mschpc/2019/zuoy/HPC/NeuralNetwork/sequential
   StdErr=/home/users/mschpc/2019/zuoy/HPC/NeuralNetwork/sequential/output/slurm-21558.out
   StdIn=/dev/null
   StdOut=/home/users/mschpc/2019/zuoy/HPC/NeuralNetwork/sequential/output/slurm-21558.out
   Power=
   NtasksPerTRES:0


Disk quota details:
===================

Quota Type           Name  Filesystem     Usage in MB     Limit in MB    % Used
-------------------------------------------------------------------------------
USER                 zuoy       /home             108          51,200     0.21%

GROUP              mschpc   /projects             999          51,200     1.95%
GROUP          pi-dgolden   /projects               0          51,200     0.00%


SLURM Bank Statement:
=====================

User           Usage |        Account     Usage | Account Limit Available (CPU hrs)
---------- --------- + -------------- --------- + ------------- ---------
zuoy          10,131 |   HPC_21_01207    10,131 |       100,000    89,869


Acknowledgements:
=================

Note that usage of TCHPC Resources *must* be acknowledged in all publications.

Please see this page for details relevant to this cluster:

http://www.tchpc.tcd.ie/resources/acknowledgementpolicy

################################################################################
