Config data loaded successfully!
Dimension: 100
Total time: 0.25
Number of time intervals: 20
Learning rate: 0.0005
y_init_range: 0.3, 0.5
Number of neurons in each hidden layer of each subnet: 110, 110, 
Epochs: 4000
Batch size: 1
Sample size: 1024
Logging frequency: 100
Model name: AllenCahn_serial_


Training:
Epoch:100
In training set, loss: 5.68281, Y0: 0.0525617

Epoch:200
In training set, loss: 5.16339, Y0: 0.0526587

Epoch:300
In training set, loss: 4.90154, Y0: 0.0526742

Epoch:400
In training set, loss: 4.74504, Y0: 0.0526643

Epoch:500
In training set, loss: 4.63455, Y0: 0.052649

Epoch:600
In training set, loss: 4.54553, Y0: 0.0526355

Epoch:700
In training set, loss: 4.46734, Y0: 0.0526253

Epoch:800
In training set, loss: 4.39517, Y0: 0.0526185

Epoch:900
In training set, loss: 4.32668, Y0: 0.0526147

Epoch:1000
In training set, loss: 4.2607, Y0: 0.0526132

Epoch:1100
In training set, loss: 4.19663, Y0: 0.0526135

Epoch:1200
In training set, loss: 4.13411, Y0: 0.0526154

Epoch:1300
In training set, loss: 4.07295, Y0: 0.0526186

Epoch:1400
In training set, loss: 4.01304, Y0: 0.0526226

Epoch:1500
In training set, loss: 3.95428, Y0: 0.0526273

Epoch:1600
In training set, loss: 3.89664, Y0: 0.0526325

Epoch:1700
In training set, loss: 3.84007, Y0: 0.0526381

Epoch:1800
In training set, loss: 3.78454, Y0: 0.0526441

Epoch:1900
In training set, loss: 3.73002, Y0: 0.0526501

Epoch:2000
In training set, loss: 3.67648, Y0: 0.0526563

Epoch:2100
In training set, loss: 3.62391, Y0: 0.0526628

Epoch:2200
In training set, loss: 3.57229, Y0: 0.0526693

Epoch:2300
In training set, loss: 3.52158, Y0: 0.052676

Epoch:2400
In training set, loss: 3.47177, Y0: 0.0526827

Epoch:2500
In training set, loss: 3.42283, Y0: 0.0526895

Epoch:2600
In training set, loss: 3.37476, Y0: 0.0526963

Epoch:2700
In training set, loss: 3.32753, Y0: 0.052703

Epoch:2800
In training set, loss: 3.28114, Y0: 0.0527096

Epoch:2900
In training set, loss: 3.23554, Y0: 0.0527163

Epoch:3000
In training set, loss: 3.19075, Y0: 0.0527229

Epoch:3100
In training set, loss: 3.14673, Y0: 0.0527294

Epoch:3200
In training set, loss: 3.10347, Y0: 0.0527359

Epoch:3300
In training set, loss: 3.06095, Y0: 0.0527424

Epoch:3400
In training set, loss: 3.01917, Y0: 0.0527488

Epoch:3500
In training set, loss: 2.9781, Y0: 0.052755

Epoch:3600
In training set, loss: 2.93773, Y0: 0.0527613

Epoch:3700
In training set, loss: 2.89804, Y0: 0.0527674

Epoch:3800
In training set, loss: 2.85902, Y0: 0.0527733

Epoch:3900
In training set, loss: 2.82067, Y0: 0.052779

Epoch:4000
In training set, loss: 2.78296, Y0: 0.0527846



###############################################################################
TCHPC Cluster: kelvin
Job 22189 (BSDE_job_1_procs) for User 'zuoy' in Account 'hpc_21_01207'
Finished at: Sat Nov 20 23:16:50 GMT 2021

Job efficiency estimates:
=========================

Job ID: 22189
Cluster: kelvin
User/Group: zuoy/zuoy
State: COMPLETED (exit code 0)
Nodes: 1
Cores per node: 12
CPU Utilized: 02:53:50
CPU Efficiency: 8.33% of 1-10:46:00 core-walltime
Job Wall-clock time: 02:53:50
Memory Utilized: 23.23 MB
Memory Efficiency: 0.10% of 22.46 GB

Job completion status:
======================

       JobID    JobName AllocCPUS NTasks NNodes     MaxRSS    MaxRSSNode  MaxDiskRead MaxDiskWrite    Elapsed      State ExitCode 
------------ ---------- --------- ------ ------ ---------- ------------- ------------ ------------ ---------- ---------- -------- 
22189        BSDE_job_+        12             1                                                      02:53:50  COMPLETED      0:0 
22189.batch       batch        12      1      1     23788K   kelvin-n089        0.85M        0.01M   02:53:50  COMPLETED      0:0 


Job details:
============

JobId=22189 JobName=BSDE_job_1_procs
   UserId=zuoy(1582) GroupId=zuoy(1252) MCS_label=N/A
   Priority=11194768 Nice=0 Account=hpc_21_01207 QOS=normal
   JobState=COMPLETING Reason=None Dependency=(null)
   Requeue=0 Restarts=0 BatchFlag=1 Reboot=0 ExitCode=0:0
   DerivedExitCode=0:0
   RunTime=02:53:50 TimeLimit=2-23:00:00 TimeMin=N/A
   SubmitTime=2021-11-20T15:21:09 EligibleTime=2021-11-20T15:21:09
   AccrueTime=2021-11-20T15:21:09
   StartTime=2021-11-20T20:23:00 EndTime=2021-11-20T23:16:50 Deadline=N/A
   SuspendTime=None SecsPreSuspend=0 LastSchedEval=2021-11-20T20:23:00
   Partition=compute AllocNode:Sid=kelvin01:20266
   ReqNodeList=(null) ExcNodeList=(null)
   NodeList=
   BatchHost=kelvin-n089
   NumNodes=1 NumCPUs=12 NumTasks=1 CPUs/Task=1 ReqB:S:C:T=0:0:*:*
   TRES=cpu=12,mem=23000M,node=1,billing=12
   Socks/Node=* NtasksPerN:B:S:C=0:0:*:* CoreSpec=*
   JOB_GRES=(null)
     Nodes=kelvin-n089 CPU_IDs=0-11 Mem=23000 GRES=
   MinCPUsNode=1 MinMemoryNode=23000M MinTmpDiskNode=0
   Features=(null) DelayBoot=00:00:00
   OverSubscribe=NO Contiguous=0 Licenses=(null) Network=(null)
   Command=/home/users/mschpc/2019/zuoy/HPC/NeuralNetwork/sequential/scripts/script_AllenCahn_d200_b1.sh
   WorkDir=/home/users/mschpc/2019/zuoy/HPC/NeuralNetwork/sequential
   StdErr=/home/users/mschpc/2019/zuoy/HPC/NeuralNetwork/sequential/output/slurm-22189.out
   StdIn=/dev/null
   StdOut=/home/users/mschpc/2019/zuoy/HPC/NeuralNetwork/sequential/output/slurm-22189.out
   Power=
   NtasksPerTRES:0


Disk quota details:
===================

Quota Type           Name  Filesystem     Usage in MB     Limit in MB    % Used
-------------------------------------------------------------------------------
USER                 zuoy       /home             116          51,200     0.23%

GROUP              mschpc   /projects             999          51,200     1.95%
GROUP          pi-dgolden   /projects               0          51,200     0.00%


SLURM Bank Statement:
=====================

User           Usage |        Account     Usage | Account Limit Available (CPU hrs)
---------- --------- + -------------- --------- + ------------- ---------
zuoy          14,721 |   HPC_21_01207    14,721 |       100,000    85,279


Acknowledgements:
=================

Note that usage of TCHPC Resources *must* be acknowledged in all publications.

Please see this page for details relevant to this cluster:

http://www.tchpc.tcd.ie/resources/acknowledgementpolicy

################################################################################
