Config data loaded successfully!
Dimension: 100
Total time: 0.3
Number of time intervals: 20
Learning rate: 0.0005
y_init_range: 0.3, 0.5
Number of neurons in each hidden layer of each subnet: 110, 110, 
Epochs: 4000
Batch size: 64
Sample size: 1024
Logging frequency: 100
Model name: AllenCahn_serial_


Training:
Epoch:100
In training set, loss: 14.1382, Y0: 0.206421

Epoch:200
In training set, loss: 9.94064, Y0: 0.150097

Epoch:300
In training set, loss: 8.31432, Y0: 0.115196

Epoch:400
In training set, loss: 7.65775, Y0: 0.0933001

Epoch:500
In training set, loss: 7.37965, Y0: 0.079482

Epoch:600
In training set, loss: 7.25173, Y0: 0.0707335

Epoch:700
In training set, loss: 7.18403, Y0: 0.065183

Epoch:800
In training set, loss: 7.14073, Y0: 0.0616555

Epoch:900
In training set, loss: 7.10748, Y0: 0.0594091

Epoch:1000
In training set, loss: 7.07855, Y0: 0.0579752

Epoch:1100
In training set, loss: 7.05161, Y0: 0.0570568

Epoch:1200
In training set, loss: 7.02571, Y0: 0.0564655

Epoch:1300
In training set, loss: 7.00047, Y0: 0.0560818

Epoch:1400
In training set, loss: 6.97576, Y0: 0.05583

Epoch:1500
In training set, loss: 6.95148, Y0: 0.0556622

Epoch:1600
In training set, loss: 6.92761, Y0: 0.0555475

Epoch:1700
In training set, loss: 6.90413, Y0: 0.0554665

Epoch:1800
In training set, loss: 6.88104, Y0: 0.0554074

Epoch:1900
In training set, loss: 6.85831, Y0: 0.0553619

Epoch:2000
In training set, loss: 6.83596, Y0: 0.0553252

Epoch:2100
In training set, loss: 6.81397, Y0: 0.0552941

Epoch:2200
In training set, loss: 6.79233, Y0: 0.0552666

Epoch:2300
In training set, loss: 6.77103, Y0: 0.0552415

Epoch:2400
In training set, loss: 6.75008, Y0: 0.0552178

Epoch:2500
In training set, loss: 6.72947, Y0: 0.0551953

Epoch:2600
In training set, loss: 6.70917, Y0: 0.0551734

Epoch:2700
In training set, loss: 6.68921, Y0: 0.055152

Epoch:2800
In training set, loss: 6.66956, Y0: 0.055131

Epoch:2900
In training set, loss: 6.65023, Y0: 0.0551101

Epoch:3000
In training set, loss: 6.6312, Y0: 0.0550896

Epoch:3100
In training set, loss: 6.61247, Y0: 0.0550692

Epoch:3200
In training set, loss: 6.59404, Y0: 0.0550489

Epoch:3300
In training set, loss: 6.5759, Y0: 0.0550287

Epoch:3400
In training set, loss: 6.55803, Y0: 0.0550088

Epoch:3500
In training set, loss: 6.54045, Y0: 0.054989

Epoch:3600
In training set, loss: 6.52315, Y0: 0.0549692

Epoch:3700
In training set, loss: 6.50612, Y0: 0.0549495

Epoch:3800
In training set, loss: 6.48935, Y0: 0.05493

Epoch:3900
In training set, loss: 6.47285, Y0: 0.0549107

Epoch:4000
In training set, loss: 6.4566, Y0: 0.0548914



###############################################################################
TCHPC Cluster: kelvin
Job 22159 (BSDE_job_1_procs) for User 'zuoy' in Account 'hpc_21_01207'
Finished at: Sat Nov 20 19:28:35 GMT 2021

Job efficiency estimates:
=========================

Job ID: 22159
Cluster: kelvin
User/Group: zuoy/zuoy
State: COMPLETED (exit code 0)
Nodes: 1
Cores per node: 12
CPU Utilized: 02:03:25
CPU Efficiency: 8.33% of 1-00:41:00 core-walltime
Job Wall-clock time: 02:03:25
Memory Utilized: 23.28 MB
Memory Efficiency: 0.10% of 22.46 GB

Job completion status:
======================

       JobID    JobName AllocCPUS NTasks NNodes     MaxRSS    MaxRSSNode  MaxDiskRead MaxDiskWrite    Elapsed      State ExitCode 
------------ ---------- --------- ------ ------ ---------- ------------- ------------ ------------ ---------- ---------- -------- 
22159        BSDE_job_+        12             1                                                      02:03:25  COMPLETED      0:0 
22159.batch       batch        12      1      1     23836K   kelvin-n074        0.85M        0.01M   02:03:25  COMPLETED      0:0 


Job details:
============

JobId=22159 JobName=BSDE_job_1_procs
   UserId=zuoy(1582) GroupId=zuoy(1252) MCS_label=N/A
   Priority=11154333 Nice=0 Account=hpc_21_01207 QOS=normal
   JobState=COMPLETING Reason=None Dependency=(null)
   Requeue=0 Restarts=0 BatchFlag=1 Reboot=0 ExitCode=0:0
   DerivedExitCode=0:0
   RunTime=02:03:25 TimeLimit=2-23:00:00 TimeMin=N/A
   SubmitTime=2021-11-20T13:44:40 EligibleTime=2021-11-20T13:44:40
   AccrueTime=2021-11-20T13:44:40
   StartTime=2021-11-20T17:25:10 EndTime=2021-11-20T19:28:35 Deadline=N/A
   SuspendTime=None SecsPreSuspend=0 LastSchedEval=2021-11-20T17:25:10
   Partition=compute AllocNode:Sid=kelvin01:20266
   ReqNodeList=(null) ExcNodeList=(null)
   NodeList=
   BatchHost=kelvin-n074
   NumNodes=1 NumCPUs=12 NumTasks=1 CPUs/Task=1 ReqB:S:C:T=0:0:*:*
   TRES=cpu=12,mem=23000M,node=1,billing=12
   Socks/Node=* NtasksPerN:B:S:C=0:0:*:* CoreSpec=*
   JOB_GRES=(null)
     Nodes=kelvin-n074 CPU_IDs=0-11 Mem=23000 GRES=
   MinCPUsNode=1 MinMemoryNode=23000M MinTmpDiskNode=0
   Features=(null) DelayBoot=00:00:00
   OverSubscribe=NO Contiguous=0 Licenses=(null) Network=(null)
   Command=/home/users/mschpc/2019/zuoy/HPC/NeuralNetwork/sequential/scripts/script_AllenCahn_d100_b64.sh
   WorkDir=/home/users/mschpc/2019/zuoy/HPC/NeuralNetwork/sequential
   StdErr=/home/users/mschpc/2019/zuoy/HPC/NeuralNetwork/sequential/output/slurm-22159.out
   StdIn=/dev/null
   StdOut=/home/users/mschpc/2019/zuoy/HPC/NeuralNetwork/sequential/output/slurm-22159.out
   Power=
   NtasksPerTRES:0


Disk quota details:
===================

Quota Type           Name  Filesystem     Usage in MB     Limit in MB    % Used
-------------------------------------------------------------------------------
USER                 zuoy       /home             117          51,200     0.23%

GROUP              mschpc   /projects             999          51,200     1.95%
GROUP          pi-dgolden   /projects               0          51,200     0.00%


SLURM Bank Statement:
=====================

User           Usage |        Account     Usage | Account Limit Available (CPU hrs)
---------- --------- + -------------- --------- + ------------- ---------
zuoy          14,053 |   HPC_21_01207    14,053 |       100,000    85,947


Acknowledgements:
=================

Note that usage of TCHPC Resources *must* be acknowledged in all publications.

Please see this page for details relevant to this cluster:

http://www.tchpc.tcd.ie/resources/acknowledgementpolicy

################################################################################
