Config data loaded successfully!
Dimension: 300
Total time: 1
Number of time intervals: 40
Learning rate: 0.01
y_init_range: 40, 50
Number of neurons in each hidden layer of each subnet: 110, 110, 
Epochs: 1000
Batch size: 1
Sample size: 256
Logging frequency: 100
Model name: pricing_default_risk_serial_


Training:
Epoch:100
In training set, loss: 164.4, Y0: 52.5874

Epoch:200
In training set, loss: 69.512, Y0: 52.6512

Epoch:300
In training set, loss: 34.1934, Y0: 52.704

Epoch:400
In training set, loss: 17.8209, Y0: 52.7427

Epoch:500
In training set, loss: 9.60733, Y0: 52.7703

Epoch:600
In training set, loss: 5.29801, Y0: 52.7901

Epoch:700
In training set, loss: 2.97287, Y0: 52.8046

Epoch:800
In training set, loss: 1.69093, Y0: 52.8151

Epoch:900
In training set, loss: 0.971833, Y0: 52.823

Epoch:1000
In training set, loss: 0.562838, Y0: 52.8289



###############################################################################
TCHPC Cluster: kelvin
Job 20951 (BSDE_job_1_procs) for User 'zuoy' in Account 'hpc_21_01207'
Finished at: Wed Nov 17 06:16:42 GMT 2021

Job efficiency estimates:
=========================

Job ID: 20951
Cluster: kelvin
User/Group: zuoy/zuoy
State: COMPLETED (exit code 0)
Nodes: 1
Cores per node: 12
CPU Utilized: 01:18:09
CPU Efficiency: 8.33% of 15:38:00 core-walltime
Job Wall-clock time: 01:18:10
Memory Utilized: 49.17 MB
Memory Efficiency: 0.21% of 22.46 GB

Job completion status:
======================

       JobID    JobName AllocCPUS NTasks NNodes     MaxRSS    MaxRSSNode  MaxDiskRead MaxDiskWrite    Elapsed      State ExitCode 
------------ ---------- --------- ------ ------ ---------- ------------- ------------ ------------ ---------- ---------- -------- 
20951        BSDE_job_+        12             1                                                      01:18:10  COMPLETED      0:0 
20951.batch       batch        12      1      1     50352K   kelvin-n036        0.87M        0.01M   01:18:10  COMPLETED      0:0 


Job details:
============

JobId=20951 JobName=BSDE_job_1_procs
   UserId=zuoy(1582) GroupId=zuoy(1252) MCS_label=N/A
   Priority=11893480 Nice=0 Account=hpc_21_01207 QOS=normal
   JobState=COMPLETING Reason=None Dependency=(null)
   Requeue=0 Restarts=0 BatchFlag=1 Reboot=0 ExitCode=0:0
   DerivedExitCode=0:0
   RunTime=01:18:10 TimeLimit=2-23:00:00 TimeMin=N/A
   SubmitTime=2021-11-17T02:18:19 EligibleTime=2021-11-17T02:18:19
   AccrueTime=2021-11-17T02:18:19
   StartTime=2021-11-17T04:58:32 EndTime=2021-11-17T06:16:42 Deadline=N/A
   SuspendTime=None SecsPreSuspend=0 LastSchedEval=2021-11-17T04:58:32
   Partition=compute AllocNode:Sid=kelvin01:7052
   ReqNodeList=(null) ExcNodeList=(null)
   NodeList=
   BatchHost=kelvin-n036
   NumNodes=1 NumCPUs=12 NumTasks=1 CPUs/Task=1 ReqB:S:C:T=0:0:*:*
   TRES=cpu=12,mem=23000M,node=1,billing=12
   Socks/Node=* NtasksPerN:B:S:C=0:0:*:* CoreSpec=*
   JOB_GRES=(null)
     Nodes=kelvin-n036 CPU_IDs=0-11 Mem=23000 GRES=
   MinCPUsNode=1 MinMemoryNode=23000M MinTmpDiskNode=0
   Features=(null) DelayBoot=00:00:00
   OverSubscribe=NO Contiguous=0 Licenses=(null) Network=(null)
   Command=/home/users/mschpc/2019/zuoy/HPC/NeuralNetwork/sequential/scripts/script_PricingDefaultRisk_d300_b1.sh
   WorkDir=/home/users/mschpc/2019/zuoy/HPC/NeuralNetwork/sequential
   StdErr=/home/users/mschpc/2019/zuoy/HPC/NeuralNetwork/sequential/output/slurm-20951.out
   StdIn=/dev/null
   StdOut=/home/users/mschpc/2019/zuoy/HPC/NeuralNetwork/sequential/output/slurm-20951.out
   Power=
   NtasksPerTRES:0


Disk quota details:
===================

Quota Type           Name  Filesystem     Usage in MB     Limit in MB    % Used
-------------------------------------------------------------------------------
USER                 zuoy       /home             103          51,200     0.20%

GROUP              mschpc   /projects             999          51,200     1.95%
GROUP          pi-dgolden   /projects               0          51,200     0.00%


SLURM Bank Statement:
=====================

User           Usage |        Account     Usage | Account Limit Available (CPU hrs)
---------- --------- + -------------- --------- + ------------- ---------
zuoy           5,762 |   HPC_21_01207     5,762 |       100,000    94,238


Acknowledgements:
=================

Note that usage of TCHPC Resources *must* be acknowledged in all publications.

Please see this page for details relevant to this cluster:

http://www.tchpc.tcd.ie/resources/acknowledgementpolicy

################################################################################
