Config data loaded successfully!
Dimension: 300
Total time: 1
Number of time intervals: 20
Learning rate: 0.01
y_init_range: 0, 1
Number of neurons in each hidden layer of each subnet: 110, 110, 
Epochs: 4000
Batch size: 64
Sample size: 256
Logging frequency: 100
Model name: HJBLQ_serial_


Training:
Epoch:100
In training set, loss: 18.7922, Y0: 5.08097

Epoch:200
In training set, loss: 10.0408, Y0: 5.20443

Epoch:300
In training set, loss: 6.42289, Y0: 5.2533

Epoch:400
In training set, loss: 4.57195, Y0: 5.28677

Epoch:500
In training set, loss: 3.49114, Y0: 5.31148

Epoch:600
In training set, loss: 2.79517, Y0: 5.33061

Epoch:700
In training set, loss: 2.31429, Y0: 5.34595

Epoch:800
In training set, loss: 1.96439, Y0: 5.35858

Epoch:900
In training set, loss: 1.69964, Y0: 5.36921

Epoch:1000
In training set, loss: 1.49309, Y0: 5.3783

Epoch:1100
In training set, loss: 1.32789, Y0: 5.38619

Epoch:1200
In training set, loss: 1.19302, Y0: 5.39311

Epoch:1300
In training set, loss: 1.08097, Y0: 5.39924

Epoch:1400
In training set, loss: 0.986481, Y0: 5.40473

Epoch:1500
In training set, loss: 0.905752, Y0: 5.40966

Epoch:1600
In training set, loss: 0.835989, Y0: 5.41412

Epoch:1700
In training set, loss: 0.775092, Y0: 5.4182

Epoch:1800
In training set, loss: 0.721462, Y0: 5.42192

Epoch:1900
In training set, loss: 0.673863, Y0: 5.42533

Epoch:2000
In training set, loss: 0.631329, Y0: 5.42848

Epoch:2100
In training set, loss: 0.59308, Y0: 5.4314

Epoch:2200
In training set, loss: 0.55849, Y0: 5.43411

Epoch:2300
In training set, loss: 0.527067, Y0: 5.43662

Epoch:2400
In training set, loss: 0.498389, Y0: 5.43898

Epoch:2500
In training set, loss: 0.472122, Y0: 5.44117

Epoch:2600
In training set, loss: 0.447971, Y0: 5.44323

Epoch:2700
In training set, loss: 0.425703, Y0: 5.44516

Epoch:2800
In training set, loss: 0.405111, Y0: 5.44697

Epoch:2900
In training set, loss: 0.386015, Y0: 5.44868

Epoch:3000
In training set, loss: 0.36827, Y0: 5.45029

Epoch:3100
In training set, loss: 0.351742, Y0: 5.4518

Epoch:3200
In training set, loss: 0.336315, Y0: 5.45324

Epoch:3300
In training set, loss: 0.321891, Y0: 5.45459

Epoch:3400
In training set, loss: 0.308383, Y0: 5.45586

Epoch:3500
In training set, loss: 0.295708, Y0: 5.45708

Epoch:3600
In training set, loss: 0.2838, Y0: 5.45823

Epoch:3700
In training set, loss: 0.272595, Y0: 5.45932

Epoch:3800
In training set, loss: 0.262041, Y0: 5.46036

Epoch:3900
In training set, loss: 0.252083, Y0: 5.46134

Epoch:4000
In training set, loss: 0.242678, Y0: 5.46227



###############################################################################
TCHPC Cluster: kelvin
Job 21694 (BSDE_job_1_procs) for User 'zuoy' in Account 'hpc_21_01207'
Finished at: Fri Nov 19 17:23:56 GMT 2021

Job efficiency estimates:
=========================

Job ID: 21694
Cluster: kelvin
User/Group: zuoy/zuoy
State: RUNNING
Nodes: 1
Cores per node: 12
CPU Utilized: 01:10:07
CPU Efficiency: 8.33% of 14:01:48 core-walltime
Job Wall-clock time: 01:10:09
Memory Utilized: 24.66 MB
Memory Efficiency: 0.11% of 22.46 GB
WARNING: Efficiency statistics may be misleading for RUNNING jobs.

Job completion status:
======================

       JobID    JobName AllocCPUS NTasks NNodes     MaxRSS    MaxRSSNode  MaxDiskRead MaxDiskWrite    Elapsed      State ExitCode 
------------ ---------- --------- ------ ------ ---------- ------------- ------------ ------------ ---------- ---------- -------- 
21694        BSDE_job_+        12             1                                                      01:10:09  COMPLETED      0:0 
21694.batch       batch        12      1      1     25252K   kelvin-n076        0.85M        0.01M   01:10:09  COMPLETED      0:0 


Job details:
============

JobId=21694 JobName=BSDE_job_1_procs
   UserId=zuoy(1582) GroupId=zuoy(1252) MCS_label=N/A
   Priority=11096025 Nice=0 Account=hpc_21_01207 QOS=normal
   JobState=COMPLETING Reason=None Dependency=(null)
   Requeue=0 Restarts=0 BatchFlag=1 Reboot=0 ExitCode=0:0
   DerivedExitCode=0:0
   RunTime=01:10:09 TimeLimit=2-23:00:00 TimeMin=N/A
   SubmitTime=2021-11-19T14:30:13 EligibleTime=2021-11-19T14:30:13
   AccrueTime=2021-11-19T14:30:13
   StartTime=2021-11-19T16:13:47 EndTime=2021-11-19T17:23:56 Deadline=N/A
   SuspendTime=None SecsPreSuspend=0 LastSchedEval=2021-11-19T16:13:47
   Partition=compute AllocNode:Sid=kelvin01:22213
   ReqNodeList=(null) ExcNodeList=(null)
   NodeList=
   BatchHost=kelvin-n076
   NumNodes=1 NumCPUs=12 NumTasks=1 CPUs/Task=1 ReqB:S:C:T=0:0:*:*
   TRES=cpu=12,mem=23000M,node=1,billing=12
   Socks/Node=* NtasksPerN:B:S:C=0:0:*:* CoreSpec=*
   JOB_GRES=(null)
     Nodes=kelvin-n076 CPU_IDs=0-11 Mem=23000 GRES=
   MinCPUsNode=1 MinMemoryNode=23000M MinTmpDiskNode=0
   Features=(null) DelayBoot=00:00:00
   OverSubscribe=NO Contiguous=0 Licenses=(null) Network=(null)
   Command=/home/users/mschpc/2019/zuoy/HPC/NeuralNetwork/sequential/scripts/script_HJBLQ_d300_b64.sh
   WorkDir=/home/users/mschpc/2019/zuoy/HPC/NeuralNetwork/sequential
   StdErr=/home/users/mschpc/2019/zuoy/HPC/NeuralNetwork/sequential/output/slurm-21694.out
   StdIn=/dev/null
   StdOut=/home/users/mschpc/2019/zuoy/HPC/NeuralNetwork/sequential/output/slurm-21694.out
   Power=
   NtasksPerTRES:0


Disk quota details:
===================

Quota Type           Name  Filesystem     Usage in MB     Limit in MB    % Used
-------------------------------------------------------------------------------
USER                 zuoy       /home             107          51,200     0.21%

GROUP              mschpc   /projects             999          51,200     1.95%
GROUP          pi-dgolden   /projects               0          51,200     0.00%


SLURM Bank Statement:
=====================

User           Usage |        Account     Usage | Account Limit Available (CPU hrs)
---------- --------- + -------------- --------- + ------------- ---------
zuoy          10,804 |   HPC_21_01207    10,804 |       100,000    89,196


Acknowledgements:
=================

Note that usage of TCHPC Resources *must* be acknowledged in all publications.

Please see this page for details relevant to this cluster:

http://www.tchpc.tcd.ie/resources/acknowledgementpolicy

################################################################################
