Config data loaded successfully!
Dimension: 100
Total time: 1
Number of time intervals: 20
Learning rate: 0.01
y_init_range: 0, 1
Number of neurons in each hidden layer of each subnet: 110, 110, 
Epochs: 3000
Batch size: 64
Sample size: 256
Logging frequency: 100
Model name: HJBLQ_serial_


Training:
Epoch:100
In training set, loss: 13.9655, Y0: 4.35622

Epoch:200
In training set, loss: 10.9051, Y0: 4.44549

Epoch:300
In training set, loss: 9.3617, Y0: 4.46564

Epoch:400
In training set, loss: 8.33182, Y0: 4.47992

Epoch:500
In training set, loss: 7.60618, Y0: 4.49074

Epoch:600
In training set, loss: 7.06813, Y0: 4.49911

Epoch:700
In training set, loss: 6.65045, Y0: 4.50567

Epoch:800
In training set, loss: 6.31309, Y0: 4.51089

Epoch:900
In training set, loss: 6.03139, Y0: 4.51506

Epoch:1000
In training set, loss: 5.78964, Y0: 4.51842

Epoch:1100
In training set, loss: 5.57754, Y0: 4.52114

Epoch:1200
In training set, loss: 5.38812, Y0: 4.52335

Epoch:1300
In training set, loss: 5.21647, Y0: 4.52515

Epoch:1400
In training set, loss: 5.05913, Y0: 4.52661

Epoch:1500
In training set, loss: 4.91352, Y0: 4.5278

Epoch:1600
In training set, loss: 4.77772, Y0: 4.52876

Epoch:1700
In training set, loss: 4.65026, Y0: 4.52954

Epoch:1800
In training set, loss: 4.52999, Y0: 4.53017

Epoch:1900
In training set, loss: 4.41597, Y0: 4.53067

Epoch:2000
In training set, loss: 4.30747, Y0: 4.53107

Epoch:2100
In training set, loss: 4.20387, Y0: 4.53138

Epoch:2200
In training set, loss: 4.10467, Y0: 4.53161

Epoch:2300
In training set, loss: 4.00946, Y0: 4.53178

Epoch:2400
In training set, loss: 3.91787, Y0: 4.5319

Epoch:2500
In training set, loss: 3.82959, Y0: 4.53198

Epoch:2600
In training set, loss: 3.74438, Y0: 4.53202

Epoch:2700
In training set, loss: 3.662, Y0: 4.53204

Epoch:2800
In training set, loss: 3.58224, Y0: 4.53203

Epoch:2900
In training set, loss: 3.50495, Y0: 4.532

Epoch:3000
In training set, loss: 3.42995, Y0: 4.53194



###############################################################################
TCHPC Cluster: kelvin
Job 20964 (BSDE_job_1_procs) for User 'zuoy' in Account 'hpc_21_01207'
Finished at: Wed Nov 17 06:06:20 GMT 2021

Job efficiency estimates:
=========================

Job ID: 20964
Cluster: kelvin
User/Group: zuoy/zuoy
State: COMPLETED (exit code 0)
Nodes: 1
Cores per node: 12
CPU Utilized: 00:23:18
CPU Efficiency: 8.33% of 04:39:36 core-walltime
Job Wall-clock time: 00:23:18
Memory Utilized: 10.01 MB
Memory Efficiency: 0.04% of 22.46 GB

Job completion status:
======================

       JobID    JobName AllocCPUS NTasks NNodes     MaxRSS    MaxRSSNode  MaxDiskRead MaxDiskWrite    Elapsed      State ExitCode 
------------ ---------- --------- ------ ------ ---------- ------------- ------------ ------------ ---------- ---------- -------- 
20964        BSDE_job_+        12             1                                                      00:23:18  COMPLETED      0:0 
20964.batch       batch        12      1      1     10248K   kelvin-n033        0.87M        0.01M   00:23:18  COMPLETED      0:0 


Job details:
============

JobId=20964 JobName=BSDE_job_1_procs
   UserId=zuoy(1582) GroupId=zuoy(1252) MCS_label=N/A
   Priority=11915686 Nice=0 Account=hpc_21_01207 QOS=normal
   JobState=COMPLETING Reason=None Dependency=(null)
   Requeue=0 Restarts=0 BatchFlag=1 Reboot=0 ExitCode=0:0
   DerivedExitCode=0:0
   RunTime=00:23:18 TimeLimit=2-23:00:00 TimeMin=N/A
   SubmitTime=2021-11-17T02:18:33 EligibleTime=2021-11-17T02:18:33
   AccrueTime=2021-11-17T02:18:33
   StartTime=2021-11-17T05:43:02 EndTime=2021-11-17T06:06:20 Deadline=N/A
   SuspendTime=None SecsPreSuspend=0 LastSchedEval=2021-11-17T05:43:02
   Partition=compute AllocNode:Sid=kelvin01:7052
   ReqNodeList=(null) ExcNodeList=(null)
   NodeList=
   BatchHost=kelvin-n033
   NumNodes=1 NumCPUs=12 NumTasks=1 CPUs/Task=1 ReqB:S:C:T=0:0:*:*
   TRES=cpu=12,mem=23000M,node=1,billing=12
   Socks/Node=* NtasksPerN:B:S:C=0:0:*:* CoreSpec=*
   JOB_GRES=(null)
     Nodes=kelvin-n033 CPU_IDs=0-11 Mem=23000 GRES=
   MinCPUsNode=1 MinMemoryNode=23000M MinTmpDiskNode=0
   Features=(null) DelayBoot=00:00:00
   OverSubscribe=NO Contiguous=0 Licenses=(null) Network=(null)
   Command=/home/users/mschpc/2019/zuoy/HPC/NeuralNetwork/sequential/scripts/script_HJBLQ_d100_b64.sh
   WorkDir=/home/users/mschpc/2019/zuoy/HPC/NeuralNetwork/sequential
   StdErr=/home/users/mschpc/2019/zuoy/HPC/NeuralNetwork/sequential/output/slurm-20964.out
   StdIn=/dev/null
   StdOut=/home/users/mschpc/2019/zuoy/HPC/NeuralNetwork/sequential/output/slurm-20964.out
   Power=
   NtasksPerTRES:0


Disk quota details:
===================

Quota Type           Name  Filesystem     Usage in MB     Limit in MB    % Used
-------------------------------------------------------------------------------
USER                 zuoy       /home             102          51,200     0.20%

GROUP              mschpc   /projects             999          51,200     1.95%
GROUP          pi-dgolden   /projects               0          51,200     0.00%


SLURM Bank Statement:
=====================

User           Usage |        Account     Usage | Account Limit Available (CPU hrs)
---------- --------- + -------------- --------- + ------------- ---------
zuoy           5,728 |   HPC_21_01207     5,728 |       100,000    94,272


Acknowledgements:
=================

Note that usage of TCHPC Resources *must* be acknowledged in all publications.

Please see this page for details relevant to this cluster:

http://www.tchpc.tcd.ie/resources/acknowledgementpolicy

################################################################################
