Config data loaded successfully!
Dimension: 100
Total time: 0.3
Number of time intervals: 20
Learning rate: 0.0005
y_init_range: 0.3, 0.5
Number of neurons in each hidden layer of each subnet: 110, 110, 
Epochs: 5000
Batch size: 1
Sample size: 512
Logging frequency: 100
Model name: AllenCahn_serial_


Training:
Epoch:100
In training set, loss: 3.2008, Y0: 0.0564555

Epoch:200
In training set, loss: 2.85877, Y0: 0.0560114

Epoch:300
In training set, loss: 2.63817, Y0: 0.0556431

Epoch:400
In training set, loss: 2.48697, Y0: 0.055342

Epoch:500
In training set, loss: 2.37696, Y0: 0.0550959

Epoch:600
In training set, loss: 2.29232, Y0: 0.0548935

Epoch:700
In training set, loss: 2.22388, Y0: 0.0547251

Epoch:800
In training set, loss: 2.16617, Y0: 0.054583

Epoch:900
In training set, loss: 2.11583, Y0: 0.0544613

Epoch:1000
In training set, loss: 2.07074, Y0: 0.0543551

Epoch:1100
In training set, loss: 2.02951, Y0: 0.0542614

Epoch:1200
In training set, loss: 1.99121, Y0: 0.054178

Epoch:1300
In training set, loss: 1.95519, Y0: 0.0541023

Epoch:1400
In training set, loss: 1.921, Y0: 0.0540331

Epoch:1500
In training set, loss: 1.88831, Y0: 0.0539697

Epoch:1600
In training set, loss: 1.85689, Y0: 0.0539107

Epoch:1700
In training set, loss: 1.82655, Y0: 0.0538559

Epoch:1800
In training set, loss: 1.79716, Y0: 0.053805

Epoch:1900
In training set, loss: 1.76861, Y0: 0.0537574

Epoch:2000
In training set, loss: 1.74082, Y0: 0.0537129

Epoch:2100
In training set, loss: 1.71373, Y0: 0.053671

Epoch:2200
In training set, loss: 1.68727, Y0: 0.0536314

Epoch:2300
In training set, loss: 1.66141, Y0: 0.0535945

Epoch:2400
In training set, loss: 1.6361, Y0: 0.0535597

Epoch:2500
In training set, loss: 1.61131, Y0: 0.0535267

Epoch:2600
In training set, loss: 1.58703, Y0: 0.053496

Epoch:2700
In training set, loss: 1.56321, Y0: 0.0534669

Epoch:2800
In training set, loss: 1.53986, Y0: 0.0534393

Epoch:2900
In training set, loss: 1.51694, Y0: 0.0534133

Epoch:3000
In training set, loss: 1.49445, Y0: 0.0533888

Epoch:3100
In training set, loss: 1.47236, Y0: 0.0533651

Epoch:3200
In training set, loss: 1.45067, Y0: 0.0533426

Epoch:3300
In training set, loss: 1.42936, Y0: 0.0533213

Epoch:3400
In training set, loss: 1.40843, Y0: 0.0533009

Epoch:3500
In training set, loss: 1.38786, Y0: 0.0532813

Epoch:3600
In training set, loss: 1.36765, Y0: 0.0532626

Epoch:3700
In training set, loss: 1.34779, Y0: 0.0532447

Epoch:3800
In training set, loss: 1.32827, Y0: 0.0532276

Epoch:3900
In training set, loss: 1.30908, Y0: 0.0532111

Epoch:4000
In training set, loss: 1.29022, Y0: 0.0531953

Epoch:4100
In training set, loss: 1.27168, Y0: 0.0531801

Epoch:4200
In training set, loss: 1.25344, Y0: 0.0531653

Epoch:4300
In training set, loss: 1.23552, Y0: 0.0531511

Epoch:4400
In training set, loss: 1.21789, Y0: 0.0531371

Epoch:4500
In training set, loss: 1.20056, Y0: 0.0531239

Epoch:4600
In training set, loss: 1.18351, Y0: 0.0531112

Epoch:4700
In training set, loss: 1.16674, Y0: 0.0530988

Epoch:4800
In training set, loss: 1.15024, Y0: 0.0530868

Epoch:4900
In training set, loss: 1.13401, Y0: 0.0530749

Epoch:5000
In training set, loss: 1.11805, Y0: 0.0530633



###############################################################################
TCHPC Cluster: kelvin
Job 21754 (BSDE_job_1_procs) for User 'zuoy' in Account 'hpc_21_01207'
Finished at: Sat Nov 20 01:28:13 GMT 2021

Job efficiency estimates:
=========================

Job ID: 21754
Cluster: kelvin
User/Group: zuoy/zuoy
State: COMPLETED (exit code 0)
Nodes: 1
Cores per node: 12
CPU Utilized: 01:49:01
CPU Efficiency: 8.33% of 21:48:12 core-walltime
Job Wall-clock time: 01:49:01
Memory Utilized: 14.39 MB
Memory Efficiency: 0.06% of 22.46 GB

Job completion status:
======================

       JobID    JobName AllocCPUS NTasks NNodes     MaxRSS    MaxRSSNode  MaxDiskRead MaxDiskWrite    Elapsed      State ExitCode 
------------ ---------- --------- ------ ------ ---------- ------------- ------------ ------------ ---------- ---------- -------- 
21754        BSDE_job_+        12             1                                                      01:49:01  COMPLETED      0:0 
21754.batch       batch        12      1      1     14732K   kelvin-n017        0.85M        0.01M   01:49:01  COMPLETED      0:0 


Job details:
============

JobId=21754 JobName=BSDE_job_1_procs
   UserId=zuoy(1582) GroupId=zuoy(1252) MCS_label=N/A
   Priority=11073703 Nice=0 Account=hpc_21_01207 QOS=normal
   JobState=COMPLETING Reason=None Dependency=(null)
   Requeue=0 Restarts=0 BatchFlag=1 Reboot=0 ExitCode=0:0
   DerivedExitCode=0:0
   RunTime=01:49:01 TimeLimit=2-23:00:00 TimeMin=N/A
   SubmitTime=2021-11-19T22:41:13 EligibleTime=2021-11-19T22:41:13
   AccrueTime=2021-11-19T22:41:13
   StartTime=2021-11-19T23:39:12 EndTime=2021-11-20T01:28:13 Deadline=N/A
   SuspendTime=None SecsPreSuspend=0 LastSchedEval=2021-11-19T23:39:12
   Partition=compute AllocNode:Sid=kelvin01:22213
   ReqNodeList=(null) ExcNodeList=(null)
   NodeList=
   BatchHost=kelvin-n017
   NumNodes=1 NumCPUs=12 NumTasks=1 CPUs/Task=1 ReqB:S:C:T=0:0:*:*
   TRES=cpu=12,mem=23000M,node=1,billing=12
   Socks/Node=* NtasksPerN:B:S:C=0:0:*:* CoreSpec=*
   JOB_GRES=(null)
     Nodes=kelvin-n017 CPU_IDs=0-11 Mem=23000 GRES=
   MinCPUsNode=1 MinMemoryNode=23000M MinTmpDiskNode=0
   Features=(null) DelayBoot=00:00:00
   OverSubscribe=NO Contiguous=0 Licenses=(null) Network=(null)
   Command=/home/users/mschpc/2019/zuoy/HPC/NeuralNetwork/sequential/scripts/script_AllenCahn_d100_b1.sh
   WorkDir=/home/users/mschpc/2019/zuoy/HPC/NeuralNetwork/sequential
   StdErr=/home/users/mschpc/2019/zuoy/HPC/NeuralNetwork/sequential/output/slurm-21754.out
   StdIn=/dev/null
   StdOut=/home/users/mschpc/2019/zuoy/HPC/NeuralNetwork/sequential/output/slurm-21754.out
   Power=
   NtasksPerTRES:0


Disk quota details:
===================

Quota Type           Name  Filesystem     Usage in MB     Limit in MB    % Used
-------------------------------------------------------------------------------
USER                 zuoy       /home             112          51,200     0.22%

GROUP              mschpc   /projects             999          51,200     1.95%
GROUP          pi-dgolden   /projects               0          51,200     0.00%


SLURM Bank Statement:
=====================

User           Usage |        Account     Usage | Account Limit Available (CPU hrs)
---------- --------- + -------------- --------- + ------------- ---------
zuoy          11,436 |   HPC_21_01207    11,436 |       100,000    88,564


Acknowledgements:
=================

Note that usage of TCHPC Resources *must* be acknowledged in all publications.

Please see this page for details relevant to this cluster:

http://www.tchpc.tcd.ie/resources/acknowledgementpolicy

################################################################################
