Config data loaded successfully!
Dimension: 100
Total time: 1
Number of time intervals: 20
Learning rate: 0.01
y_init_range: 0, 1
Number of neurons in each hidden layer of each subnet: 110, 110, 
Epochs: 3000
Batch size: 1
Sample size: 512
Logging frequency: 100
Model name: HJBLQ_serial_


Training:
Epoch:100
In training set, loss: 3.82805, Y0: 4.51648

Epoch:200
In training set, loss: 1.16569, Y0: 4.52338

Epoch:300
In training set, loss: 0.39733, Y0: 4.52762

Epoch:400
In training set, loss: 0.146445, Y0: 4.53021

Epoch:500
In training set, loss: 0.0569849, Y0: 4.53177

Epoch:600
In training set, loss: 0.0230443, Y0: 4.53266

Epoch:700
In training set, loss: 0.00959065, Y0: 4.53316

Epoch:800
In training set, loss: 0.00408281, Y0: 4.53341

Epoch:900
In training set, loss: 0.00177351, Y0: 4.53354

Epoch:1000
In training set, loss: 0.000788105, Y0: 4.53359

Epoch:1100
In training set, loss: 0.000361941, Y0: 4.5336

Epoch:1200
In training set, loss: 0.000175049, Y0: 4.5336

Epoch:1300
In training set, loss: 9.12641e-05, Y0: 4.5336

Epoch:1400
In training set, loss: 5.22536e-05, Y0: 4.53359

Epoch:1500
In training set, loss: 3.28842e-05, Y0: 4.53359

Epoch:1600
In training set, loss: 2.23791e-05, Y0: 4.53358

Epoch:1700
In training set, loss: 1.61828e-05, Y0: 4.53358

Epoch:1800
In training set, loss: 1.2259e-05, Y0: 4.53358

Epoch:1900
In training set, loss: 9.6081e-06, Y0: 4.53357

Epoch:2000
In training set, loss: 7.74494e-06, Y0: 4.53358

Epoch:2100
In training set, loss: 6.37907e-06, Y0: 4.53357

Epoch:2200
In training set, loss: 5.35043e-06, Y0: 4.53357

Epoch:2300
In training set, loss: 4.55002e-06, Y0: 4.53357

Epoch:2400
In training set, loss: 3.92439e-06, Y0: 4.53357

Epoch:2500
In training set, loss: 3.41982e-06, Y0: 4.53357

Epoch:2600
In training set, loss: 3.00583e-06, Y0: 4.53357

Epoch:2700
In training set, loss: 2.6621e-06, Y0: 4.53357

Epoch:2800
In training set, loss: 2.37812e-06, Y0: 4.53357

Epoch:2900
In training set, loss: 2.13048e-06, Y0: 4.53357

Epoch:3000
In training set, loss: 1.92257e-06, Y0: 4.53357



###############################################################################
TCHPC Cluster: kelvin
Job 21710 (BSDE_job_1_procs) for User 'zuoy' in Account 'hpc_21_01207'
Finished at: Fri Nov 19 21:25:42 GMT 2021

Job efficiency estimates:
=========================

Job ID: 21710
Cluster: kelvin
User/Group: zuoy/zuoy
State: COMPLETED (exit code 0)
Nodes: 1
Cores per node: 12
CPU Utilized: 01:05:25
CPU Efficiency: 8.33% of 13:05:12 core-walltime
Job Wall-clock time: 01:05:26
Memory Utilized: 14.39 MB
Memory Efficiency: 0.06% of 22.46 GB

Job completion status:
======================

       JobID    JobName AllocCPUS NTasks NNodes     MaxRSS    MaxRSSNode  MaxDiskRead MaxDiskWrite    Elapsed      State ExitCode 
------------ ---------- --------- ------ ------ ---------- ------------- ------------ ------------ ---------- ---------- -------- 
21710        BSDE_job_+        12             1                                                      01:05:26  COMPLETED      0:0 
21710.batch       batch        12      1      1     14732K   kelvin-n020        0.85M        0.01M   01:05:26  COMPLETED      0:0 


Job details:
============

JobId=21710 JobName=BSDE_job_1_procs
   UserId=zuoy(1582) GroupId=zuoy(1252) MCS_label=N/A
   Priority=11071504 Nice=0 Account=hpc_21_01207 QOS=normal
   JobState=COMPLETING Reason=None Dependency=(null)
   Requeue=0 Restarts=0 BatchFlag=1 Reboot=0 ExitCode=0:0
   DerivedExitCode=0:0
   RunTime=01:05:26 TimeLimit=2-23:00:00 TimeMin=N/A
   SubmitTime=2021-11-19T19:26:39 EligibleTime=2021-11-19T19:26:39
   AccrueTime=2021-11-19T19:26:39
   StartTime=2021-11-19T20:20:16 EndTime=2021-11-19T21:25:42 Deadline=N/A
   SuspendTime=None SecsPreSuspend=0 LastSchedEval=2021-11-19T20:20:16
   Partition=compute AllocNode:Sid=kelvin01:22213
   ReqNodeList=(null) ExcNodeList=(null)
   NodeList=
   BatchHost=kelvin-n020
   NumNodes=1 NumCPUs=12 NumTasks=1 CPUs/Task=1 ReqB:S:C:T=0:0:*:*
   TRES=cpu=12,mem=23000M,node=1,billing=12
   Socks/Node=* NtasksPerN:B:S:C=0:0:*:* CoreSpec=*
   JOB_GRES=(null)
     Nodes=kelvin-n020 CPU_IDs=0-11 Mem=23000 GRES=
   MinCPUsNode=1 MinMemoryNode=23000M MinTmpDiskNode=0
   Features=(null) DelayBoot=00:00:00
   OverSubscribe=NO Contiguous=0 Licenses=(null) Network=(null)
   Command=/home/users/mschpc/2019/zuoy/HPC/NeuralNetwork/sequential/scripts/script_HJBLQ_d100_b1.sh
   WorkDir=/home/users/mschpc/2019/zuoy/HPC/NeuralNetwork/sequential
   StdErr=/home/users/mschpc/2019/zuoy/HPC/NeuralNetwork/sequential/output/slurm-21710.out
   StdIn=/dev/null
   StdOut=/home/users/mschpc/2019/zuoy/HPC/NeuralNetwork/sequential/output/slurm-21710.out
   Power=
   NtasksPerTRES:0


Disk quota details:
===================

Quota Type           Name  Filesystem     Usage in MB     Limit in MB    % Used
-------------------------------------------------------------------------------
USER                 zuoy       /home             107          51,200     0.21%

GROUP              mschpc   /projects             999          51,200     1.95%
GROUP          pi-dgolden   /projects               0          51,200     0.00%


SLURM Bank Statement:
=====================

User           Usage |        Account     Usage | Account Limit Available (CPU hrs)
---------- --------- + -------------- --------- + ------------- ---------
zuoy          10,841 |   HPC_21_01207    10,841 |       100,000    89,159


Acknowledgements:
=================

Note that usage of TCHPC Resources *must* be acknowledged in all publications.

Please see this page for details relevant to this cluster:

http://www.tchpc.tcd.ie/resources/acknowledgementpolicy

################################################################################
