Config data loaded successfully!
Dimension: 100
Total time: 1
Number of time intervals: 40
Learning rate: 0.01
y_init_range: 40, 50
Number of neurons in each hidden layer of each subnet: 110, 110, 
Epochs: 1000
Batch size: 256
Sample size: 256
Logging frequency: 100
Model name: pricing_default_risk_serial_


Training:
Epoch:100
In training set, loss: 7995.13, Y0: 50.2008

Epoch:200
In training set, loss: 4227.19, Y0: 53.9973

Epoch:300
In training set, loss: 3590.47, Y0: 55.4974

Epoch:400
In training set, loss: 3433.07, Y0: 56.0975

Epoch:500
In training set, loss: 3354.73, Y0: 56.3396

Epoch:600
In training set, loss: 3291.93, Y0: 56.4385

Epoch:700
In training set, loss: 3234.34, Y0: 56.4799

Epoch:800
In training set, loss: 3180.37, Y0: 56.4981

Epoch:900
In training set, loss: 3128.85, Y0: 56.5068

Epoch:1000
In training set, loss: 3079.82, Y0: 56.5119



###############################################################################
TCHPC Cluster: kelvin
Job 20903 (BSDE_job_1_procs) for User 'zuoy' in Account 'hpc_21_01207'
Finished at: Wed Nov 17 02:18:04 GMT 2021

Job efficiency estimates:
=========================

Job ID: 20903
Cluster: kelvin
User/Group: zuoy/zuoy
State: COMPLETED (exit code 0)
Nodes: 1
Cores per node: 12
CPU Utilized: 00:29:30
CPU Efficiency: 8.33% of 05:54:12 core-walltime
Job Wall-clock time: 00:29:31
Memory Utilized: 19.61 MB
Memory Efficiency: 0.09% of 22.46 GB

Job completion status:
======================

       JobID    JobName AllocCPUS NTasks NNodes     MaxRSS    MaxRSSNode  MaxDiskRead MaxDiskWrite    Elapsed      State ExitCode 
------------ ---------- --------- ------ ------ ---------- ------------- ------------ ------------ ---------- ---------- -------- 
20903        BSDE_job_+        12             1                                                      00:29:31  COMPLETED      0:0 
20903.batch       batch        12      1      1     20080K   kelvin-n091        0.87M        0.01M   00:29:31  COMPLETED      0:0 


Job details:
============

JobId=20903 JobName=BSDE_job_1_procs
   UserId=zuoy(1582) GroupId=zuoy(1252) MCS_label=N/A
   Priority=11813824 Nice=0 Account=hpc_21_01207 QOS=normal
   JobState=COMPLETING Reason=None Dependency=(null)
   Requeue=0 Restarts=0 BatchFlag=1 Reboot=0 ExitCode=0:0
   DerivedExitCode=0:0
   RunTime=00:29:31 TimeLimit=2-23:00:00 TimeMin=N/A
   SubmitTime=2021-11-17T01:48:33 EligibleTime=2021-11-17T01:48:33
   AccrueTime=2021-11-17T01:48:33
   StartTime=2021-11-17T01:48:33 EndTime=2021-11-17T02:18:04 Deadline=N/A
   SuspendTime=None SecsPreSuspend=0 LastSchedEval=2021-11-17T01:48:33
   Partition=compute AllocNode:Sid=kelvin01:7052
   ReqNodeList=(null) ExcNodeList=(null)
   NodeList=
   BatchHost=kelvin-n091
   NumNodes=1 NumCPUs=12 NumTasks=1 CPUs/Task=1 ReqB:S:C:T=0:0:*:*
   TRES=cpu=12,mem=23000M,node=1,billing=12
   Socks/Node=* NtasksPerN:B:S:C=0:0:*:* CoreSpec=*
   JOB_GRES=(null)
     Nodes=kelvin-n091 CPU_IDs=0-11 Mem=23000 GRES=
   MinCPUsNode=1 MinMemoryNode=23000M MinTmpDiskNode=0
   Features=(null) DelayBoot=00:00:00
   OverSubscribe=NO Contiguous=0 Licenses=(null) Network=(null)
   Command=/home/users/mschpc/2019/zuoy/HPC/NeuralNetwork/sequential/scripts/script_PricingDefaultRisk_d100_b256.sh
   WorkDir=/home/users/mschpc/2019/zuoy/HPC/NeuralNetwork/sequential
   StdErr=/home/users/mschpc/2019/zuoy/HPC/NeuralNetwork/sequential/output/slurm-20903.out
   StdIn=/dev/null
   StdOut=/home/users/mschpc/2019/zuoy/HPC/NeuralNetwork/sequential/output/slurm-20903.out
   Power=
   NtasksPerTRES:0


Disk quota details:
===================

Quota Type           Name  Filesystem     Usage in MB     Limit in MB    % Used
-------------------------------------------------------------------------------
USER                 zuoy       /home             101          51,200     0.20%

GROUP              mschpc   /projects             999          51,200     1.95%
GROUP          pi-dgolden   /projects               0          51,200     0.00%


SLURM Bank Statement:
=====================

User           Usage |        Account     Usage | Account Limit Available (CPU hrs)
---------- --------- + -------------- --------- + ------------- ---------
zuoy           5,096 |   HPC_21_01207     5,096 |       100,000    94,904


Acknowledgements:
=================

Note that usage of TCHPC Resources *must* be acknowledged in all publications.

Please see this page for details relevant to this cluster:

http://www.tchpc.tcd.ie/resources/acknowledgementpolicy

################################################################################
