Config data loaded successfully!
Dimension: 300
Total time: 0.3
Number of time intervals: 20
Learning rate: 0.0005
y_init_range: 0.3, 0.5
Number of neurons in each hidden layer of each subnet: 110, 110, 
Epochs: 4000
Batch size: 1
Sample size: 256
Logging frequency: 100
Model name: AllenCahn_serial_


Training:
Epoch:100
In training set, loss: 0.931943, Y0: 0.0148459

Epoch:200
In training set, loss: 0.656826, Y0: 0.0147379

Epoch:300
In training set, loss: 0.493909, Y0: 0.0147507

Epoch:400
In training set, loss: 0.39024, Y0: 0.0147626

Epoch:500
In training set, loss: 0.32019, Y0: 0.0147867

Epoch:600
In training set, loss: 0.270466, Y0: 0.0148255

Epoch:700
In training set, loss: 0.233726, Y0: 0.014878

Epoch:800
In training set, loss: 0.205676, Y0: 0.0149415

Epoch:900
In training set, loss: 0.183674, Y0: 0.0150133

Epoch:1000
In training set, loss: 0.166021, Y0: 0.0150911

Epoch:1100
In training set, loss: 0.151582, Y0: 0.015173

Epoch:1200
In training set, loss: 0.139574, Y0: 0.0152574

Epoch:1300
In training set, loss: 0.129441, Y0: 0.0153432

Epoch:1400
In training set, loss: 0.120779, Y0: 0.0154293

Epoch:1500
In training set, loss: 0.113291, Y0: 0.0155152

Epoch:1600
In training set, loss: 0.10675, Y0: 0.0156002

Epoch:1700
In training set, loss: 0.100985, Y0: 0.0156843

Epoch:1800
In training set, loss: 0.0958604, Y0: 0.015767

Epoch:1900
In training set, loss: 0.0912718, Y0: 0.0158482

Epoch:2000
In training set, loss: 0.0871351, Y0: 0.0159277

Epoch:2100
In training set, loss: 0.0833827, Y0: 0.0160057

Epoch:2200
In training set, loss: 0.0799603, Y0: 0.0160819

Epoch:2300
In training set, loss: 0.0768227, Y0: 0.0161568

Epoch:2400
In training set, loss: 0.0739328, Y0: 0.0162302

Epoch:2500
In training set, loss: 0.0712602, Y0: 0.0163021

Epoch:2600
In training set, loss: 0.068779, Y0: 0.0163727

Epoch:2700
In training set, loss: 0.0664674, Y0: 0.0164419

Epoch:2800
In training set, loss: 0.0643075, Y0: 0.0165098

Epoch:2900
In training set, loss: 0.0622829, Y0: 0.0165768

Epoch:3000
In training set, loss: 0.0603804, Y0: 0.0166426

Epoch:3100
In training set, loss: 0.0585878, Y0: 0.0167073

Epoch:3200
In training set, loss: 0.0568955, Y0: 0.0167711

Epoch:3300
In training set, loss: 0.0552945, Y0: 0.0168339

Epoch:3400
In training set, loss: 0.0537769, Y0: 0.0168962

Epoch:3500
In training set, loss: 0.0523358, Y0: 0.0169578

Epoch:3600
In training set, loss: 0.0509651, Y0: 0.0170189

Epoch:3700
In training set, loss: 0.0496595, Y0: 0.0170789

Epoch:3800
In training set, loss: 0.048414, Y0: 0.0171381

Epoch:3900
In training set, loss: 0.0472244, Y0: 0.0171969

Epoch:4000
In training set, loss: 0.0460868, Y0: 0.0172553



###############################################################################
TCHPC Cluster: kelvin
Job 20858 (BSDE_job_1_procs) for User 'zuoy' in Account 'hpc_21_01207'
Finished at: Wed Nov 17 03:04:59 GMT 2021

Job efficiency estimates:
=========================

Job ID: 20858
Cluster: kelvin
User/Group: zuoy/zuoy
State: COMPLETED (exit code 0)
Nodes: 1
Cores per node: 12
CPU Utilized: 01:40:28
CPU Efficiency: 8.33% of 20:05:48 core-walltime
Job Wall-clock time: 01:40:29
Memory Utilized: 24.79 MB
Memory Efficiency: 0.11% of 22.46 GB

Job completion status:
======================

       JobID    JobName AllocCPUS NTasks NNodes     MaxRSS    MaxRSSNode  MaxDiskRead MaxDiskWrite    Elapsed      State ExitCode 
------------ ---------- --------- ------ ------ ---------- ------------- ------------ ------------ ---------- ---------- -------- 
20858        BSDE_job_+        12             1                                                      01:40:29  COMPLETED      0:0 
20858.batch       batch        12      1      1     25388K   kelvin-n075        0.87M        0.01M   01:40:29  COMPLETED      0:0 


Job details:
============

JobId=20858 JobName=BSDE_job_1_procs
   UserId=zuoy(1582) GroupId=zuoy(1252) MCS_label=N/A
   Priority=11874680 Nice=0 Account=hpc_21_01207 QOS=normal
   JobState=COMPLETING Reason=None Dependency=(null)
   Requeue=0 Restarts=0 BatchFlag=1 Reboot=0 ExitCode=0:0
   DerivedExitCode=0:0
   RunTime=01:40:29 TimeLimit=2-23:00:00 TimeMin=N/A
   SubmitTime=2021-11-16T23:22:13 EligibleTime=2021-11-16T23:22:13
   AccrueTime=2021-11-16T23:22:13
   StartTime=2021-11-17T01:24:30 EndTime=2021-11-17T03:04:59 Deadline=N/A
   SuspendTime=None SecsPreSuspend=0 LastSchedEval=2021-11-17T01:24:30
   Partition=compute AllocNode:Sid=kelvin01:28149
   ReqNodeList=(null) ExcNodeList=(null)
   NodeList=
   BatchHost=kelvin-n075
   NumNodes=1 NumCPUs=12 NumTasks=1 CPUs/Task=1 ReqB:S:C:T=0:0:*:*
   TRES=cpu=12,mem=23000M,node=1,billing=12
   Socks/Node=* NtasksPerN:B:S:C=0:0:*:* CoreSpec=*
   JOB_GRES=(null)
     Nodes=kelvin-n075 CPU_IDs=0-11 Mem=23000 GRES=
   MinCPUsNode=1 MinMemoryNode=23000M MinTmpDiskNode=0
   Features=(null) DelayBoot=00:00:00
   OverSubscribe=NO Contiguous=0 Licenses=(null) Network=(null)
   Command=/home/users/mschpc/2019/zuoy/HPC/NeuralNetwork/sequential/scripts/script_AllenCahn_d300_b1.sh
   WorkDir=/home/users/mschpc/2019/zuoy/HPC/NeuralNetwork/sequential
   StdErr=/home/users/mschpc/2019/zuoy/HPC/NeuralNetwork/sequential/output/slurm-20858.out
   StdIn=/dev/null
   StdOut=/home/users/mschpc/2019/zuoy/HPC/NeuralNetwork/sequential/output/slurm-20858.out
   Power=
   NtasksPerTRES:0


Disk quota details:
===================

Quota Type           Name  Filesystem     Usage in MB     Limit in MB    % Used
-------------------------------------------------------------------------------
USER                 zuoy       /home             100          51,200     0.20%

GROUP              mschpc   /projects             999          51,200     1.95%
GROUP          pi-dgolden   /projects               0          51,200     0.00%


SLURM Bank Statement:
=====================

User           Usage |        Account     Usage | Account Limit Available (CPU hrs)
---------- --------- + -------------- --------- + ------------- ---------
zuoy           5,210 |   HPC_21_01207     5,210 |       100,000    94,790


Acknowledgements:
=================

Note that usage of TCHPC Resources *must* be acknowledged in all publications.

Please see this page for details relevant to this cluster:

http://www.tchpc.tcd.ie/resources/acknowledgementpolicy

################################################################################
