Config data loaded successfully!
Dimension: 100
Total time: 0.2
Number of time intervals: 20
Learning rate: 0.0005
y_init_range: 0.3, 0.5
Number of neurons in each hidden layer of each subnet: 110, 110, 
Epochs: 4000
Batch size: 1
Sample size: 256
Logging frequency: 100
Model name: AllenCahn_serial_


Training:
Epoch:100
In training set, loss: 1.47263, Y0: 0.0792095

Epoch:200
In training set, loss: 1.34854, Y0: 0.0788612

Epoch:300
In training set, loss: 1.24946, Y0: 0.0785576

Epoch:400
In training set, loss: 1.16924, Y0: 0.0782701

Epoch:500
In training set, loss: 1.10338, Y0: 0.0779997

Epoch:600
In training set, loss: 1.04858, Y0: 0.0777472

Epoch:700
In training set, loss: 1.00237, Y0: 0.077511

Epoch:800
In training set, loss: 0.962896, Y0: 0.0772904

Epoch:900
In training set, loss: 0.928767, Y0: 0.0770849

Epoch:1000
In training set, loss: 0.898913, Y0: 0.0768934

Epoch:1100
In training set, loss: 0.872517, Y0: 0.0767149

Epoch:1200
In training set, loss: 0.848939, Y0: 0.0765484

Epoch:1300
In training set, loss: 0.827677, Y0: 0.0763927

Epoch:1400
In training set, loss: 0.808341, Y0: 0.0762465

Epoch:1500
In training set, loss: 0.790618, Y0: 0.0761101

Epoch:1600
In training set, loss: 0.774261, Y0: 0.0759819

Epoch:1700
In training set, loss: 0.759067, Y0: 0.0758616

Epoch:1800
In training set, loss: 0.744879, Y0: 0.0757486

Epoch:1900
In training set, loss: 0.731561, Y0: 0.0756421

Epoch:2000
In training set, loss: 0.719, Y0: 0.0755412

Epoch:2100
In training set, loss: 0.707105, Y0: 0.075446

Epoch:2200
In training set, loss: 0.695803, Y0: 0.0753553

Epoch:2300
In training set, loss: 0.68503, Y0: 0.0752686

Epoch:2400
In training set, loss: 0.674729, Y0: 0.075186

Epoch:2500
In training set, loss: 0.664856, Y0: 0.0751069

Epoch:2600
In training set, loss: 0.65537, Y0: 0.0750314

Epoch:2700
In training set, loss: 0.64624, Y0: 0.0749589

Epoch:2800
In training set, loss: 0.637433, Y0: 0.0748889

Epoch:2900
In training set, loss: 0.628923, Y0: 0.0748216

Epoch:3000
In training set, loss: 0.620688, Y0: 0.0747564

Epoch:3100
In training set, loss: 0.612709, Y0: 0.074694

Epoch:3200
In training set, loss: 0.604966, Y0: 0.0746331

Epoch:3300
In training set, loss: 0.597444, Y0: 0.0745739

Epoch:3400
In training set, loss: 0.59013, Y0: 0.0745163

Epoch:3500
In training set, loss: 0.583008, Y0: 0.0744602

Epoch:3600
In training set, loss: 0.576069, Y0: 0.0744056

Epoch:3700
In training set, loss: 0.569301, Y0: 0.0743522

Epoch:3800
In training set, loss: 0.562697, Y0: 0.0743005

Epoch:3900
In training set, loss: 0.556246, Y0: 0.0742497

Epoch:4000
In training set, loss: 0.549941, Y0: 0.0742



###############################################################################
TCHPC Cluster: kelvin
Job 21620 (BSDE_job_1_procs) for User 'zuoy' in Account 'hpc_21_01207'
Finished at: Fri Nov 19 14:11:53 GMT 2021

Job efficiency estimates:
=========================

Job ID: 21620
Cluster: kelvin
User/Group: zuoy/zuoy
State: COMPLETED (exit code 0)
Nodes: 1
Cores per node: 12
CPU Utilized: 00:43:47
CPU Efficiency: 8.33% of 08:45:48 core-walltime
Job Wall-clock time: 00:43:49
Memory Utilized: 9.96 MB
Memory Efficiency: 0.04% of 22.46 GB

Job completion status:
======================

       JobID    JobName AllocCPUS NTasks NNodes     MaxRSS    MaxRSSNode  MaxDiskRead MaxDiskWrite    Elapsed      State ExitCode 
------------ ---------- --------- ------ ------ ---------- ------------- ------------ ------------ ---------- ---------- -------- 
21620        BSDE_job_+        12             1                                                      00:43:49  COMPLETED      0:0 
21620.batch       batch        12      1      1     10200K   kelvin-n096        0.85M        0.01M   00:43:49  COMPLETED      0:0 


Job details:
============

JobId=21620 JobName=BSDE_job_1_procs
   UserId=zuoy(1582) GroupId=zuoy(1252) MCS_label=N/A
   Priority=11044593 Nice=0 Account=hpc_21_01207 QOS=normal
   JobState=COMPLETING Reason=None Dependency=(null)
   Requeue=0 Restarts=0 BatchFlag=1 Reboot=0 ExitCode=0:0
   DerivedExitCode=0:0
   RunTime=00:43:49 TimeLimit=2-23:00:00 TimeMin=N/A
   SubmitTime=2021-11-19T13:28:04 EligibleTime=2021-11-19T13:28:04
   AccrueTime=2021-11-19T13:28:04
   StartTime=2021-11-19T13:28:04 EndTime=2021-11-19T14:11:53 Deadline=N/A
   SuspendTime=None SecsPreSuspend=0 LastSchedEval=2021-11-19T13:28:04
   Partition=compute AllocNode:Sid=kelvin01:22213
   ReqNodeList=(null) ExcNodeList=(null)
   NodeList=
   BatchHost=kelvin-n096
   NumNodes=1 NumCPUs=12 NumTasks=1 CPUs/Task=1 ReqB:S:C:T=0:0:*:*
   TRES=cpu=12,mem=23000M,node=1,billing=12
   Socks/Node=* NtasksPerN:B:S:C=0:0:*:* CoreSpec=*
   JOB_GRES=(null)
     Nodes=kelvin-n096 CPU_IDs=0-11 Mem=23000 GRES=
   MinCPUsNode=1 MinMemoryNode=23000M MinTmpDiskNode=0
   Features=(null) DelayBoot=00:00:00
   OverSubscribe=NO Contiguous=0 Licenses=(null) Network=(null)
   Command=/home/users/mschpc/2019/zuoy/HPC/NeuralNetwork/sequential/scripts/script_AllenCahn_d300_b1.sh
   WorkDir=/home/users/mschpc/2019/zuoy/HPC/NeuralNetwork/sequential
   StdErr=/home/users/mschpc/2019/zuoy/HPC/NeuralNetwork/sequential/output/slurm-21620.out
   StdIn=/dev/null
   StdOut=/home/users/mschpc/2019/zuoy/HPC/NeuralNetwork/sequential/output/slurm-21620.out
   Power=
   NtasksPerTRES:0


Disk quota details:
===================

Quota Type           Name  Filesystem     Usage in MB     Limit in MB    % Used
-------------------------------------------------------------------------------
USER                 zuoy       /home             109          51,200     0.21%

GROUP              mschpc   /projects             999          51,200     1.95%
GROUP          pi-dgolden   /projects               0          51,200     0.00%


SLURM Bank Statement:
=====================

User           Usage |        Account     Usage | Account Limit Available (CPU hrs)
---------- --------- + -------------- --------- + ------------- ---------
zuoy          10,410 |   HPC_21_01207    10,410 |       100,000    89,590


Acknowledgements:
=================

Note that usage of TCHPC Resources *must* be acknowledged in all publications.

Please see this page for details relevant to this cluster:

http://www.tchpc.tcd.ie/resources/acknowledgementpolicy

################################################################################
