Config data loaded successfully!
Dimension: 300
Total time: 1
Number of time intervals: 20
Learning rate: 0.01
y_init_range: 0, 1
Number of neurons in each hidden layer of each subnet: 110, 110, 
Epochs: 4000
Batch size: 1
Sample size: 256
Logging frequency: 100
Model name: HJBLQ_serial_


Training:
Epoch:100
In training set, loss: 0.142751, Y0: 5.45045

Epoch:200
In training set, loss: 0.0448797, Y0: 5.45321

Epoch:300
In training set, loss: 0.0182975, Y0: 5.45172

Epoch:400
In training set, loss: 0.00824418, Y0: 5.45006

Epoch:500
In training set, loss: 0.00394293, Y0: 5.44876

Epoch:600
In training set, loss: 0.00196904, Y0: 5.44781

Epoch:700
In training set, loss: 0.00101884, Y0: 5.44713

Epoch:800
In training set, loss: 0.000544385, Y0: 5.44666

Epoch:900
In training set, loss: 0.000300984, Y0: 5.44633

Epoch:1000
In training set, loss: 0.000173177, Y0: 5.44608

Epoch:1100
In training set, loss: 0.000104272, Y0: 5.44591

Epoch:1200
In training set, loss: 6.57499e-05, Y0: 5.44577

Epoch:1300
In training set, loss: 4.33125e-05, Y0: 5.44567

Epoch:1400
In training set, loss: 2.96838e-05, Y0: 5.44558

Epoch:1500
In training set, loss: 2.10462e-05, Y0: 5.44552

Epoch:1600
In training set, loss: 1.53049e-05, Y0: 5.44546

Epoch:1700
In training set, loss: 1.13996e-05, Y0: 5.44542

Epoch:1800
In training set, loss: 8.63553e-06, Y0: 5.44538

Epoch:1900
In training set, loss: 6.64363e-06, Y0: 5.44536

Epoch:2000
In training set, loss: 5.17053e-06, Y0: 5.44532

Epoch:2100
In training set, loss: 4.06831e-06, Y0: 5.44529

Epoch:2200
In training set, loss: 3.23441e-06, Y0: 5.44526

Epoch:2300
In training set, loss: 2.58335e-06, Y0: 5.44523

Epoch:2400
In training set, loss: 2.08419e-06, Y0: 5.44522

Epoch:2500
In training set, loss: 1.68789e-06, Y0: 5.4452

Epoch:2600
In training set, loss: 1.37845e-06, Y0: 5.44518

Epoch:2700
In training set, loss: 1.12603e-06, Y0: 5.44517

Epoch:2800
In training set, loss: 9.28885e-07, Y0: 5.44517

Epoch:2900
In training set, loss: 7.64772e-07, Y0: 5.44516

Epoch:3000
In training set, loss: 6.35598e-07, Y0: 5.44516

Epoch:3100
In training set, loss: 5.26933e-07, Y0: 5.44515

Epoch:3200
In training set, loss: 4.38946e-07, Y0: 5.44513

Epoch:3300
In training set, loss: 3.64697e-07, Y0: 5.44512

Epoch:3400
In training set, loss: 3.02544e-07, Y0: 5.4451

Epoch:3500
In training set, loss: 2.51638e-07, Y0: 5.44508

Epoch:3600
In training set, loss: 2.10809e-07, Y0: 5.44508

Epoch:3700
In training set, loss: 1.77321e-07, Y0: 5.44508

Epoch:3800
In training set, loss: 1.48852e-07, Y0: 5.44508

Epoch:3900
In training set, loss: 1.26046e-07, Y0: 5.44508

Epoch:4000
In training set, loss: 1.06979e-07, Y0: 5.44508



###############################################################################
TCHPC Cluster: kelvin
Job 21560 (BSDE_job_1_procs) for User 'zuoy' in Account 'hpc_21_01207'
Finished at: Fri Nov 19 06:32:09 GMT 2021

Job efficiency estimates:
=========================

Job ID: 21560
Cluster: kelvin
User/Group: zuoy/zuoy
State: COMPLETED (exit code 0)
Nodes: 1
Cores per node: 12
CPU Utilized: 01:41:10
CPU Efficiency: 8.33% of 20:14:00 core-walltime
Job Wall-clock time: 01:41:10
Memory Utilized: 24.67 MB
Memory Efficiency: 0.11% of 22.46 GB

Job completion status:
======================

       JobID    JobName AllocCPUS NTasks NNodes     MaxRSS    MaxRSSNode  MaxDiskRead MaxDiskWrite    Elapsed      State ExitCode 
------------ ---------- --------- ------ ------ ---------- ------------- ------------ ------------ ---------- ---------- -------- 
21560        BSDE_job_+        12             1                                                      01:41:10  COMPLETED      0:0 
21560.batch       batch        12      1      1     25260K   kelvin-n090        0.85M        0.01M   01:41:10  COMPLETED      0:0 


Job details:
============

JobId=21560 JobName=BSDE_job_1_procs
   UserId=zuoy(1582) GroupId=zuoy(1252) MCS_label=N/A
   Priority=11129978 Nice=0 Account=hpc_21_01207 QOS=normal
   JobState=COMPLETING Reason=None Dependency=(null)
   Requeue=0 Restarts=0 BatchFlag=1 Reboot=0 ExitCode=0:0
   DerivedExitCode=0:0
   RunTime=01:41:10 TimeLimit=2-23:00:00 TimeMin=N/A
   SubmitTime=2021-11-19T01:59:46 EligibleTime=2021-11-19T01:59:46
   AccrueTime=2021-11-19T01:59:46
   StartTime=2021-11-19T04:50:59 EndTime=2021-11-19T06:32:09 Deadline=N/A
   SuspendTime=None SecsPreSuspend=0 LastSchedEval=2021-11-19T04:50:59
   Partition=compute AllocNode:Sid=kelvin01:10771
   ReqNodeList=(null) ExcNodeList=(null)
   NodeList=
   BatchHost=kelvin-n090
   NumNodes=1 NumCPUs=12 NumTasks=1 CPUs/Task=1 ReqB:S:C:T=0:0:*:*
   TRES=cpu=12,mem=23000M,node=1,billing=12
   Socks/Node=* NtasksPerN:B:S:C=0:0:*:* CoreSpec=*
   JOB_GRES=(null)
     Nodes=kelvin-n090 CPU_IDs=0-11 Mem=23000 GRES=
   MinCPUsNode=1 MinMemoryNode=23000M MinTmpDiskNode=0
   Features=(null) DelayBoot=00:00:00
   OverSubscribe=NO Contiguous=0 Licenses=(null) Network=(null)
   Command=/home/users/mschpc/2019/zuoy/HPC/NeuralNetwork/sequential/scripts/script_HJBLQ_d300_b1.sh
   WorkDir=/home/users/mschpc/2019/zuoy/HPC/NeuralNetwork/sequential
   StdErr=/home/users/mschpc/2019/zuoy/HPC/NeuralNetwork/sequential/output/slurm-21560.out
   StdIn=/dev/null
   StdOut=/home/users/mschpc/2019/zuoy/HPC/NeuralNetwork/sequential/output/slurm-21560.out
   Power=
   NtasksPerTRES:0


Disk quota details:
===================

Quota Type           Name  Filesystem     Usage in MB     Limit in MB    % Used
-------------------------------------------------------------------------------
USER                 zuoy       /home             105          51,200     0.21%

GROUP              mschpc   /projects             999          51,200     1.95%
GROUP          pi-dgolden   /projects               0          51,200     0.00%


SLURM Bank Statement:
=====================

User           Usage |        Account     Usage | Account Limit Available (CPU hrs)
---------- --------- + -------------- --------- + ------------- ---------
zuoy          10,206 |   HPC_21_01207    10,206 |       100,000    89,794


Acknowledgements:
=================

Note that usage of TCHPC Resources *must* be acknowledged in all publications.

Please see this page for details relevant to this cluster:

http://www.tchpc.tcd.ie/resources/acknowledgementpolicy

################################################################################
