Config data loaded successfully!
Dimension: 100
Total time: 0.2
Number of time intervals: 20
Learning rate: 0.0005
y_init_range: 0.3, 0.5
Number of neurons in each hidden layer of each subnet: 110, 110, 
Epochs: 4000
Batch size: 1
Sample size: 256
Logging frequency: 100
Model name: AllenCahn_serial_


Training:
Epoch:100
In training set, loss: 1.28635, Y0: 0.0654704

Epoch:200
In training set, loss: 1.16583, Y0: 0.0652298

Epoch:300
In training set, loss: 1.07195, Y0: 0.0650353

Epoch:400
In training set, loss: 0.997793, Y0: 0.064852

Epoch:500
In training set, loss: 0.938384, Y0: 0.0646801

Epoch:600
In training set, loss: 0.890105, Y0: 0.0645194

Epoch:700
In training set, loss: 0.850305, Y0: 0.0643695

Epoch:800
In training set, loss: 0.817028, Y0: 0.0642299

Epoch:900
In training set, loss: 0.788826, Y0: 0.0640995

Epoch:1000
In training set, loss: 0.764608, Y0: 0.0639774

Epoch:1100
In training set, loss: 0.743543, Y0: 0.0638629

Epoch:1200
In training set, loss: 0.724996, Y0: 0.0637557

Epoch:1300
In training set, loss: 0.70848, Y0: 0.0636543

Epoch:1400
In training set, loss: 0.693619, Y0: 0.0635587

Epoch:1500
In training set, loss: 0.680122, Y0: 0.0634683

Epoch:1600
In training set, loss: 0.667758, Y0: 0.0633827

Epoch:1700
In training set, loss: 0.656339, Y0: 0.0633013

Epoch:1800
In training set, loss: 0.645717, Y0: 0.0632237

Epoch:1900
In training set, loss: 0.635776, Y0: 0.0631497

Epoch:2000
In training set, loss: 0.626423, Y0: 0.0630793

Epoch:2100
In training set, loss: 0.617579, Y0: 0.0630118

Epoch:2200
In training set, loss: 0.609179, Y0: 0.0629477

Epoch:2300
In training set, loss: 0.60117, Y0: 0.0628863

Epoch:2400
In training set, loss: 0.593502, Y0: 0.0628277

Epoch:2500
In training set, loss: 0.586141, Y0: 0.0627713

Epoch:2600
In training set, loss: 0.579053, Y0: 0.0627174

Epoch:2700
In training set, loss: 0.572213, Y0: 0.0626656

Epoch:2800
In training set, loss: 0.565595, Y0: 0.0626159

Epoch:2900
In training set, loss: 0.559181, Y0: 0.0625682

Epoch:3000
In training set, loss: 0.552951, Y0: 0.0625224

Epoch:3100
In training set, loss: 0.546892, Y0: 0.0624785

Epoch:3200
In training set, loss: 0.540989, Y0: 0.0624362

Epoch:3300
In training set, loss: 0.535231, Y0: 0.0623957

Epoch:3400
In training set, loss: 0.529608, Y0: 0.0623565

Epoch:3500
In training set, loss: 0.524111, Y0: 0.0623189

Epoch:3600
In training set, loss: 0.518733, Y0: 0.0622827

Epoch:3700
In training set, loss: 0.513467, Y0: 0.0622476

Epoch:3800
In training set, loss: 0.508304, Y0: 0.0622139

Epoch:3900
In training set, loss: 0.503238, Y0: 0.0621815

Epoch:4000
In training set, loss: 0.498266, Y0: 0.0621501



###############################################################################
TCHPC Cluster: kelvin
Job 21657 (BSDE_job_1_procs) for User 'zuoy' in Account 'hpc_21_01207'
Finished at: Fri Nov 19 15:28:05 GMT 2021

Job efficiency estimates:
=========================

Job ID: 21657
Cluster: kelvin
User/Group: zuoy/zuoy
State: COMPLETED (exit code 0)
Nodes: 1
Cores per node: 12
CPU Utilized: 00:43:29
CPU Efficiency: 8.33% of 08:42:12 core-walltime
Job Wall-clock time: 00:43:31
Memory Utilized: 9.96 MB
Memory Efficiency: 0.04% of 22.46 GB

Job completion status:
======================

       JobID    JobName AllocCPUS NTasks NNodes     MaxRSS    MaxRSSNode  MaxDiskRead MaxDiskWrite    Elapsed      State ExitCode 
------------ ---------- --------- ------ ------ ---------- ------------- ------------ ------------ ---------- ---------- -------- 
21657        BSDE_job_+        12             1                                                      00:43:31  COMPLETED      0:0 
21657.batch       batch        12      1      1     10204K   kelvin-n064        0.85M        0.01M   00:43:31  COMPLETED      0:0 


Job details:
============

JobId=21657 JobName=BSDE_job_1_procs
   UserId=zuoy(1582) GroupId=zuoy(1252) MCS_label=N/A
   Priority=11075911 Nice=0 Account=hpc_21_01207 QOS=normal
   JobState=COMPLETING Reason=None Dependency=(null)
   Requeue=0 Restarts=0 BatchFlag=1 Reboot=0 ExitCode=0:0
   DerivedExitCode=0:0
   RunTime=00:43:31 TimeLimit=2-23:00:00 TimeMin=N/A
   SubmitTime=2021-11-19T13:41:46 EligibleTime=2021-11-19T13:41:46
   AccrueTime=2021-11-19T13:41:46
   StartTime=2021-11-19T14:44:34 EndTime=2021-11-19T15:28:05 Deadline=N/A
   SuspendTime=None SecsPreSuspend=0 LastSchedEval=2021-11-19T14:44:34
   Partition=compute AllocNode:Sid=kelvin01:22213
   ReqNodeList=(null) ExcNodeList=(null)
   NodeList=
   BatchHost=kelvin-n064
   NumNodes=1 NumCPUs=12 NumTasks=1 CPUs/Task=1 ReqB:S:C:T=0:0:*:*
   TRES=cpu=12,mem=23000M,node=1,billing=12
   Socks/Node=* NtasksPerN:B:S:C=0:0:*:* CoreSpec=*
   JOB_GRES=(null)
     Nodes=kelvin-n064 CPU_IDs=0-11 Mem=23000 GRES=
   MinCPUsNode=1 MinMemoryNode=23000M MinTmpDiskNode=0
   Features=(null) DelayBoot=00:00:00
   OverSubscribe=NO Contiguous=0 Licenses=(null) Network=(null)
   Command=/home/users/mschpc/2019/zuoy/HPC/NeuralNetwork/sequential/scripts/script_AllenCahn_d300_b1.sh
   WorkDir=/home/users/mschpc/2019/zuoy/HPC/NeuralNetwork/sequential
   StdErr=/home/users/mschpc/2019/zuoy/HPC/NeuralNetwork/sequential/output/slurm-21657.out
   StdIn=/dev/null
   StdOut=/home/users/mschpc/2019/zuoy/HPC/NeuralNetwork/sequential/output/slurm-21657.out
   Power=
   NtasksPerTRES:0


Disk quota details:
===================

Quota Type           Name  Filesystem     Usage in MB     Limit in MB    % Used
-------------------------------------------------------------------------------
USER                 zuoy       /home             109          51,200     0.21%

GROUP              mschpc   /projects             999          51,200     1.95%
GROUP          pi-dgolden   /projects               0          51,200     0.00%


SLURM Bank Statement:
=====================

User           Usage |        Account     Usage | Account Limit Available (CPU hrs)
---------- --------- + -------------- --------- + ------------- ---------
zuoy          10,594 |   HPC_21_01207    10,594 |       100,000    89,406


Acknowledgements:
=================

Note that usage of TCHPC Resources *must* be acknowledged in all publications.

Please see this page for details relevant to this cluster:

http://www.tchpc.tcd.ie/resources/acknowledgementpolicy

################################################################################
