Config data loaded successfully!
Dimension: 500
Total time: 1
Number of time intervals: 40
Learning rate: 0.01
y_init_range: 40, 50
Number of neurons in each hidden layer of each subnet: 110, 110, 
Epochs: 1000
Batch size: 1
Sample size: 256
Logging frequency: 100
Model name: pricing_default_risk_serial_


Training:
Epoch:100
In training set, loss: 5.20799, Y0: 49.5004

Epoch:200
In training set, loss: 0.176897, Y0: 49.5022

Epoch:300
In training set, loss: 0.0110234, Y0: 49.5053

Epoch:400
In training set, loss: 0.000890132, Y0: 49.5065

Epoch:500
In training set, loss: 8.41117e-05, Y0: 49.5069

Epoch:600
In training set, loss: 9.05959e-06, Y0: 49.507

Epoch:700
In training set, loss: 1.05157e-06, Y0: 49.5071

Epoch:800
In training set, loss: 1.48211e-07, Y0: 49.5071

Epoch:900
In training set, loss: 4.09491e-08, Y0: 49.5071

Epoch:1000
In training set, loss: 1.99871e-08, Y0: 49.5071



###############################################################################
TCHPC Cluster: kelvin
Job 21547 (BSDE_job_1_procs) for User 'zuoy' in Account 'hpc_21_01207'
Finished at: Fri Nov 19 05:44:17 GMT 2021

Job efficiency estimates:
=========================

Job ID: 21547
Cluster: kelvin
User/Group: zuoy/zuoy
State: COMPLETED (exit code 0)
Nodes: 1
Cores per node: 12
CPU Utilized: 01:56:49
CPU Efficiency: 8.33% of 23:22:00 core-walltime
Job Wall-clock time: 01:56:50
Memory Utilized: 78.14 MB
Memory Efficiency: 0.34% of 22.46 GB

Job completion status:
======================

       JobID    JobName AllocCPUS NTasks NNodes     MaxRSS    MaxRSSNode  MaxDiskRead MaxDiskWrite    Elapsed      State ExitCode 
------------ ---------- --------- ------ ------ ---------- ------------- ------------ ------------ ---------- ---------- -------- 
21547        BSDE_job_+        12             1                                                      01:56:50  COMPLETED      0:0 
21547.batch       batch        12      1      1     80012K   kelvin-n042        0.85M        0.01M   01:56:50  COMPLETED      0:0 


Job details:
============

JobId=21547 JobName=BSDE_job_1_procs
   UserId=zuoy(1582) GroupId=zuoy(1252) MCS_label=N/A
   Priority=11134087 Nice=0 Account=hpc_21_01207 QOS=normal
   JobState=COMPLETING Reason=None Dependency=(null)
   Requeue=0 Restarts=0 BatchFlag=1 Reboot=0 ExitCode=0:0
   DerivedExitCode=0:0
   RunTime=01:56:50 TimeLimit=2-23:00:00 TimeMin=N/A
   SubmitTime=2021-11-19T00:47:29 EligibleTime=2021-11-19T00:47:29
   AccrueTime=2021-11-19T00:47:29
   StartTime=2021-11-19T03:47:27 EndTime=2021-11-19T05:44:17 Deadline=N/A
   SuspendTime=None SecsPreSuspend=0 LastSchedEval=2021-11-19T03:47:27
   Partition=compute AllocNode:Sid=kelvin01:10771
   ReqNodeList=(null) ExcNodeList=(null)
   NodeList=
   BatchHost=kelvin-n042
   NumNodes=1 NumCPUs=12 NumTasks=1 CPUs/Task=1 ReqB:S:C:T=0:0:*:*
   TRES=cpu=12,mem=23000M,node=1,billing=12
   Socks/Node=* NtasksPerN:B:S:C=0:0:*:* CoreSpec=*
   JOB_GRES=(null)
     Nodes=kelvin-n042 CPU_IDs=0-11 Mem=23000 GRES=
   MinCPUsNode=1 MinMemoryNode=23000M MinTmpDiskNode=0
   Features=(null) DelayBoot=00:00:00
   OverSubscribe=NO Contiguous=0 Licenses=(null) Network=(null)
   Command=/home/users/mschpc/2019/zuoy/HPC/NeuralNetwork/sequential/scripts/script_PricingDefaultRisk_d500_b1.sh
   WorkDir=/home/users/mschpc/2019/zuoy/HPC/NeuralNetwork/sequential
   StdErr=/home/users/mschpc/2019/zuoy/HPC/NeuralNetwork/sequential/output/slurm-21547.out
   StdIn=/dev/null
   StdOut=/home/users/mschpc/2019/zuoy/HPC/NeuralNetwork/sequential/output/slurm-21547.out
   Power=
   NtasksPerTRES:0


Disk quota details:
===================

Quota Type           Name  Filesystem     Usage in MB     Limit in MB    % Used
-------------------------------------------------------------------------------
USER                 zuoy       /home             108          51,200     0.21%

GROUP              mschpc   /projects             999          51,200     1.95%
GROUP          pi-dgolden   /projects               0          51,200     0.00%


SLURM Bank Statement:
=====================

User           Usage |        Account     Usage | Account Limit Available (CPU hrs)
---------- --------- + -------------- --------- + ------------- ---------
zuoy          10,152 |   HPC_21_01207    10,152 |       100,000    89,848


Acknowledgements:
=================

Note that usage of TCHPC Resources *must* be acknowledged in all publications.

Please see this page for details relevant to this cluster:

http://www.tchpc.tcd.ie/resources/acknowledgementpolicy

################################################################################
