Config data loaded successfully!
Dimension: 200
Total time: 0.3
Number of time intervals: 20
Learning rate: 0.0005
y_init_range: 0.3, 0.5
Number of neurons in each hidden layer of each subnet: 110, 110, 
Epochs: 4000
Batch size: 256
Sample size: 256
Logging frequency: 100
Model name: AllenCahn_serial_


Training:
Epoch:100
In training set, loss: 6.71948, Y0: 0.291566

Epoch:200
In training set, loss: 6.37479, Y0: 0.283431

Epoch:300
In training set, loss: 6.05389, Y0: 0.275583

Epoch:400
In training set, loss: 5.75486, Y0: 0.268008

Epoch:500
In training set, loss: 5.47596, Y0: 0.260694

Epoch:600
In training set, loss: 5.21564, Y0: 0.253629

Epoch:700
In training set, loss: 4.97249, Y0: 0.246802

Epoch:800
In training set, loss: 4.7452, Y0: 0.240203

Epoch:900
In training set, loss: 4.53262, Y0: 0.233823

Epoch:1000
In training set, loss: 4.33366, Y0: 0.227652

Epoch:1100
In training set, loss: 4.14736, Y0: 0.221681

Epoch:1200
In training set, loss: 3.9728, Y0: 0.215903

Epoch:1300
In training set, loss: 3.80917, Y0: 0.210311

Epoch:1400
In training set, loss: 3.65571, Y0: 0.204897

Epoch:1500
In training set, loss: 3.51172, Y0: 0.199654

Epoch:1600
In training set, loss: 3.37656, Y0: 0.194576

Epoch:1700
In training set, loss: 3.24964, Y0: 0.189657

Epoch:1800
In training set, loss: 3.1304, Y0: 0.184891

Epoch:1900
In training set, loss: 3.01836, Y0: 0.180272

Epoch:2000
In training set, loss: 2.91302, Y0: 0.175796

Epoch:2100
In training set, loss: 2.81396, Y0: 0.171457

Epoch:2200
In training set, loss: 2.72078, Y0: 0.167251

Epoch:2300
In training set, loss: 2.6331, Y0: 0.163173

Epoch:2400
In training set, loss: 2.55056, Y0: 0.159218

Epoch:2500
In training set, loss: 2.47285, Y0: 0.155382

Epoch:2600
In training set, loss: 2.39966, Y0: 0.151663

Epoch:2700
In training set, loss: 2.33072, Y0: 0.148054

Epoch:2800
In training set, loss: 2.26575, Y0: 0.144554

Epoch:2900
In training set, loss: 2.20451, Y0: 0.141158

Epoch:3000
In training set, loss: 2.14678, Y0: 0.137863

Epoch:3100
In training set, loss: 2.09235, Y0: 0.134665

Epoch:3200
In training set, loss: 2.041, Y0: 0.131562

Epoch:3300
In training set, loss: 1.99255, Y0: 0.128551

Epoch:3400
In training set, loss: 1.94684, Y0: 0.125628

Epoch:3500
In training set, loss: 1.90369, Y0: 0.122792

Epoch:3600
In training set, loss: 1.86295, Y0: 0.120038

Epoch:3700
In training set, loss: 1.82448, Y0: 0.117365

Epoch:3800
In training set, loss: 1.78815, Y0: 0.11477

Epoch:3900
In training set, loss: 1.75382, Y0: 0.112251

Epoch:4000
In training set, loss: 1.72138, Y0: 0.109805



###############################################################################
TCHPC Cluster: kelvin
Job 20939 (BSDE_job_1_procs) for User 'zuoy' in Account 'hpc_21_01207'
Finished at: Wed Nov 17 05:07:10 GMT 2021

Job efficiency estimates:
=========================

Job ID: 20939
Cluster: kelvin
User/Group: zuoy/zuoy
State: COMPLETED (exit code 0)
Nodes: 1
Cores per node: 12
CPU Utilized: 00:49:08
CPU Efficiency: 8.33% of 09:49:36 core-walltime
Job Wall-clock time: 00:49:08
Memory Utilized: 17.25 MB
Memory Efficiency: 0.08% of 22.46 GB

Job completion status:
======================

       JobID    JobName AllocCPUS NTasks NNodes     MaxRSS    MaxRSSNode  MaxDiskRead MaxDiskWrite    Elapsed      State ExitCode 
------------ ---------- --------- ------ ------ ---------- ------------- ------------ ------------ ---------- ---------- -------- 
20939        BSDE_job_+        12             1                                                      00:49:08  COMPLETED      0:0 
20939.batch       batch        12      1      1     17668K   kelvin-n080        0.87M        0.01M   00:49:08  COMPLETED      0:0 


Job details:
============

JobId=20939 JobName=BSDE_job_1_procs
   UserId=zuoy(1582) GroupId=zuoy(1252) MCS_label=N/A
   Priority=11888305 Nice=0 Account=hpc_21_01207 QOS=normal
   JobState=COMPLETING Reason=None Dependency=(null)
   Requeue=0 Restarts=0 BatchFlag=1 Reboot=0 ExitCode=0:0
   DerivedExitCode=0:0
   RunTime=00:49:08 TimeLimit=2-23:00:00 TimeMin=N/A
   SubmitTime=2021-11-17T01:48:45 EligibleTime=2021-11-17T01:48:45
   AccrueTime=2021-11-17T01:48:45
   StartTime=2021-11-17T04:18:02 EndTime=2021-11-17T05:07:10 Deadline=N/A
   SuspendTime=None SecsPreSuspend=0 LastSchedEval=2021-11-17T04:18:02
   Partition=compute AllocNode:Sid=kelvin01:7052
   ReqNodeList=(null) ExcNodeList=(null)
   NodeList=
   BatchHost=kelvin-n080
   NumNodes=1 NumCPUs=12 NumTasks=1 CPUs/Task=1 ReqB:S:C:T=0:0:*:*
   TRES=cpu=12,mem=23000M,node=1,billing=12
   Socks/Node=* NtasksPerN:B:S:C=0:0:*:* CoreSpec=*
   JOB_GRES=(null)
     Nodes=kelvin-n080 CPU_IDs=0-11 Mem=23000 GRES=
   MinCPUsNode=1 MinMemoryNode=23000M MinTmpDiskNode=0
   Features=(null) DelayBoot=00:00:00
   OverSubscribe=NO Contiguous=0 Licenses=(null) Network=(null)
   Command=/home/users/mschpc/2019/zuoy/HPC/NeuralNetwork/sequential/scripts/script_AllenCahn_d200_b256.sh
   WorkDir=/home/users/mschpc/2019/zuoy/HPC/NeuralNetwork/sequential
   StdErr=/home/users/mschpc/2019/zuoy/HPC/NeuralNetwork/sequential/output/slurm-20939.out
   StdIn=/dev/null
   StdOut=/home/users/mschpc/2019/zuoy/HPC/NeuralNetwork/sequential/output/slurm-20939.out
   Power=
   NtasksPerTRES:0


Disk quota details:
===================

Quota Type           Name  Filesystem     Usage in MB     Limit in MB    % Used
-------------------------------------------------------------------------------
USER                 zuoy       /home             103          51,200     0.20%

GROUP              mschpc   /projects             999          51,200     1.95%
GROUP          pi-dgolden   /projects               0          51,200     0.00%


SLURM Bank Statement:
=====================

User           Usage |        Account     Usage | Account Limit Available (CPU hrs)
---------- --------- + -------------- --------- + ------------- ---------
zuoy           5,537 |   HPC_21_01207     5,537 |       100,000    94,463


Acknowledgements:
=================

Note that usage of TCHPC Resources *must* be acknowledged in all publications.

Please see this page for details relevant to this cluster:

http://www.tchpc.tcd.ie/resources/acknowledgementpolicy

################################################################################
