Config data loaded successfully!
Dimension: 100
Total time: 0.2
Number of time intervals: 20
Learning rate: 0.0005
y_init_range: 0.3, 0.5
Number of neurons in each hidden layer of each subnet: 110, 110, 
Epochs: 4000
Batch size: 64
Sample size: 1024
Logging frequency: 100
Model name: AllenCahn_serial_


Training:
Epoch:100
In training set, loss: 11.0664, Y0: 0.203019

Epoch:200
In training set, loss: 7.19667, Y0: 0.149064

Epoch:300
In training set, loss: 5.93486, Y0: 0.118367

Epoch:400
In training set, loss: 5.50866, Y0: 0.100746

Epoch:500
In training set, loss: 5.35661, Y0: 0.090591

Epoch:600
In training set, loss: 5.29551, Y0: 0.0847262

Epoch:700
In training set, loss: 5.26482, Y0: 0.0813349

Epoch:800
In training set, loss: 5.24439, Y0: 0.0793715

Epoch:900
In training set, loss: 5.22753, Y0: 0.0782333

Epoch:1000
In training set, loss: 5.21199, Y0: 0.0775722

Epoch:1100
In training set, loss: 5.19701, Y0: 0.077187

Epoch:1200
In training set, loss: 5.18236, Y0: 0.0769614

Epoch:1300
In training set, loss: 5.16792, Y0: 0.076828

Epoch:1400
In training set, loss: 5.15368, Y0: 0.0767481

Epoch:1500
In training set, loss: 5.13963, Y0: 0.0766987

Epoch:1600
In training set, loss: 5.12575, Y0: 0.0766679

Epoch:1700
In training set, loss: 5.11205, Y0: 0.0766468

Epoch:1800
In training set, loss: 5.09853, Y0: 0.0766315

Epoch:1900
In training set, loss: 5.08516, Y0: 0.0766201

Epoch:2000
In training set, loss: 5.07197, Y0: 0.0766111

Epoch:2100
In training set, loss: 5.05894, Y0: 0.0766032

Epoch:2200
In training set, loss: 5.04607, Y0: 0.0765957

Epoch:2300
In training set, loss: 5.03337, Y0: 0.0765889

Epoch:2400
In training set, loss: 5.02082, Y0: 0.0765818

Epoch:2500
In training set, loss: 5.00843, Y0: 0.0765751

Epoch:2600
In training set, loss: 4.9962, Y0: 0.0765686

Epoch:2700
In training set, loss: 4.98411, Y0: 0.0765616

Epoch:2800
In training set, loss: 4.97217, Y0: 0.0765551

Epoch:2900
In training set, loss: 4.96039, Y0: 0.0765487

Epoch:3000
In training set, loss: 4.94875, Y0: 0.0765418

Epoch:3100
In training set, loss: 4.93725, Y0: 0.0765352

Epoch:3200
In training set, loss: 4.9259, Y0: 0.076529

Epoch:3300
In training set, loss: 4.91468, Y0: 0.0765223

Epoch:3400
In training set, loss: 4.9036, Y0: 0.0765155

Epoch:3500
In training set, loss: 4.89265, Y0: 0.0765091

Epoch:3600
In training set, loss: 4.88184, Y0: 0.0765025

Epoch:3700
In training set, loss: 4.87117, Y0: 0.0764957

Epoch:3800
In training set, loss: 4.86062, Y0: 0.0764893

Epoch:3900
In training set, loss: 4.8502, Y0: 0.076483

Epoch:4000
In training set, loss: 4.83991, Y0: 0.0764763



###############################################################################
TCHPC Cluster: kelvin
Job 22198 (BSDE_job_1_procs) for User 'zuoy' in Account 'hpc_21_01207'
Finished at: Sat Nov 20 23:43:07 GMT 2021

Job efficiency estimates:
=========================

Job ID: 22198
Cluster: kelvin
User/Group: zuoy/zuoy
State: COMPLETED (exit code 0)
Nodes: 1
Cores per node: 12
CPU Utilized: 02:03:34
CPU Efficiency: 8.33% of 1-00:43:12 core-walltime
Job Wall-clock time: 02:03:36
Memory Utilized: 23.23 MB
Memory Efficiency: 0.10% of 22.46 GB

Job completion status:
======================

       JobID    JobName AllocCPUS NTasks NNodes     MaxRSS    MaxRSSNode  MaxDiskRead MaxDiskWrite    Elapsed      State ExitCode 
------------ ---------- --------- ------ ------ ---------- ------------- ------------ ------------ ---------- ---------- -------- 
22198        BSDE_job_+        12             1                                                      02:03:36  COMPLETED      0:0 
22198.batch       batch        12      1      1     23788K   kelvin-n079        0.85M        0.01M   02:03:36  COMPLETED      0:0 


Job details:
============

JobId=22198 JobName=BSDE_job_1_procs
   UserId=zuoy(1582) GroupId=zuoy(1252) MCS_label=N/A
   Priority=11203060 Nice=0 Account=hpc_21_01207 QOS=normal
   JobState=COMPLETING Reason=None Dependency=(null)
   Requeue=0 Restarts=0 BatchFlag=1 Reboot=0 ExitCode=0:0
   DerivedExitCode=0:0
   RunTime=02:03:36 TimeLimit=2-23:00:00 TimeMin=N/A
   SubmitTime=2021-11-20T16:20:26 EligibleTime=2021-11-20T16:20:26
   AccrueTime=2021-11-20T16:20:26
   StartTime=2021-11-20T21:39:31 EndTime=2021-11-20T23:43:07 Deadline=N/A
   SuspendTime=None SecsPreSuspend=0 LastSchedEval=2021-11-20T21:39:31
   Partition=compute AllocNode:Sid=kelvin01:20266
   ReqNodeList=(null) ExcNodeList=(null)
   NodeList=
   BatchHost=kelvin-n079
   NumNodes=1 NumCPUs=12 NumTasks=1 CPUs/Task=1 ReqB:S:C:T=0:0:*:*
   TRES=cpu=12,mem=23000M,node=1,billing=12
   Socks/Node=* NtasksPerN:B:S:C=0:0:*:* CoreSpec=*
   JOB_GRES=(null)
     Nodes=kelvin-n079 CPU_IDs=0-11 Mem=23000 GRES=
   MinCPUsNode=1 MinMemoryNode=23000M MinTmpDiskNode=0
   Features=(null) DelayBoot=00:00:00
   OverSubscribe=NO Contiguous=0 Licenses=(null) Network=(null)
   Command=/home/users/mschpc/2019/zuoy/HPC/NeuralNetwork/sequential/scripts/script_AllenCahn_d300_b64.sh
   WorkDir=/home/users/mschpc/2019/zuoy/HPC/NeuralNetwork/sequential
   StdErr=/home/users/mschpc/2019/zuoy/HPC/NeuralNetwork/sequential/output/slurm-22198.out
   StdIn=/dev/null
   StdOut=/home/users/mschpc/2019/zuoy/HPC/NeuralNetwork/sequential/output/slurm-22198.out
   Power=
   NtasksPerTRES:0


Disk quota details:
===================

Quota Type           Name  Filesystem     Usage in MB     Limit in MB    % Used
-------------------------------------------------------------------------------
USER                 zuoy       /home             117          51,200     0.23%

GROUP              mschpc   /projects             999          51,200     1.95%
GROUP          pi-dgolden   /projects               0          51,200     0.00%


SLURM Bank Statement:
=====================

User           Usage |        Account     Usage | Account Limit Available (CPU hrs)
---------- --------- + -------------- --------- + ------------- ---------
zuoy          14,808 |   HPC_21_01207    14,808 |       100,000    85,192


Acknowledgements:
=================

Note that usage of TCHPC Resources *must* be acknowledged in all publications.

Please see this page for details relevant to this cluster:

http://www.tchpc.tcd.ie/resources/acknowledgementpolicy

################################################################################
