Config data loaded successfully!
Dimension: 100
Total time: 1
Number of time intervals: 40
Learning rate: 0.01
y_init_range: 40, 50
Number of neurons in each hidden layer of each subnet: 110, 110, 
Epochs: 1000
Batch size: 128
Sample size: 256
Logging frequency: 100
Model name: pricing_default_risk_serial_


Training:
Epoch:100
In training set, loss: 3410.82, Y0: 54.4067

Epoch:200
In training set, loss: 2581.34, Y0: 56.5793

Epoch:300
In training set, loss: 2453.24, Y0: 56.9359

Epoch:400
In training set, loss: 2355.13, Y0: 57.0003

Epoch:500
In training set, loss: 2267.48, Y0: 57.0171

Epoch:600
In training set, loss: 2188.3, Y0: 57.0259

Epoch:700
In training set, loss: 2116.52, Y0: 57.033

Epoch:800
In training set, loss: 2051.27, Y0: 57.0394

Epoch:900
In training set, loss: 1991.53, Y0: 57.0452

Epoch:1000
In training set, loss: 1936.58, Y0: 57.0508



###############################################################################
TCHPC Cluster: kelvin
Job 21059 (BSDE_job_1_procs) for User 'zuoy' in Account 'hpc_21_01207'
Finished at: Wed Nov 17 16:40:57 GMT 2021

Job efficiency estimates:
=========================

Job ID: 21059
Cluster: kelvin
User/Group: zuoy/zuoy
State: COMPLETED (exit code 0)
Nodes: 1
Cores per node: 12
CPU Utilized: 00:29:25
CPU Efficiency: 8.33% of 05:53:12 core-walltime
Job Wall-clock time: 00:29:26
Memory Utilized: 19.57 MB
Memory Efficiency: 0.09% of 22.46 GB

Job completion status:
======================

       JobID    JobName AllocCPUS NTasks NNodes     MaxRSS    MaxRSSNode  MaxDiskRead MaxDiskWrite    Elapsed      State ExitCode 
------------ ---------- --------- ------ ------ ---------- ------------- ------------ ------------ ---------- ---------- -------- 
21059        BSDE_job_+        12             1                                                      00:29:26  COMPLETED      0:0 
21059.batch       batch        12      1      1     20044K   kelvin-n008        0.85M        0.01M   00:29:26  COMPLETED      0:0 


Job details:
============

JobId=21059 JobName=BSDE_job_1_procs
   UserId=zuoy(1582) GroupId=zuoy(1252) MCS_label=N/A
   Priority=11758879 Nice=0 Account=hpc_21_01207 QOS=normal
   JobState=COMPLETING Reason=None Dependency=(null)
   Requeue=0 Restarts=0 BatchFlag=1 Reboot=0 ExitCode=0:0
   DerivedExitCode=0:0
   RunTime=00:29:26 TimeLimit=2-23:00:00 TimeMin=N/A
   SubmitTime=2021-11-17T16:11:30 EligibleTime=2021-11-17T16:11:30
   AccrueTime=2021-11-17T16:11:30
   StartTime=2021-11-17T16:11:31 EndTime=2021-11-17T16:40:57 Deadline=N/A
   SuspendTime=None SecsPreSuspend=0 LastSchedEval=2021-11-17T16:11:31
   Partition=compute AllocNode:Sid=kelvin01:6446
   ReqNodeList=(null) ExcNodeList=(null)
   NodeList=
   BatchHost=kelvin-n008
   NumNodes=1 NumCPUs=12 NumTasks=1 CPUs/Task=1 ReqB:S:C:T=0:0:*:*
   TRES=cpu=12,mem=23000M,node=1,billing=12
   Socks/Node=* NtasksPerN:B:S:C=0:0:*:* CoreSpec=*
   JOB_GRES=(null)
     Nodes=kelvin-n008 CPU_IDs=0-11 Mem=23000 GRES=
   MinCPUsNode=1 MinMemoryNode=23000M MinTmpDiskNode=0
   Features=(null) DelayBoot=00:00:00
   OverSubscribe=NO Contiguous=0 Licenses=(null) Network=(null)
   Command=/home/users/mschpc/2019/zuoy/HPC/NeuralNetwork/sequential/scripts/script_PricingDefaultRisk_d100_b128.sh
   WorkDir=/home/users/mschpc/2019/zuoy/HPC/NeuralNetwork/sequential
   StdErr=/home/users/mschpc/2019/zuoy/HPC/NeuralNetwork/sequential/output/slurm-21059.out
   StdIn=/dev/null
   StdOut=/home/users/mschpc/2019/zuoy/HPC/NeuralNetwork/sequential/output/slurm-21059.out
   Power=
   NtasksPerTRES:0


Disk quota details:
===================

Quota Type           Name  Filesystem     Usage in MB     Limit in MB    % Used
-------------------------------------------------------------------------------
USER                 zuoy       /home             103          51,200     0.20%

GROUP              mschpc   /projects             999          51,200     1.95%
GROUP          pi-dgolden   /projects               0          51,200     0.00%


SLURM Bank Statement:
=====================

User           Usage |        Account     Usage | Account Limit Available (CPU hrs)
---------- --------- + -------------- --------- + ------------- ---------
zuoy           6,060 |   HPC_21_01207     6,060 |       100,000    93,940


Acknowledgements:
=================

Note that usage of TCHPC Resources *must* be acknowledged in all publications.

Please see this page for details relevant to this cluster:

http://www.tchpc.tcd.ie/resources/acknowledgementpolicy

################################################################################
