Config data loaded successfully!
Dimension: 100
Total time: 0.25
Number of time intervals: 20
Learning rate: 0.0005
y_init_range: 0.3, 0.5
Number of neurons in each hidden layer of each subnet: 110, 110, 
Epochs: 4000
Batch size: 64
Sample size: 1024
Logging frequency: 100
Model name: AllenCahn_serial_


Training:
Epoch:100
In training set, loss: 13.6297, Y0: 0.201849

Epoch:200
In training set, loss: 9.35389, Y0: 0.145125

Epoch:300
In training set, loss: 7.83057, Y0: 0.111441

Epoch:400
In training set, loss: 7.26491, Y0: 0.0912202

Epoch:500
In training set, loss: 7.04265, Y0: 0.0790247

Epoch:600
In training set, loss: 6.94535, Y0: 0.0716546

Epoch:700
In training set, loss: 6.89396, Y0: 0.0671982

Epoch:800
In training set, loss: 6.85964, Y0: 0.0645049

Epoch:900
In training set, loss: 6.83181, Y0: 0.0628796

Epoch:1000
In training set, loss: 6.80662, Y0: 0.0619017

Epoch:1100
In training set, loss: 6.78261, Y0: 0.0613162

Epoch:1200
In training set, loss: 6.75927, Y0: 0.060969

Epoch:1300
In training set, loss: 6.7364, Y0: 0.060766

Epoch:1400
In training set, loss: 6.71391, Y0: 0.0606506

Epoch:1500
In training set, loss: 6.69177, Y0: 0.0605884

Epoch:1600
In training set, loss: 6.66999, Y0: 0.0605581

Epoch:1700
In training set, loss: 6.64852, Y0: 0.0605474

Epoch:1800
In training set, loss: 6.62739, Y0: 0.0605483

Epoch:1900
In training set, loss: 6.60659, Y0: 0.0605564

Epoch:2000
In training set, loss: 6.58608, Y0: 0.0605686

Epoch:2100
In training set, loss: 6.56588, Y0: 0.0605833

Epoch:2200
In training set, loss: 6.54599, Y0: 0.0605994

Epoch:2300
In training set, loss: 6.52639, Y0: 0.0606164

Epoch:2400
In training set, loss: 6.50709, Y0: 0.0606338

Epoch:2500
In training set, loss: 6.48807, Y0: 0.0606514

Epoch:2600
In training set, loss: 6.46934, Y0: 0.060669

Epoch:2700
In training set, loss: 6.45089, Y0: 0.0606864

Epoch:2800
In training set, loss: 6.43271, Y0: 0.0607041

Epoch:2900
In training set, loss: 6.41478, Y0: 0.0607216

Epoch:3000
In training set, loss: 6.39714, Y0: 0.0607388

Epoch:3100
In training set, loss: 6.37975, Y0: 0.0607558

Epoch:3200
In training set, loss: 6.36262, Y0: 0.0607727

Epoch:3300
In training set, loss: 6.34574, Y0: 0.0607897

Epoch:3400
In training set, loss: 6.3291, Y0: 0.0608064

Epoch:3500
In training set, loss: 6.31272, Y0: 0.0608229

Epoch:3600
In training set, loss: 6.29657, Y0: 0.0608392

Epoch:3700
In training set, loss: 6.28065, Y0: 0.0608554

Epoch:3800
In training set, loss: 6.26496, Y0: 0.0608716

Epoch:3900
In training set, loss: 6.24951, Y0: 0.0608875

Epoch:4000
In training set, loss: 6.23428, Y0: 0.0609033



###############################################################################
TCHPC Cluster: kelvin
Job 22167 (BSDE_job_1_procs) for User 'zuoy' in Account 'hpc_21_01207'
Finished at: Sat Nov 20 19:37:47 GMT 2021

Job efficiency estimates:
=========================

Job ID: 22167
Cluster: kelvin
User/Group: zuoy/zuoy
State: COMPLETED (exit code 0)
Nodes: 1
Cores per node: 12
CPU Utilized: 02:03:49
CPU Efficiency: 8.33% of 1-00:46:12 core-walltime
Job Wall-clock time: 02:03:51
Memory Utilized: 23.23 MB
Memory Efficiency: 0.10% of 22.46 GB

Job completion status:
======================

       JobID    JobName AllocCPUS NTasks NNodes     MaxRSS    MaxRSSNode  MaxDiskRead MaxDiskWrite    Elapsed      State ExitCode 
------------ ---------- --------- ------ ------ ---------- ------------- ------------ ------------ ---------- ---------- -------- 
22167        BSDE_job_+        12             1                                                      02:03:51  COMPLETED      0:0 
22167.batch       batch        12      1      1     23784K   kelvin-n086        0.85M        0.01M   02:03:51  COMPLETED      0:0 


Job details:
============

JobId=22167 JobName=BSDE_job_1_procs
   UserId=zuoy(1582) GroupId=zuoy(1252) MCS_label=N/A
   Priority=11158665 Nice=0 Account=hpc_21_01207 QOS=normal
   JobState=COMPLETING Reason=None Dependency=(null)
   Requeue=0 Restarts=0 BatchFlag=1 Reboot=0 ExitCode=0:0
   DerivedExitCode=0:0
   RunTime=02:03:51 TimeLimit=2-23:00:00 TimeMin=N/A
   SubmitTime=2021-11-20T13:44:56 EligibleTime=2021-11-20T13:44:56
   AccrueTime=2021-11-20T13:44:56
   StartTime=2021-11-20T17:33:56 EndTime=2021-11-20T19:37:47 Deadline=N/A
   SuspendTime=None SecsPreSuspend=0 LastSchedEval=2021-11-20T17:33:56
   Partition=compute AllocNode:Sid=kelvin01:20266
   ReqNodeList=(null) ExcNodeList=(null)
   NodeList=
   BatchHost=kelvin-n086
   NumNodes=1 NumCPUs=12 NumTasks=1 CPUs/Task=1 ReqB:S:C:T=0:0:*:*
   TRES=cpu=12,mem=23000M,node=1,billing=12
   Socks/Node=* NtasksPerN:B:S:C=0:0:*:* CoreSpec=*
   JOB_GRES=(null)
     Nodes=kelvin-n086 CPU_IDs=0-11 Mem=23000 GRES=
   MinCPUsNode=1 MinMemoryNode=23000M MinTmpDiskNode=0
   Features=(null) DelayBoot=00:00:00
   OverSubscribe=NO Contiguous=0 Licenses=(null) Network=(null)
   Command=/home/users/mschpc/2019/zuoy/HPC/NeuralNetwork/sequential/scripts/script_AllenCahn_d200_b64.sh
   WorkDir=/home/users/mschpc/2019/zuoy/HPC/NeuralNetwork/sequential
   StdErr=/home/users/mschpc/2019/zuoy/HPC/NeuralNetwork/sequential/output/slurm-22167.out
   StdIn=/dev/null
   StdOut=/home/users/mschpc/2019/zuoy/HPC/NeuralNetwork/sequential/output/slurm-22167.out
   Power=
   NtasksPerTRES:0


Disk quota details:
===================

Quota Type           Name  Filesystem     Usage in MB     Limit in MB    % Used
-------------------------------------------------------------------------------
USER                 zuoy       /home             117          51,200     0.23%

GROUP              mschpc   /projects             999          51,200     1.95%
GROUP          pi-dgolden   /projects               0          51,200     0.00%


SLURM Bank Statement:
=====================

User           Usage |        Account     Usage | Account Limit Available (CPU hrs)
---------- --------- + -------------- --------- + ------------- ---------
zuoy          14,074 |   HPC_21_01207    14,074 |       100,000    85,926


Acknowledgements:
=================

Note that usage of TCHPC Resources *must* be acknowledged in all publications.

Please see this page for details relevant to this cluster:

http://www.tchpc.tcd.ie/resources/acknowledgementpolicy

################################################################################
