Config data loaded successfully!
Dimension: 100
Total time: 0.2
Number of time intervals: 20
Learning rate: 0.0005
y_init_range: 0.3, 0.5
Number of neurons in each hidden layer of each subnet: 110, 110, 
Epochs: 4000
Batch size: 1
Sample size: 256
Logging frequency: 100
Model name: AllenCahn_serial_


Training:
Epoch:100
In training set, loss: 1.20218, Y0: 0.0544426

Epoch:200
In training set, loss: 1.09105, Y0: 0.0552314

Epoch:300
In training set, loss: 1.00313, Y0: 0.055924

Epoch:400
In training set, loss: 0.932514, Y0: 0.0565071

Epoch:500
In training set, loss: 0.874947, Y0: 0.0569997

Epoch:600
In training set, loss: 0.827341, Y0: 0.0574176

Epoch:700
In training set, loss: 0.787428, Y0: 0.0577729

Epoch:800
In training set, loss: 0.753528, Y0: 0.0580758

Epoch:900
In training set, loss: 0.724382, Y0: 0.0583346

Epoch:1000
In training set, loss: 0.699037, Y0: 0.0585558

Epoch:1100
In training set, loss: 0.676762, Y0: 0.0587449

Epoch:1200
In training set, loss: 0.656991, Y0: 0.0589067

Epoch:1300
In training set, loss: 0.639282, Y0: 0.0590449

Epoch:1400
In training set, loss: 0.623291, Y0: 0.0591629

Epoch:1500
In training set, loss: 0.608737, Y0: 0.0592636

Epoch:1600
In training set, loss: 0.595399, Y0: 0.0593492

Epoch:1700
In training set, loss: 0.583098, Y0: 0.0594217

Epoch:1800
In training set, loss: 0.571687, Y0: 0.0594831

Epoch:1900
In training set, loss: 0.561047, Y0: 0.0595345

Epoch:2000
In training set, loss: 0.551082, Y0: 0.0595772

Epoch:2100
In training set, loss: 0.541706, Y0: 0.0596126

Epoch:2200
In training set, loss: 0.532852, Y0: 0.0596416

Epoch:2300
In training set, loss: 0.524462, Y0: 0.0596646

Epoch:2400
In training set, loss: 0.516483, Y0: 0.0596826

Epoch:2500
In training set, loss: 0.508871, Y0: 0.0596965

Epoch:2600
In training set, loss: 0.50159, Y0: 0.0597065

Epoch:2700
In training set, loss: 0.494609, Y0: 0.059713

Epoch:2800
In training set, loss: 0.4879, Y0: 0.0597165

Epoch:2900
In training set, loss: 0.481443, Y0: 0.0597173

Epoch:3000
In training set, loss: 0.475214, Y0: 0.0597159

Epoch:3100
In training set, loss: 0.469199, Y0: 0.0597124

Epoch:3200
In training set, loss: 0.463378, Y0: 0.0597075

Epoch:3300
In training set, loss: 0.45774, Y0: 0.059701

Epoch:3400
In training set, loss: 0.452271, Y0: 0.0596932

Epoch:3500
In training set, loss: 0.446958, Y0: 0.0596843

Epoch:3600
In training set, loss: 0.44179, Y0: 0.0596745

Epoch:3700
In training set, loss: 0.436757, Y0: 0.0596638

Epoch:3800
In training set, loss: 0.431854, Y0: 0.0596526

Epoch:3900
In training set, loss: 0.427071, Y0: 0.0596409

Epoch:4000
In training set, loss: 0.422402, Y0: 0.0596288



###############################################################################
TCHPC Cluster: kelvin
Job 21645 (BSDE_job_1_procs) for User 'zuoy' in Account 'hpc_21_01207'
Finished at: Fri Nov 19 15:01:07 GMT 2021

Job efficiency estimates:
=========================

Job ID: 21645
Cluster: kelvin
User/Group: zuoy/zuoy
State: COMPLETED (exit code 0)
Nodes: 1
Cores per node: 12
CPU Utilized: 00:43:32
CPU Efficiency: 8.33% of 08:42:36 core-walltime
Job Wall-clock time: 00:43:33
Memory Utilized: 9.96 MB
Memory Efficiency: 0.04% of 22.46 GB

Job completion status:
======================

       JobID    JobName AllocCPUS NTasks NNodes     MaxRSS    MaxRSSNode  MaxDiskRead MaxDiskWrite    Elapsed      State ExitCode 
------------ ---------- --------- ------ ------ ---------- ------------- ------------ ------------ ---------- ---------- -------- 
21645        BSDE_job_+        12             1                                                      00:43:33  COMPLETED      0:0 
21645.batch       batch        12      1      1     10200K   kelvin-n032        0.85M        0.01M   00:43:33  COMPLETED      0:0 


Job details:
============

JobId=21645 JobName=BSDE_job_1_procs
   UserId=zuoy(1582) GroupId=zuoy(1252) MCS_label=N/A
   Priority=11062534 Nice=0 Account=hpc_21_01207 QOS=normal
   JobState=COMPLETING Reason=None Dependency=(null)
   Requeue=0 Restarts=0 BatchFlag=1 Reboot=0 ExitCode=0:0
   DerivedExitCode=0:0
   RunTime=00:43:33 TimeLimit=2-23:00:00 TimeMin=N/A
   SubmitTime=2021-11-19T13:41:44 EligibleTime=2021-11-19T13:41:44
   AccrueTime=2021-11-19T13:41:44
   StartTime=2021-11-19T14:17:34 EndTime=2021-11-19T15:01:07 Deadline=N/A
   SuspendTime=None SecsPreSuspend=0 LastSchedEval=2021-11-19T14:17:34
   Partition=compute AllocNode:Sid=kelvin01:22213
   ReqNodeList=(null) ExcNodeList=(null)
   NodeList=
   BatchHost=kelvin-n032
   NumNodes=1 NumCPUs=12 NumTasks=1 CPUs/Task=1 ReqB:S:C:T=0:0:*:*
   TRES=cpu=12,mem=23000M,node=1,billing=12
   Socks/Node=* NtasksPerN:B:S:C=0:0:*:* CoreSpec=*
   JOB_GRES=(null)
     Nodes=kelvin-n032 CPU_IDs=0-11 Mem=23000 GRES=
   MinCPUsNode=1 MinMemoryNode=23000M MinTmpDiskNode=0
   Features=(null) DelayBoot=00:00:00
   OverSubscribe=NO Contiguous=0 Licenses=(null) Network=(null)
   Command=/home/users/mschpc/2019/zuoy/HPC/NeuralNetwork/sequential/scripts/script_AllenCahn_d300_b1.sh
   WorkDir=/home/users/mschpc/2019/zuoy/HPC/NeuralNetwork/sequential
   StdErr=/home/users/mschpc/2019/zuoy/HPC/NeuralNetwork/sequential/output/slurm-21645.out
   StdIn=/dev/null
   StdOut=/home/users/mschpc/2019/zuoy/HPC/NeuralNetwork/sequential/output/slurm-21645.out
   Power=
   NtasksPerTRES:0


Disk quota details:
===================

Quota Type           Name  Filesystem     Usage in MB     Limit in MB    % Used
-------------------------------------------------------------------------------
USER                 zuoy       /home             109          51,200     0.21%

GROUP              mschpc   /projects             999          51,200     1.95%
GROUP          pi-dgolden   /projects               0          51,200     0.00%


SLURM Bank Statement:
=====================

User           Usage |        Account     Usage | Account Limit Available (CPU hrs)
---------- --------- + -------------- --------- + ------------- ---------
zuoy          10,529 |   HPC_21_01207    10,529 |       100,000    89,471


Acknowledgements:
=================

Note that usage of TCHPC Resources *must* be acknowledged in all publications.

Please see this page for details relevant to this cluster:

http://www.tchpc.tcd.ie/resources/acknowledgementpolicy

################################################################################
