Config data loaded successfully!
Dimension: 200
Total time: 1
Number of time intervals: 20
Learning rate: 0.01
y_init_range: 0, 1
Number of neurons in each hidden layer of each subnet: 110, 110, 
Epochs: 4000
Batch size: 64
Sample size: 256
Logging frequency: 100
Model name: HJBLQ_serial_


Training:
Epoch:100
In training set, loss: 16.5347, Y0: 4.84391

Epoch:200
In training set, loss: 9.91196, Y0: 4.96459

Epoch:300
In training set, loss: 6.86621, Y0: 5.00888

Epoch:400
In training set, loss: 5.16927, Y0: 5.03967

Epoch:500
In training set, loss: 4.13065, Y0: 5.06248

Epoch:600
In training set, loss: 3.4442, Y0: 5.08008

Epoch:700
In training set, loss: 2.96199, Y0: 5.09408

Epoch:800
In training set, loss: 2.60645, Y0: 5.10551

Epoch:900
In training set, loss: 2.33395, Y0: 5.11504

Epoch:1000
In training set, loss: 2.11835, Y0: 5.12312

Epoch:1100
In training set, loss: 1.94328, Y0: 5.13006

Epoch:1200
In training set, loss: 1.79801, Y0: 5.1361

Epoch:1300
In training set, loss: 1.67529, Y0: 5.14141

Epoch:1400
In training set, loss: 1.57002, Y0: 5.14611

Epoch:1500
In training set, loss: 1.47856, Y0: 5.15031

Epoch:1600
In training set, loss: 1.39825, Y0: 5.15408

Epoch:1700
In training set, loss: 1.32706, Y0: 5.15748

Epoch:1800
In training set, loss: 1.26346, Y0: 5.16057

Epoch:1900
In training set, loss: 1.20624, Y0: 5.16339

Epoch:2000
In training set, loss: 1.15446, Y0: 5.16596

Epoch:2100
In training set, loss: 1.10736, Y0: 5.16833

Epoch:2200
In training set, loss: 1.0643, Y0: 5.1705

Epoch:2300
In training set, loss: 1.02477, Y0: 5.17251

Epoch:2400
In training set, loss: 0.98834, Y0: 5.17437

Epoch:2500
In training set, loss: 0.954653, Y0: 5.17609

Epoch:2600
In training set, loss: 0.923402, Y0: 5.17769

Epoch:2700
In training set, loss: 0.894318, Y0: 5.17918

Epoch:2800
In training set, loss: 0.86718, Y0: 5.18057

Epoch:2900
In training set, loss: 0.841792, Y0: 5.18187

Epoch:3000
In training set, loss: 0.817981, Y0: 5.18308

Epoch:3100
In training set, loss: 0.795595, Y0: 5.18422

Epoch:3200
In training set, loss: 0.774508, Y0: 5.18528

Epoch:3300
In training set, loss: 0.754607, Y0: 5.18628

Epoch:3400
In training set, loss: 0.735784, Y0: 5.18723

Epoch:3500
In training set, loss: 0.717947, Y0: 5.18811

Epoch:3600
In training set, loss: 0.701016, Y0: 5.18894

Epoch:3700
In training set, loss: 0.684922, Y0: 5.18973

Epoch:3800
In training set, loss: 0.669594, Y0: 5.19047

Epoch:3900
In training set, loss: 0.654976, Y0: 5.19117

Epoch:4000
In training set, loss: 0.641014, Y0: 5.19184



###############################################################################
TCHPC Cluster: kelvin
Job 21557 (BSDE_job_1_procs) for User 'zuoy' in Account 'hpc_21_01207'
Finished at: Fri Nov 19 05:25:08 GMT 2021

Job efficiency estimates:
=========================

Job ID: 21557
Cluster: kelvin
User/Group: zuoy/zuoy
State: COMPLETED (exit code 0)
Nodes: 1
Cores per node: 12
CPU Utilized: 00:49:38
CPU Efficiency: 8.33% of 09:56:00 core-walltime
Job Wall-clock time: 00:49:40
Memory Utilized: 17.21 MB
Memory Efficiency: 0.07% of 22.46 GB

Job completion status:
======================

       JobID    JobName AllocCPUS NTasks NNodes     MaxRSS    MaxRSSNode  MaxDiskRead MaxDiskWrite    Elapsed      State ExitCode 
------------ ---------- --------- ------ ------ ---------- ------------- ------------ ------------ ---------- ---------- -------- 
21557        BSDE_job_+        12             1                                                      00:49:40  COMPLETED      0:0 
21557.batch       batch        12      1      1     17624K   kelvin-n074        0.85M        0.01M   00:49:40  COMPLETED      0:0 


Job details:
============

JobId=21557 JobName=BSDE_job_1_procs
   UserId=zuoy(1582) GroupId=zuoy(1252) MCS_label=N/A
   Priority=11122042 Nice=0 Account=hpc_21_01207 QOS=normal
   JobState=COMPLETING Reason=None Dependency=(null)
   Requeue=0 Restarts=0 BatchFlag=1 Reboot=0 ExitCode=0:0
   DerivedExitCode=0:0
   RunTime=00:49:40 TimeLimit=2-23:00:00 TimeMin=N/A
   SubmitTime=2021-11-19T01:59:46 EligibleTime=2021-11-19T01:59:46
   AccrueTime=2021-11-19T01:59:46
   StartTime=2021-11-19T04:35:28 EndTime=2021-11-19T05:25:08 Deadline=N/A
   SuspendTime=None SecsPreSuspend=0 LastSchedEval=2021-11-19T04:35:28
   Partition=compute AllocNode:Sid=kelvin01:10771
   ReqNodeList=(null) ExcNodeList=(null)
   NodeList=
   BatchHost=kelvin-n074
   NumNodes=1 NumCPUs=12 NumTasks=1 CPUs/Task=1 ReqB:S:C:T=0:0:*:*
   TRES=cpu=12,mem=23000M,node=1,billing=12
   Socks/Node=* NtasksPerN:B:S:C=0:0:*:* CoreSpec=*
   JOB_GRES=(null)
     Nodes=kelvin-n074 CPU_IDs=0-11 Mem=23000 GRES=
   MinCPUsNode=1 MinMemoryNode=23000M MinTmpDiskNode=0
   Features=(null) DelayBoot=00:00:00
   OverSubscribe=NO Contiguous=0 Licenses=(null) Network=(null)
   Command=/home/users/mschpc/2019/zuoy/HPC/NeuralNetwork/sequential/scripts/script_HJBLQ_d200_b64.sh
   WorkDir=/home/users/mschpc/2019/zuoy/HPC/NeuralNetwork/sequential
   StdErr=/home/users/mschpc/2019/zuoy/HPC/NeuralNetwork/sequential/output/slurm-21557.out
   StdIn=/dev/null
   StdOut=/home/users/mschpc/2019/zuoy/HPC/NeuralNetwork/sequential/output/slurm-21557.out
   Power=
   NtasksPerTRES:0


Disk quota details:
===================

Quota Type           Name  Filesystem     Usage in MB     Limit in MB    % Used
-------------------------------------------------------------------------------
USER                 zuoy       /home             108          51,200     0.21%

GROUP              mschpc   /projects             999          51,200     1.95%
GROUP          pi-dgolden   /projects               0          51,200     0.00%


SLURM Bank Statement:
=====================

User           Usage |        Account     Usage | Account Limit Available (CPU hrs)
---------- --------- + -------------- --------- + ------------- ---------
zuoy          10,099 |   HPC_21_01207    10,099 |       100,000    89,901


Acknowledgements:
=================

Note that usage of TCHPC Resources *must* be acknowledged in all publications.

Please see this page for details relevant to this cluster:

http://www.tchpc.tcd.ie/resources/acknowledgementpolicy

################################################################################
