Config data loaded successfully!
Dimension: 100
Total time: 0.2
Number of time intervals: 20
Learning rate: 0.0005
y_init_range: 0.3, 0.5
Number of neurons in each hidden layer of each subnet: 110, 110, 
Epochs: 4000
Batch size: 16
Sample size: 256
Logging frequency: 100
Model name: AllenCahn_serial_


Training:
Epoch:100
In training set, loss: 2.89108, Y0: 0.201191

Epoch:200
In training set, loss: 1.88493, Y0: 0.146409

Epoch:300
In training set, loss: 1.55578, Y0: 0.115317

Epoch:400
In training set, loss: 1.44226, Y0: 0.0975011

Epoch:500
In training set, loss: 1.39915, Y0: 0.0872455

Epoch:600
In training set, loss: 1.37931, Y0: 0.0813234

Epoch:700
In training set, loss: 1.36727, Y0: 0.0778936

Epoch:800
In training set, loss: 1.35789, Y0: 0.0758993

Epoch:900
In training set, loss: 1.34948, Y0: 0.0747328

Epoch:1000
In training set, loss: 1.34146, Y0: 0.0740436

Epoch:1100
In training set, loss: 1.33366, Y0: 0.0736302

Epoch:1200
In training set, loss: 1.326, Y0: 0.0733756

Epoch:1300
In training set, loss: 1.31846, Y0: 0.0732129

Epoch:1400
In training set, loss: 1.31103, Y0: 0.0731037

Epoch:1500
In training set, loss: 1.30371, Y0: 0.0730249

Epoch:1600
In training set, loss: 1.2965, Y0: 0.072964

Epoch:1700
In training set, loss: 1.2894, Y0: 0.0729139

Epoch:1800
In training set, loss: 1.28239, Y0: 0.0728697

Epoch:1900
In training set, loss: 1.27549, Y0: 0.0728291

Epoch:2000
In training set, loss: 1.26869, Y0: 0.0727907

Epoch:2100
In training set, loss: 1.26198, Y0: 0.0727526

Epoch:2200
In training set, loss: 1.25537, Y0: 0.072716

Epoch:2300
In training set, loss: 1.24886, Y0: 0.0726803

Epoch:2400
In training set, loss: 1.24243, Y0: 0.0726447

Epoch:2500
In training set, loss: 1.2361, Y0: 0.0726094

Epoch:2600
In training set, loss: 1.22985, Y0: 0.0725743

Epoch:2700
In training set, loss: 1.2237, Y0: 0.0725395

Epoch:2800
In training set, loss: 1.21763, Y0: 0.0725051

Epoch:2900
In training set, loss: 1.21164, Y0: 0.0724706

Epoch:3000
In training set, loss: 1.20574, Y0: 0.0724365

Epoch:3100
In training set, loss: 1.19992, Y0: 0.0724023

Epoch:3200
In training set, loss: 1.19418, Y0: 0.0723685

Epoch:3300
In training set, loss: 1.18852, Y0: 0.0723347

Epoch:3400
In training set, loss: 1.18293, Y0: 0.0723013

Epoch:3500
In training set, loss: 1.17742, Y0: 0.0722681

Epoch:3600
In training set, loss: 1.17199, Y0: 0.0722347

Epoch:3700
In training set, loss: 1.16663, Y0: 0.0722014

Epoch:3800
In training set, loss: 1.16134, Y0: 0.0721686

Epoch:3900
In training set, loss: 1.15613, Y0: 0.0721361

Epoch:4000
In training set, loss: 1.15098, Y0: 0.0721039



###############################################################################
TCHPC Cluster: kelvin
Job 21634 (BSDE_job_1_procs) for User 'zuoy' in Account 'hpc_21_01207'
Finished at: Fri Nov 19 14:31:50 GMT 2021

Job efficiency estimates:
=========================

Job ID: 21634
Cluster: kelvin
User/Group: zuoy/zuoy
State: COMPLETED (exit code 0)
Nodes: 1
Cores per node: 12
CPU Utilized: 00:31:45
CPU Efficiency: 8.33% of 06:21:12 core-walltime
Job Wall-clock time: 00:31:46
Memory Utilized: 9.96 MB
Memory Efficiency: 0.04% of 22.46 GB

Job completion status:
======================

       JobID    JobName AllocCPUS NTasks NNodes     MaxRSS    MaxRSSNode  MaxDiskRead MaxDiskWrite    Elapsed      State ExitCode 
------------ ---------- --------- ------ ------ ---------- ------------- ------------ ------------ ---------- ---------- -------- 
21634        BSDE_job_+        12             1                                                      00:31:46  COMPLETED      0:0 
21634.batch       batch        12      1      1     10200K   kelvin-n024        0.85M        0.01M   00:31:46  COMPLETED      0:0 


Job details:
============

JobId=21634 JobName=BSDE_job_1_procs
   UserId=zuoy(1582) GroupId=zuoy(1252) MCS_label=N/A
   Priority=11054110 Nice=0 Account=hpc_21_01207 QOS=normal
   JobState=COMPLETING Reason=None Dependency=(null)
   Requeue=0 Restarts=0 BatchFlag=1 Reboot=0 ExitCode=0:0
   DerivedExitCode=0:0
   RunTime=00:31:46 TimeLimit=2-23:00:00 TimeMin=N/A
   SubmitTime=2021-11-19T13:41:43 EligibleTime=2021-11-19T13:41:43
   AccrueTime=2021-11-19T13:41:43
   StartTime=2021-11-19T14:00:04 EndTime=2021-11-19T14:31:50 Deadline=N/A
   SuspendTime=None SecsPreSuspend=0 LastSchedEval=2021-11-19T14:00:04
   Partition=compute AllocNode:Sid=kelvin01:22213
   ReqNodeList=(null) ExcNodeList=(null)
   NodeList=
   BatchHost=kelvin-n024
   NumNodes=1 NumCPUs=12 NumTasks=1 CPUs/Task=1 ReqB:S:C:T=0:0:*:*
   TRES=cpu=12,mem=23000M,node=1,billing=12
   Socks/Node=* NtasksPerN:B:S:C=0:0:*:* CoreSpec=*
   JOB_GRES=(null)
     Nodes=kelvin-n024 CPU_IDs=0-11 Mem=23000 GRES=
   MinCPUsNode=1 MinMemoryNode=23000M MinTmpDiskNode=0
   Features=(null) DelayBoot=00:00:00
   OverSubscribe=NO Contiguous=0 Licenses=(null) Network=(null)
   Command=/home/users/mschpc/2019/zuoy/HPC/NeuralNetwork/sequential/scripts/script_AllenCahn_d300_b64.sh
   WorkDir=/home/users/mschpc/2019/zuoy/HPC/NeuralNetwork/sequential
   StdErr=/home/users/mschpc/2019/zuoy/HPC/NeuralNetwork/sequential/output/slurm-21634.out
   StdIn=/dev/null
   StdOut=/home/users/mschpc/2019/zuoy/HPC/NeuralNetwork/sequential/output/slurm-21634.out
   Power=
   NtasksPerTRES:0


Disk quota details:
===================

Quota Type           Name  Filesystem     Usage in MB     Limit in MB    % Used
-------------------------------------------------------------------------------
USER                 zuoy       /home             109          51,200     0.21%

GROUP              mschpc   /projects             999          51,200     1.95%
GROUP          pi-dgolden   /projects               0          51,200     0.00%


SLURM Bank Statement:
=====================

User           Usage |        Account     Usage | Account Limit Available (CPU hrs)
---------- --------- + -------------- --------- + ------------- ---------
zuoy          10,458 |   HPC_21_01207    10,458 |       100,000    89,542


Acknowledgements:
=================

Note that usage of TCHPC Resources *must* be acknowledged in all publications.

Please see this page for details relevant to this cluster:

http://www.tchpc.tcd.ie/resources/acknowledgementpolicy

################################################################################
