Config data loaded successfully!
Dimension: 100
Total time: 0.2
Number of time intervals: 20
Learning rate: 0.0005
y_init_range: 0.3, 0.5
Number of neurons in each hidden layer of each subnet: 110, 110, 
Epochs: 4000
Batch size: 1
Sample size: 256
Logging frequency: 100
Model name: AllenCahn_serial_


Training:
Epoch:100
In training set, loss: 1.32052, Y0: 0.0741737

Epoch:200
In training set, loss: 1.20316, Y0: 0.0745092

Epoch:300
In training set, loss: 1.10986, Y0: 0.0748395

Epoch:400
In training set, loss: 1.03453, Y0: 0.0751374

Epoch:500
In training set, loss: 0.972802, Y0: 0.0754081

Epoch:600
In training set, loss: 0.921472, Y0: 0.0756549

Epoch:700
In training set, loss: 0.878196, Y0: 0.0758815

Epoch:800
In training set, loss: 0.841221, Y0: 0.0760898

Epoch:900
In training set, loss: 0.809236, Y0: 0.0762825

Epoch:1000
In training set, loss: 0.781247, Y0: 0.0764608

Epoch:1100
In training set, loss: 0.756498, Y0: 0.0766266

Epoch:1200
In training set, loss: 0.734397, Y0: 0.0767808

Epoch:1300
In training set, loss: 0.714488, Y0: 0.0769245

Epoch:1400
In training set, loss: 0.696414, Y0: 0.0770588

Epoch:1500
In training set, loss: 0.679889, Y0: 0.0771837

Epoch:1600
In training set, loss: 0.664686, Y0: 0.0773006

Epoch:1700
In training set, loss: 0.650619, Y0: 0.0774099

Epoch:1800
In training set, loss: 0.637535, Y0: 0.0775121

Epoch:1900
In training set, loss: 0.625306, Y0: 0.0776078

Epoch:2000
In training set, loss: 0.613828, Y0: 0.077697

Epoch:2100
In training set, loss: 0.603015, Y0: 0.0777806

Epoch:2200
In training set, loss: 0.592791, Y0: 0.0778588

Epoch:2300
In training set, loss: 0.583093, Y0: 0.0779319

Epoch:2400
In training set, loss: 0.573871, Y0: 0.0780001

Epoch:2500
In training set, loss: 0.565076, Y0: 0.0780641

Epoch:2600
In training set, loss: 0.556669, Y0: 0.0781238

Epoch:2700
In training set, loss: 0.548614, Y0: 0.0781801

Epoch:2800
In training set, loss: 0.540881, Y0: 0.0782327

Epoch:2900
In training set, loss: 0.533441, Y0: 0.0782822

Epoch:3000
In training set, loss: 0.526272, Y0: 0.0783285

Epoch:3100
In training set, loss: 0.519352, Y0: 0.078372

Epoch:3200
In training set, loss: 0.512664, Y0: 0.0784126

Epoch:3300
In training set, loss: 0.506188, Y0: 0.0784503

Epoch:3400
In training set, loss: 0.499909, Y0: 0.078486

Epoch:3500
In training set, loss: 0.493815, Y0: 0.0785188

Epoch:3600
In training set, loss: 0.487893, Y0: 0.0785495

Epoch:3700
In training set, loss: 0.482132, Y0: 0.0785784

Epoch:3800
In training set, loss: 0.476521, Y0: 0.0786053

Epoch:3900
In training set, loss: 0.471052, Y0: 0.0786305

Epoch:4000
In training set, loss: 0.465716, Y0: 0.0786536



###############################################################################
TCHPC Cluster: kelvin
Job 21572 (BSDE_job_1_procs) for User 'zuoy' in Account 'hpc_21_01207'
Finished at: Fri Nov 19 06:12:59 GMT 2021

Job efficiency estimates:
=========================

Job ID: 21572
Cluster: kelvin
User/Group: zuoy/zuoy
State: COMPLETED (exit code 0)
Nodes: 1
Cores per node: 12
CPU Utilized: 00:43:46
CPU Efficiency: 8.33% of 08:45:36 core-walltime
Job Wall-clock time: 00:43:48
Memory Utilized: 9.97 MB
Memory Efficiency: 0.04% of 22.46 GB

Job completion status:
======================

       JobID    JobName AllocCPUS NTasks NNodes     MaxRSS    MaxRSSNode  MaxDiskRead MaxDiskWrite    Elapsed      State ExitCode 
------------ ---------- --------- ------ ------ ---------- ------------- ------------ ------------ ---------- ---------- -------- 
21572        BSDE_job_+        12             1                                                      00:43:48  COMPLETED      0:0 
21572.batch       batch        12      1      1     10208K   kelvin-n074        0.85M        0.01M   00:43:48  COMPLETED      0:0 


Job details:
============

JobId=21572 JobName=BSDE_job_1_procs
   UserId=zuoy(1582) GroupId=zuoy(1252) MCS_label=N/A
   Priority=11147207 Nice=0 Account=hpc_21_01207 QOS=normal
   JobState=COMPLETING Reason=None Dependency=(null)
   Requeue=0 Restarts=0 BatchFlag=1 Reboot=0 ExitCode=0:0
   DerivedExitCode=0:0
   RunTime=00:43:48 TimeLimit=2-23:00:00 TimeMin=N/A
   SubmitTime=2021-11-19T02:03:02 EligibleTime=2021-11-19T02:03:02
   AccrueTime=2021-11-19T02:03:02
   StartTime=2021-11-19T05:29:11 EndTime=2021-11-19T06:12:59 Deadline=N/A
   SuspendTime=None SecsPreSuspend=0 LastSchedEval=2021-11-19T05:29:11
   Partition=compute AllocNode:Sid=kelvin01:10771
   ReqNodeList=(null) ExcNodeList=(null)
   NodeList=
   BatchHost=kelvin-n074
   NumNodes=1 NumCPUs=12 NumTasks=1 CPUs/Task=1 ReqB:S:C:T=0:0:*:*
   TRES=cpu=12,mem=23000M,node=1,billing=12
   Socks/Node=* NtasksPerN:B:S:C=0:0:*:* CoreSpec=*
   JOB_GRES=(null)
     Nodes=kelvin-n074 CPU_IDs=0-11 Mem=23000 GRES=
   MinCPUsNode=1 MinMemoryNode=23000M MinTmpDiskNode=0
   Features=(null) DelayBoot=00:00:00
   OverSubscribe=NO Contiguous=0 Licenses=(null) Network=(null)
   Command=/home/users/mschpc/2019/zuoy/HPC/NeuralNetwork/sequential/scripts/script_AllenCahn_d300_b1.sh
   WorkDir=/home/users/mschpc/2019/zuoy/HPC/NeuralNetwork/sequential
   StdErr=/home/users/mschpc/2019/zuoy/HPC/NeuralNetwork/sequential/output/slurm-21572.out
   StdIn=/dev/null
   StdOut=/home/users/mschpc/2019/zuoy/HPC/NeuralNetwork/sequential/output/slurm-21572.out
   Power=
   NtasksPerTRES:0


Disk quota details:
===================

Quota Type           Name  Filesystem     Usage in MB     Limit in MB    % Used
-------------------------------------------------------------------------------
USER                 zuoy       /home             105          51,200     0.21%

GROUP              mschpc   /projects             999          51,200     1.95%
GROUP          pi-dgolden   /projects               0          51,200     0.00%


SLURM Bank Statement:
=====================

User           Usage |        Account     Usage | Account Limit Available (CPU hrs)
---------- --------- + -------------- --------- + ------------- ---------
zuoy          10,197 |   HPC_21_01207    10,197 |       100,000    89,803


Acknowledgements:
=================

Note that usage of TCHPC Resources *must* be acknowledged in all publications.

Please see this page for details relevant to this cluster:

http://www.tchpc.tcd.ie/resources/acknowledgementpolicy

################################################################################
