Config data loaded successfully!
Dimension: 100
Total time: 0.3
Number of time intervals: 20
Learning rate: 0.0005
y_init_range: 0.3, 0.5
Number of neurons in each hidden layer of each subnet: 110, 110, 
Epochs: 5000
Batch size: 1
Sample size: 512
Logging frequency: 100
Model name: AllenCahn_serial_


Training:
Epoch:100
In training set, loss: 2.95883, Y0: 0.0590039

Epoch:200
In training set, loss: 2.66153, Y0: 0.0568521

Epoch:300
In training set, loss: 2.46629, Y0: 0.0550983

Epoch:400
In training set, loss: 2.33093, Y0: 0.0536722

Epoch:500
In training set, loss: 2.23186, Y0: 0.0525135

Epoch:600
In training set, loss: 2.15552, Y0: 0.0515708

Epoch:700
In training set, loss: 2.09384, Y0: 0.050802

Epoch:800
In training set, loss: 2.04191, Y0: 0.0501741

Epoch:900
In training set, loss: 1.99665, Y0: 0.0496599

Epoch:1000
In training set, loss: 1.95607, Y0: 0.0492381

Epoch:1100
In training set, loss: 1.9189, Y0: 0.0488918

Epoch:1200
In training set, loss: 1.88428, Y0: 0.0486067

Epoch:1300
In training set, loss: 1.85161, Y0: 0.048372

Epoch:1400
In training set, loss: 1.82048, Y0: 0.0481787

Epoch:1500
In training set, loss: 1.7906, Y0: 0.0480193

Epoch:1600
In training set, loss: 1.76176, Y0: 0.0478877

Epoch:1700
In training set, loss: 1.73381, Y0: 0.0477794

Epoch:1800
In training set, loss: 1.70664, Y0: 0.0476901

Epoch:1900
In training set, loss: 1.68017, Y0: 0.0476165

Epoch:2000
In training set, loss: 1.65433, Y0: 0.0475564

Epoch:2100
In training set, loss: 1.62907, Y0: 0.0475076

Epoch:2200
In training set, loss: 1.60436, Y0: 0.0474678

Epoch:2300
In training set, loss: 1.58015, Y0: 0.047436

Epoch:2400
In training set, loss: 1.55642, Y0: 0.0474109

Epoch:2500
In training set, loss: 1.53315, Y0: 0.0473914

Epoch:2600
In training set, loss: 1.51032, Y0: 0.0473765

Epoch:2700
In training set, loss: 1.48791, Y0: 0.0473655

Epoch:2800
In training set, loss: 1.46591, Y0: 0.047358

Epoch:2900
In training set, loss: 1.44431, Y0: 0.0473536

Epoch:3000
In training set, loss: 1.42309, Y0: 0.0473515

Epoch:3100
In training set, loss: 1.40226, Y0: 0.0473516

Epoch:3200
In training set, loss: 1.38178, Y0: 0.0473535

Epoch:3300
In training set, loss: 1.36167, Y0: 0.0473566

Epoch:3400
In training set, loss: 1.3419, Y0: 0.0473613

Epoch:3500
In training set, loss: 1.32246, Y0: 0.0473664

Epoch:3600
In training set, loss: 1.30335, Y0: 0.0473724

Epoch:3700
In training set, loss: 1.28458, Y0: 0.0473794

Epoch:3800
In training set, loss: 1.26611, Y0: 0.0473871

Epoch:3900
In training set, loss: 1.24797, Y0: 0.0473952

Epoch:4000
In training set, loss: 1.23012, Y0: 0.0474038

Epoch:4100
In training set, loss: 1.21257, Y0: 0.047413

Epoch:4200
In training set, loss: 1.19531, Y0: 0.0474226

Epoch:4300
In training set, loss: 1.17834, Y0: 0.0474323

Epoch:4400
In training set, loss: 1.16166, Y0: 0.0474423

Epoch:4500
In training set, loss: 1.14525, Y0: 0.0474524

Epoch:4600
In training set, loss: 1.12912, Y0: 0.0474626

Epoch:4700
In training set, loss: 1.11325, Y0: 0.0474731

Epoch:4800
In training set, loss: 1.09765, Y0: 0.0474836

Epoch:4900
In training set, loss: 1.0823, Y0: 0.0474939

Epoch:5000
In training set, loss: 1.06721, Y0: 0.0475047



###############################################################################
TCHPC Cluster: kelvin
Job 21760 (BSDE_job_1_procs) for User 'zuoy' in Account 'hpc_21_01207'
Finished at: Sat Nov 20 01:49:16 GMT 2021

Job efficiency estimates:
=========================

Job ID: 21760
Cluster: kelvin
User/Group: zuoy/zuoy
State: COMPLETED (exit code 0)
Nodes: 1
Cores per node: 12
CPU Utilized: 01:49:10
CPU Efficiency: 8.33% of 21:50:00 core-walltime
Job Wall-clock time: 01:49:10
Memory Utilized: 14.38 MB
Memory Efficiency: 0.06% of 22.46 GB

Job completion status:
======================

       JobID    JobName AllocCPUS NTasks NNodes     MaxRSS    MaxRSSNode  MaxDiskRead MaxDiskWrite    Elapsed      State ExitCode 
------------ ---------- --------- ------ ------ ---------- ------------- ------------ ------------ ---------- ---------- -------- 
21760        BSDE_job_+        12             1                                                      01:49:10  COMPLETED      0:0 
21760.batch       batch        12      1      1     14724K   kelvin-n055        0.85M        0.01M   01:49:10  COMPLETED      0:0 


Job details:
============

JobId=21760 JobName=BSDE_job_1_procs
   UserId=zuoy(1582) GroupId=zuoy(1252) MCS_label=N/A
   Priority=11084013 Nice=0 Account=hpc_21_01207 QOS=normal
   JobState=COMPLETING Reason=None Dependency=(null)
   Requeue=0 Restarts=0 BatchFlag=1 Reboot=0 ExitCode=0:0
   DerivedExitCode=0:0
   RunTime=01:49:10 TimeLimit=2-23:00:00 TimeMin=N/A
   SubmitTime=2021-11-19T22:41:26 EligibleTime=2021-11-19T22:41:26
   AccrueTime=2021-11-19T22:41:26
   StartTime=2021-11-20T00:00:06 EndTime=2021-11-20T01:49:16 Deadline=N/A
   SuspendTime=None SecsPreSuspend=0 LastSchedEval=2021-11-20T00:00:06
   Partition=compute AllocNode:Sid=kelvin01:22213
   ReqNodeList=(null) ExcNodeList=(null)
   NodeList=
   BatchHost=kelvin-n055
   NumNodes=1 NumCPUs=12 NumTasks=1 CPUs/Task=1 ReqB:S:C:T=0:0:*:*
   TRES=cpu=12,mem=23000M,node=1,billing=12
   Socks/Node=* NtasksPerN:B:S:C=0:0:*:* CoreSpec=*
   JOB_GRES=(null)
     Nodes=kelvin-n055 CPU_IDs=0-11 Mem=23000 GRES=
   MinCPUsNode=1 MinMemoryNode=23000M MinTmpDiskNode=0
   Features=(null) DelayBoot=00:00:00
   OverSubscribe=NO Contiguous=0 Licenses=(null) Network=(null)
   Command=/home/users/mschpc/2019/zuoy/HPC/NeuralNetwork/sequential/scripts/script_AllenCahn_d100_b1.sh
   WorkDir=/home/users/mschpc/2019/zuoy/HPC/NeuralNetwork/sequential
   StdErr=/home/users/mschpc/2019/zuoy/HPC/NeuralNetwork/sequential/output/slurm-21760.out
   StdIn=/dev/null
   StdOut=/home/users/mschpc/2019/zuoy/HPC/NeuralNetwork/sequential/output/slurm-21760.out
   Power=
   NtasksPerTRES:0


Disk quota details:
===================

Quota Type           Name  Filesystem     Usage in MB     Limit in MB    % Used
-------------------------------------------------------------------------------
USER                 zuoy       /home             112          51,200     0.22%

GROUP              mschpc   /projects             999          51,200     1.95%
GROUP          pi-dgolden   /projects               0          51,200     0.00%


SLURM Bank Statement:
=====================

User           Usage |        Account     Usage | Account Limit Available (CPU hrs)
---------- --------- + -------------- --------- + ------------- ---------
zuoy          11,508 |   HPC_21_01207    11,508 |       100,000    88,492


Acknowledgements:
=================

Note that usage of TCHPC Resources *must* be acknowledged in all publications.

Please see this page for details relevant to this cluster:

http://www.tchpc.tcd.ie/resources/acknowledgementpolicy

################################################################################
