Config data loaded successfully!
Dimension: 100
Total time: 0.3
Number of time intervals: 20
Learning rate: 0.0005
y_init_range: 0.3, 0.5
Number of neurons in each hidden layer of each subnet: 110, 110, 
Epochs: 4000
Batch size: 32
Sample size: 32
Logging frequency: 100
Model name: AllenCahn_serial_


Training:
Epoch:100
In training set, loss: 1.08059, Y0: 0.290801

Epoch:200
In training set, loss: 1.02659, Y0: 0.281951

Epoch:300
In training set, loss: 0.976512, Y0: 0.273432

Epoch:400
In training set, loss: 0.930014, Y0: 0.265228

Epoch:500
In training set, loss: 0.886793, Y0: 0.257323

Epoch:600
In training set, loss: 0.846577, Y0: 0.249702

Epoch:700
In training set, loss: 0.809122, Y0: 0.242352

Epoch:800
In training set, loss: 0.774209, Y0: 0.235261

Epoch:900
In training set, loss: 0.741638, Y0: 0.228418

Epoch:1000
In training set, loss: 0.711228, Y0: 0.22181

Epoch:1100
In training set, loss: 0.682815, Y0: 0.215428

Epoch:1200
In training set, loss: 0.65625, Y0: 0.209262

Epoch:1300
In training set, loss: 0.631395, Y0: 0.203304

Epoch:1400
In training set, loss: 0.608126, Y0: 0.197545

Epoch:1500
In training set, loss: 0.586329, Y0: 0.191976

Epoch:1600
In training set, loss: 0.565899, Y0: 0.186591

Epoch:1700
In training set, loss: 0.54674, Y0: 0.181382

Epoch:1800
In training set, loss: 0.528763, Y0: 0.176342

Epoch:1900
In training set, loss: 0.511887, Y0: 0.171466

Epoch:2000
In training set, loss: 0.496035, Y0: 0.166746

Epoch:2100
In training set, loss: 0.481141, Y0: 0.162177

Epoch:2200
In training set, loss: 0.467138, Y0: 0.157754

Epoch:2300
In training set, loss: 0.453967, Y0: 0.153471

Epoch:2400
In training set, loss: 0.441574, Y0: 0.149324

Epoch:2500
In training set, loss: 0.429906, Y0: 0.145307

Epoch:2600
In training set, loss: 0.418918, Y0: 0.141416

Epoch:2700
In training set, loss: 0.408565, Y0: 0.137646

Epoch:2800
In training set, loss: 0.398805, Y0: 0.133994

Epoch:2900
In training set, loss: 0.389602, Y0: 0.130456

Epoch:3000
In training set, loss: 0.380919, Y0: 0.127026

Epoch:3100
In training set, loss: 0.372724, Y0: 0.123703

Epoch:3200
In training set, loss: 0.364986, Y0: 0.120482

Epoch:3300
In training set, loss: 0.357677, Y0: 0.11736

Epoch:3400
In training set, loss: 0.350769, Y0: 0.114333

Epoch:3500
In training set, loss: 0.344238, Y0: 0.111399

Epoch:3600
In training set, loss: 0.33806, Y0: 0.108555

Epoch:3700
In training set, loss: 0.332214, Y0: 0.105797

Epoch:3800
In training set, loss: 0.326679, Y0: 0.103122

Epoch:3900
In training set, loss: 0.321436, Y0: 0.100529

Epoch:4000
In training set, loss: 0.316469, Y0: 0.0980148



###############################################################################
TCHPC Cluster: kelvin
Job 21640 (BSDE_job_1_procs) for User 'zuoy' in Account 'hpc_21_01207'
Finished at: Fri Nov 19 14:16:08 GMT 2021

Job efficiency estimates:
=========================

Job ID: 21640
Cluster: kelvin
User/Group: zuoy/zuoy
State: COMPLETED (exit code 0)
Nodes: 1
Cores per node: 12
CPU Utilized: 00:03:56
CPU Efficiency: 8.30% of 00:47:24 core-walltime
Job Wall-clock time: 00:03:57
Memory Utilized: 6.09 MB
Memory Efficiency: 0.03% of 22.46 GB

Job completion status:
======================

       JobID    JobName AllocCPUS NTasks NNodes     MaxRSS    MaxRSSNode  MaxDiskRead MaxDiskWrite    Elapsed      State ExitCode 
------------ ---------- --------- ------ ------ ---------- ------------- ------------ ------------ ---------- ---------- -------- 
21640        BSDE_job_+        12             1                                                      00:03:57  COMPLETED      0:0 
21640.batch       batch        12      1      1      6236K   kelvin-n071        0.85M        0.01M   00:03:57  COMPLETED      0:0 


Job details:
============

JobId=21640 JobName=BSDE_job_1_procs
   UserId=zuoy(1582) GroupId=zuoy(1252) MCS_label=N/A
   Priority=11060054 Nice=0 Account=hpc_21_01207 QOS=normal
   JobState=COMPLETING Reason=None Dependency=(null)
   Requeue=0 Restarts=0 BatchFlag=1 Reboot=0 ExitCode=0:0
   DerivedExitCode=0:0
   RunTime=00:03:57 TimeLimit=2-23:00:00 TimeMin=N/A
   SubmitTime=2021-11-19T13:41:44 EligibleTime=2021-11-19T13:41:44
   AccrueTime=2021-11-19T13:41:44
   StartTime=2021-11-19T14:12:11 EndTime=2021-11-19T14:16:08 Deadline=N/A
   SuspendTime=None SecsPreSuspend=0 LastSchedEval=2021-11-19T14:12:11
   Partition=compute AllocNode:Sid=kelvin01:22213
   ReqNodeList=(null) ExcNodeList=(null)
   NodeList=
   BatchHost=kelvin-n071
   NumNodes=1 NumCPUs=12 NumTasks=1 CPUs/Task=1 ReqB:S:C:T=0:0:*:*
   TRES=cpu=12,mem=23000M,node=1,billing=12
   Socks/Node=* NtasksPerN:B:S:C=0:0:*:* CoreSpec=*
   JOB_GRES=(null)
     Nodes=kelvin-n071 CPU_IDs=0-11 Mem=23000 GRES=
   MinCPUsNode=1 MinMemoryNode=23000M MinTmpDiskNode=0
   Features=(null) DelayBoot=00:00:00
   OverSubscribe=NO Contiguous=0 Licenses=(null) Network=(null)
   Command=/home/users/mschpc/2019/zuoy/HPC/NeuralNetwork/sequential/scripts/script_AllenCahn_d100_b256.sh
   WorkDir=/home/users/mschpc/2019/zuoy/HPC/NeuralNetwork/sequential
   StdErr=/home/users/mschpc/2019/zuoy/HPC/NeuralNetwork/sequential/output/slurm-21640.out
   StdIn=/dev/null
   StdOut=/home/users/mschpc/2019/zuoy/HPC/NeuralNetwork/sequential/output/slurm-21640.out
   Power=
   NtasksPerTRES:0


Disk quota details:
===================

Quota Type           Name  Filesystem     Usage in MB     Limit in MB    % Used
-------------------------------------------------------------------------------
USER                 zuoy       /home             109          51,200     0.21%

GROUP              mschpc   /projects             999          51,200     1.95%
GROUP          pi-dgolden   /projects               0          51,200     0.00%


SLURM Bank Statement:
=====================

User           Usage |        Account     Usage | Account Limit Available (CPU hrs)
---------- --------- + -------------- --------- + ------------- ---------
zuoy          10,420 |   HPC_21_01207    10,420 |       100,000    89,580


Acknowledgements:
=================

Note that usage of TCHPC Resources *must* be acknowledged in all publications.

Please see this page for details relevant to this cluster:

http://www.tchpc.tcd.ie/resources/acknowledgementpolicy

################################################################################
