Config data loaded successfully!
Dimension: 100
Total time: 1
Number of time intervals: 20
Learning rate: 0.01
y_init_range: 0, 1
Number of neurons in each hidden layer of each subnet: 110, 110, 
Epochs: 4000
Batch size: 64
Sample size: 256
Logging frequency: 100
Model name: HJBLQ_serial_


Training:
Epoch:100
In training set, loss: 14.3009, Y0: 4.30543

Epoch:200
In training set, loss: 10.6665, Y0: 4.39852

Epoch:300
In training set, loss: 8.87556, Y0: 4.42077

Epoch:400
In training set, loss: 7.74069, Y0: 4.4357

Epoch:500
In training set, loss: 6.97121, Y0: 4.44645

Epoch:600
In training set, loss: 6.41718, Y0: 4.45442

Epoch:700
In training set, loss: 5.99732, Y0: 4.46045

Epoch:800
In training set, loss: 5.66525, Y0: 4.46509

Epoch:900
In training set, loss: 5.39319, Y0: 4.46872

Epoch:1000
In training set, loss: 5.16376, Y0: 4.4716

Epoch:1100
In training set, loss: 4.96563, Y0: 4.47391

Epoch:1200
In training set, loss: 4.79114, Y0: 4.47578

Epoch:1300
In training set, loss: 4.63495, Y0: 4.4773

Epoch:1400
In training set, loss: 4.49324, Y0: 4.47855

Epoch:1500
In training set, loss: 4.36322, Y0: 4.47958

Epoch:1600
In training set, loss: 4.24279, Y0: 4.48044

Epoch:1700
In training set, loss: 4.13035, Y0: 4.48116

Epoch:1800
In training set, loss: 4.02468, Y0: 4.48176

Epoch:1900
In training set, loss: 3.9248, Y0: 4.48227

Epoch:2000
In training set, loss: 3.82994, Y0: 4.48269

Epoch:2100
In training set, loss: 3.7395, Y0: 4.48305

Epoch:2200
In training set, loss: 3.65295, Y0: 4.48336

Epoch:2300
In training set, loss: 3.5699, Y0: 4.48363

Epoch:2400
In training set, loss: 3.48999, Y0: 4.48385

Epoch:2500
In training set, loss: 3.41293, Y0: 4.48404

Epoch:2600
In training set, loss: 3.33849, Y0: 4.4842

Epoch:2700
In training set, loss: 3.26646, Y0: 4.48434

Epoch:2800
In training set, loss: 3.19666, Y0: 4.48447

Epoch:2900
In training set, loss: 3.12893, Y0: 4.48456

Epoch:3000
In training set, loss: 3.06315, Y0: 4.48466

Epoch:3100
In training set, loss: 2.99919, Y0: 4.48473

Epoch:3200
In training set, loss: 2.93695, Y0: 4.48481

Epoch:3300
In training set, loss: 2.87635, Y0: 4.48486

Epoch:3400
In training set, loss: 2.81731, Y0: 4.48491

Epoch:3500
In training set, loss: 2.75973, Y0: 4.48495

Epoch:3600
In training set, loss: 2.70358, Y0: 4.48499

Epoch:3700
In training set, loss: 2.64879, Y0: 4.48504

Epoch:3800
In training set, loss: 2.59529, Y0: 4.48506

Epoch:3900
In training set, loss: 2.54304, Y0: 4.48508

Epoch:4000
In training set, loss: 2.492, Y0: 4.48511



###############################################################################
TCHPC Cluster: kelvin
Job 21662 (BSDE_job_1_procs) for User 'zuoy' in Account 'hpc_21_01207'
Finished at: Fri Nov 19 15:23:11 GMT 2021

Job efficiency estimates:
=========================

Job ID: 21662
Cluster: kelvin
User/Group: zuoy/zuoy
State: COMPLETED (exit code 0)
Nodes: 1
Cores per node: 12
CPU Utilized: 00:31:06
CPU Efficiency: 8.33% of 06:13:24 core-walltime
Job Wall-clock time: 00:31:07
Memory Utilized: 9.96 MB
Memory Efficiency: 0.04% of 22.46 GB

Job completion status:
======================

       JobID    JobName AllocCPUS NTasks NNodes     MaxRSS    MaxRSSNode  MaxDiskRead MaxDiskWrite    Elapsed      State ExitCode 
------------ ---------- --------- ------ ------ ---------- ------------- ------------ ------------ ---------- ---------- -------- 
21662        BSDE_job_+        12             1                                                      00:31:07  COMPLETED      0:0 
21662.batch       batch        12      1      1     10200K   kelvin-n071        0.85M        0.01M   00:31:07  COMPLETED      0:0 


Job details:
============

JobId=21662 JobName=BSDE_job_1_procs
   UserId=zuoy(1582) GroupId=zuoy(1252) MCS_label=N/A
   Priority=11055871 Nice=0 Account=hpc_21_01207 QOS=normal
   JobState=COMPLETING Reason=None Dependency=(null)
   Requeue=0 Restarts=0 BatchFlag=1 Reboot=0 ExitCode=0:0
   DerivedExitCode=0:0
   RunTime=00:31:07 TimeLimit=2-23:00:00 TimeMin=N/A
   SubmitTime=2021-11-19T14:30:10 EligibleTime=2021-11-19T14:30:10
   AccrueTime=2021-11-19T14:30:10
   StartTime=2021-11-19T14:52:04 EndTime=2021-11-19T15:23:11 Deadline=N/A
   SuspendTime=None SecsPreSuspend=0 LastSchedEval=2021-11-19T14:52:04
   Partition=compute AllocNode:Sid=kelvin01:22213
   ReqNodeList=(null) ExcNodeList=(null)
   NodeList=
   BatchHost=kelvin-n071
   NumNodes=1 NumCPUs=12 NumTasks=1 CPUs/Task=1 ReqB:S:C:T=0:0:*:*
   TRES=cpu=12,mem=23000M,node=1,billing=12
   Socks/Node=* NtasksPerN:B:S:C=0:0:*:* CoreSpec=*
   JOB_GRES=(null)
     Nodes=kelvin-n071 CPU_IDs=0-11 Mem=23000 GRES=
   MinCPUsNode=1 MinMemoryNode=23000M MinTmpDiskNode=0
   Features=(null) DelayBoot=00:00:00
   OverSubscribe=NO Contiguous=0 Licenses=(null) Network=(null)
   Command=/home/users/mschpc/2019/zuoy/HPC/NeuralNetwork/sequential/scripts/script_HJBLQ_d100_b64.sh
   WorkDir=/home/users/mschpc/2019/zuoy/HPC/NeuralNetwork/sequential
   StdErr=/home/users/mschpc/2019/zuoy/HPC/NeuralNetwork/sequential/output/slurm-21662.out
   StdIn=/dev/null
   StdOut=/home/users/mschpc/2019/zuoy/HPC/NeuralNetwork/sequential/output/slurm-21662.out
   Power=
   NtasksPerTRES:0


Disk quota details:
===================

Quota Type           Name  Filesystem     Usage in MB     Limit in MB    % Used
-------------------------------------------------------------------------------
USER                 zuoy       /home             109          51,200     0.21%

GROUP              mschpc   /projects             999          51,200     1.95%
GROUP          pi-dgolden   /projects               0          51,200     0.00%


SLURM Bank Statement:
=====================

User           Usage |        Account     Usage | Account Limit Available (CPU hrs)
---------- --------- + -------------- --------- + ------------- ---------
zuoy          10,582 |   HPC_21_01207    10,582 |       100,000    89,418


Acknowledgements:
=================

Note that usage of TCHPC Resources *must* be acknowledged in all publications.

Please see this page for details relevant to this cluster:

http://www.tchpc.tcd.ie/resources/acknowledgementpolicy

################################################################################
