Config data loaded successfully!
Dimension: 200
Total time: 1
Number of time intervals: 20
Learning rate: 0.01
y_init_range: 0, 1
Number of neurons in each hidden layer of each subnet: 110, 110, 
Epochs: 4000
Batch size: 16
Sample size: 16
Logging frequency: 100
Model name: HJBLQ_serial_


Training:
Epoch:100
In training set, loss: 6.98038, Y0: 2.55436

Epoch:200
In training set, loss: 0.487207, Y0: 2.9416

Epoch:300
In training set, loss: 0.123755, Y0: 3.00489

Epoch:400
In training set, loss: 0.0417295, Y0: 3.02028

Epoch:500
In training set, loss: 0.0153228, Y0: 3.02618

Epoch:600
In training set, loss: 0.0059364, Y0: 3.02912

Epoch:700
In training set, loss: 0.00239235, Y0: 3.03073

Epoch:800
In training set, loss: 0.000995363, Y0: 3.03165

Epoch:900
In training set, loss: 0.000426146, Y0: 3.0322

Epoch:1000
In training set, loss: 0.000187404, Y0: 3.03254

Epoch:1100
In training set, loss: 8.45833e-05, Y0: 3.03274

Epoch:1200
In training set, loss: 3.90767e-05, Y0: 3.03287

Epoch:1300
In training set, loss: 1.84095e-05, Y0: 3.03295

Epoch:1400
In training set, loss: 8.81017e-06, Y0: 3.033

Epoch:1500
In training set, loss: 4.27015e-06, Y0: 3.03303

Epoch:1600
In training set, loss: 2.08902e-06, Y0: 3.03305

Epoch:1700
In training set, loss: 1.02989e-06, Y0: 3.03307

Epoch:1800
In training set, loss: 5.10646e-07, Y0: 3.03307

Epoch:1900
In training set, loss: 2.56265e-07, Y0: 3.03307

Epoch:2000
In training set, loss: 1.28533e-07, Y0: 3.03307

Epoch:2100
In training set, loss: 6.48138e-08, Y0: 3.03307

Epoch:2200
In training set, loss: 3.25897e-08, Y0: 3.03307

Epoch:2300
In training set, loss: 1.67164e-08, Y0: 3.03307

Epoch:2400
In training set, loss: 8.60996e-09, Y0: 3.03307

Epoch:2500
In training set, loss: 4.45118e-09, Y0: 3.03307

Epoch:2600
In training set, loss: 2.39288e-09, Y0: 3.03307

Epoch:2700
In training set, loss: 1.37879e-09, Y0: 3.03307

Epoch:2800
In training set, loss: 8.90736e-10, Y0: 3.03307

Epoch:2900
In training set, loss: 6.24482e-10, Y0: 3.03307

Epoch:3000
In training set, loss: 4.69754e-10, Y0: 3.03307

Epoch:3100
In training set, loss: 3.688e-10, Y0: 3.03307

Epoch:3200
In training set, loss: 2.86377e-10, Y0: 3.03307

Epoch:3300
In training set, loss: 2.35104e-10, Y0: 3.03307

Epoch:3400
In training set, loss: 2.02476e-10, Y0: 3.03307

Epoch:3500
In training set, loss: 1.72804e-10, Y0: 3.03307

Epoch:3600
In training set, loss: 1.45747e-10, Y0: 3.03307

Epoch:3700
In training set, loss: 1.25397e-10, Y0: 3.03307

Epoch:3800
In training set, loss: 1.10276e-10, Y0: 3.03307

Epoch:3900
In training set, loss: 9.99307e-11, Y0: 3.03307

Epoch:4000
In training set, loss: 9.19727e-11, Y0: 3.03307



###############################################################################
TCHPC Cluster: kelvin
Job 21680 (BSDE_job_1_procs) for User 'zuoy' in Account 'hpc_21_01207'
Finished at: Fri Nov 19 15:31:49 GMT 2021

Job efficiency estimates:
=========================

Job ID: 21680
Cluster: kelvin
User/Group: zuoy/zuoy
State: COMPLETED (exit code 0)
Nodes: 1
Cores per node: 12
CPU Utilized: 00:03:13
CPU Efficiency: 8.29% of 00:38:48 core-walltime
Job Wall-clock time: 00:03:14
Memory Utilized: 9.32 MB
Memory Efficiency: 0.04% of 22.46 GB

Job completion status:
======================

       JobID    JobName AllocCPUS NTasks NNodes     MaxRSS    MaxRSSNode  MaxDiskRead MaxDiskWrite    Elapsed      State ExitCode 
------------ ---------- --------- ------ ------ ---------- ------------- ------------ ------------ ---------- ---------- -------- 
21680        BSDE_job_+        12             1                                                      00:03:14  COMPLETED      0:0 
21680.batch       batch        12      1      1      9540K   kelvin-n064        0.85M        0.01M   00:03:14  COMPLETED      0:0 


Job details:
============

JobId=21680 JobName=BSDE_job_1_procs
   UserId=zuoy(1582) GroupId=zuoy(1252) MCS_label=N/A
   Priority=11073720 Nice=0 Account=hpc_21_01207 QOS=normal
   JobState=COMPLETING Reason=None Dependency=(null)
   Requeue=0 Restarts=0 BatchFlag=1 Reboot=0 ExitCode=0:0
   DerivedExitCode=0:0
   RunTime=00:03:14 TimeLimit=2-23:00:00 TimeMin=N/A
   SubmitTime=2021-11-19T14:30:11 EligibleTime=2021-11-19T14:30:11
   AccrueTime=2021-11-19T14:30:11
   StartTime=2021-11-19T15:28:35 EndTime=2021-11-19T15:31:49 Deadline=N/A
   SuspendTime=None SecsPreSuspend=0 LastSchedEval=2021-11-19T15:28:35
   Partition=compute AllocNode:Sid=kelvin01:22213
   ReqNodeList=(null) ExcNodeList=(null)
   NodeList=
   BatchHost=kelvin-n064
   NumNodes=1 NumCPUs=12 NumTasks=1 CPUs/Task=1 ReqB:S:C:T=0:0:*:*
   TRES=cpu=12,mem=23000M,node=1,billing=12
   Socks/Node=* NtasksPerN:B:S:C=0:0:*:* CoreSpec=*
   JOB_GRES=(null)
     Nodes=kelvin-n064 CPU_IDs=0-11 Mem=23000 GRES=
   MinCPUsNode=1 MinMemoryNode=23000M MinTmpDiskNode=0
   Features=(null) DelayBoot=00:00:00
   OverSubscribe=NO Contiguous=0 Licenses=(null) Network=(null)
   Command=/home/users/mschpc/2019/zuoy/HPC/NeuralNetwork/sequential/scripts/script_HJBLQ_d200_b256.sh
   WorkDir=/home/users/mschpc/2019/zuoy/HPC/NeuralNetwork/sequential
   StdErr=/home/users/mschpc/2019/zuoy/HPC/NeuralNetwork/sequential/output/slurm-21680.out
   StdIn=/dev/null
   StdOut=/home/users/mschpc/2019/zuoy/HPC/NeuralNetwork/sequential/output/slurm-21680.out
   Power=
   NtasksPerTRES:0


Disk quota details:
===================

Quota Type           Name  Filesystem     Usage in MB     Limit in MB    % Used
-------------------------------------------------------------------------------
USER                 zuoy       /home             109          51,200     0.21%

GROUP              mschpc   /projects             999          51,200     1.95%
GROUP          pi-dgolden   /projects               0          51,200     0.00%


SLURM Bank Statement:
=====================

User           Usage |        Account     Usage | Account Limit Available (CPU hrs)
---------- --------- + -------------- --------- + ------------- ---------
zuoy          10,603 |   HPC_21_01207    10,603 |       100,000    89,397


Acknowledgements:
=================

Note that usage of TCHPC Resources *must* be acknowledged in all publications.

Please see this page for details relevant to this cluster:

http://www.tchpc.tcd.ie/resources/acknowledgementpolicy

################################################################################
