Config data loaded successfully!
Dimension: 300
Total time: 0.3
Number of time intervals: 20
Learning rate: 0.0005
y_init_range: 0.3, 0.5
Number of neurons in each hidden layer of each subnet: 110, 110, 
Epochs: 4000
Batch size: 1
Sample size: 256
Logging frequency: 100
Model name: AllenCahn_serial_


Training:
Epoch:100
In training set, loss: 0.938106, Y0: 0.0173227

Epoch:200
In training set, loss: 0.657342, Y0: 0.0191087

Epoch:300
In training set, loss: 0.486262, Y0: 0.020493

Epoch:400
In training set, loss: 0.376821, Y0: 0.0214936

Epoch:500
In training set, loss: 0.3037, Y0: 0.0222236

Epoch:600
In training set, loss: 0.252876, Y0: 0.0227585

Epoch:700
In training set, loss: 0.216252, Y0: 0.0231508

Epoch:800
In training set, loss: 0.188983, Y0: 0.0234374

Epoch:900
In training set, loss: 0.168071, Y0: 0.0236446

Epoch:1000
In training set, loss: 0.151606, Y0: 0.0237917

Epoch:1100
In training set, loss: 0.138335, Y0: 0.0238928

Epoch:1200
In training set, loss: 0.127415, Y0: 0.0239586

Epoch:1300
In training set, loss: 0.118267, Y0: 0.0239965

Epoch:1400
In training set, loss: 0.11048, Y0: 0.0240127

Epoch:1500
In training set, loss: 0.10376, Y0: 0.0240118

Epoch:1600
In training set, loss: 0.0978908, Y0: 0.0239968

Epoch:1700
In training set, loss: 0.0927117, Y0: 0.0239707

Epoch:1800
In training set, loss: 0.0881002, Y0: 0.0239355

Epoch:1900
In training set, loss: 0.0839621, Y0: 0.0238932

Epoch:2000
In training set, loss: 0.0802234, Y0: 0.0238448

Epoch:2100
In training set, loss: 0.0768256, Y0: 0.0237917

Epoch:2200
In training set, loss: 0.0737214, Y0: 0.0237343

Epoch:2300
In training set, loss: 0.0708722, Y0: 0.0236737

Epoch:2400
In training set, loss: 0.0682464, Y0: 0.0236104

Epoch:2500
In training set, loss: 0.0658175, Y0: 0.0235449

Epoch:2600
In training set, loss: 0.0635635, Y0: 0.0234777

Epoch:2700
In training set, loss: 0.0614657, Y0: 0.0234092

Epoch:2800
In training set, loss: 0.0595076, Y0: 0.0233397

Epoch:2900
In training set, loss: 0.0576756, Y0: 0.0232696

Epoch:3000
In training set, loss: 0.0559575, Y0: 0.0231988

Epoch:3100
In training set, loss: 0.0543428, Y0: 0.0231278

Epoch:3200
In training set, loss: 0.0528224, Y0: 0.0230566

Epoch:3300
In training set, loss: 0.0513884, Y0: 0.0229854

Epoch:3400
In training set, loss: 0.0500333, Y0: 0.0229139

Epoch:3500
In training set, loss: 0.048751, Y0: 0.0228426

Epoch:3600
In training set, loss: 0.0475353, Y0: 0.0227715

Epoch:3700
In training set, loss: 0.0463816, Y0: 0.0227008

Epoch:3800
In training set, loss: 0.0452849, Y0: 0.0226307

Epoch:3900
In training set, loss: 0.0442412, Y0: 0.0225609

Epoch:4000
In training set, loss: 0.0432469, Y0: 0.0224919



###############################################################################
TCHPC Cluster: kelvin
Job 20983 (BSDE_job_1_procs) for User 'zuoy' in Account 'hpc_21_01207'
Finished at: Wed Nov 17 08:23:06 GMT 2021

Job efficiency estimates:
=========================

Job ID: 20983
Cluster: kelvin
User/Group: zuoy/zuoy
State: COMPLETED (exit code 0)
Nodes: 1
Cores per node: 12
CPU Utilized: 01:41:03
CPU Efficiency: 8.33% of 20:12:36 core-walltime
Job Wall-clock time: 01:41:03
Memory Utilized: 24.70 MB
Memory Efficiency: 0.11% of 22.46 GB

Job completion status:
======================

       JobID    JobName AllocCPUS NTasks NNodes     MaxRSS    MaxRSSNode  MaxDiskRead MaxDiskWrite    Elapsed      State ExitCode 
------------ ---------- --------- ------ ------ ---------- ------------- ------------ ------------ ---------- ---------- -------- 
20983        BSDE_job_+        12             1                                                      01:41:03  COMPLETED      0:0 
20983.batch       batch        12      1      1     25296K   kelvin-n077        0.87M        0.01M   01:41:03  COMPLETED      0:0 


Job details:
============

JobId=20983 JobName=BSDE_job_1_procs
   UserId=zuoy(1582) GroupId=zuoy(1252) MCS_label=N/A
   Priority=11889973 Nice=0 Account=hpc_21_01207 QOS=normal
   JobState=COMPLETING Reason=None Dependency=(null)
   Requeue=0 Restarts=0 BatchFlag=1 Reboot=0 ExitCode=0:0
   DerivedExitCode=0:0
   RunTime=01:41:03 TimeLimit=2-23:00:00 TimeMin=N/A
   SubmitTime=2021-11-17T02:18:37 EligibleTime=2021-11-17T02:18:37
   AccrueTime=2021-11-17T02:18:37
   StartTime=2021-11-17T06:42:03 EndTime=2021-11-17T08:23:06 Deadline=N/A
   SuspendTime=None SecsPreSuspend=0 LastSchedEval=2021-11-17T06:42:03
   Partition=compute AllocNode:Sid=kelvin01:7052
   ReqNodeList=(null) ExcNodeList=(null)
   NodeList=
   BatchHost=kelvin-n077
   NumNodes=1 NumCPUs=12 NumTasks=1 CPUs/Task=1 ReqB:S:C:T=0:0:*:*
   TRES=cpu=12,mem=23000M,node=1,billing=12
   Socks/Node=* NtasksPerN:B:S:C=0:0:*:* CoreSpec=*
   JOB_GRES=(null)
     Nodes=kelvin-n077 CPU_IDs=0-11 Mem=23000 GRES=
   MinCPUsNode=1 MinMemoryNode=23000M MinTmpDiskNode=0
   Features=(null) DelayBoot=00:00:00
   OverSubscribe=NO Contiguous=0 Licenses=(null) Network=(null)
   Command=/home/users/mschpc/2019/zuoy/HPC/NeuralNetwork/sequential/scripts/script_AllenCahn_d300_b1.sh
   WorkDir=/home/users/mschpc/2019/zuoy/HPC/NeuralNetwork/sequential
   StdErr=/home/users/mschpc/2019/zuoy/HPC/NeuralNetwork/sequential/output/slurm-20983.out
   StdIn=/dev/null
   StdOut=/home/users/mschpc/2019/zuoy/HPC/NeuralNetwork/sequential/output/slurm-20983.out
   Power=
   NtasksPerTRES:0


Disk quota details:
===================

Quota Type           Name  Filesystem     Usage in MB     Limit in MB    % Used
-------------------------------------------------------------------------------
USER                 zuoy       /home             100          51,200     0.20%

GROUP              mschpc   /projects             999          51,200     1.95%
GROUP          pi-dgolden   /projects               0          51,200     0.00%


SLURM Bank Statement:
=====================

User           Usage |        Account     Usage | Account Limit Available (CPU hrs)
---------- --------- + -------------- --------- + ------------- ---------
zuoy           6,091 |   HPC_21_01207     6,091 |       100,000    93,909


Acknowledgements:
=================

Note that usage of TCHPC Resources *must* be acknowledged in all publications.

Please see this page for details relevant to this cluster:

http://www.tchpc.tcd.ie/resources/acknowledgementpolicy

################################################################################
