Config data loaded successfully!
Dimension: 400
Total time: 1
Number of time intervals: 40
Learning rate: 0.01
y_init_range: 40, 50
Number of neurons in each hidden layer of each subnet: 110, 110, 
Epochs: 1000
Batch size: 256
Sample size: 256
Logging frequency: 100
Model name: pricing_default_risk_serial_


Training:
Epoch:100
In training set, loss: 3419.86, Y0: 46.5445

Epoch:200
In training set, loss: 1898.56, Y0: 48.7235

Epoch:300
In training set, loss: 1624.77, Y0: 49.5154

Epoch:400
In training set, loss: 1505, Y0: 49.8158

Epoch:500
In training set, loss: 1414.22, Y0: 49.9347

Epoch:600
In training set, loss: 1334.73, Y0: 49.9857

Epoch:700
In training set, loss: 1263.19, Y0: 50.0114

Epoch:800
In training set, loss: 1198.42, Y0: 50.0276

Epoch:900
In training set, loss: 1139.52, Y0: 50.0403

Epoch:1000
In training set, loss: 1085.84, Y0: 50.0514



###############################################################################
TCHPC Cluster: kelvin
Job 21546 (BSDE_job_1_procs) for User 'zuoy' in Account 'hpc_21_01207'
Finished at: Fri Nov 19 04:55:10 GMT 2021

Job efficiency estimates:
=========================

Job ID: 21546
Cluster: kelvin
User/Group: zuoy/zuoy
State: RUNNING
Nodes: 1
Cores per node: 12
CPU Utilized: 01:13:42
CPU Efficiency: 8.33% of 14:44:36 core-walltime
Job Wall-clock time: 01:13:43
Memory Utilized: 63.37 MB
Memory Efficiency: 0.28% of 22.46 GB
WARNING: Efficiency statistics may be misleading for RUNNING jobs.

Job completion status:
======================

       JobID    JobName AllocCPUS NTasks NNodes     MaxRSS    MaxRSSNode  MaxDiskRead MaxDiskWrite    Elapsed      State ExitCode 
------------ ---------- --------- ------ ------ ---------- ------------- ------------ ------------ ---------- ---------- -------- 
21546        BSDE_job_+        12             1                                                      01:13:43  COMPLETED      0:0 
21546.batch       batch        12      1      1     64888K   kelvin-n084        0.85M        0.01M   01:13:43  COMPLETED      0:0 


Job details:
============

JobId=21546 JobName=BSDE_job_1_procs
   UserId=zuoy(1582) GroupId=zuoy(1252) MCS_label=N/A
   Priority=11131111 Nice=0 Account=hpc_21_01207 QOS=normal
   JobState=COMPLETING Reason=None Dependency=(null)
   Requeue=0 Restarts=0 BatchFlag=1 Reboot=0 ExitCode=0:0
   DerivedExitCode=0:0
   RunTime=01:13:43 TimeLimit=2-23:00:00 TimeMin=N/A
   SubmitTime=2021-11-19T00:47:29 EligibleTime=2021-11-19T00:47:29
   AccrueTime=2021-11-19T00:47:29
   StartTime=2021-11-19T03:41:27 EndTime=2021-11-19T04:55:10 Deadline=N/A
   SuspendTime=None SecsPreSuspend=0 LastSchedEval=2021-11-19T03:41:27
   Partition=compute AllocNode:Sid=kelvin01:10771
   ReqNodeList=(null) ExcNodeList=(null)
   NodeList=
   BatchHost=kelvin-n084
   NumNodes=1 NumCPUs=12 NumTasks=1 CPUs/Task=1 ReqB:S:C:T=0:0:*:*
   TRES=cpu=12,mem=23000M,node=1,billing=12
   Socks/Node=* NtasksPerN:B:S:C=0:0:*:* CoreSpec=*
   JOB_GRES=(null)
     Nodes=kelvin-n084 CPU_IDs=0-11 Mem=23000 GRES=
   MinCPUsNode=1 MinMemoryNode=23000M MinTmpDiskNode=0
   Features=(null) DelayBoot=00:00:00
   OverSubscribe=NO Contiguous=0 Licenses=(null) Network=(null)
   Command=/home/users/mschpc/2019/zuoy/HPC/NeuralNetwork/sequential/scripts/script_PricingDefaultRisk_d400_b256.sh
   WorkDir=/home/users/mschpc/2019/zuoy/HPC/NeuralNetwork/sequential
   StdErr=/home/users/mschpc/2019/zuoy/HPC/NeuralNetwork/sequential/output/slurm-21546.out
   StdIn=/dev/null
   StdOut=/home/users/mschpc/2019/zuoy/HPC/NeuralNetwork/sequential/output/slurm-21546.out
   Power=
   NtasksPerTRES:0


Disk quota details:
===================

Quota Type           Name  Filesystem     Usage in MB     Limit in MB    % Used
-------------------------------------------------------------------------------
USER                 zuoy       /home             107          51,200     0.21%

GROUP              mschpc   /projects             999          51,200     1.95%
GROUP          pi-dgolden   /projects               0          51,200     0.00%


SLURM Bank Statement:
=====================

User           Usage |        Account     Usage | Account Limit Available (CPU hrs)
---------- --------- + -------------- --------- + ------------- ---------
zuoy          10,014 |   HPC_21_01207    10,014 |       100,000    89,986


Acknowledgements:
=================

Note that usage of TCHPC Resources *must* be acknowledged in all publications.

Please see this page for details relevant to this cluster:

http://www.tchpc.tcd.ie/resources/acknowledgementpolicy

################################################################################
