Config data loaded successfully!
Dimension: 100
Total time: 0.2
Number of time intervals: 20
Learning rate: 0.0005
y_init_range: 0.3, 0.5
Number of neurons in each hidden layer of each subnet: 110, 110, 
Epochs: 4000
Batch size: 32
Sample size: 32
Logging frequency: 100
Model name: AllenCahn_serial_


Training:
Epoch:100
In training set, loss: 0.818201, Y0: 0.29156

Epoch:200
In training set, loss: 0.773837, Y0: 0.283462

Epoch:300
In training set, loss: 0.732933, Y0: 0.275691

Epoch:400
In training set, loss: 0.695187, Y0: 0.268231

Epoch:500
In training set, loss: 0.66033, Y0: 0.261067

Epoch:600
In training set, loss: 0.628117, Y0: 0.254186

Epoch:700
In training set, loss: 0.598327, Y0: 0.247573

Epoch:800
In training set, loss: 0.570761, Y0: 0.241218

Epoch:900
In training set, loss: 0.545237, Y0: 0.235108

Epoch:1000
In training set, loss: 0.52159, Y0: 0.229232

Epoch:1100
In training set, loss: 0.499669, Y0: 0.223581

Epoch:1200
In training set, loss: 0.479339, Y0: 0.218146

Epoch:1300
In training set, loss: 0.460473, Y0: 0.212915

Epoch:1400
In training set, loss: 0.442958, Y0: 0.207882

Epoch:1500
In training set, loss: 0.426688, Y0: 0.203038

Epoch:1600
In training set, loss: 0.411568, Y0: 0.198375

Epoch:1700
In training set, loss: 0.39751, Y0: 0.193885

Epoch:1800
In training set, loss: 0.384433, Y0: 0.189563

Epoch:1900
In training set, loss: 0.372263, Y0: 0.1854

Epoch:2000
In training set, loss: 0.360932, Y0: 0.18139

Epoch:2100
In training set, loss: 0.350377, Y0: 0.177529

Epoch:2200
In training set, loss: 0.340541, Y0: 0.173809

Epoch:2300
In training set, loss: 0.331369, Y0: 0.170225

Epoch:2400
In training set, loss: 0.322814, Y0: 0.166772

Epoch:2500
In training set, loss: 0.31483, Y0: 0.163445

Epoch:2600
In training set, loss: 0.307376, Y0: 0.160239

Epoch:2700
In training set, loss: 0.300412, Y0: 0.157149

Epoch:2800
In training set, loss: 0.293903, Y0: 0.154171

Epoch:2900
In training set, loss: 0.287817, Y0: 0.151301

Epoch:3000
In training set, loss: 0.282122, Y0: 0.148535

Epoch:3100
In training set, loss: 0.276791, Y0: 0.145868

Epoch:3200
In training set, loss: 0.271797, Y0: 0.143298

Epoch:3300
In training set, loss: 0.267118, Y0: 0.140819

Epoch:3400
In training set, loss: 0.262729, Y0: 0.13843

Epoch:3500
In training set, loss: 0.25861, Y0: 0.136127

Epoch:3600
In training set, loss: 0.254743, Y0: 0.133906

Epoch:3700
In training set, loss: 0.251109, Y0: 0.131765

Epoch:3800
In training set, loss: 0.247693, Y0: 0.1297

Epoch:3900
In training set, loss: 0.244478, Y0: 0.127709

Epoch:4000
In training set, loss: 0.241451, Y0: 0.12579



###############################################################################
TCHPC Cluster: kelvin
Job 21575 (BSDE_job_1_procs) for User 'zuoy' in Account 'hpc_21_01207'
Finished at: Fri Nov 19 05:40:57 GMT 2021

Job efficiency estimates:
=========================

Job ID: 21575
Cluster: kelvin
User/Group: zuoy/zuoy
State: COMPLETED (exit code 0)
Nodes: 1
Cores per node: 12
CPU Utilized: 00:03:56
CPU Efficiency: 8.33% of 00:47:12 core-walltime
Job Wall-clock time: 00:03:56
Memory Utilized: 6.09 MB
Memory Efficiency: 0.03% of 22.46 GB

Job completion status:
======================

       JobID    JobName AllocCPUS NTasks NNodes     MaxRSS    MaxRSSNode  MaxDiskRead MaxDiskWrite    Elapsed      State ExitCode 
------------ ---------- --------- ------ ------ ---------- ------------- ------------ ------------ ---------- ---------- -------- 
21575        BSDE_job_+        12             1                                                      00:03:56  COMPLETED      0:0 
21575.batch       batch        12      1      1      6236K   kelvin-n091        0.85M        0.01M   00:03:56  COMPLETED      0:0 


Job details:
============

JobId=21575 JobName=BSDE_job_1_procs
   UserId=zuoy(1582) GroupId=zuoy(1252) MCS_label=N/A
   Priority=11151175 Nice=0 Account=hpc_21_01207 QOS=normal
   JobState=COMPLETING Reason=None Dependency=(null)
   Requeue=0 Restarts=0 BatchFlag=1 Reboot=0 ExitCode=0:0
   DerivedExitCode=0:0
   RunTime=00:03:56 TimeLimit=2-23:00:00 TimeMin=N/A
   SubmitTime=2021-11-19T02:03:02 EligibleTime=2021-11-19T02:03:02
   AccrueTime=2021-11-19T02:03:02
   StartTime=2021-11-19T05:37:01 EndTime=2021-11-19T05:40:57 Deadline=N/A
   SuspendTime=None SecsPreSuspend=0 LastSchedEval=2021-11-19T05:37:01
   Partition=compute AllocNode:Sid=kelvin01:10771
   ReqNodeList=(null) ExcNodeList=(null)
   NodeList=
   BatchHost=kelvin-n091
   NumNodes=1 NumCPUs=12 NumTasks=1 CPUs/Task=1 ReqB:S:C:T=0:0:*:*
   TRES=cpu=12,mem=23000M,node=1,billing=12
   Socks/Node=* NtasksPerN:B:S:C=0:0:*:* CoreSpec=*
   JOB_GRES=(null)
     Nodes=kelvin-n091 CPU_IDs=0-11 Mem=23000 GRES=
   MinCPUsNode=1 MinMemoryNode=23000M MinTmpDiskNode=0
   Features=(null) DelayBoot=00:00:00
   OverSubscribe=NO Contiguous=0 Licenses=(null) Network=(null)
   Command=/home/users/mschpc/2019/zuoy/HPC/NeuralNetwork/sequential/scripts/script_AllenCahn_d300_b256.sh
   WorkDir=/home/users/mschpc/2019/zuoy/HPC/NeuralNetwork/sequential
   StdErr=/home/users/mschpc/2019/zuoy/HPC/NeuralNetwork/sequential/output/slurm-21575.out
   StdIn=/dev/null
   StdOut=/home/users/mschpc/2019/zuoy/HPC/NeuralNetwork/sequential/output/slurm-21575.out
   Power=
   NtasksPerTRES:0


Disk quota details:
===================

Quota Type           Name  Filesystem     Usage in MB     Limit in MB    % Used
-------------------------------------------------------------------------------
USER                 zuoy       /home             108          51,200     0.21%

GROUP              mschpc   /projects             999          51,200     1.95%
GROUP          pi-dgolden   /projects               0          51,200     0.00%


SLURM Bank Statement:
=====================

User           Usage |        Account     Usage | Account Limit Available (CPU hrs)
---------- --------- + -------------- --------- + ------------- ---------
zuoy          10,145 |   HPC_21_01207    10,145 |       100,000    89,855


Acknowledgements:
=================

Note that usage of TCHPC Resources *must* be acknowledged in all publications.

Please see this page for details relevant to this cluster:

http://www.tchpc.tcd.ie/resources/acknowledgementpolicy

################################################################################
