Config data loaded successfully!
Dimension: 300
Total time: 1
Number of time intervals: 20
Learning rate: 0.01
y_init_range: 0, 1
Number of neurons in each hidden layer of each subnet: 110, 110, 
Epochs: 4000
Batch size: 128
Sample size: 256
Logging frequency: 100
Model name: HJBLQ_serial_


Training:
Epoch:100
In training set, loss: 70.6371, Y0: 4.5854

Epoch:200
In training set, loss: 19.011, Y0: 5.0874

Epoch:300
In training set, loss: 13.5946, Y0: 5.17484

Epoch:400
In training set, loss: 10.2514, Y0: 5.21472

Epoch:500
In training set, loss: 7.96163, Y0: 5.24397

Epoch:600
In training set, loss: 6.34885, Y0: 5.26766

Epoch:700
In training set, loss: 5.1836, Y0: 5.28735

Epoch:800
In training set, loss: 4.32122, Y0: 5.30399

Epoch:900
In training set, loss: 3.66852, Y0: 5.3182

Epoch:1000
In training set, loss: 3.16412, Y0: 5.33049

Epoch:1100
In training set, loss: 2.76679, Y0: 5.34121

Epoch:1200
In training set, loss: 2.44824, Y0: 5.35064

Epoch:1300
In training set, loss: 2.18873, Y0: 5.359

Epoch:1400
In training set, loss: 1.97422, Y0: 5.36647

Epoch:1500
In training set, loss: 1.79453, Y0: 5.37318

Epoch:1600
In training set, loss: 1.64223, Y0: 5.37923

Epoch:1700
In training set, loss: 1.51173, Y0: 5.38473

Epoch:1800
In training set, loss: 1.39883, Y0: 5.38975

Epoch:1900
In training set, loss: 1.30029, Y0: 5.39435

Epoch:2000
In training set, loss: 1.2136, Y0: 5.39858

Epoch:2100
In training set, loss: 1.1368, Y0: 5.40249

Epoch:2200
In training set, loss: 1.06831, Y0: 5.40611

Epoch:2300
In training set, loss: 1.00688, Y0: 5.40947

Epoch:2400
In training set, loss: 0.95148, Y0: 5.41261

Epoch:2500
In training set, loss: 0.901284, Y0: 5.41555

Epoch:2600
In training set, loss: 0.855603, Y0: 5.4183

Epoch:2700
In training set, loss: 0.813854, Y0: 5.42088

Epoch:2800
In training set, loss: 0.775564, Y0: 5.42332

Epoch:2900
In training set, loss: 0.740324, Y0: 5.42562

Epoch:3000
In training set, loss: 0.707791, Y0: 5.42779

Epoch:3100
In training set, loss: 0.677667, Y0: 5.42985

Epoch:3200
In training set, loss: 0.649702, Y0: 5.4318

Epoch:3300
In training set, loss: 0.623671, Y0: 5.43366

Epoch:3400
In training set, loss: 0.599385, Y0: 5.43543

Epoch:3500
In training set, loss: 0.576681, Y0: 5.43712

Epoch:3600
In training set, loss: 0.555408, Y0: 5.43873

Epoch:3700
In training set, loss: 0.535441, Y0: 5.44026

Epoch:3800
In training set, loss: 0.516664, Y0: 5.44173

Epoch:3900
In training set, loss: 0.498977, Y0: 5.44315

Epoch:4000
In training set, loss: 0.482291, Y0: 5.4445



###############################################################################
TCHPC Cluster: kelvin
Job 21562 (BSDE_job_1_procs) for User 'zuoy' in Account 'hpc_21_01207'
Finished at: Fri Nov 19 06:05:22 GMT 2021

Job efficiency estimates:
=========================

Job ID: 21562
Cluster: kelvin
User/Group: zuoy/zuoy
State: COMPLETED (exit code 0)
Nodes: 1
Cores per node: 12
CPU Utilized: 01:10:10
CPU Efficiency: 8.33% of 14:02:12 core-walltime
Job Wall-clock time: 01:10:11
Memory Utilized: 24.66 MB
Memory Efficiency: 0.11% of 22.46 GB

Job completion status:
======================

       JobID    JobName AllocCPUS NTasks NNodes     MaxRSS    MaxRSSNode  MaxDiskRead MaxDiskWrite    Elapsed      State ExitCode 
------------ ---------- --------- ------ ------ ---------- ------------- ------------ ------------ ---------- ---------- -------- 
21562        BSDE_job_+        12             1                                                      01:10:11  COMPLETED      0:0 
21562.batch       batch        12      1      1     25256K   kelvin-n084        0.85M        0.01M   01:10:11  COMPLETED      0:0 


Job details:
============

JobId=21562 JobName=BSDE_job_1_procs
   UserId=zuoy(1582) GroupId=zuoy(1252) MCS_label=N/A
   Priority=11131962 Nice=0 Account=hpc_21_01207 QOS=normal
   JobState=COMPLETING Reason=None Dependency=(null)
   Requeue=0 Restarts=0 BatchFlag=1 Reboot=0 ExitCode=0:0
   DerivedExitCode=0:0
   RunTime=01:10:11 TimeLimit=2-23:00:00 TimeMin=N/A
   SubmitTime=2021-11-19T01:59:46 EligibleTime=2021-11-19T01:59:46
   AccrueTime=2021-11-19T01:59:46
   StartTime=2021-11-19T04:55:11 EndTime=2021-11-19T06:05:22 Deadline=N/A
   SuspendTime=None SecsPreSuspend=0 LastSchedEval=2021-11-19T04:55:11
   Partition=compute AllocNode:Sid=kelvin01:10771
   ReqNodeList=(null) ExcNodeList=(null)
   NodeList=
   BatchHost=kelvin-n084
   NumNodes=1 NumCPUs=12 NumTasks=1 CPUs/Task=1 ReqB:S:C:T=0:0:*:*
   TRES=cpu=12,mem=23000M,node=1,billing=12
   Socks/Node=* NtasksPerN:B:S:C=0:0:*:* CoreSpec=*
   JOB_GRES=(null)
     Nodes=kelvin-n084 CPU_IDs=0-11 Mem=23000 GRES=
   MinCPUsNode=1 MinMemoryNode=23000M MinTmpDiskNode=0
   Features=(null) DelayBoot=00:00:00
   OverSubscribe=NO Contiguous=0 Licenses=(null) Network=(null)
   Command=/home/users/mschpc/2019/zuoy/HPC/NeuralNetwork/sequential/scripts/script_HJBLQ_d300_b128.sh
   WorkDir=/home/users/mschpc/2019/zuoy/HPC/NeuralNetwork/sequential
   StdErr=/home/users/mschpc/2019/zuoy/HPC/NeuralNetwork/sequential/output/slurm-21562.out
   StdIn=/dev/null
   StdOut=/home/users/mschpc/2019/zuoy/HPC/NeuralNetwork/sequential/output/slurm-21562.out
   Power=
   NtasksPerTRES:0


Disk quota details:
===================

Quota Type           Name  Filesystem     Usage in MB     Limit in MB    % Used
-------------------------------------------------------------------------------
USER                 zuoy       /home             106          51,200     0.21%

GROUP              mschpc   /projects             999          51,200     1.95%
GROUP          pi-dgolden   /projects               0          51,200     0.00%


SLURM Bank Statement:
=====================

User           Usage |        Account     Usage | Account Limit Available (CPU hrs)
---------- --------- + -------------- --------- + ------------- ---------
zuoy          10,192 |   HPC_21_01207    10,192 |       100,000    89,808


Acknowledgements:
=================

Note that usage of TCHPC Resources *must* be acknowledged in all publications.

Please see this page for details relevant to this cluster:

http://www.tchpc.tcd.ie/resources/acknowledgementpolicy

################################################################################
