Config data loaded successfully!
Dimension: 100
Total time: 0.3
Number of time intervals: 20
Learning rate: 0.0005
y_init_range: 0.3, 0.5
Number of neurons in each hidden layer of each subnet: 110, 110, 
Epochs: 4000
Batch size: 1
Sample size: 256
Logging frequency: 100
Model name: AllenCahn_serial_


Training:
Epoch:100
In training set, loss: 1.75101, Y0: 0.0545353

Epoch:200
In training set, loss: 1.5797, Y0: 0.0548027

Epoch:300
In training set, loss: 1.44729, Y0: 0.0551973

Epoch:400
In training set, loss: 1.34264, Y0: 0.055565

Epoch:500
In training set, loss: 1.2582, Y0: 0.0559081

Epoch:600
In training set, loss: 1.18874, Y0: 0.0562269

Epoch:700
In training set, loss: 1.13058, Y0: 0.0565226

Epoch:800
In training set, loss: 1.08107, Y0: 0.0567956

Epoch:900
In training set, loss: 1.03831, Y0: 0.0570471

Epoch:1000
In training set, loss: 1.00086, Y0: 0.0572784

Epoch:1100
In training set, loss: 0.967668, Y0: 0.0574906

Epoch:1200
In training set, loss: 0.937927, Y0: 0.0576846

Epoch:1300
In training set, loss: 0.911014, Y0: 0.0578619

Epoch:1400
In training set, loss: 0.886455, Y0: 0.0580232

Epoch:1500
In training set, loss: 0.863868, Y0: 0.0581697

Epoch:1600
In training set, loss: 0.842955, Y0: 0.0583026

Epoch:1700
In training set, loss: 0.823469, Y0: 0.0584226

Epoch:1800
In training set, loss: 0.805218, Y0: 0.0585311

Epoch:1900
In training set, loss: 0.788044, Y0: 0.0586291

Epoch:2000
In training set, loss: 0.771817, Y0: 0.0587179

Epoch:2100
In training set, loss: 0.756425, Y0: 0.0587982

Epoch:2200
In training set, loss: 0.741778, Y0: 0.0588703

Epoch:2300
In training set, loss: 0.727799, Y0: 0.0589353

Epoch:2400
In training set, loss: 0.71442, Y0: 0.0589939

Epoch:2500
In training set, loss: 0.701583, Y0: 0.0590467

Epoch:2600
In training set, loss: 0.689243, Y0: 0.0590943

Epoch:2700
In training set, loss: 0.677355, Y0: 0.0591371

Epoch:2800
In training set, loss: 0.665886, Y0: 0.0591755

Epoch:2900
In training set, loss: 0.654805, Y0: 0.0592101

Epoch:3000
In training set, loss: 0.644079, Y0: 0.0592414

Epoch:3100
In training set, loss: 0.63368, Y0: 0.0592696

Epoch:3200
In training set, loss: 0.623591, Y0: 0.0592951

Epoch:3300
In training set, loss: 0.61379, Y0: 0.0593182

Epoch:3400
In training set, loss: 0.604257, Y0: 0.0593391

Epoch:3500
In training set, loss: 0.594978, Y0: 0.059358

Epoch:3600
In training set, loss: 0.58594, Y0: 0.059375

Epoch:3700
In training set, loss: 0.577127, Y0: 0.0593903

Epoch:3800
In training set, loss: 0.568528, Y0: 0.0594042

Epoch:3900
In training set, loss: 0.560132, Y0: 0.0594168

Epoch:4000
In training set, loss: 0.55193, Y0: 0.0594282



###############################################################################
TCHPC Cluster: kelvin
Job 21612 (BSDE_job_1_procs) for User 'zuoy' in Account 'hpc_21_01207'
Finished at: Fri Nov 19 14:12:05 GMT 2021

Job efficiency estimates:
=========================

Job ID: 21612
Cluster: kelvin
User/Group: zuoy/zuoy
State: COMPLETED (exit code 0)
Nodes: 1
Cores per node: 12
CPU Utilized: 00:43:59
CPU Efficiency: 8.33% of 08:48:12 core-walltime
Job Wall-clock time: 00:44:01
Memory Utilized: 9.96 MB
Memory Efficiency: 0.04% of 22.46 GB

Job completion status:
======================

       JobID    JobName AllocCPUS NTasks NNodes     MaxRSS    MaxRSSNode  MaxDiskRead MaxDiskWrite    Elapsed      State ExitCode 
------------ ---------- --------- ------ ------ ---------- ------------- ------------ ------------ ---------- ---------- -------- 
21612        BSDE_job_+        12             1                                                      00:44:01  COMPLETED      0:0 
21612.batch       batch        12      1      1     10200K   kelvin-n022        0.85M        0.01M   00:44:01  COMPLETED      0:0 


Job details:
============

JobId=21612 JobName=BSDE_job_1_procs
   UserId=zuoy(1582) GroupId=zuoy(1252) MCS_label=N/A
   Priority=11044593 Nice=0 Account=hpc_21_01207 QOS=normal
   JobState=COMPLETING Reason=None Dependency=(null)
   Requeue=0 Restarts=0 BatchFlag=1 Reboot=0 ExitCode=0:0
   DerivedExitCode=0:0
   RunTime=00:44:01 TimeLimit=2-23:00:00 TimeMin=N/A
   SubmitTime=2021-11-19T13:28:04 EligibleTime=2021-11-19T13:28:04
   AccrueTime=2021-11-19T13:28:04
   StartTime=2021-11-19T13:28:04 EndTime=2021-11-19T14:12:05 Deadline=N/A
   SuspendTime=None SecsPreSuspend=0 LastSchedEval=2021-11-19T13:28:04
   Partition=compute AllocNode:Sid=kelvin01:22213
   ReqNodeList=(null) ExcNodeList=(null)
   NodeList=
   BatchHost=kelvin-n022
   NumNodes=1 NumCPUs=12 NumTasks=1 CPUs/Task=1 ReqB:S:C:T=0:0:*:*
   TRES=cpu=12,mem=23000M,node=1,billing=12
   Socks/Node=* NtasksPerN:B:S:C=0:0:*:* CoreSpec=*
   JOB_GRES=(null)
     Nodes=kelvin-n022 CPU_IDs=0-11 Mem=23000 GRES=
   MinCPUsNode=1 MinMemoryNode=23000M MinTmpDiskNode=0
   Features=(null) DelayBoot=00:00:00
   OverSubscribe=NO Contiguous=0 Licenses=(null) Network=(null)
   Command=/home/users/mschpc/2019/zuoy/HPC/NeuralNetwork/sequential/scripts/script_AllenCahn_d100_b1.sh
   WorkDir=/home/users/mschpc/2019/zuoy/HPC/NeuralNetwork/sequential
   StdErr=/home/users/mschpc/2019/zuoy/HPC/NeuralNetwork/sequential/output/slurm-21612.out
   StdIn=/dev/null
   StdOut=/home/users/mschpc/2019/zuoy/HPC/NeuralNetwork/sequential/output/slurm-21612.out
   Power=
   NtasksPerTRES:0


Disk quota details:
===================

Quota Type           Name  Filesystem     Usage in MB     Limit in MB    % Used
-------------------------------------------------------------------------------
USER                 zuoy       /home             109          51,200     0.21%

GROUP              mschpc   /projects             999          51,200     1.95%
GROUP          pi-dgolden   /projects               0          51,200     0.00%


SLURM Bank Statement:
=====================

User           Usage |        Account     Usage | Account Limit Available (CPU hrs)
---------- --------- + -------------- --------- + ------------- ---------
zuoy          10,410 |   HPC_21_01207    10,410 |       100,000    89,590


Acknowledgements:
=================

Note that usage of TCHPC Resources *must* be acknowledged in all publications.

Please see this page for details relevant to this cluster:

http://www.tchpc.tcd.ie/resources/acknowledgementpolicy

################################################################################
