Config data loaded successfully!
Dimension: 300
Total time: 0.3
Number of time intervals: 20
Learning rate: 0.0005
y_init_range: 0.3, 0.5
Number of neurons in each hidden layer of each subnet: 110, 110, 
Epochs: 4000
Batch size: 128
Sample size: 256
Logging frequency: 100
Model name: AllenCahn_serial_


Training:
Epoch:100
In training set, loss: 6.57187, Y0: 0.283139

Epoch:200
In training set, loss: 5.92273, Y0: 0.267459

Epoch:300
In training set, loss: 5.3589, Y0: 0.252852

Epoch:400
In training set, loss: 4.8676, Y0: 0.239223

Epoch:500
In training set, loss: 4.43829, Y0: 0.226491

Epoch:600
In training set, loss: 4.06223, Y0: 0.214583

Epoch:700
In training set, loss: 3.7321, Y0: 0.203435

Epoch:800
In training set, loss: 3.44171, Y0: 0.192987

Epoch:900
In training set, loss: 3.18584, Y0: 0.18319

Epoch:1000
In training set, loss: 2.96002, Y0: 0.173996

Epoch:1100
In training set, loss: 2.76043, Y0: 0.165363

Epoch:1200
In training set, loss: 2.58378, Y0: 0.157252

Epoch:1300
In training set, loss: 2.42725, Y0: 0.149628

Epoch:1400
In training set, loss: 2.28837, Y0: 0.14246

Epoch:1500
In training set, loss: 2.165, Y0: 0.135716

Epoch:1600
In training set, loss: 2.05531, Y0: 0.129371

Epoch:1700
In training set, loss: 1.95766, Y0: 0.123399

Epoch:1800
In training set, loss: 1.87064, Y0: 0.117775

Epoch:1900
In training set, loss: 1.79301, Y0: 0.112479

Epoch:2000
In training set, loss: 1.72368, Y0: 0.107491

Epoch:2100
In training set, loss: 1.66169, Y0: 0.102792

Epoch:2200
In training set, loss: 1.6062, Y0: 0.0983632

Epoch:2300
In training set, loss: 1.55647, Y0: 0.0941898

Epoch:2400
In training set, loss: 1.51184, Y0: 0.090256

Epoch:2500
In training set, loss: 1.47175, Y0: 0.0865476

Epoch:2600
In training set, loss: 1.43567, Y0: 0.0830513

Epoch:2700
In training set, loss: 1.40315, Y0: 0.0797545

Epoch:2800
In training set, loss: 1.3738, Y0: 0.0766456

Epoch:2900
In training set, loss: 1.34727, Y0: 0.0737137

Epoch:3000
In training set, loss: 1.32324, Y0: 0.0709483

Epoch:3100
In training set, loss: 1.30143, Y0: 0.0683398

Epoch:3200
In training set, loss: 1.2816, Y0: 0.0658792

Epoch:3300
In training set, loss: 1.26353, Y0: 0.0635578

Epoch:3400
In training set, loss: 1.24703, Y0: 0.0613677

Epoch:3500
In training set, loss: 1.23192, Y0: 0.0593013

Epoch:3600
In training set, loss: 1.21805, Y0: 0.0573515

Epoch:3700
In training set, loss: 1.20529, Y0: 0.0555116

Epoch:3800
In training set, loss: 1.19352, Y0: 0.0537754

Epoch:3900
In training set, loss: 1.18262, Y0: 0.0521368

Epoch:4000
In training set, loss: 1.17251, Y0: 0.0505904



###############################################################################
TCHPC Cluster: kelvin
Job 20942 (BSDE_job_1_procs) for User 'zuoy' in Account 'hpc_21_01207'
Finished at: Wed Nov 17 05:39:49 GMT 2021

Job efficiency estimates:
=========================

Job ID: 20942
Cluster: kelvin
User/Group: zuoy/zuoy
State: COMPLETED (exit code 0)
Nodes: 1
Cores per node: 12
CPU Utilized: 01:09:40
CPU Efficiency: 8.33% of 13:56:12 core-walltime
Job Wall-clock time: 01:09:41
Memory Utilized: 24.71 MB
Memory Efficiency: 0.11% of 22.46 GB

Job completion status:
======================

       JobID    JobName AllocCPUS NTasks NNodes     MaxRSS    MaxRSSNode  MaxDiskRead MaxDiskWrite    Elapsed      State ExitCode 
------------ ---------- --------- ------ ------ ---------- ------------- ------------ ------------ ---------- ---------- -------- 
20942        BSDE_job_+        12             1                                                      01:09:41  COMPLETED      0:0 
20942.batch       batch        12      1      1     25300K   kelvin-n091        0.87M        0.01M   01:09:41  COMPLETED      0:0 


Job details:
============

JobId=20942 JobName=BSDE_job_1_procs
   UserId=zuoy(1582) GroupId=zuoy(1252) MCS_label=N/A
   Priority=11894257 Nice=0 Account=hpc_21_01207 QOS=normal
   JobState=COMPLETING Reason=None Dependency=(null)
   Requeue=0 Restarts=0 BatchFlag=1 Reboot=0 ExitCode=0:0
   DerivedExitCode=0:0
   RunTime=01:09:41 TimeLimit=2-23:00:00 TimeMin=N/A
   SubmitTime=2021-11-17T01:48:45 EligibleTime=2021-11-17T01:48:45
   AccrueTime=2021-11-17T01:48:45
   StartTime=2021-11-17T04:30:08 EndTime=2021-11-17T05:39:49 Deadline=N/A
   SuspendTime=None SecsPreSuspend=0 LastSchedEval=2021-11-17T04:30:08
   Partition=compute AllocNode:Sid=kelvin01:7052
   ReqNodeList=(null) ExcNodeList=(null)
   NodeList=
   BatchHost=kelvin-n091
   NumNodes=1 NumCPUs=12 NumTasks=1 CPUs/Task=1 ReqB:S:C:T=0:0:*:*
   TRES=cpu=12,mem=23000M,node=1,billing=12
   Socks/Node=* NtasksPerN:B:S:C=0:0:*:* CoreSpec=*
   JOB_GRES=(null)
     Nodes=kelvin-n091 CPU_IDs=0-11 Mem=23000 GRES=
   MinCPUsNode=1 MinMemoryNode=23000M MinTmpDiskNode=0
   Features=(null) DelayBoot=00:00:00
   OverSubscribe=NO Contiguous=0 Licenses=(null) Network=(null)
   Command=/home/users/mschpc/2019/zuoy/HPC/NeuralNetwork/sequential/scripts/script_AllenCahn_d300_b128.sh
   WorkDir=/home/users/mschpc/2019/zuoy/HPC/NeuralNetwork/sequential
   StdErr=/home/users/mschpc/2019/zuoy/HPC/NeuralNetwork/sequential/output/slurm-20942.out
   StdIn=/dev/null
   StdOut=/home/users/mschpc/2019/zuoy/HPC/NeuralNetwork/sequential/output/slurm-20942.out
   Power=
   NtasksPerTRES:0


Disk quota details:
===================

Quota Type           Name  Filesystem     Usage in MB     Limit in MB    % Used
-------------------------------------------------------------------------------
USER                 zuoy       /home             102          51,200     0.20%

GROUP              mschpc   /projects             999          51,200     1.95%
GROUP          pi-dgolden   /projects               0          51,200     0.00%


SLURM Bank Statement:
=====================

User           Usage |        Account     Usage | Account Limit Available (CPU hrs)
---------- --------- + -------------- --------- + ------------- ---------
zuoy           5,642 |   HPC_21_01207     5,642 |       100,000    94,358


Acknowledgements:
=================

Note that usage of TCHPC Resources *must* be acknowledged in all publications.

Please see this page for details relevant to this cluster:

http://www.tchpc.tcd.ie/resources/acknowledgementpolicy

################################################################################
