Config data loaded successfully!
Dimension: 300
Total time: 1
Number of time intervals: 20
Learning rate: 0.01
y_init_range: 0, 1
Number of neurons in each hidden layer of each subnet: 110, 110, 
Epochs: 3000
Batch size: 1
Sample size: 1024
Logging frequency: 100
Model name: HJBLQ_serial_


Training:
Epoch:100
In training set, loss: 4.61936, Y0: 5.69059

Epoch:200
In training set, loss: 3.05253, Y0: 5.69003

Epoch:300
In training set, loss: 2.03769, Y0: 5.68932

Epoch:400
In training set, loss: 1.37284, Y0: 5.68854

Epoch:500
In training set, loss: 0.932738, Y0: 5.68775

Epoch:600
In training set, loss: 0.638643, Y0: 5.68698

Epoch:700
In training set, loss: 0.440419, Y0: 5.68625

Epoch:800
In training set, loss: 0.305716, Y0: 5.68557

Epoch:900
In training set, loss: 0.213501, Y0: 5.68496

Epoch:1000
In training set, loss: 0.149926, Y0: 5.6844

Epoch:1100
In training set, loss: 0.105828, Y0: 5.68391

Epoch:1200
In training set, loss: 0.0750536, Y0: 5.68348

Epoch:1300
In training set, loss: 0.0534662, Y0: 5.68311

Epoch:1400
In training set, loss: 0.038247, Y0: 5.68279

Epoch:1500
In training set, loss: 0.0274697, Y0: 5.68252

Epoch:1600
In training set, loss: 0.0198099, Y0: 5.68228

Epoch:1700
In training set, loss: 0.0143457, Y0: 5.68209

Epoch:1800
In training set, loss: 0.0104328, Y0: 5.68193

Epoch:1900
In training set, loss: 0.00762201, Y0: 5.68179

Epoch:2000
In training set, loss: 0.00559625, Y0: 5.68169

Epoch:2100
In training set, loss: 0.00413081, Y0: 5.68161

Epoch:2200
In training set, loss: 0.00306986, Y0: 5.68155

Epoch:2300
In training set, loss: 0.00229856, Y0: 5.6815

Epoch:2400
In training set, loss: 0.00173611, Y0: 5.68147

Epoch:2500
In training set, loss: 0.00132412, Y0: 5.68145

Epoch:2600
In training set, loss: 0.00102163, Y0: 5.68143

Epoch:2700
In training set, loss: 0.000797947, Y0: 5.68143

Epoch:2800
In training set, loss: 0.000631897, Y0: 5.68142

Epoch:2900
In training set, loss: 0.00050777, Y0: 5.68142

Epoch:3000
In training set, loss: 0.000414068, Y0: 5.68142



###############################################################################
TCHPC Cluster: kelvin
Job 18992 (BSDE_job_1_procs) for User 'zuoy' in Account 'hpc_21_01207'
Finished at: Thu Nov  4 00:40:34 GMT 2021

Job efficiency estimates:
=========================

Job ID: 18992
Cluster: kelvin
User/Group: zuoy/zuoy
State: COMPLETED (exit code 0)
Nodes: 1
Cores per node: 12
CPU Utilized: 08:57:13
CPU Efficiency: 8.33% of 4-11:26:48 core-walltime
Job Wall-clock time: 08:57:14
Memory Utilized: 61.95 MB
Memory Efficiency: 0.27% of 22.46 GB

Job completion status:
======================

       JobID    JobName AllocCPUS NTasks NNodes     MaxRSS    MaxRSSNode  MaxDiskRead MaxDiskWrite    Elapsed      State ExitCode 
------------ ---------- --------- ------ ------ ---------- ------------- ------------ ------------ ---------- ---------- -------- 
18992        BSDE_job_+        12             1                                                      08:57:14  COMPLETED      0:0 
18992.batch       batch        12      1      1     63436K   kelvin-n075        0.85M        0.01M   08:57:14  COMPLETED      0:0 


Job details:
============

JobId=18992 JobName=BSDE_job_1_procs
   UserId=zuoy(1582) GroupId=zuoy(1252) MCS_label=N/A
   Priority=11945081 Nice=0 Account=hpc_21_01207 QOS=normal
   JobState=COMPLETING Reason=None Dependency=(null)
   Requeue=0 Restarts=0 BatchFlag=1 Reboot=0 ExitCode=0:0
   DerivedExitCode=0:0
   RunTime=08:57:14 TimeLimit=2-23:00:00 TimeMin=N/A
   SubmitTime=2021-11-03T15:43:19 EligibleTime=2021-11-03T15:43:19
   AccrueTime=2021-11-03T15:43:19
   StartTime=2021-11-03T15:43:20 EndTime=2021-11-04T00:40:34 Deadline=N/A
   SuspendTime=None SecsPreSuspend=0 LastSchedEval=2021-11-03T15:43:20
   Partition=compute AllocNode:Sid=kelvin01:28627
   ReqNodeList=(null) ExcNodeList=(null)
   NodeList=
   BatchHost=kelvin-n075
   NumNodes=1 NumCPUs=12 NumTasks=1 CPUs/Task=1 ReqB:S:C:T=0:0:*:*
   TRES=cpu=12,mem=23000M,node=1,billing=12
   Socks/Node=* NtasksPerN:B:S:C=0:0:*:* CoreSpec=*
   JOB_GRES=(null)
     Nodes=kelvin-n075 CPU_IDs=0-11 Mem=23000 GRES=
   MinCPUsNode=1 MinMemoryNode=23000M MinTmpDiskNode=0
   Features=(null) DelayBoot=00:00:00
   OverSubscribe=NO Contiguous=0 Licenses=(null) Network=(null)
   Command=/home/users/mschpc/2019/zuoy/HPC/NeuralNetwork/scripts/script_HJBLQ_d300_b1.sh
   WorkDir=/home/users/mschpc/2019/zuoy/HPC/NeuralNetwork
   StdErr=/home/users/mschpc/2019/zuoy/HPC/NeuralNetwork/output/slurm-18992.out
   StdIn=/dev/null
   StdOut=/home/users/mschpc/2019/zuoy/HPC/NeuralNetwork/output/slurm-18992.out
   Power=
   NtasksPerTRES:0


Disk quota details:
===================

Quota Type           Name  Filesystem     Usage in MB     Limit in MB    % Used
-------------------------------------------------------------------------------
USER                 zuoy       /home              66          51,200     0.13%

GROUP              mschpc   /projects             999          51,200     1.95%
GROUP          pi-dgolden   /projects               0          51,200     0.00%


SLURM Bank Statement:
=====================

User           Usage |        Account     Usage | Account Limit Available (CPU hrs)
---------- --------- + -------------- --------- + ------------- ---------
zuoy           4,458 |   HPC_21_01207     4,458 |       100,000    95,542


Acknowledgements:
=================

Note that usage of TCHPC Resources *must* be acknowledged in all publications.

Please see this page for details relevant to this cluster:

http://www.tchpc.tcd.ie/resources/acknowledgementpolicy

################################################################################
