Config data loaded successfully!
Dimension: 100
Total time: 1
Number of time intervals: 20
Learning rate: 0.01
y_init_range: 0, 1
Number of neurons in each hidden layer of each subnet: 110, 110, 
Epochs: 3000
Batch size: 128
Sample size: 256
Logging frequency: 100
Model name: HJBLQ_serial_


Training:
Epoch:100
In training set, loss: 56.8051, Y0: 3.83918

Epoch:200
In training set, loss: 13.8743, Y0: 4.32619

Epoch:300
In training set, loss: 11.513, Y0: 4.39965

Epoch:400
In training set, loss: 10.1745, Y0: 4.42036

Epoch:500
In training set, loss: 9.15294, Y0: 4.4326

Epoch:600
In training set, loss: 8.35467, Y0: 4.44221

Epoch:700
In training set, loss: 7.7204, Y0: 4.45023

Epoch:800
In training set, loss: 7.20819, Y0: 4.45703

Epoch:900
In training set, loss: 6.78803, Y0: 4.46286

Epoch:1000
In training set, loss: 6.4382, Y0: 4.4679

Epoch:1100
In training set, loss: 6.14282, Y0: 4.47227

Epoch:1200
In training set, loss: 5.89015, Y0: 4.47609

Epoch:1300
In training set, loss: 5.67139, Y0: 4.47945

Epoch:1400
In training set, loss: 5.47985, Y0: 4.48241

Epoch:1500
In training set, loss: 5.31046, Y0: 4.48504

Epoch:1600
In training set, loss: 5.15927, Y0: 4.48737

Epoch:1700
In training set, loss: 5.02316, Y0: 4.48945

Epoch:1800
In training set, loss: 4.89969, Y0: 4.49132

Epoch:1900
In training set, loss: 4.7869, Y0: 4.49299

Epoch:2000
In training set, loss: 4.6832, Y0: 4.4945

Epoch:2100
In training set, loss: 4.58731, Y0: 4.49586

Epoch:2200
In training set, loss: 4.49817, Y0: 4.49708

Epoch:2300
In training set, loss: 4.4149, Y0: 4.49819

Epoch:2400
In training set, loss: 4.33676, Y0: 4.4992

Epoch:2500
In training set, loss: 4.26313, Y0: 4.50011

Epoch:2600
In training set, loss: 4.1935, Y0: 4.50094

Epoch:2700
In training set, loss: 4.12742, Y0: 4.5017

Epoch:2800
In training set, loss: 4.06452, Y0: 4.50239

Epoch:2900
In training set, loss: 4.00444, Y0: 4.50302

Epoch:3000
In training set, loss: 3.94691, Y0: 4.50359



###############################################################################
TCHPC Cluster: kelvin
Job 20922 (BSDE_job_1_procs) for User 'zuoy' in Account 'hpc_21_01207'
Finished at: Wed Nov 17 03:40:13 GMT 2021

Job efficiency estimates:
=========================

Job ID: 20922
Cluster: kelvin
User/Group: zuoy/zuoy
State: RUNNING
Nodes: 1
Cores per node: 12
CPU Utilized: 00:23:12
CPU Efficiency: 8.33% of 04:38:24 core-walltime
Job Wall-clock time: 00:23:12
Memory Utilized: 10.00 MB
Memory Efficiency: 0.04% of 22.46 GB
WARNING: Efficiency statistics may be misleading for RUNNING jobs.

Job completion status:
======================

       JobID    JobName AllocCPUS NTasks NNodes     MaxRSS    MaxRSSNode  MaxDiskRead MaxDiskWrite    Elapsed      State ExitCode 
------------ ---------- --------- ------ ------ ---------- ------------- ------------ ------------ ---------- ---------- -------- 
20922        BSDE_job_+        12             1                                                      00:23:12  COMPLETED      0:0 
20922.batch       batch        12      1      1        10M   kelvin-n080        0.87M        0.01M   00:23:12  COMPLETED      0:0 


Job details:
============

JobId=20922 JobName=BSDE_job_1_procs
   UserId=zuoy(1582) GroupId=zuoy(1252) MCS_label=N/A
   Priority=11858088 Nice=0 Account=hpc_21_01207 QOS=normal
   JobState=COMPLETING Reason=None Dependency=(null)
   Requeue=0 Restarts=0 BatchFlag=1 Reboot=0 ExitCode=0:0
   DerivedExitCode=0:0
   RunTime=00:23:12 TimeLimit=2-23:00:00 TimeMin=N/A
   SubmitTime=2021-11-17T01:48:40 EligibleTime=2021-11-17T01:48:40
   AccrueTime=2021-11-17T01:48:40
   StartTime=2021-11-17T03:17:01 EndTime=2021-11-17T03:40:13 Deadline=N/A
   SuspendTime=None SecsPreSuspend=0 LastSchedEval=2021-11-17T03:17:01
   Partition=compute AllocNode:Sid=kelvin01:7052
   ReqNodeList=(null) ExcNodeList=(null)
   NodeList=
   BatchHost=kelvin-n080
   NumNodes=1 NumCPUs=12 NumTasks=1 CPUs/Task=1 ReqB:S:C:T=0:0:*:*
   TRES=cpu=12,mem=23000M,node=1,billing=12
   Socks/Node=* NtasksPerN:B:S:C=0:0:*:* CoreSpec=*
   JOB_GRES=(null)
     Nodes=kelvin-n080 CPU_IDs=0-11 Mem=23000 GRES=
   MinCPUsNode=1 MinMemoryNode=23000M MinTmpDiskNode=0
   Features=(null) DelayBoot=00:00:00
   OverSubscribe=NO Contiguous=0 Licenses=(null) Network=(null)
   Command=/home/users/mschpc/2019/zuoy/HPC/NeuralNetwork/sequential/scripts/script_HJBLQ_d100_b128.sh
   WorkDir=/home/users/mschpc/2019/zuoy/HPC/NeuralNetwork/sequential
   StdErr=/home/users/mschpc/2019/zuoy/HPC/NeuralNetwork/sequential/output/slurm-20922.out
   StdIn=/dev/null
   StdOut=/home/users/mschpc/2019/zuoy/HPC/NeuralNetwork/sequential/output/slurm-20922.out
   Power=
   NtasksPerTRES:0


Disk quota details:
===================

Quota Type           Name  Filesystem     Usage in MB     Limit in MB    % Used
-------------------------------------------------------------------------------
USER                 zuoy       /home             101          51,200     0.20%

GROUP              mschpc   /projects             999          51,200     1.95%
GROUP          pi-dgolden   /projects               0          51,200     0.00%


SLURM Bank Statement:
=====================

User           Usage |        Account     Usage | Account Limit Available (CPU hrs)
---------- --------- + -------------- --------- + ------------- ---------
zuoy           5,294 |   HPC_21_01207     5,294 |       100,000    94,706


Acknowledgements:
=================

Note that usage of TCHPC Resources *must* be acknowledged in all publications.

Please see this page for details relevant to this cluster:

http://www.tchpc.tcd.ie/resources/acknowledgementpolicy

################################################################################
