Config data loaded successfully!
Dimension: 300
Total time: 0.3
Number of time intervals: 20
Learning rate: 0.0005
y_init_range: 0.3, 0.5
Number of neurons in each hidden layer of each subnet: 110, 110, 
Epochs: 4000
Batch size: 64
Sample size: 256
Logging frequency: 100
Model name: AllenCahn_serial_


Training:
Epoch:100
In training set, loss: 5.3135, Y0: 0.269651

Epoch:200
In training set, loss: 4.39078, Y0: 0.243244

Epoch:300
In training set, loss: 3.68347, Y0: 0.220152

Epoch:400
In training set, loss: 3.13671, Y0: 0.19988

Epoch:500
In training set, loss: 2.71117, Y0: 0.18203

Epoch:600
In training set, loss: 2.37809, Y0: 0.166278

Epoch:700
In training set, loss: 2.1161, Y0: 0.15235

Epoch:800
In training set, loss: 1.9091, Y0: 0.140018

Epoch:900
In training set, loss: 1.74488, Y0: 0.129087

Epoch:1000
In training set, loss: 1.61403, Y0: 0.119388

Epoch:1100
In training set, loss: 1.50933, Y0: 0.110776

Epoch:1200
In training set, loss: 1.42515, Y0: 0.103124

Epoch:1300
In training set, loss: 1.35712, Y0: 0.0963217

Epoch:1400
In training set, loss: 1.30182, Y0: 0.0902725

Epoch:1500
In training set, loss: 1.25658, Y0: 0.0848909

Epoch:1600
In training set, loss: 1.21929, Y0: 0.0801015

Epoch:1700
In training set, loss: 1.1883, Y0: 0.0758383

Epoch:1800
In training set, loss: 1.16229, Y0: 0.0720423

Epoch:1900
In training set, loss: 1.14025, Y0: 0.0686617

Epoch:2000
In training set, loss: 1.12136, Y0: 0.0656504

Epoch:2100
In training set, loss: 1.10498, Y0: 0.0629674

Epoch:2200
In training set, loss: 1.09059, Y0: 0.0605767

Epoch:2300
In training set, loss: 1.0778, Y0: 0.058446

Epoch:2400
In training set, loss: 1.0663, Y0: 0.0565466

Epoch:2500
In training set, loss: 1.05582, Y0: 0.0548531

Epoch:2600
In training set, loss: 1.04617, Y0: 0.053343

Epoch:2700
In training set, loss: 1.03718, Y0: 0.051996

Epoch:2800
In training set, loss: 1.02874, Y0: 0.0507944

Epoch:2900
In training set, loss: 1.02074, Y0: 0.0497221

Epoch:3000
In training set, loss: 1.01311, Y0: 0.0487651

Epoch:3100
In training set, loss: 1.00578, Y0: 0.0479106

Epoch:3200
In training set, loss: 0.998696, Y0: 0.0471475

Epoch:3300
In training set, loss: 0.991824, Y0: 0.0464658

Epoch:3400
In training set, loss: 0.985134, Y0: 0.0458567

Epoch:3500
In training set, loss: 0.978595, Y0: 0.0453121

Epoch:3600
In training set, loss: 0.972191, Y0: 0.0448251

Epoch:3700
In training set, loss: 0.965903, Y0: 0.0443893

Epoch:3800
In training set, loss: 0.95972, Y0: 0.0439992

Epoch:3900
In training set, loss: 0.95363, Y0: 0.0436498

Epoch:4000
In training set, loss: 0.947625, Y0: 0.0433366



###############################################################################
TCHPC Cluster: kelvin
Job 20984 (BSDE_job_1_procs) for User 'zuoy' in Account 'hpc_21_01207'
Finished at: Wed Nov 17 07:53:21 GMT 2021

Job efficiency estimates:
=========================

Job ID: 20984
Cluster: kelvin
User/Group: zuoy/zuoy
State: COMPLETED (exit code 0)
Nodes: 1
Cores per node: 12
CPU Utilized: 01:09:47
CPU Efficiency: 8.33% of 13:57:36 core-walltime
Job Wall-clock time: 01:09:48
Memory Utilized: 24.70 MB
Memory Efficiency: 0.11% of 22.46 GB

Job completion status:
======================

       JobID    JobName AllocCPUS NTasks NNodes     MaxRSS    MaxRSSNode  MaxDiskRead MaxDiskWrite    Elapsed      State ExitCode 
------------ ---------- --------- ------ ------ ---------- ------------- ------------ ------------ ---------- ---------- -------- 
20984        BSDE_job_+        12             1                                                      01:09:48  COMPLETED      0:0 
20984.batch       batch        12      1      1     25296K   kelvin-n037        0.87M        0.01M   01:09:48  COMPLETED      0:0 


Job details:
============

JobId=20984 JobName=BSDE_job_1_procs
   UserId=zuoy(1582) GroupId=zuoy(1252) MCS_label=N/A
   Priority=11890469 Nice=0 Account=hpc_21_01207 QOS=normal
   JobState=COMPLETING Reason=None Dependency=(null)
   Requeue=0 Restarts=0 BatchFlag=1 Reboot=0 ExitCode=0:0
   DerivedExitCode=0:0
   RunTime=01:09:48 TimeLimit=2-23:00:00 TimeMin=N/A
   SubmitTime=2021-11-17T02:18:37 EligibleTime=2021-11-17T02:18:37
   AccrueTime=2021-11-17T02:18:37
   StartTime=2021-11-17T06:43:33 EndTime=2021-11-17T07:53:21 Deadline=N/A
   SuspendTime=None SecsPreSuspend=0 LastSchedEval=2021-11-17T06:43:33
   Partition=compute AllocNode:Sid=kelvin01:7052
   ReqNodeList=(null) ExcNodeList=(null)
   NodeList=
   BatchHost=kelvin-n037
   NumNodes=1 NumCPUs=12 NumTasks=1 CPUs/Task=1 ReqB:S:C:T=0:0:*:*
   TRES=cpu=12,mem=23000M,node=1,billing=12
   Socks/Node=* NtasksPerN:B:S:C=0:0:*:* CoreSpec=*
   JOB_GRES=(null)
     Nodes=kelvin-n037 CPU_IDs=0-11 Mem=23000 GRES=
   MinCPUsNode=1 MinMemoryNode=23000M MinTmpDiskNode=0
   Features=(null) DelayBoot=00:00:00
   OverSubscribe=NO Contiguous=0 Licenses=(null) Network=(null)
   Command=/home/users/mschpc/2019/zuoy/HPC/NeuralNetwork/sequential/scripts/script_AllenCahn_d300_b64.sh
   WorkDir=/home/users/mschpc/2019/zuoy/HPC/NeuralNetwork/sequential
   StdErr=/home/users/mschpc/2019/zuoy/HPC/NeuralNetwork/sequential/output/slurm-20984.out
   StdIn=/dev/null
   StdOut=/home/users/mschpc/2019/zuoy/HPC/NeuralNetwork/sequential/output/slurm-20984.out
   Power=
   NtasksPerTRES:0


Disk quota details:
===================

Quota Type           Name  Filesystem     Usage in MB     Limit in MB    % Used
-------------------------------------------------------------------------------
USER                 zuoy       /home             102          51,200     0.20%

GROUP              mschpc   /projects             999          51,200     1.95%
GROUP          pi-dgolden   /projects               0          51,200     0.00%


SLURM Bank Statement:
=====================

User           Usage |        Account     Usage | Account Limit Available (CPU hrs)
---------- --------- + -------------- --------- + ------------- ---------
zuoy           6,071 |   HPC_21_01207     6,071 |       100,000    93,929


Acknowledgements:
=================

Note that usage of TCHPC Resources *must* be acknowledged in all publications.

Please see this page for details relevant to this cluster:

http://www.tchpc.tcd.ie/resources/acknowledgementpolicy

################################################################################
