Config data loaded successfully!
Dimension: 100
Total time: 0.3
Number of time intervals: 20
Learning rate: 0.0005
y_init_range: 0.3, 0.5
Number of neurons in each hidden layer of each subnet: 110, 110, 
Epochs: 4000
Batch size: 1
Sample size: 256
Logging frequency: 100
Model name: AllenCahn_serial_


Training:
Epoch:100
In training set, loss: 1.95415, Y0: 0.0291503

Epoch:200
In training set, loss: 1.74333, Y0: 0.029343

Epoch:300
In training set, loss: 1.58647, Y0: 0.0295534

Epoch:400
In training set, loss: 1.46659, Y0: 0.0296551

Epoch:500
In training set, loss: 1.37259, Y0: 0.029677

Epoch:600
In training set, loss: 1.29709, Y0: 0.0296402

Epoch:700
In training set, loss: 1.23506, Y0: 0.0295608

Epoch:800
In training set, loss: 1.18301, Y0: 0.02945

Epoch:900
In training set, loss: 1.13851, Y0: 0.0293158

Epoch:1000
In training set, loss: 1.09981, Y0: 0.0291645

Epoch:1100
In training set, loss: 1.06565, Y0: 0.0290006

Epoch:1200
In training set, loss: 1.03509, Y0: 0.0288281

Epoch:1300
In training set, loss: 1.00745, Y0: 0.0286498

Epoch:1400
In training set, loss: 0.982183, Y0: 0.0284683

Epoch:1500
In training set, loss: 0.958894, Y0: 0.0282856

Epoch:1600
In training set, loss: 0.937268, Y0: 0.0281033

Epoch:1700
In training set, loss: 0.91705, Y0: 0.0279225

Epoch:1800
In training set, loss: 0.89804, Y0: 0.0277439

Epoch:1900
In training set, loss: 0.880079, Y0: 0.0275682

Epoch:2000
In training set, loss: 0.863036, Y0: 0.0273958

Epoch:2100
In training set, loss: 0.8468, Y0: 0.0272273

Epoch:2200
In training set, loss: 0.831282, Y0: 0.0270629

Epoch:2300
In training set, loss: 0.81641, Y0: 0.0269031

Epoch:2400
In training set, loss: 0.802115, Y0: 0.0267477

Epoch:2500
In training set, loss: 0.788345, Y0: 0.026597

Epoch:2600
In training set, loss: 0.775054, Y0: 0.0264507

Epoch:2700
In training set, loss: 0.7622, Y0: 0.026309

Epoch:2800
In training set, loss: 0.749751, Y0: 0.0261717

Epoch:2900
In training set, loss: 0.737674, Y0: 0.0260389

Epoch:3000
In training set, loss: 0.725945, Y0: 0.0259106

Epoch:3100
In training set, loss: 0.714539, Y0: 0.0257867

Epoch:3200
In training set, loss: 0.703435, Y0: 0.0256675

Epoch:3300
In training set, loss: 0.692613, Y0: 0.0255525

Epoch:3400
In training set, loss: 0.682056, Y0: 0.0254416

Epoch:3500
In training set, loss: 0.671754, Y0: 0.0253346

Epoch:3600
In training set, loss: 0.66169, Y0: 0.0252316

Epoch:3700
In training set, loss: 0.651853, Y0: 0.0251321

Epoch:3800
In training set, loss: 0.642232, Y0: 0.0250363

Epoch:3900
In training set, loss: 0.632815, Y0: 0.0249441

Epoch:4000
In training set, loss: 0.623596, Y0: 0.0248552



###############################################################################
TCHPC Cluster: kelvin
Job 21649 (BSDE_job_1_procs) for User 'zuoy' in Account 'hpc_21_01207'
Finished at: Fri Nov 19 15:13:53 GMT 2021

Job efficiency estimates:
=========================

Job ID: 21649
Cluster: kelvin
User/Group: zuoy/zuoy
State: COMPLETED (exit code 0)
Nodes: 1
Cores per node: 12
CPU Utilized: 00:43:49
CPU Efficiency: 8.33% of 08:45:48 core-walltime
Job Wall-clock time: 00:43:49
Memory Utilized: 9.96 MB
Memory Efficiency: 0.04% of 22.46 GB

Job completion status:
======================

       JobID    JobName AllocCPUS NTasks NNodes     MaxRSS    MaxRSSNode  MaxDiskRead MaxDiskWrite    Elapsed      State ExitCode 
------------ ---------- --------- ------ ------ ---------- ------------- ------------ ------------ ---------- ---------- -------- 
21649        BSDE_job_+        12             1                                                      00:43:49  COMPLETED      0:0 
21649.batch       batch        12      1      1     10204K   kelvin-n033        0.85M        0.01M   00:43:49  COMPLETED      0:0 


Job details:
============

JobId=21649 JobName=BSDE_job_1_procs
   UserId=zuoy(1582) GroupId=zuoy(1252) MCS_label=N/A
   Priority=11068975 Nice=0 Account=hpc_21_01207 QOS=normal
   JobState=COMPLETING Reason=None Dependency=(null)
   Requeue=0 Restarts=0 BatchFlag=1 Reboot=0 ExitCode=0:0
   DerivedExitCode=0:0
   RunTime=00:43:49 TimeLimit=2-23:00:00 TimeMin=N/A
   SubmitTime=2021-11-19T13:41:45 EligibleTime=2021-11-19T13:41:45
   AccrueTime=2021-11-19T13:41:45
   StartTime=2021-11-19T14:30:04 EndTime=2021-11-19T15:13:53 Deadline=N/A
   SuspendTime=None SecsPreSuspend=0 LastSchedEval=2021-11-19T14:30:04
   Partition=compute AllocNode:Sid=kelvin01:22213
   ReqNodeList=(null) ExcNodeList=(null)
   NodeList=
   BatchHost=kelvin-n033
   NumNodes=1 NumCPUs=12 NumTasks=1 CPUs/Task=1 ReqB:S:C:T=0:0:*:*
   TRES=cpu=12,mem=23000M,node=1,billing=12
   Socks/Node=* NtasksPerN:B:S:C=0:0:*:* CoreSpec=*
   JOB_GRES=(null)
     Nodes=kelvin-n033 CPU_IDs=0-11 Mem=23000 GRES=
   MinCPUsNode=1 MinMemoryNode=23000M MinTmpDiskNode=0
   Features=(null) DelayBoot=00:00:00
   OverSubscribe=NO Contiguous=0 Licenses=(null) Network=(null)
   Command=/home/users/mschpc/2019/zuoy/HPC/NeuralNetwork/sequential/scripts/script_AllenCahn_d100_b1.sh
   WorkDir=/home/users/mschpc/2019/zuoy/HPC/NeuralNetwork/sequential
   StdErr=/home/users/mschpc/2019/zuoy/HPC/NeuralNetwork/sequential/output/slurm-21649.out
   StdIn=/dev/null
   StdOut=/home/users/mschpc/2019/zuoy/HPC/NeuralNetwork/sequential/output/slurm-21649.out
   Power=
   NtasksPerTRES:0


Disk quota details:
===================

Quota Type           Name  Filesystem     Usage in MB     Limit in MB    % Used
-------------------------------------------------------------------------------
USER                 zuoy       /home             109          51,200     0.21%

GROUP              mschpc   /projects             999          51,200     1.95%
GROUP          pi-dgolden   /projects               0          51,200     0.00%


SLURM Bank Statement:
=====================

User           Usage |        Account     Usage | Account Limit Available (CPU hrs)
---------- --------- + -------------- --------- + ------------- ---------
zuoy          10,560 |   HPC_21_01207    10,560 |       100,000    89,440


Acknowledgements:
=================

Note that usage of TCHPC Resources *must* be acknowledged in all publications.

Please see this page for details relevant to this cluster:

http://www.tchpc.tcd.ie/resources/acknowledgementpolicy

################################################################################
