Config data loaded successfully!
Dimension: 100
Total time: 0.3
Number of time intervals: 20
Learning rate: 0.0005
y_init_range: 0.3, 0.5
Number of neurons in each hidden layer of each subnet: 110, 110, 
Epochs: 4000
Batch size: 128
Sample size: 256
Logging frequency: 100
Model name: AllenCahn_serial_


Training:
Epoch:100
In training set, loss: 5.8293, Y0: 0.285287

Epoch:200
In training set, loss: 5.34071, Y0: 0.271575

Epoch:300
In training set, loss: 4.915, Y0: 0.258781

Epoch:400
In training set, loss: 4.54312, Y0: 0.246826

Epoch:500
In training set, loss: 4.21749, Y0: 0.235644

Epoch:600
In training set, loss: 3.93177, Y0: 0.225174

Epoch:700
In training set, loss: 3.68061, Y0: 0.215362

Epoch:800
In training set, loss: 3.45948, Y0: 0.20616

Epoch:900
In training set, loss: 3.26449, Y0: 0.197525

Epoch:1000
In training set, loss: 3.09232, Y0: 0.189416

Epoch:1100
In training set, loss: 2.94011, Y0: 0.181797

Epoch:1200
In training set, loss: 2.80541, Y0: 0.174636

Epoch:1300
In training set, loss: 2.68606, Y0: 0.167901

Epoch:1400
In training set, loss: 2.58023, Y0: 0.161566

Epoch:1500
In training set, loss: 2.48628, Y0: 0.155604

Epoch:1600
In training set, loss: 2.40281, Y0: 0.149992

Epoch:1700
In training set, loss: 2.32859, Y0: 0.144708

Epoch:1800
In training set, loss: 2.26255, Y0: 0.139732

Epoch:1900
In training set, loss: 2.20373, Y0: 0.135043

Epoch:2000
In training set, loss: 2.15129, Y0: 0.130625

Epoch:2100
In training set, loss: 2.10452, Y0: 0.126462

Epoch:2200
In training set, loss: 2.06275, Y0: 0.122538

Epoch:2300
In training set, loss: 2.02543, Y0: 0.118839

Epoch:2400
In training set, loss: 1.99206, Y0: 0.115351

Epoch:2500
In training set, loss: 1.96218, Y0: 0.112062

Epoch:2600
In training set, loss: 1.9354, Y0: 0.108961

Epoch:2700
In training set, loss: 1.91139, Y0: 0.106036

Epoch:2800
In training set, loss: 1.88982, Y0: 0.103277

Epoch:2900
In training set, loss: 1.87044, Y0: 0.100674

Epoch:3000
In training set, loss: 1.85299, Y0: 0.0982189

Epoch:3100
In training set, loss: 1.83726, Y0: 0.0959025

Epoch:3200
In training set, loss: 1.82307, Y0: 0.0937171

Epoch:3300
In training set, loss: 1.81024, Y0: 0.0916551

Epoch:3400
In training set, loss: 1.79862, Y0: 0.0897093

Epoch:3500
In training set, loss: 1.78808, Y0: 0.0878733

Epoch:3600
In training set, loss: 1.77851, Y0: 0.0861407

Epoch:3700
In training set, loss: 1.76979, Y0: 0.0845056

Epoch:3800
In training set, loss: 1.76184, Y0: 0.0829626

Epoch:3900
In training set, loss: 1.75457, Y0: 0.0815063

Epoch:4000
In training set, loss: 1.7479, Y0: 0.0801319



###############################################################################
TCHPC Cluster: kelvin
Job 21614 (BSDE_job_1_procs) for User 'zuoy' in Account 'hpc_21_01207'
Finished at: Fri Nov 19 13:59:07 GMT 2021

Job efficiency estimates:
=========================

Job ID: 21614
Cluster: kelvin
User/Group: zuoy/zuoy
State: COMPLETED (exit code 0)
Nodes: 1
Cores per node: 12
CPU Utilized: 00:31:00
CPU Efficiency: 8.32% of 06:12:36 core-walltime
Job Wall-clock time: 00:31:03
Memory Utilized: 9.96 MB
Memory Efficiency: 0.04% of 22.46 GB

Job completion status:
======================

       JobID    JobName AllocCPUS NTasks NNodes     MaxRSS    MaxRSSNode  MaxDiskRead MaxDiskWrite    Elapsed      State ExitCode 
------------ ---------- --------- ------ ------ ---------- ------------- ------------ ------------ ---------- ---------- -------- 
21614        BSDE_job_+        12             1                                                      00:31:03  COMPLETED      0:0 
21614.batch       batch        12      1      1     10200K   kelvin-n063        0.85M        0.01M   00:31:03  COMPLETED      0:0 


Job details:
============

JobId=21614 JobName=BSDE_job_1_procs
   UserId=zuoy(1582) GroupId=zuoy(1252) MCS_label=N/A
   Priority=11044593 Nice=0 Account=hpc_21_01207 QOS=normal
   JobState=COMPLETING Reason=None Dependency=(null)
   Requeue=0 Restarts=0 BatchFlag=1 Reboot=0 ExitCode=0:0
   DerivedExitCode=0:0
   RunTime=00:31:03 TimeLimit=2-23:00:00 TimeMin=N/A
   SubmitTime=2021-11-19T13:28:04 EligibleTime=2021-11-19T13:28:04
   AccrueTime=2021-11-19T13:28:04
   StartTime=2021-11-19T13:28:04 EndTime=2021-11-19T13:59:07 Deadline=N/A
   SuspendTime=None SecsPreSuspend=0 LastSchedEval=2021-11-19T13:28:04
   Partition=compute AllocNode:Sid=kelvin01:22213
   ReqNodeList=(null) ExcNodeList=(null)
   NodeList=
   BatchHost=kelvin-n063
   NumNodes=1 NumCPUs=12 NumTasks=1 CPUs/Task=1 ReqB:S:C:T=0:0:*:*
   TRES=cpu=12,mem=23000M,node=1,billing=12
   Socks/Node=* NtasksPerN:B:S:C=0:0:*:* CoreSpec=*
   JOB_GRES=(null)
     Nodes=kelvin-n063 CPU_IDs=0-11 Mem=23000 GRES=
   MinCPUsNode=1 MinMemoryNode=23000M MinTmpDiskNode=0
   Features=(null) DelayBoot=00:00:00
   OverSubscribe=NO Contiguous=0 Licenses=(null) Network=(null)
   Command=/home/users/mschpc/2019/zuoy/HPC/NeuralNetwork/sequential/scripts/script_AllenCahn_d100_b128.sh
   WorkDir=/home/users/mschpc/2019/zuoy/HPC/NeuralNetwork/sequential
   StdErr=/home/users/mschpc/2019/zuoy/HPC/NeuralNetwork/sequential/output/slurm-21614.out
   StdIn=/dev/null
   StdOut=/home/users/mschpc/2019/zuoy/HPC/NeuralNetwork/sequential/output/slurm-21614.out
   Power=
   NtasksPerTRES:0


Disk quota details:
===================

Quota Type           Name  Filesystem     Usage in MB     Limit in MB    % Used
-------------------------------------------------------------------------------
USER                 zuoy       /home             109          51,200     0.21%

GROUP              mschpc   /projects             999          51,200     1.95%
GROUP          pi-dgolden   /projects               0          51,200     0.00%


SLURM Bank Statement:
=====================

User           Usage |        Account     Usage | Account Limit Available (CPU hrs)
---------- --------- + -------------- --------- + ------------- ---------
zuoy          10,380 |   HPC_21_01207    10,380 |       100,000    89,620


Acknowledgements:
=================

Note that usage of TCHPC Resources *must* be acknowledged in all publications.

Please see this page for details relevant to this cluster:

http://www.tchpc.tcd.ie/resources/acknowledgementpolicy

################################################################################
