Config data loaded successfully!
Dimension: 300
Total time: 1
Number of time intervals: 20
Learning rate: 0.01
y_init_range: 0, 1
Number of neurons in each hidden layer of each subnet: 110, 110, 
Epochs: 3000
Batch size: 1
Sample size: 256
Logging frequency: 100
Model name: HJBLQ_serial_


Training:
Epoch:100
In training set, loss: 0.135771, Y0: 5.43255

Epoch:200
In training set, loss: 0.0397519, Y0: 5.4414

Epoch:300
In training set, loss: 0.0156629, Y0: 5.44407

Epoch:400
In training set, loss: 0.00682876, Y0: 5.4451

Epoch:500
In training set, loss: 0.00313612, Y0: 5.44558

Epoch:600
In training set, loss: 0.00149399, Y0: 5.44584

Epoch:700
In training set, loss: 0.000734795, Y0: 5.446

Epoch:800
In training set, loss: 0.000374089, Y0: 5.4461

Epoch:900
In training set, loss: 0.000198495, Y0: 5.44617

Epoch:1000
In training set, loss: 0.000110656, Y0: 5.44623

Epoch:1100
In training set, loss: 6.50866e-05, Y0: 5.44626

Epoch:1200
In training set, loss: 4.03324e-05, Y0: 5.44629

Epoch:1300
In training set, loss: 2.61561e-05, Y0: 5.44631

Epoch:1400
In training set, loss: 1.76107e-05, Y0: 5.44632

Epoch:1500
In training set, loss: 1.21953e-05, Y0: 5.44634

Epoch:1600
In training set, loss: 8.651e-06, Y0: 5.44636

Epoch:1700
In training set, loss: 6.25366e-06, Y0: 5.44636

Epoch:1800
In training set, loss: 4.59726e-06, Y0: 5.44637

Epoch:1900
In training set, loss: 3.41742e-06, Y0: 5.44638

Epoch:2000
In training set, loss: 2.57385e-06, Y0: 5.44638

Epoch:2100
In training set, loss: 1.95868e-06, Y0: 5.44638

Epoch:2200
In training set, loss: 1.49968e-06, Y0: 5.44638

Epoch:2300
In training set, loss: 1.15681e-06, Y0: 5.44637

Epoch:2400
In training set, loss: 8.97537e-07, Y0: 5.44638

Epoch:2500
In training set, loss: 7.00262e-07, Y0: 5.44638

Epoch:2600
In training set, loss: 5.50685e-07, Y0: 5.44638

Epoch:2700
In training set, loss: 4.32287e-07, Y0: 5.44638

Epoch:2800
In training set, loss: 3.43624e-07, Y0: 5.44637

Epoch:2900
In training set, loss: 2.74396e-07, Y0: 5.44635

Epoch:3000
In training set, loss: 2.21465e-07, Y0: 5.44633



###############################################################################
TCHPC Cluster: kelvin
Job 21085 (BSDE_job_1_procs) for User 'zuoy' in Account 'hpc_21_01207'
Finished at: Wed Nov 17 18:28:34 GMT 2021

Job efficiency estimates:
=========================

Job ID: 21085
Cluster: kelvin
User/Group: zuoy/zuoy
State: COMPLETED (exit code 0)
Nodes: 1
Cores per node: 12
CPU Utilized: 01:15:28
CPU Efficiency: 8.33% of 15:05:36 core-walltime
Job Wall-clock time: 01:15:28
Memory Utilized: 24.77 MB
Memory Efficiency: 0.11% of 22.46 GB

Job completion status:
======================

       JobID    JobName AllocCPUS NTasks NNodes     MaxRSS    MaxRSSNode  MaxDiskRead MaxDiskWrite    Elapsed      State ExitCode 
------------ ---------- --------- ------ ------ ---------- ------------- ------------ ------------ ---------- ---------- -------- 
21085        BSDE_job_+        12             1                                                      01:15:28  COMPLETED      0:0 
21085.batch       batch        12      1      1     25360K   kelvin-n078        0.85M        0.01M   01:15:28  COMPLETED      0:0 


Job details:
============

JobId=21085 JobName=BSDE_job_1_procs
   UserId=zuoy(1582) GroupId=zuoy(1252) MCS_label=N/A
   Priority=11789783 Nice=0 Account=hpc_21_01207 QOS=normal
   JobState=COMPLETING Reason=None Dependency=(null)
   Requeue=0 Restarts=0 BatchFlag=1 Reboot=0 ExitCode=0:0
   DerivedExitCode=0:0
   RunTime=01:15:28 TimeLimit=2-23:00:00 TimeMin=N/A
   SubmitTime=2021-11-17T16:11:36 EligibleTime=2021-11-17T16:11:36
   AccrueTime=2021-11-17T16:11:36
   StartTime=2021-11-17T17:13:05 EndTime=2021-11-17T18:28:33 Deadline=N/A
   SuspendTime=None SecsPreSuspend=0 LastSchedEval=2021-11-17T17:13:05
   Partition=compute AllocNode:Sid=kelvin01:6446
   ReqNodeList=(null) ExcNodeList=(null)
   NodeList=
   BatchHost=kelvin-n078
   NumNodes=1 NumCPUs=12 NumTasks=1 CPUs/Task=1 ReqB:S:C:T=0:0:*:*
   TRES=cpu=12,mem=23000M,node=1,billing=12
   Socks/Node=* NtasksPerN:B:S:C=0:0:*:* CoreSpec=*
   JOB_GRES=(null)
     Nodes=kelvin-n078 CPU_IDs=0-11 Mem=23000 GRES=
   MinCPUsNode=1 MinMemoryNode=23000M MinTmpDiskNode=0
   Features=(null) DelayBoot=00:00:00
   OverSubscribe=NO Contiguous=0 Licenses=(null) Network=(null)
   Command=/home/users/mschpc/2019/zuoy/HPC/NeuralNetwork/sequential/scripts/script_HJBLQ_d300_b1.sh
   WorkDir=/home/users/mschpc/2019/zuoy/HPC/NeuralNetwork/sequential
   StdErr=/home/users/mschpc/2019/zuoy/HPC/NeuralNetwork/sequential/output/slurm-21085.out
   StdIn=/dev/null
   StdOut=/home/users/mschpc/2019/zuoy/HPC/NeuralNetwork/sequential/output/slurm-21085.out
   Power=
   NtasksPerTRES:0


Disk quota details:
===================

Quota Type           Name  Filesystem     Usage in MB     Limit in MB    % Used
-------------------------------------------------------------------------------
USER                 zuoy       /home             103          51,200     0.20%

GROUP              mschpc   /projects             999          51,200     1.95%
GROUP          pi-dgolden   /projects               0          51,200     0.00%


SLURM Bank Statement:
=====================

User           Usage |        Account     Usage | Account Limit Available (CPU hrs)
---------- --------- + -------------- --------- + ------------- ---------
zuoy           6,415 |   HPC_21_01207     6,415 |       100,000    93,585


Acknowledgements:
=================

Note that usage of TCHPC Resources *must* be acknowledged in all publications.

Please see this page for details relevant to this cluster:

http://www.tchpc.tcd.ie/resources/acknowledgementpolicy

################################################################################
