Config data loaded successfully!
Dimension: 200
Total time: 1
Number of time intervals: 20
Learning rate: 0.01
y_init_range: 0, 1
Number of neurons in each hidden layer of each subnet: 110, 110, 
Epochs: 1000
Batch size: 1
Sample size: 1024
Logging frequency: 100
Model name: HJBLQ_serial_


Training:
Epoch:100
In training set, loss: 6.03378, Y0: 5.28426

Epoch:200
In training set, loss: 3.25674, Y0: 5.28471

Epoch:300
In training set, loss: 1.8192, Y0: 5.28456

Epoch:400
In training set, loss: 1.04671, Y0: 5.28411

Epoch:500
In training set, loss: 0.617667, Y0: 5.28352

Epoch:600
In training set, loss: 0.372398, Y0: 5.28286

Epoch:700
In training set, loss: 0.228625, Y0: 5.2822

Epoch:800
In training set, loss: 0.14251, Y0: 5.28157

Epoch:900
In training set, loss: 0.0899786, Y0: 5.28098

Epoch:1000
In training set, loss: 0.057446, Y0: 5.28045



###############################################################################
TCHPC Cluster: kelvin
Job 21738 (BSDE_job_1_procs) for User 'zuoy' in Account 'hpc_21_01207'
Finished at: Sat Nov 20 00:00:00 GMT 2021

Job efficiency estimates:
=========================

Job ID: 21738
Cluster: kelvin
User/Group: zuoy/zuoy
State: COMPLETED (exit code 0)
Nodes: 1
Cores per node: 12
CPU Utilized: 01:10:45
CPU Efficiency: 8.33% of 14:09:12 core-walltime
Job Wall-clock time: 01:10:46
Memory Utilized: 42.49 MB
Memory Efficiency: 0.18% of 22.46 GB

Job completion status:
======================

       JobID    JobName AllocCPUS NTasks NNodes     MaxRSS    MaxRSSNode  MaxDiskRead MaxDiskWrite    Elapsed      State ExitCode 
------------ ---------- --------- ------ ------ ---------- ------------- ------------ ------------ ---------- ---------- -------- 
21738        BSDE_job_+        12             1                                                      01:10:46  COMPLETED      0:0 
21738.batch       batch        12      1      1     43512K   kelvin-n055        0.85M        0.01M   01:10:46  COMPLETED      0:0 


Job details:
============

JobId=21738 JobName=BSDE_job_1_procs
   UserId=zuoy(1582) GroupId=zuoy(1252) MCS_label=N/A
   Priority=11058062 Nice=0 Account=hpc_21_01207 QOS=normal
   JobState=COMPLETING Reason=None Dependency=(null)
   Requeue=0 Restarts=0 BatchFlag=1 Reboot=0 ExitCode=0:0
   DerivedExitCode=0:0
   RunTime=01:10:46 TimeLimit=2-23:00:00 TimeMin=N/A
   SubmitTime=2021-11-19T22:22:45 EligibleTime=2021-11-19T22:22:45
   AccrueTime=2021-11-19T22:22:45
   StartTime=2021-11-19T22:49:14 EndTime=2021-11-20T00:00:00 Deadline=N/A
   SuspendTime=None SecsPreSuspend=0 LastSchedEval=2021-11-19T22:49:14
   Partition=compute AllocNode:Sid=kelvin01:22213
   ReqNodeList=(null) ExcNodeList=(null)
   NodeList=
   BatchHost=kelvin-n055
   NumNodes=1 NumCPUs=12 NumTasks=1 CPUs/Task=1 ReqB:S:C:T=0:0:*:*
   TRES=cpu=12,mem=23000M,node=1,billing=12
   Socks/Node=* NtasksPerN:B:S:C=0:0:*:* CoreSpec=*
   JOB_GRES=(null)
     Nodes=kelvin-n055 CPU_IDs=0-11 Mem=23000 GRES=
   MinCPUsNode=1 MinMemoryNode=23000M MinTmpDiskNode=0
   Features=(null) DelayBoot=00:00:00
   OverSubscribe=NO Contiguous=0 Licenses=(null) Network=(null)
   Command=/home/users/mschpc/2019/zuoy/HPC/NeuralNetwork/sequential/scripts/script_HJBLQ_d200_b1.sh
   WorkDir=/home/users/mschpc/2019/zuoy/HPC/NeuralNetwork/sequential
   StdErr=/home/users/mschpc/2019/zuoy/HPC/NeuralNetwork/sequential/output/slurm-21738.out
   StdIn=/dev/null
   StdOut=/home/users/mschpc/2019/zuoy/HPC/NeuralNetwork/sequential/output/slurm-21738.out
   Power=
   NtasksPerTRES:0


Disk quota details:
===================

Quota Type           Name  Filesystem     Usage in MB     Limit in MB    % Used
-------------------------------------------------------------------------------
USER                 zuoy       /home             111          51,200     0.22%

GROUP              mschpc   /projects             999          51,200     1.95%
GROUP          pi-dgolden   /projects               0          51,200     0.00%


SLURM Bank Statement:
=====================

User           Usage |        Account     Usage | Account Limit Available (CPU hrs)
---------- --------- + -------------- --------- + ------------- ---------
zuoy          11,127 |   HPC_21_01207    11,127 |       100,000    88,873


Acknowledgements:
=================

Note that usage of TCHPC Resources *must* be acknowledged in all publications.

Please see this page for details relevant to this cluster:

http://www.tchpc.tcd.ie/resources/acknowledgementpolicy

################################################################################
