Config data loaded successfully!
Dimension: 300
Total time: 1
Number of time intervals: 20
Learning rate: 0.01
y_init_range: 0, 1
Number of neurons in each hidden layer of each subnet: 110, 110, 
Epochs: 4000
Batch size: 64
Sample size: 256
Logging frequency: 100
Model name: HJBLQ_serial_


Training:
Epoch:100
In training set, loss: 16.5176, Y0: 5.1433

Epoch:200
In training set, loss: 9.05105, Y0: 5.2657

Epoch:300
In training set, loss: 6.00294, Y0: 5.31195

Epoch:400
In training set, loss: 4.4289, Y0: 5.34379

Epoch:500
In training set, loss: 3.48904, Y0: 5.36753

Epoch:600
In training set, loss: 2.86338, Y0: 5.38613

Epoch:700
In training set, loss: 2.41428, Y0: 5.40123

Epoch:800
In training set, loss: 2.07491, Y0: 5.41382

Epoch:900
In training set, loss: 1.80911, Y0: 5.42454

Epoch:1000
In training set, loss: 1.59542, Y0: 5.43381

Epoch:1100
In training set, loss: 1.42018, Y0: 5.44193

Epoch:1200
In training set, loss: 1.2742, Y0: 5.44911

Epoch:1300
In training set, loss: 1.15103, Y0: 5.4555

Epoch:1400
In training set, loss: 1.04597, Y0: 5.46124

Epoch:1500
In training set, loss: 0.955528, Y0: 5.46642

Epoch:1600
In training set, loss: 0.877045, Y0: 5.47113

Epoch:1700
In training set, loss: 0.808454, Y0: 5.47541

Epoch:1800
In training set, loss: 0.748131, Y0: 5.47933

Epoch:1900
In training set, loss: 0.69478, Y0: 5.48292

Epoch:2000
In training set, loss: 0.647347, Y0: 5.48624

Epoch:2100
In training set, loss: 0.604984, Y0: 5.4893

Epoch:2200
In training set, loss: 0.566986, Y0: 5.49214

Epoch:2300
In training set, loss: 0.532767, Y0: 5.49477

Epoch:2400
In training set, loss: 0.501842, Y0: 5.49722

Epoch:2500
In training set, loss: 0.473796, Y0: 5.49951

Epoch:2600
In training set, loss: 0.448278, Y0: 5.50165

Epoch:2700
In training set, loss: 0.424991, Y0: 5.50366

Epoch:2800
In training set, loss: 0.403683, Y0: 5.50554

Epoch:2900
In training set, loss: 0.38413, Y0: 5.50732

Epoch:3000
In training set, loss: 0.366144, Y0: 5.50899

Epoch:3100
In training set, loss: 0.349557, Y0: 5.51056

Epoch:3200
In training set, loss: 0.334224, Y0: 5.51205

Epoch:3300
In training set, loss: 0.32002, Y0: 5.51346

Epoch:3400
In training set, loss: 0.306833, Y0: 5.51479

Epoch:3500
In training set, loss: 0.294566, Y0: 5.51606

Epoch:3600
In training set, loss: 0.28313, Y0: 5.51727

Epoch:3700
In training set, loss: 0.272448, Y0: 5.51841

Epoch:3800
In training set, loss: 0.262456, Y0: 5.51951

Epoch:3900
In training set, loss: 0.253086, Y0: 5.52055

Epoch:4000
In training set, loss: 0.244291, Y0: 5.52154



###############################################################################
TCHPC Cluster: kelvin
Job 21682 (BSDE_job_1_procs) for User 'zuoy' in Account 'hpc_21_01207'
Finished at: Fri Nov 19 16:46:34 GMT 2021

Job efficiency estimates:
=========================

Job ID: 21682
Cluster: kelvin
User/Group: zuoy/zuoy
State: COMPLETED (exit code 0)
Nodes: 1
Cores per node: 12
CPU Utilized: 01:09:59
CPU Efficiency: 8.33% of 13:59:48 core-walltime
Job Wall-clock time: 01:09:59
Memory Utilized: 24.66 MB
Memory Efficiency: 0.11% of 22.46 GB

Job completion status:
======================

       JobID    JobName AllocCPUS NTasks NNodes     MaxRSS    MaxRSSNode  MaxDiskRead MaxDiskWrite    Elapsed      State ExitCode 
------------ ---------- --------- ------ ------ ---------- ------------- ------------ ------------ ---------- ---------- -------- 
21682        BSDE_job_+        12             1                                                      01:09:59  COMPLETED      0:0 
21682.batch       batch        12      1      1     25252K   kelvin-n097        0.85M        0.01M   01:09:59  COMPLETED      0:0 


Job details:
============

JobId=21682 JobName=BSDE_job_1_procs
   UserId=zuoy(1582) GroupId=zuoy(1252) MCS_label=N/A
   Priority=11077688 Nice=0 Account=hpc_21_01207 QOS=normal
   JobState=COMPLETING Reason=None Dependency=(null)
   Requeue=0 Restarts=0 BatchFlag=1 Reboot=0 ExitCode=0:0
   DerivedExitCode=0:0
   RunTime=01:09:59 TimeLimit=2-23:00:00 TimeMin=N/A
   SubmitTime=2021-11-19T14:30:11 EligibleTime=2021-11-19T14:30:11
   AccrueTime=2021-11-19T14:30:11
   StartTime=2021-11-19T15:36:35 EndTime=2021-11-19T16:46:34 Deadline=N/A
   SuspendTime=None SecsPreSuspend=0 LastSchedEval=2021-11-19T15:36:35
   Partition=compute AllocNode:Sid=kelvin01:22213
   ReqNodeList=(null) ExcNodeList=(null)
   NodeList=
   BatchHost=kelvin-n097
   NumNodes=1 NumCPUs=12 NumTasks=1 CPUs/Task=1 ReqB:S:C:T=0:0:*:*
   TRES=cpu=12,mem=23000M,node=1,billing=12
   Socks/Node=* NtasksPerN:B:S:C=0:0:*:* CoreSpec=*
   JOB_GRES=(null)
     Nodes=kelvin-n097 CPU_IDs=0-11 Mem=23000 GRES=
   MinCPUsNode=1 MinMemoryNode=23000M MinTmpDiskNode=0
   Features=(null) DelayBoot=00:00:00
   OverSubscribe=NO Contiguous=0 Licenses=(null) Network=(null)
   Command=/home/users/mschpc/2019/zuoy/HPC/NeuralNetwork/sequential/scripts/script_HJBLQ_d300_b64.sh
   WorkDir=/home/users/mschpc/2019/zuoy/HPC/NeuralNetwork/sequential
   StdErr=/home/users/mschpc/2019/zuoy/HPC/NeuralNetwork/sequential/output/slurm-21682.out
   StdIn=/dev/null
   StdOut=/home/users/mschpc/2019/zuoy/HPC/NeuralNetwork/sequential/output/slurm-21682.out
   Power=
   NtasksPerTRES:0


Disk quota details:
===================

Quota Type           Name  Filesystem     Usage in MB     Limit in MB    % Used
-------------------------------------------------------------------------------
USER                 zuoy       /home             109          51,200     0.21%

GROUP              mschpc   /projects             999          51,200     1.95%
GROUP          pi-dgolden   /projects               0          51,200     0.00%


SLURM Bank Statement:
=====================

User           Usage |        Account     Usage | Account Limit Available (CPU hrs)
---------- --------- + -------------- --------- + ------------- ---------
zuoy          10,776 |   HPC_21_01207    10,776 |       100,000    89,224


Acknowledgements:
=================

Note that usage of TCHPC Resources *must* be acknowledged in all publications.

Please see this page for details relevant to this cluster:

http://www.tchpc.tcd.ie/resources/acknowledgementpolicy

################################################################################
