Config data loaded successfully!
Dimension: 100
Total time: 0.25
Number of time intervals: 20
Learning rate: 0.0005
y_init_range: 0.3, 0.5
Number of neurons in each hidden layer of each subnet: 110, 110, 
Epochs: 4000
Batch size: 1
Sample size: 1024
Logging frequency: 100
Model name: AllenCahn_serial_


Training:
Epoch:100
In training set, loss: 5.95107, Y0: 0.0554291

Epoch:200
In training set, loss: 5.30902, Y0: 0.0557445

Epoch:300
In training set, loss: 4.9984, Y0: 0.0558691

Epoch:400
In training set, loss: 4.81978, Y0: 0.0559055

Epoch:500
In training set, loss: 4.69803, Y0: 0.0558998

Epoch:600
In training set, loss: 4.60285, Y0: 0.0558752

Epoch:700
In training set, loss: 4.52109, Y0: 0.0558434

Epoch:800
In training set, loss: 4.44672, Y0: 0.0558099

Epoch:900
In training set, loss: 4.3768, Y0: 0.0557778

Epoch:1000
In training set, loss: 4.30984, Y0: 0.0557484

Epoch:1100
In training set, loss: 4.24503, Y0: 0.0557221

Epoch:1200
In training set, loss: 4.18191, Y0: 0.0556989

Epoch:1300
In training set, loss: 4.12026, Y0: 0.0556785

Epoch:1400
In training set, loss: 4.0599, Y0: 0.0556604

Epoch:1500
In training set, loss: 4.00073, Y0: 0.0556443

Epoch:1600
In training set, loss: 3.9427, Y0: 0.0556304

Epoch:1700
In training set, loss: 3.88575, Y0: 0.0556179

Epoch:1800
In training set, loss: 3.82986, Y0: 0.0556066

Epoch:1900
In training set, loss: 3.77498, Y0: 0.0555963

Epoch:2000
In training set, loss: 3.72111, Y0: 0.0555869

Epoch:2100
In training set, loss: 3.66822, Y0: 0.0555783

Epoch:2200
In training set, loss: 3.61627, Y0: 0.05557

Epoch:2300
In training set, loss: 3.56525, Y0: 0.055562

Epoch:2400
In training set, loss: 3.51515, Y0: 0.0555548

Epoch:2500
In training set, loss: 3.46593, Y0: 0.0555478

Epoch:2600
In training set, loss: 3.41757, Y0: 0.0555412

Epoch:2700
In training set, loss: 3.37006, Y0: 0.0555349

Epoch:2800
In training set, loss: 3.32338, Y0: 0.0555288

Epoch:2900
In training set, loss: 3.27752, Y0: 0.0555227

Epoch:3000
In training set, loss: 3.23247, Y0: 0.0555167

Epoch:3100
In training set, loss: 3.18819, Y0: 0.0555106

Epoch:3200
In training set, loss: 3.14468, Y0: 0.0555047

Epoch:3300
In training set, loss: 3.10192, Y0: 0.0554987

Epoch:3400
In training set, loss: 3.0599, Y0: 0.0554927

Epoch:3500
In training set, loss: 3.0186, Y0: 0.0554868

Epoch:3600
In training set, loss: 2.97801, Y0: 0.0554807

Epoch:3700
In training set, loss: 2.93812, Y0: 0.0554748

Epoch:3800
In training set, loss: 2.89891, Y0: 0.0554687

Epoch:3900
In training set, loss: 2.86037, Y0: 0.0554628

Epoch:4000
In training set, loss: 2.82248, Y0: 0.0554568



###############################################################################
TCHPC Cluster: kelvin
Job 22160 (BSDE_job_1_procs) for User 'zuoy' in Account 'hpc_21_01207'
Finished at: Sat Nov 20 20:44:31 GMT 2021

Job efficiency estimates:
=========================

Job ID: 22160
Cluster: kelvin
User/Group: zuoy/zuoy
State: COMPLETED (exit code 0)
Nodes: 1
Cores per node: 12
CPU Utilized: 03:19:20
CPU Efficiency: 8.33% of 1-15:52:12 core-walltime
Job Wall-clock time: 03:19:21
Memory Utilized: 23.27 MB
Memory Efficiency: 0.10% of 22.46 GB

Job completion status:
======================

       JobID    JobName AllocCPUS NTasks NNodes     MaxRSS    MaxRSSNode  MaxDiskRead MaxDiskWrite    Elapsed      State ExitCode 
------------ ---------- --------- ------ ------ ---------- ------------- ------------ ------------ ---------- ---------- -------- 
22160        BSDE_job_+        12             1                                                      03:19:21  COMPLETED      0:0 
22160.batch       batch        12      1      1     23824K   kelvin-n081        0.85M        0.01M   03:19:21  COMPLETED      0:0 


Job details:
============

JobId=22160 JobName=BSDE_job_1_procs
   UserId=zuoy(1582) GroupId=zuoy(1252) MCS_label=N/A
   Priority=11154333 Nice=0 Account=hpc_21_01207 QOS=normal
   JobState=COMPLETING Reason=None Dependency=(null)
   Requeue=0 Restarts=0 BatchFlag=1 Reboot=0 ExitCode=0:0
   DerivedExitCode=0:0
   RunTime=03:19:21 TimeLimit=2-23:00:00 TimeMin=N/A
   SubmitTime=2021-11-20T13:44:40 EligibleTime=2021-11-20T13:44:40
   AccrueTime=2021-11-20T13:44:40
   StartTime=2021-11-20T17:25:10 EndTime=2021-11-20T20:44:31 Deadline=N/A
   SuspendTime=None SecsPreSuspend=0 LastSchedEval=2021-11-20T17:25:10
   Partition=compute AllocNode:Sid=kelvin01:20266
   ReqNodeList=(null) ExcNodeList=(null)
   NodeList=
   BatchHost=kelvin-n081
   NumNodes=1 NumCPUs=12 NumTasks=1 CPUs/Task=1 ReqB:S:C:T=0:0:*:*
   TRES=cpu=12,mem=23000M,node=1,billing=12
   Socks/Node=* NtasksPerN:B:S:C=0:0:*:* CoreSpec=*
   JOB_GRES=(null)
     Nodes=kelvin-n081 CPU_IDs=0-11 Mem=23000 GRES=
   MinCPUsNode=1 MinMemoryNode=23000M MinTmpDiskNode=0
   Features=(null) DelayBoot=00:00:00
   OverSubscribe=NO Contiguous=0 Licenses=(null) Network=(null)
   Command=/home/users/mschpc/2019/zuoy/HPC/NeuralNetwork/sequential/scripts/script_AllenCahn_d200_b1.sh
   WorkDir=/home/users/mschpc/2019/zuoy/HPC/NeuralNetwork/sequential
   StdErr=/home/users/mschpc/2019/zuoy/HPC/NeuralNetwork/sequential/output/slurm-22160.out
   StdIn=/dev/null
   StdOut=/home/users/mschpc/2019/zuoy/HPC/NeuralNetwork/sequential/output/slurm-22160.out
   Power=
   NtasksPerTRES:0


Disk quota details:
===================

Quota Type           Name  Filesystem     Usage in MB     Limit in MB    % Used
-------------------------------------------------------------------------------
USER                 zuoy       /home             118          51,200     0.23%

GROUP              mschpc   /projects             999          51,200     1.95%
GROUP          pi-dgolden   /projects               0          51,200     0.00%


SLURM Bank Statement:
=====================

User           Usage |        Account     Usage | Account Limit Available (CPU hrs)
---------- --------- + -------------- --------- + ------------- ---------
zuoy          14,273 |   HPC_21_01207    14,273 |       100,000    85,727


Acknowledgements:
=================

Note that usage of TCHPC Resources *must* be acknowledged in all publications.

Please see this page for details relevant to this cluster:

http://www.tchpc.tcd.ie/resources/acknowledgementpolicy

################################################################################
