Config data loaded successfully!
Dimension: 300
Total time: 1
Number of time intervals: 20
Learning rate: 0.01
y_init_range: 0, 1
Number of neurons in each hidden layer of each subnet: 110, 110, 
Epochs: 4000
Batch size: 16
Sample size: 16
Logging frequency: 100
Model name: HJBLQ_serial_


Training:
Epoch:100
In training set, loss: 3.34492, Y0: 2.24695

Epoch:200
In training set, loss: 0.255138, Y0: 2.45236

Epoch:300
In training set, loss: 0.0454054, Y0: 2.47924

Epoch:400
In training set, loss: 0.00895899, Y0: 2.48632

Epoch:500
In training set, loss: 0.00187831, Y0: 2.48902

Epoch:600
In training set, loss: 0.000416813, Y0: 2.49017

Epoch:700
In training set, loss: 9.7836e-05, Y0: 2.49068

Epoch:800
In training set, loss: 2.41508e-05, Y0: 2.49091

Epoch:900
In training set, loss: 6.20184e-06, Y0: 2.49102

Epoch:1000
In training set, loss: 1.64635e-06, Y0: 2.49107

Epoch:1100
In training set, loss: 4.46421e-07, Y0: 2.4911

Epoch:1200
In training set, loss: 1.23494e-07, Y0: 2.4911

Epoch:1300
In training set, loss: 3.52118e-08, Y0: 2.4911

Epoch:1400
In training set, loss: 1.02452e-08, Y0: 2.4911

Epoch:1500
In training set, loss: 3.05533e-09, Y0: 2.4911

Epoch:1600
In training set, loss: 1.02227e-09, Y0: 2.4911

Epoch:1700
In training set, loss: 4.17003e-10, Y0: 2.4911

Epoch:1800
In training set, loss: 2.37719e-10, Y0: 2.4911

Epoch:1900
In training set, loss: 1.64164e-10, Y0: 2.4911

Epoch:2000
In training set, loss: 1.30171e-10, Y0: 2.4911

Epoch:2100
In training set, loss: 8.99263e-11, Y0: 2.4911

Epoch:2200
In training set, loss: 7.79892e-11, Y0: 2.4911

Epoch:2300
In training set, loss: 6.65068e-11, Y0: 2.4911

Epoch:2400
In training set, loss: 5.37739e-11, Y0: 2.4911

Epoch:2500
In training set, loss: 5.09317e-11, Y0: 2.4911

Epoch:2600
In training set, loss: 4.44516e-11, Y0: 2.4911

Epoch:2700
In training set, loss: 4.3201e-11, Y0: 2.4911

Epoch:2800
In training set, loss: 3.84262e-11, Y0: 2.4911

Epoch:2900
In training set, loss: 3.3765e-11, Y0: 2.4911

Epoch:3000
In training set, loss: 2.88765e-11, Y0: 2.4911

Epoch:3100
In training set, loss: 3.06954e-11, Y0: 2.4911

Epoch:3200
In training set, loss: 2.98996e-11, Y0: 2.4911

Epoch:3300
In training set, loss: 2.89901e-11, Y0: 2.4911

Epoch:3400
In training set, loss: 2.9786e-11, Y0: 2.4911

Epoch:3500
In training set, loss: 3.06954e-11, Y0: 2.4911

Epoch:3600
In training set, loss: 3.38787e-11, Y0: 2.4911

Epoch:3700
In training set, loss: 3.30829e-11, Y0: 2.4911

Epoch:3800
In training set, loss: 3.44471e-11, Y0: 2.4911

Epoch:3900
In training set, loss: 3.35376e-11, Y0: 2.4911

Epoch:4000
In training set, loss: 3.12639e-11, Y0: 2.4911



###############################################################################
TCHPC Cluster: kelvin
Job 21684 (BSDE_job_1_procs) for User 'zuoy' in Account 'hpc_21_01207'
Finished at: Fri Nov 19 15:54:36 GMT 2021

Job efficiency estimates:
=========================

Job ID: 21684
Cluster: kelvin
User/Group: zuoy/zuoy
State: COMPLETED (exit code 0)
Nodes: 1
Cores per node: 12
CPU Utilized: 00:04:30
CPU Efficiency: 8.30% of 00:54:12 core-walltime
Job Wall-clock time: 00:04:31
Memory Utilized: 13.01 MB
Memory Efficiency: 0.06% of 22.46 GB

Job completion status:
======================

       JobID    JobName AllocCPUS NTasks NNodes     MaxRSS    MaxRSSNode  MaxDiskRead MaxDiskWrite    Elapsed      State ExitCode 
------------ ---------- --------- ------ ------ ---------- ------------- ------------ ------------ ---------- ---------- -------- 
21684        BSDE_job_+        12             1                                                      00:04:31  COMPLETED      0:0 
21684.batch       batch        12      1      1     13320K   kelvin-n096        0.85M        0.01M   00:04:31  COMPLETED      0:0 


Job details:
============

JobId=21684 JobName=BSDE_job_1_procs
   UserId=zuoy(1582) GroupId=zuoy(1252) MCS_label=N/A
   Priority=11084633 Nice=0 Account=hpc_21_01207 QOS=normal
   JobState=COMPLETING Reason=None Dependency=(null)
   Requeue=0 Restarts=0 BatchFlag=1 Reboot=0 ExitCode=0:0
   DerivedExitCode=0:0
   RunTime=00:04:31 TimeLimit=2-23:00:00 TimeMin=N/A
   SubmitTime=2021-11-19T14:30:11 EligibleTime=2021-11-19T14:30:11
   AccrueTime=2021-11-19T14:30:11
   StartTime=2021-11-19T15:50:05 EndTime=2021-11-19T15:54:36 Deadline=N/A
   SuspendTime=None SecsPreSuspend=0 LastSchedEval=2021-11-19T15:50:05
   Partition=compute AllocNode:Sid=kelvin01:22213
   ReqNodeList=(null) ExcNodeList=(null)
   NodeList=
   BatchHost=kelvin-n096
   NumNodes=1 NumCPUs=12 NumTasks=1 CPUs/Task=1 ReqB:S:C:T=0:0:*:*
   TRES=cpu=12,mem=23000M,node=1,billing=12
   Socks/Node=* NtasksPerN:B:S:C=0:0:*:* CoreSpec=*
   JOB_GRES=(null)
     Nodes=kelvin-n096 CPU_IDs=0-11 Mem=23000 GRES=
   MinCPUsNode=1 MinMemoryNode=23000M MinTmpDiskNode=0
   Features=(null) DelayBoot=00:00:00
   OverSubscribe=NO Contiguous=0 Licenses=(null) Network=(null)
   Command=/home/users/mschpc/2019/zuoy/HPC/NeuralNetwork/sequential/scripts/script_HJBLQ_d300_b256.sh
   WorkDir=/home/users/mschpc/2019/zuoy/HPC/NeuralNetwork/sequential
   StdErr=/home/users/mschpc/2019/zuoy/HPC/NeuralNetwork/sequential/output/slurm-21684.out
   StdIn=/dev/null
   StdOut=/home/users/mschpc/2019/zuoy/HPC/NeuralNetwork/sequential/output/slurm-21684.out
   Power=
   NtasksPerTRES:0


Disk quota details:
===================

Quota Type           Name  Filesystem     Usage in MB     Limit in MB    % Used
-------------------------------------------------------------------------------
USER                 zuoy       /home             109          51,200     0.21%

GROUP              mschpc   /projects             999          51,200     1.95%
GROUP          pi-dgolden   /projects               0          51,200     0.00%


SLURM Bank Statement:
=====================

User           Usage |        Account     Usage | Account Limit Available (CPU hrs)
---------- --------- + -------------- --------- + ------------- ---------
zuoy          10,657 |   HPC_21_01207    10,657 |       100,000    89,343


Acknowledgements:
=================

Note that usage of TCHPC Resources *must* be acknowledged in all publications.

Please see this page for details relevant to this cluster:

http://www.tchpc.tcd.ie/resources/acknowledgementpolicy

################################################################################
