Config data loaded successfully!
Dimension: 100
Total time: 0.2
Number of time intervals: 20
Learning rate: 0.0005
y_init_range: 0.3, 0.5
Number of neurons in each hidden layer of each subnet: 110, 110, 
Epochs: 4000
Batch size: 16
Sample size: 256
Logging frequency: 100
Model name: AllenCahn_serial_


Training:
Epoch:100
In training set, loss: 2.66866, Y0: 0.207921

Epoch:200
In training set, loss: 1.79013, Y0: 0.156768

Epoch:300
In training set, loss: 1.50118, Y0: 0.127734

Epoch:400
In training set, loss: 1.40022, Y0: 0.11111

Epoch:500
In training set, loss: 1.36061, Y0: 0.101547

Epoch:600
In training set, loss: 1.34129, Y0: 0.0960304

Epoch:700
In training set, loss: 1.32877, Y0: 0.0928385

Epoch:800
In training set, loss: 1.3186, Y0: 0.0909843

Epoch:900
In training set, loss: 1.3093, Y0: 0.0899011

Epoch:1000
In training set, loss: 1.30039, Y0: 0.0892619

Epoch:1100
In training set, loss: 1.29169, Y0: 0.0888788

Epoch:1200
In training set, loss: 1.28315, Y0: 0.0886432

Epoch:1300
In training set, loss: 1.27475, Y0: 0.0884933

Epoch:1400
In training set, loss: 1.26648, Y0: 0.0883923

Epoch:1500
In training set, loss: 1.25834, Y0: 0.0883194

Epoch:1600
In training set, loss: 1.25032, Y0: 0.0882632

Epoch:1700
In training set, loss: 1.24242, Y0: 0.0882167

Epoch:1800
In training set, loss: 1.23465, Y0: 0.0881756

Epoch:1900
In training set, loss: 1.22699, Y0: 0.0881376

Epoch:2000
In training set, loss: 1.21944, Y0: 0.0881017

Epoch:2100
In training set, loss: 1.21201, Y0: 0.0880668

Epoch:2200
In training set, loss: 1.20468, Y0: 0.0880323

Epoch:2300
In training set, loss: 1.19747, Y0: 0.0879982

Epoch:2400
In training set, loss: 1.19037, Y0: 0.087965

Epoch:2500
In training set, loss: 1.18336, Y0: 0.0879316

Epoch:2600
In training set, loss: 1.17647, Y0: 0.0878983

Epoch:2700
In training set, loss: 1.16967, Y0: 0.0878651

Epoch:2800
In training set, loss: 1.16297, Y0: 0.0878322

Epoch:2900
In training set, loss: 1.15637, Y0: 0.0877991

Epoch:3000
In training set, loss: 1.14987, Y0: 0.0877663

Epoch:3100
In training set, loss: 1.14346, Y0: 0.0877336

Epoch:3200
In training set, loss: 1.13715, Y0: 0.0877007

Epoch:3300
In training set, loss: 1.13092, Y0: 0.0876682

Epoch:3400
In training set, loss: 1.12479, Y0: 0.0876356

Epoch:3500
In training set, loss: 1.11874, Y0: 0.0876032

Epoch:3600
In training set, loss: 1.11278, Y0: 0.087571

Epoch:3700
In training set, loss: 1.1069, Y0: 0.0875386

Epoch:3800
In training set, loss: 1.10111, Y0: 0.0875065

Epoch:3900
In training set, loss: 1.0954, Y0: 0.0874743

Epoch:4000
In training set, loss: 1.08977, Y0: 0.0874425



###############################################################################
TCHPC Cluster: kelvin
Job 21658 (BSDE_job_1_procs) for User 'zuoy' in Account 'hpc_21_01207'
Finished at: Fri Nov 19 15:16:37 GMT 2021

Job efficiency estimates:
=========================

Job ID: 21658
Cluster: kelvin
User/Group: zuoy/zuoy
State: COMPLETED (exit code 0)
Nodes: 1
Cores per node: 12
CPU Utilized: 00:31:31
CPU Efficiency: 8.32% of 06:18:36 core-walltime
Job Wall-clock time: 00:31:33
Memory Utilized: 9.96 MB
Memory Efficiency: 0.04% of 22.46 GB

Job completion status:
======================

       JobID    JobName AllocCPUS NTasks NNodes     MaxRSS    MaxRSSNode  MaxDiskRead MaxDiskWrite    Elapsed      State ExitCode 
------------ ---------- --------- ------ ------ ---------- ------------- ------------ ------------ ---------- ---------- -------- 
21658        BSDE_job_+        12             1                                                      00:31:33  COMPLETED      0:0 
21658.batch       batch        12      1      1     10204K   kelvin-n029        0.85M        0.01M   00:31:33  COMPLETED      0:0 


Job details:
============

JobId=21658 JobName=BSDE_job_1_procs
   UserId=zuoy(1582) GroupId=zuoy(1252) MCS_label=N/A
   Priority=11076407 Nice=0 Account=hpc_21_01207 QOS=normal
   JobState=COMPLETING Reason=None Dependency=(null)
   Requeue=0 Restarts=0 BatchFlag=1 Reboot=0 ExitCode=0:0
   DerivedExitCode=0:0
   RunTime=00:31:33 TimeLimit=2-23:00:00 TimeMin=N/A
   SubmitTime=2021-11-19T13:41:46 EligibleTime=2021-11-19T13:41:46
   AccrueTime=2021-11-19T13:41:46
   StartTime=2021-11-19T14:45:04 EndTime=2021-11-19T15:16:37 Deadline=N/A
   SuspendTime=None SecsPreSuspend=0 LastSchedEval=2021-11-19T14:45:04
   Partition=compute AllocNode:Sid=kelvin01:22213
   ReqNodeList=(null) ExcNodeList=(null)
   NodeList=
   BatchHost=kelvin-n029
   NumNodes=1 NumCPUs=12 NumTasks=1 CPUs/Task=1 ReqB:S:C:T=0:0:*:*
   TRES=cpu=12,mem=23000M,node=1,billing=12
   Socks/Node=* NtasksPerN:B:S:C=0:0:*:* CoreSpec=*
   JOB_GRES=(null)
     Nodes=kelvin-n029 CPU_IDs=0-11 Mem=23000 GRES=
   MinCPUsNode=1 MinMemoryNode=23000M MinTmpDiskNode=0
   Features=(null) DelayBoot=00:00:00
   OverSubscribe=NO Contiguous=0 Licenses=(null) Network=(null)
   Command=/home/users/mschpc/2019/zuoy/HPC/NeuralNetwork/sequential/scripts/script_AllenCahn_d300_b64.sh
   WorkDir=/home/users/mschpc/2019/zuoy/HPC/NeuralNetwork/sequential
   StdErr=/home/users/mschpc/2019/zuoy/HPC/NeuralNetwork/sequential/output/slurm-21658.out
   StdIn=/dev/null
   StdOut=/home/users/mschpc/2019/zuoy/HPC/NeuralNetwork/sequential/output/slurm-21658.out
   Power=
   NtasksPerTRES:0


Disk quota details:
===================

Quota Type           Name  Filesystem     Usage in MB     Limit in MB    % Used
-------------------------------------------------------------------------------
USER                 zuoy       /home             109          51,200     0.21%

GROUP              mschpc   /projects             999          51,200     1.95%
GROUP          pi-dgolden   /projects               0          51,200     0.00%


SLURM Bank Statement:
=====================

User           Usage |        Account     Usage | Account Limit Available (CPU hrs)
---------- --------- + -------------- --------- + ------------- ---------
zuoy          10,565 |   HPC_21_01207    10,565 |       100,000    89,435


Acknowledgements:
=================

Note that usage of TCHPC Resources *must* be acknowledged in all publications.

Please see this page for details relevant to this cluster:

http://www.tchpc.tcd.ie/resources/acknowledgementpolicy

################################################################################
