Parallel Mode: Ring-Allreduce
Dimension: 500
Total time: 1
Number of time intervals: 40
Learning rate: 0.01
y_init_range: 40, 50
Number of neurons in each hidden layer of each subnet: 110, 110, 
Epochs: 1000
Batch size: 1
Sample size: 256
Logging frequency: 100
Model name: pricing_default_risk_parallel_
Number of processors: 16


Training:
Epoch:100
In training set, loss: 606.633, Y0: 49.6077

Epoch:200
In training set, loss: 303.695, Y0: 49.6247

Epoch:300
In training set, loss: 178.948, Y0: 49.6275

Epoch:400
In training set, loss: 114.552, Y0: 49.625

Epoch:500
In training set, loss: 77.1754, Y0: 49.6205

Epoch:600
In training set, loss: 53.8692, Y0: 49.6154

Epoch:700
In training set, loss: 38.576, Y0: 49.6106

Epoch:800
In training set, loss: 28.1701, Y0: 49.6061

Epoch:900
In training set, loss: 20.8975, Y0: 49.6021

Epoch:1000
In training set, loss: 15.7041, Y0: 49.5985



###############################################################################
TCHPC Cluster: kelvin
Job 22323 (BSDE_job_4_procs) for User 'zuoy' in Account 'hpc_21_01207'
Finished at: Sun Nov 21 02:56:19 GMT 2021

Job efficiency estimates:
=========================

Job ID: 22323
Cluster: kelvin
User/Group: zuoy/zuoy
State: COMPLETED (exit code 0)
Nodes: 2
Cores per node: 12
CPU Utilized: 01:56:24
CPU Efficiency: 32.88% of 05:54:00 core-walltime
Job Wall-clock time: 00:14:45
Memory Utilized: 997.89 MB
Memory Efficiency: 2.17% of 44.92 GB

Job completion status:
======================

       JobID    JobName AllocCPUS NTasks NNodes     MaxRSS    MaxRSSNode  MaxDiskRead MaxDiskWrite    Elapsed      State ExitCode 
------------ ---------- --------- ------ ------ ---------- ------------- ------------ ------------ ---------- ---------- -------- 
22323        BSDE_job_+        24             2                                                      00:14:45  COMPLETED      0:0 
22323.batch       batch        12      1      1   1021840K   kelvin-n021        0.86M        0.01M   00:14:45  COMPLETED      0:0 
22323.0           orted        12      1      1                                                      00:14:44  COMPLETED      0:0 


Job details:
============

JobId=22323 JobName=BSDE_job_4_procs
   UserId=zuoy(1582) GroupId=zuoy(1252) MCS_label=N/A
   Priority=11067148 Nice=0 Account=hpc_21_01207 QOS=normal
   JobState=COMPLETING Reason=None Dependency=(null)
   Requeue=0 Restarts=0 BatchFlag=1 Reboot=0 ExitCode=0:0
   DerivedExitCode=0:0
   RunTime=00:14:45 TimeLimit=23:00:00 TimeMin=N/A
   SubmitTime=2021-11-21T00:06:51 EligibleTime=2021-11-21T00:06:51
   AccrueTime=2021-11-21T00:06:51
   StartTime=2021-11-21T02:41:34 EndTime=2021-11-21T02:56:19 Deadline=N/A
   SuspendTime=None SecsPreSuspend=0 LastSchedEval=2021-11-21T02:41:34
   Partition=compute AllocNode:Sid=kelvin01:32460
   ReqNodeList=(null) ExcNodeList=(null)
   NodeList=kelvin-n024
   BatchHost=kelvin-n021
   NumNodes=1 NumCPUs=24 NumTasks=16 CPUs/Task=1 ReqB:S:C:T=0:0:*:*
   TRES=cpu=24,mem=46000M,node=2,billing=24
   Socks/Node=* NtasksPerN:B:S:C=0:0:*:* CoreSpec=*
   JOB_GRES=(null)
     Nodes=kelvin-n[021,024] CPU_IDs=0-11 Mem=23000 GRES=
   MinCPUsNode=1 MinMemoryNode=23000M MinTmpDiskNode=0
   Features=(null) DelayBoot=00:00:00
   OverSubscribe=NO Contiguous=0 Licenses=(null) Network=(null)
   Command=/home/users/mschpc/2019/zuoy/HPC/NeuralNetwork/parallel/scripts/script_PricingDefaultRisk_d500_b1_n16.sh
   WorkDir=/home/users/mschpc/2019/zuoy/HPC/NeuralNetwork/parallel
   StdErr=/home/users/mschpc/2019/zuoy/HPC/NeuralNetwork/parallel/output/slurm-22323.out
   StdIn=/dev/null
   StdOut=/home/users/mschpc/2019/zuoy/HPC/NeuralNetwork/parallel/output/slurm-22323.out
   Power=
   NtasksPerTRES:0


Disk quota details:
===================

Quota Type           Name  Filesystem     Usage in MB     Limit in MB    % Used
-------------------------------------------------------------------------------
USER                 zuoy       /home             120          51,200     0.24%

GROUP              mschpc   /projects             999          51,200     1.95%
GROUP          pi-dgolden   /projects               0          51,200     0.00%


SLURM Bank Statement:
=====================

User           Usage |        Account     Usage | Account Limit Available (CPU hrs)
---------- --------- + -------------- --------- + ------------- ---------
zuoy          15,411 |   HPC_21_01207    15,411 |       100,000    84,589


Acknowledgements:
=================

Note that usage of TCHPC Resources *must* be acknowledged in all publications.

Please see this page for details relevant to this cluster:

http://www.tchpc.tcd.ie/resources/acknowledgementpolicy

################################################################################
