Parallel Mode: Master-Slave
Dimension: 300
Total time: 1
Number of time intervals: 20
Learning rate: 0.01
y_init_range: 0, 1
Number of neurons in each hidden layer of each subnet: 110, 110, 
Epochs: 1000
Batch size: 64
Sample size: 1024
Logging frequency: 100
Model name: HJBLQ_parallel_
Number of processors: 16


Training:
Epoch:100
In training set, loss: 24.4928, Y0: 5.57742

Epoch:200
In training set, loss: 11.4502, Y0: 5.63602

Epoch:300
In training set, loss: 8.01604, Y0: 5.65982

Epoch:400
In training set, loss: 6.79914, Y0: 5.67127

Epoch:500
In training set, loss: 6.28784, Y0: 5.67731

Epoch:600
In training set, loss: 6.04332, Y0: 5.68071

Epoch:700
In training set, loss: 5.91, Y0: 5.68272

Epoch:800
In training set, loss: 5.82626, Y0: 5.68394

Epoch:900
In training set, loss: 5.76579, Y0: 5.6847

Epoch:1000
In training set, loss: 5.71678, Y0: 5.68519



###############################################################################
TCHPC Cluster: kelvin
Job 23291 (BSDE_job_4_procs) for User 'zuoy' in Account 'hpc_21_01207'
Finished at: Tue Nov 23 16:52:06 GMT 2021

Job efficiency estimates:
=========================

Job ID: 23291
Cluster: kelvin
User/Group: zuoy/zuoy
State: COMPLETED (exit code 0)
Nodes: 2
Cores per node: 12
CPU Utilized: 01:15:51
CPU Efficiency: 33.09% of 03:49:12 core-walltime
Job Wall-clock time: 00:09:33
Memory Utilized: 767.56 MB
Memory Efficiency: 1.67% of 44.92 GB

Job completion status:
======================

       JobID    JobName AllocCPUS NTasks NNodes     MaxRSS    MaxRSSNode  MaxDiskRead MaxDiskWrite    Elapsed      State ExitCode 
------------ ---------- --------- ------ ------ ---------- ------------- ------------ ------------ ---------- ---------- -------- 
23291        BSDE_job_+        24             2                                                      00:09:33  COMPLETED      0:0 
23291.batch       batch        12      1      1    785984K   kelvin-n014        0.87M        0.01M   00:09:33  COMPLETED      0:0 
23291.0           orted        12      1      1                                                      00:09:31  COMPLETED      0:0 


Job details:
============

JobId=23291 JobName=BSDE_job_4_procs
   UserId=zuoy(1582) GroupId=zuoy(1252) MCS_label=N/A
   Priority=10926123 Nice=0 Account=hpc_21_01207 QOS=normal
   JobState=COMPLETING Reason=None Dependency=(null)
   Requeue=0 Restarts=0 BatchFlag=1 Reboot=0 ExitCode=0:0
   DerivedExitCode=0:0
   RunTime=00:09:33 TimeLimit=23:00:00 TimeMin=N/A
   SubmitTime=2021-11-23T02:15:14 EligibleTime=2021-11-23T02:15:14
   AccrueTime=2021-11-23T02:15:14
   StartTime=2021-11-23T16:42:33 EndTime=2021-11-23T16:52:06 Deadline=N/A
   SuspendTime=None SecsPreSuspend=0 LastSchedEval=2021-11-23T16:42:33
   Partition=compute AllocNode:Sid=kelvin01:730
   ReqNodeList=(null) ExcNodeList=(null)
   NodeList=kelvin-n015
   BatchHost=kelvin-n014
   NumNodes=1 NumCPUs=24 NumTasks=16 CPUs/Task=1 ReqB:S:C:T=0:0:*:*
   TRES=cpu=24,mem=46000M,node=2,billing=24
   Socks/Node=* NtasksPerN:B:S:C=0:0:*:* CoreSpec=*
   JOB_GRES=(null)
     Nodes=kelvin-n[014-015] CPU_IDs=0-11 Mem=23000 GRES=
   MinCPUsNode=1 MinMemoryNode=23000M MinTmpDiskNode=0
   Features=(null) DelayBoot=00:00:00
   OverSubscribe=NO Contiguous=0 Licenses=(null) Network=(null)
   Command=/home/users/mschpc/2019/zuoy/HPC/NeuralNetwork/parallel/scripts/script_HJBLQ_d300_b64_n16.sh
   WorkDir=/home/users/mschpc/2019/zuoy/HPC/NeuralNetwork/parallel
   StdErr=/home/users/mschpc/2019/zuoy/HPC/NeuralNetwork/parallel/output/slurm-23291.out
   StdIn=/dev/null
   StdOut=/home/users/mschpc/2019/zuoy/HPC/NeuralNetwork/parallel/output/slurm-23291.out
   Power=
   NtasksPerTRES:0


Disk quota details:
===================

Quota Type           Name  Filesystem     Usage in MB     Limit in MB    % Used
-------------------------------------------------------------------------------
USER                 zuoy       /home             139          51,200     0.27%

GROUP              mschpc   /projects             999          51,200     1.95%
GROUP          pi-dgolden   /projects               0          51,200     0.00%


SLURM Bank Statement:
=====================

User           Usage |        Account     Usage | Account Limit Available (CPU hrs)
---------- --------- + -------------- --------- + ------------- ---------
zuoy          27,472 |   HPC_21_01207    27,472 |       100,000    72,528


Acknowledgements:
=================

Note that usage of TCHPC Resources *must* be acknowledged in all publications.

Please see this page for details relevant to this cluster:

http://www.tchpc.tcd.ie/resources/acknowledgementpolicy

################################################################################
