Parallel Mode: Master-Slave
Dimension: 200
Total time: 1
Number of time intervals: 20
Learning rate: 0.01
y_init_range: 0, 1
Number of neurons in each hidden layer of each subnet: 110, 110, 
Epochs: 1000
Batch size: 64
Sample size: 1024
Logging frequency: 100
Model name: HJBLQ_parallel_
Number of processors: 128


Training:
Epoch:100
In training set, loss: 10965.3, Y0: 0.615468

Epoch:200
In training set, loss: 8515.33, Y0: 1.15759

Epoch:300
In training set, loss: 6612.97, Y0: 1.63503

Epoch:400
In training set, loss: 5136.55, Y0: 2.05544

Epoch:500
In training set, loss: 3991.24, Y0: 2.42557

Epoch:600
In training set, loss: 3103.16, Y0: 2.7514

Epoch:700
In training set, loss: 2414.83, Y0: 3.03821

Epoch:800
In training set, loss: 1881.51, Y0: 3.29064

Epoch:900
In training set, loss: 1468.42, Y0: 3.51281

Epoch:1000
In training set, loss: 1148.54, Y0: 3.70833



###############################################################################
TCHPC Cluster: kelvin
Job 22734 (BSDE_job_4_procs) for User 'zuoy' in Account 'hpc_21_01207'
Finished at: Sun Nov 21 19:10:19 GMT 2021

Job efficiency estimates:
=========================

Job ID: 22734
Cluster: kelvin
User/Group: zuoy/zuoy
State: COMPLETED (exit code 0)
Nodes: 11
Cores per node: 12
CPU Utilized: 02:56:19
CPU Efficiency: 8.99% of 1-08:40:12 core-walltime
Job Wall-clock time: 00:14:51
Memory Utilized: 1.05 GB
Memory Efficiency: 0.42% of 247.07 GB

Job completion status:
======================

       JobID    JobName AllocCPUS NTasks NNodes     MaxRSS    MaxRSSNode  MaxDiskRead MaxDiskWrite    Elapsed      State ExitCode 
------------ ---------- --------- ------ ------ ---------- ------------- ------------ ------------ ---------- ---------- -------- 
22734        BSDE_job_+       132            11                                                      00:14:51  COMPLETED      0:0 
22734.batch       batch        12      1      1   1099032K   kelvin-n008        0.86M        0.01M   00:14:51  COMPLETED      0:0 
22734.0           orted       120     10     10                                                      00:14:50  COMPLETED      0:0 


Job details:
============

JobId=22734 JobName=BSDE_job_4_procs
   UserId=zuoy(1582) GroupId=zuoy(1252) MCS_label=N/A
   Priority=10633113 Nice=0 Account=hpc_21_01207 QOS=normal
   JobState=COMPLETING Reason=None Dependency=(null)
   Requeue=0 Restarts=0 BatchFlag=1 Reboot=0 ExitCode=0:0
   DerivedExitCode=0:0
   RunTime=00:14:51 TimeLimit=23:00:00 TimeMin=N/A
   SubmitTime=2021-11-21T16:20:23 EligibleTime=2021-11-21T16:20:23
   AccrueTime=2021-11-21T16:20:23
   StartTime=2021-11-21T18:55:28 EndTime=2021-11-21T19:10:19 Deadline=N/A
   SuspendTime=None SecsPreSuspend=0 LastSchedEval=2021-11-21T18:55:28
   Partition=compute AllocNode:Sid=kelvin01:12189
   ReqNodeList=(null) ExcNodeList=(null)
   NodeList=kelvin-n[009-010,013-014,019-023,096]
   BatchHost=kelvin-n008
   NumNodes=10 NumCPUs=132 NumTasks=128 CPUs/Task=1 ReqB:S:C:T=0:0:*:*
   TRES=cpu=132,mem=253000M,node=11,billing=132
   Socks/Node=* NtasksPerN:B:S:C=0:0:*:* CoreSpec=*
   JOB_GRES=(null)
     Nodes=kelvin-n[008-010,013-014,019-023,096] CPU_IDs=0-11 Mem=23000 GRES=
   MinCPUsNode=1 MinMemoryNode=23000M MinTmpDiskNode=0
   Features=(null) DelayBoot=00:00:00
   OverSubscribe=NO Contiguous=0 Licenses=(null) Network=(null)
   Command=/home/users/mschpc/2019/zuoy/HPC/NeuralNetwork/parallel/scripts/script_HJBLQ_d200_b64_n128.sh
   WorkDir=/home/users/mschpc/2019/zuoy/HPC/NeuralNetwork/parallel
   StdErr=/home/users/mschpc/2019/zuoy/HPC/NeuralNetwork/parallel/output/slurm-22734.out
   StdIn=/dev/null
   StdOut=/home/users/mschpc/2019/zuoy/HPC/NeuralNetwork/parallel/output/slurm-22734.out
   Power=
   NtasksPerTRES:0


Disk quota details:
===================

Quota Type           Name  Filesystem     Usage in MB     Limit in MB    % Used
-------------------------------------------------------------------------------
USER                 zuoy       /home             125          51,200     0.25%

GROUP              mschpc   /projects             999          51,200     1.95%
GROUP          pi-dgolden   /projects               0          51,200     0.00%


SLURM Bank Statement:
=====================

User           Usage |        Account     Usage | Account Limit Available (CPU hrs)
---------- --------- + -------------- --------- + ------------- ---------
zuoy          20,774 |   HPC_21_01207    20,774 |       100,000    79,226


Acknowledgements:
=================

Note that usage of TCHPC Resources *must* be acknowledged in all publications.

Please see this page for details relevant to this cluster:

http://www.tchpc.tcd.ie/resources/acknowledgementpolicy

################################################################################
