Parallel Mode: Ring-Allreduce
Dimension: 100
Total time: 1
Number of time intervals: 20
Learning rate: 0.01
y_init_range: 0, 1
Number of neurons in each hidden layer of each subnet: 110, 110, 
Epochs: 1000
Batch size: 64
Sample size: 1024
Logging frequency: 100
Model name: HJBLQ_parallel_
Number of processors: 16


Training:
Epoch:100
In training set, loss: 40.8434, Y0: 4.5201

Epoch:200
In training set, loss: 35.5402, Y0: 4.53608

Epoch:300
In training set, loss: 33.7581, Y0: 4.54148

Epoch:400
In training set, loss: 32.7167, Y0: 4.54382

Epoch:500
In training set, loss: 31.877, Y0: 4.54504

Epoch:600
In training set, loss: 31.1101, Y0: 4.54581

Epoch:700
In training set, loss: 30.3799, Y0: 4.54635

Epoch:800
In training set, loss: 29.675, Y0: 4.54677

Epoch:900
In training set, loss: 28.9912, Y0: 4.54713

Epoch:1000
In training set, loss: 28.3267, Y0: 4.54746



###############################################################################
TCHPC Cluster: kelvin
Job 23717 (BSDE_job_4_procs) for User 'zuoy' in Account 'hpc_21_01207'
Finished at: Thu Nov 25 11:17:31 GMT 2021

Job efficiency estimates:
=========================

Job ID: 23717
Cluster: kelvin
User/Group: zuoy/zuoy
State: COMPLETED (exit code 0)
Nodes: 2
Cores per node: 12
CPU Utilized: 00:27:33
CPU Efficiency: 32.80% of 01:24:00 core-walltime
Job Wall-clock time: 00:03:30
Memory Utilized: 426.52 MB
Memory Efficiency: 0.93% of 44.92 GB

Job completion status:
======================

       JobID    JobName AllocCPUS NTasks NNodes     MaxRSS    MaxRSSNode  MaxDiskRead MaxDiskWrite    Elapsed      State ExitCode 
------------ ---------- --------- ------ ------ ---------- ------------- ------------ ------------ ---------- ---------- -------- 
23717        BSDE_job_+        24             2                                                      00:03:30  COMPLETED      0:0 
23717.batch       batch        12      1      1    436756K   kelvin-n030        0.86M        0.01M   00:03:30  COMPLETED      0:0 
23717.0           orted        12      1      1                                                      00:03:29  COMPLETED      0:0 


Job details:
============

JobId=23717 JobName=BSDE_job_4_procs
   UserId=zuoy(1582) GroupId=zuoy(1252) MCS_label=N/A
   Priority=11243699 Nice=0 Account=hpc_21_01207 QOS=normal
   JobState=COMPLETING Reason=None Dependency=(null)
   Requeue=0 Restarts=0 BatchFlag=1 Reboot=0 ExitCode=0:0
   DerivedExitCode=0:0
   RunTime=00:03:30 TimeLimit=23:00:00 TimeMin=N/A
   SubmitTime=2021-11-24T10:07:00 EligibleTime=2021-11-24T10:07:00
   AccrueTime=2021-11-24T10:07:00
   StartTime=2021-11-25T11:14:01 EndTime=2021-11-25T11:17:31 Deadline=N/A
   SuspendTime=None SecsPreSuspend=0 LastSchedEval=2021-11-25T11:14:01
   Partition=compute AllocNode:Sid=kelvin01:18898
   ReqNodeList=(null) ExcNodeList=(null)
   NodeList=kelvin-n031
   BatchHost=kelvin-n030
   NumNodes=1 NumCPUs=24 NumTasks=16 CPUs/Task=1 ReqB:S:C:T=0:0:*:*
   TRES=cpu=24,mem=46000M,node=2,billing=24
   Socks/Node=* NtasksPerN:B:S:C=0:0:*:* CoreSpec=*
   JOB_GRES=(null)
     Nodes=kelvin-n[030-031] CPU_IDs=0-11 Mem=23000 GRES=
   MinCPUsNode=1 MinMemoryNode=23000M MinTmpDiskNode=0
   Features=(null) DelayBoot=00:00:00
   OverSubscribe=NO Contiguous=0 Licenses=(null) Network=(null)
   Command=/home/users/mschpc/2019/zuoy/HPC/NeuralNetwork/parallel/scripts/script_HJBLQ_d100_b64_n16.sh
   WorkDir=/home/users/mschpc/2019/zuoy/HPC/NeuralNetwork/parallel
   StdErr=/home/users/mschpc/2019/zuoy/HPC/NeuralNetwork/parallel/output/slurm-23717.out
   StdIn=/dev/null
   StdOut=/home/users/mschpc/2019/zuoy/HPC/NeuralNetwork/parallel/output/slurm-23717.out
   Power=
   NtasksPerTRES:0


Disk quota details:
===================

Quota Type           Name  Filesystem     Usage in MB     Limit in MB    % Used
-------------------------------------------------------------------------------
USER                 zuoy       /home             143          51,200     0.28%

GROUP              mschpc   /projects             999          51,200     1.95%
GROUP          pi-dgolden   /projects               0          51,200     0.00%


SLURM Bank Statement:
=====================

User           Usage |        Account     Usage | Account Limit Available (CPU hrs)
---------- --------- + -------------- --------- + ------------- ---------
zuoy          28,212 |   HPC_21_01207    28,212 |       100,000    71,788


Acknowledgements:
=================

Note that usage of TCHPC Resources *must* be acknowledged in all publications.

Please see this page for details relevant to this cluster:

http://www.tchpc.tcd.ie/resources/acknowledgementpolicy

################################################################################
