Parallel Mode: Ring-Allreduce
Dimension: 100
Total time: 0.3
Number of time intervals: 20
Learning rate: 0.0005
y_init_range: 0.3, 0.5
Number of neurons in each hidden layer of each subnet: 110, 110, 
Epochs: 4000
Batch size: 1
Sample size: 256
Logging frequency: 100
Model name: AllenCahn_parallel_
Number of processors: 4


Training:
Epoch:100
In training set, loss: 2.03799, Y0: 0.0917608

Epoch:200
In training set, loss: 1.86564, Y0: 0.0603104

Epoch:300
In training set, loss: 1.79869, Y0: 0.0551906

Epoch:400
In training set, loss: 1.73942, Y0: 0.054269

Epoch:500
In training set, loss: 1.68486, Y0: 0.0540217

Epoch:600
In training set, loss: 1.63449, Y0: 0.053883

Epoch:700
In training set, loss: 1.58789, Y0: 0.0537622

Epoch:800
In training set, loss: 1.54471, Y0: 0.0536447

Epoch:900
In training set, loss: 1.50464, Y0: 0.0535288

Epoch:1000
In training set, loss: 1.46738, Y0: 0.053414

Epoch:1100
In training set, loss: 1.43268, Y0: 0.0533007

Epoch:1200
In training set, loss: 1.40031, Y0: 0.0531891

Epoch:1300
In training set, loss: 1.37006, Y0: 0.0530792

Epoch:1400
In training set, loss: 1.34175, Y0: 0.0529714

Epoch:1500
In training set, loss: 1.31521, Y0: 0.0528655

Epoch:1600
In training set, loss: 1.2903, Y0: 0.0527619

Epoch:1700
In training set, loss: 1.26687, Y0: 0.0526605

Epoch:1800
In training set, loss: 1.24481, Y0: 0.0525613

Epoch:1900
In training set, loss: 1.224, Y0: 0.0524645

Epoch:2000
In training set, loss: 1.20434, Y0: 0.0523699

Epoch:2100
In training set, loss: 1.18575, Y0: 0.0522776

Epoch:2200
In training set, loss: 1.16813, Y0: 0.0521876

Epoch:2300
In training set, loss: 1.15142, Y0: 0.0520998

Epoch:2400
In training set, loss: 1.13555, Y0: 0.0520144

Epoch:2500
In training set, loss: 1.12046, Y0: 0.0519313

Epoch:2600
In training set, loss: 1.10609, Y0: 0.0518505

Epoch:2700
In training set, loss: 1.09238, Y0: 0.051772

Epoch:2800
In training set, loss: 1.07929, Y0: 0.0516958

Epoch:2900
In training set, loss: 1.06678, Y0: 0.0516217

Epoch:3000
In training set, loss: 1.0548, Y0: 0.0515499

Epoch:3100
In training set, loss: 1.04333, Y0: 0.0514802

Epoch:3200
In training set, loss: 1.03232, Y0: 0.0514125

Epoch:3300
In training set, loss: 1.02175, Y0: 0.051347

Epoch:3400
In training set, loss: 1.01159, Y0: 0.0512833

Epoch:3500
In training set, loss: 1.00181, Y0: 0.0512216

Epoch:3600
In training set, loss: 0.992388, Y0: 0.0511619

Epoch:3700
In training set, loss: 0.9833, Y0: 0.0511039

Epoch:3800
In training set, loss: 0.974528, Y0: 0.0510478

Epoch:3900
In training set, loss: 0.966053, Y0: 0.0509933

Epoch:4000
In training set, loss: 0.957857, Y0: 0.0509406



###############################################################################
TCHPC Cluster: kelvin
Job 21490 (BSDE_job_4_procs) for User 'zuoy' in Account 'hpc_21_01207'
Finished at: Fri Nov 19 03:08:02 GMT 2021

Job efficiency estimates:
=========================

Job ID: 21490
Cluster: kelvin
User/Group: zuoy/zuoy
State: COMPLETED (exit code 0)
Nodes: 1
Cores per node: 12
CPU Utilized: 00:47:17
CPU Efficiency: 33.25% of 02:22:12 core-walltime
Job Wall-clock time: 00:11:51
Memory Utilized: 157.92 MB
Memory Efficiency: 0.69% of 22.46 GB

Job completion status:
======================

       JobID    JobName AllocCPUS NTasks NNodes     MaxRSS    MaxRSSNode  MaxDiskRead MaxDiskWrite    Elapsed      State ExitCode 
------------ ---------- --------- ------ ------ ---------- ------------- ------------ ------------ ---------- ---------- -------- 
21490        BSDE_job_+        12             1                                                      00:11:51  COMPLETED      0:0 
21490.batch       batch        12      1      1    161708K   kelvin-n042        0.86M        0.01M   00:11:51  COMPLETED      0:0 


Job details:
============

JobId=21490 JobName=BSDE_job_4_procs
   UserId=zuoy(1582) GroupId=zuoy(1252) MCS_label=N/A
   Priority=11180408 Nice=0 Account=hpc_21_01207 QOS=normal
   JobState=COMPLETING Reason=None Dependency=(null)
   Requeue=0 Restarts=0 BatchFlag=1 Reboot=0 ExitCode=0:0
   DerivedExitCode=0:0
   RunTime=00:11:51 TimeLimit=23:00:00 TimeMin=N/A
   SubmitTime=2021-11-18T22:23:06 EligibleTime=2021-11-18T22:23:06
   AccrueTime=2021-11-18T22:23:06
   StartTime=2021-11-19T02:56:11 EndTime=2021-11-19T03:08:02 Deadline=N/A
   SuspendTime=None SecsPreSuspend=0 LastSchedEval=2021-11-19T02:56:11
   Partition=compute AllocNode:Sid=kelvin01:15357
   ReqNodeList=(null) ExcNodeList=(null)
   NodeList=
   BatchHost=kelvin-n042
   NumNodes=1 NumCPUs=12 NumTasks=4 CPUs/Task=1 ReqB:S:C:T=0:0:*:*
   TRES=cpu=12,mem=23000M,node=1,billing=12
   Socks/Node=* NtasksPerN:B:S:C=0:0:*:* CoreSpec=*
   JOB_GRES=(null)
     Nodes=kelvin-n042 CPU_IDs=0-11 Mem=23000 GRES=
   MinCPUsNode=1 MinMemoryNode=23000M MinTmpDiskNode=0
   Features=(null) DelayBoot=00:00:00
   OverSubscribe=NO Contiguous=0 Licenses=(null) Network=(null)
   Command=/home/users/mschpc/2019/zuoy/HPC/NeuralNetwork/parallel/scripts/script_AllenCahn_d100_b1_n4.sh
   WorkDir=/home/users/mschpc/2019/zuoy/HPC/NeuralNetwork/parallel
   StdErr=/home/users/mschpc/2019/zuoy/HPC/NeuralNetwork/parallel/output/slurm-21490.out
   StdIn=/dev/null
   StdOut=/home/users/mschpc/2019/zuoy/HPC/NeuralNetwork/parallel/output/slurm-21490.out
   Power=
   NtasksPerTRES:0


Disk quota details:
===================

Quota Type           Name  Filesystem     Usage in MB     Limit in MB    % Used
-------------------------------------------------------------------------------
USER                 zuoy       /home             106          51,200     0.21%

GROUP              mschpc   /projects             999          51,200     1.95%
GROUP          pi-dgolden   /projects               0          51,200     0.00%


SLURM Bank Statement:
=====================

User           Usage |        Account     Usage | Account Limit Available (CPU hrs)
---------- --------- + -------------- --------- + ------------- ---------
zuoy           9,718 |   HPC_21_01207     9,718 |       100,000    90,282


Acknowledgements:
=================

Note that usage of TCHPC Resources *must* be acknowledged in all publications.

Please see this page for details relevant to this cluster:

http://www.tchpc.tcd.ie/resources/acknowledgementpolicy

################################################################################
