Parallel Mode: Ring-Allreduce
Dimension: 500
Total time: 1
Number of time intervals: 40
Learning rate: 0.01
y_init_range: 40, 50
Number of neurons in each hidden layer of each subnet: 110, 110, 
Epochs: 1000
Batch size: 64
Sample size: 256
Logging frequency: 100
Model name: pricing_default_risk_parallel_
Number of processors: 4


Training:
Epoch:100
In training set, loss: 1522.61, Y0: 49.782

Epoch:200
In training set, loss: 1133.07, Y0: 49.9897

Epoch:300
In training set, loss: 872.252, Y0: 50.0383

Epoch:400
In training set, loss: 690.254, Y0: 50.0804

Epoch:500
In training set, loss: 558.86, Y0: 50.1181

Epoch:600
In training set, loss: 461.154, Y0: 50.1513

Epoch:700
In training set, loss: 386.509, Y0: 50.1806

Epoch:800
In training set, loss: 328.166, Y0: 50.2064

Epoch:900
In training set, loss: 281.71, Y0: 50.2293

Epoch:1000
In training set, loss: 244.122, Y0: 50.2496



###############################################################################
TCHPC Cluster: kelvin
Job 23963 (BSDE_job_4_procs) for User 'zuoy' in Account 'hpc_21_01207'
Finished at: Thu Nov 25 12:59:27 GMT 2021

Job efficiency estimates:
=========================

Job ID: 23963
Cluster: kelvin
User/Group: zuoy/zuoy
State: COMPLETED (exit code 0)
Nodes: 1
Cores per node: 12
CPU Utilized: 01:30:48
CPU Efficiency: 33.28% of 04:32:48 core-walltime
Job Wall-clock time: 00:22:44
Memory Utilized: 493.94 MB
Memory Efficiency: 2.15% of 22.46 GB

Job completion status:
======================

       JobID    JobName AllocCPUS NTasks NNodes     MaxRSS    MaxRSSNode  MaxDiskRead MaxDiskWrite    Elapsed      State ExitCode 
------------ ---------- --------- ------ ------ ---------- ------------- ------------ ------------ ---------- ---------- -------- 
23963        BSDE_job_+        12             1                                                      00:22:44  COMPLETED      0:0 
23963.batch       batch        12      1      1    505792K   kelvin-n046        0.86M        0.01M   00:22:44  COMPLETED      0:0 


Job details:
============

JobId=23963 JobName=BSDE_job_4_procs
   UserId=zuoy(1582) GroupId=zuoy(1252) MCS_label=N/A
   Priority=10533752 Nice=0 Account=hpc_21_01207 QOS=normal
   JobState=COMPLETING Reason=None Dependency=(null)
   Requeue=0 Restarts=0 BatchFlag=1 Reboot=0 ExitCode=0:0
   DerivedExitCode=0:0
   RunTime=00:22:44 TimeLimit=23:00:00 TimeMin=N/A
   SubmitTime=2021-11-25T11:19:04 EligibleTime=2021-11-25T11:19:04
   AccrueTime=2021-11-25T11:19:04
   StartTime=2021-11-25T12:36:43 EndTime=2021-11-25T12:59:27 Deadline=N/A
   SuspendTime=None SecsPreSuspend=0 LastSchedEval=2021-11-25T12:36:43
   Partition=compute AllocNode:Sid=kelvin01:29505
   ReqNodeList=(null) ExcNodeList=(null)
   NodeList=
   BatchHost=kelvin-n046
   NumNodes=1 NumCPUs=12 NumTasks=4 CPUs/Task=1 ReqB:S:C:T=0:0:*:*
   TRES=cpu=12,mem=23000M,node=1,billing=12
   Socks/Node=* NtasksPerN:B:S:C=0:0:*:* CoreSpec=*
   JOB_GRES=(null)
     Nodes=kelvin-n046 CPU_IDs=0-11 Mem=23000 GRES=
   MinCPUsNode=1 MinMemoryNode=23000M MinTmpDiskNode=0
   Features=(null) DelayBoot=00:00:00
   OverSubscribe=NO Contiguous=0 Licenses=(null) Network=(null)
   Command=/home/users/mschpc/2019/zuoy/HPC/NeuralNetwork/parallel/scripts/script_PricingDefaultRisk_d500_b64_n4.sh
   WorkDir=/home/users/mschpc/2019/zuoy/HPC/NeuralNetwork/parallel
   StdErr=/home/users/mschpc/2019/zuoy/HPC/NeuralNetwork/parallel/output/slurm-23963.out
   StdIn=/dev/null
   StdOut=/home/users/mschpc/2019/zuoy/HPC/NeuralNetwork/parallel/output/slurm-23963.out
   Power=
   NtasksPerTRES:0


Disk quota details:
===================

Quota Type           Name  Filesystem     Usage in MB     Limit in MB    % Used
-------------------------------------------------------------------------------
USER                 zuoy       /home             145          51,200     0.28%

GROUP              mschpc   /projects             999          51,200     1.95%
GROUP          pi-dgolden   /projects               0          51,200     0.00%


SLURM Bank Statement:
=====================

User           Usage |        Account     Usage | Account Limit Available (CPU hrs)
---------- --------- + -------------- --------- + ------------- ---------
zuoy          28,371 |   HPC_21_01207    28,371 |       100,000    71,629


Acknowledgements:
=================

Note that usage of TCHPC Resources *must* be acknowledged in all publications.

Please see this page for details relevant to this cluster:

http://www.tchpc.tcd.ie/resources/acknowledgementpolicy

################################################################################
