Parallel Mode: Ring-Allreduce
Dimension: 100
Total time: 0.2
Number of time intervals: 20
Learning rate: 0.0005
y_init_range: 0.2, 0.5
Number of neurons in each hidden layer of each subnet: 110, 110, 
Epochs: 4000
Batch size: 64
Sample size: 1024
Logging frequency: 100
Model name: AllenCahn_parallel_
Number of processors: 64


Training:
Epoch:100
In training set, loss: 11.8879, Y0: 0.198838

Epoch:200
In training set, loss: 11.7785, Y0: 0.197684

Epoch:300
In training set, loss: 11.6709, Y0: 0.196541

Epoch:400
In training set, loss: 11.5653, Y0: 0.195408

Epoch:500
In training set, loss: 11.4616, Y0: 0.194285

Epoch:600
In training set, loss: 11.3597, Y0: 0.193172

Epoch:700
In training set, loss: 11.2598, Y0: 0.19207

Epoch:800
In training set, loss: 11.1615, Y0: 0.190977

Epoch:900
In training set, loss: 11.065, Y0: 0.189894

Epoch:1000
In training set, loss: 10.9703, Y0: 0.188821

Epoch:1100
In training set, loss: 10.8772, Y0: 0.187758

Epoch:1200
In training set, loss: 10.7859, Y0: 0.186705

Epoch:1300
In training set, loss: 10.696, Y0: 0.185659

Epoch:1400
In training set, loss: 10.6078, Y0: 0.184624

Epoch:1500
In training set, loss: 10.5213, Y0: 0.183598

Epoch:1600
In training set, loss: 10.4362, Y0: 0.182582

Epoch:1700
In training set, loss: 10.3527, Y0: 0.181575

Epoch:1800
In training set, loss: 10.2706, Y0: 0.180576

Epoch:1900
In training set, loss: 10.19, Y0: 0.179586

Epoch:2000
In training set, loss: 10.1109, Y0: 0.178606

Epoch:2100
In training set, loss: 10.0331, Y0: 0.177634

Epoch:2200
In training set, loss: 9.95674, Y0: 0.176672

Epoch:2300
In training set, loss: 9.88177, Y0: 0.175718

Epoch:2400
In training set, loss: 9.80789, Y0: 0.17477

Epoch:2500
In training set, loss: 9.73548, Y0: 0.173832

Epoch:2600
In training set, loss: 9.66435, Y0: 0.172902

Epoch:2700
In training set, loss: 9.59448, Y0: 0.171981

Epoch:2800
In training set, loss: 9.52588, Y0: 0.171069

Epoch:2900
In training set, loss: 9.45844, Y0: 0.170164

Epoch:3000
In training set, loss: 9.39221, Y0: 0.169268

Epoch:3100
In training set, loss: 9.32714, Y0: 0.168379

Epoch:3200
In training set, loss: 9.26321, Y0: 0.167498

Epoch:3300
In training set, loss: 9.20043, Y0: 0.166625

Epoch:3400
In training set, loss: 9.13882, Y0: 0.165761

Epoch:3500
In training set, loss: 9.07821, Y0: 0.164904

Epoch:3600
In training set, loss: 9.01865, Y0: 0.164053

Epoch:3700
In training set, loss: 8.96014, Y0: 0.163211

Epoch:3800
In training set, loss: 8.90267, Y0: 0.162376

Epoch:3900
In training set, loss: 8.84622, Y0: 0.161548

Epoch:4000
In training set, loss: 8.79075, Y0: 0.160728



###############################################################################
TCHPC Cluster: kelvin
Job 22485 (BSDE_job_4_procs) for User 'zuoy' in Account 'hpc_21_01207'
Finished at: Sun Nov 21 07:30:54 GMT 2021

Job efficiency estimates:
=========================

Job ID: 22485
Cluster: kelvin
User/Group: zuoy/zuoy
State: COMPLETED (exit code 0)
Nodes: 6
Cores per node: 12
CPU Utilized: 02:29:50
CPU Efficiency: 15.12% of 16:31:12 core-walltime
Job Wall-clock time: 00:13:46
Memory Utilized: 587.79 MB
Memory Efficiency: 0.43% of 134.77 GB

Job completion status:
======================

       JobID    JobName AllocCPUS NTasks NNodes     MaxRSS    MaxRSSNode  MaxDiskRead MaxDiskWrite    Elapsed      State ExitCode 
------------ ---------- --------- ------ ------ ---------- ------------- ------------ ------------ ---------- ---------- -------- 
22485        BSDE_job_+        72             6                                                      00:13:46  COMPLETED      0:0 
22485.batch       batch        12      1      1    601892K   kelvin-n013        0.86M        0.01M   00:13:46  COMPLETED      0:0 
22485.0           orted        60      5      5                                                      00:13:45  COMPLETED      0:0 


Job details:
============

JobId=22485 JobName=BSDE_job_4_procs
   UserId=zuoy(1582) GroupId=zuoy(1252) MCS_label=N/A
   Priority=11089524 Nice=0 Account=hpc_21_01207 QOS=normal
   JobState=COMPLETING Reason=None Dependency=(null)
   Requeue=0 Restarts=0 BatchFlag=1 Reboot=0 ExitCode=0:0
   DerivedExitCode=0:0
   RunTime=00:13:46 TimeLimit=23:00:00 TimeMin=N/A
   SubmitTime=2021-11-21T04:02:29 EligibleTime=2021-11-21T04:02:29
   AccrueTime=2021-11-21T04:02:29
   StartTime=2021-11-21T07:17:08 EndTime=2021-11-21T07:30:54 Deadline=N/A
   SuspendTime=None SecsPreSuspend=0 LastSchedEval=2021-11-21T07:17:08
   Partition=compute AllocNode:Sid=kelvin01:15042
   ReqNodeList=(null) ExcNodeList=(null)
   NodeList=kelvin-n[014,020-023]
   BatchHost=kelvin-n013
   NumNodes=5 NumCPUs=72 NumTasks=64 CPUs/Task=1 ReqB:S:C:T=0:0:*:*
   TRES=cpu=72,mem=138000M,node=6,billing=72
   Socks/Node=* NtasksPerN:B:S:C=0:0:*:* CoreSpec=*
   JOB_GRES=(null)
     Nodes=kelvin-n[013-014,020-023] CPU_IDs=0-11 Mem=23000 GRES=
   MinCPUsNode=1 MinMemoryNode=23000M MinTmpDiskNode=0
   Features=(null) DelayBoot=00:00:00
   OverSubscribe=NO Contiguous=0 Licenses=(null) Network=(null)
   Command=/home/users/mschpc/2019/zuoy/HPC/NeuralNetwork/parallel/scripts/script_AllenCahn_d300_b64_n64.sh
   WorkDir=/home/users/mschpc/2019/zuoy/HPC/NeuralNetwork/parallel
   StdErr=/home/users/mschpc/2019/zuoy/HPC/NeuralNetwork/parallel/output/slurm-22485.out
   StdIn=/dev/null
   StdOut=/home/users/mschpc/2019/zuoy/HPC/NeuralNetwork/parallel/output/slurm-22485.out
   Power=
   NtasksPerTRES:0


Disk quota details:
===================

Quota Type           Name  Filesystem     Usage in MB     Limit in MB    % Used
-------------------------------------------------------------------------------
USER                 zuoy       /home             121          51,200     0.24%

GROUP              mschpc   /projects             999          51,200     1.95%
GROUP          pi-dgolden   /projects               0          51,200     0.00%


SLURM Bank Statement:
=====================

User           Usage |        Account     Usage | Account Limit Available (CPU hrs)
---------- --------- + -------------- --------- + ------------- ---------
zuoy          16,946 |   HPC_21_01207    16,946 |       100,000    83,054


Acknowledgements:
=================

Note that usage of TCHPC Resources *must* be acknowledged in all publications.

Please see this page for details relevant to this cluster:

http://www.tchpc.tcd.ie/resources/acknowledgementpolicy

################################################################################
