Parallel Mode: Master-Slave
Dimension: 300
Total time: 1
Number of time intervals: 20
Learning rate: 0.01
y_init_range: 0, 1
Number of neurons in each hidden layer of each subnet: 110, 110, 
Epochs: 1000
Batch size: 1
Sample size: 1024
Logging frequency: 100
Model name: HJBLQ_parallel_
Number of processors: 128


Training:
Epoch:100
In training set, loss: 49.0989, Y0: 5.51141

Epoch:200
In training set, loss: 25.3986, Y0: 5.58407

Epoch:300
In training set, loss: 15.8816, Y0: 5.62193

Epoch:400
In training set, loss: 11.4877, Y0: 5.64403

Epoch:500
In training set, loss: 9.22117, Y0: 5.65789

Epoch:600
In training set, loss: 7.95024, Y0: 5.66707

Epoch:700
In training set, loss: 7.19077, Y0: 5.6734

Epoch:800
In training set, loss: 6.71321, Y0: 5.67791

Epoch:900
In training set, loss: 6.39969, Y0: 5.6812

Epoch:1000
In training set, loss: 6.18589, Y0: 5.68366



###############################################################################
TCHPC Cluster: kelvin
Job 22930 (BSDE_job_4_procs) for User 'zuoy' in Account 'hpc_21_01207'
Finished at: Mon Nov 22 02:57:19 GMT 2021

Job efficiency estimates:
=========================

Job ID: 22930
Cluster: kelvin
User/Group: zuoy/zuoy
State: COMPLETED (exit code 0)
Nodes: 11
Cores per node: 12
CPU Utilized: 04:06:33
CPU Efficiency: 9.02% of 1-21:34:36 core-walltime
Job Wall-clock time: 00:20:43
Memory Utilized: 1.35 GB
Memory Efficiency: 0.55% of 247.07 GB

Job completion status:
======================

       JobID    JobName AllocCPUS NTasks NNodes     MaxRSS    MaxRSSNode  MaxDiskRead MaxDiskWrite    Elapsed      State ExitCode 
------------ ---------- --------- ------ ------ ---------- ------------- ------------ ------------ ---------- ---------- -------- 
22930        BSDE_job_+       132            11                                                      00:20:43  COMPLETED      0:0 
22930.batch       batch        12      1      1   1413256K   kelvin-n030        0.86M        0.01M   00:20:43  COMPLETED      0:0 
22930.0           orted       120     10     10                                                      00:20:42  COMPLETED      0:0 


Job details:
============

JobId=22930 JobName=BSDE_job_4_procs
   UserId=zuoy(1582) GroupId=zuoy(1252) MCS_label=N/A
   Priority=10566155 Nice=0 Account=hpc_21_01207 QOS=normal
   JobState=COMPLETING Reason=None Dependency=(null)
   Requeue=0 Restarts=0 BatchFlag=1 Reboot=0 ExitCode=0:0
   DerivedExitCode=0:0
   RunTime=00:20:43 TimeLimit=23:00:00 TimeMin=N/A
   SubmitTime=2021-11-22T00:25:36 EligibleTime=2021-11-22T00:25:36
   AccrueTime=2021-11-22T00:25:36
   StartTime=2021-11-22T02:36:36 EndTime=2021-11-22T02:57:19 Deadline=N/A
   SuspendTime=None SecsPreSuspend=0 LastSchedEval=2021-11-22T02:36:36
   Partition=compute AllocNode:Sid=kelvin01:12189
   ReqNodeList=(null) ExcNodeList=(null)
   NodeList=kelvin-n[031-032,034,040-042,044-046,081]
   BatchHost=kelvin-n030
   NumNodes=10 NumCPUs=132 NumTasks=128 CPUs/Task=1 ReqB:S:C:T=0:0:*:*
   TRES=cpu=132,mem=253000M,node=11,billing=132
   Socks/Node=* NtasksPerN:B:S:C=0:0:*:* CoreSpec=*
   JOB_GRES=(null)
     Nodes=kelvin-n[030-032,034,040-042,044-046,081] CPU_IDs=0-11 Mem=23000 GRES=
   MinCPUsNode=1 MinMemoryNode=23000M MinTmpDiskNode=0
   Features=(null) DelayBoot=00:00:00
   OverSubscribe=NO Contiguous=0 Licenses=(null) Network=(null)
   Command=/home/users/mschpc/2019/zuoy/HPC/NeuralNetwork/parallel/scripts/script_HJBLQ_d300_b1_n128.sh
   WorkDir=/home/users/mschpc/2019/zuoy/HPC/NeuralNetwork/parallel
   StdErr=/home/users/mschpc/2019/zuoy/HPC/NeuralNetwork/parallel/output/slurm-22930.out
   StdIn=/dev/null
   StdOut=/home/users/mschpc/2019/zuoy/HPC/NeuralNetwork/parallel/output/slurm-22930.out
   Power=
   NtasksPerTRES:0


Disk quota details:
===================

Quota Type           Name  Filesystem     Usage in MB     Limit in MB    % Used
-------------------------------------------------------------------------------
USER                 zuoy       /home             129          51,200     0.25%

GROUP              mschpc   /projects             999          51,200     1.95%
GROUP          pi-dgolden   /projects               0          51,200     0.00%


SLURM Bank Statement:
=====================

User           Usage |        Account     Usage | Account Limit Available (CPU hrs)
---------- --------- + -------------- --------- + ------------- ---------
zuoy          23,948 |   HPC_21_01207    23,948 |       100,000    76,052


Acknowledgements:
=================

Note that usage of TCHPC Resources *must* be acknowledged in all publications.

Please see this page for details relevant to this cluster:

http://www.tchpc.tcd.ie/resources/acknowledgementpolicy

################################################################################
