Parallel Mode: Ring-Allreduce
Dimension: 300
Total time: 1
Number of time intervals: 40
Learning rate: 0.01
y_init_range: 40, 50
Number of neurons in each hidden layer of each subnet: 110, 110, 
Epochs: 1000
Batch size: 1
Sample size: 256
Logging frequency: 100
Model name: pricing_default_risk_parallel_
Number of processors: 64


Training:
Epoch:100
In training set, loss: 1829.32, Y0: 52.0183

Epoch:200
In training set, loss: 1563.48, Y0: 52.2655

Epoch:300
In training set, loss: 1375.93, Y0: 52.2735

Epoch:400
In training set, loss: 1233.45, Y0: 52.2769

Epoch:500
In training set, loss: 1121.27, Y0: 52.2805

Epoch:600
In training set, loss: 1030.44, Y0: 52.2843

Epoch:700
In training set, loss: 955.007, Y0: 52.2883

Epoch:800
In training set, loss: 891.192, Y0: 52.2922

Epoch:900
In training set, loss: 836.312, Y0: 52.296

Epoch:1000
In training set, loss: 788.457, Y0: 52.2996



###############################################################################
TCHPC Cluster: kelvin
Job 21311 (BSDE_job_4_procs) for User 'zuoy' in Account 'hpc_21_01207'
Finished at: Thu Nov 18 19:11:43 GMT 2021

Job efficiency estimates:
=========================

Job ID: 21311
Cluster: kelvin
User/Group: zuoy/zuoy
State: COMPLETED (exit code 0)
Nodes: 6
Cores per node: 12
CPU Utilized: 01:09:00
CPU Efficiency: 14.97% of 07:40:48 core-walltime
Job Wall-clock time: 00:06:24
Memory Utilized: 979.38 MB
Memory Efficiency: 0.71% of 134.77 GB

Job completion status:
======================

       JobID    JobName AllocCPUS NTasks NNodes     MaxRSS    MaxRSSNode  MaxDiskRead MaxDiskWrite    Elapsed      State ExitCode 
------------ ---------- --------- ------ ------ ---------- ------------- ------------ ------------ ---------- ---------- -------- 
21311        BSDE_job_+        72             6                                                      00:06:24  COMPLETED      0:0 
21311.batch       batch        12      1      1   1002884K   kelvin-n001        0.86M        0.01M   00:06:24  COMPLETED      0:0 
21311.0           orted        60      5      5                                                      00:06:23  COMPLETED      0:0 


Job details:
============

JobId=21311 JobName=BSDE_job_4_procs
   UserId=zuoy(1582) GroupId=zuoy(1252) MCS_label=N/A
   Priority=11197709 Nice=0 Account=hpc_21_01207 QOS=normal
   JobState=COMPLETING Reason=None Dependency=(null)
   Requeue=0 Restarts=0 BatchFlag=1 Reboot=0 ExitCode=0:0
   DerivedExitCode=0:0
   RunTime=00:06:24 TimeLimit=23:00:00 TimeMin=N/A
   SubmitTime=2021-11-18T14:03:09 EligibleTime=2021-11-18T14:03:09
   AccrueTime=2021-11-18T14:03:09
   StartTime=2021-11-18T19:05:19 EndTime=2021-11-18T19:11:43 Deadline=N/A
   SuspendTime=None SecsPreSuspend=0 LastSchedEval=2021-11-18T19:05:19
   Partition=compute AllocNode:Sid=kelvin01:471
   ReqNodeList=(null) ExcNodeList=(null)
   NodeList=kelvin-n[003,014-015,017-018]
   BatchHost=kelvin-n001
   NumNodes=5 NumCPUs=72 NumTasks=64 CPUs/Task=1 ReqB:S:C:T=0:0:*:*
   TRES=cpu=72,mem=138000M,node=6,billing=72
   Socks/Node=* NtasksPerN:B:S:C=0:0:*:* CoreSpec=*
   JOB_GRES=(null)
     Nodes=kelvin-n[001,003,014-015,017-018] CPU_IDs=0-11 Mem=23000 GRES=
   MinCPUsNode=1 MinMemoryNode=23000M MinTmpDiskNode=0
   Features=(null) DelayBoot=00:00:00
   OverSubscribe=NO Contiguous=0 Licenses=(null) Network=(null)
   Command=/home/users/mschpc/2019/zuoy/HPC/NeuralNetwork/parallel/scripts/script_PricingDefaultRisk_d300_b1_n64.sh
   WorkDir=/home/users/mschpc/2019/zuoy/HPC/NeuralNetwork/parallel
   StdErr=/home/users/mschpc/2019/zuoy/HPC/NeuralNetwork/parallel/output/slurm-21311.out
   StdIn=/dev/null
   StdOut=/home/users/mschpc/2019/zuoy/HPC/NeuralNetwork/parallel/output/slurm-21311.out
   Power=
   NtasksPerTRES:0


Disk quota details:
===================

Quota Type           Name  Filesystem     Usage in MB     Limit in MB    % Used
-------------------------------------------------------------------------------
USER                 zuoy       /home             103          51,200     0.20%

GROUP              mschpc   /projects             999          51,200     1.95%
GROUP          pi-dgolden   /projects               0          51,200     0.00%


SLURM Bank Statement:
=====================

User           Usage |        Account     Usage | Account Limit Available (CPU hrs)
---------- --------- + -------------- --------- + ------------- ---------
zuoy           8,983 |   HPC_21_01207     8,983 |       100,000    91,017


Acknowledgements:
=================

Note that usage of TCHPC Resources *must* be acknowledged in all publications.

Please see this page for details relevant to this cluster:

http://www.tchpc.tcd.ie/resources/acknowledgementpolicy

################################################################################
