Parallel Mode: Ring-Allreduce
Dimension: 100
Total time: 1
Number of time intervals: 20
Learning rate: 0.01
y_init_range: 0, 1
Number of neurons in each hidden layer of each subnet: 110, 110, 
Epochs: 1000
Batch size: 64
Sample size: 1024
Logging frequency: 100
Model name: HJBLQ_parallel_
Number of processors: 128


Training:
Epoch:100
In training set, loss: 45.8676, Y0: 4.50468

Epoch:200
In training set, loss: 38.5011, Y0: 4.52226

Epoch:300
In training set, loss: 35.1557, Y0: 4.53024

Epoch:400
In training set, loss: 33.4384, Y0: 4.53447

Epoch:500
In training set, loss: 32.4253, Y0: 4.53688

Epoch:600
In training set, loss: 31.7367, Y0: 4.53836

Epoch:700
In training set, loss: 31.2063, Y0: 4.53932

Epoch:800
In training set, loss: 30.7578, Y0: 4.53997

Epoch:900
In training set, loss: 30.3541, Y0: 4.54045

Epoch:1000
In training set, loss: 29.9767, Y0: 4.54082



###############################################################################
TCHPC Cluster: kelvin
Job 24092 (BSDE_job_4_procs) for User 'zuoy' in Account 'hpc_21_01207'
Finished at: Thu Nov 25 17:44:53 GMT 2021

Job efficiency estimates:
=========================

Job ID: 24092
Cluster: kelvin
User/Group: zuoy/zuoy
State: COMPLETED (exit code 0)
Nodes: 11
Cores per node: 12
CPU Utilized: 00:50:56
CPU Efficiency: 8.84% of 09:36:24 core-walltime
Job Wall-clock time: 00:04:22
Memory Utilized: 642.04 MB
Memory Efficiency: 0.25% of 247.07 GB

Job completion status:
======================

       JobID    JobName AllocCPUS NTasks NNodes     MaxRSS    MaxRSSNode  MaxDiskRead MaxDiskWrite    Elapsed      State ExitCode 
------------ ---------- --------- ------ ------ ---------- ------------- ------------ ------------ ---------- ---------- -------- 
24092        BSDE_job_+       132            11                                                      00:04:22  COMPLETED      0:0 
24092.batch       batch        12      1      1    657444K   kelvin-n031        0.86M        0.01M   00:04:22  COMPLETED      0:0 
24092.0           orted       120     10     10                                                      00:04:21  COMPLETED      0:0 


Job details:
============

JobId=24092 JobName=BSDE_job_4_procs
   UserId=zuoy(1582) GroupId=zuoy(1252) MCS_label=N/A
   Priority=10635980 Nice=0 Account=hpc_21_01207 QOS=normal
   JobState=COMPLETING Reason=None Dependency=(null)
   Requeue=0 Restarts=0 BatchFlag=1 Reboot=0 ExitCode=0:0
   DerivedExitCode=0:0
   RunTime=00:04:22 TimeLimit=23:00:00 TimeMin=N/A
   SubmitTime=2021-11-25T13:08:50 EligibleTime=2021-11-25T13:08:50
   AccrueTime=2021-11-25T13:08:50
   StartTime=2021-11-25T17:40:31 EndTime=2021-11-25T17:44:53 Deadline=N/A
   SuspendTime=None SecsPreSuspend=0 LastSchedEval=2021-11-25T17:40:31
   Partition=compute AllocNode:Sid=kelvin01:17031
   ReqNodeList=(null) ExcNodeList=(null)
   NodeList=kelvin-n[034,042,044,046,048,079,081,084,086,090]
   BatchHost=kelvin-n031
   NumNodes=10 NumCPUs=132 NumTasks=128 CPUs/Task=1 ReqB:S:C:T=0:0:*:*
   TRES=cpu=132,mem=253000M,node=11,billing=132
   Socks/Node=* NtasksPerN:B:S:C=0:0:*:* CoreSpec=*
   JOB_GRES=(null)
     Nodes=kelvin-n[031,034,042,044,046,048,079,081,084,086,090] CPU_IDs=0-11 Mem=23000 GRES=
   MinCPUsNode=1 MinMemoryNode=23000M MinTmpDiskNode=0
   Features=(null) DelayBoot=00:00:00
   OverSubscribe=NO Contiguous=0 Licenses=(null) Network=(null)
   Command=/home/users/mschpc/2019/zuoy/HPC/NeuralNetwork/parallel/scripts/script_HJBLQ_d100_b64_n128.sh
   WorkDir=/home/users/mschpc/2019/zuoy/HPC/NeuralNetwork/parallel
   StdErr=/home/users/mschpc/2019/zuoy/HPC/NeuralNetwork/parallel/output/slurm-24092.out
   StdIn=/dev/null
   StdOut=/home/users/mschpc/2019/zuoy/HPC/NeuralNetwork/parallel/output/slurm-24092.out
   Power=
   NtasksPerTRES:0


Disk quota details:
===================

Quota Type           Name  Filesystem     Usage in MB     Limit in MB    % Used
-------------------------------------------------------------------------------
USER                 zuoy       /home             145          51,200     0.28%

GROUP              mschpc   /projects             999          51,200     1.95%
GROUP          pi-dgolden   /projects               0          51,200     0.00%


SLURM Bank Statement:
=====================

User           Usage |        Account     Usage | Account Limit Available (CPU hrs)
---------- --------- + -------------- --------- + ------------- ---------
zuoy          28,898 |   HPC_21_01207    28,898 |       100,000    71,102


Acknowledgements:
=================

Note that usage of TCHPC Resources *must* be acknowledged in all publications.

Please see this page for details relevant to this cluster:

http://www.tchpc.tcd.ie/resources/acknowledgementpolicy

################################################################################
