Parallel Mode: Ring-Allreduce
Dimension: 100
Total time: 0.25
Number of time intervals: 20
Learning rate: 0.0005
y_init_range: 0.25, 0.5
Number of neurons in each hidden layer of each subnet: 110, 110, 
Epochs: 4000
Batch size: 64
Sample size: 1024
Logging frequency: 100
Model name: AllenCahn_parallel_
Number of processors: 64


Training:
Epoch:100
In training set, loss: 18.5984, Y0: 0.248411

Epoch:200
In training set, loss: 18.3937, Y0: 0.246833

Epoch:300
In training set, loss: 18.1928, Y0: 0.245269

Epoch:400
In training set, loss: 17.9953, Y0: 0.24372

Epoch:500
In training set, loss: 17.8015, Y0: 0.242185

Epoch:600
In training set, loss: 17.6107, Y0: 0.240661

Epoch:700
In training set, loss: 17.4234, Y0: 0.239152

Epoch:800
In training set, loss: 17.2393, Y0: 0.237656

Epoch:900
In training set, loss: 17.0585, Y0: 0.236173

Epoch:1000
In training set, loss: 16.8808, Y0: 0.234703

Epoch:1100
In training set, loss: 16.7062, Y0: 0.233246

Epoch:1200
In training set, loss: 16.5346, Y0: 0.231802

Epoch:1300
In training set, loss: 16.3662, Y0: 0.230371

Epoch:1400
In training set, loss: 16.2004, Y0: 0.228951

Epoch:1500
In training set, loss: 16.0375, Y0: 0.227544

Epoch:1600
In training set, loss: 15.8774, Y0: 0.226149

Epoch:1700
In training set, loss: 15.7201, Y0: 0.224766

Epoch:1800
In training set, loss: 15.5654, Y0: 0.223395

Epoch:1900
In training set, loss: 15.4135, Y0: 0.222036

Epoch:2000
In training set, loss: 15.2642, Y0: 0.220689

Epoch:2100
In training set, loss: 15.1174, Y0: 0.219353

Epoch:2200
In training set, loss: 14.973, Y0: 0.218029

Epoch:2300
In training set, loss: 14.8311, Y0: 0.216715

Epoch:2400
In training set, loss: 14.6916, Y0: 0.215413

Epoch:2500
In training set, loss: 14.5546, Y0: 0.214123

Epoch:2600
In training set, loss: 14.4197, Y0: 0.212843

Epoch:2700
In training set, loss: 14.2873, Y0: 0.211574

Epoch:2800
In training set, loss: 14.157, Y0: 0.210316

Epoch:2900
In training set, loss: 14.0291, Y0: 0.20907

Epoch:3000
In training set, loss: 13.9031, Y0: 0.207832

Epoch:3100
In training set, loss: 13.7792, Y0: 0.206605

Epoch:3200
In training set, loss: 13.6575, Y0: 0.205389

Epoch:3300
In training set, loss: 13.5379, Y0: 0.204183

Epoch:3400
In training set, loss: 13.4202, Y0: 0.202988

Epoch:3500
In training set, loss: 13.3045, Y0: 0.201802

Epoch:3600
In training set, loss: 13.1908, Y0: 0.200627

Epoch:3700
In training set, loss: 13.079, Y0: 0.199462

Epoch:3800
In training set, loss: 12.9691, Y0: 0.198306

Epoch:3900
In training set, loss: 12.8609, Y0: 0.19716

Epoch:4000
In training set, loss: 12.7545, Y0: 0.196023



###############################################################################
TCHPC Cluster: kelvin
Job 22484 (BSDE_job_4_procs) for User 'zuoy' in Account 'hpc_21_01207'
Finished at: Sun Nov 21 07:22:52 GMT 2021

Job efficiency estimates:
=========================

Job ID: 22484
Cluster: kelvin
User/Group: zuoy/zuoy
State: COMPLETED (exit code 0)
Nodes: 6
Cores per node: 12
CPU Utilized: 02:43:29
CPU Efficiency: 15.12% of 18:01:12 core-walltime
Job Wall-clock time: 00:15:01
Memory Utilized: 589.80 MB
Memory Efficiency: 0.43% of 134.77 GB

Job completion status:
======================

       JobID    JobName AllocCPUS NTasks NNodes     MaxRSS    MaxRSSNode  MaxDiskRead MaxDiskWrite    Elapsed      State ExitCode 
------------ ---------- --------- ------ ------ ---------- ------------- ------------ ------------ ---------- ---------- -------- 
22484        BSDE_job_+        72             6                                                      00:15:01  COMPLETED      0:0 
22484.batch       batch        12      1      1    603952K   kelvin-n024        0.86M        0.01M   00:15:01  COMPLETED      0:0 
22484.0           orted        60      5      5                                                      00:15:00  COMPLETED      0:0 


Job details:
============

JobId=22484 JobName=BSDE_job_4_procs
   UserId=zuoy(1582) GroupId=zuoy(1252) MCS_label=N/A
   Priority=11085059 Nice=0 Account=hpc_21_01207 QOS=normal
   JobState=COMPLETING Reason=None Dependency=(null)
   Requeue=0 Restarts=0 BatchFlag=1 Reboot=0 ExitCode=0:0
   DerivedExitCode=0:0
   RunTime=00:15:01 TimeLimit=23:00:00 TimeMin=N/A
   SubmitTime=2021-11-21T04:02:29 EligibleTime=2021-11-21T04:02:29
   AccrueTime=2021-11-21T04:02:29
   StartTime=2021-11-21T07:07:51 EndTime=2021-11-21T07:22:52 Deadline=N/A
   SuspendTime=None SecsPreSuspend=0 LastSchedEval=2021-11-21T07:07:51
   Partition=compute AllocNode:Sid=kelvin01:15042
   ReqNodeList=(null) ExcNodeList=(null)
   NodeList=kelvin-n[029,032,037-038,048]
   BatchHost=kelvin-n024
   NumNodes=5 NumCPUs=72 NumTasks=64 CPUs/Task=1 ReqB:S:C:T=0:0:*:*
   TRES=cpu=72,mem=138000M,node=6,billing=72
   Socks/Node=* NtasksPerN:B:S:C=0:0:*:* CoreSpec=*
   JOB_GRES=(null)
     Nodes=kelvin-n[024,029,032,037-038,048] CPU_IDs=0-11 Mem=23000 GRES=
   MinCPUsNode=1 MinMemoryNode=23000M MinTmpDiskNode=0
   Features=(null) DelayBoot=00:00:00
   OverSubscribe=NO Contiguous=0 Licenses=(null) Network=(null)
   Command=/home/users/mschpc/2019/zuoy/HPC/NeuralNetwork/parallel/scripts/script_AllenCahn_d200_b64_n64.sh
   WorkDir=/home/users/mschpc/2019/zuoy/HPC/NeuralNetwork/parallel
   StdErr=/home/users/mschpc/2019/zuoy/HPC/NeuralNetwork/parallel/output/slurm-22484.out
   StdIn=/dev/null
   StdOut=/home/users/mschpc/2019/zuoy/HPC/NeuralNetwork/parallel/output/slurm-22484.out
   Power=
   NtasksPerTRES:0


Disk quota details:
===================

Quota Type           Name  Filesystem     Usage in MB     Limit in MB    % Used
-------------------------------------------------------------------------------
USER                 zuoy       /home             120          51,200     0.24%

GROUP              mschpc   /projects             999          51,200     1.95%
GROUP          pi-dgolden   /projects               0          51,200     0.00%


SLURM Bank Statement:
=====================

User           Usage |        Account     Usage | Account Limit Available (CPU hrs)
---------- --------- + -------------- --------- + ------------- ---------
zuoy          16,894 |   HPC_21_01207    16,894 |       100,000    83,106


Acknowledgements:
=================

Note that usage of TCHPC Resources *must* be acknowledged in all publications.

Please see this page for details relevant to this cluster:

http://www.tchpc.tcd.ie/resources/acknowledgementpolicy

################################################################################
