Parallel Mode: Master-Slave
Dimension: 200
Total time: 1
Number of time intervals: 40
Learning rate: 0.01
y_init_range: 40, 50
Number of neurons in each hidden layer of each subnet: 110, 110, 
Epochs: 1000
Batch size: 64
Sample size: 256
Logging frequency: 100
Model name: pricing_default_risk_parallel_
Number of processors: 128


Training:
Epoch:100
In training set, loss: 2989.31, Y0: 51.4815

Epoch:200
In training set, loss: 2440.41, Y0: 53.1115

Epoch:300
In training set, loss: 2310.74, Y0: 53.3697

Epoch:400
In training set, loss: 2206.96, Y0: 53.4189

Epoch:500
In training set, loss: 2116.75, Y0: 53.4362

Epoch:600
In training set, loss: 2037.68, Y0: 53.4484

Epoch:700
In training set, loss: 1967.65, Y0: 53.4599

Epoch:800
In training set, loss: 1905.16, Y0: 53.4711

Epoch:900
In training set, loss: 1848.86, Y0: 53.4822

Epoch:1000
In training set, loss: 1798.11, Y0: 53.4931



###############################################################################
TCHPC Cluster: kelvin
Job 23473 (BSDE_job_4_procs) for User 'zuoy' in Account 'hpc_21_01207'
Finished at: Wed Nov 24 04:30:50 GMT 2021

Job efficiency estimates:
=========================

Job ID: 23473
Cluster: kelvin
User/Group: zuoy/zuoy
State: COMPLETED (exit code 0)
Nodes: 11
Cores per node: 12
CPU Utilized: 05:12:05
CPU Efficiency: 9.00% of 2-09:47:12 core-walltime
Job Wall-clock time: 00:26:16
Memory Utilized: 1.16 GB
Memory Efficiency: 0.47% of 247.07 GB

Job completion status:
======================

       JobID    JobName AllocCPUS NTasks NNodes     MaxRSS    MaxRSSNode  MaxDiskRead MaxDiskWrite    Elapsed      State ExitCode 
------------ ---------- --------- ------ ------ ---------- ------------- ------------ ------------ ---------- ---------- -------- 
23473        BSDE_job_+       132            11                                                      00:26:16  COMPLETED      0:0 
23473.batch       batch        12      1      1   1219944K   kelvin-n051        0.86M        0.01M   00:26:16  COMPLETED      0:0 
23473.0           orted       120     10     10                                                      00:26:15  COMPLETED      0:0 


Job details:
============

JobId=23473 JobName=BSDE_job_4_procs
   UserId=zuoy(1582) GroupId=zuoy(1252) MCS_label=N/A
   Priority=10860757 Nice=0 Account=hpc_21_01207 QOS=normal
   JobState=COMPLETING Reason=None Dependency=(null)
   Requeue=0 Restarts=0 BatchFlag=1 Reboot=0 ExitCode=0:0
   DerivedExitCode=0:0
   RunTime=00:26:16 TimeLimit=23:00:00 TimeMin=N/A
   SubmitTime=2021-11-23T15:59:41 EligibleTime=2021-11-23T15:59:41
   AccrueTime=2021-11-23T15:59:41
   StartTime=2021-11-24T04:04:34 EndTime=2021-11-24T04:30:50 Deadline=N/A
   SuspendTime=None SecsPreSuspend=0 LastSchedEval=2021-11-24T04:04:34
   Partition=compute AllocNode:Sid=kelvin01:24748
   ReqNodeList=(null) ExcNodeList=(null)
   NodeList=kelvin-n[054,056,059,061,063-065,070-071,085]
   BatchHost=kelvin-n051
   NumNodes=10 NumCPUs=132 NumTasks=128 CPUs/Task=1 ReqB:S:C:T=0:0:*:*
   TRES=cpu=132,mem=253000M,node=11,billing=132
   Socks/Node=* NtasksPerN:B:S:C=0:0:*:* CoreSpec=*
   JOB_GRES=(null)
     Nodes=kelvin-n[051,054,056,059,061,063-065,070-071,085] CPU_IDs=0-11 Mem=23000 GRES=
   MinCPUsNode=1 MinMemoryNode=23000M MinTmpDiskNode=0
   Features=(null) DelayBoot=00:00:00
   OverSubscribe=NO Contiguous=0 Licenses=(null) Network=(null)
   Command=/home/users/mschpc/2019/zuoy/HPC/NeuralNetwork/parallel/scripts/script_PricingDefaultRisk_d200_b64_n128.sh
   WorkDir=/home/users/mschpc/2019/zuoy/HPC/NeuralNetwork/parallel
   StdErr=/home/users/mschpc/2019/zuoy/HPC/NeuralNetwork/parallel/output/slurm-23473.out
   StdIn=/dev/null
   StdOut=/home/users/mschpc/2019/zuoy/HPC/NeuralNetwork/parallel/output/slurm-23473.out
   Power=
   NtasksPerTRES:0


Disk quota details:
===================

Quota Type           Name  Filesystem     Usage in MB     Limit in MB    % Used
-------------------------------------------------------------------------------
USER                 zuoy       /home             138          51,200     0.27%

GROUP              mschpc   /projects             999          51,200     1.95%
GROUP          pi-dgolden   /projects               0          51,200     0.00%


SLURM Bank Statement:
=====================

User           Usage |        Account     Usage | Account Limit Available (CPU hrs)
---------- --------- + -------------- --------- + ------------- ---------
zuoy          28,018 |   HPC_21_01207    28,018 |       100,000    71,982


Acknowledgements:
=================

Note that usage of TCHPC Resources *must* be acknowledged in all publications.

Please see this page for details relevant to this cluster:

http://www.tchpc.tcd.ie/resources/acknowledgementpolicy

################################################################################
