Parallel Mode: Ring-Allreduce
Dimension: 100
Total time: 1
Number of time intervals: 20
Learning rate: 0.01
y_init_range: 0, 1
Number of neurons in each hidden layer of each subnet: 110, 110, 
Epochs: 1000
Batch size: 64
Sample size: 1024
Logging frequency: 100
Model name: HJBLQ_parallel_
Number of processors: 128


Training:
Epoch:100
In training set, loss: 47.6772, Y0: 4.48344

Epoch:200
In training set, loss: 40.2042, Y0: 4.50336

Epoch:300
In training set, loss: 36.8129, Y0: 4.51255

Epoch:400
In training set, loss: 35.0764, Y0: 4.51738

Epoch:500
In training set, loss: 34.0498, Y0: 4.52009

Epoch:600
In training set, loss: 33.3456, Y0: 4.52168

Epoch:700
In training set, loss: 32.7968, Y0: 4.52269

Epoch:800
In training set, loss: 32.3273, Y0: 4.52336

Epoch:900
In training set, loss: 31.9011, Y0: 4.52384

Epoch:1000
In training set, loss: 31.5004, Y0: 4.5242



###############################################################################
TCHPC Cluster: kelvin
Job 23696 (BSDE_job_4_procs) for User 'zuoy' in Account 'hpc_21_01207'
Finished at: Thu Nov 25 09:56:18 GMT 2021

Job efficiency estimates:
=========================

Job ID: 23696
Cluster: kelvin
User/Group: zuoy/zuoy
State: COMPLETED (exit code 0)
Nodes: 11
Cores per node: 12
CPU Utilized: 00:45:38
CPU Efficiency: 8.79% of 08:39:12 core-walltime
Job Wall-clock time: 00:03:56
Memory Utilized: 644.08 MB
Memory Efficiency: 0.25% of 247.07 GB

Job completion status:
======================

       JobID    JobName AllocCPUS NTasks NNodes     MaxRSS    MaxRSSNode  MaxDiskRead MaxDiskWrite    Elapsed      State ExitCode 
------------ ---------- --------- ------ ------ ---------- ------------- ------------ ------------ ---------- ---------- -------- 
23696        BSDE_job_+       132            11                                                      00:03:56  COMPLETED      0:0 
23696.batch       batch        12      1      1    659540K   kelvin-n001        0.86M        0.01M   00:03:56  COMPLETED      0:0 
23696.0           orted       120     10     10                                                      00:03:55  COMPLETED      0:0 


Job details:
============

JobId=23696 JobName=BSDE_job_4_procs
   UserId=zuoy(1582) GroupId=zuoy(1252) MCS_label=N/A
   Priority=11210625 Nice=0 Account=hpc_21_01207 QOS=normal
   JobState=COMPLETING Reason=None Dependency=(null)
   Requeue=0 Restarts=0 BatchFlag=1 Reboot=0 ExitCode=0:0
   DerivedExitCode=0:0
   RunTime=00:03:56 TimeLimit=23:00:00 TimeMin=N/A
   SubmitTime=2021-11-24T10:02:21 EligibleTime=2021-11-24T10:02:21
   AccrueTime=2021-11-24T10:02:21
   StartTime=2021-11-25T09:52:22 EndTime=2021-11-25T09:56:18 Deadline=N/A
   SuspendTime=None SecsPreSuspend=0 LastSchedEval=2021-11-25T09:52:22
   Partition=compute AllocNode:Sid=kelvin01:18898
   ReqNodeList=(null) ExcNodeList=(null)
   NodeList=kelvin-n[002,006,008-010,013,032,094,096-097]
   BatchHost=kelvin-n001
   NumNodes=10 NumCPUs=132 NumTasks=128 CPUs/Task=1 ReqB:S:C:T=0:0:*:*
   TRES=cpu=132,mem=253000M,node=11,billing=132
   Socks/Node=* NtasksPerN:B:S:C=0:0:*:* CoreSpec=*
   JOB_GRES=(null)
     Nodes=kelvin-n[001-002,006,008-010,013,032,094,096-097] CPU_IDs=0-11 Mem=23000 GRES=
   MinCPUsNode=1 MinMemoryNode=23000M MinTmpDiskNode=0
   Features=(null) DelayBoot=00:00:00
   OverSubscribe=NO Contiguous=0 Licenses=(null) Network=(null)
   Command=/home/users/mschpc/2019/zuoy/HPC/NeuralNetwork/parallel/scripts/script_HJBLQ_d100_b64_n128.sh
   WorkDir=/home/users/mschpc/2019/zuoy/HPC/NeuralNetwork/parallel
   StdErr=/home/users/mschpc/2019/zuoy/HPC/NeuralNetwork/parallel/output/slurm-23696.out
   StdIn=/dev/null
   StdOut=/home/users/mschpc/2019/zuoy/HPC/NeuralNetwork/parallel/output/slurm-23696.out
   Power=
   NtasksPerTRES:0


Disk quota details:
===================

Quota Type           Name  Filesystem     Usage in MB     Limit in MB    % Used
-------------------------------------------------------------------------------
USER                 zuoy       /home             141          51,200     0.28%

GROUP              mschpc   /projects             999          51,200     1.95%
GROUP          pi-dgolden   /projects               0          51,200     0.00%


SLURM Bank Statement:
=====================

User           Usage |        Account     Usage | Account Limit Available (CPU hrs)
---------- --------- + -------------- --------- + ------------- ---------
zuoy          28,028 |   HPC_21_01207    28,028 |       100,000    71,972


Acknowledgements:
=================

Note that usage of TCHPC Resources *must* be acknowledged in all publications.

Please see this page for details relevant to this cluster:

http://www.tchpc.tcd.ie/resources/acknowledgementpolicy

################################################################################
