Parallel Mode: Ring-Allreduce
Dimension: 100
Total time: 0.25
Number of time intervals: 20
Learning rate: 0.0005
y_init_range: 0.25, 0.5
Number of neurons in each hidden layer of each subnet: 110, 110, 
Epochs: 4000
Batch size: 1
Sample size: 1024
Logging frequency: 100
Model name: AllenCahn_parallel_
Number of processors: 4


Training:
Epoch:100
In training set, loss: 6.45781, Y0: 0.0639299

Epoch:200
In training set, loss: 6.15112, Y0: 0.0640596

Epoch:300
In training set, loss: 5.90635, Y0: 0.0642166

Epoch:400
In training set, loss: 5.70929, Y0: 0.0643465

Epoch:500
In training set, loss: 5.54924, Y0: 0.0644542

Epoch:600
In training set, loss: 5.41801, Y0: 0.0645439

Epoch:700
In training set, loss: 5.30937, Y0: 0.064619

Epoch:800
In training set, loss: 5.21852, Y0: 0.0646821

Epoch:900
In training set, loss: 5.14173, Y0: 0.0647352

Epoch:1000
In training set, loss: 5.0761, Y0: 0.0647798

Epoch:1100
In training set, loss: 5.01938, Y0: 0.0648175

Epoch:1200
In training set, loss: 4.96982, Y0: 0.0648493

Epoch:1300
In training set, loss: 4.92602, Y0: 0.0648762

Epoch:1400
In training set, loss: 4.88686, Y0: 0.064899

Epoch:1500
In training set, loss: 4.8515, Y0: 0.0649181

Epoch:1600
In training set, loss: 4.81923, Y0: 0.0649343

Epoch:1700
In training set, loss: 4.78949, Y0: 0.0649479

Epoch:1800
In training set, loss: 4.76183, Y0: 0.0649594

Epoch:1900
In training set, loss: 4.7359, Y0: 0.0649688

Epoch:2000
In training set, loss: 4.71141, Y0: 0.0649766

Epoch:2100
In training set, loss: 4.68812, Y0: 0.064983

Epoch:2200
In training set, loss: 4.66583, Y0: 0.0649882

Epoch:2300
In training set, loss: 4.64439, Y0: 0.0649923

Epoch:2400
In training set, loss: 4.62368, Y0: 0.0649955

Epoch:2500
In training set, loss: 4.60358, Y0: 0.0649979

Epoch:2600
In training set, loss: 4.58402, Y0: 0.0649995

Epoch:2700
In training set, loss: 4.56491, Y0: 0.0650007

Epoch:2800
In training set, loss: 4.54619, Y0: 0.0650012

Epoch:2900
In training set, loss: 4.52782, Y0: 0.0650014

Epoch:3000
In training set, loss: 4.50976, Y0: 0.065001

Epoch:3100
In training set, loss: 4.49196, Y0: 0.0650003

Epoch:3200
In training set, loss: 4.4744, Y0: 0.0649995

Epoch:3300
In training set, loss: 4.45705, Y0: 0.0649983

Epoch:3400
In training set, loss: 4.4399, Y0: 0.0649968

Epoch:3500
In training set, loss: 4.42293, Y0: 0.0649951

Epoch:3600
In training set, loss: 4.40612, Y0: 0.0649933

Epoch:3700
In training set, loss: 4.38946, Y0: 0.0649913

Epoch:3800
In training set, loss: 4.37294, Y0: 0.0649892

Epoch:3900
In training set, loss: 4.35654, Y0: 0.064987

Epoch:4000
In training set, loss: 4.34026, Y0: 0.0649846



###############################################################################
TCHPC Cluster: kelvin
Job 22454 (BSDE_job_4_procs) for User 'zuoy' in Account 'hpc_21_01207'
Finished at: Sun Nov 21 08:19:48 GMT 2021

Job efficiency estimates:
=========================

Job ID: 22454
Cluster: kelvin
User/Group: zuoy/zuoy
State: COMPLETED (exit code 0)
Nodes: 1
Cores per node: 12
CPU Utilized: 03:11:41
CPU Efficiency: 33.31% of 09:35:24 core-walltime
Job Wall-clock time: 00:47:57
Memory Utilized: 210.99 MB
Memory Efficiency: 0.92% of 22.46 GB

Job completion status:
======================

       JobID    JobName AllocCPUS NTasks NNodes     MaxRSS    MaxRSSNode  MaxDiskRead MaxDiskWrite    Elapsed      State ExitCode 
------------ ---------- --------- ------ ------ ---------- ------------- ------------ ------------ ---------- ---------- -------- 
22454        BSDE_job_+        12             1                                                      00:47:57  COMPLETED      0:0 
22454.batch       batch        12      1      1    216052K   kelvin-n056        0.86M        0.01M   00:47:57  COMPLETED      0:0 


Job details:
============

JobId=22454 JobName=BSDE_job_4_procs
   UserId=zuoy(1582) GroupId=zuoy(1252) MCS_label=N/A
   Priority=11094023 Nice=0 Account=hpc_21_01207 QOS=normal
   JobState=COMPLETING Reason=None Dependency=(null)
   Requeue=0 Restarts=0 BatchFlag=1 Reboot=0 ExitCode=0:0
   DerivedExitCode=0:0
   RunTime=00:47:57 TimeLimit=23:00:00 TimeMin=N/A
   SubmitTime=2021-11-21T04:02:29 EligibleTime=2021-11-21T04:02:29
   AccrueTime=2021-11-21T04:02:29
   StartTime=2021-11-21T07:31:51 EndTime=2021-11-21T08:19:48 Deadline=N/A
   SuspendTime=None SecsPreSuspend=0 LastSchedEval=2021-11-21T07:31:51
   Partition=compute AllocNode:Sid=kelvin01:15042
   ReqNodeList=(null) ExcNodeList=(null)
   NodeList=
   BatchHost=kelvin-n056
   NumNodes=1 NumCPUs=12 NumTasks=4 CPUs/Task=1 ReqB:S:C:T=0:0:*:*
   TRES=cpu=12,mem=23000M,node=1,billing=12
   Socks/Node=* NtasksPerN:B:S:C=0:0:*:* CoreSpec=*
   JOB_GRES=(null)
     Nodes=kelvin-n056 CPU_IDs=0-11 Mem=23000 GRES=
   MinCPUsNode=1 MinMemoryNode=23000M MinTmpDiskNode=0
   Features=(null) DelayBoot=00:00:00
   OverSubscribe=NO Contiguous=0 Licenses=(null) Network=(null)
   Command=/home/users/mschpc/2019/zuoy/HPC/NeuralNetwork/parallel/scripts/script_AllenCahn_d200_b1_n4.sh
   WorkDir=/home/users/mschpc/2019/zuoy/HPC/NeuralNetwork/parallel
   StdErr=/home/users/mschpc/2019/zuoy/HPC/NeuralNetwork/parallel/output/slurm-22454.out
   StdIn=/dev/null
   StdOut=/home/users/mschpc/2019/zuoy/HPC/NeuralNetwork/parallel/output/slurm-22454.out
   Power=
   NtasksPerTRES:0


Disk quota details:
===================

Quota Type           Name  Filesystem     Usage in MB     Limit in MB    % Used
-------------------------------------------------------------------------------
USER                 zuoy       /home             120          51,200     0.24%

GROUP              mschpc   /projects             999          51,200     1.95%
GROUP          pi-dgolden   /projects               0          51,200     0.00%


SLURM Bank Statement:
=====================

User           Usage |        Account     Usage | Account Limit Available (CPU hrs)
---------- --------- + -------------- --------- + ------------- ---------
zuoy          17,081 |   HPC_21_01207    17,081 |       100,000    82,919


Acknowledgements:
=================

Note that usage of TCHPC Resources *must* be acknowledged in all publications.

Please see this page for details relevant to this cluster:

http://www.tchpc.tcd.ie/resources/acknowledgementpolicy

################################################################################
