Parallel Mode: Ring-Allreduce
Dimension: 200
Total time: 1
Number of time intervals: 40
Learning rate: 0.01
y_init_range: 40, 50
Number of neurons in each hidden layer of each subnet: 110, 110, 
Epochs: 1000
Batch size: 64
Sample size: 256
Logging frequency: 100
Model name: pricing_default_risk_parallel_
Number of processors: 128


Training:
Epoch:100
In training set, loss: 3274.07, Y0: 51.6745

Epoch:200
In training set, loss: 2660.75, Y0: 53.3579

Epoch:300
In training set, loss: 2487.57, Y0: 53.6404

Epoch:400
In training set, loss: 2345.28, Y0: 53.7069

Epoch:500
In training set, loss: 2221.13, Y0: 53.7383

Epoch:600
In training set, loss: 2111.95, Y0: 53.7629

Epoch:700
In training set, loss: 2015.23, Y0: 53.7852

Epoch:800
In training set, loss: 1928.97, Y0: 53.8058

Epoch:900
In training set, loss: 1851.6, Y0: 53.8251

Epoch:1000
In training set, loss: 1781.88, Y0: 53.8432



###############################################################################
TCHPC Cluster: kelvin
Job 24038 (BSDE_job_4_procs) for User 'zuoy' in Account 'hpc_21_01207'
Finished at: Thu Nov 25 13:39:19 GMT 2021

Job efficiency estimates:
=========================

Job ID: 24038
Cluster: kelvin
User/Group: zuoy/zuoy
State: COMPLETED (exit code 0)
Nodes: 11
Cores per node: 12
CPU Utilized: 01:19:39
CPU Efficiency: 8.83% of 15:02:00 core-walltime
Job Wall-clock time: 00:06:50
Memory Utilized: 846.41 MB
Memory Efficiency: 0.33% of 247.07 GB

Job completion status:
======================

       JobID    JobName AllocCPUS NTasks NNodes     MaxRSS    MaxRSSNode  MaxDiskRead MaxDiskWrite    Elapsed      State ExitCode 
------------ ---------- --------- ------ ------ ---------- ------------- ------------ ------------ ---------- ---------- -------- 
24038        BSDE_job_+       132            11                                                      00:06:50  COMPLETED      0:0 
24038.batch       batch        12      1      1    866720K   kelvin-n035        0.86M        0.01M   00:06:50  COMPLETED      0:0 
24038.0           orted       120     10     10                                                      00:06:49  COMPLETED      0:0 


Job details:
============

JobId=24038 JobName=BSDE_job_4_procs
   UserId=zuoy(1582) GroupId=zuoy(1252) MCS_label=N/A
   Priority=10541850 Nice=0 Account=hpc_21_01207 QOS=normal
   JobState=COMPLETING Reason=None Dependency=(null)
   Requeue=0 Restarts=0 BatchFlag=1 Reboot=0 ExitCode=0:0
   DerivedExitCode=0:0
   RunTime=00:06:50 TimeLimit=23:00:00 TimeMin=N/A
   SubmitTime=2021-11-25T12:10:36 EligibleTime=2021-11-25T12:10:36
   AccrueTime=2021-11-25T12:10:36
   StartTime=2021-11-25T13:32:29 EndTime=2021-11-25T13:39:19 Deadline=N/A
   SuspendTime=None SecsPreSuspend=0 LastSchedEval=2021-11-25T13:32:29
   Partition=compute AllocNode:Sid=kelvin01:17031
   ReqNodeList=(null) ExcNodeList=(null)
   NodeList=kelvin-n[036,038-039,041-042,044,048,056,081,084]
   BatchHost=kelvin-n035
   NumNodes=10 NumCPUs=132 NumTasks=128 CPUs/Task=1 ReqB:S:C:T=0:0:*:*
   TRES=cpu=132,mem=253000M,node=11,billing=132
   Socks/Node=* NtasksPerN:B:S:C=0:0:*:* CoreSpec=*
   JOB_GRES=(null)
     Nodes=kelvin-n[035-036,038-039,041-042,044,048,056,081,084] CPU_IDs=0-11 Mem=23000 GRES=
   MinCPUsNode=1 MinMemoryNode=23000M MinTmpDiskNode=0
   Features=(null) DelayBoot=00:00:00
   OverSubscribe=NO Contiguous=0 Licenses=(null) Network=(null)
   Command=/home/users/mschpc/2019/zuoy/HPC/NeuralNetwork/parallel/scripts/script_PricingDefaultRisk_d200_b64_n128.sh
   WorkDir=/home/users/mschpc/2019/zuoy/HPC/NeuralNetwork/parallel
   StdErr=/home/users/mschpc/2019/zuoy/HPC/NeuralNetwork/parallel/output/slurm-24038.out
   StdIn=/dev/null
   StdOut=/home/users/mschpc/2019/zuoy/HPC/NeuralNetwork/parallel/output/slurm-24038.out
   Power=
   NtasksPerTRES:0


Disk quota details:
===================

Quota Type           Name  Filesystem     Usage in MB     Limit in MB    % Used
-------------------------------------------------------------------------------
USER                 zuoy       /home             145          51,200     0.28%

GROUP              mschpc   /projects             999          51,200     1.95%
GROUP          pi-dgolden   /projects               0          51,200     0.00%


SLURM Bank Statement:
=====================

User           Usage |        Account     Usage | Account Limit Available (CPU hrs)
---------- --------- + -------------- --------- + ------------- ---------
zuoy          28,490 |   HPC_21_01207    28,490 |       100,000    71,510


Acknowledgements:
=================

Note that usage of TCHPC Resources *must* be acknowledged in all publications.

Please see this page for details relevant to this cluster:

http://www.tchpc.tcd.ie/resources/acknowledgementpolicy

################################################################################
