Parallel Mode: Master-Slave
Dimension: 100
Total time: 0.3
Number of time intervals: 20
Learning rate: 0.0005
y_init_range: 0.3, 0.5
Number of neurons in each hidden layer of each subnet: 110, 110, 
Epochs: 4000
Batch size: 1
Sample size: 1024
Logging frequency: 100
Model name: AllenCahn_parallel_
Number of processors: 8


Training:
Epoch:100
In training set, loss: 7.0503, Y0: 0.0636351

Epoch:200
In training set, loss: 6.82447, Y0: 0.0577988

Epoch:300
In training set, loss: 6.63378, Y0: 0.0576792

Epoch:400
In training set, loss: 6.46392, Y0: 0.0577047

Epoch:500
In training set, loss: 6.31224, Y0: 0.0577288

Epoch:600
In training set, loss: 6.17644, Y0: 0.0577484

Epoch:700
In training set, loss: 6.05455, Y0: 0.0577639

Epoch:800
In training set, loss: 5.94487, Y0: 0.0577759

Epoch:900
In training set, loss: 5.84594, Y0: 0.0577849

Epoch:1000
In training set, loss: 5.75648, Y0: 0.0577914

Epoch:1100
In training set, loss: 5.67537, Y0: 0.0577957

Epoch:1200
In training set, loss: 5.60164, Y0: 0.0577982

Epoch:1300
In training set, loss: 5.53446, Y0: 0.057799

Epoch:1400
In training set, loss: 5.47308, Y0: 0.0577985

Epoch:1500
In training set, loss: 5.41686, Y0: 0.0577968

Epoch:1600
In training set, loss: 5.36522, Y0: 0.0577942

Epoch:1700
In training set, loss: 5.31767, Y0: 0.0577907

Epoch:1800
In training set, loss: 5.27376, Y0: 0.0577866

Epoch:1900
In training set, loss: 5.23312, Y0: 0.0577818

Epoch:2000
In training set, loss: 5.19539, Y0: 0.0577766

Epoch:2100
In training set, loss: 5.16027, Y0: 0.0577711

Epoch:2200
In training set, loss: 5.1275, Y0: 0.0577652

Epoch:2300
In training set, loss: 5.09683, Y0: 0.0577592

Epoch:2400
In training set, loss: 5.06805, Y0: 0.0577529

Epoch:2500
In training set, loss: 5.04099, Y0: 0.0577466

Epoch:2600
In training set, loss: 5.01546, Y0: 0.0577402

Epoch:2700
In training set, loss: 4.99131, Y0: 0.0577337

Epoch:2800
In training set, loss: 4.96843, Y0: 0.0577272

Epoch:2900
In training set, loss: 4.94667, Y0: 0.0577208

Epoch:3000
In training set, loss: 4.92595, Y0: 0.0577144

Epoch:3100
In training set, loss: 4.90616, Y0: 0.0577082

Epoch:3200
In training set, loss: 4.88721, Y0: 0.057702

Epoch:3300
In training set, loss: 4.86903, Y0: 0.0576959

Epoch:3400
In training set, loss: 4.85155, Y0: 0.0576899

Epoch:3500
In training set, loss: 4.83471, Y0: 0.057684

Epoch:3600
In training set, loss: 4.81844, Y0: 0.0576783

Epoch:3700
In training set, loss: 4.80271, Y0: 0.0576726

Epoch:3800
In training set, loss: 4.78746, Y0: 0.0576672

Epoch:3900
In training set, loss: 4.77265, Y0: 0.0576618

Epoch:4000
In training set, loss: 4.75825, Y0: 0.0576566



###############################################################################
TCHPC Cluster: kelvin
Job 22820 (BSDE_job_4_procs) for User 'zuoy' in Account 'hpc_21_01207'
Finished at: Mon Nov 22 00:30:29 GMT 2021

Job efficiency estimates:
=========================

Job ID: 22820
Cluster: kelvin
User/Group: zuoy/zuoy
State: COMPLETED (exit code 0)
Nodes: 1
Cores per node: 12
CPU Utilized: 05:13:09
CPU Efficiency: 66.63% of 07:50:00 core-walltime
Job Wall-clock time: 00:39:10
Memory Utilized: 422.47 MB
Memory Efficiency: 1.84% of 22.46 GB

Job completion status:
======================

       JobID    JobName AllocCPUS NTasks NNodes     MaxRSS    MaxRSSNode  MaxDiskRead MaxDiskWrite    Elapsed      State ExitCode 
------------ ---------- --------- ------ ------ ---------- ------------- ------------ ------------ ---------- ---------- -------- 
22820        BSDE_job_+        12             1                                                      00:39:10  COMPLETED      0:0 
22820.batch       batch        12      1      1    432608K   kelvin-n008        0.86M        0.01M   00:39:10  COMPLETED      0:0 


Job details:
============

JobId=22820 JobName=BSDE_job_4_procs
   UserId=zuoy(1582) GroupId=zuoy(1252) MCS_label=N/A
   Priority=10552824 Nice=0 Account=hpc_21_01207 QOS=normal
   JobState=COMPLETING Reason=None Dependency=(null)
   Requeue=0 Restarts=0 BatchFlag=1 Reboot=0 ExitCode=0:0
   DerivedExitCode=0:0
   RunTime=00:39:10 TimeLimit=23:00:00 TimeMin=N/A
   SubmitTime=2021-11-21T21:55:37 EligibleTime=2021-11-21T21:55:37
   AccrueTime=2021-11-21T21:55:37
   StartTime=2021-11-21T23:51:19 EndTime=2021-11-22T00:30:29 Deadline=N/A
   SuspendTime=None SecsPreSuspend=0 LastSchedEval=2021-11-21T23:51:19
   Partition=compute AllocNode:Sid=kelvin01:12189
   ReqNodeList=(null) ExcNodeList=(null)
   NodeList=
   BatchHost=kelvin-n008
   NumNodes=1 NumCPUs=12 NumTasks=8 CPUs/Task=1 ReqB:S:C:T=0:0:*:*
   TRES=cpu=12,mem=23000M,node=1,billing=12
   Socks/Node=* NtasksPerN:B:S:C=0:0:*:* CoreSpec=*
   JOB_GRES=(null)
     Nodes=kelvin-n008 CPU_IDs=0-11 Mem=23000 GRES=
   MinCPUsNode=1 MinMemoryNode=23000M MinTmpDiskNode=0
   Features=(null) DelayBoot=00:00:00
   OverSubscribe=NO Contiguous=0 Licenses=(null) Network=(null)
   Command=/home/users/mschpc/2019/zuoy/HPC/NeuralNetwork/parallel/scripts/script_AllenCahn_d100_b1_n8.sh
   WorkDir=/home/users/mschpc/2019/zuoy/HPC/NeuralNetwork/parallel
   StdErr=/home/users/mschpc/2019/zuoy/HPC/NeuralNetwork/parallel/output/slurm-22820.out
   StdIn=/dev/null
   StdOut=/home/users/mschpc/2019/zuoy/HPC/NeuralNetwork/parallel/output/slurm-22820.out
   Power=
   NtasksPerTRES:0


Disk quota details:
===================

Quota Type           Name  Filesystem     Usage in MB     Limit in MB    % Used
-------------------------------------------------------------------------------
USER                 zuoy       /home             129          51,200     0.25%

GROUP              mschpc   /projects             999          51,200     1.95%
GROUP          pi-dgolden   /projects               0          51,200     0.00%


SLURM Bank Statement:
=====================

User           Usage |        Account     Usage | Account Limit Available (CPU hrs)
---------- --------- + -------------- --------- + ------------- ---------
zuoy          22,754 |   HPC_21_01207    22,754 |       100,000    77,246


Acknowledgements:
=================

Note that usage of TCHPC Resources *must* be acknowledged in all publications.

Please see this page for details relevant to this cluster:

http://www.tchpc.tcd.ie/resources/acknowledgementpolicy

################################################################################
