Parallel Mode: Ring-Allreduce
Dimension: 300
Total time: 0.3
Number of time intervals: 20
Learning rate: 0.0005
y_init_range: 0.3, 0.5
Number of neurons in each hidden layer of each subnet: 110, 110, 
Epochs: 4000
Batch size: 1
Sample size: 256
Logging frequency: 100
Model name: AllenCahn_parallel_
Number of processors: 16


Training:
Epoch:100
In training set, loss: 3.31843, Y0: 0.196989

Epoch:200
In training set, loss: 2.0242, Y0: 0.135669

Epoch:300
In training set, loss: 1.515, Y0: 0.0979647

Epoch:400
In training set, loss: 1.29766, Y0: 0.0744728

Epoch:500
In training set, loss: 1.19323, Y0: 0.059743

Epoch:600
In training set, loss: 1.13357, Y0: 0.0504714

Epoch:700
In training set, loss: 1.09222, Y0: 0.0446164

Epoch:800
In training set, loss: 1.05876, Y0: 0.040906

Epoch:900
In training set, loss: 1.02907, Y0: 0.0385435

Epoch:1000
In training set, loss: 1.00147, Y0: 0.0370295

Epoch:1100
In training set, loss: 0.975296, Y0: 0.0360501

Epoch:1200
In training set, loss: 0.950237, Y0: 0.0354077

Epoch:1300
In training set, loss: 0.926153, Y0: 0.0349782

Epoch:1400
In training set, loss: 0.902966, Y0: 0.0346832

Epoch:1500
In training set, loss: 0.880621, Y0: 0.0344734

Epoch:1600
In training set, loss: 0.859076, Y0: 0.0343177

Epoch:1700
In training set, loss: 0.838296, Y0: 0.0341965

Epoch:1800
In training set, loss: 0.818246, Y0: 0.0340974

Epoch:1900
In training set, loss: 0.798895, Y0: 0.0340125

Epoch:2000
In training set, loss: 0.780215, Y0: 0.0339368

Epoch:2100
In training set, loss: 0.762176, Y0: 0.0338674

Epoch:2200
In training set, loss: 0.744753, Y0: 0.0338021

Epoch:2300
In training set, loss: 0.727919, Y0: 0.0337397

Epoch:2400
In training set, loss: 0.711652, Y0: 0.0336794

Epoch:2500
In training set, loss: 0.695928, Y0: 0.0336208

Epoch:2600
In training set, loss: 0.680725, Y0: 0.0335634

Epoch:2700
In training set, loss: 0.666022, Y0: 0.033507

Epoch:2800
In training set, loss: 0.6518, Y0: 0.0334516

Epoch:2900
In training set, loss: 0.638039, Y0: 0.0333971

Epoch:3000
In training set, loss: 0.62472, Y0: 0.0333433

Epoch:3100
In training set, loss: 0.611828, Y0: 0.0332903

Epoch:3200
In training set, loss: 0.599344, Y0: 0.0332379

Epoch:3300
In training set, loss: 0.587254, Y0: 0.0331862

Epoch:3400
In training set, loss: 0.575542, Y0: 0.0331352

Epoch:3500
In training set, loss: 0.564193, Y0: 0.0330848

Epoch:3600
In training set, loss: 0.553194, Y0: 0.033035

Epoch:3700
In training set, loss: 0.542531, Y0: 0.0329859

Epoch:3800
In training set, loss: 0.532193, Y0: 0.0329374

Epoch:3900
In training set, loss: 0.522166, Y0: 0.0328895

Epoch:4000
In training set, loss: 0.512439, Y0: 0.0328422



###############################################################################
TCHPC Cluster: kelvin
Job 21345 (BSDE_job_4_procs) for User 'zuoy' in Account 'hpc_21_01207'
Finished at: Thu Nov 18 19:57:00 GMT 2021

Job efficiency estimates:
=========================

Job ID: 21345
Cluster: kelvin
User/Group: zuoy/zuoy
State: COMPLETED (exit code 0)
Nodes: 2
Cores per node: 12
CPU Utilized: 02:07:38
CPU Efficiency: 33.24% of 06:24:00 core-walltime
Job Wall-clock time: 00:16:00
Memory Utilized: 462.22 MB
Memory Efficiency: 1.00% of 44.92 GB

Job completion status:
======================

       JobID    JobName AllocCPUS NTasks NNodes     MaxRSS    MaxRSSNode  MaxDiskRead MaxDiskWrite    Elapsed      State ExitCode 
------------ ---------- --------- ------ ------ ---------- ------------- ------------ ------------ ---------- ---------- -------- 
21345        BSDE_job_+        24             2                                                      00:16:00  COMPLETED      0:0 
21345.batch       batch        12      1      1    473316K   kelvin-n021        0.86M        0.01M   00:16:00  COMPLETED      0:0 
21345.0           orted        12      1      1                                                      00:15:59  COMPLETED      0:0 


Job details:
============

JobId=21345 JobName=BSDE_job_4_procs
   UserId=zuoy(1582) GroupId=zuoy(1252) MCS_label=N/A
   Priority=11213156 Nice=0 Account=hpc_21_01207 QOS=normal
   JobState=COMPLETING Reason=None Dependency=(null)
   Requeue=0 Restarts=0 BatchFlag=1 Reboot=0 ExitCode=0:0
   DerivedExitCode=0:0
   RunTime=00:16:00 TimeLimit=23:00:00 TimeMin=N/A
   SubmitTime=2021-11-18T14:03:16 EligibleTime=2021-11-18T14:03:16
   AccrueTime=2021-11-18T14:03:16
   StartTime=2021-11-18T19:41:00 EndTime=2021-11-18T19:57:00 Deadline=N/A
   SuspendTime=None SecsPreSuspend=0 LastSchedEval=2021-11-18T19:41:00
   Partition=compute AllocNode:Sid=kelvin01:471
   ReqNodeList=(null) ExcNodeList=(null)
   NodeList=kelvin-n084
   BatchHost=kelvin-n021
   NumNodes=1 NumCPUs=24 NumTasks=16 CPUs/Task=1 ReqB:S:C:T=0:0:*:*
   TRES=cpu=24,mem=46000M,node=2,billing=24
   Socks/Node=* NtasksPerN:B:S:C=0:0:*:* CoreSpec=*
   JOB_GRES=(null)
     Nodes=kelvin-n[021,084] CPU_IDs=0-11 Mem=23000 GRES=
   MinCPUsNode=1 MinMemoryNode=23000M MinTmpDiskNode=0
   Features=(null) DelayBoot=00:00:00
   OverSubscribe=NO Contiguous=0 Licenses=(null) Network=(null)
   Command=/home/users/mschpc/2019/zuoy/HPC/NeuralNetwork/parallel/scripts/script_AllenCahn_d300_b1_n16.sh
   WorkDir=/home/users/mschpc/2019/zuoy/HPC/NeuralNetwork/parallel
   StdErr=/home/users/mschpc/2019/zuoy/HPC/NeuralNetwork/parallel/output/slurm-21345.out
   StdIn=/dev/null
   StdOut=/home/users/mschpc/2019/zuoy/HPC/NeuralNetwork/parallel/output/slurm-21345.out
   Power=
   NtasksPerTRES:0


Disk quota details:
===================

Quota Type           Name  Filesystem     Usage in MB     Limit in MB    % Used
-------------------------------------------------------------------------------
USER                 zuoy       /home             107          51,200     0.21%

GROUP              mschpc   /projects             999          51,200     1.95%
GROUP          pi-dgolden   /projects               0          51,200     0.00%


SLURM Bank Statement:
=====================

User           Usage |        Account     Usage | Account Limit Available (CPU hrs)
---------- --------- + -------------- --------- + ------------- ---------
zuoy           9,240 |   HPC_21_01207     9,240 |       100,000    90,760


Acknowledgements:
=================

Note that usage of TCHPC Resources *must* be acknowledged in all publications.

Please see this page for details relevant to this cluster:

http://www.tchpc.tcd.ie/resources/acknowledgementpolicy

################################################################################
