Parallel Mode: Ring-Allreduce
Dimension: 300
Total time: 1
Number of time intervals: 20
Learning rate: 0.01
y_init_range: 0, 1
Number of neurons in each hidden layer of each subnet: 110, 110, 
Epochs: 3000
Batch size: 1
Sample size: 256
Logging frequency: 100
Model name: HJBLQ_parallel_
Number of processors: 64


Training:
Epoch:100
In training set, loss: 17.5184, Y0: 5.07123

Epoch:200
In training set, loss: 9.73434, Y0: 5.18884

Epoch:300
In training set, loss: 6.32345, Y0: 5.23566

Epoch:400
In training set, loss: 4.5096, Y0: 5.26787

Epoch:500
In training set, loss: 3.4234, Y0: 5.29159

Epoch:600
In training set, loss: 2.71187, Y0: 5.30988

Epoch:700
In training set, loss: 2.21479, Y0: 5.32448

Epoch:800
In training set, loss: 1.85112, Y0: 5.33645

Epoch:900
In training set, loss: 1.57584, Y0: 5.34647

Epoch:1000
In training set, loss: 1.36189, Y0: 5.35502

Epoch:1100
In training set, loss: 1.19206, Y0: 5.36242

Epoch:1200
In training set, loss: 1.05486, Y0: 5.36888

Epoch:1300
In training set, loss: 0.942343, Y0: 5.3746

Epoch:1400
In training set, loss: 0.848846, Y0: 5.37969

Epoch:1500
In training set, loss: 0.770252, Y0: 5.38425

Epoch:1600
In training set, loss: 0.703507, Y0: 5.38837

Epoch:1700
In training set, loss: 0.646291, Y0: 5.39211

Epoch:1800
In training set, loss: 0.596831, Y0: 5.3955

Epoch:1900
In training set, loss: 0.553748, Y0: 5.39862

Epoch:2000
In training set, loss: 0.515943, Y0: 5.40149

Epoch:2100
In training set, loss: 0.482565, Y0: 5.40413

Epoch:2200
In training set, loss: 0.452914, Y0: 5.40656

Epoch:2300
In training set, loss: 0.426429, Y0: 5.40882

Epoch:2400
In training set, loss: 0.40265, Y0: 5.41092

Epoch:2500
In training set, loss: 0.381196, Y0: 5.41288

Epoch:2600
In training set, loss: 0.361755, Y0: 5.41471

Epoch:2700
In training set, loss: 0.344063, Y0: 5.41642

Epoch:2800
In training set, loss: 0.327904, Y0: 5.41801

Epoch:2900
In training set, loss: 0.313087, Y0: 5.41953

Epoch:3000
In training set, loss: 0.299452, Y0: 5.42095



###############################################################################
TCHPC Cluster: kelvin
Job 21333 (BSDE_job_4_procs) for User 'zuoy' in Account 'hpc_21_01207'
Finished at: Thu Nov 18 19:21:07 GMT 2021

Job efficiency estimates:
=========================

Job ID: 21333
Cluster: kelvin
User/Group: zuoy/zuoy
State: COMPLETED (exit code 0)
Nodes: 6
Cores per node: 12
CPU Utilized: 01:41:22
CPU Efficiency: 15.03% of 11:14:24 core-walltime
Job Wall-clock time: 00:09:22
Memory Utilized: 639.56 MB
Memory Efficiency: 0.46% of 134.77 GB

Job completion status:
======================

       JobID    JobName AllocCPUS NTasks NNodes     MaxRSS    MaxRSSNode  MaxDiskRead MaxDiskWrite    Elapsed      State ExitCode 
------------ ---------- --------- ------ ------ ---------- ------------- ------------ ------------ ---------- ---------- -------- 
21333        BSDE_job_+        72             6                                                      00:09:22  COMPLETED      0:0 
21333.batch       batch        12      1      1    654912K   kelvin-n001        0.86M        0.01M   00:09:22  COMPLETED      0:0 
21333.0           orted        60      5      5                                                      00:09:21  COMPLETED      0:0 


Job details:
============

JobId=21333 JobName=BSDE_job_4_procs
   UserId=zuoy(1582) GroupId=zuoy(1252) MCS_label=N/A
   Priority=11200653 Nice=0 Account=hpc_21_01207 QOS=normal
   JobState=COMPLETING Reason=None Dependency=(null)
   Requeue=0 Restarts=0 BatchFlag=1 Reboot=0 ExitCode=0:0
   DerivedExitCode=0:0
   RunTime=00:09:22 TimeLimit=23:00:00 TimeMin=N/A
   SubmitTime=2021-11-18T14:03:13 EligibleTime=2021-11-18T14:03:13
   AccrueTime=2021-11-18T14:03:13
   StartTime=2021-11-18T19:11:45 EndTime=2021-11-18T19:21:07 Deadline=N/A
   SuspendTime=None SecsPreSuspend=0 LastSchedEval=2021-11-18T19:11:45
   Partition=compute AllocNode:Sid=kelvin01:471
   ReqNodeList=(null) ExcNodeList=(null)
   NodeList=kelvin-n[003,014-015,017-018]
   BatchHost=kelvin-n001
   NumNodes=5 NumCPUs=72 NumTasks=64 CPUs/Task=1 ReqB:S:C:T=0:0:*:*
   TRES=cpu=72,mem=138000M,node=6,billing=72
   Socks/Node=* NtasksPerN:B:S:C=0:0:*:* CoreSpec=*
   JOB_GRES=(null)
     Nodes=kelvin-n[001,003,014-015,017-018] CPU_IDs=0-11 Mem=23000 GRES=
   MinCPUsNode=1 MinMemoryNode=23000M MinTmpDiskNode=0
   Features=(null) DelayBoot=00:00:00
   OverSubscribe=NO Contiguous=0 Licenses=(null) Network=(null)
   Command=/home/users/mschpc/2019/zuoy/HPC/NeuralNetwork/parallel/scripts/script_HJBLQ_d300_b1_n64.sh
   WorkDir=/home/users/mschpc/2019/zuoy/HPC/NeuralNetwork/parallel
   StdErr=/home/users/mschpc/2019/zuoy/HPC/NeuralNetwork/parallel/output/slurm-21333.out
   StdIn=/dev/null
   StdOut=/home/users/mschpc/2019/zuoy/HPC/NeuralNetwork/parallel/output/slurm-21333.out
   Power=
   NtasksPerTRES:0


Disk quota details:
===================

Quota Type           Name  Filesystem     Usage in MB     Limit in MB    % Used
-------------------------------------------------------------------------------
USER                 zuoy       /home             103          51,200     0.20%

GROUP              mschpc   /projects             999          51,200     1.95%
GROUP          pi-dgolden   /projects               0          51,200     0.00%


SLURM Bank Statement:
=====================

User           Usage |        Account     Usage | Account Limit Available (CPU hrs)
---------- --------- + -------------- --------- + ------------- ---------
zuoy           9,039 |   HPC_21_01207     9,039 |       100,000    90,961


Acknowledgements:
=================

Note that usage of TCHPC Resources *must* be acknowledged in all publications.

Please see this page for details relevant to this cluster:

http://www.tchpc.tcd.ie/resources/acknowledgementpolicy

################################################################################
