Parallel Mode: Ring-Allreduce
Dimension: 100
Total time: 1
Number of time intervals: 20
Learning rate: 0.01
y_init_range: 0, 1
Number of neurons in each hidden layer of each subnet: 110, 110, 
Epochs: 1000
Batch size: 64
Sample size: 1024
Logging frequency: 100
Model name: HJBLQ_parallel_
Number of processors: 4


Training:
Epoch:100
In training set, loss: 56.8141, Y0: 4.38781

Epoch:200
In training set, loss: 47.1175, Y0: 4.47807

Epoch:300
In training set, loss: 42.7206, Y0: 4.4908

Epoch:400
In training set, loss: 39.71, Y0: 4.49893

Epoch:500
In training set, loss: 37.6101, Y0: 4.50471

Epoch:600
In training set, loss: 36.1143, Y0: 4.50886

Epoch:700
In training set, loss: 35.0227, Y0: 4.51188

Epoch:800
In training set, loss: 34.2045, Y0: 4.51409

Epoch:900
In training set, loss: 33.5729, Y0: 4.51572

Epoch:1000
In training set, loss: 33.07, Y0: 4.51694



###############################################################################
TCHPC Cluster: kelvin
Job 22281 (BSDE_job_4_procs) for User 'zuoy' in Account 'hpc_21_01207'
Finished at: Sun Nov 21 02:05:30 GMT 2021

Job efficiency estimates:
=========================

Job ID: 22281
Cluster: kelvin
User/Group: zuoy/zuoy
State: COMPLETED (exit code 0)
Nodes: 1
Cores per node: 12
CPU Utilized: 00:34:04
CPU Efficiency: 33.27% of 01:42:24 core-walltime
Job Wall-clock time: 00:08:32
Memory Utilized: 211.00 MB
Memory Efficiency: 0.92% of 22.46 GB

Job completion status:
======================

       JobID    JobName AllocCPUS NTasks NNodes     MaxRSS    MaxRSSNode  MaxDiskRead MaxDiskWrite    Elapsed      State ExitCode 
------------ ---------- --------- ------ ------ ---------- ------------- ------------ ------------ ---------- ---------- -------- 
22281        BSDE_job_+        12             1                                                      00:08:32  COMPLETED      0:0 
22281.batch       batch        12      1      1    216060K   kelvin-n090        0.86M        0.01M   00:08:32  COMPLETED      0:0 


Job details:
============

JobId=22281 JobName=BSDE_job_4_procs
   UserId=zuoy(1582) GroupId=zuoy(1252) MCS_label=N/A
   Priority=11083581 Nice=0 Account=hpc_21_01207 QOS=normal
   JobState=COMPLETING Reason=None Dependency=(null)
   Requeue=0 Restarts=0 BatchFlag=1 Reboot=0 ExitCode=0:0
   DerivedExitCode=0:0
   RunTime=00:08:32 TimeLimit=23:00:00 TimeMin=N/A
   SubmitTime=2021-11-20T22:48:32 EligibleTime=2021-11-20T22:48:32
   AccrueTime=2021-11-20T22:48:32
   StartTime=2021-11-21T01:56:58 EndTime=2021-11-21T02:05:30 Deadline=N/A
   SuspendTime=None SecsPreSuspend=0 LastSchedEval=2021-11-21T01:56:58
   Partition=compute AllocNode:Sid=kelvin01:32460
   ReqNodeList=(null) ExcNodeList=(null)
   NodeList=
   BatchHost=kelvin-n090
   NumNodes=1 NumCPUs=12 NumTasks=4 CPUs/Task=1 ReqB:S:C:T=0:0:*:*
   TRES=cpu=12,mem=23000M,node=1,billing=12
   Socks/Node=* NtasksPerN:B:S:C=0:0:*:* CoreSpec=*
   JOB_GRES=(null)
     Nodes=kelvin-n090 CPU_IDs=0-11 Mem=23000 GRES=
   MinCPUsNode=1 MinMemoryNode=23000M MinTmpDiskNode=0
   Features=(null) DelayBoot=00:00:00
   OverSubscribe=NO Contiguous=0 Licenses=(null) Network=(null)
   Command=/home/users/mschpc/2019/zuoy/HPC/NeuralNetwork/parallel/scripts/script_HJBLQ_d100_b64_n4.sh
   WorkDir=/home/users/mschpc/2019/zuoy/HPC/NeuralNetwork/parallel
   StdErr=/home/users/mschpc/2019/zuoy/HPC/NeuralNetwork/parallel/output/slurm-22281.out
   StdIn=/dev/null
   StdOut=/home/users/mschpc/2019/zuoy/HPC/NeuralNetwork/parallel/output/slurm-22281.out
   Power=
   NtasksPerTRES:0


Disk quota details:
===================

Quota Type           Name  Filesystem     Usage in MB     Limit in MB    % Used
-------------------------------------------------------------------------------
USER                 zuoy       /home             119          51,200     0.23%

GROUP              mschpc   /projects             999          51,200     1.95%
GROUP          pi-dgolden   /projects               0          51,200     0.00%


SLURM Bank Statement:
=====================

User           Usage |        Account     Usage | Account Limit Available (CPU hrs)
---------- --------- + -------------- --------- + ------------- ---------
zuoy          15,208 |   HPC_21_01207    15,208 |       100,000    84,792


Acknowledgements:
=================

Note that usage of TCHPC Resources *must* be acknowledged in all publications.

Please see this page for details relevant to this cluster:

http://www.tchpc.tcd.ie/resources/acknowledgementpolicy

################################################################################
