Parallel Mode: Master-Slave
Dimension: 300
Total time: 0.3
Number of time intervals: 20
Learning rate: 0.0005
y_init_range: 0.3, 0.5
Number of neurons in each hidden layer of each subnet: 110, 110, 
Epochs: 4000
Batch size: 1
Sample size: 256
Logging frequency: 100
Model name: AllenCahn_parallel_
Number of processors: 128


Training:
Epoch:100
In training set, loss: 5.96495, Y0: 0.284215

Epoch:200
In training set, loss: 5.3968, Y0: 0.269514

Epoch:300
In training set, loss: 4.90197, Y0: 0.2558

Epoch:400
In training set, loss: 4.46977, Y0: 0.24299

Epoch:500
In training set, loss: 4.09133, Y0: 0.231011

Epoch:600
In training set, loss: 3.75923, Y0: 0.219797

Epoch:700
In training set, loss: 3.46721, Y0: 0.209289

Epoch:800
In training set, loss: 3.20996, Y0: 0.199437

Epoch:900
In training set, loss: 2.983, Y0: 0.190191

Epoch:1000
In training set, loss: 2.78244, Y0: 0.18151

Epoch:1100
In training set, loss: 2.60498, Y0: 0.173354

Epoch:1200
In training set, loss: 2.44775, Y0: 0.165689

Epoch:1300
In training set, loss: 2.30827, Y0: 0.15848

Epoch:1400
In training set, loss: 2.1844, Y0: 0.1517

Epoch:1500
In training set, loss: 2.07426, Y0: 0.145319

Epoch:1600
In training set, loss: 1.97623, Y0: 0.139312

Epoch:1700
In training set, loss: 1.88888, Y0: 0.133656

Epoch:1800
In training set, loss: 1.81096, Y0: 0.12833

Epoch:1900
In training set, loss: 1.74138, Y0: 0.123312

Epoch:2000
In training set, loss: 1.67918, Y0: 0.118584

Epoch:2100
In training set, loss: 1.6235, Y0: 0.114129

Epoch:2200
In training set, loss: 1.57361, Y0: 0.109929

Epoch:2300
In training set, loss: 1.52884, Y0: 0.105971

Epoch:2400
In training set, loss: 1.48862, Y0: 0.102238

Epoch:2500
In training set, loss: 1.45243, Y0: 0.0987184

Epoch:2600
In training set, loss: 1.41982, Y0: 0.095399

Epoch:2700
In training set, loss: 1.39039, Y0: 0.0922681

Epoch:2800
In training set, loss: 1.36378, Y0: 0.0893148

Epoch:2900
In training set, loss: 1.33968, Y0: 0.0865287

Epoch:3000
In training set, loss: 1.31782, Y0: 0.0839001

Epoch:3100
In training set, loss: 1.29794, Y0: 0.0814199

Epoch:3200
In training set, loss: 1.27983, Y0: 0.0790797

Epoch:3300
In training set, loss: 1.26329, Y0: 0.0768711

Epoch:3400
In training set, loss: 1.24815, Y0: 0.0747868

Epoch:3500
In training set, loss: 1.23425, Y0: 0.0728195

Epoch:3600
In training set, loss: 1.22147, Y0: 0.0709625

Epoch:3700
In training set, loss: 1.20968, Y0: 0.0692095

Epoch:3800
In training set, loss: 1.19876, Y0: 0.0675546

Epoch:3900
In training set, loss: 1.18864, Y0: 0.0659921

Epoch:4000
In training set, loss: 1.17922, Y0: 0.064517



###############################################################################
TCHPC Cluster: kelvin
Job 21197 (BSDE_job_4_procs) for User 'zuoy' in Account 'hpc_21_01207'
Finished at: Thu Nov 18 02:05:49 GMT 2021

Job efficiency estimates:
=========================

Job ID: 21197
Cluster: kelvin
User/Group: zuoy/zuoy
State: COMPLETED (exit code 0)
Nodes: 11
Cores per node: 12
CPU Utilized: 12:59:09
CPU Efficiency: 9.02% of 5-23:55:00 core-walltime
Job Wall-clock time: 01:05:25
Memory Utilized: 943.20 MB
Memory Efficiency: 0.37% of 247.07 GB

Job completion status:
======================

       JobID    JobName AllocCPUS NTasks NNodes     MaxRSS    MaxRSSNode  MaxDiskRead MaxDiskWrite    Elapsed      State ExitCode 
------------ ---------- --------- ------ ------ ---------- ------------- ------------ ------------ ---------- ---------- -------- 
21197        BSDE_job_+       132            11                                                      01:05:25  COMPLETED      0:0 
21197.batch       batch        12      1      1    965840K   kelvin-n029        0.87M        0.01M   01:05:25  COMPLETED      0:0 
21197.0           orted       120     10     10                                                      01:05:24  COMPLETED      0:0 


Job details:
============

JobId=21197 JobName=BSDE_job_4_procs
   UserId=zuoy(1582) GroupId=zuoy(1252) MCS_label=N/A
   Priority=11857645 Nice=0 Account=hpc_21_01207 QOS=normal
   JobState=COMPLETING Reason=None Dependency=(null)
   Requeue=0 Restarts=0 BatchFlag=1 Reboot=0 ExitCode=0:0
   DerivedExitCode=0:0
   RunTime=01:05:25 TimeLimit=23:00:00 TimeMin=N/A
   SubmitTime=2021-11-17T21:53:39 EligibleTime=2021-11-17T21:53:39
   AccrueTime=2021-11-17T21:53:39
   StartTime=2021-11-18T01:00:24 EndTime=2021-11-18T02:05:49 Deadline=N/A
   SuspendTime=None SecsPreSuspend=0 LastSchedEval=2021-11-18T01:00:24
   Partition=compute AllocNode:Sid=kelvin01:6170
   ReqNodeList=(null) ExcNodeList=(null)
   NodeList=kelvin-n[032-033,052,054-055,062,066,068-070]
   BatchHost=kelvin-n029
   NumNodes=10 NumCPUs=132 NumTasks=128 CPUs/Task=1 ReqB:S:C:T=0:0:*:*
   TRES=cpu=132,mem=253000M,node=11,billing=132
   Socks/Node=* NtasksPerN:B:S:C=0:0:*:* CoreSpec=*
   JOB_GRES=(null)
     Nodes=kelvin-n[029,032-033,052,054-055,062,066,068-070] CPU_IDs=0-11 Mem=23000 GRES=
   MinCPUsNode=1 MinMemoryNode=23000M MinTmpDiskNode=0
   Features=(null) DelayBoot=00:00:00
   OverSubscribe=NO Contiguous=0 Licenses=(null) Network=(null)
   Command=/home/users/mschpc/2019/zuoy/HPC/NeuralNetwork/parallel/scripts/script_AllenCahn_d300_b1_n128.sh
   WorkDir=/home/users/mschpc/2019/zuoy/HPC/NeuralNetwork/parallel
   StdErr=/home/users/mschpc/2019/zuoy/HPC/NeuralNetwork/parallel/output/slurm-21197.out
   StdIn=/dev/null
   StdOut=/home/users/mschpc/2019/zuoy/HPC/NeuralNetwork/parallel/output/slurm-21197.out
   Power=
   NtasksPerTRES:0


Disk quota details:
===================

Quota Type           Name  Filesystem     Usage in MB     Limit in MB    % Used
-------------------------------------------------------------------------------
USER                 zuoy       /home             101          51,200     0.20%

GROUP              mschpc   /projects             999          51,200     1.95%
GROUP          pi-dgolden   /projects               0          51,200     0.00%


SLURM Bank Statement:
=====================

User           Usage |        Account     Usage | Account Limit Available (CPU hrs)
---------- --------- + -------------- --------- + ------------- ---------
zuoy           7,328 |   HPC_21_01207     7,328 |       100,000    92,672


Acknowledgements:
=================

Note that usage of TCHPC Resources *must* be acknowledged in all publications.

Please see this page for details relevant to this cluster:

http://www.tchpc.tcd.ie/resources/acknowledgementpolicy

################################################################################
