Parallel Mode: Master-Slave
Dimension: 300
Total time: 1
Number of time intervals: 40
Learning rate: 0.01
y_init_range: 40, 50
Number of neurons in each hidden layer of each subnet: 110, 110, 
Epochs: 1000
Batch size: 64
Sample size: 256
Logging frequency: 100
Model name: pricing_default_risk_parallel_
Number of processors: 4


Training:
Epoch:100
In training set, loss: 4374.4, Y0: 47.5739

Epoch:200
In training set, loss: 2361.77, Y0: 50.2092

Epoch:300
In training set, loss: 2010.5, Y0: 51.2147

Epoch:400
In training set, loss: 1888.27, Y0: 51.6078

Epoch:500
In training set, loss: 1805.02, Y0: 51.7659

Epoch:600
In training set, loss: 1732.55, Y0: 51.8334

Epoch:700
In training set, loss: 1666.23, Y0: 51.8658

Epoch:800
In training set, loss: 1604.79, Y0: 51.8844

Epoch:900
In training set, loss: 1547.65, Y0: 51.8977

Epoch:1000
In training set, loss: 1494.41, Y0: 51.9086



###############################################################################
TCHPC Cluster: kelvin
Job 22785 (BSDE_job_4_procs) for User 'zuoy' in Account 'hpc_21_01207'
Finished at: Sun Nov 21 22:01:06 GMT 2021

Job efficiency estimates:
=========================

Job ID: 22785
Cluster: kelvin
User/Group: zuoy/zuoy
State: COMPLETED (exit code 0)
Nodes: 1
Cores per node: 12
CPU Utilized: 01:06:27
CPU Efficiency: 33.29% of 03:19:36 core-walltime
Job Wall-clock time: 00:16:38
Memory Utilized: 352.14 MB
Memory Efficiency: 1.53% of 22.46 GB

Job completion status:
======================

       JobID    JobName AllocCPUS NTasks NNodes     MaxRSS    MaxRSSNode  MaxDiskRead MaxDiskWrite    Elapsed      State ExitCode 
------------ ---------- --------- ------ ------ ---------- ------------- ------------ ------------ ---------- ---------- -------- 
22785        BSDE_job_+        12             1                                                      00:16:38  COMPLETED      0:0 
22785.batch       batch        12      1      1    360588K   kelvin-n055        0.86M        0.01M   00:16:38  COMPLETED      0:0 


Job details:
============

JobId=22785 JobName=BSDE_job_4_procs
   UserId=zuoy(1582) GroupId=zuoy(1252) MCS_label=N/A
   Priority=10581049 Nice=0 Account=hpc_21_01207 QOS=normal
   JobState=COMPLETING Reason=None Dependency=(null)
   Requeue=0 Restarts=0 BatchFlag=1 Reboot=0 ExitCode=0:0
   DerivedExitCode=0:0
   RunTime=00:16:38 TimeLimit=23:00:00 TimeMin=N/A
   SubmitTime=2021-11-21T18:51:43 EligibleTime=2021-11-21T18:51:43
   AccrueTime=2021-11-21T18:51:43
   StartTime=2021-11-21T21:44:28 EndTime=2021-11-21T22:01:06 Deadline=N/A
   SuspendTime=None SecsPreSuspend=0 LastSchedEval=2021-11-21T21:44:28
   Partition=compute AllocNode:Sid=kelvin01:12189
   ReqNodeList=(null) ExcNodeList=(null)
   NodeList=
   BatchHost=kelvin-n055
   NumNodes=1 NumCPUs=12 NumTasks=4 CPUs/Task=1 ReqB:S:C:T=0:0:*:*
   TRES=cpu=12,mem=23000M,node=1,billing=12
   Socks/Node=* NtasksPerN:B:S:C=0:0:*:* CoreSpec=*
   JOB_GRES=(null)
     Nodes=kelvin-n055 CPU_IDs=0-11 Mem=23000 GRES=
   MinCPUsNode=1 MinMemoryNode=23000M MinTmpDiskNode=0
   Features=(null) DelayBoot=00:00:00
   OverSubscribe=NO Contiguous=0 Licenses=(null) Network=(null)
   Command=/home/users/mschpc/2019/zuoy/HPC/NeuralNetwork/parallel/scripts/script_PricingDefaultRisk_d300_b64_n4.sh
   WorkDir=/home/users/mschpc/2019/zuoy/HPC/NeuralNetwork/parallel
   StdErr=/home/users/mschpc/2019/zuoy/HPC/NeuralNetwork/parallel/output/slurm-22785.out
   StdIn=/dev/null
   StdOut=/home/users/mschpc/2019/zuoy/HPC/NeuralNetwork/parallel/output/slurm-22785.out
   Power=
   NtasksPerTRES:0


Disk quota details:
===================

Quota Type           Name  Filesystem     Usage in MB     Limit in MB    % Used
-------------------------------------------------------------------------------
USER                 zuoy       /home             130          51,200     0.25%

GROUP              mschpc   /projects             999          51,200     1.95%
GROUP          pi-dgolden   /projects               0          51,200     0.00%


SLURM Bank Statement:
=====================

User           Usage |        Account     Usage | Account Limit Available (CPU hrs)
---------- --------- + -------------- --------- + ------------- ---------
zuoy          21,902 |   HPC_21_01207    21,902 |       100,000    78,098


Acknowledgements:
=================

Note that usage of TCHPC Resources *must* be acknowledged in all publications.

Please see this page for details relevant to this cluster:

http://www.tchpc.tcd.ie/resources/acknowledgementpolicy

################################################################################
