Parallel Mode: Ring-Allreduce
Dimension: 100
Total time: 0.3
Number of time intervals: 20
Learning rate: 0.0005
y_init_range: 0.3, 0.5
Number of neurons in each hidden layer of each subnet: 110, 110, 
Epochs: 4000
Batch size: 1
Sample size: 256
Logging frequency: 100
Model name: AllenCahn_parallel_
Number of processors: 8


Training:
Epoch:100
In training set, loss: 2.7279, Y0: 0.144328

Epoch:200
In training set, loss: 2.09202, Y0: 0.0858396

Epoch:300
In training set, loss: 1.96123, Y0: 0.0627392

Epoch:400
In training set, loss: 1.90988, Y0: 0.0534942

Epoch:500
In training set, loss: 1.87248, Y0: 0.0497613

Epoch:600
In training set, loss: 1.83859, Y0: 0.0482326

Epoch:700
In training set, loss: 1.80645, Y0: 0.0475876

Epoch:800
In training set, loss: 1.77572, Y0: 0.0472978

Epoch:900
In training set, loss: 1.7463, Y0: 0.0471513

Epoch:1000
In training set, loss: 1.7181, Y0: 0.047063

Epoch:1100
In training set, loss: 1.69106, Y0: 0.0469987

Epoch:1200
In training set, loss: 1.66511, Y0: 0.0469447

Epoch:1300
In training set, loss: 1.64021, Y0: 0.0468954

Epoch:1400
In training set, loss: 1.6163, Y0: 0.0468486

Epoch:1500
In training set, loss: 1.59333, Y0: 0.0468035

Epoch:1600
In training set, loss: 1.57125, Y0: 0.0467596

Epoch:1700
In training set, loss: 1.55002, Y0: 0.0467169

Epoch:1800
In training set, loss: 1.5296, Y0: 0.0466752

Epoch:1900
In training set, loss: 1.50994, Y0: 0.0466346

Epoch:2000
In training set, loss: 1.49101, Y0: 0.046595

Epoch:2100
In training set, loss: 1.47277, Y0: 0.0465564

Epoch:2200
In training set, loss: 1.4552, Y0: 0.0465187

Epoch:2300
In training set, loss: 1.43825, Y0: 0.0464819

Epoch:2400
In training set, loss: 1.4219, Y0: 0.0464462

Epoch:2500
In training set, loss: 1.40613, Y0: 0.0464114

Epoch:2600
In training set, loss: 1.39089, Y0: 0.0463774

Epoch:2700
In training set, loss: 1.37617, Y0: 0.0463443

Epoch:2800
In training set, loss: 1.36195, Y0: 0.0463122

Epoch:2900
In training set, loss: 1.34821, Y0: 0.0462809

Epoch:3000
In training set, loss: 1.33491, Y0: 0.0462504

Epoch:3100
In training set, loss: 1.32204, Y0: 0.0462208

Epoch:3200
In training set, loss: 1.30959, Y0: 0.046192

Epoch:3300
In training set, loss: 1.29753, Y0: 0.046164

Epoch:3400
In training set, loss: 1.28584, Y0: 0.0461367

Epoch:3500
In training set, loss: 1.27452, Y0: 0.0461103

Epoch:3600
In training set, loss: 1.26354, Y0: 0.0460846

Epoch:3700
In training set, loss: 1.25288, Y0: 0.0460597

Epoch:3800
In training set, loss: 1.24255, Y0: 0.0460355

Epoch:3900
In training set, loss: 1.23251, Y0: 0.046012

Epoch:4000
In training set, loss: 1.22276, Y0: 0.0459892



###############################################################################
TCHPC Cluster: kelvin
Job 21493 (BSDE_job_4_procs) for User 'zuoy' in Account 'hpc_21_01207'
Finished at: Fri Nov 19 03:11:30 GMT 2021

Job efficiency estimates:
=========================

Job ID: 21493
Cluster: kelvin
User/Group: zuoy/zuoy
State: COMPLETED (exit code 0)
Nodes: 1
Cores per node: 12
CPU Utilized: 01:24:25
CPU Efficiency: 66.47% of 02:07:00 core-walltime
Job Wall-clock time: 00:10:35
Memory Utilized: 311.90 MB
Memory Efficiency: 1.36% of 22.46 GB

Job completion status:
======================

       JobID    JobName AllocCPUS NTasks NNodes     MaxRSS    MaxRSSNode  MaxDiskRead MaxDiskWrite    Elapsed      State ExitCode 
------------ ---------- --------- ------ ------ ---------- ------------- ------------ ------------ ---------- ---------- -------- 
21493        BSDE_job_+        12             1                                                      00:10:35  COMPLETED      0:0 
21493.batch       batch        12      1      1    319384K   kelvin-n024        0.86M        0.01M   00:10:35  COMPLETED      0:0 


Job details:
============

JobId=21493 JobName=BSDE_job_4_procs
   UserId=zuoy(1582) GroupId=zuoy(1252) MCS_label=N/A
   Priority=11182888 Nice=0 Account=hpc_21_01207 QOS=normal
   JobState=COMPLETING Reason=None Dependency=(null)
   Requeue=0 Restarts=0 BatchFlag=1 Reboot=0 ExitCode=0:0
   DerivedExitCode=0:0
   RunTime=00:10:35 TimeLimit=23:00:00 TimeMin=N/A
   SubmitTime=2021-11-18T22:23:06 EligibleTime=2021-11-18T22:23:06
   AccrueTime=2021-11-18T22:23:06
   StartTime=2021-11-19T03:00:55 EndTime=2021-11-19T03:11:30 Deadline=N/A
   SuspendTime=None SecsPreSuspend=0 LastSchedEval=2021-11-19T03:00:55
   Partition=compute AllocNode:Sid=kelvin01:15357
   ReqNodeList=(null) ExcNodeList=(null)
   NodeList=
   BatchHost=kelvin-n024
   NumNodes=1 NumCPUs=12 NumTasks=8 CPUs/Task=1 ReqB:S:C:T=0:0:*:*
   TRES=cpu=12,mem=23000M,node=1,billing=12
   Socks/Node=* NtasksPerN:B:S:C=0:0:*:* CoreSpec=*
   JOB_GRES=(null)
     Nodes=kelvin-n024 CPU_IDs=0-11 Mem=23000 GRES=
   MinCPUsNode=1 MinMemoryNode=23000M MinTmpDiskNode=0
   Features=(null) DelayBoot=00:00:00
   OverSubscribe=NO Contiguous=0 Licenses=(null) Network=(null)
   Command=/home/users/mschpc/2019/zuoy/HPC/NeuralNetwork/parallel/scripts/script_AllenCahn_d100_b1_n8.sh
   WorkDir=/home/users/mschpc/2019/zuoy/HPC/NeuralNetwork/parallel
   StdErr=/home/users/mschpc/2019/zuoy/HPC/NeuralNetwork/parallel/output/slurm-21493.out
   StdIn=/dev/null
   StdOut=/home/users/mschpc/2019/zuoy/HPC/NeuralNetwork/parallel/output/slurm-21493.out
   Power=
   NtasksPerTRES:0


Disk quota details:
===================

Quota Type           Name  Filesystem     Usage in MB     Limit in MB    % Used
-------------------------------------------------------------------------------
USER                 zuoy       /home             106          51,200     0.21%

GROUP              mschpc   /projects             999          51,200     1.95%
GROUP          pi-dgolden   /projects               0          51,200     0.00%


SLURM Bank Statement:
=====================

User           Usage |        Account     Usage | Account Limit Available (CPU hrs)
---------- --------- + -------------- --------- + ------------- ---------
zuoy           9,724 |   HPC_21_01207     9,724 |       100,000    90,276


Acknowledgements:
=================

Note that usage of TCHPC Resources *must* be acknowledged in all publications.

Please see this page for details relevant to this cluster:

http://www.tchpc.tcd.ie/resources/acknowledgementpolicy

################################################################################
