Parallel Mode: Master-Slave
Dimension: 200
Total time: 1
Number of time intervals: 20
Learning rate: 0.01
y_init_range: 0, 1
Number of neurons in each hidden layer of each subnet: 110, 110, 
Epochs: 1000
Batch size: 64
Sample size: 1024
Logging frequency: 100
Model name: HJBLQ_parallel_
Number of processors: 64


Training:
Epoch:100
In training set, loss: 24.279, Y0: 5.20904

Epoch:200
In training set, loss: 14.912, Y0: 5.24814

Epoch:300
In training set, loss: 12.5284, Y0: 5.26275

Epoch:400
In training set, loss: 11.6868, Y0: 5.26927

Epoch:500
In training set, loss: 11.2984, Y0: 5.27251

Epoch:600
In training set, loss: 11.0707, Y0: 5.27426

Epoch:700
In training set, loss: 10.9078, Y0: 5.27525

Epoch:800
In training set, loss: 10.7735, Y0: 5.27584

Epoch:900
In training set, loss: 10.6529, Y0: 5.2762

Epoch:1000
In training set, loss: 10.5395, Y0: 5.27642



###############################################################################
TCHPC Cluster: kelvin
Job 23332 (BSDE_job_4_procs) for User 'zuoy' in Account 'hpc_21_01207'
Finished at: Tue Nov 23 16:25:16 GMT 2021

Job efficiency estimates:
=========================

Job ID: 23332
Cluster: kelvin
User/Group: zuoy/zuoy
State: COMPLETED (exit code 0)
Nodes: 6
Cores per node: 12
CPU Utilized: 01:28:33
CPU Efficiency: 15.06% of 09:48:00 core-walltime
Job Wall-clock time: 00:08:10
Memory Utilized: 972.65 MB
Memory Efficiency: 0.70% of 134.77 GB

Job completion status:
======================

       JobID    JobName AllocCPUS NTasks NNodes     MaxRSS    MaxRSSNode  MaxDiskRead MaxDiskWrite    Elapsed      State ExitCode 
------------ ---------- --------- ------ ------ ---------- ------------- ------------ ------------ ---------- ---------- -------- 
23332        BSDE_job_+        72             6                                                      00:08:10  COMPLETED      0:0 
23332.batch       batch        12      1      1    995992K   kelvin-n063        0.87M        0.01M   00:08:10  COMPLETED      0:0 
23332.0           orted        60      5      5                                                      00:08:08  COMPLETED      0:0 


Job details:
============

JobId=23332 JobName=BSDE_job_4_procs
   UserId=zuoy(1582) GroupId=zuoy(1252) MCS_label=N/A
   Priority=10916050 Nice=0 Account=hpc_21_01207 QOS=normal
   JobState=COMPLETING Reason=None Dependency=(null)
   Requeue=0 Restarts=0 BatchFlag=1 Reboot=0 ExitCode=0:0
   DerivedExitCode=0:0
   RunTime=00:08:10 TimeLimit=23:00:00 TimeMin=N/A
   SubmitTime=2021-11-23T02:15:17 EligibleTime=2021-11-23T02:15:17
   AccrueTime=2021-11-23T02:15:17
   StartTime=2021-11-23T16:17:06 EndTime=2021-11-23T16:25:16 Deadline=N/A
   SuspendTime=None SecsPreSuspend=0 LastSchedEval=2021-11-23T16:17:06
   Partition=compute AllocNode:Sid=kelvin01:730
   ReqNodeList=(null) ExcNodeList=(null)
   NodeList=kelvin-n[064,080,083,085,092]
   BatchHost=kelvin-n063
   NumNodes=5 NumCPUs=72 NumTasks=64 CPUs/Task=1 ReqB:S:C:T=0:0:*:*
   TRES=cpu=72,mem=138000M,node=6,billing=72
   Socks/Node=* NtasksPerN:B:S:C=0:0:*:* CoreSpec=*
   JOB_GRES=(null)
     Nodes=kelvin-n[063-064,080,083,085,092] CPU_IDs=0-11 Mem=23000 GRES=
   MinCPUsNode=1 MinMemoryNode=23000M MinTmpDiskNode=0
   Features=(null) DelayBoot=00:00:00
   OverSubscribe=NO Contiguous=0 Licenses=(null) Network=(null)
   Command=/home/users/mschpc/2019/zuoy/HPC/NeuralNetwork/parallel/scripts/script_HJBLQ_d200_b64_n64.sh
   WorkDir=/home/users/mschpc/2019/zuoy/HPC/NeuralNetwork/parallel
   StdErr=/home/users/mschpc/2019/zuoy/HPC/NeuralNetwork/parallel/output/slurm-23332.out
   StdIn=/dev/null
   StdOut=/home/users/mschpc/2019/zuoy/HPC/NeuralNetwork/parallel/output/slurm-23332.out
   Power=
   NtasksPerTRES:0


Disk quota details:
===================

Quota Type           Name  Filesystem     Usage in MB     Limit in MB    % Used
-------------------------------------------------------------------------------
USER                 zuoy       /home             137          51,200     0.27%

GROUP              mschpc   /projects             999          51,200     1.95%
GROUP          pi-dgolden   /projects               0          51,200     0.00%


SLURM Bank Statement:
=====================

User           Usage |        Account     Usage | Account Limit Available (CPU hrs)
---------- --------- + -------------- --------- + ------------- ---------
zuoy          27,320 |   HPC_21_01207    27,320 |       100,000    72,680


Acknowledgements:
=================

Note that usage of TCHPC Resources *must* be acknowledged in all publications.

Please see this page for details relevant to this cluster:

http://www.tchpc.tcd.ie/resources/acknowledgementpolicy

################################################################################
