Parallel Mode: Ring-Allreduce
Dimension: 300
Total time: 1
Number of time intervals: 20
Learning rate: 0.01
y_init_range: 0, 1
Number of neurons in each hidden layer of each subnet: 110, 110, 
Epochs: 1000
Batch size: 64
Sample size: 1024
Logging frequency: 100
Model name: HJBLQ_parallel_
Number of processors: 128


Training:
Epoch:100
In training set, loss: 47.4726, Y0: 5.48661

Epoch:200
In training set, loss: 25.9147, Y0: 5.55793

Epoch:300
In training set, loss: 16.8123, Y0: 5.59724

Epoch:400
In training set, loss: 12.4076, Y0: 5.62128

Epoch:500
In training set, loss: 10.0208, Y0: 5.63695

Epoch:600
In training set, loss: 8.60977, Y0: 5.64764

Epoch:700
In training set, loss: 7.71993, Y0: 5.65519

Epoch:800
In training set, loss: 7.13105, Y0: 5.66067

Epoch:900
In training set, loss: 6.72668, Y0: 5.66474

Epoch:1000
In training set, loss: 6.44077, Y0: 5.6678



###############################################################################
TCHPC Cluster: kelvin
Job 23692 (BSDE_job_4_procs) for User 'zuoy' in Account 'hpc_21_01207'
Finished at: Thu Nov 25 09:55:40 GMT 2021

Job efficiency estimates:
=========================

Job ID: 23692
Cluster: kelvin
User/Group: zuoy/zuoy
State: COMPLETED (exit code 0)
Nodes: 11
Cores per node: 12
CPU Utilized: 01:10:19
CPU Efficiency: 8.95% of 13:05:24 core-walltime
Job Wall-clock time: 00:05:57
Memory Utilized: 1.12 GB
Memory Efficiency: 0.45% of 247.07 GB

Job completion status:
======================

       JobID    JobName AllocCPUS NTasks NNodes     MaxRSS    MaxRSSNode  MaxDiskRead MaxDiskWrite    Elapsed      State ExitCode 
------------ ---------- --------- ------ ------ ---------- ------------- ------------ ------------ ---------- ---------- -------- 
23692        BSDE_job_+       132            11                                                      00:05:57  COMPLETED      0:0 
23692.batch       batch        12      1      1   1175680K   kelvin-n030        0.86M        0.01M   00:05:57  COMPLETED      0:0 
23692.0           orted       120     10     10                                                      00:05:56  COMPLETED      0:0 


Job details:
============

JobId=23692 JobName=BSDE_job_4_procs
   UserId=zuoy(1582) GroupId=zuoy(1252) MCS_label=N/A
   Priority=11209219 Nice=0 Account=hpc_21_01207 QOS=normal
   JobState=COMPLETING Reason=None Dependency=(null)
   Requeue=0 Restarts=0 BatchFlag=1 Reboot=0 ExitCode=0:0
   DerivedExitCode=0:0
   RunTime=00:05:57 TimeLimit=23:00:00 TimeMin=N/A
   SubmitTime=2021-11-24T10:02:11 EligibleTime=2021-11-24T10:02:11
   AccrueTime=2021-11-24T10:02:11
   StartTime=2021-11-25T09:49:43 EndTime=2021-11-25T09:55:40 Deadline=N/A
   SuspendTime=None SecsPreSuspend=0 LastSchedEval=2021-11-25T09:49:43
   Partition=compute AllocNode:Sid=kelvin01:18898
   ReqNodeList=(null) ExcNodeList=(null)
   NodeList=kelvin-n[031,034-036,041-042,044,046,080,085]
   BatchHost=kelvin-n030
   NumNodes=10 NumCPUs=132 NumTasks=128 CPUs/Task=1 ReqB:S:C:T=0:0:*:*
   TRES=cpu=132,mem=253000M,node=11,billing=132
   Socks/Node=* NtasksPerN:B:S:C=0:0:*:* CoreSpec=*
   JOB_GRES=(null)
     Nodes=kelvin-n[030-031,034-036,041-042,044,046,080,085] CPU_IDs=0-11 Mem=23000 GRES=
   MinCPUsNode=1 MinMemoryNode=23000M MinTmpDiskNode=0
   Features=(null) DelayBoot=00:00:00
   OverSubscribe=NO Contiguous=0 Licenses=(null) Network=(null)
   Command=/home/users/mschpc/2019/zuoy/HPC/NeuralNetwork/parallel/scripts/script_HJBLQ_d300_b64_n128.sh
   WorkDir=/home/users/mschpc/2019/zuoy/HPC/NeuralNetwork/parallel
   StdErr=/home/users/mschpc/2019/zuoy/HPC/NeuralNetwork/parallel/output/slurm-23692.out
   StdIn=/dev/null
   StdOut=/home/users/mschpc/2019/zuoy/HPC/NeuralNetwork/parallel/output/slurm-23692.out
   Power=
   NtasksPerTRES:0


Disk quota details:
===================

Quota Type           Name  Filesystem     Usage in MB     Limit in MB    % Used
-------------------------------------------------------------------------------
USER                 zuoy       /home             141          51,200     0.28%

GROUP              mschpc   /projects             999          51,200     1.95%
GROUP          pi-dgolden   /projects               0          51,200     0.00%


SLURM Bank Statement:
=====================

User           Usage |        Account     Usage | Account Limit Available (CPU hrs)
---------- --------- + -------------- --------- + ------------- ---------
zuoy          28,025 |   HPC_21_01207    28,025 |       100,000    71,975


Acknowledgements:
=================

Note that usage of TCHPC Resources *must* be acknowledged in all publications.

Please see this page for details relevant to this cluster:

http://www.tchpc.tcd.ie/resources/acknowledgementpolicy

################################################################################
