Parallel Mode: Ring-Allreduce
Dimension: 400
Total time: 1
Number of time intervals: 40
Learning rate: 0.01
y_init_range: 40, 50
Number of neurons in each hidden layer of each subnet: 110, 110, 
Epochs: 1000
Batch size: 1
Sample size: 256
Logging frequency: 100
Model name: pricing_default_risk_parallel_
Number of processors: 64


Training:
Epoch:100
In training set, loss: 1583.7, Y0: 50.689

Epoch:200
In training set, loss: 1244.4, Y0: 50.9381

Epoch:300
In training set, loss: 1018.34, Y0: 50.9847

Epoch:400
In training set, loss: 858.657, Y0: 51.0192

Epoch:500
In training set, loss: 740.771, Y0: 51.0466

Epoch:600
In training set, loss: 650.458, Y0: 51.0682

Epoch:700
In training set, loss: 578.892, Y0: 51.085

Epoch:800
In training set, loss: 520.868, Y0: 51.0981

Epoch:900
In training set, loss: 472.752, Y0: 51.108

Epoch:1000
In training set, loss: 432.102, Y0: 51.1157



###############################################################################
TCHPC Cluster: kelvin
Job 21312 (BSDE_job_4_procs) for User 'zuoy' in Account 'hpc_21_01207'
Finished at: Thu Nov 18 19:13:54 GMT 2021

Job efficiency estimates:
=========================

Job ID: 21312
Cluster: kelvin
User/Group: zuoy/zuoy
State: COMPLETED (exit code 0)
Nodes: 6
Cores per node: 12
CPU Utilized: 01:32:47
CPU Efficiency: 15.04% of 10:16:48 core-walltime
Job Wall-clock time: 00:08:34
Memory Utilized: 1.14 GB
Memory Efficiency: 0.85% of 134.77 GB

Job completion status:
======================

       JobID    JobName AllocCPUS NTasks NNodes     MaxRSS    MaxRSSNode  MaxDiskRead MaxDiskWrite    Elapsed      State ExitCode 
------------ ---------- --------- ------ ------ ---------- ------------- ------------ ------------ ---------- ---------- -------- 
21312        BSDE_job_+        72             6                                                      00:08:34  COMPLETED      0:0 
21312.batch       batch        12      1      1   1198568K   kelvin-n019        0.86M        0.01M   00:08:34  COMPLETED      0:0 
21312.0           orted        60      5      5                                                      00:08:32  COMPLETED      0:0 


Job details:
============

JobId=21312 JobName=BSDE_job_4_procs
   UserId=zuoy(1582) GroupId=zuoy(1252) MCS_label=N/A
   Priority=11197709 Nice=0 Account=hpc_21_01207 QOS=normal
   JobState=COMPLETING Reason=None Dependency=(null)
   Requeue=0 Restarts=0 BatchFlag=1 Reboot=0 ExitCode=0:0
   DerivedExitCode=0:0
   RunTime=00:08:34 TimeLimit=23:00:00 TimeMin=N/A
   SubmitTime=2021-11-18T14:03:09 EligibleTime=2021-11-18T14:03:09
   AccrueTime=2021-11-18T14:03:09
   StartTime=2021-11-18T19:05:19 EndTime=2021-11-18T19:13:53 Deadline=N/A
   SuspendTime=None SecsPreSuspend=0 LastSchedEval=2021-11-18T19:05:19
   Partition=compute AllocNode:Sid=kelvin01:471
   ReqNodeList=(null) ExcNodeList=(null)
   NodeList=kelvin-n[020-021,023-024,059]
   BatchHost=kelvin-n019
   NumNodes=5 NumCPUs=72 NumTasks=64 CPUs/Task=1 ReqB:S:C:T=0:0:*:*
   TRES=cpu=72,mem=138000M,node=6,billing=72
   Socks/Node=* NtasksPerN:B:S:C=0:0:*:* CoreSpec=*
   JOB_GRES=(null)
     Nodes=kelvin-n[019-021,023-024,059] CPU_IDs=0-11 Mem=23000 GRES=
   MinCPUsNode=1 MinMemoryNode=23000M MinTmpDiskNode=0
   Features=(null) DelayBoot=00:00:00
   OverSubscribe=NO Contiguous=0 Licenses=(null) Network=(null)
   Command=/home/users/mschpc/2019/zuoy/HPC/NeuralNetwork/parallel/scripts/script_PricingDefaultRisk_d400_b1_n64.sh
   WorkDir=/home/users/mschpc/2019/zuoy/HPC/NeuralNetwork/parallel
   StdErr=/home/users/mschpc/2019/zuoy/HPC/NeuralNetwork/parallel/output/slurm-21312.out
   StdIn=/dev/null
   StdOut=/home/users/mschpc/2019/zuoy/HPC/NeuralNetwork/parallel/output/slurm-21312.out
   Power=
   NtasksPerTRES:0


Disk quota details:
===================

Quota Type           Name  Filesystem     Usage in MB     Limit in MB    % Used
-------------------------------------------------------------------------------
USER                 zuoy       /home             103          51,200     0.20%

GROUP              mschpc   /projects             999          51,200     1.95%
GROUP          pi-dgolden   /projects               0          51,200     0.00%


SLURM Bank Statement:
=====================

User           Usage |        Account     Usage | Account Limit Available (CPU hrs)
---------- --------- + -------------- --------- + ------------- ---------
zuoy           8,999 |   HPC_21_01207     8,999 |       100,000    91,001


Acknowledgements:
=================

Note that usage of TCHPC Resources *must* be acknowledged in all publications.

Please see this page for details relevant to this cluster:

http://www.tchpc.tcd.ie/resources/acknowledgementpolicy

################################################################################
