Parallel Mode: Master-Slave
Dimension: 200
Total time: 1
Number of time intervals: 40
Learning rate: 0.01
y_init_range: 40, 50
Number of neurons in each hidden layer of each subnet: 110, 110, 
Epochs: 1000
Batch size: 64
Sample size: 256
Logging frequency: 100
Model name: pricing_default_risk_parallel_
Number of processors: 32


Training:
Epoch:100
In training set, loss: 2409.01, Y0: 52.8894

Epoch:200
In training set, loss: 2158.04, Y0: 53.16

Epoch:300
In training set, loss: 1978.97, Y0: 53.1614

Epoch:400
In training set, loss: 1841.45, Y0: 53.1576

Epoch:500
In training set, loss: 1732.47, Y0: 53.1546

Epoch:600
In training set, loss: 1643.99, Y0: 53.1521

Epoch:700
In training set, loss: 1570.16, Y0: 53.1499

Epoch:800
In training set, loss: 1507.55, Y0: 53.1481

Epoch:900
In training set, loss: 1453.22, Y0: 53.1466

Epoch:1000
In training set, loss: 1405.4, Y0: 53.1454



###############################################################################
TCHPC Cluster: kelvin
Job 23548 (BSDE_job_4_procs) for User 'zuoy' in Account 'hpc_21_01207'
Finished at: Wed Nov 24 08:48:52 GMT 2021

Job efficiency estimates:
=========================

Job ID: 23548
Cluster: kelvin
User/Group: zuoy/zuoy
State: COMPLETED (exit code 0)
Nodes: 3
Cores per node: 12
CPU Utilized: 01:22:05
CPU Efficiency: 30.13% of 04:32:24 core-walltime
Job Wall-clock time: 00:07:34
Memory Utilized: 790.00 MB
Memory Efficiency: 1.14% of 67.38 GB

Job completion status:
======================

       JobID    JobName AllocCPUS NTasks NNodes     MaxRSS    MaxRSSNode  MaxDiskRead MaxDiskWrite    Elapsed      State ExitCode 
------------ ---------- --------- ------ ------ ---------- ------------- ------------ ------------ ---------- ---------- -------- 
23548        BSDE_job_+        36             3                                                      00:07:34  COMPLETED      0:0 
23548.batch       batch        12      1      1    808964K   kelvin-n063        0.86M        0.01M   00:07:34  COMPLETED      0:0 
23548.0           orted        24      2      2                                                      00:07:33  COMPLETED      0:0 


Job details:
============

JobId=23548 JobName=BSDE_job_4_procs
   UserId=zuoy(1582) GroupId=zuoy(1252) MCS_label=N/A
   Priority=10958829 Nice=0 Account=hpc_21_01207 QOS=normal
   JobState=COMPLETING Reason=None Dependency=(null)
   Requeue=0 Restarts=0 BatchFlag=1 Reboot=0 ExitCode=0:0
   DerivedExitCode=0:0
   RunTime=00:07:34 TimeLimit=23:00:00 TimeMin=N/A
   SubmitTime=2021-11-23T17:09:29 EligibleTime=2021-11-23T17:09:29
   AccrueTime=2021-11-23T17:09:29
   StartTime=2021-11-24T08:41:18 EndTime=2021-11-24T08:48:52 Deadline=N/A
   SuspendTime=None SecsPreSuspend=0 LastSchedEval=2021-11-24T08:41:18
   Partition=compute AllocNode:Sid=kelvin01:24748
   ReqNodeList=(null) ExcNodeList=(null)
   NodeList=kelvin-n[064-065]
   BatchHost=kelvin-n063
   NumNodes=2 NumCPUs=36 NumTasks=32 CPUs/Task=1 ReqB:S:C:T=0:0:*:*
   TRES=cpu=36,mem=69000M,node=3,billing=36
   Socks/Node=* NtasksPerN:B:S:C=0:0:*:* CoreSpec=*
   JOB_GRES=(null)
     Nodes=kelvin-n[063-065] CPU_IDs=0-11 Mem=23000 GRES=
   MinCPUsNode=1 MinMemoryNode=23000M MinTmpDiskNode=0
   Features=(null) DelayBoot=00:00:00
   OverSubscribe=NO Contiguous=0 Licenses=(null) Network=(null)
   Command=/home/users/mschpc/2019/zuoy/HPC/NeuralNetwork/parallel/scripts/script_PricingDefaultRisk_d200_b64_n32.sh
   WorkDir=/home/users/mschpc/2019/zuoy/HPC/NeuralNetwork/parallel
   StdErr=/home/users/mschpc/2019/zuoy/HPC/NeuralNetwork/parallel/output/slurm-23548.out
   StdIn=/dev/null
   StdOut=/home/users/mschpc/2019/zuoy/HPC/NeuralNetwork/parallel/output/slurm-23548.out
   Power=
   NtasksPerTRES:0


Disk quota details:
===================

Quota Type           Name  Filesystem     Usage in MB     Limit in MB    % Used
-------------------------------------------------------------------------------
USER                 zuoy       /home             140          51,200     0.27%

GROUP              mschpc   /projects             999          51,200     1.95%
GROUP          pi-dgolden   /projects               0          51,200     0.00%


SLURM Bank Statement:
=====================

User           Usage |        Account     Usage | Account Limit Available (CPU hrs)
---------- --------- + -------------- --------- + ------------- ---------
zuoy          28,940 |   HPC_21_01207    28,940 |       100,000    71,060


Acknowledgements:
=================

Note that usage of TCHPC Resources *must* be acknowledged in all publications.

Please see this page for details relevant to this cluster:

http://www.tchpc.tcd.ie/resources/acknowledgementpolicy

################################################################################
