Parallel Mode: Master-Slave
Dimension: 200
Total time: 1
Number of time intervals: 20
Learning rate: 0.01
y_init_range: 0, 1
Number of neurons in each hidden layer of each subnet: 110, 110, 
Epochs: 1000
Batch size: 64
Sample size: 1024
Logging frequency: 100
Model name: HJBLQ_parallel_
Number of processors: 128


Training:
--------------------------------------------------------------------------
ORTE has lost communication with a remote daemon.

  HNP daemon   : [[50265,0],0] on node kelvin-n051
  Remote daemon: [[50265,0],2] on node kelvin-n054

This is usually due to either a failure of the TCP network
connection to the node, or possibly an internal failure of
the daemon itself. We cannot recover from this failure, and
therefore will terminate the job.
--------------------------------------------------------------------------


###############################################################################
TCHPC Cluster: kelvin
Job 22586 (BSDE_job_4_procs) for User 'zuoy' in Account 'hpc_21_01207'
Finished at: Sun Nov 21 12:32:06 GMT 2021

Job efficiency estimates:
=========================

Job ID: 22586
Cluster: kelvin
User/Group: zuoy/zuoy
State: FAILED (exit code 205)
Nodes: 11
Cores per node: 12
CPU Utilized: 06:37:06
CPU Efficiency: 9.07% of 3-01:00:12 core-walltime
Job Wall-clock time: 00:33:11
Memory Utilized: 882.88 MB
Memory Efficiency: 0.35% of 247.07 GB

Job completion status:
======================

       JobID    JobName AllocCPUS NTasks NNodes     MaxRSS    MaxRSSNode  MaxDiskRead MaxDiskWrite    Elapsed      State ExitCode 
------------ ---------- --------- ------ ------ ---------- ------------- ------------ ------------ ---------- ---------- -------- 
22586        BSDE_job_+       132            11                                                      00:33:11     FAILED     77:0 
22586.batch       batch        12      1      1    904072K   kelvin-n051        0.86M        0.01M   00:33:11     FAILED     77:0 
22586.0           orted       120     10     10                                                      00:33:10     FAILED      0:0 


Job details:
============

JobId=22586 JobName=BSDE_job_4_procs
   UserId=zuoy(1582) GroupId=zuoy(1252) MCS_label=N/A
   Priority=11035322 Nice=0 Account=hpc_21_01207 QOS=normal
   JobState=COMPLETING Reason=NonZeroExitCode Dependency=(null)
   Requeue=0 Restarts=0 BatchFlag=1 Reboot=0 ExitCode=205:0
   DerivedExitCode=0:0
   RunTime=00:33:11 TimeLimit=23:00:00 TimeMin=N/A
   SubmitTime=2021-11-21T10:39:41 EligibleTime=2021-11-21T10:39:41
   AccrueTime=2021-11-21T10:39:41
   StartTime=2021-11-21T11:58:55 EndTime=2021-11-21T12:32:06 Deadline=N/A
   SuspendTime=None SecsPreSuspend=0 LastSchedEval=2021-11-21T11:58:55
   Partition=compute AllocNode:Sid=kelvin01:12117
   ReqNodeList=(null) ExcNodeList=(null)
   NodeList=kelvin-n[052,054-056,058-059,065,093,096-097]
   BatchHost=kelvin-n051
   NumNodes=10 NumCPUs=132 NumTasks=128 CPUs/Task=1 ReqB:S:C:T=0:0:*:*
   TRES=cpu=132,mem=253000M,node=11,billing=132
   Socks/Node=* NtasksPerN:B:S:C=0:0:*:* CoreSpec=*
   JOB_GRES=(null)
     Nodes=kelvin-n[051-052,054-056,058-059,065,093,096-097] CPU_IDs=0-11 Mem=23000 GRES=
   MinCPUsNode=1 MinMemoryNode=23000M MinTmpDiskNode=0
   Features=(null) DelayBoot=00:00:00
   OverSubscribe=NO Contiguous=0 Licenses=(null) Network=(null)
   Command=/home/users/mschpc/2019/zuoy/HPC/NeuralNetwork/parallel/scripts/script_HJBLQ_d200_b64_n128.sh
   WorkDir=/home/users/mschpc/2019/zuoy/HPC/NeuralNetwork/parallel
   StdErr=/home/users/mschpc/2019/zuoy/HPC/NeuralNetwork/parallel/output/slurm-22586.out
   StdIn=/dev/null
   StdOut=/home/users/mschpc/2019/zuoy/HPC/NeuralNetwork/parallel/output/slurm-22586.out
   Power=
   NtasksPerTRES:0


Disk quota details:
===================

Quota Type           Name  Filesystem     Usage in MB     Limit in MB    % Used
-------------------------------------------------------------------------------
USER                 zuoy       /home             121          51,200     0.24%

GROUP              mschpc   /projects             999          51,200     1.95%
GROUP          pi-dgolden   /projects               0          51,200     0.00%


SLURM Bank Statement:
=====================

User           Usage |        Account     Usage | Account Limit Available (CPU hrs)
---------- --------- + -------------- --------- + ------------- ---------
zuoy          17,940 |   HPC_21_01207    17,940 |       100,000    82,060


Acknowledgements:
=================

Note that usage of TCHPC Resources *must* be acknowledged in all publications.

Please see this page for details relevant to this cluster:

http://www.tchpc.tcd.ie/resources/acknowledgementpolicy

################################################################################
