Parallel Mode: Ring-Allreduce
Dimension: 200
Total time: 1
Number of time intervals: 20
Learning rate: 0.01
y_init_range: 0, 1
Number of neurons in each hidden layer of each subnet: 110, 110, 
Epochs: 1000
Batch size: 64
Sample size: 1024
Logging frequency: 100
Model name: HJBLQ_parallel_
Number of processors: 64


Training:
Epoch:100
In training set, loss: 8500.13, Y0: 1.15623

Epoch:200
In training set, loss: 5117.7, Y0: 2.05206

Epoch:300
In training set, loss: 3086.33, Y0: 2.74561

Epoch:400
In training set, loss: 1869.01, Y0: 3.28225

Epoch:500
In training set, loss: 1140.77, Y0: 3.69735

Epoch:600
In training set, loss: 705.617, Y0: 4.0184

Epoch:700
In training set, loss: 445.71, Y0: 4.26678

Epoch:800
In training set, loss: 290.396, Y0: 4.45902

Epoch:900
In training set, loss: 197.427, Y0: 4.60794

Epoch:1000
In training set, loss: 141.585, Y0: 4.72342



###############################################################################
TCHPC Cluster: kelvin
Job 22230 (BSDE_job_4_procs) for User 'zuoy' in Account 'hpc_21_01207'
Finished at: Sat Nov 20 23:17:22 GMT 2021

Job efficiency estimates:
=========================

Job ID: 22230
Cluster: kelvin
User/Group: zuoy/zuoy
State: COMPLETED (exit code 0)
Nodes: 6
Cores per node: 12
CPU Utilized: 00:52:27
CPU Efficiency: 15.02% of 05:49:12 core-walltime
Job Wall-clock time: 00:04:51
Memory Utilized: 819.61 MB
Memory Efficiency: 0.59% of 134.77 GB

Job completion status:
======================

       JobID    JobName AllocCPUS NTasks NNodes     MaxRSS    MaxRSSNode  MaxDiskRead MaxDiskWrite    Elapsed      State ExitCode 
------------ ---------- --------- ------ ------ ---------- ------------- ------------ ------------ ---------- ---------- -------- 
22230        BSDE_job_+        72             6                                                      00:04:51  COMPLETED      0:0 
22230.batch       batch        12      1      1    839280K   kelvin-n058        0.86M        0.01M   00:04:51  COMPLETED      0:0 
22230.0           orted        60      5      5                                                      00:04:50  COMPLETED      0:0 


Job details:
============

JobId=22230 JobName=BSDE_job_4_procs
   UserId=zuoy(1582) GroupId=zuoy(1252) MCS_label=N/A
   Priority=11233870 Nice=0 Account=hpc_21_01207 QOS=normal
   JobState=COMPLETING Reason=None Dependency=(null)
   Requeue=0 Restarts=0 BatchFlag=1 Reboot=0 ExitCode=0:0
   DerivedExitCode=0:0
   RunTime=00:04:51 TimeLimit=23:00:00 TimeMin=N/A
   SubmitTime=2021-11-20T16:57:15 EligibleTime=2021-11-20T16:57:15
   AccrueTime=2021-11-20T16:57:15
   StartTime=2021-11-20T23:12:31 EndTime=2021-11-20T23:17:22 Deadline=N/A
   SuspendTime=None SecsPreSuspend=0 LastSchedEval=2021-11-20T23:12:31
   Partition=compute AllocNode:Sid=kelvin01:32460
   ReqNodeList=(null) ExcNodeList=(null)
   NodeList=kelvin-n[086,091-093,096]
   BatchHost=kelvin-n058
   NumNodes=5 NumCPUs=72 NumTasks=64 CPUs/Task=1 ReqB:S:C:T=0:0:*:*
   TRES=cpu=72,mem=138000M,node=6,billing=72
   Socks/Node=* NtasksPerN:B:S:C=0:0:*:* CoreSpec=*
   JOB_GRES=(null)
     Nodes=kelvin-n[058,086,091-093,096] CPU_IDs=0-11 Mem=23000 GRES=
   MinCPUsNode=1 MinMemoryNode=23000M MinTmpDiskNode=0
   Features=(null) DelayBoot=00:00:00
   OverSubscribe=NO Contiguous=0 Licenses=(null) Network=(null)
   Command=/home/users/mschpc/2019/zuoy/HPC/NeuralNetwork/parallel/scripts/script_HJBLQ_d200_b64_n64.sh
   WorkDir=/home/users/mschpc/2019/zuoy/HPC/NeuralNetwork/parallel
   StdErr=/home/users/mschpc/2019/zuoy/HPC/NeuralNetwork/parallel/output/slurm-22230.out
   StdIn=/dev/null
   StdOut=/home/users/mschpc/2019/zuoy/HPC/NeuralNetwork/parallel/output/slurm-22230.out
   Power=
   NtasksPerTRES:0


Disk quota details:
===================

Quota Type           Name  Filesystem     Usage in MB     Limit in MB    % Used
-------------------------------------------------------------------------------
USER                 zuoy       /home             116          51,200     0.23%

GROUP              mschpc   /projects             999          51,200     1.95%
GROUP          pi-dgolden   /projects               0          51,200     0.00%


SLURM Bank Statement:
=====================

User           Usage |        Account     Usage | Account Limit Available (CPU hrs)
---------- --------- + -------------- --------- + ------------- ---------
zuoy          14,722 |   HPC_21_01207    14,722 |       100,000    85,278


Acknowledgements:
=================

Note that usage of TCHPC Resources *must* be acknowledged in all publications.

Please see this page for details relevant to this cluster:

http://www.tchpc.tcd.ie/resources/acknowledgementpolicy

################################################################################
