Parallel Mode: Master-Slave
Dimension: 500
Total time: 1
Number of time intervals: 40
Learning rate: 0.01
y_init_range: 40, 50
Number of neurons in each hidden layer of each subnet: 110, 110, 
Epochs: 1000
Batch size: 1
Sample size: 256
Logging frequency: 100
Model name: pricing_default_risk_parallel_
Number of processors: 128


Training:
Epoch:100
In training set, loss: 2082.69, Y0: 48.2122

Epoch:200
In training set, loss: 1636.16, Y0: 49.2205

Epoch:300
In training set, loss: 1401.74, Y0: 49.4023

Epoch:400
In training set, loss: 1216.15, Y0: 49.4725

Epoch:500
In training set, loss: 1066.19, Y0: 49.5243

Epoch:600
In training set, loss: 943.486, Y0: 49.5699

Epoch:700
In training set, loss: 841.749, Y0: 49.6111

Epoch:800
In training set, loss: 756.224, Y0: 49.6487

Epoch:900
In training set, loss: 683.455, Y0: 49.6828

Epoch:1000
In training set, loss: 620.859, Y0: 49.714



###############################################################################
TCHPC Cluster: kelvin
Job 22964 (BSDE_job_4_procs) for User 'zuoy' in Account 'hpc_21_01207'
Finished at: Mon Nov 22 05:31:00 GMT 2021

Job efficiency estimates:
=========================

Job ID: 22964
Cluster: kelvin
User/Group: zuoy/zuoy
State: COMPLETED (exit code 0)
Nodes: 11
Cores per node: 12
CPU Utilized: 04:23:11
CPU Efficiency: 8.93% of 2-01:08:00 core-walltime
Job Wall-clock time: 00:22:20
Memory Utilized: 1.61 GB
Memory Efficiency: 0.65% of 247.07 GB

Job completion status:
======================

       JobID    JobName AllocCPUS NTasks NNodes     MaxRSS    MaxRSSNode  MaxDiskRead MaxDiskWrite    Elapsed      State ExitCode 
------------ ---------- --------- ------ ------ ---------- ------------- ------------ ------------ ---------- ---------- -------- 
22964        BSDE_job_+       132            11                                                      00:22:20  COMPLETED      0:0 
22964.batch       batch        12      1      1   1689360K   kelvin-n035        0.86M        0.01M   00:22:20  COMPLETED      0:0 
22964.0           orted       120     10     10                                                      00:22:19  COMPLETED      0:0 


Job details:
============

JobId=22964 JobName=BSDE_job_4_procs
   UserId=zuoy(1582) GroupId=zuoy(1252) MCS_label=N/A
   Priority=10611005 Nice=0 Account=hpc_21_01207 QOS=normal
   JobState=COMPLETING Reason=None Dependency=(null)
   Requeue=0 Restarts=0 BatchFlag=1 Reboot=0 ExitCode=0:0
   DerivedExitCode=0:0
   RunTime=00:22:20 TimeLimit=23:00:00 TimeMin=N/A
   SubmitTime=2021-11-22T01:27:11 EligibleTime=2021-11-22T01:27:11
   AccrueTime=2021-11-22T01:27:11
   StartTime=2021-11-22T05:08:40 EndTime=2021-11-22T05:31:00 Deadline=N/A
   SuspendTime=None SecsPreSuspend=0 LastSchedEval=2021-11-22T05:08:40
   Partition=compute AllocNode:Sid=kelvin01:12189
   ReqNodeList=(null) ExcNodeList=(null)
   NodeList=kelvin-n[041-042,044-048,052,055,058]
   BatchHost=kelvin-n035
   NumNodes=10 NumCPUs=132 NumTasks=128 CPUs/Task=1 ReqB:S:C:T=0:0:*:*
   TRES=cpu=132,mem=253000M,node=11,billing=132
   Socks/Node=* NtasksPerN:B:S:C=0:0:*:* CoreSpec=*
   JOB_GRES=(null)
     Nodes=kelvin-n[035,041-042,044-048,052,055,058] CPU_IDs=0-11 Mem=23000 GRES=
   MinCPUsNode=1 MinMemoryNode=23000M MinTmpDiskNode=0
   Features=(null) DelayBoot=00:00:00
   OverSubscribe=NO Contiguous=0 Licenses=(null) Network=(null)
   Command=/home/users/mschpc/2019/zuoy/HPC/NeuralNetwork/parallel/scripts/script_PricingDefaultRisk_d500_b1_n128.sh
   WorkDir=/home/users/mschpc/2019/zuoy/HPC/NeuralNetwork/parallel
   StdErr=/home/users/mschpc/2019/zuoy/HPC/NeuralNetwork/parallel/output/slurm-22964.out
   StdIn=/dev/null
   StdOut=/home/users/mschpc/2019/zuoy/HPC/NeuralNetwork/parallel/output/slurm-22964.out
   Power=
   NtasksPerTRES:0


Disk quota details:
===================

Quota Type           Name  Filesystem     Usage in MB     Limit in MB    % Used
-------------------------------------------------------------------------------
USER                 zuoy       /home             130          51,200     0.25%

GROUP              mschpc   /projects             999          51,200     1.95%
GROUP          pi-dgolden   /projects               0          51,200     0.00%


SLURM Bank Statement:
=====================

User           Usage |        Account     Usage | Account Limit Available (CPU hrs)
---------- --------- + -------------- --------- + ------------- ---------
zuoy          25,148 |   HPC_21_01207    25,148 |       100,000    74,852


Acknowledgements:
=================

Note that usage of TCHPC Resources *must* be acknowledged in all publications.

Please see this page for details relevant to this cluster:

http://www.tchpc.tcd.ie/resources/acknowledgementpolicy

################################################################################
