Parallel Mode: Master-Slave
Dimension: 200
Total time: 1
Number of time intervals: 20
Learning rate: 0.01
y_init_range: 0, 1
Number of neurons in each hidden layer of each subnet: 110, 110, 
Epochs: 3000
Batch size: 1
Sample size: 256
Logging frequency: 100
Model name: HJBLQ_parallel_
Number of processors: 32


Training:
Epoch:100
In training set, loss: 7.53005, Y0: 5.0186

Epoch:200
In training set, loss: 3.98525, Y0: 5.07569

Epoch:300
In training set, loss: 2.75455, Y0: 5.10579

Epoch:400
In training set, loss: 2.17335, Y0: 5.12452

Epoch:500
In training set, loss: 1.83406, Y0: 5.13739

Epoch:600
In training set, loss: 1.60696, Y0: 5.14685

Epoch:700
In training set, loss: 1.44098, Y0: 5.15414

Epoch:800
In training set, loss: 1.31245, Y0: 5.15995

Epoch:900
In training set, loss: 1.20894, Y0: 5.16468

Epoch:1000
In training set, loss: 1.12322, Y0: 5.16862

Epoch:1100
In training set, loss: 1.05073, Y0: 5.17195

Epoch:1200
In training set, loss: 0.988444, Y0: 5.17479

Epoch:1300
In training set, loss: 0.934228, Y0: 5.17724

Epoch:1400
In training set, loss: 0.886522, Y0: 5.17936

Epoch:1500
In training set, loss: 0.844155, Y0: 5.18122

Epoch:1600
In training set, loss: 0.806215, Y0: 5.18286

Epoch:1700
In training set, loss: 0.771999, Y0: 5.18431

Epoch:1800
In training set, loss: 0.740935, Y0: 5.1856

Epoch:1900
In training set, loss: 0.712566, Y0: 5.18676

Epoch:2000
In training set, loss: 0.686514, Y0: 5.18779

Epoch:2100
In training set, loss: 0.662473, Y0: 5.18872

Epoch:2200
In training set, loss: 0.640184, Y0: 5.18957

Epoch:2300
In training set, loss: 0.619432, Y0: 5.19033

Epoch:2400
In training set, loss: 0.600036, Y0: 5.19103

Epoch:2500
In training set, loss: 0.581843, Y0: 5.19166

Epoch:2600
In training set, loss: 0.564723, Y0: 5.19225

Epoch:2700
In training set, loss: 0.548564, Y0: 5.19278

Epoch:2800
In training set, loss: 0.533268, Y0: 5.19327

Epoch:2900
In training set, loss: 0.518752, Y0: 5.19373

Epoch:3000
In training set, loss: 0.504944, Y0: 5.19415



###############################################################################
TCHPC Cluster: kelvin
Job 21166 (BSDE_job_4_procs) for User 'zuoy' in Account 'hpc_21_01207'
Finished at: Thu Nov 18 03:19:24 GMT 2021

Job efficiency estimates:
=========================

Job ID: 21166
Cluster: kelvin
User/Group: zuoy/zuoy
State: COMPLETED (exit code 0)
Nodes: 3
Cores per node: 12
CPU Utilized: 02:03:51
CPU Efficiency: 30.22% of 06:49:48 core-walltime
Job Wall-clock time: 00:11:23
Memory Utilized: 548.36 MB
Memory Efficiency: 0.79% of 67.38 GB

Job completion status:
======================

       JobID    JobName AllocCPUS NTasks NNodes     MaxRSS    MaxRSSNode  MaxDiskRead MaxDiskWrite    Elapsed      State ExitCode 
------------ ---------- --------- ------ ------ ---------- ------------- ------------ ------------ ---------- ---------- -------- 
21166        BSDE_job_+        36             3                                                      00:11:23  COMPLETED      0:0 
21166.batch       batch        12      1      1    561516K   kelvin-n062        0.87M        0.01M   00:11:23  COMPLETED      0:0 
21166.0           orted        24      2      2                                                      00:11:22  COMPLETED      0:0 


Job details:
============

JobId=21166 JobName=BSDE_job_4_procs
   UserId=zuoy(1582) GroupId=zuoy(1252) MCS_label=N/A
   Priority=11312912 Nice=0 Account=hpc_21_01207 QOS=normal
   JobState=COMPLETING Reason=None Dependency=(null)
   Requeue=0 Restarts=0 BatchFlag=1 Reboot=0 ExitCode=0:0
   DerivedExitCode=0:0
   RunTime=00:11:23 TimeLimit=23:00:00 TimeMin=N/A
   SubmitTime=2021-11-17T21:51:53 EligibleTime=2021-11-17T21:51:53
   AccrueTime=2021-11-17T21:51:53
   StartTime=2021-11-18T03:08:01 EndTime=2021-11-18T03:19:24 Deadline=N/A
   SuspendTime=None SecsPreSuspend=0 LastSchedEval=2021-11-18T03:08:01
   Partition=compute AllocNode:Sid=kelvin01:6170
   ReqNodeList=(null) ExcNodeList=(null)
   NodeList=kelvin-n[066,068]
   BatchHost=kelvin-n062
   NumNodes=2 NumCPUs=36 NumTasks=32 CPUs/Task=1 ReqB:S:C:T=0:0:*:*
   TRES=cpu=36,mem=69000M,node=3,billing=36
   Socks/Node=* NtasksPerN:B:S:C=0:0:*:* CoreSpec=*
   JOB_GRES=(null)
     Nodes=kelvin-n[062,066,068] CPU_IDs=0-11 Mem=23000 GRES=
   MinCPUsNode=1 MinMemoryNode=23000M MinTmpDiskNode=0
   Features=(null) DelayBoot=00:00:00
   OverSubscribe=NO Contiguous=0 Licenses=(null) Network=(null)
   Command=/home/users/mschpc/2019/zuoy/HPC/NeuralNetwork/parallel/scripts/script_HJBLQ_d200_b1_n32.sh
   WorkDir=/home/users/mschpc/2019/zuoy/HPC/NeuralNetwork/parallel
   StdErr=/home/users/mschpc/2019/zuoy/HPC/NeuralNetwork/parallel/output/slurm-21166.out
   StdIn=/dev/null
   StdOut=/home/users/mschpc/2019/zuoy/HPC/NeuralNetwork/parallel/output/slurm-21166.out
   Power=
   NtasksPerTRES:0


Disk quota details:
===================

Quota Type           Name  Filesystem     Usage in MB     Limit in MB    % Used
-------------------------------------------------------------------------------
USER                 zuoy       /home             103          51,200     0.20%

GROUP              mschpc   /projects             999          51,200     1.95%
GROUP          pi-dgolden   /projects               0          51,200     0.00%


SLURM Bank Statement:
=====================

User           Usage |        Account     Usage | Account Limit Available (CPU hrs)
---------- --------- + -------------- --------- + ------------- ---------
zuoy           7,696 |   HPC_21_01207     7,696 |       100,000    92,304


Acknowledgements:
=================

Note that usage of TCHPC Resources *must* be acknowledged in all publications.

Please see this page for details relevant to this cluster:

http://www.tchpc.tcd.ie/resources/acknowledgementpolicy

################################################################################
