Parallel Mode: Master-Slave
Dimension: 300
Total time: 1
Number of time intervals: 20
Learning rate: 0.01
y_init_range: 0, 1
Number of neurons in each hidden layer of each subnet: 110, 110, 
Epochs: 1000
Batch size: 64
Sample size: 1024
Logging frequency: 100
Model name: HJBLQ_parallel_
Number of processors: 128


Training:
Epoch:100
In training set, loss: 48.0962, Y0: 5.49123

Epoch:200
In training set, loss: 25.6471, Y0: 5.56343

Epoch:300
In training set, loss: 16.4197, Y0: 5.60202

Epoch:400
In training set, loss: 12.0527, Y0: 5.62505

Epoch:500
In training set, loss: 9.72564, Y0: 5.63978

Epoch:600
In training set, loss: 8.36878, Y0: 5.64971

Epoch:700
In training set, loss: 7.52365, Y0: 5.65667

Epoch:800
In training set, loss: 6.9707, Y0: 5.66169

Epoch:900
In training set, loss: 6.59485, Y0: 5.66541

Epoch:1000
In training set, loss: 6.33121, Y0: 5.66822



###############################################################################
TCHPC Cluster: kelvin
Job 23354 (BSDE_job_4_procs) for User 'zuoy' in Account 'hpc_21_01207'
Finished at: Tue Nov 23 16:05:03 GMT 2021

Job efficiency estimates:
=========================

Job ID: 23354
Cluster: kelvin
User/Group: zuoy/zuoy
State: COMPLETED (exit code 0)
Nodes: 11
Cores per node: 12
CPU Utilized: 03:44:28
CPU Efficiency: 9.01% of 1-17:32:36 core-walltime
Job Wall-clock time: 00:18:53
Memory Utilized: 1.34 GB
Memory Efficiency: 0.54% of 247.07 GB

Job completion status:
======================

       JobID    JobName AllocCPUS NTasks NNodes     MaxRSS    MaxRSSNode  MaxDiskRead MaxDiskWrite    Elapsed      State ExitCode 
------------ ---------- --------- ------ ------ ---------- ------------- ------------ ------------ ---------- ---------- -------- 
23354        BSDE_job_+       132            11                                                      00:18:53  COMPLETED      0:0 
23354.batch       batch        12      1      1   1400328K   kelvin-n014        0.87M        0.01M   00:18:53  COMPLETED      0:0 
23354.0           orted       120     10     10                                                      00:18:52  COMPLETED      0:0 


Job details:
============

JobId=23354 JobName=BSDE_job_4_procs
   UserId=zuoy(1582) GroupId=zuoy(1252) MCS_label=N/A
   Priority=10903598 Nice=0 Account=hpc_21_01207 QOS=normal
   JobState=COMPLETING Reason=None Dependency=(null)
   Requeue=0 Restarts=0 BatchFlag=1 Reboot=0 ExitCode=0:0
   DerivedExitCode=0:0
   RunTime=00:18:53 TimeLimit=23:00:00 TimeMin=N/A
   SubmitTime=2021-11-23T02:15:19 EligibleTime=2021-11-23T02:15:19
   AccrueTime=2021-11-23T02:15:19
   StartTime=2021-11-23T15:46:10 EndTime=2021-11-23T16:05:03 Deadline=N/A
   SuspendTime=None SecsPreSuspend=0 LastSchedEval=2021-11-23T15:46:10
   Partition=compute AllocNode:Sid=kelvin01:730
   ReqNodeList=(null) ExcNodeList=(null)
   NodeList=kelvin-n[015,018,020-023,063-064,070-071]
   BatchHost=kelvin-n014
   NumNodes=10 NumCPUs=132 NumTasks=128 CPUs/Task=1 ReqB:S:C:T=0:0:*:*
   TRES=cpu=132,mem=253000M,node=11,billing=132
   Socks/Node=* NtasksPerN:B:S:C=0:0:*:* CoreSpec=*
   JOB_GRES=(null)
     Nodes=kelvin-n[014-015,018,020-023,063-064,070-071] CPU_IDs=0-11 Mem=23000 GRES=
   MinCPUsNode=1 MinMemoryNode=23000M MinTmpDiskNode=0
   Features=(null) DelayBoot=00:00:00
   OverSubscribe=NO Contiguous=0 Licenses=(null) Network=(null)
   Command=/home/users/mschpc/2019/zuoy/HPC/NeuralNetwork/parallel/scripts/script_HJBLQ_d300_b64_n128.sh
   WorkDir=/home/users/mschpc/2019/zuoy/HPC/NeuralNetwork/parallel
   StdErr=/home/users/mschpc/2019/zuoy/HPC/NeuralNetwork/parallel/output/slurm-23354.out
   StdIn=/dev/null
   StdOut=/home/users/mschpc/2019/zuoy/HPC/NeuralNetwork/parallel/output/slurm-23354.out
   Power=
   NtasksPerTRES:0


Disk quota details:
===================

Quota Type           Name  Filesystem     Usage in MB     Limit in MB    % Used
-------------------------------------------------------------------------------
USER                 zuoy       /home             136          51,200     0.27%

GROUP              mschpc   /projects             999          51,200     1.95%
GROUP          pi-dgolden   /projects               0          51,200     0.00%


SLURM Bank Statement:
=====================

User           Usage |        Account     Usage | Account Limit Available (CPU hrs)
---------- --------- + -------------- --------- + ------------- ---------
zuoy          27,224 |   HPC_21_01207    27,224 |       100,000    72,776


Acknowledgements:
=================

Note that usage of TCHPC Resources *must* be acknowledged in all publications.

Please see this page for details relevant to this cluster:

http://www.tchpc.tcd.ie/resources/acknowledgementpolicy

################################################################################
