Parallel Mode: Master-Slave
Dimension: 100
Total time: 1
Number of time intervals: 40
Learning rate: 0.01
y_init_range: 40, 50
Number of neurons in each hidden layer of each subnet: 110, 110, 
Epochs: 1000
Batch size: 64
Sample size: 256
Logging frequency: 100
Model name: pricing_default_risk_parallel_
Number of processors: 32


Training:
Epoch:100
In training set, loss: 3573.51, Y0: 55.9483

Epoch:200
In training set, loss: 3341.75, Y0: 56.3563

Epoch:300
In training set, loss: 3165.36, Y0: 56.3896

Epoch:400
In training set, loss: 3015.91, Y0: 56.4107

Epoch:500
In training set, loss: 2887.82, Y0: 56.4298

Epoch:600
In training set, loss: 2776.57, Y0: 56.4471

Epoch:700
In training set, loss: 2678.23, Y0: 56.4631

Epoch:800
In training set, loss: 2590.46, Y0: 56.4779

Epoch:900
In training set, loss: 2511.19, Y0: 56.4915

Epoch:1000
In training set, loss: 2438.86, Y0: 56.5042



###############################################################################
TCHPC Cluster: kelvin
Job 23537 (BSDE_job_4_procs) for User 'zuoy' in Account 'hpc_21_01207'
Finished at: Wed Nov 24 08:31:31 GMT 2021

Job efficiency estimates:
=========================

Job ID: 23537
Cluster: kelvin
User/Group: zuoy/zuoy
State: COMPLETED (exit code 0)
Nodes: 3
Cores per node: 12
CPU Utilized: 00:54:26
CPU Efficiency: 29.65% of 03:03:36 core-walltime
Job Wall-clock time: 00:05:06
Memory Utilized: 708.63 MB
Memory Efficiency: 1.03% of 67.38 GB

Job completion status:
======================

       JobID    JobName AllocCPUS NTasks NNodes     MaxRSS    MaxRSSNode  MaxDiskRead MaxDiskWrite    Elapsed      State ExitCode 
------------ ---------- --------- ------ ------ ---------- ------------- ------------ ------------ ---------- ---------- -------- 
23537        BSDE_job_+        36             3                                                      00:05:06  COMPLETED      0:0 
23537.batch       batch        12      1      1    725636K   kelvin-n056        0.86M        0.01M   00:05:06  COMPLETED      0:0 
23537.0           orted        24      2      2                                                      00:05:04  COMPLETED      0:0 


Job details:
============

JobId=23537 JobName=BSDE_job_4_procs
   UserId=zuoy(1582) GroupId=zuoy(1252) MCS_label=N/A
   Priority=10951463 Nice=0 Account=hpc_21_01207 QOS=normal
   JobState=COMPLETING Reason=None Dependency=(null)
   Requeue=0 Restarts=0 BatchFlag=1 Reboot=0 ExitCode=0:0
   DerivedExitCode=0:0
   RunTime=00:05:06 TimeLimit=23:00:00 TimeMin=N/A
   SubmitTime=2021-11-23T17:09:20 EligibleTime=2021-11-23T17:09:20
   AccrueTime=2021-11-23T17:09:20
   StartTime=2021-11-24T08:26:25 EndTime=2021-11-24T08:31:31 Deadline=N/A
   SuspendTime=None SecsPreSuspend=0 LastSchedEval=2021-11-24T08:26:25
   Partition=compute AllocNode:Sid=kelvin01:24748
   ReqNodeList=(null) ExcNodeList=(null)
   NodeList=kelvin-n[059,061]
   BatchHost=kelvin-n056
   NumNodes=2 NumCPUs=36 NumTasks=32 CPUs/Task=1 ReqB:S:C:T=0:0:*:*
   TRES=cpu=36,mem=69000M,node=3,billing=36
   Socks/Node=* NtasksPerN:B:S:C=0:0:*:* CoreSpec=*
   JOB_GRES=(null)
     Nodes=kelvin-n[056,059,061] CPU_IDs=0-11 Mem=23000 GRES=
   MinCPUsNode=1 MinMemoryNode=23000M MinTmpDiskNode=0
   Features=(null) DelayBoot=00:00:00
   OverSubscribe=NO Contiguous=0 Licenses=(null) Network=(null)
   Command=/home/users/mschpc/2019/zuoy/HPC/NeuralNetwork/parallel/scripts/script_PricingDefaultRisk_d100_b64_n32.sh
   WorkDir=/home/users/mschpc/2019/zuoy/HPC/NeuralNetwork/parallel
   StdErr=/home/users/mschpc/2019/zuoy/HPC/NeuralNetwork/parallel/output/slurm-23537.out
   StdIn=/dev/null
   StdOut=/home/users/mschpc/2019/zuoy/HPC/NeuralNetwork/parallel/output/slurm-23537.out
   Power=
   NtasksPerTRES:0


Disk quota details:
===================

Quota Type           Name  Filesystem     Usage in MB     Limit in MB    % Used
-------------------------------------------------------------------------------
USER                 zuoy       /home             140          51,200     0.27%

GROUP              mschpc   /projects             999          51,200     1.95%
GROUP          pi-dgolden   /projects               0          51,200     0.00%


SLURM Bank Statement:
=====================

User           Usage |        Account     Usage | Account Limit Available (CPU hrs)
---------- --------- + -------------- --------- + ------------- ---------
zuoy          28,873 |   HPC_21_01207    28,873 |       100,000    71,127


Acknowledgements:
=================

Note that usage of TCHPC Resources *must* be acknowledged in all publications.

Please see this page for details relevant to this cluster:

http://www.tchpc.tcd.ie/resources/acknowledgementpolicy

################################################################################
