Parallel Mode: Master-Slave
Dimension: 500
Total time: 1
Number of time intervals: 40
Learning rate: 0.01
y_init_range: 40, 50
Number of neurons in each hidden layer of each subnet: 110, 110, 
Epochs: 1000
Batch size: 1
Sample size: 256
Logging frequency: 100
Model name: pricing_default_risk_parallel_
Number of processors: 128


Training:
Epoch:100
In training set, loss: 1891.94, Y0: 48.4108

Epoch:200
In training set, loss: 1474.47, Y0: 49.4243

Epoch:300
In training set, loss: 1270.74, Y0: 49.5703

Epoch:400
In training set, loss: 1107.57, Y0: 49.5994

Epoch:500
In training set, loss: 974.304, Y0: 49.6123

Epoch:600
In training set, loss: 864.605, Y0: 49.6221

Epoch:700
In training set, loss: 773.225, Y0: 49.6309

Epoch:800
In training set, loss: 696.3, Y0: 49.6389

Epoch:900
In training set, loss: 630.955, Y0: 49.6462

Epoch:1000
In training set, loss: 574.958, Y0: 49.653



###############################################################################
TCHPC Cluster: kelvin
Job 22782 (BSDE_job_4_procs) for User 'zuoy' in Account 'hpc_21_01207'
Finished at: Sun Nov 21 20:25:29 GMT 2021

Job efficiency estimates:
=========================

Job ID: 22782
Cluster: kelvin
User/Group: zuoy/zuoy
State: COMPLETED (exit code 0)
Nodes: 11
Cores per node: 12
CPU Utilized: 04:18:15
CPU Efficiency: 8.90% of 2-00:21:48 core-walltime
Job Wall-clock time: 00:21:59
Memory Utilized: 1.62 GB
Memory Efficiency: 0.65% of 247.07 GB

Job completion status:
======================

       JobID    JobName AllocCPUS NTasks NNodes     MaxRSS    MaxRSSNode  MaxDiskRead MaxDiskWrite    Elapsed      State ExitCode 
------------ ---------- --------- ------ ------ ---------- ------------- ------------ ------------ ---------- ---------- -------- 
22782        BSDE_job_+       132            11                                                      00:21:59  COMPLETED      0:0 
22782.batch       batch        12      1      1   1696276K   kelvin-n001        0.86M        0.01M   00:21:59  COMPLETED      0:0 
22782.0           orted       120     10     10                                                      00:21:57  COMPLETED      0:0 


Job details:
============

JobId=22782 JobName=BSDE_job_4_procs
   UserId=zuoy(1582) GroupId=zuoy(1252) MCS_label=N/A
   Priority=10591777 Nice=0 Account=hpc_21_01207 QOS=normal
   JobState=COMPLETING Reason=None Dependency=(null)
   Requeue=0 Restarts=0 BatchFlag=1 Reboot=0 ExitCode=0:0
   DerivedExitCode=0:0
   RunTime=00:21:59 TimeLimit=23:00:00 TimeMin=N/A
   SubmitTime=2021-11-21T18:51:43 EligibleTime=2021-11-21T18:51:43
   AccrueTime=2021-11-21T18:51:43
   StartTime=2021-11-21T20:03:30 EndTime=2021-11-21T20:25:29 Deadline=N/A
   SuspendTime=None SecsPreSuspend=0 LastSchedEval=2021-11-21T20:03:30
   Partition=compute AllocNode:Sid=kelvin01:12189
   ReqNodeList=(null) ExcNodeList=(null)
   NodeList=kelvin-n[008-014,018-020]
   BatchHost=kelvin-n001
   NumNodes=10 NumCPUs=132 NumTasks=128 CPUs/Task=1 ReqB:S:C:T=0:0:*:*
   TRES=cpu=132,mem=253000M,node=11,billing=132
   Socks/Node=* NtasksPerN:B:S:C=0:0:*:* CoreSpec=*
   JOB_GRES=(null)
     Nodes=kelvin-n[001,008-014,018-020] CPU_IDs=0-11 Mem=23000 GRES=
   MinCPUsNode=1 MinMemoryNode=23000M MinTmpDiskNode=0
   Features=(null) DelayBoot=00:00:00
   OverSubscribe=NO Contiguous=0 Licenses=(null) Network=(null)
   Command=/home/users/mschpc/2019/zuoy/HPC/NeuralNetwork/parallel/scripts/script_PricingDefaultRisk_d500_b1_n128.sh
   WorkDir=/home/users/mschpc/2019/zuoy/HPC/NeuralNetwork/parallel
   StdErr=/home/users/mschpc/2019/zuoy/HPC/NeuralNetwork/parallel/output/slurm-22782.out
   StdIn=/dev/null
   StdOut=/home/users/mschpc/2019/zuoy/HPC/NeuralNetwork/parallel/output/slurm-22782.out
   Power=
   NtasksPerTRES:0


Disk quota details:
===================

Quota Type           Name  Filesystem     Usage in MB     Limit in MB    % Used
-------------------------------------------------------------------------------
USER                 zuoy       /home             126          51,200     0.25%

GROUP              mschpc   /projects             999          51,200     1.95%
GROUP          pi-dgolden   /projects               0          51,200     0.00%


SLURM Bank Statement:
=====================

User           Usage |        Account     Usage | Account Limit Available (CPU hrs)
---------- --------- + -------------- --------- + ------------- ---------
zuoy          21,244 |   HPC_21_01207    21,244 |       100,000    78,756


Acknowledgements:
=================

Note that usage of TCHPC Resources *must* be acknowledged in all publications.

Please see this page for details relevant to this cluster:

http://www.tchpc.tcd.ie/resources/acknowledgementpolicy

################################################################################
