Parallel Mode: Ring-Allreduce
Dimension: 100
Total time: 0.3
Number of time intervals: 20
Learning rate: 0.0005
y_init_range: 0.3, 0.5
Number of neurons in each hidden layer of each subnet: 110, 110, 
Epochs: 4000
Batch size: 64
Sample size: 1024
Logging frequency: 100
Model name: AllenCahn_parallel_
Number of processors: 16


Training:
Epoch:100
In training set, loss: 25.0562, Y0: 0.292551

Epoch:200
In training set, loss: 23.9921, Y0: 0.285359

Epoch:300
In training set, loss: 22.9995, Y0: 0.278413

Epoch:400
In training set, loss: 22.073, Y0: 0.271703

Epoch:500
In training set, loss: 21.2076, Y0: 0.265218

Epoch:600
In training set, loss: 20.3986, Y0: 0.258949

Epoch:700
In training set, loss: 19.6421, Y0: 0.252887

Epoch:800
In training set, loss: 18.9341, Y0: 0.247023

Epoch:900
In training set, loss: 18.2713, Y0: 0.24135

Epoch:1000
In training set, loss: 17.6504, Y0: 0.235859

Epoch:1100
In training set, loss: 17.0685, Y0: 0.230544

Epoch:1200
In training set, loss: 16.5229, Y0: 0.225399

Epoch:1300
In training set, loss: 16.0112, Y0: 0.220416

Epoch:1400
In training set, loss: 15.531, Y0: 0.21559

Epoch:1500
In training set, loss: 15.0803, Y0: 0.210915

Epoch:1600
In training set, loss: 14.657, Y0: 0.206385

Epoch:1700
In training set, loss: 14.2594, Y0: 0.201995

Epoch:1800
In training set, loss: 13.8859, Y0: 0.197741

Epoch:1900
In training set, loss: 13.5348, Y0: 0.193617

Epoch:2000
In training set, loss: 13.2046, Y0: 0.189619

Epoch:2100
In training set, loss: 12.8942, Y0: 0.185742

Epoch:2200
In training set, loss: 12.6022, Y0: 0.181983

Epoch:2300
In training set, loss: 12.3274, Y0: 0.178338

Epoch:2400
In training set, loss: 12.0688, Y0: 0.174803

Epoch:2500
In training set, loss: 11.8254, Y0: 0.171373

Epoch:2600
In training set, loss: 11.5962, Y0: 0.168046

Epoch:2700
In training set, loss: 11.3804, Y0: 0.164819

Epoch:2800
In training set, loss: 11.1771, Y0: 0.161687

Epoch:2900
In training set, loss: 10.9856, Y0: 0.158648

Epoch:3000
In training set, loss: 10.8051, Y0: 0.155699

Epoch:3100
In training set, loss: 10.635, Y0: 0.152838

Epoch:3200
In training set, loss: 10.4747, Y0: 0.15006

Epoch:3300
In training set, loss: 10.3236, Y0: 0.147364

Epoch:3400
In training set, loss: 10.181, Y0: 0.144748

Epoch:3500
In training set, loss: 10.0466, Y0: 0.142208

Epoch:3600
In training set, loss: 9.91982, Y0: 0.139742

Epoch:3700
In training set, loss: 9.80021, Y0: 0.137347

Epoch:3800
In training set, loss: 9.68735, Y0: 0.135023

Epoch:3900
In training set, loss: 9.58084, Y0: 0.132766

Epoch:4000
In training set, loss: 9.48032, Y0: 0.130575



###############################################################################
TCHPC Cluster: kelvin
Job 22402 (BSDE_job_4_procs) for User 'zuoy' in Account 'hpc_21_01207'
Finished at: Sun Nov 21 04:30:10 GMT 2021

Job efficiency estimates:
=========================

Job ID: 22402
Cluster: kelvin
User/Group: zuoy/zuoy
State: COMPLETED (exit code 0)
Nodes: 2
Cores per node: 12
CPU Utilized: 01:49:10
CPU Efficiency: 33.20% of 05:28:48 core-walltime
Job Wall-clock time: 00:13:42
Memory Utilized: 430.62 MB
Memory Efficiency: 0.94% of 44.92 GB

Job completion status:
======================

       JobID    JobName AllocCPUS NTasks NNodes     MaxRSS    MaxRSSNode  MaxDiskRead MaxDiskWrite    Elapsed      State ExitCode 
------------ ---------- --------- ------ ------ ---------- ------------- ------------ ------------ ---------- ---------- -------- 
22402        BSDE_job_+        24             2                                                      00:13:42  COMPLETED      0:0 
22402.batch       batch        12      1      1    440952K   kelvin-n058        0.86M        0.01M   00:13:42  COMPLETED      0:0 
22402.0           orted        12      1      1                                                      00:13:40  COMPLETED      0:0 


Job details:
============

JobId=22402 JobName=BSDE_job_4_procs
   UserId=zuoy(1582) GroupId=zuoy(1252) MCS_label=N/A
   Priority=11053515 Nice=0 Account=hpc_21_01207 QOS=normal
   JobState=COMPLETING Reason=None Dependency=(null)
   Requeue=0 Restarts=0 BatchFlag=1 Reboot=0 ExitCode=0:0
   DerivedExitCode=0:0
   RunTime=00:13:42 TimeLimit=23:00:00 TimeMin=N/A
   SubmitTime=2021-11-21T02:09:20 EligibleTime=2021-11-21T02:09:20
   AccrueTime=2021-11-21T02:09:20
   StartTime=2021-11-21T04:16:28 EndTime=2021-11-21T04:30:10 Deadline=N/A
   SuspendTime=None SecsPreSuspend=0 LastSchedEval=2021-11-21T04:16:28
   Partition=compute AllocNode:Sid=kelvin01:32460
   ReqNodeList=(null) ExcNodeList=(null)
   NodeList=kelvin-n059
   BatchHost=kelvin-n058
   NumNodes=1 NumCPUs=24 NumTasks=16 CPUs/Task=1 ReqB:S:C:T=0:0:*:*
   TRES=cpu=24,mem=46000M,node=2,billing=24
   Socks/Node=* NtasksPerN:B:S:C=0:0:*:* CoreSpec=*
   JOB_GRES=(null)
     Nodes=kelvin-n[058-059] CPU_IDs=0-11 Mem=23000 GRES=
   MinCPUsNode=1 MinMemoryNode=23000M MinTmpDiskNode=0
   Features=(null) DelayBoot=00:00:00
   OverSubscribe=NO Contiguous=0 Licenses=(null) Network=(null)
   Command=/home/users/mschpc/2019/zuoy/HPC/NeuralNetwork/parallel/scripts/script_AllenCahn_d100_b64_n16.sh
   WorkDir=/home/users/mschpc/2019/zuoy/HPC/NeuralNetwork/parallel
   StdErr=/home/users/mschpc/2019/zuoy/HPC/NeuralNetwork/parallel/output/slurm-22402.out
   StdIn=/dev/null
   StdOut=/home/users/mschpc/2019/zuoy/HPC/NeuralNetwork/parallel/output/slurm-22402.out
   Power=
   NtasksPerTRES:0


Disk quota details:
===================

Quota Type           Name  Filesystem     Usage in MB     Limit in MB    % Used
-------------------------------------------------------------------------------
USER                 zuoy       /home             123          51,200     0.24%

GROUP              mschpc   /projects             999          51,200     1.95%
GROUP          pi-dgolden   /projects               0          51,200     0.00%


SLURM Bank Statement:
=====================

User           Usage |        Account     Usage | Account Limit Available (CPU hrs)
---------- --------- + -------------- --------- + ------------- ---------
zuoy          16,015 |   HPC_21_01207    16,015 |       100,000    83,985


Acknowledgements:
=================

Note that usage of TCHPC Resources *must* be acknowledged in all publications.

Please see this page for details relevant to this cluster:

http://www.tchpc.tcd.ie/resources/acknowledgementpolicy

################################################################################
