Parallel Mode: Master-Slave
Dimension: 300
Total time: 1
Number of time intervals: 40
Learning rate: 0.01
y_init_range: 40, 50
Number of neurons in each hidden layer of each subnet: 110, 110, 
Epochs: 1000
Batch size: 1
Sample size: 256
Logging frequency: 100
Model name: pricing_default_risk_parallel_
Number of processors: 128


Training:
Epoch:100
In training set, loss: 2488.04, Y0: 50.1068

Epoch:200
In training set, loss: 1968.95, Y0: 51.4675

Epoch:300
In training set, loss: 1775.05, Y0: 51.6763

Epoch:400
In training set, loss: 1619.32, Y0: 51.7158

Epoch:500
In training set, loss: 1488.25, Y0: 51.7305

Epoch:600
In training set, loss: 1376.84, Y0: 51.7416

Epoch:700
In training set, loss: 1281.19, Y0: 51.7523

Epoch:800
In training set, loss: 1198.35, Y0: 51.7627

Epoch:900
In training set, loss: 1125.92, Y0: 51.7731

Epoch:1000
In training set, loss: 1062.17, Y0: 51.7831



###############################################################################
TCHPC Cluster: kelvin
Job 23031 (BSDE_job_4_procs) for User 'zuoy' in Account 'hpc_21_01207'
Finished at: Mon Nov 22 08:35:35 GMT 2021

Job efficiency estimates:
=========================

Job ID: 23031
Cluster: kelvin
User/Group: zuoy/zuoy
State: COMPLETED (exit code 0)
Nodes: 11
Cores per node: 12
CPU Utilized: 07:16:23
CPU Efficiency: 9.02% of 3-08:37:48 core-walltime
Job Wall-clock time: 00:36:39
Memory Utilized: 1.48 GB
Memory Efficiency: 0.60% of 247.07 GB

Job completion status:
======================

       JobID    JobName AllocCPUS NTasks NNodes     MaxRSS    MaxRSSNode  MaxDiskRead MaxDiskWrite    Elapsed      State ExitCode 
------------ ---------- --------- ------ ------ ---------- ------------- ------------ ------------ ---------- ---------- -------- 
23031        BSDE_job_+       132            11                                                      00:36:39  COMPLETED      0:0 
23031.batch       batch        12      1      1   1554168K   kelvin-n030        0.86M        0.01M   00:36:39  COMPLETED      0:0 
23031.0           orted       120     10     10                                                      00:36:38  COMPLETED      0:0 


Job details:
============

JobId=23031 JobName=BSDE_job_4_procs
   UserId=zuoy(1582) GroupId=zuoy(1252) MCS_label=N/A
   Priority=10594437 Nice=0 Account=hpc_21_01207 QOS=normal
   JobState=COMPLETING Reason=None Dependency=(null)
   Requeue=0 Restarts=0 BatchFlag=1 Reboot=0 ExitCode=0:0
   DerivedExitCode=0:0
   RunTime=00:36:39 TimeLimit=23:00:00 TimeMin=N/A
   SubmitTime=2021-11-22T04:51:35 EligibleTime=2021-11-22T04:51:35
   AccrueTime=2021-11-22T04:51:35
   StartTime=2021-11-22T07:58:56 EndTime=2021-11-22T08:35:35 Deadline=N/A
   SuspendTime=None SecsPreSuspend=0 LastSchedEval=2021-11-22T07:58:56
   Partition=compute AllocNode:Sid=kelvin01:2449
   ReqNodeList=(null) ExcNodeList=(null)
   NodeList=kelvin-n[031-032,074-075,081,084,090,093,096-097]
   BatchHost=kelvin-n030
   NumNodes=10 NumCPUs=132 NumTasks=128 CPUs/Task=1 ReqB:S:C:T=0:0:*:*
   TRES=cpu=132,mem=253000M,node=11,billing=132
   Socks/Node=* NtasksPerN:B:S:C=0:0:*:* CoreSpec=*
   JOB_GRES=(null)
     Nodes=kelvin-n[030-032,074-075,081,084,090,093,096-097] CPU_IDs=0-11 Mem=23000 GRES=
   MinCPUsNode=1 MinMemoryNode=23000M MinTmpDiskNode=0
   Features=(null) DelayBoot=00:00:00
   OverSubscribe=NO Contiguous=0 Licenses=(null) Network=(null)
   Command=/home/users/mschpc/2019/zuoy/HPC/NeuralNetwork/parallel/scripts/script_PricingDefaultRisk_d300_b1_n128.sh
   WorkDir=/home/users/mschpc/2019/zuoy/HPC/NeuralNetwork/parallel
   StdErr=/home/users/mschpc/2019/zuoy/HPC/NeuralNetwork/parallel/output/slurm-23031.out
   StdIn=/dev/null
   StdOut=/home/users/mschpc/2019/zuoy/HPC/NeuralNetwork/parallel/output/slurm-23031.out
   Power=
   NtasksPerTRES:0


Disk quota details:
===================

Quota Type           Name  Filesystem     Usage in MB     Limit in MB    % Used
-------------------------------------------------------------------------------
USER                 zuoy       /home             131          51,200     0.26%

GROUP              mschpc   /projects             999          51,200     1.95%
GROUP          pi-dgolden   /projects               0          51,200     0.00%


SLURM Bank Statement:
=====================

User           Usage |        Account     Usage | Account Limit Available (CPU hrs)
---------- --------- + -------------- --------- + ------------- ---------
zuoy          26,594 |   HPC_21_01207    26,594 |       100,000    73,406


Acknowledgements:
=================

Note that usage of TCHPC Resources *must* be acknowledged in all publications.

Please see this page for details relevant to this cluster:

http://www.tchpc.tcd.ie/resources/acknowledgementpolicy

################################################################################
