Parallel Mode: Master-Slave
Dimension: 500
Total time: 1
Number of time intervals: 40
Learning rate: 0.01
y_init_range: 40, 50
Number of neurons in each hidden layer of each subnet: 110, 110, 
Epochs: 1000
Batch size: 1
Sample size: 256
Logging frequency: 100
Model name: pricing_default_risk_parallel_
Number of processors: 64


Training:
Epoch:100
In training set, loss: 1291.6, Y0: 49.764

Epoch:200
In training set, loss: 936.866, Y0: 49.9711

Epoch:300
In training set, loss: 714.499, Y0: 50.013

Epoch:400
In training set, loss: 566.41, Y0: 50.0448

Epoch:500
In training set, loss: 462.544, Y0: 50.0702

Epoch:600
In training set, loss: 386.298, Y0: 50.0905

Epoch:700
In training set, loss: 328.209, Y0: 50.1072

Epoch:800
In training set, loss: 282.6, Y0: 50.121

Epoch:900
In training set, loss: 245.966, Y0: 50.1326

Epoch:1000
In training set, loss: 215.95, Y0: 50.1427



###############################################################################
TCHPC Cluster: kelvin
Job 21150 (BSDE_job_4_procs) for User 'zuoy' in Account 'hpc_21_01207'
Finished at: Thu Nov 18 02:27:09 GMT 2021

Job efficiency estimates:
=========================

Job ID: 21150
Cluster: kelvin
User/Group: zuoy/zuoy
State: COMPLETED (exit code 0)
Nodes: 6
Cores per node: 12
CPU Utilized: 03:52:09
CPU Efficiency: 15.14% of 1-01:33:36 core-walltime
Job Wall-clock time: 00:21:18
Memory Utilized: 1.44 GB
Memory Efficiency: 1.07% of 134.77 GB

Job completion status:
======================

       JobID    JobName AllocCPUS NTasks NNodes     MaxRSS    MaxRSSNode  MaxDiskRead MaxDiskWrite    Elapsed      State ExitCode 
------------ ---------- --------- ------ ------ ---------- ------------- ------------ ------------ ---------- ---------- -------- 
21150        BSDE_job_+        72             6                                                      00:21:18  COMPLETED      0:0 
21150.batch       batch        12      1      1   1509744K   kelvin-n052        0.87M        0.01M   00:21:18  COMPLETED      0:0 
21150.0           orted        60      5      5                                                      00:21:17  COMPLETED      0:0 


Job details:
============

JobId=21150 JobName=BSDE_job_4_procs
   UserId=zuoy(1582) GroupId=zuoy(1252) MCS_label=N/A
   Priority=11340000 Nice=0 Account=hpc_21_01207 QOS=normal
   JobState=COMPLETING Reason=None Dependency=(null)
   Requeue=0 Restarts=0 BatchFlag=1 Reboot=0 ExitCode=0:0
   DerivedExitCode=0:0
   RunTime=00:21:18 TimeLimit=23:00:00 TimeMin=N/A
   SubmitTime=2021-11-17T21:49:36 EligibleTime=2021-11-17T21:49:36
   AccrueTime=2021-11-17T21:49:36
   StartTime=2021-11-18T02:05:51 EndTime=2021-11-18T02:27:09 Deadline=N/A
   SuspendTime=None SecsPreSuspend=0 LastSchedEval=2021-11-18T02:05:51
   Partition=compute AllocNode:Sid=kelvin01:6170
   ReqNodeList=(null) ExcNodeList=(null)
   NodeList=kelvin-n[054-055,062,066,068]
   BatchHost=kelvin-n052
   NumNodes=5 NumCPUs=72 NumTasks=64 CPUs/Task=1 ReqB:S:C:T=0:0:*:*
   TRES=cpu=72,mem=138000M,node=6,billing=72
   Socks/Node=* NtasksPerN:B:S:C=0:0:*:* CoreSpec=*
   JOB_GRES=(null)
     Nodes=kelvin-n[052,054-055,062,066,068] CPU_IDs=0-11 Mem=23000 GRES=
   MinCPUsNode=1 MinMemoryNode=23000M MinTmpDiskNode=0
   Features=(null) DelayBoot=00:00:00
   OverSubscribe=NO Contiguous=0 Licenses=(null) Network=(null)
   Command=/home/users/mschpc/2019/zuoy/HPC/NeuralNetwork/parallel/scripts/script_PricingDefaultRisk_d500_b1_n64.sh
   WorkDir=/home/users/mschpc/2019/zuoy/HPC/NeuralNetwork/parallel
   StdErr=/home/users/mschpc/2019/zuoy/HPC/NeuralNetwork/parallel/output/slurm-21150.out
   StdIn=/dev/null
   StdOut=/home/users/mschpc/2019/zuoy/HPC/NeuralNetwork/parallel/output/slurm-21150.out
   Power=
   NtasksPerTRES:0


Disk quota details:
===================

Quota Type           Name  Filesystem     Usage in MB     Limit in MB    % Used
-------------------------------------------------------------------------------
USER                 zuoy       /home             101          51,200     0.20%

GROUP              mschpc   /projects             999          51,200     1.95%
GROUP          pi-dgolden   /projects               0          51,200     0.00%


SLURM Bank Statement:
=====================

User           Usage |        Account     Usage | Account Limit Available (CPU hrs)
---------- --------- + -------------- --------- + ------------- ---------
zuoy           7,427 |   HPC_21_01207     7,427 |       100,000    92,573


Acknowledgements:
=================

Note that usage of TCHPC Resources *must* be acknowledged in all publications.

Please see this page for details relevant to this cluster:

http://www.tchpc.tcd.ie/resources/acknowledgementpolicy

################################################################################
