Parallel Mode: Master-Slave
Dimension: 100
Total time: 1
Number of time intervals: 20
Learning rate: 0.01
y_init_range: 0, 1
Number of neurons in each hidden layer of each subnet: 110, 110, 
Epochs: 1000
Batch size: 1
Sample size: 1024
Logging frequency: 100
Model name: HJBLQ_parallel_
Number of processors: 128


Training:
Epoch:100
In training set, loss: 45.4008, Y0: 4.49766

Epoch:200
In training set, loss: 37.6719, Y0: 4.51958

Epoch:300
In training set, loss: 34.0797, Y0: 4.53003

Epoch:400
In training set, loss: 32.22, Y0: 4.53561

Epoch:500
In training set, loss: 31.1279, Y0: 4.53873

Epoch:600
In training set, loss: 30.3965, Y0: 4.54054

Epoch:700
In training set, loss: 29.8451, Y0: 4.54165

Epoch:800
In training set, loss: 29.3888, Y0: 4.54234

Epoch:900
In training set, loss: 28.9859, Y0: 4.5428

Epoch:1000
In training set, loss: 28.6148, Y0: 4.54312



###############################################################################
TCHPC Cluster: kelvin
Job 22715 (BSDE_job_4_procs) for User 'zuoy' in Account 'hpc_21_01207'
Finished at: Sun Nov 21 18:29:48 GMT 2021

Job efficiency estimates:
=========================

Job ID: 22715
Cluster: kelvin
User/Group: zuoy/zuoy
State: COMPLETED (exit code 0)
Nodes: 11
Cores per node: 12
CPU Utilized: 02:23:12
CPU Efficiency: 9.00% of 1-02:30:36 core-walltime
Job Wall-clock time: 00:12:03
Memory Utilized: 743.10 MB
Memory Efficiency: 0.29% of 247.07 GB

Job completion status:
======================

       JobID    JobName AllocCPUS NTasks NNodes     MaxRSS    MaxRSSNode  MaxDiskRead MaxDiskWrite    Elapsed      State ExitCode 
------------ ---------- --------- ------ ------ ---------- ------------- ------------ ------------ ---------- ---------- -------- 
22715        BSDE_job_+       132            11                                                      00:12:03  COMPLETED      0:0 
22715.batch       batch        12      1      1    760932K   kelvin-n008        0.86M        0.01M   00:12:03  COMPLETED      0:0 
22715.0           orted       120     10     10                                                      00:12:02  COMPLETED      0:0 


Job details:
============

JobId=22715 JobName=BSDE_job_4_procs
   UserId=zuoy(1582) GroupId=zuoy(1252) MCS_label=N/A
   Priority=10614264 Nice=0 Account=hpc_21_01207 QOS=normal
   JobState=COMPLETING Reason=None Dependency=(null)
   Requeue=0 Restarts=0 BatchFlag=1 Reboot=0 ExitCode=0:0
   DerivedExitCode=0:0
   RunTime=00:12:03 TimeLimit=23:00:00 TimeMin=N/A
   SubmitTime=2021-11-21T16:20:23 EligibleTime=2021-11-21T16:20:23
   AccrueTime=2021-11-21T16:20:23
   StartTime=2021-11-21T18:17:45 EndTime=2021-11-21T18:29:48 Deadline=N/A
   SuspendTime=None SecsPreSuspend=0 LastSchedEval=2021-11-21T18:17:45
   Partition=compute AllocNode:Sid=kelvin01:12189
   ReqNodeList=(null) ExcNodeList=(null)
   NodeList=kelvin-n[009-010,013-014,020-023,096-097]
   BatchHost=kelvin-n008
   NumNodes=10 NumCPUs=132 NumTasks=128 CPUs/Task=1 ReqB:S:C:T=0:0:*:*
   TRES=cpu=132,mem=253000M,node=11,billing=132
   Socks/Node=* NtasksPerN:B:S:C=0:0:*:* CoreSpec=*
   JOB_GRES=(null)
     Nodes=kelvin-n[008-010,013-014,020-023,096-097] CPU_IDs=0-11 Mem=23000 GRES=
   MinCPUsNode=1 MinMemoryNode=23000M MinTmpDiskNode=0
   Features=(null) DelayBoot=00:00:00
   OverSubscribe=NO Contiguous=0 Licenses=(null) Network=(null)
   Command=/home/users/mschpc/2019/zuoy/HPC/NeuralNetwork/parallel/scripts/script_HJBLQ_d100_b1_n128.sh
   WorkDir=/home/users/mschpc/2019/zuoy/HPC/NeuralNetwork/parallel
   StdErr=/home/users/mschpc/2019/zuoy/HPC/NeuralNetwork/parallel/output/slurm-22715.out
   StdIn=/dev/null
   StdOut=/home/users/mschpc/2019/zuoy/HPC/NeuralNetwork/parallel/output/slurm-22715.out
   Power=
   NtasksPerTRES:0


Disk quota details:
===================

Quota Type           Name  Filesystem     Usage in MB     Limit in MB    % Used
-------------------------------------------------------------------------------
USER                 zuoy       /home             127          51,200     0.25%

GROUP              mschpc   /projects             999          51,200     1.95%
GROUP          pi-dgolden   /projects               0          51,200     0.00%


SLURM Bank Statement:
=====================

User           Usage |        Account     Usage | Account Limit Available (CPU hrs)
---------- --------- + -------------- --------- + ------------- ---------
zuoy          20,518 |   HPC_21_01207    20,518 |       100,000    79,482


Acknowledgements:
=================

Note that usage of TCHPC Resources *must* be acknowledged in all publications.

Please see this page for details relevant to this cluster:

http://www.tchpc.tcd.ie/resources/acknowledgementpolicy

################################################################################
