Parallel Mode: Master-Slave
Dimension: 200
Total time: 1
Number of time intervals: 40
Learning rate: 0.01
y_init_range: 40, 50
Number of neurons in each hidden layer of each subnet: 110, 110, 
Epochs: 1000
Batch size: 64
Sample size: 256
Logging frequency: 100
Model name: pricing_default_risk_parallel_
Number of processors: 16


Training:
Epoch:100
In training set, loss: 17388.9, Y0: 43.0838

Epoch:200
In training set, loss: 11099.1, Y0: 45.4193

Epoch:300
In training set, loss: 7542.57, Y0: 47.1941

Epoch:400
In training set, loss: 5553.84, Y0: 48.5618

Epoch:500
In training set, loss: 4395.47, Y0: 49.629

Epoch:600
In training set, loss: 3690.48, Y0: 50.4688

Epoch:700
In training set, loss: 3246.27, Y0: 51.1318

Epoch:800
In training set, loss: 2961.54, Y0: 51.6556

Epoch:900
In training set, loss: 2775.55, Y0: 52.07

Epoch:1000
In training set, loss: 2651.18, Y0: 52.3982



###############################################################################
TCHPC Cluster: kelvin
Job 23002 (BSDE_job_4_procs) for User 'zuoy' in Account 'hpc_21_01207'
Finished at: Mon Nov 22 07:37:23 GMT 2021

Job efficiency estimates:
=========================

Job ID: 23002
Cluster: kelvin
User/Group: zuoy/zuoy
State: COMPLETED (exit code 0)
Nodes: 2
Cores per node: 12
CPU Utilized: 00:50:44
CPU Efficiency: 32.86% of 02:34:24 core-walltime
Job Wall-clock time: 00:06:26
Memory Utilized: 597.80 MB
Memory Efficiency: 1.30% of 44.92 GB

Job completion status:
======================

       JobID    JobName AllocCPUS NTasks NNodes     MaxRSS    MaxRSSNode  MaxDiskRead MaxDiskWrite    Elapsed      State ExitCode 
------------ ---------- --------- ------ ------ ---------- ------------- ------------ ------------ ---------- ---------- -------- 
23002        BSDE_job_+        24             2                                                      00:06:26  COMPLETED      0:0 
23002.batch       batch        12      1      1    612148K   kelvin-n058        0.86M        0.01M   00:06:26  COMPLETED      0:0 
23002.0           orted        12      1      1                                                      00:06:25  COMPLETED      0:0 


Job details:
============

JobId=23002 JobName=BSDE_job_4_procs
   UserId=zuoy(1582) GroupId=zuoy(1252) MCS_label=N/A
   Priority=10646939 Nice=0 Account=hpc_21_01207 QOS=normal
   JobState=COMPLETING Reason=None Dependency=(null)
   Requeue=0 Restarts=0 BatchFlag=1 Reboot=0 ExitCode=0:0
   DerivedExitCode=0:0
   RunTime=00:06:26 TimeLimit=23:00:00 TimeMin=N/A
   SubmitTime=2021-11-22T02:27:04 EligibleTime=2021-11-22T02:27:04
   AccrueTime=2021-11-22T02:27:04
   StartTime=2021-11-22T07:30:57 EndTime=2021-11-22T07:37:23 Deadline=N/A
   SuspendTime=None SecsPreSuspend=0 LastSchedEval=2021-11-22T07:30:57
   Partition=compute AllocNode:Sid=kelvin01:12189
   ReqNodeList=(null) ExcNodeList=(null)
   NodeList=kelvin-n068
   BatchHost=kelvin-n058
   NumNodes=1 NumCPUs=24 NumTasks=16 CPUs/Task=1 ReqB:S:C:T=0:0:*:*
   TRES=cpu=24,mem=46000M,node=2,billing=24
   Socks/Node=* NtasksPerN:B:S:C=0:0:*:* CoreSpec=*
   JOB_GRES=(null)
     Nodes=kelvin-n[058,068] CPU_IDs=0-11 Mem=23000 GRES=
   MinCPUsNode=1 MinMemoryNode=23000M MinTmpDiskNode=0
   Features=(null) DelayBoot=00:00:00
   OverSubscribe=NO Contiguous=0 Licenses=(null) Network=(null)
   Command=/home/users/mschpc/2019/zuoy/HPC/NeuralNetwork/parallel/scripts/script_PricingDefaultRisk_d200_b64_n16.sh
   WorkDir=/home/users/mschpc/2019/zuoy/HPC/NeuralNetwork/parallel
   StdErr=/home/users/mschpc/2019/zuoy/HPC/NeuralNetwork/parallel/output/slurm-23002.out
   StdIn=/dev/null
   StdOut=/home/users/mschpc/2019/zuoy/HPC/NeuralNetwork/parallel/output/slurm-23002.out
   Power=
   NtasksPerTRES:0


Disk quota details:
===================

Quota Type           Name  Filesystem     Usage in MB     Limit in MB    % Used
-------------------------------------------------------------------------------
USER                 zuoy       /home             132          51,200     0.26%

GROUP              mschpc   /projects             999          51,200     1.95%
GROUP          pi-dgolden   /projects               0          51,200     0.00%


SLURM Bank Statement:
=====================

User           Usage |        Account     Usage | Account Limit Available (CPU hrs)
---------- --------- + -------------- --------- + ------------- ---------
zuoy          26,143 |   HPC_21_01207    26,143 |       100,000    73,857


Acknowledgements:
=================

Note that usage of TCHPC Resources *must* be acknowledged in all publications.

Please see this page for details relevant to this cluster:

http://www.tchpc.tcd.ie/resources/acknowledgementpolicy

################################################################################
