Parallel Mode: Ring-Allreduce
Dimension: 100
Total time: 0.2
Number of time intervals: 20
Learning rate: 0.0005
y_init_range: 0.2, 0.5
Number of neurons in each hidden layer of each subnet: 110, 110, 
Epochs: 4000
Batch size: 64
Sample size: 1024
Logging frequency: 100
Model name: AllenCahn_parallel_
Number of processors: 4


Training:
Epoch:100
In training set, loss: 10.5662, Y0: 0.182634

Epoch:200
In training set, loss: 9.39856, Y0: 0.167597

Epoch:300
In training set, loss: 8.51987, Y0: 0.15456

Epoch:400
In training set, loss: 7.85689, Y0: 0.143245

Epoch:500
In training set, loss: 7.35554, Y0: 0.133415

Epoch:600
In training set, loss: 6.97567, Y0: 0.124871

Epoch:700
In training set, loss: 6.68727, Y0: 0.117439

Epoch:800
In training set, loss: 6.46791, Y0: 0.110972

Epoch:900
In training set, loss: 6.30069, Y0: 0.105343

Epoch:1000
In training set, loss: 6.17293, Y0: 0.100442

Epoch:1100
In training set, loss: 6.07504, Y0: 0.0961732

Epoch:1200
In training set, loss: 5.99979, Y0: 0.092455

Epoch:1300
In training set, loss: 5.94171, Y0: 0.0892158

Epoch:1400
In training set, loss: 5.89665, Y0: 0.0863935

Epoch:1500
In training set, loss: 5.86148, Y0: 0.0839343

Epoch:1600
In training set, loss: 5.83382, Y0: 0.0817913

Epoch:1700
In training set, loss: 5.81186, Y0: 0.0799237

Epoch:1800
In training set, loss: 5.79424, Y0: 0.0782961

Epoch:1900
In training set, loss: 5.77991, Y0: 0.0768776

Epoch:2000
In training set, loss: 5.7681, Y0: 0.0756414

Epoch:2100
In training set, loss: 5.75819, Y0: 0.0745641

Epoch:2200
In training set, loss: 5.74974, Y0: 0.0736253

Epoch:2300
In training set, loss: 5.74239, Y0: 0.0728071

Epoch:2400
In training set, loss: 5.73589, Y0: 0.0720942

Epoch:2500
In training set, loss: 5.73003, Y0: 0.071473

Epoch:2600
In training set, loss: 5.72467, Y0: 0.0709319

Epoch:2700
In training set, loss: 5.71969, Y0: 0.0704605

Epoch:2800
In training set, loss: 5.715, Y0: 0.0700499

Epoch:2900
In training set, loss: 5.71053, Y0: 0.0696923

Epoch:3000
In training set, loss: 5.70624, Y0: 0.069381

Epoch:3100
In training set, loss: 5.70208, Y0: 0.0691099

Epoch:3200
In training set, loss: 5.69803, Y0: 0.068874

Epoch:3300
In training set, loss: 5.69406, Y0: 0.0686689

Epoch:3400
In training set, loss: 5.69015, Y0: 0.0684904

Epoch:3500
In training set, loss: 5.6863, Y0: 0.0683353

Epoch:3600
In training set, loss: 5.6825, Y0: 0.0682005

Epoch:3700
In training set, loss: 5.67873, Y0: 0.0680835

Epoch:3800
In training set, loss: 5.67499, Y0: 0.0679818

Epoch:3900
In training set, loss: 5.67128, Y0: 0.0678938

Epoch:4000
In training set, loss: 5.66758, Y0: 0.0678172



###############################################################################
TCHPC Cluster: kelvin
Job 22473 (BSDE_job_4_procs) for User 'zuoy' in Account 'hpc_21_01207'
Finished at: Sun Nov 21 08:10:32 GMT 2021

Job efficiency estimates:
=========================

Job ID: 22473
Cluster: kelvin
User/Group: zuoy/zuoy
State: COMPLETED (exit code 0)
Nodes: 1
Cores per node: 12
CPU Utilized: 02:15:05
CPU Efficiency: 33.30% of 06:45:36 core-walltime
Job Wall-clock time: 00:33:48
Memory Utilized: 216.96 MB
Memory Efficiency: 0.94% of 22.46 GB

Job completion status:
======================

       JobID    JobName AllocCPUS NTasks NNodes     MaxRSS    MaxRSSNode  MaxDiskRead MaxDiskWrite    Elapsed      State ExitCode 
------------ ---------- --------- ------ ------ ---------- ------------- ------------ ------------ ---------- ---------- -------- 
22473        BSDE_job_+        12             1                                                      00:33:48  COMPLETED      0:0 
22473.batch       batch        12      1      1    222172K   kelvin-n086        0.86M        0.01M   00:33:48  COMPLETED      0:0 


Job details:
============

JobId=22473 JobName=BSDE_job_4_procs
   UserId=zuoy(1582) GroupId=zuoy(1252) MCS_label=N/A
   Priority=11096007 Nice=0 Account=hpc_21_01207 QOS=normal
   JobState=COMPLETING Reason=None Dependency=(null)
   Requeue=0 Restarts=0 BatchFlag=1 Reboot=0 ExitCode=0:0
   DerivedExitCode=0:0
   RunTime=00:33:48 TimeLimit=23:00:00 TimeMin=N/A
   SubmitTime=2021-11-21T04:02:29 EligibleTime=2021-11-21T04:02:29
   AccrueTime=2021-11-21T04:02:29
   StartTime=2021-11-21T07:36:44 EndTime=2021-11-21T08:10:32 Deadline=N/A
   SuspendTime=None SecsPreSuspend=0 LastSchedEval=2021-11-21T07:36:44
   Partition=compute AllocNode:Sid=kelvin01:15042
   ReqNodeList=(null) ExcNodeList=(null)
   NodeList=
   BatchHost=kelvin-n086
   NumNodes=1 NumCPUs=12 NumTasks=4 CPUs/Task=1 ReqB:S:C:T=0:0:*:*
   TRES=cpu=12,mem=23000M,node=1,billing=12
   Socks/Node=* NtasksPerN:B:S:C=0:0:*:* CoreSpec=*
   JOB_GRES=(null)
     Nodes=kelvin-n086 CPU_IDs=0-11 Mem=23000 GRES=
   MinCPUsNode=1 MinMemoryNode=23000M MinTmpDiskNode=0
   Features=(null) DelayBoot=00:00:00
   OverSubscribe=NO Contiguous=0 Licenses=(null) Network=(null)
   Command=/home/users/mschpc/2019/zuoy/HPC/NeuralNetwork/parallel/scripts/script_AllenCahn_d300_b64_n4.sh
   WorkDir=/home/users/mschpc/2019/zuoy/HPC/NeuralNetwork/parallel
   StdErr=/home/users/mschpc/2019/zuoy/HPC/NeuralNetwork/parallel/output/slurm-22473.out
   StdIn=/dev/null
   StdOut=/home/users/mschpc/2019/zuoy/HPC/NeuralNetwork/parallel/output/slurm-22473.out
   Power=
   NtasksPerTRES:0


Disk quota details:
===================

Quota Type           Name  Filesystem     Usage in MB     Limit in MB    % Used
-------------------------------------------------------------------------------
USER                 zuoy       /home             121          51,200     0.24%

GROUP              mschpc   /projects             999          51,200     1.95%
GROUP          pi-dgolden   /projects               0          51,200     0.00%


SLURM Bank Statement:
=====================

User           Usage |        Account     Usage | Account Limit Available (CPU hrs)
---------- --------- + -------------- --------- + ------------- ---------
zuoy          17,072 |   HPC_21_01207    17,072 |       100,000    82,928


Acknowledgements:
=================

Note that usage of TCHPC Resources *must* be acknowledged in all publications.

Please see this page for details relevant to this cluster:

http://www.tchpc.tcd.ie/resources/acknowledgementpolicy

################################################################################
