Parallel Mode: Master-Slave
Dimension: 100
Total time: 0.3
Number of time intervals: 20
Learning rate: 0.0005
y_init_range: 0.3, 0.5
Number of neurons in each hidden layer of each subnet: 110, 110, 
Epochs: 4000
Batch size: 64
Sample size: 1024
Logging frequency: 100
Model name: AllenCahn_parallel_
Number of processors: 16


Training:
Epoch:100
In training set, loss: 24.3421, Y0: 0.292663

Epoch:200
In training set, loss: 23.3096, Y0: 0.285579

Epoch:300
In training set, loss: 22.3464, Y0: 0.278737

Epoch:400
In training set, loss: 21.4474, Y0: 0.272127

Epoch:500
In training set, loss: 20.6075, Y0: 0.265739

Epoch:600
In training set, loss: 19.8225, Y0: 0.259564

Epoch:700
In training set, loss: 19.0884, Y0: 0.253592

Epoch:800
In training set, loss: 18.4013, Y0: 0.247815

Epoch:900
In training set, loss: 17.7581, Y0: 0.242227

Epoch:1000
In training set, loss: 17.1555, Y0: 0.236818

Epoch:1100
In training set, loss: 16.5909, Y0: 0.231583

Epoch:1200
In training set, loss: 16.0615, Y0: 0.226514

Epoch:1300
In training set, loss: 15.5649, Y0: 0.221606

Epoch:1400
In training set, loss: 15.0989, Y0: 0.216851

Epoch:1500
In training set, loss: 14.6616, Y0: 0.212246

Epoch:1600
In training set, loss: 14.2509, Y0: 0.207784

Epoch:1700
In training set, loss: 13.8652, Y0: 0.20346

Epoch:1800
In training set, loss: 13.5027, Y0: 0.199269

Epoch:1900
In training set, loss: 13.1621, Y0: 0.195207

Epoch:2000
In training set, loss: 12.8419, Y0: 0.191269

Epoch:2100
In training set, loss: 12.5407, Y0: 0.187452

Epoch:2200
In training set, loss: 12.2575, Y0: 0.183749

Epoch:2300
In training set, loss: 11.991, Y0: 0.180159

Epoch:2400
In training set, loss: 11.7402, Y0: 0.176677

Epoch:2500
In training set, loss: 11.5041, Y0: 0.173299

Epoch:2600
In training set, loss: 11.2819, Y0: 0.170023

Epoch:2700
In training set, loss: 11.0726, Y0: 0.166844

Epoch:2800
In training set, loss: 10.8755, Y0: 0.16376

Epoch:2900
In training set, loss: 10.6898, Y0: 0.160767

Epoch:3000
In training set, loss: 10.5148, Y0: 0.157863

Epoch:3100
In training set, loss: 10.35, Y0: 0.155045

Epoch:3200
In training set, loss: 10.1946, Y0: 0.15231

Epoch:3300
In training set, loss: 10.0481, Y0: 0.149655

Epoch:3400
In training set, loss: 9.90997, Y0: 0.147079

Epoch:3500
In training set, loss: 9.77972, Y0: 0.144577

Epoch:3600
In training set, loss: 9.65688, Y0: 0.142149

Epoch:3700
In training set, loss: 9.541, Y0: 0.139792

Epoch:3800
In training set, loss: 9.43168, Y0: 0.137504

Epoch:3900
In training set, loss: 9.32853, Y0: 0.135282

Epoch:4000
In training set, loss: 9.23118, Y0: 0.133124



###############################################################################
TCHPC Cluster: kelvin
Job 22684 (BSDE_job_4_procs) for User 'zuoy' in Account 'hpc_21_01207'
Finished at: Sun Nov 21 18:23:17 GMT 2021

Job efficiency estimates:
=========================

Job ID: 22684
Cluster: kelvin
User/Group: zuoy/zuoy
State: COMPLETED (exit code 0)
Nodes: 2
Cores per node: 12
CPU Utilized: 02:05:48
CPU Efficiency: 33.21% of 06:18:48 core-walltime
Job Wall-clock time: 00:15:47
Memory Utilized: 431.33 MB
Memory Efficiency: 0.94% of 44.92 GB

Job completion status:
======================

       JobID    JobName AllocCPUS NTasks NNodes     MaxRSS    MaxRSSNode  MaxDiskRead MaxDiskWrite    Elapsed      State ExitCode 
------------ ---------- --------- ------ ------ ---------- ------------- ------------ ------------ ---------- ---------- -------- 
22684        BSDE_job_+        24             2                                                      00:15:47  COMPLETED      0:0 
22684.batch       batch        12      1      1    441684K   kelvin-n036        0.86M        0.01M   00:15:47  COMPLETED      0:0 
22684.0           orted        12      1      1                                                      00:15:46  COMPLETED      0:0 


Job details:
============

JobId=22684 JobName=BSDE_job_4_procs
   UserId=zuoy(1582) GroupId=zuoy(1252) MCS_label=N/A
   Priority=10635904 Nice=0 Account=hpc_21_01207 QOS=normal
   JobState=COMPLETING Reason=None Dependency=(null)
   Requeue=0 Restarts=0 BatchFlag=1 Reboot=0 ExitCode=0:0
   DerivedExitCode=0:0
   RunTime=00:15:47 TimeLimit=23:00:00 TimeMin=N/A
   SubmitTime=2021-11-21T15:16:05 EligibleTime=2021-11-21T15:16:05
   AccrueTime=2021-11-21T15:16:05
   StartTime=2021-11-21T18:07:30 EndTime=2021-11-21T18:23:17 Deadline=N/A
   SuspendTime=None SecsPreSuspend=0 LastSchedEval=2021-11-21T18:07:30
   Partition=compute AllocNode:Sid=kelvin01:12189
   ReqNodeList=(null) ExcNodeList=(null)
   NodeList=kelvin-n037
   BatchHost=kelvin-n036
   NumNodes=1 NumCPUs=24 NumTasks=16 CPUs/Task=1 ReqB:S:C:T=0:0:*:*
   TRES=cpu=24,mem=46000M,node=2,billing=24
   Socks/Node=* NtasksPerN:B:S:C=0:0:*:* CoreSpec=*
   JOB_GRES=(null)
     Nodes=kelvin-n[036-037] CPU_IDs=0-11 Mem=23000 GRES=
   MinCPUsNode=1 MinMemoryNode=23000M MinTmpDiskNode=0
   Features=(null) DelayBoot=00:00:00
   OverSubscribe=NO Contiguous=0 Licenses=(null) Network=(null)
   Command=/home/users/mschpc/2019/zuoy/HPC/NeuralNetwork/parallel/scripts/script_AllenCahn_d100_b64_n16.sh
   WorkDir=/home/users/mschpc/2019/zuoy/HPC/NeuralNetwork/parallel
   StdErr=/home/users/mschpc/2019/zuoy/HPC/NeuralNetwork/parallel/output/slurm-22684.out
   StdIn=/dev/null
   StdOut=/home/users/mschpc/2019/zuoy/HPC/NeuralNetwork/parallel/output/slurm-22684.out
   Power=
   NtasksPerTRES:0


Disk quota details:
===================

Quota Type           Name  Filesystem     Usage in MB     Limit in MB    % Used
-------------------------------------------------------------------------------
USER                 zuoy       /home             128          51,200     0.25%

GROUP              mschpc   /projects             999          51,200     1.95%
GROUP          pi-dgolden   /projects               0          51,200     0.00%


SLURM Bank Statement:
=====================

User           Usage |        Account     Usage | Account Limit Available (CPU hrs)
---------- --------- + -------------- --------- + ------------- ---------
zuoy          20,477 |   HPC_21_01207    20,477 |       100,000    79,523


Acknowledgements:
=================

Note that usage of TCHPC Resources *must* be acknowledged in all publications.

Please see this page for details relevant to this cluster:

http://www.tchpc.tcd.ie/resources/acknowledgementpolicy

################################################################################
