Parallel Mode: Master-Slave
Dimension: 200
Total time: 1
Number of time intervals: 40
Learning rate: 0.01
y_init_range: 40, 50
Number of neurons in each hidden layer of each subnet: 110, 110, 
Epochs: 1000
Batch size: 64
Sample size: 256
Logging frequency: 100
Model name: pricing_default_risk_parallel_
Number of processors: 8


Training:
Epoch:100
In training set, loss: 2508.53, Y0: 53.8828

Epoch:200
In training set, loss: 2225.91, Y0: 54.1891

Epoch:300
In training set, loss: 2018.72, Y0: 54.1955

Epoch:400
In training set, loss: 1855.54, Y0: 54.1948

Epoch:500
In training set, loss: 1723.87, Y0: 54.1945

Epoch:600
In training set, loss: 1615.87, Y0: 54.1943

Epoch:700
In training set, loss: 1525.16, Y0: 54.1946

Epoch:800
In training set, loss: 1447.88, Y0: 54.1952

Epoch:900
In training set, loss: 1380.95, Y0: 54.1959

Epoch:1000
In training set, loss: 1322.66, Y0: 54.1966



###############################################################################
TCHPC Cluster: kelvin
Job 23642 (BSDE_job_4_procs) for User 'zuoy' in Account 'hpc_21_01207'
Finished at: Wed Nov 24 21:00:12 GMT 2021

Job efficiency estimates:
=========================

Job ID: 23642
Cluster: kelvin
User/Group: zuoy/zuoy
State: COMPLETED (exit code 0)
Nodes: 1
Cores per node: 12
CPU Utilized: 00:58:44
CPU Efficiency: 66.44% of 01:28:24 core-walltime
Job Wall-clock time: 00:07:22
Memory Utilized: 552.74 MB
Memory Efficiency: 2.40% of 22.46 GB

Job completion status:
======================

       JobID    JobName AllocCPUS NTasks NNodes     MaxRSS    MaxRSSNode  MaxDiskRead MaxDiskWrite    Elapsed      State ExitCode 
------------ ---------- --------- ------ ------ ---------- ------------- ------------ ------------ ---------- ---------- -------- 
23642        BSDE_job_+        12             1                                                      00:07:22  COMPLETED      0:0 
23642.batch       batch        12      1      1    566004K   kelvin-n087        0.86M        0.01M   00:07:22  COMPLETED      0:0 


Job details:
============

JobId=23642 JobName=BSDE_job_4_procs
   UserId=zuoy(1582) GroupId=zuoy(1252) MCS_label=N/A
   Priority=10987398 Nice=0 Account=hpc_21_01207 QOS=normal
   JobState=COMPLETING Reason=None Dependency=(null)
   Requeue=0 Restarts=0 BatchFlag=1 Reboot=0 ExitCode=0:0
   DerivedExitCode=0:0
   RunTime=00:07:22 TimeLimit=23:00:00 TimeMin=N/A
   SubmitTime=2021-11-24T04:21:31 EligibleTime=2021-11-24T04:21:31
   AccrueTime=2021-11-24T04:21:31
   StartTime=2021-11-24T20:52:50 EndTime=2021-11-24T21:00:12 Deadline=N/A
   SuspendTime=None SecsPreSuspend=0 LastSchedEval=2021-11-24T20:52:50
   Partition=compute AllocNode:Sid=kelvin01:30850
   ReqNodeList=(null) ExcNodeList=(null)
   NodeList=
   BatchHost=kelvin-n087
   NumNodes=1 NumCPUs=12 NumTasks=8 CPUs/Task=1 ReqB:S:C:T=0:0:*:*
   TRES=cpu=12,mem=23000M,node=1,billing=12
   Socks/Node=* NtasksPerN:B:S:C=0:0:*:* CoreSpec=*
   JOB_GRES=(null)
     Nodes=kelvin-n087 CPU_IDs=0-11 Mem=23000 GRES=
   MinCPUsNode=1 MinMemoryNode=23000M MinTmpDiskNode=0
   Features=(null) DelayBoot=00:00:00
   OverSubscribe=NO Contiguous=0 Licenses=(null) Network=(null)
   Command=/home/users/mschpc/2019/zuoy/HPC/NeuralNetwork/parallel/scripts/script_PricingDefaultRisk_d200_b64_n8.sh
   WorkDir=/home/users/mschpc/2019/zuoy/HPC/NeuralNetwork/parallel
   StdErr=/home/users/mschpc/2019/zuoy/HPC/NeuralNetwork/parallel/output/slurm-23642.out
   StdIn=/dev/null
   StdOut=/home/users/mschpc/2019/zuoy/HPC/NeuralNetwork/parallel/output/slurm-23642.out
   Power=
   NtasksPerTRES:0


Disk quota details:
===================

Quota Type           Name  Filesystem     Usage in MB     Limit in MB    % Used
-------------------------------------------------------------------------------
USER                 zuoy       /home             141          51,200     0.28%

GROUP              mschpc   /projects             999          51,200     1.95%
GROUP          pi-dgolden   /projects               0          51,200     0.00%


SLURM Bank Statement:
=====================

User           Usage |        Account     Usage | Account Limit Available (CPU hrs)
---------- --------- + -------------- --------- + ------------- ---------
zuoy          28,606 |   HPC_21_01207    28,606 |       100,000    71,394


Acknowledgements:
=================

Note that usage of TCHPC Resources *must* be acknowledged in all publications.

Please see this page for details relevant to this cluster:

http://www.tchpc.tcd.ie/resources/acknowledgementpolicy

################################################################################
