Parallel Mode: Ring-Allreduce
Dimension: 100
Total time: 0.25
Number of time intervals: 20
Learning rate: 0.0005
y_init_range: 0.25, 0.5
Number of neurons in each hidden layer of each subnet: 110, 110, 
Epochs: 4000
Batch size: 1
Sample size: 1024
Logging frequency: 100
Model name: AllenCahn_parallel_
Number of processors: 8


Training:
Epoch:100
In training set, loss: 6.5343, Y0: 0.0600752

Epoch:200
In training set, loss: 6.35385, Y0: 0.0566399

Epoch:300
In training set, loss: 6.19651, Y0: 0.056557

Epoch:400
In training set, loss: 6.05586, Y0: 0.0565353

Epoch:500
In training set, loss: 5.92986, Y0: 0.0565137

Epoch:600
In training set, loss: 5.81674, Y0: 0.0564914

Epoch:700
In training set, loss: 5.71495, Y0: 0.0564687

Epoch:800
In training set, loss: 5.62316, Y0: 0.0564458

Epoch:900
In training set, loss: 5.5402, Y0: 0.0564228

Epoch:1000
In training set, loss: 5.46504, Y0: 0.0564

Epoch:1100
In training set, loss: 5.39679, Y0: 0.0563775

Epoch:1200
In training set, loss: 5.33468, Y0: 0.0563554

Epoch:1300
In training set, loss: 5.27801, Y0: 0.0563337

Epoch:1400
In training set, loss: 5.22617, Y0: 0.0563126

Epoch:1500
In training set, loss: 5.17865, Y0: 0.056292

Epoch:1600
In training set, loss: 5.13497, Y0: 0.056272

Epoch:1700
In training set, loss: 5.09472, Y0: 0.0562527

Epoch:1800
In training set, loss: 5.05754, Y0: 0.056234

Epoch:1900
In training set, loss: 5.02311, Y0: 0.056216

Epoch:2000
In training set, loss: 4.99113, Y0: 0.0561986

Epoch:2100
In training set, loss: 4.96136, Y0: 0.0561818

Epoch:2200
In training set, loss: 4.93357, Y0: 0.0561657

Epoch:2300
In training set, loss: 4.90756, Y0: 0.0561501

Epoch:2400
In training set, loss: 4.88315, Y0: 0.0561352

Epoch:2500
In training set, loss: 4.86019, Y0: 0.0561208

Epoch:2600
In training set, loss: 4.83854, Y0: 0.0561071

Epoch:2700
In training set, loss: 4.81807, Y0: 0.0560938

Epoch:2800
In training set, loss: 4.79866, Y0: 0.0560811

Epoch:2900
In training set, loss: 4.78022, Y0: 0.0560689

Epoch:3000
In training set, loss: 4.76266, Y0: 0.0560573

Epoch:3100
In training set, loss: 4.74588, Y0: 0.0560461

Epoch:3200
In training set, loss: 4.72984, Y0: 0.0560355

Epoch:3300
In training set, loss: 4.71444, Y0: 0.0560252

Epoch:3400
In training set, loss: 4.69965, Y0: 0.0560154

Epoch:3500
In training set, loss: 4.6854, Y0: 0.0560061

Epoch:3600
In training set, loss: 4.67165, Y0: 0.0559972

Epoch:3700
In training set, loss: 4.65835, Y0: 0.0559887

Epoch:3800
In training set, loss: 4.64546, Y0: 0.0559805

Epoch:3900
In training set, loss: 4.63296, Y0: 0.0559726

Epoch:4000
In training set, loss: 4.6208, Y0: 0.0559652



###############################################################################
TCHPC Cluster: kelvin
Job 22382 (BSDE_job_4_procs) for User 'zuoy' in Account 'hpc_21_01207'
Finished at: Sun Nov 21 04:58:27 GMT 2021

Job efficiency estimates:
=========================

Job ID: 22382
Cluster: kelvin
User/Group: zuoy/zuoy
State: COMPLETED (exit code 0)
Nodes: 1
Cores per node: 12
CPU Utilized: 05:15:21
CPU Efficiency: 66.61% of 07:53:24 core-walltime
Job Wall-clock time: 00:39:27
Memory Utilized: 418.07 MB
Memory Efficiency: 1.82% of 22.46 GB

Job completion status:
======================

       JobID    JobName AllocCPUS NTasks NNodes     MaxRSS    MaxRSSNode  MaxDiskRead MaxDiskWrite    Elapsed      State ExitCode 
------------ ---------- --------- ------ ------ ---------- ------------- ------------ ------------ ---------- ---------- -------- 
22382        BSDE_job_+        12             1                                                      00:39:27  COMPLETED      0:0 
22382.batch       batch        12      1      1    428104K   kelvin-n024        0.86M        0.01M   00:39:27  COMPLETED      0:0 


Job details:
============

JobId=22382 JobName=BSDE_job_4_procs
   UserId=zuoy(1582) GroupId=zuoy(1252) MCS_label=N/A
   Priority=11054415 Nice=0 Account=hpc_21_01207 QOS=normal
   JobState=COMPLETING Reason=None Dependency=(null)
   Requeue=0 Restarts=0 BatchFlag=1 Reboot=0 ExitCode=0:0
   DerivedExitCode=0:0
   RunTime=00:39:27 TimeLimit=23:00:00 TimeMin=N/A
   SubmitTime=2021-11-21T02:09:20 EligibleTime=2021-11-21T02:09:20
   AccrueTime=2021-11-21T02:09:20
   StartTime=2021-11-21T04:19:00 EndTime=2021-11-21T04:58:27 Deadline=N/A
   SuspendTime=None SecsPreSuspend=0 LastSchedEval=2021-11-21T04:19:00
   Partition=compute AllocNode:Sid=kelvin01:32460
   ReqNodeList=(null) ExcNodeList=(null)
   NodeList=
   BatchHost=kelvin-n024
   NumNodes=1 NumCPUs=12 NumTasks=8 CPUs/Task=1 ReqB:S:C:T=0:0:*:*
   TRES=cpu=12,mem=23000M,node=1,billing=12
   Socks/Node=* NtasksPerN:B:S:C=0:0:*:* CoreSpec=*
   JOB_GRES=(null)
     Nodes=kelvin-n024 CPU_IDs=0-11 Mem=23000 GRES=
   MinCPUsNode=1 MinMemoryNode=23000M MinTmpDiskNode=0
   Features=(null) DelayBoot=00:00:00
   OverSubscribe=NO Contiguous=0 Licenses=(null) Network=(null)
   Command=/home/users/mschpc/2019/zuoy/HPC/NeuralNetwork/parallel/scripts/script_AllenCahn_d200_b1_n8.sh
   WorkDir=/home/users/mschpc/2019/zuoy/HPC/NeuralNetwork/parallel
   StdErr=/home/users/mschpc/2019/zuoy/HPC/NeuralNetwork/parallel/output/slurm-22382.out
   StdIn=/dev/null
   StdOut=/home/users/mschpc/2019/zuoy/HPC/NeuralNetwork/parallel/output/slurm-22382.out
   Power=
   NtasksPerTRES:0


Disk quota details:
===================

Quota Type           Name  Filesystem     Usage in MB     Limit in MB    % Used
-------------------------------------------------------------------------------
USER                 zuoy       /home             120          51,200     0.24%

GROUP              mschpc   /projects             999          51,200     1.95%
GROUP          pi-dgolden   /projects               0          51,200     0.00%


SLURM Bank Statement:
=====================

User           Usage |        Account     Usage | Account Limit Available (CPU hrs)
---------- --------- + -------------- --------- + ------------- ---------
zuoy          16,137 |   HPC_21_01207    16,137 |       100,000    83,863


Acknowledgements:
=================

Note that usage of TCHPC Resources *must* be acknowledged in all publications.

Please see this page for details relevant to this cluster:

http://www.tchpc.tcd.ie/resources/acknowledgementpolicy

################################################################################
