Parallel Mode: Master-Slave
Dimension: 100
Total time: 0.2
Number of time intervals: 20
Learning rate: 0.0005
y_init_range: 0.2, 0.5
Number of neurons in each hidden layer of each subnet: 110, 110, 
Epochs: 4000
Batch size: 64
Sample size: 1024
Logging frequency: 100
Model name: AllenCahn_parallel_
Number of processors: 8


Training:
Epoch:100
In training set, loss: 11.4001, Y0: 0.19123

Epoch:200
In training set, loss: 10.7139, Y0: 0.183071

Epoch:300
In training set, loss: 10.1195, Y0: 0.17548

Epoch:400
In training set, loss: 9.60415, Y0: 0.168414

Epoch:500
In training set, loss: 9.15707, Y0: 0.161836

Epoch:600
In training set, loss: 8.76892, Y0: 0.155709

Epoch:700
In training set, loss: 8.43172, Y0: 0.150001

Epoch:800
In training set, loss: 8.13863, Y0: 0.144683

Epoch:900
In training set, loss: 7.88371, Y0: 0.139727

Epoch:1000
In training set, loss: 7.66188, Y0: 0.135107

Epoch:1100
In training set, loss: 7.46873, Y0: 0.130801

Epoch:1200
In training set, loss: 7.30047, Y0: 0.126785

Epoch:1300
In training set, loss: 7.1538, Y0: 0.12304

Epoch:1400
In training set, loss: 7.02589, Y0: 0.119548

Epoch:1500
In training set, loss: 6.91427, Y0: 0.11629

Epoch:1600
In training set, loss: 6.81681, Y0: 0.113251

Epoch:1700
In training set, loss: 6.73165, Y0: 0.110417

Epoch:1800
In training set, loss: 6.6572, Y0: 0.107772

Epoch:1900
In training set, loss: 6.59205, Y0: 0.105304

Epoch:2000
In training set, loss: 6.53499, Y0: 0.103002

Epoch:2100
In training set, loss: 6.48498, Y0: 0.100854

Epoch:2200
In training set, loss: 6.44111, Y0: 0.0988488

Epoch:2300
In training set, loss: 6.40256, Y0: 0.0969778

Epoch:2400
In training set, loss: 6.36866, Y0: 0.0952318

Epoch:2500
In training set, loss: 6.33881, Y0: 0.0936023

Epoch:2600
In training set, loss: 6.31247, Y0: 0.0920814

Epoch:2700
In training set, loss: 6.28921, Y0: 0.0906619

Epoch:2800
In training set, loss: 6.26861, Y0: 0.089337

Epoch:2900
In training set, loss: 6.25035, Y0: 0.0881004

Epoch:3000
In training set, loss: 6.23411, Y0: 0.0869462

Epoch:3100
In training set, loss: 6.21964, Y0: 0.0858688

Epoch:3200
In training set, loss: 6.20671, Y0: 0.0848631

Epoch:3300
In training set, loss: 6.19512, Y0: 0.0839244

Epoch:3400
In training set, loss: 6.18471, Y0: 0.0830481

Epoch:3500
In training set, loss: 6.17531, Y0: 0.08223

Epoch:3600
In training set, loss: 6.1668, Y0: 0.0814665

Epoch:3700
In training set, loss: 6.15906, Y0: 0.0807537

Epoch:3800
In training set, loss: 6.15201, Y0: 0.0800884

Epoch:3900
In training set, loss: 6.14554, Y0: 0.0794673

Epoch:4000
In training set, loss: 6.13959, Y0: 0.0788876



###############################################################################
TCHPC Cluster: kelvin
Job 22611 (BSDE_job_4_procs) for User 'zuoy' in Account 'hpc_21_01207'
Finished at: Sun Nov 21 15:50:56 GMT 2021

Job efficiency estimates:
=========================

Job ID: 22611
Cluster: kelvin
User/Group: zuoy/zuoy
State: RUNNING
Nodes: 1
Cores per node: 12
CPU Utilized: 02:54:20
CPU Efficiency: 66.59% of 04:21:48 core-walltime
Job Wall-clock time: 00:21:49
Memory Utilized: 422.53 MB
Memory Efficiency: 1.84% of 22.46 GB
WARNING: Efficiency statistics may be misleading for RUNNING jobs.

Job completion status:
======================

       JobID    JobName AllocCPUS NTasks NNodes     MaxRSS    MaxRSSNode  MaxDiskRead MaxDiskWrite    Elapsed      State ExitCode 
------------ ---------- --------- ------ ------ ---------- ------------- ------------ ------------ ---------- ---------- -------- 
22611        BSDE_job_+        12             1                                                      00:21:49  COMPLETED      0:0 
22611.batch       batch        12      1      1    432672K   kelvin-n097        0.86M        0.01M   00:21:49  COMPLETED      0:0 


Job details:
============

JobId=22611 JobName=BSDE_job_4_procs
   UserId=zuoy(1582) GroupId=zuoy(1252) MCS_label=N/A
   Priority=11007373 Nice=0 Account=hpc_21_01207 QOS=normal
   JobState=COMPLETING Reason=None Dependency=(null)
   Requeue=0 Restarts=0 BatchFlag=1 Reboot=0 ExitCode=0:0
   DerivedExitCode=0:0
   RunTime=00:21:49 TimeLimit=23:00:00 TimeMin=N/A
   SubmitTime=2021-11-21T13:03:24 EligibleTime=2021-11-21T13:03:24
   AccrueTime=2021-11-21T13:03:24
   StartTime=2021-11-21T15:29:07 EndTime=2021-11-21T15:50:56 Deadline=N/A
   SuspendTime=None SecsPreSuspend=0 LastSchedEval=2021-11-21T15:29:07
   Partition=compute AllocNode:Sid=kelvin01:30506
   ReqNodeList=(null) ExcNodeList=(null)
   NodeList=
   BatchHost=kelvin-n097
   NumNodes=1 NumCPUs=12 NumTasks=8 CPUs/Task=1 ReqB:S:C:T=0:0:*:*
   TRES=cpu=12,mem=23000M,node=1,billing=12
   Socks/Node=* NtasksPerN:B:S:C=0:0:*:* CoreSpec=*
   JOB_GRES=(null)
     Nodes=kelvin-n097 CPU_IDs=0-11 Mem=23000 GRES=
   MinCPUsNode=1 MinMemoryNode=23000M MinTmpDiskNode=0
   Features=(null) DelayBoot=00:00:00
   OverSubscribe=NO Contiguous=0 Licenses=(null) Network=(null)
   Command=/home/users/mschpc/2019/zuoy/HPC/NeuralNetwork/parallel/scripts/script_AllenCahn_d300_b64_n8.sh
   WorkDir=/home/users/mschpc/2019/zuoy/HPC/NeuralNetwork/parallel
   StdErr=/home/users/mschpc/2019/zuoy/HPC/NeuralNetwork/parallel/output/slurm-22611.out
   StdIn=/dev/null
   StdOut=/home/users/mschpc/2019/zuoy/HPC/NeuralNetwork/parallel/output/slurm-22611.out
   Power=
   NtasksPerTRES:0


Disk quota details:
===================

Quota Type           Name  Filesystem     Usage in MB     Limit in MB    % Used
-------------------------------------------------------------------------------
USER                 zuoy       /home             125          51,200     0.24%

GROUP              mschpc   /projects             999          51,200     1.95%
GROUP          pi-dgolden   /projects               0          51,200     0.00%


SLURM Bank Statement:
=====================

User           Usage |        Account     Usage | Account Limit Available (CPU hrs)
---------- --------- + -------------- --------- + ------------- ---------
zuoy          19,363 |   HPC_21_01207    19,363 |       100,000    80,637


Acknowledgements:
=================

Note that usage of TCHPC Resources *must* be acknowledged in all publications.

Please see this page for details relevant to this cluster:

http://www.tchpc.tcd.ie/resources/acknowledgementpolicy

################################################################################
