Parallel Mode: Ring-Allreduce
Dimension: 100
Total time: 1
Number of time intervals: 40
Learning rate: 0.01
y_init_range: 40, 50
Number of neurons in each hidden layer of each subnet: 110, 110, 
Epochs: 1000
Batch size: 64
Sample size: 256
Logging frequency: 100
Model name: pricing_default_risk_parallel_
Number of processors: 64


Training:
Epoch:100
In training set, loss: 3012.54, Y0: 56.4775

Epoch:200
In training set, loss: 2773.1, Y0: 56.9067

Epoch:300
In training set, loss: 2598.31, Y0: 56.9422

Epoch:400
In training set, loss: 2454.98, Y0: 56.9646

Epoch:500
In training set, loss: 2334.77, Y0: 56.9848

Epoch:600
In training set, loss: 2232.88, Y0: 57.0028

Epoch:700
In training set, loss: 2144.42, Y0: 57.0191

Epoch:800
In training set, loss: 2066.79, Y0: 57.0337

Epoch:900
In training set, loss: 1997.63, Y0: 57.0471

Epoch:1000
In training set, loss: 1935.47, Y0: 57.0593



###############################################################################
TCHPC Cluster: kelvin
Job 24032 (BSDE_job_4_procs) for User 'zuoy' in Account 'hpc_21_01207'
Finished at: Thu Nov 25 14:03:13 GMT 2021

Job efficiency estimates:
=========================

Job ID: 24032
Cluster: kelvin
User/Group: zuoy/zuoy
State: COMPLETED (exit code 0)
Nodes: 6
Cores per node: 12
CPU Utilized: 00:45:28
CPU Efficiency: 14.92% of 05:04:48 core-walltime
Job Wall-clock time: 00:04:14
Memory Utilized: 578.17 MB
Memory Efficiency: 0.42% of 134.77 GB

Job completion status:
======================

       JobID    JobName AllocCPUS NTasks NNodes     MaxRSS    MaxRSSNode  MaxDiskRead MaxDiskWrite    Elapsed      State ExitCode 
------------ ---------- --------- ------ ------ ---------- ------------- ------------ ------------ ---------- ---------- -------- 
24032        BSDE_job_+        72             6                                                      00:04:14  COMPLETED      0:0 
24032.batch       batch        12      1      1    592048K   kelvin-n074        0.86M        0.01M   00:04:14  COMPLETED      0:0 
24032.0           orted        60      5      5                                                      00:04:13  COMPLETED      0:0 


Job details:
============

JobId=24032 JobName=BSDE_job_4_procs
   UserId=zuoy(1582) GroupId=zuoy(1252) MCS_label=N/A
   Priority=10552302 Nice=0 Account=hpc_21_01207 QOS=normal
   JobState=COMPLETING Reason=None Dependency=(null)
   Requeue=0 Restarts=0 BatchFlag=1 Reboot=0 ExitCode=0:0
   DerivedExitCode=0:0
   RunTime=00:04:14 TimeLimit=23:00:00 TimeMin=N/A
   SubmitTime=2021-11-25T12:10:36 EligibleTime=2021-11-25T12:10:36
   AccrueTime=2021-11-25T12:10:36
   StartTime=2021-11-25T13:58:59 EndTime=2021-11-25T14:03:13 Deadline=N/A
   SuspendTime=None SecsPreSuspend=0 LastSchedEval=2021-11-25T13:58:59
   Partition=compute AllocNode:Sid=kelvin01:17031
   ReqNodeList=(null) ExcNodeList=(null)
   NodeList=kelvin-n[076-079,081]
   BatchHost=kelvin-n074
   NumNodes=5 NumCPUs=72 NumTasks=64 CPUs/Task=1 ReqB:S:C:T=0:0:*:*
   TRES=cpu=72,mem=138000M,node=6,billing=72
   Socks/Node=* NtasksPerN:B:S:C=0:0:*:* CoreSpec=*
   JOB_GRES=(null)
     Nodes=kelvin-n[074,076-079,081] CPU_IDs=0-11 Mem=23000 GRES=
   MinCPUsNode=1 MinMemoryNode=23000M MinTmpDiskNode=0
   Features=(null) DelayBoot=00:00:00
   OverSubscribe=NO Contiguous=0 Licenses=(null) Network=(null)
   Command=/home/users/mschpc/2019/zuoy/HPC/NeuralNetwork/parallel/scripts/script_PricingDefaultRisk_d100_b64_n64.sh
   WorkDir=/home/users/mschpc/2019/zuoy/HPC/NeuralNetwork/parallel
   StdErr=/home/users/mschpc/2019/zuoy/HPC/NeuralNetwork/parallel/output/slurm-24032.out
   StdIn=/dev/null
   StdOut=/home/users/mschpc/2019/zuoy/HPC/NeuralNetwork/parallel/output/slurm-24032.out
   Power=
   NtasksPerTRES:0


Disk quota details:
===================

Quota Type           Name  Filesystem     Usage in MB     Limit in MB    % Used
-------------------------------------------------------------------------------
USER                 zuoy       /home             145          51,200     0.28%

GROUP              mschpc   /projects             999          51,200     1.95%
GROUP          pi-dgolden   /projects               0          51,200     0.00%


SLURM Bank Statement:
=====================

User           Usage |        Account     Usage | Account Limit Available (CPU hrs)
---------- --------- + -------------- --------- + ------------- ---------
zuoy          28,562 |   HPC_21_01207    28,562 |       100,000    71,438


Acknowledgements:
=================

Note that usage of TCHPC Resources *must* be acknowledged in all publications.

Please see this page for details relevant to this cluster:

http://www.tchpc.tcd.ie/resources/acknowledgementpolicy

################################################################################
