Parallel Mode: Master-Slave
Dimension: 500
Total time: 1
Number of time intervals: 40
Learning rate: 0.01
y_init_range: 40, 50
Number of neurons in each hidden layer of each subnet: 110, 110, 
Epochs: 1000
Batch size: 64
Sample size: 256
Logging frequency: 100
Model name: pricing_default_risk_parallel_
Number of processors: 32


Training:
Epoch:100
In training set, loss: 1465.21, Y0: 49.6848

Epoch:200
In training set, loss: 1069.09, Y0: 49.8671

Epoch:300
In training set, loss: 814.678, Y0: 49.8967

Epoch:400
In training set, loss: 643.132, Y0: 49.9228

Epoch:500
In training set, loss: 522.082, Y0: 49.9469

Epoch:600
In training set, loss: 433.089, Y0: 49.9686

Epoch:700
In training set, loss: 365.365, Y0: 49.9882

Epoch:800
In training set, loss: 312.396, Y0: 50.0056

Epoch:900
In training set, loss: 269.962, Y0: 50.0212

Epoch:1000
In training set, loss: 235.349, Y0: 50.0353



###############################################################################
TCHPC Cluster: kelvin
Job 23575 (BSDE_job_4_procs) for User 'zuoy' in Account 'hpc_21_01207'
Finished at: Wed Nov 24 09:41:38 GMT 2021

Job efficiency estimates:
=========================

Job ID: 23575
Cluster: kelvin
User/Group: zuoy/zuoy
State: COMPLETED (exit code 0)
Nodes: 3
Cores per node: 12
CPU Utilized: 02:39:34
CPU Efficiency: 30.12% of 08:49:48 core-walltime
Job Wall-clock time: 00:14:43
Memory Utilized: 1.35 GB
Memory Efficiency: 2.01% of 67.38 GB

Job completion status:
======================

       JobID    JobName AllocCPUS NTasks NNodes     MaxRSS    MaxRSSNode  MaxDiskRead MaxDiskWrite    Elapsed      State ExitCode 
------------ ---------- --------- ------ ------ ---------- ------------- ------------ ------------ ---------- ---------- -------- 
23575        BSDE_job_+        36             3                                                      00:14:43  COMPLETED      0:0 
23575.batch       batch        12      1      1   1418564K   kelvin-n029        0.86M        0.01M   00:14:43  COMPLETED      0:0 
23575.0           orted        24      2      2                                                      00:14:42  COMPLETED      0:0 


Job details:
============

JobId=23575 JobName=BSDE_job_4_procs
   UserId=zuoy(1582) GroupId=zuoy(1252) MCS_label=N/A
   Priority=10979571 Nice=0 Account=hpc_21_01207 QOS=normal
   JobState=COMPLETING Reason=None Dependency=(null)
   Requeue=0 Restarts=0 BatchFlag=1 Reboot=0 ExitCode=0:0
   DerivedExitCode=0:0
   RunTime=00:14:43 TimeLimit=23:00:00 TimeMin=N/A
   SubmitTime=2021-11-23T17:13:40 EligibleTime=2021-11-23T17:13:40
   AccrueTime=2021-11-23T17:13:40
   StartTime=2021-11-24T09:26:55 EndTime=2021-11-24T09:41:38 Deadline=N/A
   SuspendTime=None SecsPreSuspend=0 LastSchedEval=2021-11-24T09:26:55
   Partition=compute AllocNode:Sid=kelvin01:24748
   ReqNodeList=(null) ExcNodeList=(null)
   NodeList=kelvin-n[033,040]
   BatchHost=kelvin-n029
   NumNodes=2 NumCPUs=36 NumTasks=32 CPUs/Task=1 ReqB:S:C:T=0:0:*:*
   TRES=cpu=36,mem=69000M,node=3,billing=36
   Socks/Node=* NtasksPerN:B:S:C=0:0:*:* CoreSpec=*
   JOB_GRES=(null)
     Nodes=kelvin-n[029,033,040] CPU_IDs=0-11 Mem=23000 GRES=
   MinCPUsNode=1 MinMemoryNode=23000M MinTmpDiskNode=0
   Features=(null) DelayBoot=00:00:00
   OverSubscribe=NO Contiguous=0 Licenses=(null) Network=(null)
   Command=/home/users/mschpc/2019/zuoy/HPC/NeuralNetwork/parallel/scripts/script_PricingDefaultRisk_d500_b64_n32.sh
   WorkDir=/home/users/mschpc/2019/zuoy/HPC/NeuralNetwork/parallel
   StdErr=/home/users/mschpc/2019/zuoy/HPC/NeuralNetwork/parallel/output/slurm-23575.out
   StdIn=/dev/null
   StdOut=/home/users/mschpc/2019/zuoy/HPC/NeuralNetwork/parallel/output/slurm-23575.out
   Power=
   NtasksPerTRES:0


Disk quota details:
===================

Quota Type           Name  Filesystem     Usage in MB     Limit in MB    % Used
-------------------------------------------------------------------------------
USER                 zuoy       /home             141          51,200     0.28%

GROUP              mschpc   /projects             999          51,200     1.95%
GROUP          pi-dgolden   /projects               0          51,200     0.00%


SLURM Bank Statement:
=====================

User           Usage |        Account     Usage | Account Limit Available (CPU hrs)
---------- --------- + -------------- --------- + ------------- ---------
zuoy          29,130 |   HPC_21_01207    29,130 |       100,000    70,870


Acknowledgements:
=================

Note that usage of TCHPC Resources *must* be acknowledged in all publications.

Please see this page for details relevant to this cluster:

http://www.tchpc.tcd.ie/resources/acknowledgementpolicy

################################################################################
