Parallel Mode: Master-Slave
Dimension: 100
Total time: 1
Number of time intervals: 40
Learning rate: 0.01
y_init_range: 40, 50
Number of neurons in each hidden layer of each subnet: 110, 110, 
Epochs: 1000
Batch size: 1
Sample size: 256
Logging frequency: 100
Model name: pricing_default_risk_parallel_
Number of processors: 8


Training:
Epoch:100
In training set, loss: 2278.93, Y0: 57.1839

Epoch:200
In training set, loss: 1864.5, Y0: 57.2387

Epoch:300
In training set, loss: 1593.36, Y0: 57.2804

Epoch:400
In training set, loss: 1381.81, Y0: 57.3137

Epoch:500
In training set, loss: 1204.62, Y0: 57.3399

Epoch:600
In training set, loss: 1051.07, Y0: 57.3618

Epoch:700
In training set, loss: 916.736, Y0: 57.3797

Epoch:800
In training set, loss: 798.702, Y0: 57.3953

Epoch:900
In training set, loss: 695.355, Y0: 57.4082

Epoch:1000
In training set, loss: 604.862, Y0: 57.4197



###############################################################################
TCHPC Cluster: kelvin
Job 22497 (BSDE_job_4_procs) for User 'zuoy' in Account 'hpc_21_01207'
Finished at: Sun Nov 21 13:15:43 GMT 2021

Job efficiency estimates:
=========================

Job ID: 22497
Cluster: kelvin
User/Group: zuoy/zuoy
State: COMPLETED (exit code 0)
Nodes: 1
Cores per node: 12
CPU Utilized: 01:00:53
CPU Efficiency: 66.47% of 01:31:36 core-walltime
Job Wall-clock time: 00:07:38
Memory Utilized: 409.87 MB
Memory Efficiency: 1.78% of 22.46 GB

Job completion status:
======================

       JobID    JobName AllocCPUS NTasks NNodes     MaxRSS    MaxRSSNode  MaxDiskRead MaxDiskWrite    Elapsed      State ExitCode 
------------ ---------- --------- ------ ------ ---------- ------------- ------------ ------------ ---------- ---------- -------- 
22497        BSDE_job_+        12             1                                                      00:07:38  COMPLETED      0:0 
22497.batch       batch        12      1      1    419704K   kelvin-n054        0.86M        0.01M   00:07:38  COMPLETED      0:0 


Job details:
============

JobId=22497 JobName=BSDE_job_4_procs
   UserId=zuoy(1582) GroupId=zuoy(1252) MCS_label=N/A
   Priority=11064393 Nice=0 Account=hpc_21_01207 QOS=normal
   JobState=COMPLETING Reason=None Dependency=(null)
   Requeue=0 Restarts=0 BatchFlag=1 Reboot=0 ExitCode=0:0
   DerivedExitCode=0:0
   RunTime=00:07:38 TimeLimit=23:00:00 TimeMin=N/A
   SubmitTime=2021-11-21T10:38:13 EligibleTime=2021-11-21T10:38:13
   AccrueTime=2021-11-21T10:38:13
   StartTime=2021-11-21T13:08:04 EndTime=2021-11-21T13:15:42 Deadline=N/A
   SuspendTime=None SecsPreSuspend=0 LastSchedEval=2021-11-21T13:08:04
   Partition=compute AllocNode:Sid=kelvin01:12117
   ReqNodeList=(null) ExcNodeList=(null)
   NodeList=
   BatchHost=kelvin-n054
   NumNodes=1 NumCPUs=12 NumTasks=8 CPUs/Task=1 ReqB:S:C:T=0:0:*:*
   TRES=cpu=12,mem=23000M,node=1,billing=12
   Socks/Node=* NtasksPerN:B:S:C=0:0:*:* CoreSpec=*
   JOB_GRES=(null)
     Nodes=kelvin-n054 CPU_IDs=0-11 Mem=23000 GRES=
   MinCPUsNode=1 MinMemoryNode=23000M MinTmpDiskNode=0
   Features=(null) DelayBoot=00:00:00
   OverSubscribe=NO Contiguous=0 Licenses=(null) Network=(null)
   Command=/home/users/mschpc/2019/zuoy/HPC/NeuralNetwork/parallel/scripts/script_PricingDefaultRisk_d100_b1_n8.sh
   WorkDir=/home/users/mschpc/2019/zuoy/HPC/NeuralNetwork/parallel
   StdErr=/home/users/mschpc/2019/zuoy/HPC/NeuralNetwork/parallel/output/slurm-22497.out
   StdIn=/dev/null
   StdOut=/home/users/mschpc/2019/zuoy/HPC/NeuralNetwork/parallel/output/slurm-22497.out
   Power=
   NtasksPerTRES:0


Disk quota details:
===================

Quota Type           Name  Filesystem     Usage in MB     Limit in MB    % Used
-------------------------------------------------------------------------------
USER                 zuoy       /home             125          51,200     0.24%

GROUP              mschpc   /projects             999          51,200     1.95%
GROUP          pi-dgolden   /projects               0          51,200     0.00%


SLURM Bank Statement:
=====================

User           Usage |        Account     Usage | Account Limit Available (CPU hrs)
---------- --------- + -------------- --------- + ------------- ---------
zuoy          18,266 |   HPC_21_01207    18,266 |       100,000    81,734


Acknowledgements:
=================

Note that usage of TCHPC Resources *must* be acknowledged in all publications.

Please see this page for details relevant to this cluster:

http://www.tchpc.tcd.ie/resources/acknowledgementpolicy

################################################################################
