Parallel Mode: Ring-Allreduce
Dimension: 100
Total time: 0.3
Number of time intervals: 20
Learning rate: 0.0005
y_init_range: 0.3, 0.5
Number of neurons in each hidden layer of each subnet: 110, 110, 
Epochs: 4000
Batch size: 64
Sample size: 1024
Logging frequency: 100
Model name: AllenCahn_parallel_
Number of processors: 16


Training:
Epoch:100
In training set, loss: 26.2037, Y0: 0.292223

Epoch:200
In training set, loss: 25.0437, Y0: 0.284717

Epoch:300
In training set, loss: 23.9626, Y0: 0.277472

Epoch:400
In training set, loss: 22.9545, Y0: 0.270477

Epoch:500
In training set, loss: 22.0136, Y0: 0.263719

Epoch:600
In training set, loss: 21.1348, Y0: 0.257188

Epoch:700
In training set, loss: 20.3135, Y0: 0.250876

Epoch:800
In training set, loss: 19.5455, Y0: 0.244772

Epoch:900
In training set, loss: 18.8269, Y0: 0.238868

Epoch:1000
In training set, loss: 18.1542, Y0: 0.233157

Epoch:1100
In training set, loss: 17.524, Y0: 0.22763

Epoch:1200
In training set, loss: 16.9336, Y0: 0.22228

Epoch:1300
In training set, loss: 16.38, Y0: 0.217101

Epoch:1400
In training set, loss: 15.8608, Y0: 0.212086

Epoch:1500
In training set, loss: 15.3737, Y0: 0.207229

Epoch:1600
In training set, loss: 14.9164, Y0: 0.202524

Epoch:1700
In training set, loss: 14.4871, Y0: 0.197966

Epoch:1800
In training set, loss: 14.0839, Y0: 0.193549

Epoch:1900
In training set, loss: 13.705, Y0: 0.189268

Epoch:2000
In training set, loss: 13.3489, Y0: 0.185119

Epoch:2100
In training set, loss: 13.0141, Y0: 0.181096

Epoch:2200
In training set, loss: 12.6993, Y0: 0.177196

Epoch:2300
In training set, loss: 12.4032, Y0: 0.173415

Epoch:2400
In training set, loss: 12.1245, Y0: 0.169748

Epoch:2500
In training set, loss: 11.8623, Y0: 0.166191

Epoch:2600
In training set, loss: 11.6155, Y0: 0.162741

Epoch:2700
In training set, loss: 11.3832, Y0: 0.159395

Epoch:2800
In training set, loss: 11.1643, Y0: 0.156148

Epoch:2900
In training set, loss: 10.9582, Y0: 0.152998

Epoch:3000
In training set, loss: 10.7641, Y0: 0.149942

Epoch:3100
In training set, loss: 10.5811, Y0: 0.146976

Epoch:3200
In training set, loss: 10.4087, Y0: 0.144098

Epoch:3300
In training set, loss: 10.2462, Y0: 0.141304

Epoch:3400
In training set, loss: 10.093, Y0: 0.138593

Epoch:3500
In training set, loss: 9.94849, Y0: 0.135962

Epoch:3600
In training set, loss: 9.81225, Y0: 0.133407

Epoch:3700
In training set, loss: 9.68376, Y0: 0.130928

Epoch:3800
In training set, loss: 9.56255, Y0: 0.128521

Epoch:3900
In training set, loss: 9.4482, Y0: 0.126184

Epoch:4000
In training set, loss: 9.34029, Y0: 0.123915



###############################################################################
TCHPC Cluster: kelvin
Job 22441 (BSDE_job_4_procs) for User 'zuoy' in Account 'hpc_21_01207'
Finished at: Sun Nov 21 06:08:43 GMT 2021

Job efficiency estimates:
=========================

Job ID: 22441
Cluster: kelvin
User/Group: zuoy/zuoy
State: COMPLETED (exit code 0)
Nodes: 2
Cores per node: 12
CPU Utilized: 01:50:00
CPU Efficiency: 33.21% of 05:31:12 core-walltime
Job Wall-clock time: 00:13:48
Memory Utilized: 428.63 MB
Memory Efficiency: 0.93% of 44.92 GB

Job completion status:
======================

       JobID    JobName AllocCPUS NTasks NNodes     MaxRSS    MaxRSSNode  MaxDiskRead MaxDiskWrite    Elapsed      State ExitCode 
------------ ---------- --------- ------ ------ ---------- ------------- ------------ ------------ ---------- ---------- -------- 
22441        BSDE_job_+        24             2                                                      00:13:48  COMPLETED      0:0 
22441.batch       batch        12      1      1    438920K   kelvin-n086        0.86M        0.01M   00:13:48  COMPLETED      0:0 
22441.0           orted        12      1      1                                                      00:13:47  COMPLETED      0:0 


Job details:
============

JobId=22441 JobName=BSDE_job_4_procs
   UserId=zuoy(1582) GroupId=zuoy(1252) MCS_label=N/A
   Priority=11071893 Nice=0 Account=hpc_21_01207 QOS=normal
   JobState=COMPLETING Reason=None Dependency=(null)
   Requeue=0 Restarts=0 BatchFlag=1 Reboot=0 ExitCode=0:0
   DerivedExitCode=0:0
   RunTime=00:13:48 TimeLimit=23:00:00 TimeMin=N/A
   SubmitTime=2021-11-21T03:11:17 EligibleTime=2021-11-21T03:11:17
   AccrueTime=2021-11-21T03:11:17
   StartTime=2021-11-21T05:54:55 EndTime=2021-11-21T06:08:43 Deadline=N/A
   SuspendTime=None SecsPreSuspend=0 LastSchedEval=2021-11-21T05:54:55
   Partition=compute AllocNode:Sid=kelvin01:16943
   ReqNodeList=(null) ExcNodeList=(null)
   NodeList=kelvin-n090
   BatchHost=kelvin-n086
   NumNodes=1 NumCPUs=24 NumTasks=16 CPUs/Task=1 ReqB:S:C:T=0:0:*:*
   TRES=cpu=24,mem=46000M,node=2,billing=24
   Socks/Node=* NtasksPerN:B:S:C=0:0:*:* CoreSpec=*
   JOB_GRES=(null)
     Nodes=kelvin-n[086,090] CPU_IDs=0-11 Mem=23000 GRES=
   MinCPUsNode=1 MinMemoryNode=23000M MinTmpDiskNode=0
   Features=(null) DelayBoot=00:00:00
   OverSubscribe=NO Contiguous=0 Licenses=(null) Network=(null)
   Command=/home/users/mschpc/2019/zuoy/HPC/NeuralNetwork/parallel/scripts/script_AllenCahn_d100_b64_n16.sh
   WorkDir=/home/users/mschpc/2019/zuoy/HPC/NeuralNetwork/parallel
   StdErr=/home/users/mschpc/2019/zuoy/HPC/NeuralNetwork/parallel/output/slurm-22441.out
   StdIn=/dev/null
   StdOut=/home/users/mschpc/2019/zuoy/HPC/NeuralNetwork/parallel/output/slurm-22441.out
   Power=
   NtasksPerTRES:0


Disk quota details:
===================

Quota Type           Name  Filesystem     Usage in MB     Limit in MB    % Used
-------------------------------------------------------------------------------
USER                 zuoy       /home             123          51,200     0.24%

GROUP              mschpc   /projects             999          51,200     1.95%
GROUP          pi-dgolden   /projects               0          51,200     0.00%


SLURM Bank Statement:
=====================

User           Usage |        Account     Usage | Account Limit Available (CPU hrs)
---------- --------- + -------------- --------- + ------------- ---------
zuoy          16,476 |   HPC_21_01207    16,476 |       100,000    83,524


Acknowledgements:
=================

Note that usage of TCHPC Resources *must* be acknowledged in all publications.

Please see this page for details relevant to this cluster:

http://www.tchpc.tcd.ie/resources/acknowledgementpolicy

################################################################################
