Parallel Mode: Ring-Allreduce
Dimension: 200
Total time: 1
Number of time intervals: 40
Learning rate: 0.01
y_init_range: 40, 50
Number of neurons in each hidden layer of each subnet: 110, 110, 
Epochs: 1000
Batch size: 64
Sample size: 256
Logging frequency: 100
Model name: pricing_default_risk_parallel_
Number of processors: 64


Training:
Epoch:100
In training set, loss: 24670.5, Y0: 40.8457

Epoch:200
In training set, loss: 21814.7, Y0: 41.6342

Epoch:300
In training set, loss: 19334.5, Y0: 42.3696

Epoch:400
In training set, loss: 17177.8, Y0: 43.0555

Epoch:500
In training set, loss: 15301.3, Y0: 43.6952

Epoch:600
In training set, loss: 13668.7, Y0: 44.2918

Epoch:700
In training set, loss: 12247.9, Y0: 44.8484

Epoch:800
In training set, loss: 11011.4, Y0: 45.3675

Epoch:900
In training set, loss: 9936.8, Y0: 45.8518

Epoch:1000
In training set, loss: 9010.53, Y0: 46.3041



###############################################################################
TCHPC Cluster: kelvin
Job 21892 (BSDE_job_4_procs) for User 'zuoy' in Account 'hpc_21_01207'
Finished at: Sat Nov 20 04:55:19 GMT 2021

Job efficiency estimates:
=========================

Job ID: 21892
Cluster: kelvin
User/Group: zuoy/zuoy
State: COMPLETED (exit code 0)
Nodes: 6
Cores per node: 12
CPU Utilized: 01:03:31
CPU Efficiency: 15.08% of 07:01:12 core-walltime
Job Wall-clock time: 00:05:51
Memory Utilized: 774.99 MB
Memory Efficiency: 0.56% of 134.77 GB

Job completion status:
======================

       JobID    JobName AllocCPUS NTasks NNodes     MaxRSS    MaxRSSNode  MaxDiskRead MaxDiskWrite    Elapsed      State ExitCode 
------------ ---------- --------- ------ ------ ---------- ------------- ------------ ------------ ---------- ---------- -------- 
21892        BSDE_job_+        72             6                                                      00:05:51  COMPLETED      0:0 
21892.batch       batch        12      1      1    793588K   kelvin-n054        0.87M        0.01M   00:05:51  COMPLETED      0:0 
21892.0           orted        60      5      5                                                      00:05:50  COMPLETED      0:0 


Job details:
============

JobId=21892 JobName=BSDE_job_4_procs
   UserId=zuoy(1582) GroupId=zuoy(1252) MCS_label=N/A
   Priority=11170676 Nice=0 Account=hpc_21_01207 QOS=normal
   JobState=COMPLETING Reason=None Dependency=(null)
   Requeue=0 Restarts=0 BatchFlag=1 Reboot=0 ExitCode=0:0
   DerivedExitCode=0:0
   RunTime=00:05:51 TimeLimit=23:00:00 TimeMin=N/A
   SubmitTime=2021-11-20T00:41:39 EligibleTime=2021-11-20T00:41:39
   AccrueTime=2021-11-20T00:41:39
   StartTime=2021-11-20T04:49:28 EndTime=2021-11-20T04:55:19 Deadline=N/A
   SuspendTime=None SecsPreSuspend=0 LastSchedEval=2021-11-20T04:49:28
   Partition=compute AllocNode:Sid=kelvin01:23080
   ReqNodeList=(null) ExcNodeList=(null)
   NodeList=kelvin-n[055,089-090,092,096]
   BatchHost=kelvin-n054
   NumNodes=5 NumCPUs=72 NumTasks=64 CPUs/Task=1 ReqB:S:C:T=0:0:*:*
   TRES=cpu=72,mem=138000M,node=6,billing=72
   Socks/Node=* NtasksPerN:B:S:C=0:0:*:* CoreSpec=*
   JOB_GRES=(null)
     Nodes=kelvin-n[054-055,089-090,092,096] CPU_IDs=0-11 Mem=23000 GRES=
   MinCPUsNode=1 MinMemoryNode=23000M MinTmpDiskNode=0
   Features=(null) DelayBoot=00:00:00
   OverSubscribe=NO Contiguous=0 Licenses=(null) Network=(null)
   Command=/home/users/mschpc/2019/zuoy/HPC/NeuralNetwork/parallel/scripts/script_PricingDefaultRisk_d200_b64_n64.sh
   WorkDir=/home/users/mschpc/2019/zuoy/HPC/NeuralNetwork/parallel
   StdErr=/home/users/mschpc/2019/zuoy/HPC/NeuralNetwork/parallel/output/slurm-21892.out
   StdIn=/dev/null
   StdOut=/home/users/mschpc/2019/zuoy/HPC/NeuralNetwork/parallel/output/slurm-21892.out
   Power=
   NtasksPerTRES:0


Disk quota details:
===================

Quota Type           Name  Filesystem     Usage in MB     Limit in MB    % Used
-------------------------------------------------------------------------------
USER                 zuoy       /home             109          51,200     0.21%

GROUP              mschpc   /projects             999          51,200     1.95%
GROUP          pi-dgolden   /projects               0          51,200     0.00%


SLURM Bank Statement:
=====================

User           Usage |        Account     Usage | Account Limit Available (CPU hrs)
---------- --------- + -------------- --------- + ------------- ---------
zuoy          12,033 |   HPC_21_01207    12,033 |       100,000    87,967


Acknowledgements:
=================

Note that usage of TCHPC Resources *must* be acknowledged in all publications.

Please see this page for details relevant to this cluster:

http://www.tchpc.tcd.ie/resources/acknowledgementpolicy

################################################################################
