Parallel Mode: Ring-Allreduce
Dimension: 500
Total time: 1
Number of time intervals: 40
Learning rate: 0.01
y_init_range: 40, 50
Number of neurons in each hidden layer of each subnet: 110, 110, 
Epochs: 1000
Batch size: 64
Sample size: 256
Logging frequency: 100
Model name: pricing_default_risk_parallel_
Number of processors: 16


Training:
Epoch:100
In training set, loss: 1519.23, Y0: 49.3115

Epoch:200
In training set, loss: 1135.45, Y0: 49.4898

Epoch:300
In training set, loss: 886.603, Y0: 49.522

Epoch:400
In training set, loss: 715.445, Y0: 49.5473

Epoch:500
In training set, loss: 591.811, Y0: 49.5681

Epoch:600
In training set, loss: 498.798, Y0: 49.5852

Epoch:700
In training set, loss: 426.608, Y0: 49.5993

Epoch:800
In training set, loss: 369.132, Y0: 49.6108

Epoch:900
In training set, loss: 322.474, Y0: 49.6204

Epoch:1000
In training set, loss: 283.983, Y0: 49.6284



###############################################################################
TCHPC Cluster: kelvin
Job 24000 (BSDE_job_4_procs) for User 'zuoy' in Account 'hpc_21_01207'
Finished at: Thu Nov 25 13:29:09 GMT 2021

Job efficiency estimates:
=========================

Job ID: 24000
Cluster: kelvin
User/Group: zuoy/zuoy
State: COMPLETED (exit code 0)
Nodes: 2
Cores per node: 12
CPU Utilized: 01:19:33
CPU Efficiency: 32.66% of 04:03:36 core-walltime
Job Wall-clock time: 00:10:09
Memory Utilized: 995.96 MB
Memory Efficiency: 2.17% of 44.92 GB

Job completion status:
======================

       JobID    JobName AllocCPUS NTasks NNodes     MaxRSS    MaxRSSNode  MaxDiskRead MaxDiskWrite    Elapsed      State ExitCode 
------------ ---------- --------- ------ ------ ---------- ------------- ------------ ------------ ---------- ---------- -------- 
24000        BSDE_job_+        24             2                                                      00:10:09  COMPLETED      0:0 
24000.batch       batch        12      1      1   1019864K   kelvin-n062        0.86M        0.01M   00:10:09  COMPLETED      0:0 
24000.0           orted        12      1      1                                                      00:10:07  COMPLETED      0:0 


Job details:
============

JobId=24000 JobName=BSDE_job_4_procs
   UserId=zuoy(1582) GroupId=zuoy(1252) MCS_label=N/A
   Priority=10541483 Nice=0 Account=hpc_21_01207 QOS=normal
   JobState=COMPLETING Reason=None Dependency=(null)
   Requeue=0 Restarts=0 BatchFlag=1 Reboot=0 ExitCode=0:0
   DerivedExitCode=0:0
   RunTime=00:10:09 TimeLimit=23:00:00 TimeMin=N/A
   SubmitTime=2021-11-25T11:47:40 EligibleTime=2021-11-25T11:47:40
   AccrueTime=2021-11-25T11:47:40
   StartTime=2021-11-25T13:19:00 EndTime=2021-11-25T13:29:09 Deadline=N/A
   SuspendTime=None SecsPreSuspend=0 LastSchedEval=2021-11-25T13:19:00
   Partition=compute AllocNode:Sid=kelvin01:17031
   ReqNodeList=(null) ExcNodeList=(null)
   NodeList=kelvin-n069
   BatchHost=kelvin-n062
   NumNodes=1 NumCPUs=24 NumTasks=16 CPUs/Task=1 ReqB:S:C:T=0:0:*:*
   TRES=cpu=24,mem=46000M,node=2,billing=24
   Socks/Node=* NtasksPerN:B:S:C=0:0:*:* CoreSpec=*
   JOB_GRES=(null)
     Nodes=kelvin-n[062,069] CPU_IDs=0-11 Mem=23000 GRES=
   MinCPUsNode=1 MinMemoryNode=23000M MinTmpDiskNode=0
   Features=(null) DelayBoot=00:00:00
   OverSubscribe=NO Contiguous=0 Licenses=(null) Network=(null)
   Command=/home/users/mschpc/2019/zuoy/HPC/NeuralNetwork/parallel/scripts/script_PricingDefaultRisk_d500_b64_n16.sh
   WorkDir=/home/users/mschpc/2019/zuoy/HPC/NeuralNetwork/parallel
   StdErr=/home/users/mschpc/2019/zuoy/HPC/NeuralNetwork/parallel/output/slurm-24000.out
   StdIn=/dev/null
   StdOut=/home/users/mschpc/2019/zuoy/HPC/NeuralNetwork/parallel/output/slurm-24000.out
   Power=
   NtasksPerTRES:0


Disk quota details:
===================

Quota Type           Name  Filesystem     Usage in MB     Limit in MB    % Used
-------------------------------------------------------------------------------
USER                 zuoy       /home             146          51,200     0.29%

GROUP              mschpc   /projects             999          51,200     1.95%
GROUP          pi-dgolden   /projects               0          51,200     0.00%


SLURM Bank Statement:
=====================

User           Usage |        Account     Usage | Account Limit Available (CPU hrs)
---------- --------- + -------------- --------- + ------------- ---------
zuoy          28,454 |   HPC_21_01207    28,454 |       100,000    71,546


Acknowledgements:
=================

Note that usage of TCHPC Resources *must* be acknowledged in all publications.

Please see this page for details relevant to this cluster:

http://www.tchpc.tcd.ie/resources/acknowledgementpolicy

################################################################################
