Parallel Mode: Ring-Allreduce
Dimension: 100
Total time: 0.25
Number of time intervals: 20
Learning rate: 0.0005
y_init_range: 0.25, 0.5
Number of neurons in each hidden layer of each subnet: 110, 110, 
Epochs: 4000
Batch size: 1
Sample size: 1024
Logging frequency: 100
Model name: AllenCahn_parallel_
Number of processors: 64


Training:
Epoch:100
In training set, loss: 10.3245, Y0: 0.174771

Epoch:200
In training set, loss: 7.71831, Y0: 0.130476

Epoch:300
In training set, loss: 6.77084, Y0: 0.103942

Epoch:400
In training set, loss: 6.4131, Y0: 0.0879324

Epoch:500
In training set, loss: 6.26932, Y0: 0.0782394

Epoch:600
In training set, loss: 6.20401, Y0: 0.0723615

Epoch:700
In training set, loss: 6.1677, Y0: 0.0687942

Epoch:800
In training set, loss: 6.14226, Y0: 0.0666287

Epoch:900
In training set, loss: 6.12101, Y0: 0.0653142

Epoch:1000
In training set, loss: 6.10147, Y0: 0.0645169

Epoch:1100
In training set, loss: 6.08275, Y0: 0.0640336

Epoch:1200
In training set, loss: 6.06449, Y0: 0.0637414

Epoch:1300
In training set, loss: 6.04657, Y0: 0.063565

Epoch:1400
In training set, loss: 6.02895, Y0: 0.0634592

Epoch:1500
In training set, loss: 6.01159, Y0: 0.0633964

Epoch:1600
In training set, loss: 5.99449, Y0: 0.0633595

Epoch:1700
In training set, loss: 5.97765, Y0: 0.0633385

Epoch:1800
In training set, loss: 5.96105, Y0: 0.0633271

Epoch:1900
In training set, loss: 5.9447, Y0: 0.0633213

Epoch:2000
In training set, loss: 5.92859, Y0: 0.0633195

Epoch:2100
In training set, loss: 5.91271, Y0: 0.0633195

Epoch:2200
In training set, loss: 5.89707, Y0: 0.0633202

Epoch:2300
In training set, loss: 5.88165, Y0: 0.0633221

Epoch:2400
In training set, loss: 5.86646, Y0: 0.0633245

Epoch:2500
In training set, loss: 5.8515, Y0: 0.0633271

Epoch:2600
In training set, loss: 5.83675, Y0: 0.0633298

Epoch:2700
In training set, loss: 5.82221, Y0: 0.0633325

Epoch:2800
In training set, loss: 5.80789, Y0: 0.0633353

Epoch:2900
In training set, loss: 5.79377, Y0: 0.0633381

Epoch:3000
In training set, loss: 5.77986, Y0: 0.0633408

Epoch:3100
In training set, loss: 5.76615, Y0: 0.0633436

Epoch:3200
In training set, loss: 5.75264, Y0: 0.0633463

Epoch:3300
In training set, loss: 5.73932, Y0: 0.063349

Epoch:3400
In training set, loss: 5.72619, Y0: 0.0633517

Epoch:3500
In training set, loss: 5.71326, Y0: 0.0633542

Epoch:3600
In training set, loss: 5.70051, Y0: 0.0633566

Epoch:3700
In training set, loss: 5.68794, Y0: 0.0633591

Epoch:3800
In training set, loss: 5.67555, Y0: 0.0633615

Epoch:3900
In training set, loss: 5.66334, Y0: 0.0633639

Epoch:4000
In training set, loss: 5.65131, Y0: 0.0633662



###############################################################################
TCHPC Cluster: kelvin
Job 22430 (BSDE_job_4_procs) for User 'zuoy' in Account 'hpc_21_01207'
Finished at: Sun Nov 21 05:41:20 GMT 2021

Job efficiency estimates:
=========================

Job ID: 22430
Cluster: kelvin
User/Group: zuoy/zuoy
State: COMPLETED (exit code 0)
Nodes: 6
Cores per node: 12
CPU Utilized: 02:27:03
CPU Efficiency: 15.07% of 16:15:36 core-walltime
Job Wall-clock time: 00:13:33
Memory Utilized: 587.83 MB
Memory Efficiency: 0.43% of 134.77 GB

Job completion status:
======================

       JobID    JobName AllocCPUS NTasks NNodes     MaxRSS    MaxRSSNode  MaxDiskRead MaxDiskWrite    Elapsed      State ExitCode 
------------ ---------- --------- ------ ------ ---------- ------------- ------------ ------------ ---------- ---------- -------- 
22430        BSDE_job_+        72             6                                                      00:13:33  COMPLETED      0:0 
22430.batch       batch        12      1      1    601936K   kelvin-n001        0.86M        0.01M   00:13:33  COMPLETED      0:0 
22430.0           orted        60      5      5                                                      00:13:31  COMPLETED      0:0 


Job details:
============

JobId=22430 JobName=BSDE_job_4_procs
   UserId=zuoy(1582) GroupId=zuoy(1252) MCS_label=N/A
   Priority=11060357 Nice=0 Account=hpc_21_01207 QOS=normal
   JobState=COMPLETING Reason=None Dependency=(null)
   Requeue=0 Restarts=0 BatchFlag=1 Reboot=0 ExitCode=0:0
   DerivedExitCode=0:0
   RunTime=00:13:33 TimeLimit=23:00:00 TimeMin=N/A
   SubmitTime=2021-11-21T03:11:17 EligibleTime=2021-11-21T03:11:17
   AccrueTime=2021-11-21T03:11:17
   StartTime=2021-11-21T05:27:47 EndTime=2021-11-21T05:41:20 Deadline=N/A
   SuspendTime=None SecsPreSuspend=0 LastSchedEval=2021-11-21T05:27:47
   Partition=compute AllocNode:Sid=kelvin01:16943
   ReqNodeList=(null) ExcNodeList=(null)
   NodeList=kelvin-n[008-009,013-014,020]
   BatchHost=kelvin-n001
   NumNodes=5 NumCPUs=72 NumTasks=64 CPUs/Task=1 ReqB:S:C:T=0:0:*:*
   TRES=cpu=72,mem=138000M,node=6,billing=72
   Socks/Node=* NtasksPerN:B:S:C=0:0:*:* CoreSpec=*
   JOB_GRES=(null)
     Nodes=kelvin-n[001,008-009,013-014,020] CPU_IDs=0-11 Mem=23000 GRES=
   MinCPUsNode=1 MinMemoryNode=23000M MinTmpDiskNode=0
   Features=(null) DelayBoot=00:00:00
   OverSubscribe=NO Contiguous=0 Licenses=(null) Network=(null)
   Command=/home/users/mschpc/2019/zuoy/HPC/NeuralNetwork/parallel/scripts/script_AllenCahn_d200_b1_n64.sh
   WorkDir=/home/users/mschpc/2019/zuoy/HPC/NeuralNetwork/parallel
   StdErr=/home/users/mschpc/2019/zuoy/HPC/NeuralNetwork/parallel/output/slurm-22430.out
   StdIn=/dev/null
   StdOut=/home/users/mschpc/2019/zuoy/HPC/NeuralNetwork/parallel/output/slurm-22430.out
   Power=
   NtasksPerTRES:0


Disk quota details:
===================

Quota Type           Name  Filesystem     Usage in MB     Limit in MB    % Used
-------------------------------------------------------------------------------
USER                 zuoy       /home             119          51,200     0.23%

GROUP              mschpc   /projects             999          51,200     1.95%
GROUP          pi-dgolden   /projects               0          51,200     0.00%


SLURM Bank Statement:
=====================

User           Usage |        Account     Usage | Account Limit Available (CPU hrs)
---------- --------- + -------------- --------- + ------------- ---------
zuoy          16,332 |   HPC_21_01207    16,332 |       100,000    83,668


Acknowledgements:
=================

Note that usage of TCHPC Resources *must* be acknowledged in all publications.

Please see this page for details relevant to this cluster:

http://www.tchpc.tcd.ie/resources/acknowledgementpolicy

################################################################################
