Parallel Mode: Master-Slave
Dimension: 100
Total time: 1
Number of time intervals: 40
Learning rate: 0.01
y_init_range: 40, 50
Number of neurons in each hidden layer of each subnet: 110, 110, 
Epochs: 1000
Batch size: 64
Sample size: 256
Logging frequency: 100
Model name: pricing_default_risk_parallel_
Number of processors: 4


Training:
Epoch:100
In training set, loss: 3555.1, Y0: 56.3069

Epoch:200
In training set, loss: 3288.36, Y0: 56.7134

Epoch:300
In training set, loss: 3085.61, Y0: 56.7321

Epoch:400
In training set, loss: 2916.49, Y0: 56.739

Epoch:500
In training set, loss: 2773.92, Y0: 56.7435

Epoch:600
In training set, loss: 2651.62, Y0: 56.7473

Epoch:700
In training set, loss: 2544.96, Y0: 56.75

Epoch:800
In training set, loss: 2451.28, Y0: 56.7515

Epoch:900
In training set, loss: 2367.62, Y0: 56.7523

Epoch:1000
In training set, loss: 2292.18, Y0: 56.7524



###############################################################################
TCHPC Cluster: kelvin
Job 23646 (BSDE_job_4_procs) for User 'zuoy' in Account 'hpc_21_01207'
Finished at: Wed Nov 24 21:23:35 GMT 2021

Job efficiency estimates:
=========================

Job ID: 23646
Cluster: kelvin
User/Group: zuoy/zuoy
State: COMPLETED (exit code 0)
Nodes: 1
Cores per node: 12
CPU Utilized: 00:34:45
CPU Efficiency: 33.29% of 01:44:24 core-walltime
Job Wall-clock time: 00:08:42
Memory Utilized: 206.95 MB
Memory Efficiency: 0.90% of 22.46 GB

Job completion status:
======================

       JobID    JobName AllocCPUS NTasks NNodes     MaxRSS    MaxRSSNode  MaxDiskRead MaxDiskWrite    Elapsed      State ExitCode 
------------ ---------- --------- ------ ------ ---------- ------------- ------------ ------------ ---------- ---------- -------- 
23646        BSDE_job_+        12             1                                                      00:08:42  COMPLETED      0:0 
23646.batch       batch        12      1      1    211920K   kelvin-n024        0.86M        0.01M   00:08:42  COMPLETED      0:0 


Job details:
============

JobId=23646 JobName=BSDE_job_4_procs
   UserId=zuoy(1582) GroupId=zuoy(1252) MCS_label=N/A
   Priority=10835331 Nice=0 Account=hpc_21_01207 QOS=normal
   JobState=COMPLETING Reason=None Dependency=(null)
   Requeue=0 Restarts=0 BatchFlag=1 Reboot=0 ExitCode=0:0
   DerivedExitCode=0:0
   RunTime=00:08:42 TimeLimit=23:00:00 TimeMin=N/A
   SubmitTime=2021-11-24T09:50:05 EligibleTime=2021-11-24T09:50:05
   AccrueTime=2021-11-24T09:50:05
   StartTime=2021-11-24T21:14:53 EndTime=2021-11-24T21:23:35 Deadline=N/A
   SuspendTime=None SecsPreSuspend=0 LastSchedEval=2021-11-24T21:14:53
   Partition=compute AllocNode:Sid=kelvin01:18898
   ReqNodeList=(null) ExcNodeList=(null)
   NodeList=
   BatchHost=kelvin-n024
   NumNodes=1 NumCPUs=12 NumTasks=4 CPUs/Task=1 ReqB:S:C:T=0:0:*:*
   TRES=cpu=12,mem=23000M,node=1,billing=12
   Socks/Node=* NtasksPerN:B:S:C=0:0:*:* CoreSpec=*
   JOB_GRES=(null)
     Nodes=kelvin-n024 CPU_IDs=0-11 Mem=23000 GRES=
   MinCPUsNode=1 MinMemoryNode=23000M MinTmpDiskNode=0
   Features=(null) DelayBoot=00:00:00
   OverSubscribe=NO Contiguous=0 Licenses=(null) Network=(null)
   Command=/home/users/mschpc/2019/zuoy/HPC/NeuralNetwork/parallel/scripts/script_PricingDefaultRisk_d100_b64_n4.sh
   WorkDir=/home/users/mschpc/2019/zuoy/HPC/NeuralNetwork/parallel
   StdErr=/home/users/mschpc/2019/zuoy/HPC/NeuralNetwork/parallel/output/slurm-23646.out
   StdIn=/dev/null
   StdOut=/home/users/mschpc/2019/zuoy/HPC/NeuralNetwork/parallel/output/slurm-23646.out
   Power=
   NtasksPerTRES:0


Disk quota details:
===================

Quota Type           Name  Filesystem     Usage in MB     Limit in MB    % Used
-------------------------------------------------------------------------------
USER                 zuoy       /home             140          51,200     0.27%

GROUP              mschpc   /projects             999          51,200     1.95%
GROUP          pi-dgolden   /projects               0          51,200     0.00%


SLURM Bank Statement:
=====================

User           Usage |        Account     Usage | Account Limit Available (CPU hrs)
---------- --------- + -------------- --------- + ------------- ---------
zuoy          28,592 |   HPC_21_01207    28,592 |       100,000    71,408


Acknowledgements:
=================

Note that usage of TCHPC Resources *must* be acknowledged in all publications.

Please see this page for details relevant to this cluster:

http://www.tchpc.tcd.ie/resources/acknowledgementpolicy

################################################################################
