Parallel Mode: Ring-Allreduce
Dimension: 100
Total time: 1
Number of time intervals: 40
Learning rate: 0.01
y_init_range: 40, 50
Number of neurons in each hidden layer of each subnet: 110, 110, 
Epochs: 1000
Batch size: 64
Sample size: 256
Logging frequency: 100
Model name: pricing_default_risk_parallel_
Number of processors: 4


Training:
Epoch:100
In training set, loss: 3668.84, Y0: 56.3759

Epoch:200
In training set, loss: 3367.56, Y0: 56.8151

Epoch:300
In training set, loss: 3138.37, Y0: 56.8638

Epoch:400
In training set, loss: 2948.48, Y0: 56.8976

Epoch:500
In training set, loss: 2788.41, Y0: 56.9267

Epoch:600
In training set, loss: 2651.64, Y0: 56.9518

Epoch:700
In training set, loss: 2532.59, Y0: 56.9741

Epoch:800
In training set, loss: 2427.77, Y0: 56.9942

Epoch:900
In training set, loss: 2334.71, Y0: 57.0115

Epoch:1000
In training set, loss: 2251.2, Y0: 57.0267



###############################################################################
TCHPC Cluster: kelvin
Job 23937 (BSDE_job_4_procs) for User 'zuoy' in Account 'hpc_21_01207'
Finished at: Thu Nov 25 12:14:25 GMT 2021

Job efficiency estimates:
=========================

Job ID: 23937
Cluster: kelvin
User/Group: zuoy/zuoy
State: COMPLETED (exit code 0)
Nodes: 1
Cores per node: 12
CPU Utilized: 00:34:45
CPU Efficiency: 33.22% of 01:44:36 core-walltime
Job Wall-clock time: 00:08:43
Memory Utilized: 208.75 MB
Memory Efficiency: 0.91% of 22.46 GB

Job completion status:
======================

       JobID    JobName AllocCPUS NTasks NNodes     MaxRSS    MaxRSSNode  MaxDiskRead MaxDiskWrite    Elapsed      State ExitCode 
------------ ---------- --------- ------ ------ ---------- ------------- ------------ ------------ ---------- ---------- -------- 
23937        BSDE_job_+        12             1                                                      00:08:43  COMPLETED      0:0 
23937.batch       batch        12      1      1    213760K   kelvin-n019        0.86M        0.01M   00:08:43  COMPLETED      0:0 


Job details:
============

JobId=23937 JobName=BSDE_job_4_procs
   UserId=zuoy(1582) GroupId=zuoy(1252) MCS_label=N/A
   Priority=10548385 Nice=0 Account=hpc_21_01207 QOS=normal
   JobState=COMPLETING Reason=None Dependency=(null)
   Requeue=0 Restarts=0 BatchFlag=1 Reboot=0 ExitCode=0:0
   DerivedExitCode=0:0
   RunTime=00:08:43 TimeLimit=23:00:00 TimeMin=N/A
   SubmitTime=2021-11-25T10:18:34 EligibleTime=2021-11-25T10:18:34
   AccrueTime=2021-11-25T10:18:34
   StartTime=2021-11-25T12:05:42 EndTime=2021-11-25T12:14:25 Deadline=N/A
   SuspendTime=None SecsPreSuspend=0 LastSchedEval=2021-11-25T12:05:42
   Partition=compute AllocNode:Sid=kelvin01:29505
   ReqNodeList=(null) ExcNodeList=(null)
   NodeList=
   BatchHost=kelvin-n019
   NumNodes=1 NumCPUs=12 NumTasks=4 CPUs/Task=1 ReqB:S:C:T=0:0:*:*
   TRES=cpu=12,mem=23000M,node=1,billing=12
   Socks/Node=* NtasksPerN:B:S:C=0:0:*:* CoreSpec=*
   JOB_GRES=(null)
     Nodes=kelvin-n019 CPU_IDs=0-11 Mem=23000 GRES=
   MinCPUsNode=1 MinMemoryNode=23000M MinTmpDiskNode=0
   Features=(null) DelayBoot=00:00:00
   OverSubscribe=NO Contiguous=0 Licenses=(null) Network=(null)
   Command=/home/users/mschpc/2019/zuoy/HPC/NeuralNetwork/parallel/scripts/script_PricingDefaultRisk_d100_b64_n4.sh
   WorkDir=/home/users/mschpc/2019/zuoy/HPC/NeuralNetwork/parallel
   StdErr=/home/users/mschpc/2019/zuoy/HPC/NeuralNetwork/parallel/output/slurm-23937.out
   StdIn=/dev/null
   StdOut=/home/users/mschpc/2019/zuoy/HPC/NeuralNetwork/parallel/output/slurm-23937.out
   Power=
   NtasksPerTRES:0


Disk quota details:
===================

Quota Type           Name  Filesystem     Usage in MB     Limit in MB    % Used
-------------------------------------------------------------------------------
USER                 zuoy       /home             145          51,200     0.28%

GROUP              mschpc   /projects             999          51,200     1.95%
GROUP          pi-dgolden   /projects               0          51,200     0.00%


SLURM Bank Statement:
=====================

User           Usage |        Account     Usage | Account Limit Available (CPU hrs)
---------- --------- + -------------- --------- + ------------- ---------
zuoy          28,323 |   HPC_21_01207    28,323 |       100,000    71,677


Acknowledgements:
=================

Note that usage of TCHPC Resources *must* be acknowledged in all publications.

Please see this page for details relevant to this cluster:

http://www.tchpc.tcd.ie/resources/acknowledgementpolicy

################################################################################
