Parallel Mode: Master-Slave
Dimension: 300
Total time: 1
Number of time intervals: 40
Learning rate: 0.01
y_init_range: 40, 50
Number of neurons in each hidden layer of each subnet: 110, 110, 
Epochs: 1000
Batch size: 64
Sample size: 256
Logging frequency: 100
Model name: pricing_default_risk_parallel_
Number of processors: 32


Training:
Epoch:100
In training set, loss: 1965.96, Y0: 51.0397

Epoch:200
In training set, loss: 1622.05, Y0: 51.2701

Epoch:300
In training set, loss: 1379.85, Y0: 51.2869

Epoch:400
In training set, loss: 1200.37, Y0: 51.297

Epoch:500
In training set, loss: 1063.4, Y0: 51.3046

Epoch:600
In training set, loss: 956.193, Y0: 51.3101

Epoch:700
In training set, loss: 870.316, Y0: 51.3137

Epoch:800
In training set, loss: 799.948, Y0: 51.3159

Epoch:900
In training set, loss: 741.196, Y0: 51.3169

Epoch:1000
In training set, loss: 691.325, Y0: 51.3171



###############################################################################
TCHPC Cluster: kelvin
Job 23573 (BSDE_job_4_procs) for User 'zuoy' in Account 'hpc_21_01207'
Finished at: Wed Nov 24 09:28:45 GMT 2021

Job efficiency estimates:
=========================

Job ID: 23573
Cluster: kelvin
User/Group: zuoy/zuoy
State: COMPLETED (exit code 0)
Nodes: 3
Cores per node: 12
CPU Utilized: 01:43:19
CPU Efficiency: 30.21% of 05:42:00 core-walltime
Job Wall-clock time: 00:09:30
Memory Utilized: 984.65 MB
Memory Efficiency: 1.43% of 67.38 GB

Job completion status:
======================

       JobID    JobName AllocCPUS NTasks NNodes     MaxRSS    MaxRSSNode  MaxDiskRead MaxDiskWrite    Elapsed      State ExitCode 
------------ ---------- --------- ------ ------ ---------- ------------- ------------ ------------ ---------- ---------- -------- 
23573        BSDE_job_+        36             3                                                      00:09:30  COMPLETED      0:0 
23573.batch       batch        12      1      1   1008280K   kelvin-n063        0.86M        0.01M   00:09:30  COMPLETED      0:0 
23573.0           orted        24      2      2                                                      00:09:29  COMPLETED      0:0 


Job details:
============

JobId=23573 JobName=BSDE_job_4_procs
   UserId=zuoy(1582) GroupId=zuoy(1252) MCS_label=N/A
   Priority=10975603 Nice=0 Account=hpc_21_01207 QOS=normal
   JobState=COMPLETING Reason=None Dependency=(null)
   Requeue=0 Restarts=0 BatchFlag=1 Reboot=0 ExitCode=0:0
   DerivedExitCode=0:0
   RunTime=00:09:30 TimeLimit=23:00:00 TimeMin=N/A
   SubmitTime=2021-11-23T17:13:40 EligibleTime=2021-11-23T17:13:40
   AccrueTime=2021-11-23T17:13:40
   StartTime=2021-11-24T09:19:15 EndTime=2021-11-24T09:28:45 Deadline=N/A
   SuspendTime=None SecsPreSuspend=0 LastSchedEval=2021-11-24T09:19:15
   Partition=compute AllocNode:Sid=kelvin01:24748
   ReqNodeList=(null) ExcNodeList=(null)
   NodeList=kelvin-n[064-065]
   BatchHost=kelvin-n063
   NumNodes=2 NumCPUs=36 NumTasks=32 CPUs/Task=1 ReqB:S:C:T=0:0:*:*
   TRES=cpu=36,mem=69000M,node=3,billing=36
   Socks/Node=* NtasksPerN:B:S:C=0:0:*:* CoreSpec=*
   JOB_GRES=(null)
     Nodes=kelvin-n[063-065] CPU_IDs=0-11 Mem=23000 GRES=
   MinCPUsNode=1 MinMemoryNode=23000M MinTmpDiskNode=0
   Features=(null) DelayBoot=00:00:00
   OverSubscribe=NO Contiguous=0 Licenses=(null) Network=(null)
   Command=/home/users/mschpc/2019/zuoy/HPC/NeuralNetwork/parallel/scripts/script_PricingDefaultRisk_d300_b64_n32.sh
   WorkDir=/home/users/mschpc/2019/zuoy/HPC/NeuralNetwork/parallel
   StdErr=/home/users/mschpc/2019/zuoy/HPC/NeuralNetwork/parallel/output/slurm-23573.out
   StdIn=/dev/null
   StdOut=/home/users/mschpc/2019/zuoy/HPC/NeuralNetwork/parallel/output/slurm-23573.out
   Power=
   NtasksPerTRES:0


Disk quota details:
===================

Quota Type           Name  Filesystem     Usage in MB     Limit in MB    % Used
-------------------------------------------------------------------------------
USER                 zuoy       /home             141          51,200     0.28%

GROUP              mschpc   /projects             999          51,200     1.95%
GROUP          pi-dgolden   /projects               0          51,200     0.00%


SLURM Bank Statement:
=====================

User           Usage |        Account     Usage | Account Limit Available (CPU hrs)
---------- --------- + -------------- --------- + ------------- ---------
zuoy          29,084 |   HPC_21_01207    29,084 |       100,000    70,916


Acknowledgements:
=================

Note that usage of TCHPC Resources *must* be acknowledged in all publications.

Please see this page for details relevant to this cluster:

http://www.tchpc.tcd.ie/resources/acknowledgementpolicy

################################################################################
