Parallel Mode: Ring-Allreduce
Dimension: 100
Total time: 0.3
Number of time intervals: 20
Learning rate: 0.0005
y_init_range: 0.3, 0.5
Number of neurons in each hidden layer of each subnet: 110, 110, 
Epochs: 4000
Batch size: 64
Sample size: 1024
Logging frequency: 100
Model name: AllenCahn_parallel_
Number of processors: 128


Training:
Epoch:100
In training set, loss: 27.952, Y0: 0.299004

Epoch:200
In training set, loss: 27.7895, Y0: 0.29801

Epoch:300
In training set, loss: 27.6285, Y0: 0.297021

Epoch:400
In training set, loss: 27.469, Y0: 0.296036

Epoch:500
In training set, loss: 27.3109, Y0: 0.295056

Epoch:600
In training set, loss: 27.1543, Y0: 0.294081

Epoch:700
In training set, loss: 26.9991, Y0: 0.29311

Epoch:800
In training set, loss: 26.8454, Y0: 0.292143

Epoch:900
In training set, loss: 26.6934, Y0: 0.291184

Epoch:1000
In training set, loss: 26.543, Y0: 0.290231

Epoch:1100
In training set, loss: 26.3932, Y0: 0.289277

Epoch:1200
In training set, loss: 26.2442, Y0: 0.288324

Epoch:1300
In training set, loss: 26.0958, Y0: 0.28737

Epoch:1400
In training set, loss: 25.9491, Y0: 0.286424

Epoch:1500
In training set, loss: 25.8043, Y0: 0.285485

Epoch:1600
In training set, loss: 25.6608, Y0: 0.284551

Epoch:1700
In training set, loss: 25.5186, Y0: 0.283621

Epoch:1800
In training set, loss: 25.3777, Y0: 0.282695

Epoch:1900
In training set, loss: 25.2381, Y0: 0.281774

Epoch:2000
In training set, loss: 25.0997, Y0: 0.280857

Epoch:2100
In training set, loss: 24.9624, Y0: 0.279943

Epoch:2200
In training set, loss: 24.8264, Y0: 0.279034

Epoch:2300
In training set, loss: 24.6916, Y0: 0.278129

Epoch:2400
In training set, loss: 24.558, Y0: 0.277228

Epoch:2500
In training set, loss: 24.4255, Y0: 0.276331

Epoch:2600
In training set, loss: 24.2944, Y0: 0.275439

Epoch:2700
In training set, loss: 24.1642, Y0: 0.27455

Epoch:2800
In training set, loss: 24.0349, Y0: 0.273663

Epoch:2900
In training set, loss: 23.9069, Y0: 0.272781

Epoch:3000
In training set, loss: 23.78, Y0: 0.271903

Epoch:3100
In training set, loss: 23.6543, Y0: 0.271029

Epoch:3200
In training set, loss: 23.5296, Y0: 0.270158

Epoch:3300
In training set, loss: 23.406, Y0: 0.269292

Epoch:3400
In training set, loss: 23.2837, Y0: 0.268431

Epoch:3500
In training set, loss: 23.1623, Y0: 0.267572

Epoch:3600
In training set, loss: 23.0417, Y0: 0.266715

Epoch:3700
In training set, loss: 22.9222, Y0: 0.265864

Epoch:3800
In training set, loss: 22.8038, Y0: 0.265015

Epoch:3900
In training set, loss: 22.6863, Y0: 0.264171

Epoch:4000
In training set, loss: 22.5701, Y0: 0.263331



###############################################################################
TCHPC Cluster: kelvin
Job 22411 (BSDE_job_4_procs) for User 'zuoy' in Account 'hpc_21_01207'
Finished at: Sun Nov 21 04:10:53 GMT 2021

Job efficiency estimates:
=========================

Job ID: 22411
Cluster: kelvin
User/Group: zuoy/zuoy
State: COMPLETED (exit code 0)
Nodes: 11
Cores per node: 12
CPU Utilized: 03:24:33
CPU Efficiency: 8.93% of 1-14:10:12 core-walltime
Job Wall-clock time: 00:17:21
Memory Utilized: 646.45 MB
Memory Efficiency: 0.26% of 247.07 GB

Job completion status:
======================

       JobID    JobName AllocCPUS NTasks NNodes     MaxRSS    MaxRSSNode  MaxDiskRead MaxDiskWrite    Elapsed      State ExitCode 
------------ ---------- --------- ------ ------ ---------- ------------- ------------ ------------ ---------- ---------- -------- 
22411        BSDE_job_+       132            11                                                      00:17:21  COMPLETED      0:0 
22411.batch       batch        12      1      1    661968K   kelvin-n010        0.86M        0.01M   00:17:21  COMPLETED      0:0 
22411.0           orted       120     10     10                                                      00:17:20  COMPLETED      0:0 


Job details:
============

JobId=22411 JobName=BSDE_job_4_procs
   UserId=zuoy(1582) GroupId=zuoy(1252) MCS_label=N/A
   Priority=11044441 Nice=0 Account=hpc_21_01207 QOS=normal
   JobState=COMPLETING Reason=None Dependency=(null)
   Requeue=0 Restarts=0 BatchFlag=1 Reboot=0 ExitCode=0:0
   DerivedExitCode=0:0
   RunTime=00:17:21 TimeLimit=23:00:00 TimeMin=N/A
   SubmitTime=2021-11-21T02:15:18 EligibleTime=2021-11-21T02:15:18
   AccrueTime=2021-11-21T02:15:18
   StartTime=2021-11-21T03:53:32 EndTime=2021-11-21T04:10:53 Deadline=N/A
   SuspendTime=None SecsPreSuspend=0 LastSchedEval=2021-11-21T03:53:32
   Partition=compute AllocNode:Sid=kelvin01:32460
   ReqNodeList=(null) ExcNodeList=(null)
   NodeList=kelvin-n[011-013,074-076,079,081,093,096]
   BatchHost=kelvin-n010
   NumNodes=10 NumCPUs=132 NumTasks=128 CPUs/Task=1 ReqB:S:C:T=0:0:*:*
   TRES=cpu=132,mem=253000M,node=11,billing=132
   Socks/Node=* NtasksPerN:B:S:C=0:0:*:* CoreSpec=*
   JOB_GRES=(null)
     Nodes=kelvin-n[010-013,074-076,079,081,093,096] CPU_IDs=0-11 Mem=23000 GRES=
   MinCPUsNode=1 MinMemoryNode=23000M MinTmpDiskNode=0
   Features=(null) DelayBoot=00:00:00
   OverSubscribe=NO Contiguous=0 Licenses=(null) Network=(null)
   Command=/home/users/mschpc/2019/zuoy/HPC/NeuralNetwork/parallel/scripts/script_AllenCahn_d100_b64_n128.sh
   WorkDir=/home/users/mschpc/2019/zuoy/HPC/NeuralNetwork/parallel
   StdErr=/home/users/mschpc/2019/zuoy/HPC/NeuralNetwork/parallel/output/slurm-22411.out
   StdIn=/dev/null
   StdOut=/home/users/mschpc/2019/zuoy/HPC/NeuralNetwork/parallel/output/slurm-22411.out
   Power=
   NtasksPerTRES:0


Disk quota details:
===================

Quota Type           Name  Filesystem     Usage in MB     Limit in MB    % Used
-------------------------------------------------------------------------------
USER                 zuoy       /home             119          51,200     0.23%

GROUP              mschpc   /projects             999          51,200     1.95%
GROUP          pi-dgolden   /projects               0          51,200     0.00%


SLURM Bank Statement:
=====================

User           Usage |        Account     Usage | Account Limit Available (CPU hrs)
---------- --------- + -------------- --------- + ------------- ---------
zuoy          15,891 |   HPC_21_01207    15,891 |       100,000    84,109


Acknowledgements:
=================

Note that usage of TCHPC Resources *must* be acknowledged in all publications.

Please see this page for details relevant to this cluster:

http://www.tchpc.tcd.ie/resources/acknowledgementpolicy

################################################################################
