Parallel Mode: Master-Slave
Dimension: 100
Total time: 1
Number of time intervals: 20
Learning rate: 0.01
y_init_range: 0, 1
Number of neurons in each hidden layer of each subnet: 110, 110, 
Epochs: 1000
Batch size: 64
Sample size: 1024
Logging frequency: 100
Model name: HJBLQ_parallel_
Number of processors: 8


Training:
Epoch:100
In training set, loss: 238.726, Y0: 3.88791

Epoch:200
In training set, loss: 51.9391, Y0: 4.40558

Epoch:300
In training set, loss: 45.4506, Y0: 4.47914

Epoch:400
In training set, loss: 42.7119, Y0: 4.49344

Epoch:500
In training set, loss: 40.5426, Y0: 4.49913

Epoch:600
In training set, loss: 38.7816, Y0: 4.50302

Epoch:700
In training set, loss: 37.3442, Y0: 4.50612

Epoch:800
In training set, loss: 36.1645, Y0: 4.50868

Epoch:900
In training set, loss: 35.1906, Y0: 4.5108

Epoch:1000
In training set, loss: 34.3816, Y0: 4.51259



###############################################################################
TCHPC Cluster: kelvin
Job 22573 (BSDE_job_4_procs) for User 'zuoy' in Account 'hpc_21_01207'
Finished at: Sun Nov 21 13:40:39 GMT 2021

Job efficiency estimates:
=========================

Job ID: 22573
Cluster: kelvin
User/Group: zuoy/zuoy
State: COMPLETED (exit code 0)
Nodes: 1
Cores per node: 12
CPU Utilized: 00:43:35
CPU Efficiency: 66.44% of 01:05:36 core-walltime
Job Wall-clock time: 00:05:28
Memory Utilized: 418.45 MB
Memory Efficiency: 1.82% of 22.46 GB

Job completion status:
======================

       JobID    JobName AllocCPUS NTasks NNodes     MaxRSS    MaxRSSNode  MaxDiskRead MaxDiskWrite    Elapsed      State ExitCode 
------------ ---------- --------- ------ ------ ---------- ------------- ------------ ------------ ---------- ---------- -------- 
22573        BSDE_job_+        12             1                                                      00:05:28  COMPLETED      0:0 
22573.batch       batch        12      1      1    428488K   kelvin-n074        0.86M        0.01M   00:05:28  COMPLETED      0:0 


Job details:
============

JobId=22573 JobName=BSDE_job_4_procs
   UserId=zuoy(1582) GroupId=zuoy(1252) MCS_label=N/A
   Priority=11022114 Nice=0 Account=hpc_21_01207 QOS=normal
   JobState=COMPLETING Reason=None Dependency=(null)
   Requeue=0 Restarts=0 BatchFlag=1 Reboot=0 ExitCode=0:0
   DerivedExitCode=0:0
   RunTime=00:05:28 TimeLimit=23:00:00 TimeMin=N/A
   SubmitTime=2021-11-21T10:39:41 EligibleTime=2021-11-21T10:39:41
   AccrueTime=2021-11-21T10:39:41
   StartTime=2021-11-21T13:35:11 EndTime=2021-11-21T13:40:39 Deadline=N/A
   SuspendTime=None SecsPreSuspend=0 LastSchedEval=2021-11-21T13:35:11
   Partition=compute AllocNode:Sid=kelvin01:12117
   ReqNodeList=(null) ExcNodeList=(null)
   NodeList=
   BatchHost=kelvin-n074
   NumNodes=1 NumCPUs=12 NumTasks=8 CPUs/Task=1 ReqB:S:C:T=0:0:*:*
   TRES=cpu=12,mem=23000M,node=1,billing=12
   Socks/Node=* NtasksPerN:B:S:C=0:0:*:* CoreSpec=*
   JOB_GRES=(null)
     Nodes=kelvin-n074 CPU_IDs=0-11 Mem=23000 GRES=
   MinCPUsNode=1 MinMemoryNode=23000M MinTmpDiskNode=0
   Features=(null) DelayBoot=00:00:00
   OverSubscribe=NO Contiguous=0 Licenses=(null) Network=(null)
   Command=/home/users/mschpc/2019/zuoy/HPC/NeuralNetwork/parallel/scripts/script_HJBLQ_d100_b64_n8.sh
   WorkDir=/home/users/mschpc/2019/zuoy/HPC/NeuralNetwork/parallel
   StdErr=/home/users/mschpc/2019/zuoy/HPC/NeuralNetwork/parallel/output/slurm-22573.out
   StdIn=/dev/null
   StdOut=/home/users/mschpc/2019/zuoy/HPC/NeuralNetwork/parallel/output/slurm-22573.out
   Power=
   NtasksPerTRES:0


Disk quota details:
===================

Quota Type           Name  Filesystem     Usage in MB     Limit in MB    % Used
-------------------------------------------------------------------------------
USER                 zuoy       /home             124          51,200     0.24%

GROUP              mschpc   /projects             999          51,200     1.95%
GROUP          pi-dgolden   /projects               0          51,200     0.00%


SLURM Bank Statement:
=====================

User           Usage |        Account     Usage | Account Limit Available (CPU hrs)
---------- --------- + -------------- --------- + ------------- ---------
zuoy          18,392 |   HPC_21_01207    18,392 |       100,000    81,608


Acknowledgements:
=================

Note that usage of TCHPC Resources *must* be acknowledged in all publications.

Please see this page for details relevant to this cluster:

http://www.tchpc.tcd.ie/resources/acknowledgementpolicy

################################################################################
