Parallel Mode: Ring-Allreduce
Dimension: 500
Total time: 1
Number of time intervals: 40
Learning rate: 0.01
y_init_range: 40, 50
Number of neurons in each hidden layer of each subnet: 110, 110, 
Epochs: 1000
Batch size: 1
Sample size: 256
Logging frequency: 100
Model name: pricing_default_risk_parallel_
Number of processors: 16


Training:
Epoch:100
In training set, loss: 665.334, Y0: 50.1524

Epoch:200
In training set, loss: 360.554, Y0: 50.2904

Epoch:300
In training set, loss: 228.038, Y0: 50.3826

Epoch:400
In training set, loss: 155.249, Y0: 50.4511

Epoch:500
In training set, loss: 110.566, Y0: 50.504

Epoch:600
In training set, loss: 81.2463, Y0: 50.5457

Epoch:700
In training set, loss: 61.0745, Y0: 50.5789

Epoch:800
In training set, loss: 46.7243, Y0: 50.6056

Epoch:900
In training set, loss: 36.2272, Y0: 50.6275

Epoch:1000
In training set, loss: 28.3909, Y0: 50.6455



###############################################################################
TCHPC Cluster: kelvin
Job 21855 (BSDE_job_4_procs) for User 'zuoy' in Account 'hpc_21_01207'
Finished at: Sat Nov 20 03:58:51 GMT 2021

Job efficiency estimates:
=========================

Job ID: 21855
Cluster: kelvin
User/Group: zuoy/zuoy
State: COMPLETED (exit code 0)
Nodes: 2
Cores per node: 12
CPU Utilized: 01:52:14
CPU Efficiency: 32.86% of 05:41:36 core-walltime
Job Wall-clock time: 00:14:14
Memory Utilized: 995.87 MB
Memory Efficiency: 2.16% of 44.92 GB

Job completion status:
======================

       JobID    JobName AllocCPUS NTasks NNodes     MaxRSS    MaxRSSNode  MaxDiskRead MaxDiskWrite    Elapsed      State ExitCode 
------------ ---------- --------- ------ ------ ---------- ------------- ------------ ------------ ---------- ---------- -------- 
21855        BSDE_job_+        24             2                                                      00:14:14  COMPLETED      0:0 
21855.batch       batch        12      1      1   1019768K   kelvin-n056        0.87M        0.01M   00:14:14  COMPLETED      0:0 
21855.0           orted        12      1      1                                                      00:14:13  COMPLETED      0:0 


Job details:
============

JobId=21855 JobName=BSDE_job_4_procs
   UserId=zuoy(1582) GroupId=zuoy(1252) MCS_label=N/A
   Priority=11149027 Nice=0 Account=hpc_21_01207 QOS=normal
   JobState=COMPLETING Reason=None Dependency=(null)
   Requeue=0 Restarts=0 BatchFlag=1 Reboot=0 ExitCode=0:0
   DerivedExitCode=0:0
   RunTime=00:14:14 TimeLimit=23:00:00 TimeMin=N/A
   SubmitTime=2021-11-20T00:15:33 EligibleTime=2021-11-20T00:15:33
   AccrueTime=2021-11-20T00:15:33
   StartTime=2021-11-20T03:44:37 EndTime=2021-11-20T03:58:51 Deadline=N/A
   SuspendTime=None SecsPreSuspend=0 LastSchedEval=2021-11-20T03:44:37
   Partition=compute AllocNode:Sid=kelvin01:23080
   ReqNodeList=(null) ExcNodeList=(null)
   NodeList=kelvin-n061
   BatchHost=kelvin-n056
   NumNodes=1 NumCPUs=24 NumTasks=16 CPUs/Task=1 ReqB:S:C:T=0:0:*:*
   TRES=cpu=24,mem=46000M,node=2,billing=24
   Socks/Node=* NtasksPerN:B:S:C=0:0:*:* CoreSpec=*
   JOB_GRES=(null)
     Nodes=kelvin-n[056,061] CPU_IDs=0-11 Mem=23000 GRES=
   MinCPUsNode=1 MinMemoryNode=23000M MinTmpDiskNode=0
   Features=(null) DelayBoot=00:00:00
   OverSubscribe=NO Contiguous=0 Licenses=(null) Network=(null)
   Command=/home/users/mschpc/2019/zuoy/HPC/NeuralNetwork/parallel/scripts/script_PricingDefaultRisk_d500_b1_n16.sh
   WorkDir=/home/users/mschpc/2019/zuoy/HPC/NeuralNetwork/parallel
   StdErr=/home/users/mschpc/2019/zuoy/HPC/NeuralNetwork/parallel/output/slurm-21855.out
   StdIn=/dev/null
   StdOut=/home/users/mschpc/2019/zuoy/HPC/NeuralNetwork/parallel/output/slurm-21855.out
   Power=
   NtasksPerTRES:0


Disk quota details:
===================

Quota Type           Name  Filesystem     Usage in MB     Limit in MB    % Used
-------------------------------------------------------------------------------
USER                 zuoy       /home             111          51,200     0.22%

GROUP              mschpc   /projects             999          51,200     1.95%
GROUP          pi-dgolden   /projects               0          51,200     0.00%


SLURM Bank Statement:
=====================

User           Usage |        Account     Usage | Account Limit Available (CPU hrs)
---------- --------- + -------------- --------- + ------------- ---------
zuoy          11,899 |   HPC_21_01207    11,899 |       100,000    88,101


Acknowledgements:
=================

Note that usage of TCHPC Resources *must* be acknowledged in all publications.

Please see this page for details relevant to this cluster:

http://www.tchpc.tcd.ie/resources/acknowledgementpolicy

################################################################################
