Parallel Mode: Master-Slave
Dimension: 500
Total time: 1
Number of time intervals: 40
Learning rate: 0.01
y_init_range: 40, 50
Number of neurons in each hidden layer of each subnet: 110, 110, 
Epochs: 1000
Batch size: 1
Sample size: 256
Logging frequency: 100
Model name: pricing_default_risk_parallel_
Number of processors: 64


Training:
Epoch:100
In training set, loss: 1365.26, Y0: 49.3208

Epoch:200
In training set, loss: 983.297, Y0: 49.5543

Epoch:300
In training set, loss: 745.029, Y0: 49.6317

Epoch:400
In training set, loss: 587.601, Y0: 49.694

Epoch:500
In training set, loss: 478.291, Y0: 49.7458

Epoch:600
In training set, loss: 398.964, Y0: 49.7892

Epoch:700
In training set, loss: 339.161, Y0: 49.8262

slurmstepd: error: *** JOB 23088 ON kelvin-n049 CANCELLED AT 2021-11-22T13:29:23 ***


###############################################################################
TCHPC Cluster: kelvin
Job 23088 (BSDE_job_4_procs) for User 'zuoy' in Account 'hpc_21_01207'
Finished at: Mon Nov 22 13:29:23 GMT 2021

Job efficiency estimates:
=========================

Job ID: 23088
Cluster: kelvin
User/Group: zuoy/zuoy
State: CANCELLED (exit code 0)
Nodes: 6
Cores per node: 12
CPU Utilized: 00:00:00
CPU Efficiency: 0.00% of 19:22:48 core-walltime
Job Wall-clock time: 00:16:09
Memory Utilized: 0.00 MB (estimated maximum)
Memory Efficiency: 0.00% of 134.77 GB (22.46 GB/node)

Job completion status:
======================

       JobID    JobName AllocCPUS NTasks NNodes     MaxRSS    MaxRSSNode  MaxDiskRead MaxDiskWrite    Elapsed      State ExitCode 
------------ ---------- --------- ------ ------ ---------- ------------- ------------ ------------ ---------- ---------- -------- 
23088        BSDE_job_+        72             6                                                      00:16:09 CANCELLED+      0:0 
23088.batch       batch        12      1      1                                                      00:16:09  CANCELLED      0:0 
23088.0           orted        60      5      5                                                      00:16:07  CANCELLED      0:0 


Job details:
============

JobId=23088 JobName=BSDE_job_4_procs
   UserId=zuoy(1582) GroupId=zuoy(1252) MCS_label=N/A
   Priority=10553227 Nice=0 Account=hpc_21_01207 QOS=normal
   JobState=COMPLETING Reason=None Dependency=(null)
   Requeue=0 Restarts=0 BatchFlag=1 Reboot=0 ExitCode=0:0
   DerivedExitCode=0:0
   RunTime=00:16:09 TimeLimit=23:00:00 TimeMin=N/A
   SubmitTime=2021-11-22T11:22:44 EligibleTime=2021-11-22T11:22:44
   AccrueTime=2021-11-22T11:22:44
   StartTime=2021-11-22T13:13:14 EndTime=2021-11-22T13:29:23 Deadline=N/A
   SuspendTime=None SecsPreSuspend=0 LastSchedEval=2021-11-22T13:13:14
   Partition=compute AllocNode:Sid=kelvin01:10133
   ReqNodeList=(null) ExcNodeList=(null)
   NodeList=kelvin-n[049,052,055,057-058,062]
   BatchHost=kelvin-n049
   NumNodes=6 NumCPUs=72 NumTasks=64 CPUs/Task=1 ReqB:S:C:T=0:0:*:*
   TRES=cpu=72,mem=138000M,node=6,billing=72
   Socks/Node=* NtasksPerN:B:S:C=0:0:*:* CoreSpec=*
   JOB_GRES=(null)
     Nodes=kelvin-n[049,052,055,057-058,062] CPU_IDs=0-11 Mem=23000 GRES=
   MinCPUsNode=1 MinMemoryNode=23000M MinTmpDiskNode=0
   Features=(null) DelayBoot=00:00:00
   OverSubscribe=NO Contiguous=0 Licenses=(null) Network=(null)
   Command=/home/users/mschpc/2019/zuoy/HPC/NeuralNetwork/parallel/scripts/script_PricingDefaultRisk_d500_b1_n64.sh
   WorkDir=/home/users/mschpc/2019/zuoy/HPC/NeuralNetwork/parallel
   StdErr=/home/users/mschpc/2019/zuoy/HPC/NeuralNetwork/parallel/output/slurm-23088.out
   StdIn=/dev/null
   StdOut=/home/users/mschpc/2019/zuoy/HPC/NeuralNetwork/parallel/output/slurm-23088.out
   Power=
   NtasksPerTRES:0


Disk quota details:
===================

Quota Type           Name  Filesystem     Usage in MB     Limit in MB    % Used
-------------------------------------------------------------------------------
USER                 zuoy       /home             133          51,200     0.26%

GROUP              mschpc   /projects             999          51,200     1.95%
GROUP          pi-dgolden   /projects               0          51,200     0.00%


SLURM Bank Statement:
=====================

User           Usage |        Account     Usage | Account Limit Available (CPU hrs)
---------- --------- + -------------- --------- + ------------- ---------
zuoy          28,201 |   HPC_21_01207    28,201 |       100,000    71,799


Acknowledgements:
=================

Note that usage of TCHPC Resources *must* be acknowledged in all publications.

Please see this page for details relevant to this cluster:

http://www.tchpc.tcd.ie/resources/acknowledgementpolicy

################################################################################
