Parallel Mode: Master-Slave
Dimension: 200
Total time: 1
Number of time intervals: 40
Learning rate: 0.01
y_init_range: 40, 50
Number of neurons in each hidden layer of each subnet: 110, 110, 
Epochs: 1000
Batch size: 1
Sample size: 256
Logging frequency: 100
Model name: pricing_default_risk_parallel_
Number of processors: 16


Training:
Epoch:100
In training set, loss: 1848.93, Y0: 53.5645

Epoch:200
In training set, loss: 1416.07, Y0: 53.7299

Epoch:300
In training set, loss: 1193.43, Y0: 53.8391

Epoch:400
In training set, loss: 1052.54, Y0: 53.9158

Epoch:500
In training set, loss: 950.834, Y0: 53.9733

Epoch:600
In training set, loss: 871.849, Y0: 54.018

Epoch:700
In training set, loss: 807.395, Y0: 54.0539

Epoch:800
In training set, loss: 752.631, Y0: 54.0834

Epoch:900
In training set, loss: 705.415, Y0: 54.1082

Epoch:1000
In training set, loss: 663.944, Y0: 54.1294



###############################################################################
TCHPC Cluster: kelvin
Job 23045 (BSDE_job_4_procs) for User 'zuoy' in Account 'hpc_21_01207'
Finished at: Mon Nov 22 10:06:07 GMT 2021

Job efficiency estimates:
=========================

Job ID: 23045
Cluster: kelvin
User/Group: zuoy/zuoy
State: COMPLETED (exit code 0)
Nodes: 2
Cores per node: 12
CPU Utilized: 01:05:42
CPU Efficiency: 32.98% of 03:19:12 core-walltime
Job Wall-clock time: 00:08:18
Memory Utilized: 572.41 MB
Memory Efficiency: 1.24% of 44.92 GB

Job completion status:
======================

       JobID    JobName AllocCPUS NTasks NNodes     MaxRSS    MaxRSSNode  MaxDiskRead MaxDiskWrite    Elapsed      State ExitCode 
------------ ---------- --------- ------ ------ ---------- ------------- ------------ ------------ ---------- ---------- -------- 
23045        BSDE_job_+        24             2                                                      00:08:18  COMPLETED      0:0 
23045.batch       batch        12      1      1    586144K   kelvin-n058        0.86M        0.01M   00:08:18  COMPLETED      0:0 
23045.0           orted        12      1      1                                                      00:08:16  COMPLETED      0:0 


Job details:
============

JobId=23045 JobName=BSDE_job_4_procs
   UserId=zuoy(1582) GroupId=zuoy(1252) MCS_label=N/A
   Priority=10495878 Nice=0 Account=hpc_21_01207 QOS=normal
   JobState=COMPLETING Reason=None Dependency=(null)
   Requeue=0 Restarts=0 BatchFlag=1 Reboot=0 ExitCode=0:0
   DerivedExitCode=0:0
   RunTime=00:08:18 TimeLimit=23:00:00 TimeMin=N/A
   SubmitTime=2021-11-22T09:57:49 EligibleTime=2021-11-22T09:57:49
   AccrueTime=2021-11-22T09:57:49
   StartTime=2021-11-22T09:57:49 EndTime=2021-11-22T10:06:07 Deadline=N/A
   SuspendTime=None SecsPreSuspend=0 LastSchedEval=2021-11-22T09:57:49
   Partition=compute AllocNode:Sid=kelvin01:10133
   ReqNodeList=(null) ExcNodeList=(null)
   NodeList=kelvin-n068
   BatchHost=kelvin-n058
   NumNodes=1 NumCPUs=24 NumTasks=16 CPUs/Task=1 ReqB:S:C:T=0:0:*:*
   TRES=cpu=24,mem=46000M,node=2,billing=24
   Socks/Node=* NtasksPerN:B:S:C=0:0:*:* CoreSpec=*
   JOB_GRES=(null)
     Nodes=kelvin-n[058,068] CPU_IDs=0-11 Mem=23000 GRES=
   MinCPUsNode=1 MinMemoryNode=23000M MinTmpDiskNode=0
   Features=(null) DelayBoot=00:00:00
   OverSubscribe=NO Contiguous=0 Licenses=(null) Network=(null)
   Command=/home/users/mschpc/2019/zuoy/HPC/NeuralNetwork/parallel/scripts/script_PricingDefaultRisk_d200_b1_n16.sh
   WorkDir=/home/users/mschpc/2019/zuoy/HPC/NeuralNetwork/parallel
   StdErr=/home/users/mschpc/2019/zuoy/HPC/NeuralNetwork/parallel/output/slurm-23045.out
   StdIn=/dev/null
   StdOut=/home/users/mschpc/2019/zuoy/HPC/NeuralNetwork/parallel/output/slurm-23045.out
   Power=
   NtasksPerTRES:0


Disk quota details:
===================

Quota Type           Name  Filesystem     Usage in MB     Limit in MB    % Used
-------------------------------------------------------------------------------
USER                 zuoy       /home             132          51,200     0.26%

GROUP              mschpc   /projects             999          51,200     1.95%
GROUP          pi-dgolden   /projects               0          51,200     0.00%


SLURM Bank Statement:
=====================

User           Usage |        Account     Usage | Account Limit Available (CPU hrs)
---------- --------- + -------------- --------- + ------------- ---------
zuoy          27,181 |   HPC_21_01207    27,181 |       100,000    72,819


Acknowledgements:
=================

Note that usage of TCHPC Resources *must* be acknowledged in all publications.

Please see this page for details relevant to this cluster:

http://www.tchpc.tcd.ie/resources/acknowledgementpolicy

################################################################################
