Parallel Mode: Master-Slave
Dimension: 300
Total time: 1
Number of time intervals: 20
Learning rate: 0.01
y_init_range: 0, 1
Number of neurons in each hidden layer of each subnet: 110, 110, 
Epochs: 1000
Batch size: 64
Sample size: 1024
Logging frequency: 100
Model name: HJBLQ_parallel_
Number of processors: 8


Training:
Epoch:100
In training set, loss: 336.292, Y0: 4.79311

Epoch:200
In training set, loss: 68.6757, Y0: 5.40578

Epoch:300
In training set, loss: 53.1761, Y0: 5.50314

Epoch:400
In training set, loss: 44.0844, Y0: 5.53433

Epoch:500
In training set, loss: 37.0952, Y0: 5.55426

Epoch:600
In training set, loss: 31.6406, Y0: 5.57025

Epoch:700
In training set, loss: 27.3449, Y0: 5.58369

Epoch:800
In training set, loss: 23.9312, Y0: 5.59514

Epoch:900
In training set, loss: 21.194, Y0: 5.60498

Epoch:1000
In training set, loss: 18.9797, Y0: 5.6135



###############################################################################
TCHPC Cluster: kelvin
Job 22575 (BSDE_job_4_procs) for User 'zuoy' in Account 'hpc_21_01207'
Finished at: Sun Nov 21 13:49:58 GMT 2021

Job efficiency estimates:
=========================

Job ID: 22575
Cluster: kelvin
User/Group: zuoy/zuoy
State: COMPLETED (exit code 0)
Nodes: 1
Cores per node: 12
CPU Utilized: 01:46:05
CPU Efficiency: 66.55% of 02:39:24 core-walltime
Job Wall-clock time: 00:13:17
Memory Utilized: 757.93 MB
Memory Efficiency: 3.30% of 22.46 GB

Job completion status:
======================

       JobID    JobName AllocCPUS NTasks NNodes     MaxRSS    MaxRSSNode  MaxDiskRead MaxDiskWrite    Elapsed      State ExitCode 
------------ ---------- --------- ------ ------ ---------- ------------- ------------ ------------ ---------- ---------- -------- 
22575        BSDE_job_+        12             1                                                      00:13:17  COMPLETED      0:0 
22575.batch       batch        12      1      1    776124K   kelvin-n029        0.86M        0.01M   00:13:17  COMPLETED      0:0 


Job details:
============

JobId=22575 JobName=BSDE_job_4_procs
   UserId=zuoy(1582) GroupId=zuoy(1252) MCS_label=N/A
   Priority=11022610 Nice=0 Account=hpc_21_01207 QOS=normal
   JobState=COMPLETING Reason=None Dependency=(null)
   Requeue=0 Restarts=0 BatchFlag=1 Reboot=0 ExitCode=0:0
   DerivedExitCode=0:0
   RunTime=00:13:17 TimeLimit=23:00:00 TimeMin=N/A
   SubmitTime=2021-11-21T10:39:41 EligibleTime=2021-11-21T10:39:41
   AccrueTime=2021-11-21T10:39:41
   StartTime=2021-11-21T13:36:41 EndTime=2021-11-21T13:49:58 Deadline=N/A
   SuspendTime=None SecsPreSuspend=0 LastSchedEval=2021-11-21T13:36:41
   Partition=compute AllocNode:Sid=kelvin01:12117
   ReqNodeList=(null) ExcNodeList=(null)
   NodeList=
   BatchHost=kelvin-n029
   NumNodes=1 NumCPUs=12 NumTasks=8 CPUs/Task=1 ReqB:S:C:T=0:0:*:*
   TRES=cpu=12,mem=23000M,node=1,billing=12
   Socks/Node=* NtasksPerN:B:S:C=0:0:*:* CoreSpec=*
   JOB_GRES=(null)
     Nodes=kelvin-n029 CPU_IDs=0-11 Mem=23000 GRES=
   MinCPUsNode=1 MinMemoryNode=23000M MinTmpDiskNode=0
   Features=(null) DelayBoot=00:00:00
   OverSubscribe=NO Contiguous=0 Licenses=(null) Network=(null)
   Command=/home/users/mschpc/2019/zuoy/HPC/NeuralNetwork/parallel/scripts/script_HJBLQ_d300_b64_n8.sh
   WorkDir=/home/users/mschpc/2019/zuoy/HPC/NeuralNetwork/parallel
   StdErr=/home/users/mschpc/2019/zuoy/HPC/NeuralNetwork/parallel/output/slurm-22575.out
   StdIn=/dev/null
   StdOut=/home/users/mschpc/2019/zuoy/HPC/NeuralNetwork/parallel/output/slurm-22575.out
   Power=
   NtasksPerTRES:0


Disk quota details:
===================

Quota Type           Name  Filesystem     Usage in MB     Limit in MB    % Used
-------------------------------------------------------------------------------
USER                 zuoy       /home             123          51,200     0.24%

GROUP              mschpc   /projects             999          51,200     1.95%
GROUP          pi-dgolden   /projects               0          51,200     0.00%


SLURM Bank Statement:
=====================

User           Usage |        Account     Usage | Account Limit Available (CPU hrs)
---------- --------- + -------------- --------- + ------------- ---------
zuoy          18,464 |   HPC_21_01207    18,464 |       100,000    81,536


Acknowledgements:
=================

Note that usage of TCHPC Resources *must* be acknowledged in all publications.

Please see this page for details relevant to this cluster:

http://www.tchpc.tcd.ie/resources/acknowledgementpolicy

################################################################################
