Parallel Mode: Ring-Allreduce
Dimension: 400
Total time: 1
Number of time intervals: 40
Learning rate: 0.01
y_init_range: 40, 50
Number of neurons in each hidden layer of each subnet: 110, 110, 
Epochs: 1000
Batch size: 64
Sample size: 256
Logging frequency: 100
Model name: pricing_default_risk_parallel_
Number of processors: 16


Training:
Epoch:100
In training set, loss: 12175.5, Y0: 42.54

Epoch:200
In training set, loss: 7848.68, Y0: 44.4524

Epoch:300
In training set, loss: 5383.26, Y0: 45.8931

Epoch:400
In training set, loss: 3999.88, Y0: 46.9845

Epoch:500
In training set, loss: 3209.41, Y0: 47.8202

Epoch:600
In training set, loss: 2741.13, Y0: 48.4655

Epoch:700
In training set, loss: 2453.17, Y0: 48.9671

Epoch:800
In training set, loss: 2268.6, Y0: 49.3592

Epoch:900
In training set, loss: 2144.52, Y0: 49.6666

Epoch:1000
In training set, loss: 2056.41, Y0: 49.9083



###############################################################################
TCHPC Cluster: kelvin
Job 22096 (BSDE_job_4_procs) for User 'zuoy' in Account 'hpc_21_01207'
Finished at: Sat Nov 20 16:42:16 GMT 2021

Job efficiency estimates:
=========================

Job ID: 22096
Cluster: kelvin
User/Group: zuoy/zuoy
State: COMPLETED (exit code 0)
Nodes: 2
Cores per node: 12
CPU Utilized: 01:06:01
CPU Efficiency: 33.14% of 03:19:12 core-walltime
Job Wall-clock time: 00:08:18
Memory Utilized: 849.14 MB
Memory Efficiency: 1.85% of 44.92 GB

Job completion status:
======================

       JobID    JobName AllocCPUS NTasks NNodes     MaxRSS    MaxRSSNode  MaxDiskRead MaxDiskWrite    Elapsed      State ExitCode 
------------ ---------- --------- ------ ------ ---------- ------------- ------------ ------------ ---------- ---------- -------- 
22096        BSDE_job_+        24             2                                                      00:08:18  COMPLETED      0:0 
22096.batch       batch        12      1      1    869516K   kelvin-n086        0.86M        0.01M   00:08:18  COMPLETED      0:0 
22096.0           orted        12      1      1                                                      00:08:17  COMPLETED      0:0 


Job details:
============

JobId=22096 JobName=BSDE_job_4_procs
   UserId=zuoy(1582) GroupId=zuoy(1252) MCS_label=N/A
   Priority=11167678 Nice=0 Account=hpc_21_01207 QOS=normal
   JobState=COMPLETING Reason=None Dependency=(null)
   Requeue=0 Restarts=0 BatchFlag=1 Reboot=0 ExitCode=0:0
   DerivedExitCode=0:0
   RunTime=00:08:18 TimeLimit=23:00:00 TimeMin=N/A
   SubmitTime=2021-11-20T12:27:57 EligibleTime=2021-11-20T12:27:57
   AccrueTime=2021-11-20T12:27:57
   StartTime=2021-11-20T16:33:58 EndTime=2021-11-20T16:42:16 Deadline=N/A
   SuspendTime=None SecsPreSuspend=0 LastSchedEval=2021-11-20T16:33:58
   Partition=compute AllocNode:Sid=kelvin01:28782
   ReqNodeList=(null) ExcNodeList=(null)
   NodeList=kelvin-n089
   BatchHost=kelvin-n086
   NumNodes=1 NumCPUs=24 NumTasks=16 CPUs/Task=1 ReqB:S:C:T=0:0:*:*
   TRES=cpu=24,mem=46000M,node=2,billing=24
   Socks/Node=* NtasksPerN:B:S:C=0:0:*:* CoreSpec=*
   JOB_GRES=(null)
     Nodes=kelvin-n[086,089] CPU_IDs=0-11 Mem=23000 GRES=
   MinCPUsNode=1 MinMemoryNode=23000M MinTmpDiskNode=0
   Features=(null) DelayBoot=00:00:00
   OverSubscribe=NO Contiguous=0 Licenses=(null) Network=(null)
   Command=/home/users/mschpc/2019/zuoy/HPC/NeuralNetwork/parallel/scripts/script_PricingDefaultRisk_d400_b64_n16.sh
   WorkDir=/home/users/mschpc/2019/zuoy/HPC/NeuralNetwork/parallel
   StdErr=/home/users/mschpc/2019/zuoy/HPC/NeuralNetwork/parallel/output/slurm-22096.out
   StdIn=/dev/null
   StdOut=/home/users/mschpc/2019/zuoy/HPC/NeuralNetwork/parallel/output/slurm-22096.out
   Power=
   NtasksPerTRES:0


Disk quota details:
===================

Quota Type           Name  Filesystem     Usage in MB     Limit in MB    % Used
-------------------------------------------------------------------------------
USER                 zuoy       /home             114          51,200     0.22%

GROUP              mschpc   /projects             999          51,200     1.95%
GROUP          pi-dgolden   /projects               0          51,200     0.00%


SLURM Bank Statement:
=====================

User           Usage |        Account     Usage | Account Limit Available (CPU hrs)
---------- --------- + -------------- --------- + ------------- ---------
zuoy          13,677 |   HPC_21_01207    13,677 |       100,000    86,323


Acknowledgements:
=================

Note that usage of TCHPC Resources *must* be acknowledged in all publications.

Please see this page for details relevant to this cluster:

http://www.tchpc.tcd.ie/resources/acknowledgementpolicy

################################################################################
