Parallel Mode: Ring-Allreduce
Dimension: 200
Total time: 1
Number of time intervals: 20
Learning rate: 0.01
y_init_range: 0, 1
Number of neurons in each hidden layer of each subnet: 110, 110, 
Epochs: 1000
Batch size: 64
Sample size: 1024
Logging frequency: 100
Model name: HJBLQ_parallel_
Number of processors: 8


Training:
Epoch:100
In training set, loss: 21.3957, Y0: 5.21329

Epoch:200
In training set, loss: 12.7875, Y0: 5.24691

Epoch:300
In training set, loss: 10.7905, Y0: 5.2585

Epoch:400
In training set, loss: 10.1402, Y0: 5.26336

Epoch:500
In training set, loss: 9.85147, Y0: 5.26567

Epoch:600
In training set, loss: 9.6801, Y0: 5.26688

Epoch:700
In training set, loss: 9.55223, Y0: 5.26756

Epoch:800
In training set, loss: 9.44224, Y0: 5.26797

Epoch:900
In training set, loss: 9.3404, Y0: 5.26823

Epoch:1000
In training set, loss: 9.24275, Y0: 5.2684



###############################################################################
TCHPC Cluster: kelvin
Job 23883 (BSDE_job_4_procs) for User 'zuoy' in Account 'hpc_21_01207'
Finished at: Thu Nov 25 11:46:27 GMT 2021

Job efficiency estimates:
=========================

Job ID: 23883
Cluster: kelvin
User/Group: zuoy/zuoy
State: COMPLETED (exit code 0)
Nodes: 1
Cores per node: 12
CPU Utilized: 01:15:27
CPU Efficiency: 66.42% of 01:53:36 core-walltime
Job Wall-clock time: 00:09:28
Memory Utilized: 586.79 MB
Memory Efficiency: 2.55% of 22.46 GB

Job completion status:
======================

       JobID    JobName AllocCPUS NTasks NNodes     MaxRSS    MaxRSSNode  MaxDiskRead MaxDiskWrite    Elapsed      State ExitCode 
------------ ---------- --------- ------ ------ ---------- ------------- ------------ ------------ ---------- ---------- -------- 
23883        BSDE_job_+        12             1                                                      00:09:28  COMPLETED      0:0 
23883.batch       batch        12      1      1    600876K   kelvin-n030        0.86M        0.01M   00:09:28  COMPLETED      0:0 


Job details:
============

JobId=23883 JobName=BSDE_job_4_procs
   UserId=zuoy(1582) GroupId=zuoy(1252) MCS_label=N/A
   Priority=10597864 Nice=0 Account=hpc_21_01207 QOS=normal
   JobState=COMPLETING Reason=None Dependency=(null)
   Requeue=0 Restarts=0 BatchFlag=1 Reboot=0 ExitCode=0:0
   DerivedExitCode=0:0
   RunTime=00:09:28 TimeLimit=23:00:00 TimeMin=N/A
   SubmitTime=2021-11-25T08:10:49 EligibleTime=2021-11-25T08:10:49
   AccrueTime=2021-11-25T08:10:49
   StartTime=2021-11-25T11:36:59 EndTime=2021-11-25T11:46:27 Deadline=N/A
   SuspendTime=None SecsPreSuspend=0 LastSchedEval=2021-11-25T11:36:59
   Partition=compute AllocNode:Sid=kelvin01:3927
   ReqNodeList=(null) ExcNodeList=(null)
   NodeList=
   BatchHost=kelvin-n030
   NumNodes=1 NumCPUs=12 NumTasks=8 CPUs/Task=1 ReqB:S:C:T=0:0:*:*
   TRES=cpu=12,mem=23000M,node=1,billing=12
   Socks/Node=* NtasksPerN:B:S:C=0:0:*:* CoreSpec=*
   JOB_GRES=(null)
     Nodes=kelvin-n030 CPU_IDs=0-11 Mem=23000 GRES=
   MinCPUsNode=1 MinMemoryNode=23000M MinTmpDiskNode=0
   Features=(null) DelayBoot=00:00:00
   OverSubscribe=NO Contiguous=0 Licenses=(null) Network=(null)
   Command=/home/users/mschpc/2019/zuoy/HPC/NeuralNetwork/parallel/scripts/script_HJBLQ_d200_b64_n8.sh
   WorkDir=/home/users/mschpc/2019/zuoy/HPC/NeuralNetwork/parallel
   StdErr=/home/users/mschpc/2019/zuoy/HPC/NeuralNetwork/parallel/output/slurm-23883.out
   StdIn=/dev/null
   StdOut=/home/users/mschpc/2019/zuoy/HPC/NeuralNetwork/parallel/output/slurm-23883.out
   Power=
   NtasksPerTRES:0


Disk quota details:
===================

Quota Type           Name  Filesystem     Usage in MB     Limit in MB    % Used
-------------------------------------------------------------------------------
USER                 zuoy       /home             146          51,200     0.29%

GROUP              mschpc   /projects             999          51,200     1.95%
GROUP          pi-dgolden   /projects               0          51,200     0.00%


SLURM Bank Statement:
=====================

User           Usage |        Account     Usage | Account Limit Available (CPU hrs)
---------- --------- + -------------- --------- + ------------- ---------
zuoy          28,273 |   HPC_21_01207    28,273 |       100,000    71,727


Acknowledgements:
=================

Note that usage of TCHPC Resources *must* be acknowledged in all publications.

Please see this page for details relevant to this cluster:

http://www.tchpc.tcd.ie/resources/acknowledgementpolicy

################################################################################
