Parallel Mode: Master-Slave
Dimension: 200
Total time: 1
Number of time intervals: 20
Learning rate: 0.01
y_init_range: 0, 1
Number of neurons in each hidden layer of each subnet: 110, 110, 
Epochs: 1000
Batch size: 1
Sample size: 1024
Logging frequency: 100
Model name: HJBLQ_parallel_
Number of processors: 16


Training:
Epoch:100
In training set, loss: 11.2384, Y0: 5.26753

Epoch:200
In training set, loss: 10.3264, Y0: 5.2747

Epoch:300
In training set, loss: 9.90887, Y0: 5.27559

Epoch:400
In training set, loss: 9.5298, Y0: 5.27574

Epoch:500
In training set, loss: 9.16811, Y0: 5.27577

Epoch:600
In training set, loss: 8.82164, Y0: 5.27577

Epoch:700
In training set, loss: 8.48958, Y0: 5.27577

Epoch:800
In training set, loss: 8.17126, Y0: 5.27577

Epoch:900
In training set, loss: 7.86608, Y0: 5.27576

Epoch:1000
In training set, loss: 7.57344, Y0: 5.27575



###############################################################################
TCHPC Cluster: kelvin
Job 22559 (BSDE_job_4_procs) for User 'zuoy' in Account 'hpc_21_01207'
Finished at: Sun Nov 21 13:36:43 GMT 2021

Job efficiency estimates:
=========================

Job ID: 22559
Cluster: kelvin
User/Group: zuoy/zuoy
State: COMPLETED (exit code 0)
Nodes: 2
Cores per node: 12
CPU Utilized: 01:23:41
CPU Efficiency: 33.16% of 04:12:24 core-walltime
Job Wall-clock time: 00:10:31
Memory Utilized: 600.27 MB
Memory Efficiency: 1.30% of 44.92 GB

Job completion status:
======================

       JobID    JobName AllocCPUS NTasks NNodes     MaxRSS    MaxRSSNode  MaxDiskRead MaxDiskWrite    Elapsed      State ExitCode 
------------ ---------- --------- ------ ------ ---------- ------------- ------------ ------------ ---------- ---------- -------- 
22559        BSDE_job_+        24             2                                                      00:10:31  COMPLETED      0:0 
22559.batch       batch        12      1      1    614672K   kelvin-n075        0.86M        0.01M   00:10:31  COMPLETED      0:0 
22559.0           orted        12      1      1                                                      00:10:30  COMPLETED      0:0 


Job details:
============

JobId=22559 JobName=BSDE_job_4_procs
   UserId=zuoy(1582) GroupId=zuoy(1252) MCS_label=N/A
   Priority=11018246 Nice=0 Account=hpc_21_01207 QOS=normal
   JobState=COMPLETING Reason=None Dependency=(null)
   Requeue=0 Restarts=0 BatchFlag=1 Reboot=0 ExitCode=0:0
   DerivedExitCode=0:0
   RunTime=00:10:31 TimeLimit=23:00:00 TimeMin=N/A
   SubmitTime=2021-11-21T10:39:40 EligibleTime=2021-11-21T10:39:40
   AccrueTime=2021-11-21T10:39:40
   StartTime=2021-11-21T13:26:11 EndTime=2021-11-21T13:36:42 Deadline=N/A
   SuspendTime=None SecsPreSuspend=0 LastSchedEval=2021-11-21T13:26:11
   Partition=compute AllocNode:Sid=kelvin01:12117
   ReqNodeList=(null) ExcNodeList=(null)
   NodeList=kelvin-n076
   BatchHost=kelvin-n075
   NumNodes=1 NumCPUs=24 NumTasks=16 CPUs/Task=1 ReqB:S:C:T=0:0:*:*
   TRES=cpu=24,mem=46000M,node=2,billing=24
   Socks/Node=* NtasksPerN:B:S:C=0:0:*:* CoreSpec=*
   JOB_GRES=(null)
     Nodes=kelvin-n[075-076] CPU_IDs=0-11 Mem=23000 GRES=
   MinCPUsNode=1 MinMemoryNode=23000M MinTmpDiskNode=0
   Features=(null) DelayBoot=00:00:00
   OverSubscribe=NO Contiguous=0 Licenses=(null) Network=(null)
   Command=/home/users/mschpc/2019/zuoy/HPC/NeuralNetwork/parallel/scripts/script_HJBLQ_d200_b1_n16.sh
   WorkDir=/home/users/mschpc/2019/zuoy/HPC/NeuralNetwork/parallel
   StdErr=/home/users/mschpc/2019/zuoy/HPC/NeuralNetwork/parallel/output/slurm-22559.out
   StdIn=/dev/null
   StdOut=/home/users/mschpc/2019/zuoy/HPC/NeuralNetwork/parallel/output/slurm-22559.out
   Power=
   NtasksPerTRES:0


Disk quota details:
===================

Quota Type           Name  Filesystem     Usage in MB     Limit in MB    % Used
-------------------------------------------------------------------------------
USER                 zuoy       /home             124          51,200     0.24%

GROUP              mschpc   /projects             999          51,200     1.95%
GROUP          pi-dgolden   /projects               0          51,200     0.00%


SLURM Bank Statement:
=====================

User           Usage |        Account     Usage | Account Limit Available (CPU hrs)
---------- --------- + -------------- --------- + ------------- ---------
zuoy          18,365 |   HPC_21_01207    18,365 |       100,000    81,635


Acknowledgements:
=================

Note that usage of TCHPC Resources *must* be acknowledged in all publications.

Please see this page for details relevant to this cluster:

http://www.tchpc.tcd.ie/resources/acknowledgementpolicy

################################################################################
