Parallel Mode: Master-Slave
Dimension: 100
Total time: 0.3
Number of time intervals: 20
Learning rate: 0.0005
y_init_range: 0.3, 0.5
Number of neurons in each hidden layer of each subnet: 110, 110, 
Epochs: 4000
Batch size: 1
Sample size: 1024
Logging frequency: 100
Model name: AllenCahn_parallel_
Number of processors: 4


Training:
Epoch:100
In training set, loss: 7.6397, Y0: 0.049116

Epoch:200
In training set, loss: 7.26516, Y0: 0.0490453

Epoch:300
In training set, loss: 6.96981, Y0: 0.0491056

Epoch:400
In training set, loss: 6.73441, Y0: 0.0491429

Epoch:500
In training set, loss: 6.54467, Y0: 0.0491635

Epoch:600
In training set, loss: 6.39, Y0: 0.049172

Epoch:700
In training set, loss: 6.26241, Y0: 0.0491718

Epoch:800
In training set, loss: 6.15583, Y0: 0.0491653

Epoch:900
In training set, loss: 6.06564, Y0: 0.0491547

Epoch:1000
In training set, loss: 5.98833, Y0: 0.0491412

Epoch:1100
In training set, loss: 5.92117, Y0: 0.0491259

Epoch:1200
In training set, loss: 5.86206, Y0: 0.0491098

Epoch:1300
In training set, loss: 5.80936, Y0: 0.0490933

Epoch:1400
In training set, loss: 5.7618, Y0: 0.0490769

Epoch:1500
In training set, loss: 5.71838, Y0: 0.049061

Epoch:1600
In training set, loss: 5.67829, Y0: 0.0490457

Epoch:1700
In training set, loss: 5.64091, Y0: 0.0490311

Epoch:1800
In training set, loss: 5.60576, Y0: 0.0490174

Epoch:1900
In training set, loss: 5.57243, Y0: 0.0490048

Epoch:2000
In training set, loss: 5.54062, Y0: 0.048993

Epoch:2100
In training set, loss: 5.51007, Y0: 0.0489822

Epoch:2200
In training set, loss: 5.48057, Y0: 0.0489725

Epoch:2300
In training set, loss: 5.45197, Y0: 0.0489637

Epoch:2400
In training set, loss: 5.42412, Y0: 0.0489559

Epoch:2500
In training set, loss: 5.39692, Y0: 0.048949

Epoch:2600
In training set, loss: 5.37028, Y0: 0.048943

Epoch:2700
In training set, loss: 5.34413, Y0: 0.0489378

Epoch:2800
In training set, loss: 5.31841, Y0: 0.0489334

Epoch:2900
In training set, loss: 5.29306, Y0: 0.0489297

Epoch:3000
In training set, loss: 5.26805, Y0: 0.0489266

Epoch:3100
In training set, loss: 5.24335, Y0: 0.0489241

Epoch:3200
In training set, loss: 5.21892, Y0: 0.0489223

Epoch:3300
In training set, loss: 5.19475, Y0: 0.048921

Epoch:3400
In training set, loss: 5.17081, Y0: 0.0489201

Epoch:3500
In training set, loss: 5.14708, Y0: 0.0489198

Epoch:3600
In training set, loss: 5.12356, Y0: 0.0489198

Epoch:3700
In training set, loss: 5.10023, Y0: 0.0489204

Epoch:3800
In training set, loss: 5.07708, Y0: 0.0489213

Epoch:3900
In training set, loss: 5.0541, Y0: 0.0489226

Epoch:4000
In training set, loss: 5.03129, Y0: 0.0489241



###############################################################################
TCHPC Cluster: kelvin
Job 22588 (BSDE_job_4_procs) for User 'zuoy' in Account 'hpc_21_01207'
Finished at: Sun Nov 21 16:13:16 GMT 2021

Job efficiency estimates:
=========================

Job ID: 22588
Cluster: kelvin
User/Group: zuoy/zuoy
State: COMPLETED (exit code 0)
Nodes: 1
Cores per node: 12
CPU Utilized: 03:14:04
CPU Efficiency: 33.31% of 09:42:36 core-walltime
Job Wall-clock time: 00:48:33
Memory Utilized: 211.24 MB
Memory Efficiency: 0.92% of 22.46 GB

Job completion status:
======================

       JobID    JobName AllocCPUS NTasks NNodes     MaxRSS    MaxRSSNode  MaxDiskRead MaxDiskWrite    Elapsed      State ExitCode 
------------ ---------- --------- ------ ------ ---------- ------------- ------------ ------------ ---------- ---------- -------- 
22588        BSDE_job_+        12             1                                                      00:48:33  COMPLETED      0:0 
22588.batch       batch        12      1      1    216312K   kelvin-n032        0.86M        0.01M   00:48:33  COMPLETED      0:0 


Job details:
============

JobId=22588 JobName=BSDE_job_4_procs
   UserId=zuoy(1582) GroupId=zuoy(1252) MCS_label=N/A
   Priority=11004893 Nice=0 Account=hpc_21_01207 QOS=normal
   JobState=COMPLETING Reason=None Dependency=(null)
   Requeue=0 Restarts=0 BatchFlag=1 Reboot=0 ExitCode=0:0
   DerivedExitCode=0:0
   RunTime=00:48:33 TimeLimit=23:00:00 TimeMin=N/A
   SubmitTime=2021-11-21T13:03:24 EligibleTime=2021-11-21T13:03:24
   AccrueTime=2021-11-21T13:03:24
   StartTime=2021-11-21T15:24:43 EndTime=2021-11-21T16:13:16 Deadline=N/A
   SuspendTime=None SecsPreSuspend=0 LastSchedEval=2021-11-21T15:24:43
   Partition=compute AllocNode:Sid=kelvin01:30506
   ReqNodeList=(null) ExcNodeList=(null)
   NodeList=
   BatchHost=kelvin-n032
   NumNodes=1 NumCPUs=12 NumTasks=4 CPUs/Task=1 ReqB:S:C:T=0:0:*:*
   TRES=cpu=12,mem=23000M,node=1,billing=12
   Socks/Node=* NtasksPerN:B:S:C=0:0:*:* CoreSpec=*
   JOB_GRES=(null)
     Nodes=kelvin-n032 CPU_IDs=0-11 Mem=23000 GRES=
   MinCPUsNode=1 MinMemoryNode=23000M MinTmpDiskNode=0
   Features=(null) DelayBoot=00:00:00
   OverSubscribe=NO Contiguous=0 Licenses=(null) Network=(null)
   Command=/home/users/mschpc/2019/zuoy/HPC/NeuralNetwork/parallel/scripts/script_AllenCahn_d100_b1_n4.sh
   WorkDir=/home/users/mschpc/2019/zuoy/HPC/NeuralNetwork/parallel
   StdErr=/home/users/mschpc/2019/zuoy/HPC/NeuralNetwork/parallel/output/slurm-22588.out
   StdIn=/dev/null
   StdOut=/home/users/mschpc/2019/zuoy/HPC/NeuralNetwork/parallel/output/slurm-22588.out
   Power=
   NtasksPerTRES:0


Disk quota details:
===================

Quota Type           Name  Filesystem     Usage in MB     Limit in MB    % Used
-------------------------------------------------------------------------------
USER                 zuoy       /home             123          51,200     0.24%

GROUP              mschpc   /projects             999          51,200     1.95%
GROUP          pi-dgolden   /projects               0          51,200     0.00%


SLURM Bank Statement:
=====================

User           Usage |        Account     Usage | Account Limit Available (CPU hrs)
---------- --------- + -------------- --------- + ------------- ---------
zuoy          19,529 |   HPC_21_01207    19,529 |       100,000    80,471


Acknowledgements:
=================

Note that usage of TCHPC Resources *must* be acknowledged in all publications.

Please see this page for details relevant to this cluster:

http://www.tchpc.tcd.ie/resources/acknowledgementpolicy

################################################################################
