Parallel Mode: Master-Slave
Dimension: 100
Total time: 0.3
Number of time intervals: 20
Learning rate: 0.0005
y_init_range: 0.3, 0.5
Number of neurons in each hidden layer of each subnet: 110, 110, 
Epochs: 4000
Batch size: 1
Sample size: 256
Logging frequency: 100
Model name: AllenCahn_parallel_
Number of processors: 32


Training:
Epoch:100
In training set, loss: 4.97977, Y0: 0.242618

Epoch:200
In training set, loss: 3.72263, Y0: 0.198795

Epoch:300
In training set, loss: 2.96512, Y0: 0.164826

Epoch:400
In training set, loss: 2.49931, Y0: 0.138256

Epoch:500
In training set, loss: 2.20866, Y0: 0.117355

Epoch:600
In training set, loss: 2.02508, Y0: 0.100851

Epoch:700
In training set, loss: 1.90773, Y0: 0.0877872

Epoch:800
In training set, loss: 1.83167, Y0: 0.0774296

Epoch:900
In training set, loss: 1.78148, Y0: 0.0692081

Epoch:1000
In training set, loss: 1.74757, Y0: 0.062677

Epoch:1100
In training set, loss: 1.72394, Y0: 0.0574859

Epoch:1200
In training set, loss: 1.70682, Y0: 0.0533582

Epoch:1300
In training set, loss: 1.69384, Y0: 0.0500754

Epoch:1400
In training set, loss: 1.68348, Y0: 0.047464

Epoch:1500
In training set, loss: 1.67482, Y0: 0.0453865

Epoch:1600
In training set, loss: 1.66724, Y0: 0.0437337

Epoch:1700
In training set, loss: 1.66037, Y0: 0.0424189

Epoch:1800
In training set, loss: 1.65398, Y0: 0.0413731

Epoch:1900
In training set, loss: 1.6479, Y0: 0.0405413

Epoch:2000
In training set, loss: 1.64204, Y0: 0.0398799

Epoch:2100
In training set, loss: 1.63633, Y0: 0.0393541

Epoch:2200
In training set, loss: 1.63075, Y0: 0.0389364

Epoch:2300
In training set, loss: 1.62526, Y0: 0.0386047

Epoch:2400
In training set, loss: 1.61985, Y0: 0.0383415

Epoch:2500
In training set, loss: 1.6145, Y0: 0.0381328

Epoch:2600
In training set, loss: 1.60922, Y0: 0.0379676

Epoch:2700
In training set, loss: 1.60399, Y0: 0.0378369

Epoch:2800
In training set, loss: 1.59881, Y0: 0.0377337

Epoch:2900
In training set, loss: 1.59368, Y0: 0.0376524

Epoch:3000
In training set, loss: 1.5886, Y0: 0.0375886

Epoch:3100
In training set, loss: 1.58357, Y0: 0.0375387

Epoch:3200
In training set, loss: 1.57859, Y0: 0.0374998

Epoch:3300
In training set, loss: 1.57365, Y0: 0.0374698

Epoch:3400
In training set, loss: 1.56876, Y0: 0.0374467

Epoch:3500
In training set, loss: 1.56391, Y0: 0.0374292

Epoch:3600
In training set, loss: 1.5591, Y0: 0.0374161

Epoch:3700
In training set, loss: 1.55434, Y0: 0.0374065

Epoch:3800
In training set, loss: 1.54962, Y0: 0.0373997

Epoch:3900
In training set, loss: 1.54495, Y0: 0.0373951

Epoch:4000
In training set, loss: 1.54031, Y0: 0.0373923



###############################################################################
TCHPC Cluster: kelvin
Job 21189 (BSDE_job_4_procs) for User 'zuoy' in Account 'hpc_21_01207'
Finished at: Thu Nov 18 03:32:22 GMT 2021

Job efficiency estimates:
=========================

Job ID: 21189
Cluster: kelvin
User/Group: zuoy/zuoy
State: COMPLETED (exit code 0)
Nodes: 3
Cores per node: 12
CPU Utilized: 01:45:16
CPU Efficiency: 30.04% of 05:50:24 core-walltime
Job Wall-clock time: 00:09:44
Memory Utilized: 508.24 MB
Memory Efficiency: 0.74% of 67.38 GB

Job completion status:
======================

       JobID    JobName AllocCPUS NTasks NNodes     MaxRSS    MaxRSSNode  MaxDiskRead MaxDiskWrite    Elapsed      State ExitCode 
------------ ---------- --------- ------ ------ ---------- ------------- ------------ ------------ ---------- ---------- -------- 
21189        BSDE_job_+        36             3                                                      00:09:44  COMPLETED      0:0 
21189.batch       batch        12      1      1    520440K   kelvin-n037        0.87M        0.01M   00:09:44  COMPLETED      0:0 
21189.0           orted        24      2      2                                                      00:09:42  COMPLETED      0:0 


Job details:
============

JobId=21189 JobName=BSDE_job_4_procs
   UserId=zuoy(1582) GroupId=zuoy(1252) MCS_label=N/A
   Priority=11318980 Nice=0 Account=hpc_21_01207 QOS=normal
   JobState=COMPLETING Reason=None Dependency=(null)
   Requeue=0 Restarts=0 BatchFlag=1 Reboot=0 ExitCode=0:0
   DerivedExitCode=0:0
   RunTime=00:09:44 TimeLimit=23:00:00 TimeMin=N/A
   SubmitTime=2021-11-17T21:53:39 EligibleTime=2021-11-17T21:53:39
   AccrueTime=2021-11-17T21:53:39
   StartTime=2021-11-18T03:22:38 EndTime=2021-11-18T03:32:22 Deadline=N/A
   SuspendTime=None SecsPreSuspend=0 LastSchedEval=2021-11-18T03:22:38
   Partition=compute AllocNode:Sid=kelvin01:6170
   ReqNodeList=(null) ExcNodeList=(null)
   NodeList=kelvin-n[038,078]
   BatchHost=kelvin-n037
   NumNodes=2 NumCPUs=36 NumTasks=32 CPUs/Task=1 ReqB:S:C:T=0:0:*:*
   TRES=cpu=36,mem=69000M,node=3,billing=36
   Socks/Node=* NtasksPerN:B:S:C=0:0:*:* CoreSpec=*
   JOB_GRES=(null)
     Nodes=kelvin-n[037-038,078] CPU_IDs=0-11 Mem=23000 GRES=
   MinCPUsNode=1 MinMemoryNode=23000M MinTmpDiskNode=0
   Features=(null) DelayBoot=00:00:00
   OverSubscribe=NO Contiguous=0 Licenses=(null) Network=(null)
   Command=/home/users/mschpc/2019/zuoy/HPC/NeuralNetwork/parallel/scripts/script_AllenCahn_d100_b1_n32.sh
   WorkDir=/home/users/mschpc/2019/zuoy/HPC/NeuralNetwork/parallel
   StdErr=/home/users/mschpc/2019/zuoy/HPC/NeuralNetwork/parallel/output/slurm-21189.out
   StdIn=/dev/null
   StdOut=/home/users/mschpc/2019/zuoy/HPC/NeuralNetwork/parallel/output/slurm-21189.out
   Power=
   NtasksPerTRES:0


Disk quota details:
===================

Quota Type           Name  Filesystem     Usage in MB     Limit in MB    % Used
-------------------------------------------------------------------------------
USER                 zuoy       /home             104          51,200     0.20%

GROUP              mschpc   /projects             999          51,200     1.95%
GROUP          pi-dgolden   /projects               0          51,200     0.00%


SLURM Bank Statement:
=====================

User           Usage |        Account     Usage | Account Limit Available (CPU hrs)
---------- --------- + -------------- --------- + ------------- ---------
zuoy           7,774 |   HPC_21_01207     7,774 |       100,000    92,226


Acknowledgements:
=================

Note that usage of TCHPC Resources *must* be acknowledged in all publications.

Please see this page for details relevant to this cluster:

http://www.tchpc.tcd.ie/resources/acknowledgementpolicy

################################################################################
