Parallel Mode: Ring-Allreduce
Dimension: 400
Total time: 1
Number of time intervals: 40
Learning rate: 0.01
y_init_range: 40, 50
Number of neurons in each hidden layer of each subnet: 110, 110, 
Epochs: 1000
Batch size: 64
Sample size: 256
Logging frequency: 100
Model name: pricing_default_risk_parallel_
Number of processors: 16


Training:
Epoch:100
In training set, loss: 1458.03, Y0: 50.3963

Epoch:200
In training set, loss: 1165.31, Y0: 50.6125

Epoch:300
In training set, loss: 966.358, Y0: 50.6414

Epoch:400
In training set, loss: 822.61, Y0: 50.6618

Epoch:500
In training set, loss: 714.518, Y0: 50.6777

Epoch:600
In training set, loss: 630.322, Y0: 50.6902

Epoch:700
In training set, loss: 562.895, Y0: 50.6998

Epoch:800
In training set, loss: 507.614, Y0: 50.7072

Epoch:900
In training set, loss: 461.366, Y0: 50.713

Epoch:1000
In training set, loss: 422.111, Y0: 50.7172



###############################################################################
TCHPC Cluster: kelvin
Job 24009 (BSDE_job_4_procs) for User 'zuoy' in Account 'hpc_21_01207'
Finished at: Thu Nov 25 13:33:09 GMT 2021

Job efficiency estimates:
=========================

Job ID: 24009
Cluster: kelvin
User/Group: zuoy/zuoy
State: COMPLETED (exit code 0)
Nodes: 2
Cores per node: 12
CPU Utilized: 01:05:37
CPU Efficiency: 33.14% of 03:18:00 core-walltime
Job Wall-clock time: 00:08:15
Memory Utilized: 845.12 MB
Memory Efficiency: 1.84% of 44.92 GB

Job completion status:
======================

       JobID    JobName AllocCPUS NTasks NNodes     MaxRSS    MaxRSSNode  MaxDiskRead MaxDiskWrite    Elapsed      State ExitCode 
------------ ---------- --------- ------ ------ ---------- ------------- ------------ ------------ ---------- ---------- -------- 
24009        BSDE_job_+        24             2                                                      00:08:15  COMPLETED      0:0 
24009.batch       batch        12      1      1    865400K   kelvin-n019        0.86M        0.01M   00:08:15  COMPLETED      0:0 
24009.0           orted        12      1      1                                                      00:08:14  COMPLETED      0:0 


Job details:
============

JobId=24009 JobName=BSDE_job_4_procs
   UserId=zuoy(1582) GroupId=zuoy(1252) MCS_label=N/A
   Priority=10538689 Nice=0 Account=hpc_21_01207 QOS=normal
   JobState=COMPLETING Reason=None Dependency=(null)
   Requeue=0 Restarts=0 BatchFlag=1 Reboot=0 ExitCode=0:0
   DerivedExitCode=0:0
   RunTime=00:08:15 TimeLimit=23:00:00 TimeMin=N/A
   SubmitTime=2021-11-25T11:59:18 EligibleTime=2021-11-25T11:59:18
   AccrueTime=2021-11-25T11:59:18
   StartTime=2021-11-25T13:24:54 EndTime=2021-11-25T13:33:09 Deadline=N/A
   SuspendTime=None SecsPreSuspend=0 LastSchedEval=2021-11-25T13:24:54
   Partition=compute AllocNode:Sid=kelvin01:17031
   ReqNodeList=(null) ExcNodeList=(null)
   NodeList=kelvin-n086
   BatchHost=kelvin-n019
   NumNodes=1 NumCPUs=24 NumTasks=16 CPUs/Task=1 ReqB:S:C:T=0:0:*:*
   TRES=cpu=24,mem=46000M,node=2,billing=24
   Socks/Node=* NtasksPerN:B:S:C=0:0:*:* CoreSpec=*
   JOB_GRES=(null)
     Nodes=kelvin-n[019,086] CPU_IDs=0-11 Mem=23000 GRES=
   MinCPUsNode=1 MinMemoryNode=23000M MinTmpDiskNode=0
   Features=(null) DelayBoot=00:00:00
   OverSubscribe=NO Contiguous=0 Licenses=(null) Network=(null)
   Command=/home/users/mschpc/2019/zuoy/HPC/NeuralNetwork/parallel/scripts/script_PricingDefaultRisk_d400_b64_n16.sh
   WorkDir=/home/users/mschpc/2019/zuoy/HPC/NeuralNetwork/parallel
   StdErr=/home/users/mschpc/2019/zuoy/HPC/NeuralNetwork/parallel/output/slurm-24009.out
   StdIn=/dev/null
   StdOut=/home/users/mschpc/2019/zuoy/HPC/NeuralNetwork/parallel/output/slurm-24009.out
   Power=
   NtasksPerTRES:0


Disk quota details:
===================

Quota Type           Name  Filesystem     Usage in MB     Limit in MB    % Used
-------------------------------------------------------------------------------
USER                 zuoy       /home             146          51,200     0.29%

GROUP              mschpc   /projects             999          51,200     1.95%
GROUP          pi-dgolden   /projects               0          51,200     0.00%


SLURM Bank Statement:
=====================

User           Usage |        Account     Usage | Account Limit Available (CPU hrs)
---------- --------- + -------------- --------- + ------------- ---------
zuoy          28,468 |   HPC_21_01207    28,468 |       100,000    71,532


Acknowledgements:
=================

Note that usage of TCHPC Resources *must* be acknowledged in all publications.

Please see this page for details relevant to this cluster:

http://www.tchpc.tcd.ie/resources/acknowledgementpolicy

################################################################################
