Parallel Mode: Ring-Allreduce
Dimension: 200
Total time: 1
Number of time intervals: 20
Learning rate: 0.01
y_init_range: 0, 1
Number of neurons in each hidden layer of each subnet: 110, 110, 
Epochs: 1000
Batch size: 64
Sample size: 1024
Logging frequency: 100
Model name: HJBLQ_parallel_
Number of processors: 32


Training:
Epoch:100
In training set, loss: 22.368, Y0: 5.22432

Epoch:200
In training set, loss: 13.2418, Y0: 5.2567

Epoch:300
In training set, loss: 11.1329, Y0: 5.26723

Epoch:400
In training set, loss: 10.4519, Y0: 5.27147

Epoch:500
In training set, loss: 10.1522, Y0: 5.27345

Epoch:600
In training set, loss: 9.97581, Y0: 5.27449

Epoch:700
In training set, loss: 9.84507, Y0: 5.27509

Epoch:800
In training set, loss: 9.73318, Y0: 5.27545

Epoch:900
In training set, loss: 9.62996, Y0: 5.27569

Epoch:1000
In training set, loss: 9.53117, Y0: 5.27586



###############################################################################
TCHPC Cluster: kelvin
Job 23727 (BSDE_job_4_procs) for User 'zuoy' in Account 'hpc_21_01207'
Finished at: Thu Nov 25 11:16:03 GMT 2021

Job efficiency estimates:
=========================

Job ID: 23727
Cluster: kelvin
User/Group: zuoy/zuoy
State: COMPLETED (exit code 0)
Nodes: 3
Cores per node: 12
CPU Utilized: 01:01:39
CPU Efficiency: 30.22% of 03:24:00 core-walltime
Job Wall-clock time: 00:05:40
Memory Utilized: 814.88 MB
Memory Efficiency: 1.18% of 67.38 GB

Job completion status:
======================

       JobID    JobName AllocCPUS NTasks NNodes     MaxRSS    MaxRSSNode  MaxDiskRead MaxDiskWrite    Elapsed      State ExitCode 
------------ ---------- --------- ------ ------ ---------- ------------- ------------ ------------ ---------- ---------- -------- 
23727        BSDE_job_+        36             3                                                      00:05:40  COMPLETED      0:0 
23727.batch       batch        12      1      1    834440K   kelvin-n013        0.86M        0.01M   00:05:40  COMPLETED      0:0 
23727.0           orted        24      2      2                                                      00:05:39  COMPLETED      0:0 


Job details:
============

JobId=23727 JobName=BSDE_job_4_procs
   UserId=zuoy(1582) GroupId=zuoy(1252) MCS_label=N/A
   Priority=11242286 Nice=0 Account=hpc_21_01207 QOS=normal
   JobState=COMPLETING Reason=None Dependency=(null)
   Requeue=0 Restarts=0 BatchFlag=1 Reboot=0 ExitCode=0:0
   DerivedExitCode=0:0
   RunTime=00:05:40 TimeLimit=23:00:00 TimeMin=N/A
   SubmitTime=2021-11-24T10:07:02 EligibleTime=2021-11-24T10:07:02
   AccrueTime=2021-11-24T10:07:02
   StartTime=2021-11-25T11:10:23 EndTime=2021-11-25T11:16:03 Deadline=N/A
   SuspendTime=None SecsPreSuspend=0 LastSchedEval=2021-11-25T11:10:23
   Partition=compute AllocNode:Sid=kelvin01:18898
   ReqNodeList=(null) ExcNodeList=(null)
   NodeList=kelvin-n[019,056]
   BatchHost=kelvin-n013
   NumNodes=2 NumCPUs=36 NumTasks=32 CPUs/Task=1 ReqB:S:C:T=0:0:*:*
   TRES=cpu=36,mem=69000M,node=3,billing=36
   Socks/Node=* NtasksPerN:B:S:C=0:0:*:* CoreSpec=*
   JOB_GRES=(null)
     Nodes=kelvin-n[013,019,056] CPU_IDs=0-11 Mem=23000 GRES=
   MinCPUsNode=1 MinMemoryNode=23000M MinTmpDiskNode=0
   Features=(null) DelayBoot=00:00:00
   OverSubscribe=NO Contiguous=0 Licenses=(null) Network=(null)
   Command=/home/users/mschpc/2019/zuoy/HPC/NeuralNetwork/parallel/scripts/script_HJBLQ_d200_b64_n32.sh
   WorkDir=/home/users/mschpc/2019/zuoy/HPC/NeuralNetwork/parallel
   StdErr=/home/users/mschpc/2019/zuoy/HPC/NeuralNetwork/parallel/output/slurm-23727.out
   StdIn=/dev/null
   StdOut=/home/users/mschpc/2019/zuoy/HPC/NeuralNetwork/parallel/output/slurm-23727.out
   Power=
   NtasksPerTRES:0


Disk quota details:
===================

Quota Type           Name  Filesystem     Usage in MB     Limit in MB    % Used
-------------------------------------------------------------------------------
USER                 zuoy       /home             143          51,200     0.28%

GROUP              mschpc   /projects             999          51,200     1.95%
GROUP          pi-dgolden   /projects               0          51,200     0.00%


SLURM Bank Statement:
=====================

User           Usage |        Account     Usage | Account Limit Available (CPU hrs)
---------- --------- + -------------- --------- + ------------- ---------
zuoy          28,210 |   HPC_21_01207    28,210 |       100,000    71,790


Acknowledgements:
=================

Note that usage of TCHPC Resources *must* be acknowledged in all publications.

Please see this page for details relevant to this cluster:

http://www.tchpc.tcd.ie/resources/acknowledgementpolicy

################################################################################
