Parallel Mode: Ring-Allreduce
Dimension: 100
Total time: 0.3
Number of time intervals: 20
Learning rate: 0.0005
y_init_range: 0.3, 0.5
Number of neurons in each hidden layer of each subnet: 110, 110, 
Epochs: 4000
Batch size: 1
Sample size: 1024
Logging frequency: 100
Model name: AllenCahn_parallel_
Number of processors: 8


Training:
Epoch:100
In training set, loss: 7.20828, Y0: 0.0530793

Epoch:200
In training set, loss: 6.9784, Y0: 0.0472306

Epoch:300
In training set, loss: 6.78635, Y0: 0.0472912

Epoch:400
In training set, loss: 6.61662, Y0: 0.0474901

Epoch:500
In training set, loss: 6.46617, Y0: 0.0476776

Epoch:600
In training set, loss: 6.33242, Y0: 0.0478513

Epoch:700
In training set, loss: 6.21317, Y0: 0.0480123

Epoch:800
In training set, loss: 6.10653, Y0: 0.048162

Epoch:900
In training set, loss: 6.01088, Y0: 0.0483014

Epoch:1000
In training set, loss: 5.92484, Y0: 0.0484313

Epoch:1100
In training set, loss: 5.84721, Y0: 0.0485526

Epoch:1200
In training set, loss: 5.77694, Y0: 0.0486661

Epoch:1300
In training set, loss: 5.71316, Y0: 0.0487723

Epoch:1400
In training set, loss: 5.65507, Y0: 0.0488719

Epoch:1500
In training set, loss: 5.60201, Y0: 0.0489653

Epoch:1600
In training set, loss: 5.55338, Y0: 0.0490531

Epoch:1700
In training set, loss: 5.50867, Y0: 0.0491356

Epoch:1800
In training set, loss: 5.46743, Y0: 0.0492133

Epoch:1900
In training set, loss: 5.42928, Y0: 0.0492865

Epoch:2000
In training set, loss: 5.39387, Y0: 0.0493555

Epoch:2100
In training set, loss: 5.36089, Y0: 0.0494206

Epoch:2200
In training set, loss: 5.33009, Y0: 0.0494821

Epoch:2300
In training set, loss: 5.30121, Y0: 0.04954

Epoch:2400
In training set, loss: 5.27408, Y0: 0.0495948

Epoch:2500
In training set, loss: 5.24849, Y0: 0.0496467

Epoch:2600
In training set, loss: 5.2243, Y0: 0.0496957

Epoch:2700
In training set, loss: 5.20136, Y0: 0.0497421

Epoch:2800
In training set, loss: 5.17954, Y0: 0.0497861

Epoch:2900
In training set, loss: 5.15874, Y0: 0.0498277

Epoch:3000
In training set, loss: 5.13884, Y0: 0.0498671

Epoch:3100
In training set, loss: 5.11978, Y0: 0.0499045

Epoch:3200
In training set, loss: 5.10146, Y0: 0.04994

Epoch:3300
In training set, loss: 5.08382, Y0: 0.0499737

Epoch:3400
In training set, loss: 5.06679, Y0: 0.0500057

Epoch:3500
In training set, loss: 5.05032, Y0: 0.050036

Epoch:3600
In training set, loss: 5.03436, Y0: 0.0500649

Epoch:3700
In training set, loss: 5.01886, Y0: 0.0500923

Epoch:3800
In training set, loss: 5.00378, Y0: 0.0501184

Epoch:3900
In training set, loss: 4.98908, Y0: 0.0501433

Epoch:4000
In training set, loss: 4.97474, Y0: 0.050167



###############################################################################
TCHPC Cluster: kelvin
Job 22456 (BSDE_job_4_procs) for User 'zuoy' in Account 'hpc_21_01207'
Finished at: Sun Nov 21 08:11:05 GMT 2021

Job efficiency estimates:
=========================

Job ID: 22456
Cluster: kelvin
User/Group: zuoy/zuoy
State: COMPLETED (exit code 0)
Nodes: 1
Cores per node: 12
CPU Utilized: 05:13:42
CPU Efficiency: 66.63% of 07:50:48 core-walltime
Job Wall-clock time: 00:39:14
Memory Utilized: 419.94 MB
Memory Efficiency: 1.83% of 22.46 GB

Job completion status:
======================

       JobID    JobName AllocCPUS NTasks NNodes     MaxRSS    MaxRSSNode  MaxDiskRead MaxDiskWrite    Elapsed      State ExitCode 
------------ ---------- --------- ------ ------ ---------- ------------- ------------ ------------ ---------- ---------- -------- 
22456        BSDE_job_+        12             1                                                      00:39:14  COMPLETED      0:0 
22456.batch       batch        12      1      1    430020K   kelvin-n059        0.86M        0.01M   00:39:14  COMPLETED      0:0 


Job details:
============

JobId=22456 JobName=BSDE_job_4_procs
   UserId=zuoy(1582) GroupId=zuoy(1252) MCS_label=N/A
   Priority=11094023 Nice=0 Account=hpc_21_01207 QOS=normal
   JobState=COMPLETING Reason=None Dependency=(null)
   Requeue=0 Restarts=0 BatchFlag=1 Reboot=0 ExitCode=0:0
   DerivedExitCode=0:0
   RunTime=00:39:14 TimeLimit=23:00:00 TimeMin=N/A
   SubmitTime=2021-11-21T04:02:29 EligibleTime=2021-11-21T04:02:29
   AccrueTime=2021-11-21T04:02:29
   StartTime=2021-11-21T07:31:51 EndTime=2021-11-21T08:11:05 Deadline=N/A
   SuspendTime=None SecsPreSuspend=0 LastSchedEval=2021-11-21T07:31:51
   Partition=compute AllocNode:Sid=kelvin01:15042
   ReqNodeList=(null) ExcNodeList=(null)
   NodeList=
   BatchHost=kelvin-n059
   NumNodes=1 NumCPUs=12 NumTasks=8 CPUs/Task=1 ReqB:S:C:T=0:0:*:*
   TRES=cpu=12,mem=23000M,node=1,billing=12
   Socks/Node=* NtasksPerN:B:S:C=0:0:*:* CoreSpec=*
   JOB_GRES=(null)
     Nodes=kelvin-n059 CPU_IDs=0-11 Mem=23000 GRES=
   MinCPUsNode=1 MinMemoryNode=23000M MinTmpDiskNode=0
   Features=(null) DelayBoot=00:00:00
   OverSubscribe=NO Contiguous=0 Licenses=(null) Network=(null)
   Command=/home/users/mschpc/2019/zuoy/HPC/NeuralNetwork/parallel/scripts/script_AllenCahn_d100_b1_n8.sh
   WorkDir=/home/users/mschpc/2019/zuoy/HPC/NeuralNetwork/parallel
   StdErr=/home/users/mschpc/2019/zuoy/HPC/NeuralNetwork/parallel/output/slurm-22456.out
   StdIn=/dev/null
   StdOut=/home/users/mschpc/2019/zuoy/HPC/NeuralNetwork/parallel/output/slurm-22456.out
   Power=
   NtasksPerTRES:0


Disk quota details:
===================

Quota Type           Name  Filesystem     Usage in MB     Limit in MB    % Used
-------------------------------------------------------------------------------
USER                 zuoy       /home             121          51,200     0.24%

GROUP              mschpc   /projects             999          51,200     1.95%
GROUP          pi-dgolden   /projects               0          51,200     0.00%


SLURM Bank Statement:
=====================

User           Usage |        Account     Usage | Account Limit Available (CPU hrs)
---------- --------- + -------------- --------- + ------------- ---------
zuoy          17,074 |   HPC_21_01207    17,074 |       100,000    82,926


Acknowledgements:
=================

Note that usage of TCHPC Resources *must* be acknowledged in all publications.

Please see this page for details relevant to this cluster:

http://www.tchpc.tcd.ie/resources/acknowledgementpolicy

################################################################################
