Parallel Mode: Ring-Allreduce
Dimension: 300
Total time: 0.3
Number of time intervals: 20
Learning rate: 0.0005
y_init_range: 0.3, 0.5
Number of neurons in each hidden layer of each subnet: 110, 110, 
Epochs: 4000
Batch size: 1
Sample size: 256
Logging frequency: 100
Model name: AllenCahn_parallel_
Number of processors: 32


Training:
Epoch:100
In training set, loss: 4.80516, Y0: 0.241645

Epoch:200
In training set, loss: 3.48609, Y0: 0.197172

Epoch:300
In training set, loss: 2.69023, Y0: 0.162771

Epoch:400
In training set, loss: 2.19873, Y0: 0.135924

Epoch:500
In training set, loss: 1.88929, Y0: 0.114853

Epoch:600
In training set, loss: 1.69069, Y0: 0.0982557

Epoch:700
In training set, loss: 1.56035, Y0: 0.0851497

Epoch:800
In training set, loss: 1.47239, Y0: 0.0747818

Epoch:900
In training set, loss: 1.41091, Y0: 0.0665687

Epoch:1000
In training set, loss: 1.36607, Y0: 0.060055

Epoch:1100
In training set, loss: 1.33176, Y0: 0.0548835

Epoch:1200
In training set, loss: 1.30416, Y0: 0.0507733

Epoch:1300
In training set, loss: 1.28088, Y0: 0.0475029

Epoch:1400
In training set, loss: 1.26041, Y0: 0.0448974

Epoch:1500
In training set, loss: 1.24183, Y0: 0.0428187

Epoch:1600
In training set, loss: 1.22453, Y0: 0.0411573

Epoch:1700
In training set, loss: 1.20814, Y0: 0.0398266

Epoch:1800
In training set, loss: 1.19243, Y0: 0.0387584

Epoch:1900
In training set, loss: 1.17724, Y0: 0.0378984

Epoch:2000
In training set, loss: 1.16248, Y0: 0.0372034

Epoch:2100
In training set, loss: 1.14808, Y0: 0.0366394

Epoch:2200
In training set, loss: 1.134, Y0: 0.0361796

Epoch:2300
In training set, loss: 1.12021, Y0: 0.0358024

Epoch:2400
In training set, loss: 1.10669, Y0: 0.0354909

Epoch:2500
In training set, loss: 1.09343, Y0: 0.0352317

Epoch:2600
In training set, loss: 1.08041, Y0: 0.035014

Epoch:2700
In training set, loss: 1.06763, Y0: 0.0348294

Epoch:2800
In training set, loss: 1.05509, Y0: 0.0346711

Epoch:2900
In training set, loss: 1.04276, Y0: 0.0345339

Epoch:3000
In training set, loss: 1.03066, Y0: 0.0344134

Epoch:3100
In training set, loss: 1.01876, Y0: 0.0343063

Epoch:3200
In training set, loss: 1.00707, Y0: 0.03421

Epoch:3300
In training set, loss: 0.995589, Y0: 0.0341223

Epoch:3400
In training set, loss: 0.984303, Y0: 0.0340416

Epoch:3500
In training set, loss: 0.973211, Y0: 0.0339664

Epoch:3600
In training set, loss: 0.962309, Y0: 0.0338958

Epoch:3700
In training set, loss: 0.951592, Y0: 0.0338289

Epoch:3800
In training set, loss: 0.941057, Y0: 0.033765

Epoch:3900
In training set, loss: 0.930699, Y0: 0.0337036

Epoch:4000
In training set, loss: 0.920517, Y0: 0.0336442



###############################################################################
TCHPC Cluster: kelvin
Job 21348 (BSDE_job_4_procs) for User 'zuoy' in Account 'hpc_21_01207'
Finished at: Thu Nov 18 19:44:14 GMT 2021

Job efficiency estimates:
=========================

Job ID: 21348
Cluster: kelvin
User/Group: zuoy/zuoy
State: COMPLETED (exit code 0)
Nodes: 3
Cores per node: 12
CPU Utilized: 02:50:45
CPU Efficiency: 30.27% of 09:24:00 core-walltime
Job Wall-clock time: 00:15:40
Memory Utilized: 638.57 MB
Memory Efficiency: 0.93% of 67.38 GB

Job completion status:
======================

       JobID    JobName AllocCPUS NTasks NNodes     MaxRSS    MaxRSSNode  MaxDiskRead MaxDiskWrite    Elapsed      State ExitCode 
------------ ---------- --------- ------ ------ ---------- ------------- ------------ ------------ ---------- ---------- -------- 
21348        BSDE_job_+        36             3                                                      00:15:40  COMPLETED      0:0 
21348.batch       batch        12      1      1    653896K   kelvin-n003        0.86M        0.01M   00:15:40  COMPLETED      0:0 
21348.0           orted        24      2      2                                                      00:15:38  COMPLETED      0:0 


Job details:
============

JobId=21348 JobName=BSDE_job_4_procs
   UserId=zuoy(1582) GroupId=zuoy(1252) MCS_label=N/A
   Priority=11207296 Nice=0 Account=hpc_21_01207 QOS=normal
   JobState=COMPLETING Reason=None Dependency=(null)
   Requeue=0 Restarts=0 BatchFlag=1 Reboot=0 ExitCode=0:0
   DerivedExitCode=0:0
   RunTime=00:15:40 TimeLimit=23:30:00 TimeMin=N/A
   SubmitTime=2021-11-18T14:03:16 EligibleTime=2021-11-18T14:03:16
   AccrueTime=2021-11-18T14:03:16
   StartTime=2021-11-18T19:28:34 EndTime=2021-11-18T19:44:14 Deadline=N/A
   SuspendTime=None SecsPreSuspend=0 LastSchedEval=2021-11-18T19:28:34
   Partition=compute AllocNode:Sid=kelvin01:471
   ReqNodeList=(null) ExcNodeList=(null)
   NodeList=kelvin-n[014,059]
   BatchHost=kelvin-n003
   NumNodes=2 NumCPUs=36 NumTasks=32 CPUs/Task=1 ReqB:S:C:T=0:0:*:*
   TRES=cpu=36,mem=69000M,node=3,billing=36
   Socks/Node=* NtasksPerN:B:S:C=0:0:*:* CoreSpec=*
   JOB_GRES=(null)
     Nodes=kelvin-n[003,014,059] CPU_IDs=0-11 Mem=23000 GRES=
   MinCPUsNode=1 MinMemoryNode=23000M MinTmpDiskNode=0
   Features=(null) DelayBoot=00:00:00
   OverSubscribe=NO Contiguous=0 Licenses=(null) Network=(null)
   Command=/home/users/mschpc/2019/zuoy/HPC/NeuralNetwork/parallel/scripts/script_AllenCahn_d300_b1_n32.sh
   WorkDir=/home/users/mschpc/2019/zuoy/HPC/NeuralNetwork/parallel
   StdErr=/home/users/mschpc/2019/zuoy/HPC/NeuralNetwork/parallel/output/slurm-21348.out
   StdIn=/dev/null
   StdOut=/home/users/mschpc/2019/zuoy/HPC/NeuralNetwork/parallel/output/slurm-21348.out
   Power=
   NtasksPerTRES:0


Disk quota details:
===================

Quota Type           Name  Filesystem     Usage in MB     Limit in MB    % Used
-------------------------------------------------------------------------------
USER                 zuoy       /home             104          51,200     0.20%

GROUP              mschpc   /projects             999          51,200     1.95%
GROUP          pi-dgolden   /projects               0          51,200     0.00%


SLURM Bank Statement:
=====================

User           Usage |        Account     Usage | Account Limit Available (CPU hrs)
---------- --------- + -------------- --------- + ------------- ---------
zuoy           9,168 |   HPC_21_01207     9,168 |       100,000    90,832


Acknowledgements:
=================

Note that usage of TCHPC Resources *must* be acknowledged in all publications.

Please see this page for details relevant to this cluster:

http://www.tchpc.tcd.ie/resources/acknowledgementpolicy

################################################################################
