Parallel Mode: Master-Slave
Dimension: 300
Total time: 1
Number of time intervals: 40
Learning rate: 0.01
y_init_range: 40, 50
Number of neurons in each hidden layer of each subnet: 110, 110, 
Epochs: 1000
Batch size: 64
Sample size: 256
Logging frequency: 100
Model name: pricing_default_risk_parallel_
Number of processors: 16


Training:
Epoch:100
In training set, loss: 13266.6, Y0: 42.6907

Epoch:200
In training set, loss: 8444.75, Y0: 44.7222

Epoch:300
In training set, loss: 5693.74, Y0: 46.2575

Epoch:400
In training set, loss: 4156.13, Y0: 47.4268

Epoch:500
In training set, loss: 3275.06, Y0: 48.3273

Epoch:600
In training set, loss: 2753.08, Y0: 49.0269

Epoch:700
In training set, loss: 2433.64, Y0: 49.5739

Epoch:800
In training set, loss: 2230.39, Y0: 50.0034

Epoch:900
In training set, loss: 2096.76, Y0: 50.3413

Epoch:1000
In training set, loss: 2005.61, Y0: 50.6076



###############################################################################
TCHPC Cluster: kelvin
Job 23003 (BSDE_job_4_procs) for User 'zuoy' in Account 'hpc_21_01207'
Finished at: Mon Nov 22 07:40:38 GMT 2021

Job efficiency estimates:
=========================

Job ID: 23003
Cluster: kelvin
User/Group: zuoy/zuoy
State: COMPLETED (exit code 0)
Nodes: 2
Cores per node: 12
CPU Utilized: 01:13:20
CPU Efficiency: 33.03% of 03:42:00 core-walltime
Job Wall-clock time: 00:09:15
Memory Utilized: 717.10 MB
Memory Efficiency: 1.56% of 44.92 GB

Job completion status:
======================

       JobID    JobName AllocCPUS NTasks NNodes     MaxRSS    MaxRSSNode  MaxDiskRead MaxDiskWrite    Elapsed      State ExitCode 
------------ ---------- --------- ------ ------ ---------- ------------- ------------ ------------ ---------- ---------- -------- 
23003        BSDE_job_+        24             2                                                      00:09:15  COMPLETED      0:0 
23003.batch       batch        12      1      1    734312K   kelvin-n039        0.86M        0.01M   00:09:15  COMPLETED      0:0 
23003.0           orted        12      1      1                                                      00:09:13  COMPLETED      0:0 


Job details:
============

JobId=23003 JobName=BSDE_job_4_procs
   UserId=zuoy(1582) GroupId=zuoy(1252) MCS_label=N/A
   Priority=10646939 Nice=0 Account=hpc_21_01207 QOS=normal
   JobState=COMPLETING Reason=None Dependency=(null)
   Requeue=0 Restarts=0 BatchFlag=1 Reboot=0 ExitCode=0:0
   DerivedExitCode=0:0
   RunTime=00:09:15 TimeLimit=23:00:00 TimeMin=N/A
   SubmitTime=2021-11-22T02:27:04 EligibleTime=2021-11-22T02:27:04
   AccrueTime=2021-11-22T02:27:04
   StartTime=2021-11-22T07:31:23 EndTime=2021-11-22T07:40:38 Deadline=N/A
   SuspendTime=None SecsPreSuspend=0 LastSchedEval=2021-11-22T07:31:23
   Partition=compute AllocNode:Sid=kelvin01:12189
   ReqNodeList=(null) ExcNodeList=(null)
   NodeList=kelvin-n045
   BatchHost=kelvin-n039
   NumNodes=1 NumCPUs=24 NumTasks=16 CPUs/Task=1 ReqB:S:C:T=0:0:*:*
   TRES=cpu=24,mem=46000M,node=2,billing=24
   Socks/Node=* NtasksPerN:B:S:C=0:0:*:* CoreSpec=*
   JOB_GRES=(null)
     Nodes=kelvin-n[039,045] CPU_IDs=0-11 Mem=23000 GRES=
   MinCPUsNode=1 MinMemoryNode=23000M MinTmpDiskNode=0
   Features=(null) DelayBoot=00:00:00
   OverSubscribe=NO Contiguous=0 Licenses=(null) Network=(null)
   Command=/home/users/mschpc/2019/zuoy/HPC/NeuralNetwork/parallel/scripts/script_PricingDefaultRisk_d300_b64_n16.sh
   WorkDir=/home/users/mschpc/2019/zuoy/HPC/NeuralNetwork/parallel
   StdErr=/home/users/mschpc/2019/zuoy/HPC/NeuralNetwork/parallel/output/slurm-23003.out
   StdIn=/dev/null
   StdOut=/home/users/mschpc/2019/zuoy/HPC/NeuralNetwork/parallel/output/slurm-23003.out
   Power=
   NtasksPerTRES:0


Disk quota details:
===================

Quota Type           Name  Filesystem     Usage in MB     Limit in MB    % Used
-------------------------------------------------------------------------------
USER                 zuoy       /home             133          51,200     0.26%

GROUP              mschpc   /projects             999          51,200     1.95%
GROUP          pi-dgolden   /projects               0          51,200     0.00%


SLURM Bank Statement:
=====================

User           Usage |        Account     Usage | Account Limit Available (CPU hrs)
---------- --------- + -------------- --------- + ------------- ---------
zuoy          26,166 |   HPC_21_01207    26,166 |       100,000    73,834


Acknowledgements:
=================

Note that usage of TCHPC Resources *must* be acknowledged in all publications.

Please see this page for details relevant to this cluster:

http://www.tchpc.tcd.ie/resources/acknowledgementpolicy

################################################################################
