Parallel Mode: Ring-Allreduce
Dimension: 300
Total time: 1
Number of time intervals: 40
Learning rate: 0.01
y_init_range: 40, 50
Number of neurons in each hidden layer of each subnet: 110, 110, 
Epochs: 1000
Batch size: 1
Sample size: 256
Logging frequency: 100
Model name: pricing_default_risk_parallel_
Number of processors: 4


Training:
Epoch:100
In training set, loss: 474.112, Y0: 51.7723

Epoch:200
In training set, loss: 257.473, Y0: 51.831

Epoch:300
In training set, loss: 171.759, Y0: 51.8545

Epoch:400
In training set, loss: 125.075, Y0: 51.8626

Epoch:500
In training set, loss: 95.51, Y0: 51.8627

Epoch:600
In training set, loss: 75.0807, Y0: 51.8593

Epoch:700
In training set, loss: 60.1724, Y0: 51.8546

Epoch:800
In training set, loss: 48.8882, Y0: 51.8497

Epoch:900
In training set, loss: 40.1503, Y0: 51.8452

Epoch:1000
In training set, loss: 33.2339, Y0: 51.8412



###############################################################################
TCHPC Cluster: kelvin
Job 21951 (BSDE_job_4_procs) for User 'zuoy' in Account 'hpc_21_01207'
Finished at: Sat Nov 20 11:29:17 GMT 2021

Job efficiency estimates:
=========================

Job ID: 21951
Cluster: kelvin
User/Group: zuoy/zuoy
State: COMPLETED (exit code 0)
Nodes: 1
Cores per node: 12
CPU Utilized: 01:34:13
CPU Efficiency: 33.29% of 04:43:00 core-walltime
Job Wall-clock time: 00:23:35
Memory Utilized: 353.83 MB
Memory Efficiency: 1.54% of 22.46 GB

Job completion status:
======================

       JobID    JobName AllocCPUS NTasks NNodes     MaxRSS    MaxRSSNode  MaxDiskRead MaxDiskWrite    Elapsed      State ExitCode 
------------ ---------- --------- ------ ------ ---------- ------------- ------------ ------------ ---------- ---------- -------- 
21951        BSDE_job_+        12             1                                                      00:23:35  COMPLETED      0:0 
21951.batch       batch        12      1      1    362324K   kelvin-n032        0.86M        0.01M   00:23:35  COMPLETED      0:0 


Job details:
============

JobId=21951 JobName=BSDE_job_4_procs
   UserId=zuoy(1582) GroupId=zuoy(1252) MCS_label=N/A
   Priority=11097108 Nice=0 Account=hpc_21_01207 QOS=normal
   JobState=COMPLETING Reason=None Dependency=(null)
   Requeue=0 Restarts=0 BatchFlag=1 Reboot=0 ExitCode=0:0
   DerivedExitCode=0:0
   RunTime=00:23:35 TimeLimit=23:00:00 TimeMin=N/A
   SubmitTime=2021-11-20T09:20:02 EligibleTime=2021-11-20T09:20:02
   AccrueTime=2021-11-20T09:20:02
   StartTime=2021-11-20T11:05:42 EndTime=2021-11-20T11:29:17 Deadline=N/A
   SuspendTime=None SecsPreSuspend=0 LastSchedEval=2021-11-20T11:05:42
   Partition=compute AllocNode:Sid=kelvin01:23606
   ReqNodeList=(null) ExcNodeList=(null)
   NodeList=
   BatchHost=kelvin-n032
   NumNodes=1 NumCPUs=12 NumTasks=4 CPUs/Task=1 ReqB:S:C:T=0:0:*:*
   TRES=cpu=12,mem=23000M,node=1,billing=12
   Socks/Node=* NtasksPerN:B:S:C=0:0:*:* CoreSpec=*
   JOB_GRES=(null)
     Nodes=kelvin-n032 CPU_IDs=0-11 Mem=23000 GRES=
   MinCPUsNode=1 MinMemoryNode=23000M MinTmpDiskNode=0
   Features=(null) DelayBoot=00:00:00
   OverSubscribe=NO Contiguous=0 Licenses=(null) Network=(null)
   Command=/home/users/mschpc/2019/zuoy/HPC/NeuralNetwork/parallel/scripts/script_PricingDefaultRisk_d300_b1_n4.sh
   WorkDir=/home/users/mschpc/2019/zuoy/HPC/NeuralNetwork/parallel
   StdErr=/home/users/mschpc/2019/zuoy/HPC/NeuralNetwork/parallel/output/slurm-21951.out
   StdIn=/dev/null
   StdOut=/home/users/mschpc/2019/zuoy/HPC/NeuralNetwork/parallel/output/slurm-21951.out
   Power=
   NtasksPerTRES:0


Disk quota details:
===================

Quota Type           Name  Filesystem     Usage in MB     Limit in MB    % Used
-------------------------------------------------------------------------------
USER                 zuoy       /home             114          51,200     0.22%

GROUP              mschpc   /projects             999          51,200     1.95%
GROUP          pi-dgolden   /projects               0          51,200     0.00%


SLURM Bank Statement:
=====================

User           Usage |        Account     Usage | Account Limit Available (CPU hrs)
---------- --------- + -------------- --------- + ------------- ---------
zuoy          12,953 |   HPC_21_01207    12,953 |       100,000    87,047


Acknowledgements:
=================

Note that usage of TCHPC Resources *must* be acknowledged in all publications.

Please see this page for details relevant to this cluster:

http://www.tchpc.tcd.ie/resources/acknowledgementpolicy

################################################################################
