Parallel Mode: Master-Slave
Dimension: 300
Total time: 1
Number of time intervals: 20
Learning rate: 0.01
y_init_range: 0, 1
Number of neurons in each hidden layer of each subnet: 110, 110, 
Epochs: 1000
Batch size: 64
Sample size: 1024
Logging frequency: 100
Model name: HJBLQ_parallel_
Number of processors: 128


Training:
Epoch:100
In training set, loss: 12636, Y0: 0.661253

Epoch:200
In training set, loss: 9777.82, Y0: 1.24268

Epoch:300
In training set, loss: 7564.12, Y0: 1.75373

Epoch:400
In training set, loss: 5851.35, Y0: 2.20276

Epoch:500
In training set, loss: 4527.49, Y0: 2.59717

Epoch:600
In training set, loss: 3505.22, Y0: 2.94349

Epoch:700
In training set, loss: 2716.52, Y0: 3.24753

Epoch:800
In training set, loss: 2108.51, Y0: 3.5144

Epoch:900
In training set, loss: 1640.15, Y0: 3.7486

Epoch:1000
In training set, loss: 1279.57, Y0: 3.95412



###############################################################################
TCHPC Cluster: kelvin
Job 22659 (BSDE_job_4_procs) for User 'zuoy' in Account 'hpc_21_01207'
Finished at: Sun Nov 21 16:22:15 GMT 2021

Job efficiency estimates:
=========================

Job ID: 22659
Cluster: kelvin
User/Group: zuoy/zuoy
State: COMPLETED (exit code 0)
Nodes: 11
Cores per node: 12
CPU Utilized: 03:57:51
CPU Efficiency: 9.02% of 1-19:57:48 core-walltime
Job Wall-clock time: 00:19:59
Memory Utilized: 1.35 GB
Memory Efficiency: 0.55% of 247.07 GB

Job completion status:
======================

       JobID    JobName AllocCPUS NTasks NNodes     MaxRSS    MaxRSSNode  MaxDiskRead MaxDiskWrite    Elapsed      State ExitCode 
------------ ---------- --------- ------ ------ ---------- ------------- ------------ ------------ ---------- ---------- -------- 
22659        BSDE_job_+       132            11                                                      00:19:59  COMPLETED      0:0 
22659.batch       batch        12      1      1   1413852K   kelvin-n011        0.86M        0.01M   00:19:59  COMPLETED      0:0 
22659.0           orted       120     10     10                                                      00:19:58  COMPLETED      0:0 


Job details:
============

JobId=22659 JobName=BSDE_job_4_procs
   UserId=zuoy(1582) GroupId=zuoy(1252) MCS_label=N/A
   Priority=11013479 Nice=0 Account=hpc_21_01207 QOS=normal
   JobState=COMPLETING Reason=None Dependency=(null)
   Requeue=0 Restarts=0 BatchFlag=1 Reboot=0 ExitCode=0:0
   DerivedExitCode=0:0
   RunTime=00:19:59 TimeLimit=23:00:00 TimeMin=N/A
   SubmitTime=2021-11-21T13:35:57 EligibleTime=2021-11-21T13:35:57
   AccrueTime=2021-11-21T13:35:57
   StartTime=2021-11-21T16:02:16 EndTime=2021-11-21T16:22:15 Deadline=N/A
   SuspendTime=None SecsPreSuspend=0 LastSchedEval=2021-11-21T16:02:16
   Partition=compute AllocNode:Sid=kelvin01:30506
   ReqNodeList=(null) ExcNodeList=(null)
   NodeList=kelvin-n[012,014,029-030,034-038,048]
   BatchHost=kelvin-n011
   NumNodes=10 NumCPUs=132 NumTasks=128 CPUs/Task=1 ReqB:S:C:T=0:0:*:*
   TRES=cpu=132,mem=253000M,node=11,billing=132
   Socks/Node=* NtasksPerN:B:S:C=0:0:*:* CoreSpec=*
   JOB_GRES=(null)
     Nodes=kelvin-n[011-012,014,029-030,034-038,048] CPU_IDs=0-11 Mem=23000 GRES=
   MinCPUsNode=1 MinMemoryNode=23000M MinTmpDiskNode=0
   Features=(null) DelayBoot=00:00:00
   OverSubscribe=NO Contiguous=0 Licenses=(null) Network=(null)
   Command=/home/users/mschpc/2019/zuoy/HPC/NeuralNetwork/parallel/scripts/script_HJBLQ_d300_b64_n128.sh
   WorkDir=/home/users/mschpc/2019/zuoy/HPC/NeuralNetwork/parallel
   StdErr=/home/users/mschpc/2019/zuoy/HPC/NeuralNetwork/parallel/output/slurm-22659.out
   StdIn=/dev/null
   StdOut=/home/users/mschpc/2019/zuoy/HPC/NeuralNetwork/parallel/output/slurm-22659.out
   Power=
   NtasksPerTRES:0


Disk quota details:
===================

Quota Type           Name  Filesystem     Usage in MB     Limit in MB    % Used
-------------------------------------------------------------------------------
USER                 zuoy       /home             124          51,200     0.24%

GROUP              mschpc   /projects             999          51,200     1.95%
GROUP          pi-dgolden   /projects               0          51,200     0.00%


SLURM Bank Statement:
=====================

User           Usage |        Account     Usage | Account Limit Available (CPU hrs)
---------- --------- + -------------- --------- + ------------- ---------
zuoy          19,599 |   HPC_21_01207    19,599 |       100,000    80,401


Acknowledgements:
=================

Note that usage of TCHPC Resources *must* be acknowledged in all publications.

Please see this page for details relevant to this cluster:

http://www.tchpc.tcd.ie/resources/acknowledgementpolicy

################################################################################
