Parallel Mode: Ring-Allreduce
Dimension: 300
Total time: 1
Number of time intervals: 20
Learning rate: 0.01
y_init_range: 0, 1
Number of neurons in each hidden layer of each subnet: 110, 110, 
Epochs: 1000
Batch size: 1
Sample size: 1024
Logging frequency: 100
Model name: HJBLQ_parallel_
Number of processors: 8


Training:
Epoch:100
In training set, loss: 5.76407, Y0: 5.68407

Epoch:200
In training set, loss: 5.38903, Y0: 5.68623

Epoch:300
In training set, loss: 5.11896, Y0: 5.68644

Epoch:400
In training set, loss: 4.86501, Y0: 5.68651

Epoch:500
In training set, loss: 4.62447, Y0: 5.68655

Epoch:600
In training set, loss: 4.39652, Y0: 5.68658

Epoch:700
In training set, loss: 4.18047, Y0: 5.68661

Epoch:800
In training set, loss: 3.97567, Y0: 5.68664

Epoch:900
In training set, loss: 3.7815, Y0: 5.68666

Epoch:1000
In training set, loss: 3.59736, Y0: 5.68668



###############################################################################
TCHPC Cluster: kelvin
Job 22268 (BSDE_job_4_procs) for User 'zuoy' in Account 'hpc_21_01207'
Finished at: Sun Nov 21 02:22:46 GMT 2021

Job efficiency estimates:
=========================

Job ID: 22268
Cluster: kelvin
User/Group: zuoy/zuoy
State: COMPLETED (exit code 0)
Nodes: 1
Cores per node: 12
CPU Utilized: 03:26:14
CPU Efficiency: 66.61% of 05:09:36 core-walltime
Job Wall-clock time: 00:25:48
Memory Utilized: 759.70 MB
Memory Efficiency: 3.30% of 22.46 GB

Job completion status:
======================

       JobID    JobName AllocCPUS NTasks NNodes     MaxRSS    MaxRSSNode  MaxDiskRead MaxDiskWrite    Elapsed      State ExitCode 
------------ ---------- --------- ------ ------ ---------- ------------- ------------ ------------ ---------- ---------- -------- 
22268        BSDE_job_+        12             1                                                      00:25:48  COMPLETED      0:0 
22268.batch       batch        12      1      1    777936K   kelvin-n089        0.86M        0.01M   00:25:48  COMPLETED      0:0 


Job details:
============

JobId=22268 JobName=BSDE_job_4_procs
   UserId=zuoy(1582) GroupId=zuoy(1252) MCS_label=N/A
   Priority=11083590 Nice=0 Account=hpc_21_01207 QOS=normal
   JobState=COMPLETING Reason=None Dependency=(null)
   Requeue=0 Restarts=0 BatchFlag=1 Reboot=0 ExitCode=0:0
   DerivedExitCode=0:0
   RunTime=00:25:48 TimeLimit=23:00:00 TimeMin=N/A
   SubmitTime=2021-11-20T22:48:31 EligibleTime=2021-11-20T22:48:31
   AccrueTime=2021-11-20T22:48:31
   StartTime=2021-11-21T01:56:58 EndTime=2021-11-21T02:22:46 Deadline=N/A
   SuspendTime=None SecsPreSuspend=0 LastSchedEval=2021-11-21T01:56:58
   Partition=compute AllocNode:Sid=kelvin01:32460
   ReqNodeList=(null) ExcNodeList=(null)
   NodeList=
   BatchHost=kelvin-n089
   NumNodes=1 NumCPUs=12 NumTasks=8 CPUs/Task=1 ReqB:S:C:T=0:0:*:*
   TRES=cpu=12,mem=23000M,node=1,billing=12
   Socks/Node=* NtasksPerN:B:S:C=0:0:*:* CoreSpec=*
   JOB_GRES=(null)
     Nodes=kelvin-n089 CPU_IDs=0-11 Mem=23000 GRES=
   MinCPUsNode=1 MinMemoryNode=23000M MinTmpDiskNode=0
   Features=(null) DelayBoot=00:00:00
   OverSubscribe=NO Contiguous=0 Licenses=(null) Network=(null)
   Command=/home/users/mschpc/2019/zuoy/HPC/NeuralNetwork/parallel/scripts/script_HJBLQ_d300_b1_n8.sh
   WorkDir=/home/users/mschpc/2019/zuoy/HPC/NeuralNetwork/parallel
   StdErr=/home/users/mschpc/2019/zuoy/HPC/NeuralNetwork/parallel/output/slurm-22268.out
   StdIn=/dev/null
   StdOut=/home/users/mschpc/2019/zuoy/HPC/NeuralNetwork/parallel/output/slurm-22268.out
   Power=
   NtasksPerTRES:0


Disk quota details:
===================

Quota Type           Name  Filesystem     Usage in MB     Limit in MB    % Used
-------------------------------------------------------------------------------
USER                 zuoy       /home             116          51,200     0.23%

GROUP              mschpc   /projects             999          51,200     1.95%
GROUP          pi-dgolden   /projects               0          51,200     0.00%


SLURM Bank Statement:
=====================

User           Usage |        Account     Usage | Account Limit Available (CPU hrs)
---------- --------- + -------------- --------- + ------------- ---------
zuoy          15,269 |   HPC_21_01207    15,269 |       100,000    84,731


Acknowledgements:
=================

Note that usage of TCHPC Resources *must* be acknowledged in all publications.

Please see this page for details relevant to this cluster:

http://www.tchpc.tcd.ie/resources/acknowledgementpolicy

################################################################################
