Parallel Mode: Master-Slave
Dimension: 300
Total time: 1
Number of time intervals: 40
Learning rate: 0.01
y_init_range: 40, 50
Number of neurons in each hidden layer of each subnet: 110, 110, 
Epochs: 1000
Batch size: 64
Sample size: 256
Logging frequency: 100
Model name: pricing_default_risk_parallel_
Number of processors: 64


Training:
Epoch:100
In training set, loss: 18907.3, Y0: 40.7368

Epoch:200
In training set, loss: 16722.9, Y0: 41.4233

Epoch:300
In training set, loss: 14826.7, Y0: 42.0631

Epoch:400
In training set, loss: 13180.5, Y0: 42.6594

Epoch:500
In training set, loss: 11750.2, Y0: 43.2151

Epoch:600
In training set, loss: 10507.1, Y0: 43.733

Epoch:700
In training set, loss: 9426.62, Y0: 44.2158

Epoch:800
In training set, loss: 8487.11, Y0: 44.6659

Epoch:900
In training set, loss: 7670.14, Y0: 45.0856

Epoch:1000
In training set, loss: 6959.66, Y0: 45.4768



###############################################################################
TCHPC Cluster: kelvin
Job 22947 (BSDE_job_4_procs) for User 'zuoy' in Account 'hpc_21_01207'
Finished at: Mon Nov 22 04:52:47 GMT 2021

Job efficiency estimates:
=========================

Job ID: 22947
Cluster: kelvin
User/Group: zuoy/zuoy
State: COMPLETED (exit code 0)
Nodes: 6
Cores per node: 12
CPU Utilized: 02:23:17
CPU Efficiency: 15.13% of 15:46:48 core-walltime
Job Wall-clock time: 00:13:09
Memory Utilized: 1.02 GB
Memory Efficiency: 0.75% of 134.77 GB

Job completion status:
======================

       JobID    JobName AllocCPUS NTasks NNodes     MaxRSS    MaxRSSNode  MaxDiskRead MaxDiskWrite    Elapsed      State ExitCode 
------------ ---------- --------- ------ ------ ---------- ------------- ------------ ------------ ---------- ---------- -------- 
22947        BSDE_job_+        72             6                                                      00:13:09  COMPLETED      0:0 
22947.batch       batch        12      1      1   1064520K   kelvin-n042        0.86M        0.01M   00:13:09  COMPLETED      0:0 
22947.0           orted        60      5      5                                                      00:13:07  COMPLETED      0:0 


Job details:
============

JobId=22947 JobName=BSDE_job_4_procs
   UserId=zuoy(1582) GroupId=zuoy(1252) MCS_label=N/A
   Priority=10612991 Nice=0 Account=hpc_21_01207 QOS=normal
   JobState=COMPLETING Reason=None Dependency=(null)
   Requeue=0 Restarts=0 BatchFlag=1 Reboot=0 ExitCode=0:0
   DerivedExitCode=0:0
   RunTime=00:13:09 TimeLimit=23:00:00 TimeMin=N/A
   SubmitTime=2021-11-22T00:48:15 EligibleTime=2021-11-22T00:48:15
   AccrueTime=2021-11-22T00:48:15
   StartTime=2021-11-22T04:39:38 EndTime=2021-11-22T04:52:47 Deadline=N/A
   SuspendTime=None SecsPreSuspend=0 LastSchedEval=2021-11-22T04:39:38
   Partition=compute AllocNode:Sid=kelvin01:12189
   ReqNodeList=(null) ExcNodeList=(null)
   NodeList=kelvin-n[044-048]
   BatchHost=kelvin-n042
   NumNodes=5 NumCPUs=72 NumTasks=64 CPUs/Task=1 ReqB:S:C:T=0:0:*:*
   TRES=cpu=72,mem=138000M,node=6,billing=72
   Socks/Node=* NtasksPerN:B:S:C=0:0:*:* CoreSpec=*
   JOB_GRES=(null)
     Nodes=kelvin-n[042,044-048] CPU_IDs=0-11 Mem=23000 GRES=
   MinCPUsNode=1 MinMemoryNode=23000M MinTmpDiskNode=0
   Features=(null) DelayBoot=00:00:00
   OverSubscribe=NO Contiguous=0 Licenses=(null) Network=(null)
   Command=/home/users/mschpc/2019/zuoy/HPC/NeuralNetwork/parallel/scripts/script_PricingDefaultRisk_d300_b64_n64.sh
   WorkDir=/home/users/mschpc/2019/zuoy/HPC/NeuralNetwork/parallel
   StdErr=/home/users/mschpc/2019/zuoy/HPC/NeuralNetwork/parallel/output/slurm-22947.out
   StdIn=/dev/null
   StdOut=/home/users/mschpc/2019/zuoy/HPC/NeuralNetwork/parallel/output/slurm-22947.out
   Power=
   NtasksPerTRES:0


Disk quota details:
===================

Quota Type           Name  Filesystem     Usage in MB     Limit in MB    % Used
-------------------------------------------------------------------------------
USER                 zuoy       /home             130          51,200     0.25%

GROUP              mschpc   /projects             999          51,200     1.95%
GROUP          pi-dgolden   /projects               0          51,200     0.00%


SLURM Bank Statement:
=====================

User           Usage |        Account     Usage | Account Limit Available (CPU hrs)
---------- --------- + -------------- --------- + ------------- ---------
zuoy          24,847 |   HPC_21_01207    24,847 |       100,000    75,153


Acknowledgements:
=================

Note that usage of TCHPC Resources *must* be acknowledged in all publications.

Please see this page for details relevant to this cluster:

http://www.tchpc.tcd.ie/resources/acknowledgementpolicy

################################################################################
