Parallel Mode: Ring-Allreduce
Dimension: 100
Total time: 0.3
Number of time intervals: 20
Learning rate: 0.0005
y_init_range: 0.3, 0.5
Number of neurons in each hidden layer of each subnet: 110, 110, 
Epochs: 4000
Batch size: 1
Sample size: 1024
Logging frequency: 100
Model name: AllenCahn_parallel_
Number of processors: 16


Training:
Epoch:100
In training set, loss: 8.5691, Y0: 0.0848854

Epoch:200
In training set, loss: 7.99263, Y0: 0.0522919

Epoch:300
In training set, loss: 7.85461, Y0: 0.0471099

Epoch:400
In training set, loss: 7.73532, Y0: 0.0463329

Epoch:500
In training set, loss: 7.62341, Y0: 0.0462653

Epoch:600
In training set, loss: 7.51808, Y0: 0.0463092

Epoch:700
In training set, loss: 7.41889, Y0: 0.0463677

Epoch:800
In training set, loss: 7.32541, Y0: 0.0464255

Epoch:900
In training set, loss: 7.23726, Y0: 0.0464801

Epoch:1000
In training set, loss: 7.15409, Y0: 0.0465314

Epoch:1100
In training set, loss: 7.07557, Y0: 0.0465796

Epoch:1200
In training set, loss: 7.00138, Y0: 0.0466247

Epoch:1300
In training set, loss: 6.93124, Y0: 0.0466671

Epoch:1400
In training set, loss: 6.8649, Y0: 0.0467068

Epoch:1500
In training set, loss: 6.80209, Y0: 0.0467441

Epoch:1600
In training set, loss: 6.74261, Y0: 0.046779

Epoch:1700
In training set, loss: 6.68623, Y0: 0.0468118

Epoch:1800
In training set, loss: 6.63275, Y0: 0.0468425

Epoch:1900
In training set, loss: 6.582, Y0: 0.0468713

Epoch:2000
In training set, loss: 6.53381, Y0: 0.0468982

Epoch:2100
In training set, loss: 6.48802, Y0: 0.0469235

Epoch:2200
In training set, loss: 6.44447, Y0: 0.0469472

Epoch:2300
In training set, loss: 6.40303, Y0: 0.0469693

Epoch:2400
In training set, loss: 6.36358, Y0: 0.0469901

Epoch:2500
In training set, loss: 6.32598, Y0: 0.0470095

Epoch:2600
In training set, loss: 6.29014, Y0: 0.0470277

Epoch:2700
In training set, loss: 6.25594, Y0: 0.0470446

Epoch:2800
In training set, loss: 6.22328, Y0: 0.0470604

Epoch:2900
In training set, loss: 6.19209, Y0: 0.0470752

Epoch:3000
In training set, loss: 6.16226, Y0: 0.047089

Epoch:3100
In training set, loss: 6.13372, Y0: 0.0471019

Epoch:3200
In training set, loss: 6.1064, Y0: 0.0471139

Epoch:3300
In training set, loss: 6.08022, Y0: 0.0471251

Epoch:3400
In training set, loss: 6.05512, Y0: 0.0471355

Epoch:3500
In training set, loss: 6.03104, Y0: 0.0471452

Epoch:3600
In training set, loss: 6.00792, Y0: 0.0471542

Epoch:3700
In training set, loss: 5.9857, Y0: 0.0471625

Epoch:3800
In training set, loss: 5.96435, Y0: 0.0471702

Epoch:3900
In training set, loss: 5.9438, Y0: 0.0471775

Epoch:4000
In training set, loss: 5.92401, Y0: 0.0471841



###############################################################################
TCHPC Cluster: kelvin
Job 22459 (BSDE_job_4_procs) for User 'zuoy' in Account 'hpc_21_01207'
Finished at: Sun Nov 21 07:43:36 GMT 2021

Job efficiency estimates:
=========================

Job ID: 22459
Cluster: kelvin
User/Group: zuoy/zuoy
State: COMPLETED (exit code 0)
Nodes: 2
Cores per node: 12
CPU Utilized: 02:49:48
CPU Efficiency: 33.19% of 08:31:36 core-walltime
Job Wall-clock time: 00:21:19
Memory Utilized: 430.67 MB
Memory Efficiency: 0.94% of 44.92 GB

Job completion status:
======================

       JobID    JobName AllocCPUS NTasks NNodes     MaxRSS    MaxRSSNode  MaxDiskRead MaxDiskWrite    Elapsed      State ExitCode 
------------ ---------- --------- ------ ------ ---------- ------------- ------------ ------------ ---------- ---------- -------- 
22459        BSDE_job_+        24             2                                                      00:21:19  COMPLETED      0:0 
22459.batch       batch        12      1      1    441004K   kelvin-n054        0.86M        0.01M   00:21:19  COMPLETED      0:0 
22459.0           orted        12      1      1                                                      00:21:16  COMPLETED      0:0 


Job details:
============

JobId=22459 JobName=BSDE_job_4_procs
   UserId=zuoy(1582) GroupId=zuoy(1252) MCS_label=N/A
   Priority=11089651 Nice=0 Account=hpc_21_01207 QOS=normal
   JobState=COMPLETING Reason=None Dependency=(null)
   Requeue=0 Restarts=0 BatchFlag=1 Reboot=0 ExitCode=0:0
   DerivedExitCode=0:0
   RunTime=00:21:19 TimeLimit=23:00:00 TimeMin=N/A
   SubmitTime=2021-11-21T04:02:29 EligibleTime=2021-11-21T04:02:29
   AccrueTime=2021-11-21T04:02:29
   StartTime=2021-11-21T07:22:17 EndTime=2021-11-21T07:43:36 Deadline=N/A
   SuspendTime=None SecsPreSuspend=0 LastSchedEval=2021-11-21T07:22:17
   Partition=compute AllocNode:Sid=kelvin01:15042
   ReqNodeList=(null) ExcNodeList=(null)
   NodeList=kelvin-n065
   BatchHost=kelvin-n054
   NumNodes=1 NumCPUs=24 NumTasks=16 CPUs/Task=1 ReqB:S:C:T=0:0:*:*
   TRES=cpu=24,mem=46000M,node=2,billing=24
   Socks/Node=* NtasksPerN:B:S:C=0:0:*:* CoreSpec=*
   JOB_GRES=(null)
     Nodes=kelvin-n[054,065] CPU_IDs=0-11 Mem=23000 GRES=
   MinCPUsNode=1 MinMemoryNode=23000M MinTmpDiskNode=0
   Features=(null) DelayBoot=00:00:00
   OverSubscribe=NO Contiguous=0 Licenses=(null) Network=(null)
   Command=/home/users/mschpc/2019/zuoy/HPC/NeuralNetwork/parallel/scripts/script_AllenCahn_d100_b1_n16.sh
   WorkDir=/home/users/mschpc/2019/zuoy/HPC/NeuralNetwork/parallel
   StdErr=/home/users/mschpc/2019/zuoy/HPC/NeuralNetwork/parallel/output/slurm-22459.out
   StdIn=/dev/null
   StdOut=/home/users/mschpc/2019/zuoy/HPC/NeuralNetwork/parallel/output/slurm-22459.out
   Power=
   NtasksPerTRES:0


Disk quota details:
===================

Quota Type           Name  Filesystem     Usage in MB     Limit in MB    % Used
-------------------------------------------------------------------------------
USER                 zuoy       /home             123          51,200     0.24%

GROUP              mschpc   /projects             999          51,200     1.95%
GROUP          pi-dgolden   /projects               0          51,200     0.00%


SLURM Bank Statement:
=====================

User           Usage |        Account     Usage | Account Limit Available (CPU hrs)
---------- --------- + -------------- --------- + ------------- ---------
zuoy          17,010 |   HPC_21_01207    17,010 |       100,000    82,990


Acknowledgements:
=================

Note that usage of TCHPC Resources *must* be acknowledged in all publications.

Please see this page for details relevant to this cluster:

http://www.tchpc.tcd.ie/resources/acknowledgementpolicy

################################################################################
