Parallel Mode: Ring-Allreduce
Dimension: 400
Total time: 1
Number of time intervals: 40
Learning rate: 0.01
y_init_range: 40, 50
Number of neurons in each hidden layer of each subnet: 110, 110, 
Epochs: 1000
Batch size: 64
Sample size: 256
Logging frequency: 100
Model name: pricing_default_risk_parallel_
Number of processors: 8


Training:
Epoch:100
In training set, loss: 7294.53, Y0: 44.3157

Epoch:200
In training set, loss: 3648.01, Y0: 46.7575

Epoch:300
In training set, loss: 2466.84, Y0: 48.1724

Epoch:400
In training set, loss: 2030.14, Y0: 49.0161

Epoch:500
In training set, loss: 1837.08, Y0: 49.5272

Epoch:600
In training set, loss: 1730.38, Y0: 49.839

Epoch:700
In training set, loss: 1657.09, Y0: 50.0297

Epoch:800
In training set, loss: 1597.87, Y0: 50.1467

Epoch:900
In training set, loss: 1545.56, Y0: 50.2187

Epoch:1000
In training set, loss: 1497.21, Y0: 50.263



###############################################################################
TCHPC Cluster: kelvin
Job 21879 (BSDE_job_4_procs) for User 'zuoy' in Account 'hpc_21_01207'
Finished at: Sat Nov 20 04:12:30 GMT 2021

Job efficiency estimates:
=========================

Job ID: 21879
Cluster: kelvin
User/Group: zuoy/zuoy
State: COMPLETED (exit code 0)
Nodes: 1
Cores per node: 12
CPU Utilized: 01:42:17
CPU Efficiency: 66.59% of 02:33:36 core-walltime
Job Wall-clock time: 00:12:48
Memory Utilized: 840.53 MB
Memory Efficiency: 3.65% of 22.46 GB

Job completion status:
======================

       JobID    JobName AllocCPUS NTasks NNodes     MaxRSS    MaxRSSNode  MaxDiskRead MaxDiskWrite    Elapsed      State ExitCode 
------------ ---------- --------- ------ ------ ---------- ------------- ------------ ------------ ---------- ---------- -------- 
21879        BSDE_job_+        12             1                                                      00:12:48  COMPLETED      0:0 
21879.batch       batch        12      1      1    860704K   kelvin-n015        0.87M        0.01M   00:12:48  COMPLETED      0:0 


Job details:
============

JobId=21879 JobName=BSDE_job_4_procs
   UserId=zuoy(1582) GroupId=zuoy(1252) MCS_label=N/A
   Priority=11155871 Nice=0 Account=hpc_21_01207 QOS=normal
   JobState=COMPLETING Reason=None Dependency=(null)
   Requeue=0 Restarts=0 BatchFlag=1 Reboot=0 ExitCode=0:0
   DerivedExitCode=0:0
   RunTime=00:12:48 TimeLimit=23:00:00 TimeMin=N/A
   SubmitTime=2021-11-20T00:15:34 EligibleTime=2021-11-20T00:15:34
   AccrueTime=2021-11-20T00:15:34
   StartTime=2021-11-20T03:59:42 EndTime=2021-11-20T04:12:30 Deadline=N/A
   SuspendTime=None SecsPreSuspend=0 LastSchedEval=2021-11-20T03:59:42
   Partition=compute AllocNode:Sid=kelvin01:23080
   ReqNodeList=(null) ExcNodeList=(null)
   NodeList=
   BatchHost=kelvin-n015
   NumNodes=1 NumCPUs=12 NumTasks=8 CPUs/Task=1 ReqB:S:C:T=0:0:*:*
   TRES=cpu=12,mem=23000M,node=1,billing=12
   Socks/Node=* NtasksPerN:B:S:C=0:0:*:* CoreSpec=*
   JOB_GRES=(null)
     Nodes=kelvin-n015 CPU_IDs=0-11 Mem=23000 GRES=
   MinCPUsNode=1 MinMemoryNode=23000M MinTmpDiskNode=0
   Features=(null) DelayBoot=00:00:00
   OverSubscribe=NO Contiguous=0 Licenses=(null) Network=(null)
   Command=/home/users/mschpc/2019/zuoy/HPC/NeuralNetwork/parallel/scripts/script_PricingDefaultRisk_d400_b64_n8.sh
   WorkDir=/home/users/mschpc/2019/zuoy/HPC/NeuralNetwork/parallel
   StdErr=/home/users/mschpc/2019/zuoy/HPC/NeuralNetwork/parallel/output/slurm-21879.out
   StdIn=/dev/null
   StdOut=/home/users/mschpc/2019/zuoy/HPC/NeuralNetwork/parallel/output/slurm-21879.out
   Power=
   NtasksPerTRES:0


Disk quota details:
===================

Quota Type           Name  Filesystem     Usage in MB     Limit in MB    % Used
-------------------------------------------------------------------------------
USER                 zuoy       /home             111          51,200     0.22%

GROUP              mschpc   /projects             999          51,200     1.95%
GROUP          pi-dgolden   /projects               0          51,200     0.00%


SLURM Bank Statement:
=====================

User           Usage |        Account     Usage | Account Limit Available (CPU hrs)
---------- --------- + -------------- --------- + ------------- ---------
zuoy          11,933 |   HPC_21_01207    11,933 |       100,000    88,067


Acknowledgements:
=================

Note that usage of TCHPC Resources *must* be acknowledged in all publications.

Please see this page for details relevant to this cluster:

http://www.tchpc.tcd.ie/resources/acknowledgementpolicy

################################################################################
