Parallel Mode: Ring-Allreduce
Dimension: 100
Total time: 0.25
Number of time intervals: 20
Learning rate: 0.0005
y_init_range: 0.25, 0.5
Number of neurons in each hidden layer of each subnet: 110, 110, 
Epochs: 4000
Batch size: 64
Sample size: 1024
Logging frequency: 100
Model name: AllenCahn_parallel_
Number of processors: 64


Training:
Epoch:100
In training set, loss: 19.8983, Y0: 0.248377

Epoch:200
In training set, loss: 19.6844, Y0: 0.246765

Epoch:300
In training set, loss: 19.4744, Y0: 0.245169

Epoch:400
In training set, loss: 19.2681, Y0: 0.243586

Epoch:500
In training set, loss: 19.0654, Y0: 0.242018

Epoch:600
In training set, loss: 18.8663, Y0: 0.240463

Epoch:700
In training set, loss: 18.6707, Y0: 0.238922

Epoch:800
In training set, loss: 18.4785, Y0: 0.237395

Epoch:900
In training set, loss: 18.2895, Y0: 0.23588

Epoch:1000
In training set, loss: 18.104, Y0: 0.23438

Epoch:1100
In training set, loss: 17.9216, Y0: 0.232892

Epoch:1200
In training set, loss: 17.7424, Y0: 0.231417

Epoch:1300
In training set, loss: 17.5663, Y0: 0.229956

Epoch:1400
In training set, loss: 17.3933, Y0: 0.228507

Epoch:1500
In training set, loss: 17.2234, Y0: 0.227072

Epoch:1600
In training set, loss: 17.0561, Y0: 0.225647

Epoch:1700
In training set, loss: 16.8919, Y0: 0.224235

Epoch:1800
In training set, loss: 16.7305, Y0: 0.222836

Epoch:1900
In training set, loss: 16.5719, Y0: 0.221449

Epoch:2000
In training set, loss: 16.4159, Y0: 0.220074

Epoch:2100
In training set, loss: 16.2627, Y0: 0.218711

Epoch:2200
In training set, loss: 16.1121, Y0: 0.21736

Epoch:2300
In training set, loss: 15.9642, Y0: 0.216021

Epoch:2400
In training set, loss: 15.8184, Y0: 0.21469

Epoch:2500
In training set, loss: 15.6753, Y0: 0.213373

Epoch:2600
In training set, loss: 15.5347, Y0: 0.212067

Epoch:2700
In training set, loss: 15.3965, Y0: 0.210773

Epoch:2800
In training set, loss: 15.2607, Y0: 0.209489

Epoch:2900
In training set, loss: 15.1271, Y0: 0.208217

Epoch:3000
In training set, loss: 14.9958, Y0: 0.206956

Epoch:3100
In training set, loss: 14.8668, Y0: 0.205706

Epoch:3200
In training set, loss: 14.74, Y0: 0.204466

Epoch:3300
In training set, loss: 14.6151, Y0: 0.203236

Epoch:3400
In training set, loss: 14.4924, Y0: 0.202016

Epoch:3500
In training set, loss: 14.3717, Y0: 0.200807

Epoch:3600
In training set, loss: 14.2532, Y0: 0.199609

Epoch:3700
In training set, loss: 14.1365, Y0: 0.19842

Epoch:3800
In training set, loss: 14.0219, Y0: 0.197242

Epoch:3900
In training set, loss: 13.9092, Y0: 0.196074

Epoch:4000
In training set, loss: 13.7984, Y0: 0.194916



###############################################################################
TCHPC Cluster: kelvin
Job 22448 (BSDE_job_4_procs) for User 'zuoy' in Account 'hpc_21_01207'
Finished at: Sun Nov 21 05:54:46 GMT 2021

Job efficiency estimates:
=========================

Job ID: 22448
Cluster: kelvin
User/Group: zuoy/zuoy
State: COMPLETED (exit code 0)
Nodes: 6
Cores per node: 12
CPU Utilized: 02:45:08
CPU Efficiency: 15.14% of 18:10:48 core-walltime
Job Wall-clock time: 00:15:09
Memory Utilized: 587.77 MB
Memory Efficiency: 0.43% of 134.77 GB

Job completion status:
======================

       JobID    JobName AllocCPUS NTasks NNodes     MaxRSS    MaxRSSNode  MaxDiskRead MaxDiskWrite    Elapsed      State ExitCode 
------------ ---------- --------- ------ ------ ---------- ------------- ------------ ------------ ---------- ---------- -------- 
22448        BSDE_job_+        72             6                                                      00:15:09  COMPLETED      0:0 
22448.batch       batch        12      1      1    601880K   kelvin-n074        0.86M        0.01M   00:15:09  COMPLETED      0:0 
22448.0           orted        60      5      5                                                      00:15:08  COMPLETED      0:0 


Job details:
============

JobId=22448 JobName=BSDE_job_4_procs
   UserId=zuoy(1582) GroupId=zuoy(1252) MCS_label=N/A
   Priority=11066309 Nice=0 Account=hpc_21_01207 QOS=normal
   JobState=COMPLETING Reason=None Dependency=(null)
   Requeue=0 Restarts=0 BatchFlag=1 Reboot=0 ExitCode=0:0
   DerivedExitCode=0:0
   RunTime=00:15:09 TimeLimit=23:00:00 TimeMin=N/A
   SubmitTime=2021-11-21T03:11:17 EligibleTime=2021-11-21T03:11:17
   AccrueTime=2021-11-21T03:11:17
   StartTime=2021-11-21T05:39:37 EndTime=2021-11-21T05:54:46 Deadline=N/A
   SuspendTime=None SecsPreSuspend=0 LastSchedEval=2021-11-21T05:39:37
   Partition=compute AllocNode:Sid=kelvin01:16943
   ReqNodeList=(null) ExcNodeList=(null)
   NodeList=kelvin-n[075-076,079,082,084]
   BatchHost=kelvin-n074
   NumNodes=5 NumCPUs=72 NumTasks=64 CPUs/Task=1 ReqB:S:C:T=0:0:*:*
   TRES=cpu=72,mem=138000M,node=6,billing=72
   Socks/Node=* NtasksPerN:B:S:C=0:0:*:* CoreSpec=*
   JOB_GRES=(null)
     Nodes=kelvin-n[074-076,079,082,084] CPU_IDs=0-11 Mem=23000 GRES=
   MinCPUsNode=1 MinMemoryNode=23000M MinTmpDiskNode=0
   Features=(null) DelayBoot=00:00:00
   OverSubscribe=NO Contiguous=0 Licenses=(null) Network=(null)
   Command=/home/users/mschpc/2019/zuoy/HPC/NeuralNetwork/parallel/scripts/script_AllenCahn_d200_b64_n64.sh
   WorkDir=/home/users/mschpc/2019/zuoy/HPC/NeuralNetwork/parallel
   StdErr=/home/users/mschpc/2019/zuoy/HPC/NeuralNetwork/parallel/output/slurm-22448.out
   StdIn=/dev/null
   StdOut=/home/users/mschpc/2019/zuoy/HPC/NeuralNetwork/parallel/output/slurm-22448.out
   Power=
   NtasksPerTRES:0


Disk quota details:
===================

Quota Type           Name  Filesystem     Usage in MB     Limit in MB    % Used
-------------------------------------------------------------------------------
USER                 zuoy       /home             119          51,200     0.23%

GROUP              mschpc   /projects             999          51,200     1.95%
GROUP          pi-dgolden   /projects               0          51,200     0.00%


SLURM Bank Statement:
=====================

User           Usage |        Account     Usage | Account Limit Available (CPU hrs)
---------- --------- + -------------- --------- + ------------- ---------
zuoy          16,403 |   HPC_21_01207    16,403 |       100,000    83,597


Acknowledgements:
=================

Note that usage of TCHPC Resources *must* be acknowledged in all publications.

Please see this page for details relevant to this cluster:

http://www.tchpc.tcd.ie/resources/acknowledgementpolicy

################################################################################
