Parallel Mode: Ring-Allreduce
Dimension: 100
Total time: 0.3
Number of time intervals: 20
Learning rate: 0.0005
y_init_range: 0.3, 0.5
Number of neurons in each hidden layer of each subnet: 110, 110, 
Epochs: 4000
Batch size: 1
Sample size: 1024
Logging frequency: 100
Model name: AllenCahn_parallel_
Number of processors: 32


Training:
Epoch:100
In training set, loss: 11.1279, Y0: 0.14389

Epoch:200
In training set, loss: 8.64643, Y0: 0.0852607

Epoch:300
In training set, loss: 8.19115, Y0: 0.0621556

Epoch:400
In training set, loss: 8.05217, Y0: 0.0529815

Epoch:500
In training set, loss: 7.9658, Y0: 0.0493579

Epoch:600
In training set, loss: 7.89004, Y0: 0.0479558

Epoch:700
In training set, loss: 7.81803, Y0: 0.0474438

Epoch:800
In training set, loss: 7.74861, Y0: 0.0472882

Epoch:900
In training set, loss: 7.68151, Y0: 0.0472748

Epoch:1000
In training set, loss: 7.61662, Y0: 0.0473174

Epoch:1100
In training set, loss: 7.55384, Y0: 0.0473817

Epoch:1200
In training set, loss: 7.4931, Y0: 0.0474537

Epoch:1300
In training set, loss: 7.43434, Y0: 0.0475277

Epoch:1400
In training set, loss: 7.37746, Y0: 0.0476017

Epoch:1500
In training set, loss: 7.32241, Y0: 0.0476747

Epoch:1600
In training set, loss: 7.26912, Y0: 0.0477464

Epoch:1700
In training set, loss: 7.21753, Y0: 0.0478168

Epoch:1800
In training set, loss: 7.16758, Y0: 0.0478857

Epoch:1900
In training set, loss: 7.11921, Y0: 0.0479532

Epoch:2000
In training set, loss: 7.07235, Y0: 0.0480194

Epoch:2100
In training set, loss: 7.02696, Y0: 0.0480842

Epoch:2200
In training set, loss: 6.98299, Y0: 0.0481476

Epoch:2300
In training set, loss: 6.94039, Y0: 0.0482098

Epoch:2400
In training set, loss: 6.89911, Y0: 0.0482707

Epoch:2500
In training set, loss: 6.85911, Y0: 0.0483304

Epoch:2600
In training set, loss: 6.82033, Y0: 0.0483889

Epoch:2700
In training set, loss: 6.78273, Y0: 0.0484463

Epoch:2800
In training set, loss: 6.74629, Y0: 0.0485024

Epoch:2900
In training set, loss: 6.71095, Y0: 0.0485575

Epoch:3000
In training set, loss: 6.67668, Y0: 0.0486115

Epoch:3100
In training set, loss: 6.64344, Y0: 0.0486644

Epoch:3200
In training set, loss: 6.6112, Y0: 0.0487162

Epoch:3300
In training set, loss: 6.57993, Y0: 0.0487671

Epoch:3400
In training set, loss: 6.54958, Y0: 0.0488169

Epoch:3500
In training set, loss: 6.52013, Y0: 0.0488658

Epoch:3600
In training set, loss: 6.49155, Y0: 0.0489138

Epoch:3700
In training set, loss: 6.4638, Y0: 0.0489609

Epoch:3800
In training set, loss: 6.43687, Y0: 0.049007

Epoch:3900
In training set, loss: 6.41073, Y0: 0.0490523

Epoch:4000
In training set, loss: 6.38535, Y0: 0.0490966



###############################################################################
TCHPC Cluster: kelvin
Job 22462 (BSDE_job_4_procs) for User 'zuoy' in Account 'hpc_21_01207'
Finished at: Sun Nov 21 07:37:08 GMT 2021

Job efficiency estimates:
=========================

Job ID: 22462
Cluster: kelvin
User/Group: zuoy/zuoy
State: COMPLETED (exit code 0)
Nodes: 3
Cores per node: 12
CPU Utilized: 03:35:08
CPU Efficiency: 30.41% of 11:47:24 core-walltime
Job Wall-clock time: 00:19:39
Memory Utilized: 582.93 MB
Memory Efficiency: 0.84% of 67.38 GB

Job completion status:
======================

       JobID    JobName AllocCPUS NTasks NNodes     MaxRSS    MaxRSSNode  MaxDiskRead MaxDiskWrite    Elapsed      State ExitCode 
------------ ---------- --------- ------ ------ ---------- ------------- ------------ ------------ ---------- ---------- -------- 
22462        BSDE_job_+        36             3                                                      00:19:39  COMPLETED      0:0 
22462.batch       batch        12      1      1    596924K   kelvin-n030        0.86M        0.01M   00:19:39  COMPLETED      0:0 
22462.0           orted        24      2      2                                                      00:19:38  COMPLETED      0:0 


Job details:
============

JobId=22462 JobName=BSDE_job_4_procs
   UserId=zuoy(1582) GroupId=zuoy(1252) MCS_label=N/A
   Priority=11087759 Nice=0 Account=hpc_21_01207 QOS=normal
   JobState=COMPLETING Reason=None Dependency=(null)
   Requeue=0 Restarts=0 BatchFlag=1 Reboot=0 ExitCode=0:0
   DerivedExitCode=0:0
   RunTime=00:19:39 TimeLimit=23:00:00 TimeMin=N/A
   SubmitTime=2021-11-21T04:02:29 EligibleTime=2021-11-21T04:02:29
   AccrueTime=2021-11-21T04:02:29
   StartTime=2021-11-21T07:17:29 EndTime=2021-11-21T07:37:08 Deadline=N/A
   SuspendTime=None SecsPreSuspend=0 LastSchedEval=2021-11-21T07:17:29
   Partition=compute AllocNode:Sid=kelvin01:15042
   ReqNodeList=(null) ExcNodeList=(null)
   NodeList=kelvin-n[034-035]
   BatchHost=kelvin-n030
   NumNodes=2 NumCPUs=36 NumTasks=32 CPUs/Task=1 ReqB:S:C:T=0:0:*:*
   TRES=cpu=36,mem=69000M,node=3,billing=36
   Socks/Node=* NtasksPerN:B:S:C=0:0:*:* CoreSpec=*
   JOB_GRES=(null)
     Nodes=kelvin-n[030,034-035] CPU_IDs=0-11 Mem=23000 GRES=
   MinCPUsNode=1 MinMemoryNode=23000M MinTmpDiskNode=0
   Features=(null) DelayBoot=00:00:00
   OverSubscribe=NO Contiguous=0 Licenses=(null) Network=(null)
   Command=/home/users/mschpc/2019/zuoy/HPC/NeuralNetwork/parallel/scripts/script_AllenCahn_d100_b1_n32.sh
   WorkDir=/home/users/mschpc/2019/zuoy/HPC/NeuralNetwork/parallel
   StdErr=/home/users/mschpc/2019/zuoy/HPC/NeuralNetwork/parallel/output/slurm-22462.out
   StdIn=/dev/null
   StdOut=/home/users/mschpc/2019/zuoy/HPC/NeuralNetwork/parallel/output/slurm-22462.out
   Power=
   NtasksPerTRES:0


Disk quota details:
===================

Quota Type           Name  Filesystem     Usage in MB     Limit in MB    % Used
-------------------------------------------------------------------------------
USER                 zuoy       /home             123          51,200     0.24%

GROUP              mschpc   /projects             999          51,200     1.95%
GROUP          pi-dgolden   /projects               0          51,200     0.00%


SLURM Bank Statement:
=====================

User           Usage |        Account     Usage | Account Limit Available (CPU hrs)
---------- --------- + -------------- --------- + ------------- ---------
zuoy          16,983 |   HPC_21_01207    16,983 |       100,000    83,017


Acknowledgements:
=================

Note that usage of TCHPC Resources *must* be acknowledged in all publications.

Please see this page for details relevant to this cluster:

http://www.tchpc.tcd.ie/resources/acknowledgementpolicy

################################################################################
