Parallel Mode: Ring-Allreduce
Dimension: 100
Total time: 1
Number of time intervals: 40
Learning rate: 0.01
y_init_range: 40, 50
Number of neurons in each hidden layer of each subnet: 110, 110, 
Epochs: 1000
Batch size: 64
Sample size: 256
Logging frequency: 100
Model name: pricing_default_risk_parallel_
Number of processors: 128


Training:
Epoch:100
In training set, loss: 3841.47, Y0: 55.1263

Epoch:200
In training set, loss: 2941.14, Y0: 57.4522

Epoch:300
In training set, loss: 2817.79, Y0: 57.854

Epoch:400
In training set, loss: 2725.1, Y0: 57.9421

Epoch:500
In training set, loss: 2641.19, Y0: 57.9776

Epoch:600
In training set, loss: 2564.47, Y0: 58.0034

Epoch:700
In training set, loss: 2493.98, Y0: 58.0265

Epoch:800
In training set, loss: 2428.75, Y0: 58.0482

Epoch:900
In training set, loss: 2368.39, Y0: 58.0685

Epoch:1000
In training set, loss: 2312.32, Y0: 58.0878



###############################################################################
TCHPC Cluster: kelvin
Job 24087 (BSDE_job_4_procs) for User 'zuoy' in Account 'hpc_21_01207'
Finished at: Thu Nov 25 17:15:20 GMT 2021

Job efficiency estimates:
=========================

Job ID: 24087
Cluster: kelvin
User/Group: zuoy/zuoy
State: COMPLETED (exit code 0)
Nodes: 11
Cores per node: 12
CPU Utilized: 01:32:45
CPU Efficiency: 8.91% of 17:20:36 core-walltime
Job Wall-clock time: 00:07:53
Memory Utilized: 631.52 MB
Memory Efficiency: 0.25% of 247.07 GB

Job completion status:
======================

       JobID    JobName AllocCPUS NTasks NNodes     MaxRSS    MaxRSSNode  MaxDiskRead MaxDiskWrite    Elapsed      State ExitCode 
------------ ---------- --------- ------ ------ ---------- ------------- ------------ ------------ ---------- ---------- -------- 
24087        BSDE_job_+       132            11                                                      00:07:53  COMPLETED      0:0 
24087.batch       batch        12      1      1    646672K   kelvin-n031        0.86M        0.01M   00:07:53  COMPLETED      0:0 
24087.0           orted       120     10     10                                                      00:07:52  COMPLETED      0:0 


Job details:
============

JobId=24087 JobName=BSDE_job_4_procs
   UserId=zuoy(1582) GroupId=zuoy(1252) MCS_label=N/A
   Priority=10619884 Nice=0 Account=hpc_21_01207 QOS=normal
   JobState=COMPLETING Reason=None Dependency=(null)
   Requeue=0 Restarts=0 BatchFlag=1 Reboot=0 ExitCode=0:0
   DerivedExitCode=0:0
   RunTime=00:07:53 TimeLimit=23:00:00 TimeMin=N/A
   SubmitTime=2021-11-25T13:08:17 EligibleTime=2021-11-25T13:08:17
   AccrueTime=2021-11-25T13:08:17
   StartTime=2021-11-25T17:07:27 EndTime=2021-11-25T17:15:20 Deadline=N/A
   SuspendTime=None SecsPreSuspend=0 LastSchedEval=2021-11-25T17:07:27
   Partition=compute AllocNode:Sid=kelvin01:17031
   ReqNodeList=(null) ExcNodeList=(null)
   NodeList=kelvin-n[034,042,044,046,048,079,081,084,086,090]
   BatchHost=kelvin-n031
   NumNodes=10 NumCPUs=132 NumTasks=128 CPUs/Task=1 ReqB:S:C:T=0:0:*:*
   TRES=cpu=132,mem=253000M,node=11,billing=132
   Socks/Node=* NtasksPerN:B:S:C=0:0:*:* CoreSpec=*
   JOB_GRES=(null)
     Nodes=kelvin-n[031,034,042,044,046,048,079,081,084,086,090] CPU_IDs=0-11 Mem=23000 GRES=
   MinCPUsNode=1 MinMemoryNode=23000M MinTmpDiskNode=0
   Features=(null) DelayBoot=00:00:00
   OverSubscribe=NO Contiguous=0 Licenses=(null) Network=(null)
   Command=/home/users/mschpc/2019/zuoy/HPC/NeuralNetwork/parallel/scripts/script_PricingDefaultRisk_d100_b64_n128.sh
   WorkDir=/home/users/mschpc/2019/zuoy/HPC/NeuralNetwork/parallel
   StdErr=/home/users/mschpc/2019/zuoy/HPC/NeuralNetwork/parallel/output/slurm-24087.out
   StdIn=/dev/null
   StdOut=/home/users/mschpc/2019/zuoy/HPC/NeuralNetwork/parallel/output/slurm-24087.out
   Power=
   NtasksPerTRES:0


Disk quota details:
===================

Quota Type           Name  Filesystem     Usage in MB     Limit in MB    % Used
-------------------------------------------------------------------------------
USER                 zuoy       /home             146          51,200     0.29%

GROUP              mschpc   /projects             999          51,200     1.95%
GROUP          pi-dgolden   /projects               0          51,200     0.00%


SLURM Bank Statement:
=====================

User           Usage |        Account     Usage | Account Limit Available (CPU hrs)
---------- --------- + -------------- --------- + ------------- ---------
zuoy          28,823 |   HPC_21_01207    28,823 |       100,000    71,177


Acknowledgements:
=================

Note that usage of TCHPC Resources *must* be acknowledged in all publications.

Please see this page for details relevant to this cluster:

http://www.tchpc.tcd.ie/resources/acknowledgementpolicy

################################################################################
