Parallel Mode: Master-Slave
Dimension: 400
Total time: 1
Number of time intervals: 40
Learning rate: 0.01
y_init_range: 40, 50
Number of neurons in each hidden layer of each subnet: 110, 110, 
Epochs: 1000
Batch size: 64
Sample size: 256
Logging frequency: 100
Model name: pricing_default_risk_parallel_
Number of processors: 32


Training:
Epoch:100
In training set, loss: 1784.43, Y0: 50.0829

Epoch:200
In training set, loss: 1434.61, Y0: 50.3021

Epoch:300
In training set, loss: 1188.12, Y0: 50.3449

Epoch:400
In training set, loss: 1006.81, Y0: 50.3793

Epoch:500
In training set, loss: 868.808, Y0: 50.4091

Epoch:600
In training set, loss: 760.467, Y0: 50.435

Epoch:700
In training set, loss: 673.199, Y0: 50.4574

Epoch:800
In training set, loss: 601.499, Y0: 50.477

Epoch:900
In training set, loss: 541.585, Y0: 50.4941

Epoch:1000
In training set, loss: 490.818, Y0: 50.5093



###############################################################################
TCHPC Cluster: kelvin
Job 23613 (BSDE_job_4_procs) for User 'zuoy' in Account 'hpc_21_01207'
Finished at: Wed Nov 24 09:52:59 GMT 2021

Job efficiency estimates:
=========================

Job ID: 23613
Cluster: kelvin
User/Group: zuoy/zuoy
State: COMPLETED (exit code 0)
Nodes: 3
Cores per node: 12
CPU Utilized: 02:12:43
CPU Efficiency: 30.14% of 07:20:24 core-walltime
Job Wall-clock time: 00:12:14
Memory Utilized: 1.17 GB
Memory Efficiency: 1.74% of 67.38 GB

Job completion status:
======================

       JobID    JobName AllocCPUS NTasks NNodes     MaxRSS    MaxRSSNode  MaxDiskRead MaxDiskWrite    Elapsed      State ExitCode 
------------ ---------- --------- ------ ------ ---------- ------------- ------------ ------------ ---------- ---------- -------- 
23613        BSDE_job_+        36             3                                                      00:12:14  COMPLETED      0:0 
23613.batch       batch        12      1      1   1228208K   kelvin-n051        0.86M        0.01M   00:12:14  COMPLETED      0:0 
23613.0           orted        24      2      2                                                      00:12:13  COMPLETED      0:0 


Job details:
============

JobId=23613 JobName=BSDE_job_4_procs
   UserId=zuoy(1582) GroupId=zuoy(1252) MCS_label=N/A
   Priority=10900024 Nice=0 Account=hpc_21_01207 QOS=normal
   JobState=COMPLETING Reason=None Dependency=(null)
   Requeue=0 Restarts=0 BatchFlag=1 Reboot=0 ExitCode=0:0
   DerivedExitCode=0:0
   RunTime=00:12:14 TimeLimit=23:00:00 TimeMin=N/A
   SubmitTime=2021-11-23T20:07:02 EligibleTime=2021-11-23T20:07:02
   AccrueTime=2021-11-23T20:07:02
   StartTime=2021-11-24T09:40:44 EndTime=2021-11-24T09:52:58 Deadline=N/A
   SuspendTime=None SecsPreSuspend=0 LastSchedEval=2021-11-24T09:40:44
   Partition=compute AllocNode:Sid=kelvin01:24748
   ReqNodeList=(null) ExcNodeList=(null)
   NodeList=kelvin-n[054,059]
   BatchHost=kelvin-n051
   NumNodes=2 NumCPUs=36 NumTasks=32 CPUs/Task=1 ReqB:S:C:T=0:0:*:*
   TRES=cpu=36,mem=69000M,node=3,billing=36
   Socks/Node=* NtasksPerN:B:S:C=0:0:*:* CoreSpec=*
   JOB_GRES=(null)
     Nodes=kelvin-n[051,054,059] CPU_IDs=0-11 Mem=23000 GRES=
   MinCPUsNode=1 MinMemoryNode=23000M MinTmpDiskNode=0
   Features=(null) DelayBoot=00:00:00
   OverSubscribe=NO Contiguous=0 Licenses=(null) Network=(null)
   Command=/home/users/mschpc/2019/zuoy/HPC/NeuralNetwork/parallel/scripts/script_PricingDefaultRisk_d400_b64_n32.sh
   WorkDir=/home/users/mschpc/2019/zuoy/HPC/NeuralNetwork/parallel
   StdErr=/home/users/mschpc/2019/zuoy/HPC/NeuralNetwork/parallel/output/slurm-23613.out
   StdIn=/dev/null
   StdOut=/home/users/mschpc/2019/zuoy/HPC/NeuralNetwork/parallel/output/slurm-23613.out
   Power=
   NtasksPerTRES:0


Disk quota details:
===================

Quota Type           Name  Filesystem     Usage in MB     Limit in MB    % Used
-------------------------------------------------------------------------------
USER                 zuoy       /home             141          51,200     0.28%

GROUP              mschpc   /projects             999          51,200     1.95%
GROUP          pi-dgolden   /projects               0          51,200     0.00%


SLURM Bank Statement:
=====================

User           Usage |        Account     Usage | Account Limit Available (CPU hrs)
---------- --------- + -------------- --------- + ------------- ---------
zuoy          29,172 |   HPC_21_01207    29,172 |       100,000    70,828


Acknowledgements:
=================

Note that usage of TCHPC Resources *must* be acknowledged in all publications.

Please see this page for details relevant to this cluster:

http://www.tchpc.tcd.ie/resources/acknowledgementpolicy

################################################################################
