Parallel Mode: Ring-Allreduce
Dimension: 500
Total time: 1
Number of time intervals: 40
Learning rate: 0.01
y_init_range: 40, 50
Number of neurons in each hidden layer of each subnet: 110, 110, 
Epochs: 1000
Batch size: 1
Sample size: 256
Logging frequency: 100
Model name: pricing_default_risk_parallel_
Number of processors: 8


Training:
Epoch:100
In training set, loss: 355.887, Y0: 49.8884

Epoch:200
In training set, loss: 153.872, Y0: 49.9359

Epoch:300
In training set, loss: 81.4971, Y0: 49.9502

Epoch:400
In training set, loss: 46.9191, Y0: 49.9574

Epoch:500
In training set, loss: 28.2927, Y0: 49.962

Epoch:600
In training set, loss: 17.5732, Y0: 49.9651

Epoch:700
In training set, loss: 11.1519, Y0: 49.9673

Epoch:800
In training set, loss: 7.20095, Y0: 49.9689

Epoch:900
In training set, loss: 4.71255, Y0: 49.9701

Epoch:1000
In training set, loss: 3.11958, Y0: 49.9711



###############################################################################
TCHPC Cluster: kelvin
Job 21451 (BSDE_job_4_procs) for User 'zuoy' in Account 'hpc_21_01207'
Finished at: Fri Nov 19 02:59:50 GMT 2021

Job efficiency estimates:
=========================

Job ID: 21451
Cluster: kelvin
User/Group: zuoy/zuoy
State: COMPLETED (exit code 0)
Nodes: 1
Cores per node: 12
CPU Utilized: 03:10:55
CPU Efficiency: 66.52% of 04:47:00 core-walltime
Job Wall-clock time: 00:23:55
Memory Utilized: 985.70 MB
Memory Efficiency: 4.29% of 22.46 GB

Job completion status:
======================

       JobID    JobName AllocCPUS NTasks NNodes     MaxRSS    MaxRSSNode  MaxDiskRead MaxDiskWrite    Elapsed      State ExitCode 
------------ ---------- --------- ------ ------ ---------- ------------- ------------ ------------ ---------- ---------- -------- 
21451        BSDE_job_+        12             1                                                      00:23:55  COMPLETED      0:0 
21451.batch       batch        12      1      1   1009360K   kelvin-n076        0.86M        0.01M   00:23:55  COMPLETED      0:0 


Job details:
============

JobId=21451 JobName=BSDE_job_4_procs
   UserId=zuoy(1582) GroupId=zuoy(1252) MCS_label=N/A
   Priority=11170554 Nice=0 Account=hpc_21_01207 QOS=normal
   JobState=COMPLETING Reason=None Dependency=(null)
   Requeue=0 Restarts=0 BatchFlag=1 Reboot=0 ExitCode=0:0
   DerivedExitCode=0:0
   RunTime=00:23:55 TimeLimit=23:00:00 TimeMin=N/A
   SubmitTime=2021-11-18T22:22:58 EligibleTime=2021-11-18T22:22:58
   AccrueTime=2021-11-18T22:22:58
   StartTime=2021-11-19T02:35:55 EndTime=2021-11-19T02:59:50 Deadline=N/A
   SuspendTime=None SecsPreSuspend=0 LastSchedEval=2021-11-19T02:35:55
   Partition=compute AllocNode:Sid=kelvin01:15357
   ReqNodeList=(null) ExcNodeList=(null)
   NodeList=
   BatchHost=kelvin-n076
   NumNodes=1 NumCPUs=12 NumTasks=8 CPUs/Task=1 ReqB:S:C:T=0:0:*:*
   TRES=cpu=12,mem=23000M,node=1,billing=12
   Socks/Node=* NtasksPerN:B:S:C=0:0:*:* CoreSpec=*
   JOB_GRES=(null)
     Nodes=kelvin-n076 CPU_IDs=0-11 Mem=23000 GRES=
   MinCPUsNode=1 MinMemoryNode=23000M MinTmpDiskNode=0
   Features=(null) DelayBoot=00:00:00
   OverSubscribe=NO Contiguous=0 Licenses=(null) Network=(null)
   Command=/home/users/mschpc/2019/zuoy/HPC/NeuralNetwork/parallel/scripts/script_PricingDefaultRisk_d500_b1_n8.sh
   WorkDir=/home/users/mschpc/2019/zuoy/HPC/NeuralNetwork/parallel
   StdErr=/home/users/mschpc/2019/zuoy/HPC/NeuralNetwork/parallel/output/slurm-21451.out
   StdIn=/dev/null
   StdOut=/home/users/mschpc/2019/zuoy/HPC/NeuralNetwork/parallel/output/slurm-21451.out
   Power=
   NtasksPerTRES:0


Disk quota details:
===================

Quota Type           Name  Filesystem     Usage in MB     Limit in MB    % Used
-------------------------------------------------------------------------------
USER                 zuoy       /home             106          51,200     0.21%

GROUP              mschpc   /projects             999          51,200     1.95%
GROUP          pi-dgolden   /projects               0          51,200     0.00%


SLURM Bank Statement:
=====================

User           Usage |        Account     Usage | Account Limit Available (CPU hrs)
---------- --------- + -------------- --------- + ------------- ---------
zuoy           9,701 |   HPC_21_01207     9,701 |       100,000    90,299


Acknowledgements:
=================

Note that usage of TCHPC Resources *must* be acknowledged in all publications.

Please see this page for details relevant to this cluster:

http://www.tchpc.tcd.ie/resources/acknowledgementpolicy

################################################################################
