Parallel Mode: Master-Slave
Dimension: 500
Total time: 1
Number of time intervals: 40
Learning rate: 0.01
y_init_range: 40, 50
Number of neurons in each hidden layer of each subnet: 110, 110, 
Epochs: 1000
Batch size: 64
Sample size: 256
Logging frequency: 100
Model name: pricing_default_risk_parallel_
Number of processors: 64


Training:
Epoch:100
In training set, loss: 1701.66, Y0: 49.0374

Epoch:200
In training set, loss: 1269.84, Y0: 49.2545

Epoch:300
In training set, loss: 990.462, Y0: 49.3291

Epoch:400
In training set, loss: 799.395, Y0: 49.3902

Epoch:500
In training set, loss: 662.251, Y0: 49.4411

Epoch:600
In training set, loss: 559.695, Y0: 49.4834

Epoch:700
In training set, loss: 480.399, Y0: 49.5185

Epoch:800
In training set, loss: 417.46, Y0: 49.5478

Epoch:900
In training set, loss: 366.418, Y0: 49.5723

Epoch:1000
In training set, loss: 324.288, Y0: 49.5928



###############################################################################
TCHPC Cluster: kelvin
Job 23505 (BSDE_job_4_procs) for User 'zuoy' in Account 'hpc_21_01207'
Finished at: Wed Nov 24 07:30:57 GMT 2021

Job efficiency estimates:
=========================

Job ID: 23505
Cluster: kelvin
User/Group: zuoy/zuoy
State: COMPLETED (exit code 0)
Nodes: 6
Cores per node: 12
CPU Utilized: 03:51:27
CPU Efficiency: 15.13% of 1-01:30:00 core-walltime
Job Wall-clock time: 00:21:15
Memory Utilized: 1.43 GB
Memory Efficiency: 1.06% of 134.77 GB

Job completion status:
======================

       JobID    JobName AllocCPUS NTasks NNodes     MaxRSS    MaxRSSNode  MaxDiskRead MaxDiskWrite    Elapsed      State ExitCode 
------------ ---------- --------- ------ ------ ---------- ------------- ------------ ------------ ---------- ---------- -------- 
23505        BSDE_job_+        72             6                                                      00:21:15  COMPLETED      0:0 
23505.batch       batch        12      1      1   1503140K   kelvin-n051        0.86M        0.01M   00:21:15  COMPLETED      0:0 
23505.0           orted        60      5      5                                                      00:21:14  COMPLETED      0:0 


Job details:
============

JobId=23505 JobName=BSDE_job_4_procs
   UserId=zuoy(1582) GroupId=zuoy(1252) MCS_label=N/A
   Priority=10930484 Nice=0 Account=hpc_21_01207 QOS=normal
   JobState=COMPLETING Reason=None Dependency=(null)
   Requeue=0 Restarts=0 BatchFlag=1 Reboot=0 ExitCode=0:0
   DerivedExitCode=0:0
   RunTime=00:21:15 TimeLimit=23:00:00 TimeMin=N/A
   SubmitTime=2021-11-23T16:38:11 EligibleTime=2021-11-23T16:38:11
   AccrueTime=2021-11-23T16:38:11
   StartTime=2021-11-24T07:09:42 EndTime=2021-11-24T07:30:57 Deadline=N/A
   SuspendTime=None SecsPreSuspend=0 LastSchedEval=2021-11-24T07:09:42
   Partition=compute AllocNode:Sid=kelvin01:24748
   ReqNodeList=(null) ExcNodeList=(null)
   NodeList=kelvin-n[054,056,059,061,063]
   BatchHost=kelvin-n051
   NumNodes=5 NumCPUs=72 NumTasks=64 CPUs/Task=1 ReqB:S:C:T=0:0:*:*
   TRES=cpu=72,mem=138000M,node=6,billing=72
   Socks/Node=* NtasksPerN:B:S:C=0:0:*:* CoreSpec=*
   JOB_GRES=(null)
     Nodes=kelvin-n[051,054,056,059,061,063] CPU_IDs=0-11 Mem=23000 GRES=
   MinCPUsNode=1 MinMemoryNode=23000M MinTmpDiskNode=0
   Features=(null) DelayBoot=00:00:00
   OverSubscribe=NO Contiguous=0 Licenses=(null) Network=(null)
   Command=/home/users/mschpc/2019/zuoy/HPC/NeuralNetwork/parallel/scripts/script_PricingDefaultRisk_d500_b64_n64.sh
   WorkDir=/home/users/mschpc/2019/zuoy/HPC/NeuralNetwork/parallel
   StdErr=/home/users/mschpc/2019/zuoy/HPC/NeuralNetwork/parallel/output/slurm-23505.out
   StdIn=/dev/null
   StdOut=/home/users/mschpc/2019/zuoy/HPC/NeuralNetwork/parallel/output/slurm-23505.out
   Power=
   NtasksPerTRES:0


Disk quota details:
===================

Quota Type           Name  Filesystem     Usage in MB     Limit in MB    % Used
-------------------------------------------------------------------------------
USER                 zuoy       /home             139          51,200     0.27%

GROUP              mschpc   /projects             999          51,200     1.95%
GROUP          pi-dgolden   /projects               0          51,200     0.00%


SLURM Bank Statement:
=====================

User           Usage |        Account     Usage | Account Limit Available (CPU hrs)
---------- --------- + -------------- --------- + ------------- ---------
zuoy          28,646 |   HPC_21_01207    28,646 |       100,000    71,354


Acknowledgements:
=================

Note that usage of TCHPC Resources *must* be acknowledged in all publications.

Please see this page for details relevant to this cluster:

http://www.tchpc.tcd.ie/resources/acknowledgementpolicy

################################################################################
