Parallel Mode: Master-Slave
Dimension: 200
Total time: 1
Number of time intervals: 20
Learning rate: 0.01
y_init_range: 0, 1
Number of neurons in each hidden layer of each subnet: 110, 110, 
Epochs: 1000
Batch size: 64
Sample size: 1024
Logging frequency: 100
Model name: HJBLQ_parallel_
Number of processors: 64


Training:
Epoch:100
In training set, loss: 8570.86, Y0: 1.16075

Epoch:200
In training set, loss: 5166.03, Y0: 2.06073

Epoch:300
In training set, loss: 3117.98, Y0: 2.75806

Epoch:400
In training set, loss: 1888.35, Y0: 3.29808

Epoch:500
In training set, loss: 1151.22, Y0: 3.71614

Epoch:600
In training set, loss: 709.809, Y0: 4.03972

Epoch:700
In training set, loss: 445.608, Y0: 4.29022

Epoch:800
In training set, loss: 287.45, Y0: 4.48419

Epoch:900
In training set, loss: 192.657, Y0: 4.63447

Epoch:1000
In training set, loss: 135.696, Y0: 4.751



###############################################################################
TCHPC Cluster: kelvin
Job 22931 (BSDE_job_4_procs) for User 'zuoy' in Account 'hpc_21_01207'
Finished at: Mon Nov 22 03:10:51 GMT 2021

Job efficiency estimates:
=========================

Job ID: 22931
Cluster: kelvin
User/Group: zuoy/zuoy
State: COMPLETED (exit code 0)
Nodes: 6
Cores per node: 12
CPU Utilized: 01:40:35
CPU Efficiency: 15.13% of 11:04:48 core-walltime
Job Wall-clock time: 00:09:14
Memory Utilized: 937.86 MB
Memory Efficiency: 0.68% of 134.77 GB

Job completion status:
======================

       JobID    JobName AllocCPUS NTasks NNodes     MaxRSS    MaxRSSNode  MaxDiskRead MaxDiskWrite    Elapsed      State ExitCode 
------------ ---------- --------- ------ ------ ---------- ------------- ------------ ------------ ---------- ---------- -------- 
22931        BSDE_job_+        72             6                                                      00:09:14  COMPLETED      0:0 
22931.batch       batch        12      1      1    960364K   kelvin-n023        0.86M        0.01M   00:09:14  COMPLETED      0:0 
22931.0           orted        60      5      5                                                      00:09:13  COMPLETED      0:0 


Job details:
============

JobId=22931 JobName=BSDE_job_4_procs
   UserId=zuoy(1582) GroupId=zuoy(1252) MCS_label=N/A
   Priority=10575615 Nice=0 Account=hpc_21_01207 QOS=normal
   JobState=COMPLETING Reason=None Dependency=(null)
   Requeue=0 Restarts=0 BatchFlag=1 Reboot=0 ExitCode=0:0
   DerivedExitCode=0:0
   RunTime=00:09:14 TimeLimit=23:00:00 TimeMin=N/A
   SubmitTime=2021-11-22T00:25:36 EligibleTime=2021-11-22T00:25:36
   AccrueTime=2021-11-22T00:25:36
   StartTime=2021-11-22T03:01:37 EndTime=2021-11-22T03:10:51 Deadline=N/A
   SuspendTime=None SecsPreSuspend=0 LastSchedEval=2021-11-22T03:01:37
   Partition=compute AllocNode:Sid=kelvin01:12189
   ReqNodeList=(null) ExcNodeList=(null)
   NodeList=kelvin-n[052,055,058,068,081]
   BatchHost=kelvin-n023
   NumNodes=5 NumCPUs=72 NumTasks=64 CPUs/Task=1 ReqB:S:C:T=0:0:*:*
   TRES=cpu=72,mem=138000M,node=6,billing=72
   Socks/Node=* NtasksPerN:B:S:C=0:0:*:* CoreSpec=*
   JOB_GRES=(null)
     Nodes=kelvin-n[023,052,055,058,068,081] CPU_IDs=0-11 Mem=23000 GRES=
   MinCPUsNode=1 MinMemoryNode=23000M MinTmpDiskNode=0
   Features=(null) DelayBoot=00:00:00
   OverSubscribe=NO Contiguous=0 Licenses=(null) Network=(null)
   Command=/home/users/mschpc/2019/zuoy/HPC/NeuralNetwork/parallel/scripts/script_HJBLQ_d200_b64_n64.sh
   WorkDir=/home/users/mschpc/2019/zuoy/HPC/NeuralNetwork/parallel
   StdErr=/home/users/mschpc/2019/zuoy/HPC/NeuralNetwork/parallel/output/slurm-22931.out
   StdIn=/dev/null
   StdOut=/home/users/mschpc/2019/zuoy/HPC/NeuralNetwork/parallel/output/slurm-22931.out
   Power=
   NtasksPerTRES:0


Disk quota details:
===================

Quota Type           Name  Filesystem     Usage in MB     Limit in MB    % Used
-------------------------------------------------------------------------------
USER                 zuoy       /home             129          51,200     0.25%

GROUP              mschpc   /projects             999          51,200     1.95%
GROUP          pi-dgolden   /projects               0          51,200     0.00%


SLURM Bank Statement:
=====================

User           Usage |        Account     Usage | Account Limit Available (CPU hrs)
---------- --------- + -------------- --------- + ------------- ---------
zuoy          24,055 |   HPC_21_01207    24,055 |       100,000    75,945


Acknowledgements:
=================

Note that usage of TCHPC Resources *must* be acknowledged in all publications.

Please see this page for details relevant to this cluster:

http://www.tchpc.tcd.ie/resources/acknowledgementpolicy

################################################################################
