Parallel Mode: Ring-Allreduce
Dimension: 300
Total time: 1
Number of time intervals: 20
Learning rate: 0.01
y_init_range: 0, 1
Number of neurons in each hidden layer of each subnet: 110, 110, 
Epochs: 3000
Batch size: 1
Sample size: 256
Logging frequency: 100
Model name: HJBLQ_parallel_
Number of processors: 4


Training:
Epoch:100
In training set, loss: 0.831743, Y0: 5.41977

Epoch:200
In training set, loss: 0.296414, Y0: 5.45721

Epoch:300
In training set, loss: 0.149127, Y0: 5.46824

Epoch:400
In training set, loss: 0.0887967, Y0: 5.472

Epoch:500
In training set, loss: 0.058488, Y0: 5.47317

Epoch:600
In training set, loss: 0.0410582, Y0: 5.47335

Epoch:700
In training set, loss: 0.0300642, Y0: 5.47314

Epoch:800
In training set, loss: 0.0226673, Y0: 5.47281

Epoch:900
In training set, loss: 0.0174585, Y0: 5.47246

Epoch:1000
In training set, loss: 0.0136639, Y0: 5.47213

Epoch:1100
In training set, loss: 0.0108296, Y0: 5.47184

Epoch:1200
In training set, loss: 0.0086699, Y0: 5.47158

Epoch:1300
In training set, loss: 0.00699807, Y0: 5.47136

Epoch:1400
In training set, loss: 0.00568773, Y0: 5.47117

Epoch:1500
In training set, loss: 0.00464961, Y0: 5.471

Epoch:1600
In training set, loss: 0.00382027, Y0: 5.47086

Epoch:1700
In training set, loss: 0.00315321, Y0: 5.47074

Epoch:1800
In training set, loss: 0.00261339, Y0: 5.47064

Epoch:1900
In training set, loss: 0.00217389, Y0: 5.47055

Epoch:2000
In training set, loss: 0.0018148, Y0: 5.47046

Epoch:2100
In training set, loss: 0.00152021, Y0: 5.47039

Epoch:2200
In training set, loss: 0.00127764, Y0: 5.47033

Epoch:2300
In training set, loss: 0.0010774, Y0: 5.47027

Epoch:2400
In training set, loss: 0.000911388, Y0: 5.47022

Epoch:2500
In training set, loss: 0.000773524, Y0: 5.47018

Epoch:2600
In training set, loss: 0.00065862, Y0: 5.47013

Epoch:2700
In training set, loss: 0.000562693, Y0: 5.4701

Epoch:2800
In training set, loss: 0.000482414, Y0: 5.47006

Epoch:2900
In training set, loss: 0.000415078, Y0: 5.47003

Epoch:3000
In training set, loss: 0.000358344, Y0: 5.47



###############################################################################
TCHPC Cluster: kelvin
Job 21321 (BSDE_job_4_procs) for User 'zuoy' in Account 'hpc_21_01207'
Finished at: Thu Nov 18 20:11:37 GMT 2021

Job efficiency estimates:
=========================

Job ID: 21321
Cluster: kelvin
User/Group: zuoy/zuoy
State: COMPLETED (exit code 0)
Nodes: 1
Cores per node: 12
CPU Utilized: 01:39:42
CPU Efficiency: 33.30% of 04:59:24 core-walltime
Job Wall-clock time: 00:24:57
Memory Utilized: 231.85 MB
Memory Efficiency: 1.01% of 22.46 GB

Job completion status:
======================

       JobID    JobName AllocCPUS NTasks NNodes     MaxRSS    MaxRSSNode  MaxDiskRead MaxDiskWrite    Elapsed      State ExitCode 
------------ ---------- --------- ------ ------ ---------- ------------- ------------ ------------ ---------- ---------- -------- 
21321        BSDE_job_+        12             1                                                      00:24:57  COMPLETED      0:0 
21321.batch       batch        12      1      1    237416K   kelvin-n020        0.86M        0.01M   00:24:57  COMPLETED      0:0 


Job details:
============

JobId=21321 JobName=BSDE_job_4_procs
   UserId=zuoy(1582) GroupId=zuoy(1252) MCS_label=N/A
   Priority=11215072 Nice=0 Account=hpc_21_01207 QOS=normal
   JobState=COMPLETING Reason=None Dependency=(null)
   Requeue=0 Restarts=0 BatchFlag=1 Reboot=0 ExitCode=0:0
   DerivedExitCode=0:0
   RunTime=00:24:57 TimeLimit=23:00:00 TimeMin=N/A
   SubmitTime=2021-11-18T14:03:13 EligibleTime=2021-11-18T14:03:13
   AccrueTime=2021-11-18T14:03:13
   StartTime=2021-11-18T19:46:40 EndTime=2021-11-18T20:11:37 Deadline=N/A
   SuspendTime=None SecsPreSuspend=0 LastSchedEval=2021-11-18T19:46:40
   Partition=compute AllocNode:Sid=kelvin01:471
   ReqNodeList=(null) ExcNodeList=(null)
   NodeList=
   BatchHost=kelvin-n020
   NumNodes=1 NumCPUs=12 NumTasks=4 CPUs/Task=1 ReqB:S:C:T=0:0:*:*
   TRES=cpu=12,mem=23000M,node=1,billing=12
   Socks/Node=* NtasksPerN:B:S:C=0:0:*:* CoreSpec=*
   JOB_GRES=(null)
     Nodes=kelvin-n020 CPU_IDs=0-11 Mem=23000 GRES=
   MinCPUsNode=1 MinMemoryNode=23000M MinTmpDiskNode=0
   Features=(null) DelayBoot=00:00:00
   OverSubscribe=NO Contiguous=0 Licenses=(null) Network=(null)
   Command=/home/users/mschpc/2019/zuoy/HPC/NeuralNetwork/parallel/scripts/script_HJBLQ_d300_b1_n4.sh
   WorkDir=/home/users/mschpc/2019/zuoy/HPC/NeuralNetwork/parallel
   StdErr=/home/users/mschpc/2019/zuoy/HPC/NeuralNetwork/parallel/output/slurm-21321.out
   StdIn=/dev/null
   StdOut=/home/users/mschpc/2019/zuoy/HPC/NeuralNetwork/parallel/output/slurm-21321.out
   Power=
   NtasksPerTRES:0


Disk quota details:
===================

Quota Type           Name  Filesystem     Usage in MB     Limit in MB    % Used
-------------------------------------------------------------------------------
USER                 zuoy       /home             105          51,200     0.21%

GROUP              mschpc   /projects             999          51,200     1.95%
GROUP          pi-dgolden   /projects               0          51,200     0.00%


SLURM Bank Statement:
=====================

User           Usage |        Account     Usage | Account Limit Available (CPU hrs)
---------- --------- + -------------- --------- + ------------- ---------
zuoy           9,297 |   HPC_21_01207     9,297 |       100,000    90,703


Acknowledgements:
=================

Note that usage of TCHPC Resources *must* be acknowledged in all publications.

Please see this page for details relevant to this cluster:

http://www.tchpc.tcd.ie/resources/acknowledgementpolicy

################################################################################
