Parallel Mode: Master-Slave
Dimension: 400
Total time: 1
Number of time intervals: 40
Learning rate: 0.01
y_init_range: 40, 50
Number of neurons in each hidden layer of each subnet: 110, 110, 
Epochs: 1000
Batch size: 1
Sample size: 256
Logging frequency: 100
Model name: pricing_default_risk_parallel_
Number of processors: 64


Training:
Epoch:100
In training set, loss: 1405.46, Y0: 50.5318

Epoch:200
In training set, loss: 1124.36, Y0: 50.7728

Epoch:300
In training set, loss: 925.291, Y0: 50.8228

Epoch:400
In training set, loss: 777.474, Y0: 50.8647

Epoch:500
In training set, loss: 664.682, Y0: 50.9022

Epoch:600
In training set, loss: 576.366, Y0: 50.936

Epoch:700
In training set, loss: 505.763, Y0: 50.9663

Epoch:800
In training set, loss: 448.298, Y0: 50.9936

Epoch:900
In training set, loss: 400.831, Y0: 51.0182

Epoch:1000
In training set, loss: 360.998, Y0: 51.0407



###############################################################################
TCHPC Cluster: kelvin
Job 22876 (BSDE_job_4_procs) for User 'zuoy' in Account 'hpc_21_01207'
Finished at: Mon Nov 22 01:54:14 GMT 2021

Job efficiency estimates:
=========================

Job ID: 22876
Cluster: kelvin
User/Group: zuoy/zuoy
State: COMPLETED (exit code 0)
Nodes: 6
Cores per node: 12
CPU Utilized: 03:02:06
CPU Efficiency: 15.13% of 20:03:36 core-walltime
Job Wall-clock time: 00:16:43
Memory Utilized: 1.22 GB
Memory Efficiency: 0.91% of 134.77 GB

Job completion status:
======================

       JobID    JobName AllocCPUS NTasks NNodes     MaxRSS    MaxRSSNode  MaxDiskRead MaxDiskWrite    Elapsed      State ExitCode 
------------ ---------- --------- ------ ------ ---------- ------------- ------------ ------------ ---------- ---------- -------- 
22876        BSDE_job_+        72             6                                                      00:16:43  COMPLETED      0:0 
22876.batch       batch        12      1      1   1282400K   kelvin-n030        0.86M        0.01M   00:16:43  COMPLETED      0:0 
22876.0           orted        60      5      5                                                      00:16:42  COMPLETED      0:0 


Job details:
============

JobId=22876 JobName=BSDE_job_4_procs
   UserId=zuoy(1582) GroupId=zuoy(1252) MCS_label=N/A
   Priority=10597614 Nice=0 Account=hpc_21_01207 QOS=normal
   JobState=COMPLETING Reason=None Dependency=(null)
   Requeue=0 Restarts=0 BatchFlag=1 Reboot=0 ExitCode=0:0
   DerivedExitCode=0:0
   RunTime=00:16:43 TimeLimit=23:00:00 TimeMin=N/A
   SubmitTime=2021-11-21T22:17:15 EligibleTime=2021-11-21T22:17:15
   AccrueTime=2021-11-21T22:17:15
   StartTime=2021-11-22T01:37:31 EndTime=2021-11-22T01:54:14 Deadline=N/A
   SuspendTime=None SecsPreSuspend=0 LastSchedEval=2021-11-22T01:37:31
   Partition=compute AllocNode:Sid=kelvin01:12189
   ReqNodeList=(null) ExcNodeList=(null)
   NodeList=kelvin-n[032,034-037]
   BatchHost=kelvin-n030
   NumNodes=5 NumCPUs=72 NumTasks=64 CPUs/Task=1 ReqB:S:C:T=0:0:*:*
   TRES=cpu=72,mem=138000M,node=6,billing=72
   Socks/Node=* NtasksPerN:B:S:C=0:0:*:* CoreSpec=*
   JOB_GRES=(null)
     Nodes=kelvin-n[030,032,034-037] CPU_IDs=0-11 Mem=23000 GRES=
   MinCPUsNode=1 MinMemoryNode=23000M MinTmpDiskNode=0
   Features=(null) DelayBoot=00:00:00
   OverSubscribe=NO Contiguous=0 Licenses=(null) Network=(null)
   Command=/home/users/mschpc/2019/zuoy/HPC/NeuralNetwork/parallel/scripts/script_PricingDefaultRisk_d400_b1_n64.sh
   WorkDir=/home/users/mschpc/2019/zuoy/HPC/NeuralNetwork/parallel
   StdErr=/home/users/mschpc/2019/zuoy/HPC/NeuralNetwork/parallel/output/slurm-22876.out
   StdIn=/dev/null
   StdOut=/home/users/mschpc/2019/zuoy/HPC/NeuralNetwork/parallel/output/slurm-22876.out
   Power=
   NtasksPerTRES:0


Disk quota details:
===================

Quota Type           Name  Filesystem     Usage in MB     Limit in MB    % Used
-------------------------------------------------------------------------------
USER                 zuoy       /home             129          51,200     0.25%

GROUP              mschpc   /projects             999          51,200     1.95%
GROUP          pi-dgolden   /projects               0          51,200     0.00%


SLURM Bank Statement:
=====================

User           Usage |        Account     Usage | Account Limit Available (CPU hrs)
---------- --------- + -------------- --------- + ------------- ---------
zuoy          23,431 |   HPC_21_01207    23,431 |       100,000    76,569


Acknowledgements:
=================

Note that usage of TCHPC Resources *must* be acknowledged in all publications.

Please see this page for details relevant to this cluster:

http://www.tchpc.tcd.ie/resources/acknowledgementpolicy

################################################################################
