Parallel Mode: Ring-Allreduce
Dimension: 200
Total time: 1
Number of time intervals: 40
Learning rate: 0.01
y_init_range: 40, 50
Number of neurons in each hidden layer of each subnet: 110, 110, 
Epochs: 1000
Batch size: 1
Sample size: 256
Logging frequency: 100
Model name: pricing_default_risk_parallel_
Number of processors: 4


Training:
Epoch:100
In training set, loss: 1097.84, Y0: 53.7763

Epoch:200
In training set, loss: 775.421, Y0: 53.9128

Epoch:300
In training set, loss: 609.211, Y0: 53.9981

Epoch:400
In training set, loss: 496.205, Y0: 54.0591

Epoch:500
In training set, loss: 410.599, Y0: 54.1054

Epoch:600
In training set, loss: 342.771, Y0: 54.1419

Epoch:700
In training set, loss: 287.491, Y0: 54.1707

Epoch:800
In training set, loss: 241.799, Y0: 54.1938

Epoch:900
In training set, loss: 203.704, Y0: 54.2127

Epoch:1000
In training set, loss: 171.754, Y0: 54.228



###############################################################################
TCHPC Cluster: kelvin
Job 21902 (BSDE_job_4_procs) for User 'zuoy' in Account 'hpc_21_01207'
Finished at: Sat Nov 20 04:47:22 GMT 2021

Job efficiency estimates:
=========================

Job ID: 21902
Cluster: kelvin
User/Group: zuoy/zuoy
State: COMPLETED (exit code 0)
Nodes: 1
Cores per node: 12
CPU Utilized: 01:18:34
CPU Efficiency: 33.29% of 03:56:00 core-walltime
Job Wall-clock time: 00:19:40
Memory Utilized: 278.19 MB
Memory Efficiency: 1.21% of 22.46 GB

Job completion status:
======================

       JobID    JobName AllocCPUS NTasks NNodes     MaxRSS    MaxRSSNode  MaxDiskRead MaxDiskWrite    Elapsed      State ExitCode 
------------ ---------- --------- ------ ------ ---------- ------------- ------------ ------------ ---------- ---------- -------- 
21902        BSDE_job_+        12             1                                                      00:19:40  COMPLETED      0:0 
21902.batch       batch        12      1      1    284868K   kelvin-n048        0.87M        0.01M   00:19:40  COMPLETED      0:0 


Job details:
============

JobId=21902 JobName=BSDE_job_4_procs
   UserId=zuoy(1582) GroupId=zuoy(1252) MCS_label=N/A
   Priority=11148331 Nice=0 Account=hpc_21_01207 QOS=normal
   JobState=COMPLETING Reason=None Dependency=(null)
   Requeue=0 Restarts=0 BatchFlag=1 Reboot=0 ExitCode=0:0
   DerivedExitCode=0:0
   RunTime=00:19:40 TimeLimit=23:00:00 TimeMin=N/A
   SubmitTime=2021-11-20T00:58:46 EligibleTime=2021-11-20T00:58:46
   AccrueTime=2021-11-20T00:58:46
   StartTime=2021-11-20T04:27:42 EndTime=2021-11-20T04:47:22 Deadline=N/A
   SuspendTime=None SecsPreSuspend=0 LastSchedEval=2021-11-20T04:27:42
   Partition=compute AllocNode:Sid=kelvin01:23080
   ReqNodeList=(null) ExcNodeList=(null)
   NodeList=
   BatchHost=kelvin-n048
   NumNodes=1 NumCPUs=12 NumTasks=4 CPUs/Task=1 ReqB:S:C:T=0:0:*:*
   TRES=cpu=12,mem=23000M,node=1,billing=12
   Socks/Node=* NtasksPerN:B:S:C=0:0:*:* CoreSpec=*
   JOB_GRES=(null)
     Nodes=kelvin-n048 CPU_IDs=0-11 Mem=23000 GRES=
   MinCPUsNode=1 MinMemoryNode=23000M MinTmpDiskNode=0
   Features=(null) DelayBoot=00:00:00
   OverSubscribe=NO Contiguous=0 Licenses=(null) Network=(null)
   Command=/home/users/mschpc/2019/zuoy/HPC/NeuralNetwork/parallel/scripts/script_PricingDefaultRisk_d200_b1_n4.sh
   WorkDir=/home/users/mschpc/2019/zuoy/HPC/NeuralNetwork/parallel
   StdErr=/home/users/mschpc/2019/zuoy/HPC/NeuralNetwork/parallel/output/slurm-21902.out
   StdIn=/dev/null
   StdOut=/home/users/mschpc/2019/zuoy/HPC/NeuralNetwork/parallel/output/slurm-21902.out
   Power=
   NtasksPerTRES:0


Disk quota details:
===================

Quota Type           Name  Filesystem     Usage in MB     Limit in MB    % Used
-------------------------------------------------------------------------------
USER                 zuoy       /home             109          51,200     0.21%

GROUP              mschpc   /projects             999          51,200     1.95%
GROUP          pi-dgolden   /projects               0          51,200     0.00%


SLURM Bank Statement:
=====================

User           Usage |        Account     Usage | Account Limit Available (CPU hrs)
---------- --------- + -------------- --------- + ------------- ---------
zuoy          12,009 |   HPC_21_01207    12,009 |       100,000    87,991


Acknowledgements:
=================

Note that usage of TCHPC Resources *must* be acknowledged in all publications.

Please see this page for details relevant to this cluster:

http://www.tchpc.tcd.ie/resources/acknowledgementpolicy

################################################################################
