Parallel Mode: Master-Slave
Dimension: 400
Total time: 1
Number of time intervals: 40
Learning rate: 0.01
y_init_range: 40, 50
Number of neurons in each hidden layer of each subnet: 110, 110, 
Epochs: 1000
Batch size: 64
Sample size: 256
Logging frequency: 100
Model name: pricing_default_risk_parallel_
Number of processors: 64


Training:
Epoch:100
In training set, loss: 1504.74, Y0: 50.1988

Epoch:200
In training set, loss: 1221.47, Y0: 50.4224

Epoch:300
In training set, loss: 1022.66, Y0: 50.4634

Epoch:400
In training set, loss: 875.905, Y0: 50.497

Epoch:500
In training set, loss: 763.993, Y0: 50.5268

Epoch:600
In training set, loss: 675.969, Y0: 50.553

Epoch:700
In training set, loss: 604.804, Y0: 50.5763

Epoch:800
In training set, loss: 545.94, Y0: 50.5969

Epoch:900
In training set, loss: 496.366, Y0: 50.6153

Epoch:1000
In training set, loss: 453.853, Y0: 50.6316



###############################################################################
TCHPC Cluster: kelvin
Job 23499 (BSDE_job_4_procs) for User 'zuoy' in Account 'hpc_21_01207'
Finished at: Wed Nov 24 06:57:42 GMT 2021

Job efficiency estimates:
=========================

Job ID: 23499
Cluster: kelvin
User/Group: zuoy/zuoy
State: COMPLETED (exit code 0)
Nodes: 6
Cores per node: 12
CPU Utilized: 03:05:14
CPU Efficiency: 15.13% of 20:24:00 core-walltime
Job Wall-clock time: 00:17:00
Memory Utilized: 1.21 GB
Memory Efficiency: 0.90% of 134.77 GB

Job completion status:
======================

       JobID    JobName AllocCPUS NTasks NNodes     MaxRSS    MaxRSSNode  MaxDiskRead MaxDiskWrite    Elapsed      State ExitCode 
------------ ---------- --------- ------ ------ ---------- ------------- ------------ ------------ ---------- ---------- -------- 
23499        BSDE_job_+        72             6                                                      00:17:00  COMPLETED      0:0 
23499.batch       batch        12      1      1   1269340K   kelvin-n046        0.86M        0.01M   00:17:00  COMPLETED      0:0 
23499.0           orted        60      5      5                                                      00:16:58  COMPLETED      0:0 


Job details:
============

JobId=23499 JobName=BSDE_job_4_procs
   UserId=zuoy(1582) GroupId=zuoy(1252) MCS_label=N/A
   Priority=10916298 Nice=0 Account=hpc_21_01207 QOS=normal
   JobState=COMPLETING Reason=None Dependency=(null)
   Requeue=0 Restarts=0 BatchFlag=1 Reboot=0 ExitCode=0:0
   DerivedExitCode=0:0
   RunTime=00:17:00 TimeLimit=23:00:00 TimeMin=N/A
   SubmitTime=2021-11-23T16:37:47 EligibleTime=2021-11-23T16:37:47
   AccrueTime=2021-11-23T16:37:47
   StartTime=2021-11-24T06:40:42 EndTime=2021-11-24T06:57:42 Deadline=N/A
   SuspendTime=None SecsPreSuspend=0 LastSchedEval=2021-11-24T06:40:42
   Partition=compute AllocNode:Sid=kelvin01:24748
   ReqNodeList=(null) ExcNodeList=(null)
   NodeList=kelvin-n[064-065,070-071,085]
   BatchHost=kelvin-n046
   NumNodes=5 NumCPUs=72 NumTasks=64 CPUs/Task=1 ReqB:S:C:T=0:0:*:*
   TRES=cpu=72,mem=138000M,node=6,billing=72
   Socks/Node=* NtasksPerN:B:S:C=0:0:*:* CoreSpec=*
   JOB_GRES=(null)
     Nodes=kelvin-n[046,064-065,070-071,085] CPU_IDs=0-11 Mem=23000 GRES=
   MinCPUsNode=1 MinMemoryNode=23000M MinTmpDiskNode=0
   Features=(null) DelayBoot=00:00:00
   OverSubscribe=NO Contiguous=0 Licenses=(null) Network=(null)
   Command=/home/users/mschpc/2019/zuoy/HPC/NeuralNetwork/parallel/scripts/script_PricingDefaultRisk_d400_b64_n64.sh
   WorkDir=/home/users/mschpc/2019/zuoy/HPC/NeuralNetwork/parallel
   StdErr=/home/users/mschpc/2019/zuoy/HPC/NeuralNetwork/parallel/output/slurm-23499.out
   StdIn=/dev/null
   StdOut=/home/users/mschpc/2019/zuoy/HPC/NeuralNetwork/parallel/output/slurm-23499.out
   Power=
   NtasksPerTRES:0


Disk quota details:
===================

Quota Type           Name  Filesystem     Usage in MB     Limit in MB    % Used
-------------------------------------------------------------------------------
USER                 zuoy       /home             139          51,200     0.27%

GROUP              mschpc   /projects             999          51,200     1.95%
GROUP          pi-dgolden   /projects               0          51,200     0.00%


SLURM Bank Statement:
=====================

User           Usage |        Account     Usage | Account Limit Available (CPU hrs)
---------- --------- + -------------- --------- + ------------- ---------
zuoy          28,517 |   HPC_21_01207    28,517 |       100,000    71,483


Acknowledgements:
=================

Note that usage of TCHPC Resources *must* be acknowledged in all publications.

Please see this page for details relevant to this cluster:

http://www.tchpc.tcd.ie/resources/acknowledgementpolicy

################################################################################
