Parallel Mode: Master-Slave
Dimension: 300
Total time: 1
Number of time intervals: 40
Learning rate: 0.01
y_init_range: 40, 50
Number of neurons in each hidden layer of each subnet: 110, 110, 
Epochs: 1000
Batch size: 1
Sample size: 256
Logging frequency: 100
Model name: pricing_default_risk_parallel_
Number of processors: 32


Training:
Epoch:100
In training set, loss: 1703.51, Y0: 51.9003

Epoch:200
In training set, loss: 1300.29, Y0: 51.9955

Epoch:300
In training set, loss: 1062.47, Y0: 52.064

Epoch:400
In training set, loss: 904.649, Y0: 52.1168

Epoch:500
In training set, loss: 790.84, Y0: 52.1585

Epoch:600
In training set, loss: 704.457, Y0: 52.1918

Epoch:700
In training set, loss: 636.097, Y0: 52.2188

Epoch:800
In training set, loss: 580.573, Y0: 52.2407

Epoch:900
In training set, loss: 534.543, Y0: 52.2588

Epoch:1000
In training set, loss: 495.604, Y0: 52.2737



###############################################################################
TCHPC Cluster: kelvin
Job 23081 (BSDE_job_4_procs) for User 'zuoy' in Account 'hpc_21_01207'
Finished at: Mon Nov 22 13:40:24 GMT 2021

Job efficiency estimates:
=========================

Job ID: 23081
Cluster: kelvin
User/Group: zuoy/zuoy
State: COMPLETED (exit code 0)
Nodes: 3
Cores per node: 12
CPU Utilized: 01:58:15
CPU Efficiency: 30.14% of 06:32:24 core-walltime
Job Wall-clock time: 00:10:54
Memory Utilized: 982.96 MB
Memory Efficiency: 1.42% of 67.38 GB

Job completion status:
======================

       JobID    JobName AllocCPUS NTasks NNodes     MaxRSS    MaxRSSNode  MaxDiskRead MaxDiskWrite    Elapsed      State ExitCode 
------------ ---------- --------- ------ ------ ---------- ------------- ------------ ------------ ---------- ---------- -------- 
23081        BSDE_job_+        36             3                                                      00:10:54  COMPLETED      0:0 
23081.batch       batch        12      1      1   1006552K   kelvin-n008        0.86M        0.01M   00:10:54  COMPLETED      0:0 
23081.0           orted        24      2      2                                                      00:10:52  COMPLETED      0:0 


Job details:
============

JobId=23081 JobName=BSDE_job_4_procs
   UserId=zuoy(1582) GroupId=zuoy(1252) MCS_label=N/A
   Priority=10559408 Nice=0 Account=hpc_21_01207 QOS=normal
   JobState=COMPLETING Reason=None Dependency=(null)
   Requeue=0 Restarts=0 BatchFlag=1 Reboot=0 ExitCode=0:0
   DerivedExitCode=0:0
   RunTime=00:10:54 TimeLimit=23:00:00 TimeMin=N/A
   SubmitTime=2021-11-22T11:22:43 EligibleTime=2021-11-22T11:22:43
   AccrueTime=2021-11-22T11:22:43
   StartTime=2021-11-22T13:29:30 EndTime=2021-11-22T13:40:24 Deadline=N/A
   SuspendTime=None SecsPreSuspend=0 LastSchedEval=2021-11-22T13:29:30
   Partition=compute AllocNode:Sid=kelvin01:10133
   ReqNodeList=(null) ExcNodeList=(null)
   NodeList=kelvin-n[009-010]
   BatchHost=kelvin-n008
   NumNodes=2 NumCPUs=36 NumTasks=32 CPUs/Task=1 ReqB:S:C:T=0:0:*:*
   TRES=cpu=36,mem=69000M,node=3,billing=36
   Socks/Node=* NtasksPerN:B:S:C=0:0:*:* CoreSpec=*
   JOB_GRES=(null)
     Nodes=kelvin-n[008-010] CPU_IDs=0-11 Mem=23000 GRES=
   MinCPUsNode=1 MinMemoryNode=23000M MinTmpDiskNode=0
   Features=(null) DelayBoot=00:00:00
   OverSubscribe=NO Contiguous=0 Licenses=(null) Network=(null)
   Command=/home/users/mschpc/2019/zuoy/HPC/NeuralNetwork/parallel/scripts/script_PricingDefaultRisk_d300_b1_n32.sh
   WorkDir=/home/users/mschpc/2019/zuoy/HPC/NeuralNetwork/parallel
   StdErr=/home/users/mschpc/2019/zuoy/HPC/NeuralNetwork/parallel/output/slurm-23081.out
   StdIn=/dev/null
   StdOut=/home/users/mschpc/2019/zuoy/HPC/NeuralNetwork/parallel/output/slurm-23081.out
   Power=
   NtasksPerTRES:0


Disk quota details:
===================

Quota Type           Name  Filesystem     Usage in MB     Limit in MB    % Used
-------------------------------------------------------------------------------
USER                 zuoy       /home             136          51,200     0.27%

GROUP              mschpc   /projects             999          51,200     1.95%
GROUP          pi-dgolden   /projects               0          51,200     0.00%


SLURM Bank Statement:
=====================

User           Usage |        Account     Usage | Account Limit Available (CPU hrs)
---------- --------- + -------------- --------- + ------------- ---------
zuoy          28,265 |   HPC_21_01207    28,265 |       100,000    71,735


Acknowledgements:
=================

Note that usage of TCHPC Resources *must* be acknowledged in all publications.

Please see this page for details relevant to this cluster:

http://www.tchpc.tcd.ie/resources/acknowledgementpolicy

################################################################################
