Parallel Mode: Master-Slave
Dimension: 100
Total time: 0.2
Number of time intervals: 20
Learning rate: 0.0005
y_init_range: 0.2, 0.5
Number of neurons in each hidden layer of each subnet: 110, 110, 
Epochs: 4000
Batch size: 1
Sample size: 1024
Logging frequency: 100
Model name: AllenCahn_parallel_
Number of processors: 32


Training:
Epoch:100
In training set, loss: 6.64585, Y0: 0.109202

Epoch:200
In training set, loss: 5.97351, Y0: 0.079466

Epoch:300
In training set, loss: 5.86335, Y0: 0.069584

Epoch:400
In training set, loss: 5.8162, Y0: 0.0662972

Epoch:500
In training set, loss: 5.77692, Y0: 0.0652118

Epoch:600
In training set, loss: 5.73935, Y0: 0.0648623

Epoch:700
In training set, loss: 5.70276, Y0: 0.0647586

Epoch:800
In training set, loss: 5.66707, Y0: 0.064737

Epoch:900
In training set, loss: 5.63222, Y0: 0.0647426

Epoch:1000
In training set, loss: 5.59821, Y0: 0.064757

Epoch:1100
In training set, loss: 5.565, Y0: 0.0647742

Epoch:1200
In training set, loss: 5.53258, Y0: 0.0647921

Epoch:1300
In training set, loss: 5.50092, Y0: 0.0648099

Epoch:1400
In training set, loss: 5.47, Y0: 0.0648276

Epoch:1500
In training set, loss: 5.43981, Y0: 0.0648449

Epoch:1600
In training set, loss: 5.41032, Y0: 0.064862

Epoch:1700
In training set, loss: 5.38152, Y0: 0.0648787

Epoch:1800
In training set, loss: 5.35338, Y0: 0.0648952

Epoch:1900
In training set, loss: 5.32589, Y0: 0.0649113

Epoch:2000
In training set, loss: 5.29903, Y0: 0.0649272

Epoch:2100
In training set, loss: 5.27279, Y0: 0.0649426

Epoch:2200
In training set, loss: 5.24715, Y0: 0.0649578

Epoch:2300
In training set, loss: 5.22209, Y0: 0.0649728

Epoch:2400
In training set, loss: 5.1976, Y0: 0.0649875

Epoch:2500
In training set, loss: 5.17366, Y0: 0.065002

Epoch:2600
In training set, loss: 5.15026, Y0: 0.0650162

Epoch:2700
In training set, loss: 5.12739, Y0: 0.06503

Epoch:2800
In training set, loss: 5.10502, Y0: 0.0650436

Epoch:2900
In training set, loss: 5.08315, Y0: 0.0650571

Epoch:3000
In training set, loss: 5.06176, Y0: 0.0650703

Epoch:3100
In training set, loss: 5.04085, Y0: 0.0650833

Epoch:3200
In training set, loss: 5.02039, Y0: 0.0650959

Epoch:3300
In training set, loss: 5.00038, Y0: 0.0651083

Epoch:3400
In training set, loss: 4.98081, Y0: 0.0651206

Epoch:3500
In training set, loss: 4.96166, Y0: 0.0651326

Epoch:3600
In training set, loss: 4.94292, Y0: 0.0651445

Epoch:3700
In training set, loss: 4.92459, Y0: 0.0651561

Epoch:3800
In training set, loss: 4.90665, Y0: 0.0651675

Epoch:3900
In training set, loss: 4.88909, Y0: 0.0651787

Epoch:4000
In training set, loss: 4.8719, Y0: 0.0651896



###############################################################################
TCHPC Cluster: kelvin
Job 22671 (BSDE_job_4_procs) for User 'zuoy' in Account 'hpc_21_01207'
Finished at: Sun Nov 21 18:10:54 GMT 2021

Job efficiency estimates:
=========================

Job ID: 22671
Cluster: kelvin
User/Group: zuoy/zuoy
State: COMPLETED (exit code 0)
Nodes: 3
Cores per node: 12
CPU Utilized: 03:55:47
CPU Efficiency: 30.42% of 12:55:12 core-walltime
Job Wall-clock time: 00:21:32
Memory Utilized: 662.66 MB
Memory Efficiency: 0.96% of 67.38 GB

Job completion status:
======================

       JobID    JobName AllocCPUS NTasks NNodes     MaxRSS    MaxRSSNode  MaxDiskRead MaxDiskWrite    Elapsed      State ExitCode 
------------ ---------- --------- ------ ------ ---------- ------------- ------------ ------------ ---------- ---------- -------- 
22671        BSDE_job_+        36             3                                                      00:21:32  COMPLETED      0:0 
22671.batch       batch        12      1      1    678560K   kelvin-n084        0.86M        0.01M   00:21:32  COMPLETED      0:0 
22671.0           orted        24      2      2                                                      00:21:30  COMPLETED      0:0 


Job details:
============

JobId=22671 JobName=BSDE_job_4_procs
   UserId=zuoy(1582) GroupId=zuoy(1252) MCS_label=N/A
   Priority=10627564 Nice=0 Account=hpc_21_01207 QOS=normal
   JobState=COMPLETING Reason=None Dependency=(null)
   Requeue=0 Restarts=0 BatchFlag=1 Reboot=0 ExitCode=0:0
   DerivedExitCode=0:0
   RunTime=00:21:32 TimeLimit=23:30:00 TimeMin=N/A
   SubmitTime=2021-11-21T15:16:05 EligibleTime=2021-11-21T15:16:05
   AccrueTime=2021-11-21T15:16:05
   StartTime=2021-11-21T17:49:22 EndTime=2021-11-21T18:10:54 Deadline=N/A
   SuspendTime=None SecsPreSuspend=0 LastSchedEval=2021-11-21T17:49:22
   Partition=compute AllocNode:Sid=kelvin01:12189
   ReqNodeList=(null) ExcNodeList=(null)
   NodeList=kelvin-n[086,090]
   BatchHost=kelvin-n084
   NumNodes=2 NumCPUs=36 NumTasks=32 CPUs/Task=1 ReqB:S:C:T=0:0:*:*
   TRES=cpu=36,mem=69000M,node=3,billing=36
   Socks/Node=* NtasksPerN:B:S:C=0:0:*:* CoreSpec=*
   JOB_GRES=(null)
     Nodes=kelvin-n[084,086,090] CPU_IDs=0-11 Mem=23000 GRES=
   MinCPUsNode=1 MinMemoryNode=23000M MinTmpDiskNode=0
   Features=(null) DelayBoot=00:00:00
   OverSubscribe=NO Contiguous=0 Licenses=(null) Network=(null)
   Command=/home/users/mschpc/2019/zuoy/HPC/NeuralNetwork/parallel/scripts/script_AllenCahn_d300_b1_n32.sh
   WorkDir=/home/users/mschpc/2019/zuoy/HPC/NeuralNetwork/parallel
   StdErr=/home/users/mschpc/2019/zuoy/HPC/NeuralNetwork/parallel/output/slurm-22671.out
   StdIn=/dev/null
   StdOut=/home/users/mschpc/2019/zuoy/HPC/NeuralNetwork/parallel/output/slurm-22671.out
   Power=
   NtasksPerTRES:0


Disk quota details:
===================

Quota Type           Name  Filesystem     Usage in MB     Limit in MB    % Used
-------------------------------------------------------------------------------
USER                 zuoy       /home             128          51,200     0.25%

GROUP              mschpc   /projects             999          51,200     1.95%
GROUP          pi-dgolden   /projects               0          51,200     0.00%


SLURM Bank Statement:
=====================

User           Usage |        Account     Usage | Account Limit Available (CPU hrs)
---------- --------- + -------------- --------- + ------------- ---------
zuoy          20,408 |   HPC_21_01207    20,408 |       100,000    79,592


Acknowledgements:
=================

Note that usage of TCHPC Resources *must* be acknowledged in all publications.

Please see this page for details relevant to this cluster:

http://www.tchpc.tcd.ie/resources/acknowledgementpolicy

################################################################################
