Parallel Mode: Master-Slave
Dimension: 500
Total time: 1
Number of time intervals: 40
Learning rate: 0.01
y_init_range: 40, 50
Number of neurons in each hidden layer of each subnet: 110, 110, 
Epochs: 1000
Batch size: 64
Sample size: 256
Logging frequency: 100
Model name: pricing_default_risk_parallel_
Number of processors: 32


Training:
Epoch:100
In training set, loss: 14463.1, Y0: 41.3296

Epoch:200
In training set, loss: 11313.7, Y0: 42.4819

Epoch:300
In training set, loss: 8942.34, Y0: 43.4808

Epoch:400
In training set, loss: 7155.1, Y0: 44.3466

Epoch:500
In training set, loss: 5806.53, Y0: 45.0972

Epoch:600
In training set, loss: 4791.09, Y0: 45.7481

Epoch:700
In training set, loss: 4033.68, Y0: 46.3137

Epoch:800
In training set, loss: 3467.2, Y0: 46.8064

Epoch:900
In training set, loss: 3039.55, Y0: 47.2368

Epoch:1000
In training set, loss: 2713.63, Y0: 47.6135



###############################################################################
TCHPC Cluster: kelvin
Job 23010 (BSDE_job_4_procs) for User 'zuoy' in Account 'hpc_21_01207'
Finished at: Mon Nov 22 07:42:44 GMT 2021

Job efficiency estimates:
=========================

Job ID: 23010
Cluster: kelvin
User/Group: zuoy/zuoy
State: COMPLETED (exit code 0)
Nodes: 3
Cores per node: 12
CPU Utilized: 02:37:43
CPU Efficiency: 30.25% of 08:41:24 core-walltime
Job Wall-clock time: 00:14:29
Memory Utilized: 1.35 GB
Memory Efficiency: 2.00% of 67.38 GB

Job completion status:
======================

       JobID    JobName AllocCPUS NTasks NNodes     MaxRSS    MaxRSSNode  MaxDiskRead MaxDiskWrite    Elapsed      State ExitCode 
------------ ---------- --------- ------ ------ ---------- ------------- ------------ ------------ ---------- ---------- -------- 
23010        BSDE_job_+        36             3                                                      00:14:29  COMPLETED      0:0 
23010.batch       batch        12      1      1   1416216K   kelvin-n023        0.86M        0.01M   00:14:29  COMPLETED      0:0 
23010.0           orted        24      2      2                                                      00:14:28  COMPLETED      0:0 


Job details:
============

JobId=23010 JobName=BSDE_job_4_procs
   UserId=zuoy(1582) GroupId=zuoy(1252) MCS_label=N/A
   Priority=10646039 Nice=0 Account=hpc_21_01207 QOS=normal
   JobState=COMPLETING Reason=None Dependency=(null)
   Requeue=0 Restarts=0 BatchFlag=1 Reboot=0 ExitCode=0:0
   DerivedExitCode=0:0
   RunTime=00:14:29 TimeLimit=23:00:00 TimeMin=N/A
   SubmitTime=2021-11-22T02:27:04 EligibleTime=2021-11-22T02:27:04
   AccrueTime=2021-11-22T02:27:04
   StartTime=2021-11-22T07:28:15 EndTime=2021-11-22T07:42:44 Deadline=N/A
   SuspendTime=None SecsPreSuspend=0 LastSchedEval=2021-11-22T07:28:15
   Partition=compute AllocNode:Sid=kelvin01:12189
   ReqNodeList=(null) ExcNodeList=(null)
   NodeList=kelvin-n[093,096]
   BatchHost=kelvin-n023
   NumNodes=2 NumCPUs=36 NumTasks=32 CPUs/Task=1 ReqB:S:C:T=0:0:*:*
   TRES=cpu=36,mem=69000M,node=3,billing=36
   Socks/Node=* NtasksPerN:B:S:C=0:0:*:* CoreSpec=*
   JOB_GRES=(null)
     Nodes=kelvin-n[023,093,096] CPU_IDs=0-11 Mem=23000 GRES=
   MinCPUsNode=1 MinMemoryNode=23000M MinTmpDiskNode=0
   Features=(null) DelayBoot=00:00:00
   OverSubscribe=NO Contiguous=0 Licenses=(null) Network=(null)
   Command=/home/users/mschpc/2019/zuoy/HPC/NeuralNetwork/parallel/scripts/script_PricingDefaultRisk_d500_b64_n32.sh
   WorkDir=/home/users/mschpc/2019/zuoy/HPC/NeuralNetwork/parallel
   StdErr=/home/users/mschpc/2019/zuoy/HPC/NeuralNetwork/parallel/output/slurm-23010.out
   StdIn=/dev/null
   StdOut=/home/users/mschpc/2019/zuoy/HPC/NeuralNetwork/parallel/output/slurm-23010.out
   Power=
   NtasksPerTRES:0


Disk quota details:
===================

Quota Type           Name  Filesystem     Usage in MB     Limit in MB    % Used
-------------------------------------------------------------------------------
USER                 zuoy       /home             133          51,200     0.26%

GROUP              mschpc   /projects             999          51,200     1.95%
GROUP          pi-dgolden   /projects               0          51,200     0.00%


SLURM Bank Statement:
=====================

User           Usage |        Account     Usage | Account Limit Available (CPU hrs)
---------- --------- + -------------- --------- + ------------- ---------
zuoy          26,181 |   HPC_21_01207    26,181 |       100,000    73,819


Acknowledgements:
=================

Note that usage of TCHPC Resources *must* be acknowledged in all publications.

Please see this page for details relevant to this cluster:

http://www.tchpc.tcd.ie/resources/acknowledgementpolicy

################################################################################
