Parallel Mode: Master-Slave
Dimension: 100
Total time: 1
Number of time intervals: 40
Learning rate: 0.01
y_init_range: 40, 50
Number of neurons in each hidden layer of each subnet: 110, 110, 
Epochs: 1000
Batch size: 1
Sample size: 256
Logging frequency: 100
Model name: pricing_default_risk_parallel_
Number of processors: 64


Training:
Epoch:100
In training set, loss: 3201.46, Y0: 56.4957

Epoch:200
In training set, loss: 2939.61, Y0: 56.9255

Epoch:300
In training set, loss: 2743.95, Y0: 56.9622

Epoch:400
In training set, loss: 2583.84, Y0: 56.9852

Epoch:500
In training set, loss: 2449.72, Y0: 57.0055

Epoch:600
In training set, loss: 2336.06, Y0: 57.0234

Epoch:700
In training set, loss: 2237.85, Y0: 57.0399

Epoch:800
In training set, loss: 2152.13, Y0: 57.0546

Epoch:900
In training set, loss: 2076.5, Y0: 57.0682

Epoch:1000
In training set, loss: 2008.84, Y0: 57.0802



###############################################################################
TCHPC Cluster: kelvin
Job 22512 (BSDE_job_4_procs) for User 'zuoy' in Account 'hpc_21_01207'
Finished at: Sun Nov 21 12:17:42 GMT 2021

Job efficiency estimates:
=========================

Job ID: 22512
Cluster: kelvin
User/Group: zuoy/zuoy
State: COMPLETED (exit code 0)
Nodes: 6
Cores per node: 12
CPU Utilized: 01:22:21
CPU Efficiency: 15.05% of 09:07:12 core-walltime
Job Wall-clock time: 00:07:36
Memory Utilized: 765.86 MB
Memory Efficiency: 0.55% of 134.77 GB

Job completion status:
======================

       JobID    JobName AllocCPUS NTasks NNodes     MaxRSS    MaxRSSNode  MaxDiskRead MaxDiskWrite    Elapsed      State ExitCode 
------------ ---------- --------- ------ ------ ---------- ------------- ------------ ------------ ---------- ---------- -------- 
22512        BSDE_job_+        72             6                                                      00:07:36  COMPLETED      0:0 
22512.batch       batch        12      1      1    784236K   kelvin-n029        0.86M        0.01M   00:07:36  COMPLETED      0:0 
22512.0           orted        60      5      5                                                      00:07:35  COMPLETED      0:0 


Job details:
============

JobId=22512 JobName=BSDE_job_4_procs
   UserId=zuoy(1582) GroupId=zuoy(1252) MCS_label=N/A
   Priority=11038556 Nice=0 Account=hpc_21_01207 QOS=normal
   JobState=COMPLETING Reason=None Dependency=(null)
   Requeue=0 Restarts=0 BatchFlag=1 Reboot=0 ExitCode=0:0
   DerivedExitCode=0:0
   RunTime=00:07:36 TimeLimit=23:00:00 TimeMin=N/A
   SubmitTime=2021-11-21T10:38:14 EligibleTime=2021-11-21T10:38:14
   AccrueTime=2021-11-21T10:38:14
   StartTime=2021-11-21T12:10:06 EndTime=2021-11-21T12:17:42 Deadline=N/A
   SuspendTime=None SecsPreSuspend=0 LastSchedEval=2021-11-21T12:10:06
   Partition=compute AllocNode:Sid=kelvin01:12117
   ReqNodeList=(null) ExcNodeList=(null)
   NodeList=kelvin-n[030,032,034-036]
   BatchHost=kelvin-n029
   NumNodes=5 NumCPUs=72 NumTasks=64 CPUs/Task=1 ReqB:S:C:T=0:0:*:*
   TRES=cpu=72,mem=138000M,node=6,billing=72
   Socks/Node=* NtasksPerN:B:S:C=0:0:*:* CoreSpec=*
   JOB_GRES=(null)
     Nodes=kelvin-n[029-030,032,034-036] CPU_IDs=0-11 Mem=23000 GRES=
   MinCPUsNode=1 MinMemoryNode=23000M MinTmpDiskNode=0
   Features=(null) DelayBoot=00:00:00
   OverSubscribe=NO Contiguous=0 Licenses=(null) Network=(null)
   Command=/home/users/mschpc/2019/zuoy/HPC/NeuralNetwork/parallel/scripts/script_PricingDefaultRisk_d100_b1_n64.sh
   WorkDir=/home/users/mschpc/2019/zuoy/HPC/NeuralNetwork/parallel
   StdErr=/home/users/mschpc/2019/zuoy/HPC/NeuralNetwork/parallel/output/slurm-22512.out
   StdIn=/dev/null
   StdOut=/home/users/mschpc/2019/zuoy/HPC/NeuralNetwork/parallel/output/slurm-22512.out
   Power=
   NtasksPerTRES:0


Disk quota details:
===================

Quota Type           Name  Filesystem     Usage in MB     Limit in MB    % Used
-------------------------------------------------------------------------------
USER                 zuoy       /home             120          51,200     0.24%

GROUP              mschpc   /projects             999          51,200     1.95%
GROUP          pi-dgolden   /projects               0          51,200     0.00%


SLURM Bank Statement:
=====================

User           Usage |        Account     Usage | Account Limit Available (CPU hrs)
---------- --------- + -------------- --------- + ------------- ---------
zuoy          17,828 |   HPC_21_01207    17,828 |       100,000    82,172


Acknowledgements:
=================

Note that usage of TCHPC Resources *must* be acknowledged in all publications.

Please see this page for details relevant to this cluster:

http://www.tchpc.tcd.ie/resources/acknowledgementpolicy

################################################################################
