Parallel Mode: Master-Slave
Dimension: 100
Total time: 0.3
Number of time intervals: 20
Learning rate: 0.0005
y_init_range: 0.3, 0.5
Number of neurons in each hidden layer of each subnet: 110, 110, 
Epochs: 4000
Batch size: 1
Sample size: 1024
Logging frequency: 100
Model name: AllenCahn_parallel_
Number of processors: 8


Training:
Epoch:100
In training set, loss: 7.38209, Y0: 0.0536837

Epoch:200
In training set, loss: 7.1344, Y0: 0.0477235

Epoch:300
In training set, loss: 6.92847, Y0: 0.04767

Epoch:400
In training set, loss: 6.74802, Y0: 0.0477615

Epoch:500
In training set, loss: 6.58937, Y0: 0.0478477

Epoch:600
In training set, loss: 6.44943, Y0: 0.0479256

Epoch:700
In training set, loss: 6.32558, Y0: 0.0479963

Epoch:800
In training set, loss: 6.21562, Y0: 0.0480606

Epoch:900
In training set, loss: 6.11765, Y0: 0.0481193

Epoch:1000
In training set, loss: 6.03007, Y0: 0.048173

Epoch:1100
In training set, loss: 5.95153, Y0: 0.0482222

Epoch:1200
In training set, loss: 5.88083, Y0: 0.0482675

Epoch:1300
In training set, loss: 5.81698, Y0: 0.0483094

Epoch:1400
In training set, loss: 5.7591, Y0: 0.0483481

Epoch:1500
In training set, loss: 5.70646, Y0: 0.0483839

Epoch:1600
In training set, loss: 5.65841, Y0: 0.0484173

Epoch:1700
In training set, loss: 5.61438, Y0: 0.0484483

Epoch:1800
In training set, loss: 5.5739, Y0: 0.0484772

Epoch:1900
In training set, loss: 5.53655, Y0: 0.0485042

Epoch:2000
In training set, loss: 5.50196, Y0: 0.0485296

Epoch:2100
In training set, loss: 5.46981, Y0: 0.0485533

Epoch:2200
In training set, loss: 5.43983, Y0: 0.0485756

Epoch:2300
In training set, loss: 5.41177, Y0: 0.0485967

Epoch:2400
In training set, loss: 5.38542, Y0: 0.0486166

Epoch:2500
In training set, loss: 5.3606, Y0: 0.0486354

Epoch:2600
In training set, loss: 5.33713, Y0: 0.0486533

Epoch:2700
In training set, loss: 5.31489, Y0: 0.0486703

Epoch:2800
In training set, loss: 5.29373, Y0: 0.0486865

Epoch:2900
In training set, loss: 5.27354, Y0: 0.0487018

Epoch:3000
In training set, loss: 5.25424, Y0: 0.0487165

Epoch:3100
In training set, loss: 5.23572, Y0: 0.0487304

Epoch:3200
In training set, loss: 5.21791, Y0: 0.0487438

Epoch:3300
In training set, loss: 5.20074, Y0: 0.0487565

Epoch:3400
In training set, loss: 5.18416, Y0: 0.0487688

Epoch:3500
In training set, loss: 5.1681, Y0: 0.0487806

Epoch:3600
In training set, loss: 5.15251, Y0: 0.0487919

Epoch:3700
In training set, loss: 5.13736, Y0: 0.0488028

Epoch:3800
In training set, loss: 5.1226, Y0: 0.0488132

Epoch:3900
In training set, loss: 5.1082, Y0: 0.0488233

Epoch:4000
In training set, loss: 5.09413, Y0: 0.0488331



###############################################################################
TCHPC Cluster: kelvin
Job 22591 (BSDE_job_4_procs) for User 'zuoy' in Account 'hpc_21_01207'
Finished at: Sun Nov 21 16:05:15 GMT 2021

Job efficiency estimates:
=========================

Job ID: 22591
Cluster: kelvin
User/Group: zuoy/zuoy
State: COMPLETED (exit code 0)
Nodes: 1
Cores per node: 12
CPU Utilized: 05:12:56
CPU Efficiency: 66.61% of 07:49:48 core-walltime
Job Wall-clock time: 00:39:09
Memory Utilized: 418.55 MB
Memory Efficiency: 1.82% of 22.46 GB

Job completion status:
======================

       JobID    JobName AllocCPUS NTasks NNodes     MaxRSS    MaxRSSNode  MaxDiskRead MaxDiskWrite    Elapsed      State ExitCode 
------------ ---------- --------- ------ ------ ---------- ------------- ------------ ------------ ---------- ---------- -------- 
22591        BSDE_job_+        12             1                                                      00:39:09  COMPLETED      0:0 
22591.batch       batch        12      1      1    428596K   kelvin-n008        0.86M        0.01M   00:39:09  COMPLETED      0:0 


Job details:
============

JobId=22591 JobName=BSDE_job_4_procs
   UserId=zuoy(1582) GroupId=zuoy(1252) MCS_label=N/A
   Priority=11005885 Nice=0 Account=hpc_21_01207 QOS=normal
   JobState=COMPLETING Reason=None Dependency=(null)
   Requeue=0 Restarts=0 BatchFlag=1 Reboot=0 ExitCode=0:0
   DerivedExitCode=0:0
   RunTime=00:39:09 TimeLimit=23:00:00 TimeMin=N/A
   SubmitTime=2021-11-21T13:03:24 EligibleTime=2021-11-21T13:03:24
   AccrueTime=2021-11-21T13:03:24
   StartTime=2021-11-21T15:26:06 EndTime=2021-11-21T16:05:15 Deadline=N/A
   SuspendTime=None SecsPreSuspend=0 LastSchedEval=2021-11-21T15:26:06
   Partition=compute AllocNode:Sid=kelvin01:30506
   ReqNodeList=(null) ExcNodeList=(null)
   NodeList=
   BatchHost=kelvin-n008
   NumNodes=1 NumCPUs=12 NumTasks=8 CPUs/Task=1 ReqB:S:C:T=0:0:*:*
   TRES=cpu=12,mem=23000M,node=1,billing=12
   Socks/Node=* NtasksPerN:B:S:C=0:0:*:* CoreSpec=*
   JOB_GRES=(null)
     Nodes=kelvin-n008 CPU_IDs=0-11 Mem=23000 GRES=
   MinCPUsNode=1 MinMemoryNode=23000M MinTmpDiskNode=0
   Features=(null) DelayBoot=00:00:00
   OverSubscribe=NO Contiguous=0 Licenses=(null) Network=(null)
   Command=/home/users/mschpc/2019/zuoy/HPC/NeuralNetwork/parallel/scripts/script_AllenCahn_d100_b1_n8.sh
   WorkDir=/home/users/mschpc/2019/zuoy/HPC/NeuralNetwork/parallel
   StdErr=/home/users/mschpc/2019/zuoy/HPC/NeuralNetwork/parallel/output/slurm-22591.out
   StdIn=/dev/null
   StdOut=/home/users/mschpc/2019/zuoy/HPC/NeuralNetwork/parallel/output/slurm-22591.out
   Power=
   NtasksPerTRES:0


Disk quota details:
===================

Quota Type           Name  Filesystem     Usage in MB     Limit in MB    % Used
-------------------------------------------------------------------------------
USER                 zuoy       /home             124          51,200     0.24%

GROUP              mschpc   /projects             999          51,200     1.95%
GROUP          pi-dgolden   /projects               0          51,200     0.00%


SLURM Bank Statement:
=====================

User           Usage |        Account     Usage | Account Limit Available (CPU hrs)
---------- --------- + -------------- --------- + ------------- ---------
zuoy          19,467 |   HPC_21_01207    19,467 |       100,000    80,533


Acknowledgements:
=================

Note that usage of TCHPC Resources *must* be acknowledged in all publications.

Please see this page for details relevant to this cluster:

http://www.tchpc.tcd.ie/resources/acknowledgementpolicy

################################################################################
