Parallel Mode: Master-Slave
Dimension: 400
Total time: 1
Number of time intervals: 40
Learning rate: 0.01
y_init_range: 40, 50
Number of neurons in each hidden layer of each subnet: 110, 110, 
Epochs: 1000
Batch size: 64
Sample size: 256
Logging frequency: 100
Model name: pricing_default_risk_parallel_
Number of processors: 64


Training:
Epoch:100
In training set, loss: 2018.5, Y0: 50.1908

Epoch:200
In training set, loss: 1648.11, Y0: 50.4407

Epoch:300
In training set, loss: 1384.7, Y0: 50.5091

Epoch:400
In training set, loss: 1188.45, Y0: 50.5681

Epoch:500
In training set, loss: 1036.62, Y0: 50.6216

Epoch:600
In training set, loss: 915.415, Y0: 50.6703

Epoch:700
In training set, loss: 816.417, Y0: 50.7149

Epoch:800
In training set, loss: 734.063, Y0: 50.7557

Epoch:900
In training set, loss: 664.552, Y0: 50.7933

Epoch:1000
In training set, loss: 605.123, Y0: 50.8279



###############################################################################
TCHPC Cluster: kelvin
Job 23529 (BSDE_job_4_procs) for User 'zuoy' in Account 'hpc_21_01207'
Finished at: Wed Nov 24 08:32:09 GMT 2021

Job efficiency estimates:
=========================

Job ID: 23529
Cluster: kelvin
User/Group: zuoy/zuoy
State: COMPLETED (exit code 0)
Nodes: 6
Cores per node: 12
CPU Utilized: 03:04:17
CPU Efficiency: 15.17% of 20:14:24 core-walltime
Job Wall-clock time: 00:16:52
Memory Utilized: 1.20 GB
Memory Efficiency: 0.89% of 134.77 GB

Job completion status:
======================

       JobID    JobName AllocCPUS NTasks NNodes     MaxRSS    MaxRSSNode  MaxDiskRead MaxDiskWrite    Elapsed      State ExitCode 
------------ ---------- --------- ------ ------ ---------- ------------- ------------ ------------ ---------- ---------- -------- 
23529        BSDE_job_+        72             6                                                      00:16:52  COMPLETED      0:0 
23529.batch       batch        12      1      1   1262020K   kelvin-n046        0.86M        0.01M   00:16:52  COMPLETED      0:0 
23529.0           orted        60      5      5                                                      00:16:51  COMPLETED      0:0 


Job details:
============

JobId=23529 JobName=BSDE_job_4_procs
   UserId=zuoy(1582) GroupId=zuoy(1252) MCS_label=N/A
   Priority=10948209 Nice=0 Account=hpc_21_01207 QOS=normal
   JobState=COMPLETING Reason=None Dependency=(null)
   Requeue=0 Restarts=0 BatchFlag=1 Reboot=0 ExitCode=0:0
   DerivedExitCode=0:0
   RunTime=00:16:52 TimeLimit=23:00:00 TimeMin=N/A
   SubmitTime=2021-11-23T17:08:27 EligibleTime=2021-11-23T17:08:27
   AccrueTime=2021-11-23T17:08:27
   StartTime=2021-11-24T08:15:17 EndTime=2021-11-24T08:32:09 Deadline=N/A
   SuspendTime=None SecsPreSuspend=0 LastSchedEval=2021-11-24T08:15:17
   Partition=compute AllocNode:Sid=kelvin01:24748
   ReqNodeList=(null) ExcNodeList=(null)
   NodeList=kelvin-n[064-065,070-071,085]
   BatchHost=kelvin-n046
   NumNodes=5 NumCPUs=72 NumTasks=64 CPUs/Task=1 ReqB:S:C:T=0:0:*:*
   TRES=cpu=72,mem=138000M,node=6,billing=72
   Socks/Node=* NtasksPerN:B:S:C=0:0:*:* CoreSpec=*
   JOB_GRES=(null)
     Nodes=kelvin-n[046,064-065,070-071,085] CPU_IDs=0-11 Mem=23000 GRES=
   MinCPUsNode=1 MinMemoryNode=23000M MinTmpDiskNode=0
   Features=(null) DelayBoot=00:00:00
   OverSubscribe=NO Contiguous=0 Licenses=(null) Network=(null)
   Command=/home/users/mschpc/2019/zuoy/HPC/NeuralNetwork/parallel/scripts/script_PricingDefaultRisk_d400_b64_n64.sh
   WorkDir=/home/users/mschpc/2019/zuoy/HPC/NeuralNetwork/parallel
   StdErr=/home/users/mschpc/2019/zuoy/HPC/NeuralNetwork/parallel/output/slurm-23529.out
   StdIn=/dev/null
   StdOut=/home/users/mschpc/2019/zuoy/HPC/NeuralNetwork/parallel/output/slurm-23529.out
   Power=
   NtasksPerTRES:0


Disk quota details:
===================

Quota Type           Name  Filesystem     Usage in MB     Limit in MB    % Used
-------------------------------------------------------------------------------
USER                 zuoy       /home             140          51,200     0.27%

GROUP              mschpc   /projects             999          51,200     1.95%
GROUP          pi-dgolden   /projects               0          51,200     0.00%


SLURM Bank Statement:
=====================

User           Usage |        Account     Usage | Account Limit Available (CPU hrs)
---------- --------- + -------------- --------- + ------------- ---------
zuoy          28,877 |   HPC_21_01207    28,877 |       100,000    71,123


Acknowledgements:
=================

Note that usage of TCHPC Resources *must* be acknowledged in all publications.

Please see this page for details relevant to this cluster:

http://www.tchpc.tcd.ie/resources/acknowledgementpolicy

################################################################################
