Parallel Mode: Master-Slave
Dimension: 200
Total time: 1
Number of time intervals: 20
Learning rate: 0.01
y_init_range: 0, 1
Number of neurons in each hidden layer of each subnet: 110, 110, 
Epochs: 3000
Batch size: 1
Sample size: 256
Logging frequency: 100
Model name: HJBLQ_parallel_
Number of processors: 8


Training:
Epoch:100
In training set, loss: 2.43207, Y0: 5.1102

Epoch:200
In training set, loss: 1.37242, Y0: 5.15488

Epoch:300
In training set, loss: 1.04776, Y0: 5.17003

Epoch:400
In training set, loss: 0.872993, Y0: 5.17699

Epoch:500
In training set, loss: 0.75653, Y0: 5.18066

Epoch:600
In training set, loss: 0.669927, Y0: 5.18272

Epoch:700
In training set, loss: 0.601086, Y0: 5.1839

Epoch:800
In training set, loss: 0.543927, Y0: 5.18458

Epoch:900
In training set, loss: 0.495044, Y0: 5.18493

Epoch:1000
In training set, loss: 0.452381, Y0: 5.18509

Epoch:1100
In training set, loss: 0.414608, Y0: 5.18511

Epoch:1200
In training set, loss: 0.380828, Y0: 5.18504

Epoch:1300
In training set, loss: 0.350396, Y0: 5.18491

Epoch:1400
In training set, loss: 0.322829, Y0: 5.18473

Epoch:1500
In training set, loss: 0.297757, Y0: 5.18453

Epoch:1600
In training set, loss: 0.274878, Y0: 5.1843

Epoch:1700
In training set, loss: 0.253951, Y0: 5.18406

Epoch:1800
In training set, loss: 0.234766, Y0: 5.18382

Epoch:1900
In training set, loss: 0.217152, Y0: 5.18357

Epoch:2000
In training set, loss: 0.200957, Y0: 5.18331

Epoch:2100
In training set, loss: 0.18605, Y0: 5.18307

Epoch:2200
In training set, loss: 0.172313, Y0: 5.18282

Epoch:2300
In training set, loss: 0.159645, Y0: 5.18259

Epoch:2400
In training set, loss: 0.147952, Y0: 5.18235

Epoch:2500
In training set, loss: 0.137154, Y0: 5.18213

Epoch:2600
In training set, loss: 0.127177, Y0: 5.18192

Epoch:2700
In training set, loss: 0.117951, Y0: 5.18171

Epoch:2800
In training set, loss: 0.109419, Y0: 5.18151

Epoch:2900
In training set, loss: 0.101524, Y0: 5.18132

Epoch:3000
In training set, loss: 0.0942149, Y0: 5.18113



###############################################################################
TCHPC Cluster: kelvin
Job 21160 (BSDE_job_4_procs) for User 'zuoy' in Account 'hpc_21_01207'
Finished at: Thu Nov 18 03:46:03 GMT 2021

Job efficiency estimates:
=========================

Job ID: 21160
Cluster: kelvin
User/Group: zuoy/zuoy
State: COMPLETED (exit code 0)
Nodes: 1
Cores per node: 12
CPU Utilized: 01:55:06
CPU Efficiency: 66.53% of 02:53:00 core-walltime
Job Wall-clock time: 00:14:25
Memory Utilized: 383.15 MB
Memory Efficiency: 1.67% of 22.46 GB

Job completion status:
======================

       JobID    JobName AllocCPUS NTasks NNodes     MaxRSS    MaxRSSNode  MaxDiskRead MaxDiskWrite    Elapsed      State ExitCode 
------------ ---------- --------- ------ ------ ---------- ------------- ------------ ------------ ---------- ---------- -------- 
21160        BSDE_job_+        12             1                                                      00:14:25  COMPLETED      0:0 
21160.batch       batch        12      1      1    392348K   kelvin-n030        0.87M        0.01M   00:14:25  COMPLETED      0:0 


Job details:
============

JobId=21160 JobName=BSDE_job_4_procs
   UserId=zuoy(1582) GroupId=zuoy(1252) MCS_label=N/A
   Priority=11323152 Nice=0 Account=hpc_21_01207 QOS=normal
   JobState=COMPLETING Reason=None Dependency=(null)
   Requeue=0 Restarts=0 BatchFlag=1 Reboot=0 ExitCode=0:0
   DerivedExitCode=0:0
   RunTime=00:14:25 TimeLimit=23:00:00 TimeMin=N/A
   SubmitTime=2021-11-17T21:51:52 EligibleTime=2021-11-17T21:51:52
   AccrueTime=2021-11-17T21:51:52
   StartTime=2021-11-18T03:31:38 EndTime=2021-11-18T03:46:03 Deadline=N/A
   SuspendTime=None SecsPreSuspend=0 LastSchedEval=2021-11-18T03:31:38
   Partition=compute AllocNode:Sid=kelvin01:6170
   ReqNodeList=(null) ExcNodeList=(null)
   NodeList=
   BatchHost=kelvin-n030
   NumNodes=1 NumCPUs=12 NumTasks=8 CPUs/Task=1 ReqB:S:C:T=0:0:*:*
   TRES=cpu=12,mem=23000M,node=1,billing=12
   Socks/Node=* NtasksPerN:B:S:C=0:0:*:* CoreSpec=*
   JOB_GRES=(null)
     Nodes=kelvin-n030 CPU_IDs=0-11 Mem=23000 GRES=
   MinCPUsNode=1 MinMemoryNode=23000M MinTmpDiskNode=0
   Features=(null) DelayBoot=00:00:00
   OverSubscribe=NO Contiguous=0 Licenses=(null) Network=(null)
   Command=/home/users/mschpc/2019/zuoy/HPC/NeuralNetwork/parallel/scripts/script_HJBLQ_d200_b1_n8.sh
   WorkDir=/home/users/mschpc/2019/zuoy/HPC/NeuralNetwork/parallel
   StdErr=/home/users/mschpc/2019/zuoy/HPC/NeuralNetwork/parallel/output/slurm-21160.out
   StdIn=/dev/null
   StdOut=/home/users/mschpc/2019/zuoy/HPC/NeuralNetwork/parallel/output/slurm-21160.out
   Power=
   NtasksPerTRES:0


Disk quota details:
===================

Quota Type           Name  Filesystem     Usage in MB     Limit in MB    % Used
-------------------------------------------------------------------------------
USER                 zuoy       /home             104          51,200     0.20%

GROUP              mschpc   /projects             999          51,200     1.95%
GROUP          pi-dgolden   /projects               0          51,200     0.00%


SLURM Bank Statement:
=====================

User           Usage |        Account     Usage | Account Limit Available (CPU hrs)
---------- --------- + -------------- --------- + ------------- ---------
zuoy           7,854 |   HPC_21_01207     7,854 |       100,000    92,146


Acknowledgements:
=================

Note that usage of TCHPC Resources *must* be acknowledged in all publications.

Please see this page for details relevant to this cluster:

http://www.tchpc.tcd.ie/resources/acknowledgementpolicy

################################################################################
