Parallel Mode: Master-Slave
Dimension: 300
Total time: 1
Number of time intervals: 40
Learning rate: 0.01
y_init_range: 40, 50
Number of neurons in each hidden layer of each subnet: 110, 110, 
Epochs: 1000
Batch size: 1
Sample size: 256
Logging frequency: 100
Model name: pricing_default_risk_parallel_
Number of processors: 128


Training:
Epoch:100
In training set, loss: 2278.31, Y0: 50.1351

Epoch:200
In training set, loss: 1805.6, Y0: 51.4966

Epoch:300
In training set, loss: 1648.56, Y0: 51.6947

Epoch:400
In training set, loss: 1519.24, Y0: 51.7212

Epoch:500
In training set, loss: 1407.68, Y0: 51.723

Epoch:600
In training set, loss: 1310.54, Y0: 51.7216

Epoch:700
In training set, loss: 1225.46, Y0: 51.7204

Epoch:800
In training set, loss: 1150.47, Y0: 51.7194

Epoch:900
In training set, loss: 1084.02, Y0: 51.719

Epoch:1000
In training set, loss: 1024.81, Y0: 51.7189



###############################################################################
TCHPC Cluster: kelvin
Job 22942 (BSDE_job_4_procs) for User 'zuoy' in Account 'hpc_21_01207'
Finished at: Mon Nov 22 04:00:47 GMT 2021

Job efficiency estimates:
=========================

Job ID: 22942
Cluster: kelvin
User/Group: zuoy/zuoy
State: COMPLETED (exit code 0)
Nodes: 11
Cores per node: 12
CPU Utilized: 09:16:21
CPU Efficiency: 9.03% of 4-06:42:12 core-walltime
Job Wall-clock time: 00:46:41
Memory Utilized: 1.47 GB
Memory Efficiency: 0.60% of 247.07 GB

Job completion status:
======================

       JobID    JobName AllocCPUS NTasks NNodes     MaxRSS    MaxRSSNode  MaxDiskRead MaxDiskWrite    Elapsed      State ExitCode 
------------ ---------- --------- ------ ------ ---------- ------------- ------------ ------------ ---------- ---------- -------- 
22942        BSDE_job_+       132            11                                                      00:46:41  COMPLETED      0:0 
22942.batch       batch        12      1      1   1546432K   kelvin-n001        0.86M        0.01M   00:46:41  COMPLETED      0:0 
22942.0           orted       120     10     10                                                      00:46:40  COMPLETED      0:0 


Job details:
============

JobId=22942 JobName=BSDE_job_4_procs
   UserId=zuoy(1582) GroupId=zuoy(1252) MCS_label=N/A
   Priority=10573778 Nice=0 Account=hpc_21_01207 QOS=normal
   JobState=COMPLETING Reason=None Dependency=(null)
   Requeue=0 Restarts=0 BatchFlag=1 Reboot=0 ExitCode=0:0
   DerivedExitCode=0:0
   RunTime=00:46:41 TimeLimit=23:00:00 TimeMin=N/A
   SubmitTime=2021-11-22T00:48:14 EligibleTime=2021-11-22T00:48:14
   AccrueTime=2021-11-22T00:48:14
   StartTime=2021-11-22T03:14:06 EndTime=2021-11-22T04:00:47 Deadline=N/A
   SuspendTime=None SecsPreSuspend=0 LastSchedEval=2021-11-22T03:14:06
   Partition=compute AllocNode:Sid=kelvin01:12189
   ReqNodeList=(null) ExcNodeList=(null)
   NodeList=kelvin-n[013-015,018-020,023,035-037]
   BatchHost=kelvin-n001
   NumNodes=10 NumCPUs=132 NumTasks=128 CPUs/Task=1 ReqB:S:C:T=0:0:*:*
   TRES=cpu=132,mem=253000M,node=11,billing=132
   Socks/Node=* NtasksPerN:B:S:C=0:0:*:* CoreSpec=*
   JOB_GRES=(null)
     Nodes=kelvin-n[001,013-015,018-020,023,035-037] CPU_IDs=0-11 Mem=23000 GRES=
   MinCPUsNode=1 MinMemoryNode=23000M MinTmpDiskNode=0
   Features=(null) DelayBoot=00:00:00
   OverSubscribe=NO Contiguous=0 Licenses=(null) Network=(null)
   Command=/home/users/mschpc/2019/zuoy/HPC/NeuralNetwork/parallel/scripts/script_PricingDefaultRisk_d300_b1_n128.sh
   WorkDir=/home/users/mschpc/2019/zuoy/HPC/NeuralNetwork/parallel
   StdErr=/home/users/mschpc/2019/zuoy/HPC/NeuralNetwork/parallel/output/slurm-22942.out
   StdIn=/dev/null
   StdOut=/home/users/mschpc/2019/zuoy/HPC/NeuralNetwork/parallel/output/slurm-22942.out
   Power=
   NtasksPerTRES:0


Disk quota details:
===================

Quota Type           Name  Filesystem     Usage in MB     Limit in MB    % Used
-------------------------------------------------------------------------------
USER                 zuoy       /home             130          51,200     0.25%

GROUP              mschpc   /projects             999          51,200     1.95%
GROUP          pi-dgolden   /projects               0          51,200     0.00%


SLURM Bank Statement:
=====================

User           Usage |        Account     Usage | Account Limit Available (CPU hrs)
---------- --------- + -------------- --------- + ------------- ---------
zuoy          24,440 |   HPC_21_01207    24,440 |       100,000    75,560


Acknowledgements:
=================

Note that usage of TCHPC Resources *must* be acknowledged in all publications.

Please see this page for details relevant to this cluster:

http://www.tchpc.tcd.ie/resources/acknowledgementpolicy

################################################################################
