Parallel Mode: Master-Slave
Dimension: 100
Total time: 0.3
Number of time intervals: 20
Learning rate: 0.0005
y_init_range: 0.3, 0.5
Number of neurons in each hidden layer of each subnet: 110, 110, 
Epochs: 4000
Batch size: 64
Sample size: 1024
Logging frequency: 100
Model name: AllenCahn_parallel_
Number of processors: 128


Training:
Epoch:100
In training set, loss: 24.8009, Y0: 0.299079

Epoch:200
In training set, loss: 24.6625, Y0: 0.298162

Epoch:300
In training set, loss: 24.5253, Y0: 0.297249

Epoch:400
In training set, loss: 24.3893, Y0: 0.296339

Epoch:500
In training set, loss: 24.2545, Y0: 0.295434

Epoch:600
In training set, loss: 24.1209, Y0: 0.294533

Epoch:700
In training set, loss: 23.9884, Y0: 0.293636

Epoch:800
In training set, loss: 23.857, Y0: 0.292741

Epoch:900
In training set, loss: 23.7268, Y0: 0.291851

Epoch:1000
In training set, loss: 23.5977, Y0: 0.290965

Epoch:1100
In training set, loss: 23.4697, Y0: 0.290083

Epoch:1200
In training set, loss: 23.343, Y0: 0.289206

Epoch:1300
In training set, loss: 23.2173, Y0: 0.288331

Epoch:1400
In training set, loss: 23.0926, Y0: 0.287461

Epoch:1500
In training set, loss: 22.9692, Y0: 0.286595

Epoch:1600
In training set, loss: 22.8467, Y0: 0.285732

Epoch:1700
In training set, loss: 22.7253, Y0: 0.284873

Epoch:1800
In training set, loss: 22.6051, Y0: 0.284018

Epoch:1900
In training set, loss: 22.4858, Y0: 0.283167

Epoch:2000
In training set, loss: 22.3677, Y0: 0.28232

Epoch:2100
In training set, loss: 22.2505, Y0: 0.281476

Epoch:2200
In training set, loss: 22.1343, Y0: 0.280636

Epoch:2300
In training set, loss: 22.0192, Y0: 0.2798

Epoch:2400
In training set, loss: 21.9049, Y0: 0.278967

Epoch:2500
In training set, loss: 21.7918, Y0: 0.278138

Epoch:2600
In training set, loss: 21.6797, Y0: 0.277314

Epoch:2700
In training set, loss: 21.5683, Y0: 0.276491

Epoch:2800
In training set, loss: 21.4581, Y0: 0.275673

Epoch:2900
In training set, loss: 21.3487, Y0: 0.274858

Epoch:3000
In training set, loss: 21.2404, Y0: 0.274048

Epoch:3100
In training set, loss: 21.133, Y0: 0.273241

Epoch:3200
In training set, loss: 21.0264, Y0: 0.272436

Epoch:3300
In training set, loss: 20.9208, Y0: 0.271636

Epoch:3400
In training set, loss: 20.8158, Y0: 0.270837

Epoch:3500
In training set, loss: 20.7119, Y0: 0.270043

Epoch:3600
In training set, loss: 20.6088, Y0: 0.269252

Epoch:3700
In training set, loss: 20.5067, Y0: 0.268465

Epoch:3800
In training set, loss: 20.4055, Y0: 0.267682

Epoch:3900
In training set, loss: 20.3051, Y0: 0.266901

Epoch:4000
In training set, loss: 20.2056, Y0: 0.266124



###############################################################################
TCHPC Cluster: kelvin
Job 22693 (BSDE_job_4_procs) for User 'zuoy' in Account 'hpc_21_01207'
Finished at: Sun Nov 21 17:25:55 GMT 2021

Job efficiency estimates:
=========================

Job ID: 22693
Cluster: kelvin
User/Group: zuoy/zuoy
State: COMPLETED (exit code 0)
Nodes: 11
Cores per node: 12
CPU Utilized: 03:30:50
CPU Efficiency: 8.94% of 1-15:18:24 core-walltime
Job Wall-clock time: 00:17:52
Memory Utilized: 752.48 MB
Memory Efficiency: 0.30% of 247.07 GB

Job completion status:
======================

       JobID    JobName AllocCPUS NTasks NNodes     MaxRSS    MaxRSSNode  MaxDiskRead MaxDiskWrite    Elapsed      State ExitCode 
------------ ---------- --------- ------ ------ ---------- ------------- ------------ ------------ ---------- ---------- -------- 
22693        BSDE_job_+       132            11                                                      00:17:52  COMPLETED      0:0 
22693.batch       batch        12      1      1    770544K   kelvin-n001        0.86M        0.01M   00:17:52  COMPLETED      0:0 
22693.0           orted       120     10     10                                                      00:17:51  COMPLETED      0:0 


Job details:
============

JobId=22693 JobName=BSDE_job_4_procs
   UserId=zuoy(1582) GroupId=zuoy(1252) MCS_label=N/A
   Priority=10996548 Nice=0 Account=hpc_21_01207 QOS=normal
   JobState=COMPLETING Reason=None Dependency=(null)
   Requeue=0 Restarts=0 BatchFlag=1 Reboot=0 ExitCode=0:0
   DerivedExitCode=0:0
   RunTime=00:17:52 TimeLimit=23:00:00 TimeMin=N/A
   SubmitTime=2021-11-21T15:16:05 EligibleTime=2021-11-21T15:16:05
   AccrueTime=2021-11-21T15:16:05
   StartTime=2021-11-21T17:08:03 EndTime=2021-11-21T17:25:55 Deadline=N/A
   SuspendTime=None SecsPreSuspend=0 LastSchedEval=2021-11-21T17:08:03
   Partition=compute AllocNode:Sid=kelvin01:12189
   ReqNodeList=(null) ExcNodeList=(null)
   NodeList=kelvin-n[011-012,014,022,024,030,032,034-035,038]
   BatchHost=kelvin-n001
   NumNodes=10 NumCPUs=132 NumTasks=128 CPUs/Task=1 ReqB:S:C:T=0:0:*:*
   TRES=cpu=132,mem=253000M,node=11,billing=132
   Socks/Node=* NtasksPerN:B:S:C=0:0:*:* CoreSpec=*
   JOB_GRES=(null)
     Nodes=kelvin-n[001,011-012,014,022,024,030,032,034-035,038] CPU_IDs=0-11 Mem=23000 GRES=
   MinCPUsNode=1 MinMemoryNode=23000M MinTmpDiskNode=0
   Features=(null) DelayBoot=00:00:00
   OverSubscribe=NO Contiguous=0 Licenses=(null) Network=(null)
   Command=/home/users/mschpc/2019/zuoy/HPC/NeuralNetwork/parallel/scripts/script_AllenCahn_d100_b64_n128.sh
   WorkDir=/home/users/mschpc/2019/zuoy/HPC/NeuralNetwork/parallel
   StdErr=/home/users/mschpc/2019/zuoy/HPC/NeuralNetwork/parallel/output/slurm-22693.out
   StdIn=/dev/null
   StdOut=/home/users/mschpc/2019/zuoy/HPC/NeuralNetwork/parallel/output/slurm-22693.out
   Power=
   NtasksPerTRES:0


Disk quota details:
===================

Quota Type           Name  Filesystem     Usage in MB     Limit in MB    % Used
-------------------------------------------------------------------------------
USER                 zuoy       /home             124          51,200     0.24%

GROUP              mschpc   /projects             999          51,200     1.95%
GROUP          pi-dgolden   /projects               0          51,200     0.00%


SLURM Bank Statement:
=====================

User           Usage |        Account     Usage | Account Limit Available (CPU hrs)
---------- --------- + -------------- --------- + ------------- ---------
zuoy          20,070 |   HPC_21_01207    20,070 |       100,000    79,930


Acknowledgements:
=================

Note that usage of TCHPC Resources *must* be acknowledged in all publications.

Please see this page for details relevant to this cluster:

http://www.tchpc.tcd.ie/resources/acknowledgementpolicy

################################################################################
