Parallel Mode: Ring-Allreduce
Dimension: 300
Total time: 1
Number of time intervals: 40
Learning rate: 0.01
y_init_range: 40, 50
Number of neurons in each hidden layer of each subnet: 110, 110, 
Epochs: 1000
Batch size: 1
Sample size: 256
Logging frequency: 100
Model name: pricing_default_risk_parallel_
Number of processors: 8


Training:
Epoch:100
In training set, loss: 911.76, Y0: 51.3055

Epoch:200
In training set, loss: 573.166, Y0: 51.3121

Epoch:300
In training set, loss: 420.518, Y0: 51.2897

Epoch:400
In training set, loss: 329.517, Y0: 51.2612

Epoch:500
In training set, loss: 268.233, Y0: 51.233

Epoch:600
In training set, loss: 223.75, Y0: 51.2072

Epoch:700
In training set, loss: 189.989, Y0: 51.1843

Epoch:800
In training set, loss: 163.478, Y0: 51.1645

Epoch:900
In training set, loss: 142.096, Y0: 51.1473

Epoch:1000
In training set, loss: 124.5, Y0: 51.1325



###############################################################################
TCHPC Cluster: kelvin
Job 21848 (BSDE_job_4_procs) for User 'zuoy' in Account 'hpc_21_01207'
Finished at: Sat Nov 20 04:08:49 GMT 2021

Job efficiency estimates:
=========================

Job ID: 21848
Cluster: kelvin
User/Group: zuoy/zuoy
State: COMPLETED (exit code 0)
Nodes: 1
Cores per node: 12
CPU Utilized: 02:05:16
CPU Efficiency: 66.56% of 03:08:12 core-walltime
Job Wall-clock time: 00:15:41
Memory Utilized: 701.62 MB
Memory Efficiency: 3.05% of 22.46 GB

Job completion status:
======================

       JobID    JobName AllocCPUS NTasks NNodes     MaxRSS    MaxRSSNode  MaxDiskRead MaxDiskWrite    Elapsed      State ExitCode 
------------ ---------- --------- ------ ------ ---------- ------------- ------------ ------------ ---------- ---------- -------- 
21848        BSDE_job_+        12             1                                                      00:15:41  COMPLETED      0:0 
21848.batch       batch        12      1      1    718464K   kelvin-n017        0.87M        0.01M   00:15:41  COMPLETED      0:0 


Job details:
============

JobId=21848 JobName=BSDE_job_4_procs
   UserId=zuoy(1582) GroupId=zuoy(1252) MCS_label=N/A
   Priority=11152903 Nice=0 Account=hpc_21_01207 QOS=normal
   JobState=COMPLETING Reason=None Dependency=(null)
   Requeue=0 Restarts=0 BatchFlag=1 Reboot=0 ExitCode=0:0
   DerivedExitCode=0:0
   RunTime=00:15:41 TimeLimit=23:00:00 TimeMin=N/A
   SubmitTime=2021-11-20T00:15:33 EligibleTime=2021-11-20T00:15:33
   AccrueTime=2021-11-20T00:15:33
   StartTime=2021-11-20T03:53:08 EndTime=2021-11-20T04:08:49 Deadline=N/A
   SuspendTime=None SecsPreSuspend=0 LastSchedEval=2021-11-20T03:53:08
   Partition=compute AllocNode:Sid=kelvin01:23080
   ReqNodeList=(null) ExcNodeList=(null)
   NodeList=
   BatchHost=kelvin-n017
   NumNodes=1 NumCPUs=12 NumTasks=8 CPUs/Task=1 ReqB:S:C:T=0:0:*:*
   TRES=cpu=12,mem=23000M,node=1,billing=12
   Socks/Node=* NtasksPerN:B:S:C=0:0:*:* CoreSpec=*
   JOB_GRES=(null)
     Nodes=kelvin-n017 CPU_IDs=0-11 Mem=23000 GRES=
   MinCPUsNode=1 MinMemoryNode=23000M MinTmpDiskNode=0
   Features=(null) DelayBoot=00:00:00
   OverSubscribe=NO Contiguous=0 Licenses=(null) Network=(null)
   Command=/home/users/mschpc/2019/zuoy/HPC/NeuralNetwork/parallel/scripts/script_PricingDefaultRisk_d300_b1_n8.sh
   WorkDir=/home/users/mschpc/2019/zuoy/HPC/NeuralNetwork/parallel
   StdErr=/home/users/mschpc/2019/zuoy/HPC/NeuralNetwork/parallel/output/slurm-21848.out
   StdIn=/dev/null
   StdOut=/home/users/mschpc/2019/zuoy/HPC/NeuralNetwork/parallel/output/slurm-21848.out
   Power=
   NtasksPerTRES:0


Disk quota details:
===================

Quota Type           Name  Filesystem     Usage in MB     Limit in MB    % Used
-------------------------------------------------------------------------------
USER                 zuoy       /home             112          51,200     0.22%

GROUP              mschpc   /projects             999          51,200     1.95%
GROUP          pi-dgolden   /projects               0          51,200     0.00%


SLURM Bank Statement:
=====================

User           Usage |        Account     Usage | Account Limit Available (CPU hrs)
---------- --------- + -------------- --------- + ------------- ---------
zuoy          11,927 |   HPC_21_01207    11,927 |       100,000    88,073


Acknowledgements:
=================

Note that usage of TCHPC Resources *must* be acknowledged in all publications.

Please see this page for details relevant to this cluster:

http://www.tchpc.tcd.ie/resources/acknowledgementpolicy

################################################################################
