Parallel Mode: Master-Slave
Dimension: 100
Total time: 1
Number of time intervals: 40
Learning rate: 0.01
y_init_range: 40, 50
Number of neurons in each hidden layer of each subnet: 110, 110, 
Epochs: 1000
Batch size: 64
Sample size: 256
Logging frequency: 100
Model name: pricing_default_risk_parallel_
Number of processors: 128


Training:
Epoch:100
In training set, loss: 3998.39, Y0: 54.1872

Epoch:200
In training set, loss: 3170.11, Y0: 56.3222

Epoch:300
In training set, loss: 3028.12, Y0: 56.6645

Epoch:400
In training set, loss: 2917.6, Y0: 56.719

Epoch:500
In training set, loss: 2819.77, Y0: 56.7269

Epoch:600
In training set, loss: 2732.15, Y0: 56.7273

Epoch:700
In training set, loss: 2653.09, Y0: 56.7264

Epoch:800
In training set, loss: 2581.83, Y0: 56.7252

Epoch:900
In training set, loss: 2516.98, Y0: 56.724

Epoch:1000
In training set, loss: 2457.33, Y0: 56.7231



###############################################################################
TCHPC Cluster: kelvin
Job 23484 (BSDE_job_4_procs) for User 'zuoy' in Account 'hpc_21_01207'
Finished at: Wed Nov 24 05:28:13 GMT 2021

Job efficiency estimates:
=========================

Job ID: 23484
Cluster: kelvin
User/Group: zuoy/zuoy
State: COMPLETED (exit code 0)
Nodes: 11
Cores per node: 12
CPU Utilized: 02:15:39
CPU Efficiency: 8.95% of 1-01:15:48 core-walltime
Job Wall-clock time: 00:11:29
Memory Utilized: 817.79 MB
Memory Efficiency: 0.32% of 247.07 GB

Job completion status:
======================

       JobID    JobName AllocCPUS NTasks NNodes     MaxRSS    MaxRSSNode  MaxDiskRead MaxDiskWrite    Elapsed      State ExitCode 
------------ ---------- --------- ------ ------ ---------- ------------- ------------ ------------ ---------- ---------- -------- 
23484        BSDE_job_+       132            11                                                      00:11:29  COMPLETED      0:0 
23484.batch       batch        12      1      1    837412K   kelvin-n029        0.86M        0.01M   00:11:29  COMPLETED      0:0 
23484.0           orted       120     10     10                                                      00:11:28  COMPLETED      0:0 


Job details:
============

JobId=23484 JobName=BSDE_job_4_procs
   UserId=zuoy(1582) GroupId=zuoy(1252) MCS_label=N/A
   Priority=10886675 Nice=0 Account=hpc_21_01207 QOS=normal
   JobState=COMPLETING Reason=None Dependency=(null)
   Requeue=0 Restarts=0 BatchFlag=1 Reboot=0 ExitCode=0:0
   DerivedExitCode=0:0
   RunTime=00:11:29 TimeLimit=23:00:00 TimeMin=N/A
   SubmitTime=2021-11-23T16:19:26 EligibleTime=2021-11-23T16:19:26
   AccrueTime=2021-11-23T16:19:26
   StartTime=2021-11-24T05:16:44 EndTime=2021-11-24T05:28:13 Deadline=N/A
   SuspendTime=None SecsPreSuspend=0 LastSchedEval=2021-11-24T05:16:44
   Partition=compute AllocNode:Sid=kelvin01:24748
   ReqNodeList=(null) ExcNodeList=(null)
   NodeList=kelvin-n[033,038,040,043,045-046,082-083,089,092]
   BatchHost=kelvin-n029
   NumNodes=10 NumCPUs=132 NumTasks=128 CPUs/Task=1 ReqB:S:C:T=0:0:*:*
   TRES=cpu=132,mem=253000M,node=11,billing=132
   Socks/Node=* NtasksPerN:B:S:C=0:0:*:* CoreSpec=*
   JOB_GRES=(null)
     Nodes=kelvin-n[029,033,038,040,043,045-046,082-083,089,092] CPU_IDs=0-11 Mem=23000 GRES=
   MinCPUsNode=1 MinMemoryNode=23000M MinTmpDiskNode=0
   Features=(null) DelayBoot=00:00:00
   OverSubscribe=NO Contiguous=0 Licenses=(null) Network=(null)
   Command=/home/users/mschpc/2019/zuoy/HPC/NeuralNetwork/parallel/scripts/script_PricingDefaultRisk_d100_b64_n128.sh
   WorkDir=/home/users/mschpc/2019/zuoy/HPC/NeuralNetwork/parallel
   StdErr=/home/users/mschpc/2019/zuoy/HPC/NeuralNetwork/parallel/output/slurm-23484.out
   StdIn=/dev/null
   StdOut=/home/users/mschpc/2019/zuoy/HPC/NeuralNetwork/parallel/output/slurm-23484.out
   Power=
   NtasksPerTRES:0


Disk quota details:
===================

Quota Type           Name  Filesystem     Usage in MB     Limit in MB    % Used
-------------------------------------------------------------------------------
USER                 zuoy       /home             139          51,200     0.27%

GROUP              mschpc   /projects             999          51,200     1.95%
GROUP          pi-dgolden   /projects               0          51,200     0.00%


SLURM Bank Statement:
=====================

User           Usage |        Account     Usage | Account Limit Available (CPU hrs)
---------- --------- + -------------- --------- + ------------- ---------
zuoy          28,205 |   HPC_21_01207    28,205 |       100,000    71,795


Acknowledgements:
=================

Note that usage of TCHPC Resources *must* be acknowledged in all publications.

Please see this page for details relevant to this cluster:

http://www.tchpc.tcd.ie/resources/acknowledgementpolicy

################################################################################
