Parallel Mode: Master-Slave
Dimension: 100
Total time: 0.25
Number of time intervals: 20
Learning rate: 0.0005
y_init_range: 0.25, 0.5
Number of neurons in each hidden layer of each subnet: 110, 110, 
Epochs: 4000
Batch size: 64
Sample size: 1024
Logging frequency: 100
Model name: AllenCahn_parallel_
Number of processors: 128


Training:
Epoch:100
In training set, loss: 18.3913, Y0: 0.249212

Epoch:200
In training set, loss: 18.2895, Y0: 0.248426

Epoch:300
In training set, loss: 18.1887, Y0: 0.247643

Epoch:400
In training set, loss: 18.0888, Y0: 0.246863

Epoch:500
In training set, loss: 17.9897, Y0: 0.246087

Epoch:600
In training set, loss: 17.8915, Y0: 0.245315

Epoch:700
In training set, loss: 17.7942, Y0: 0.244546

Epoch:800
In training set, loss: 17.6977, Y0: 0.24378

Epoch:900
In training set, loss: 17.6021, Y0: 0.243017

Epoch:1000
In training set, loss: 17.5073, Y0: 0.242259

Epoch:1100
In training set, loss: 17.4134, Y0: 0.241503

Epoch:1200
In training set, loss: 17.3202, Y0: 0.24075

Epoch:1300
In training set, loss: 17.2279, Y0: 0.240001

Epoch:1400
In training set, loss: 17.1364, Y0: 0.239256

Epoch:1500
In training set, loss: 17.0458, Y0: 0.238514

Epoch:1600
In training set, loss: 16.9558, Y0: 0.237774

Epoch:1700
In training set, loss: 16.8667, Y0: 0.237038

Epoch:1800
In training set, loss: 16.7784, Y0: 0.236306

Epoch:1900
In training set, loss: 16.6909, Y0: 0.235577

Epoch:2000
In training set, loss: 16.6041, Y0: 0.23485

Epoch:2100
In training set, loss: 16.518, Y0: 0.234127

Epoch:2200
In training set, loss: 16.4327, Y0: 0.233407

Epoch:2300
In training set, loss: 16.3482, Y0: 0.232691

Epoch:2400
In training set, loss: 16.2643, Y0: 0.231977

Epoch:2500
In training set, loss: 16.1812, Y0: 0.231267

Epoch:2600
In training set, loss: 16.0989, Y0: 0.230559

Epoch:2700
In training set, loss: 16.0172, Y0: 0.229855

Epoch:2800
In training set, loss: 15.9363, Y0: 0.229154

Epoch:2900
In training set, loss: 15.856, Y0: 0.228455

Epoch:3000
In training set, loss: 15.7765, Y0: 0.22776

Epoch:3100
In training set, loss: 15.6976, Y0: 0.227068

Epoch:3200
In training set, loss: 15.6195, Y0: 0.226379

Epoch:3300
In training set, loss: 15.5419, Y0: 0.225693

Epoch:3400
In training set, loss: 15.4651, Y0: 0.22501

Epoch:3500
In training set, loss: 15.3889, Y0: 0.224329

Epoch:3600
In training set, loss: 15.3134, Y0: 0.223652

Epoch:3700
In training set, loss: 15.2385, Y0: 0.222978

Epoch:3800
In training set, loss: 15.1643, Y0: 0.222307

Epoch:3900
In training set, loss: 15.0907, Y0: 0.221638

Epoch:4000
In training set, loss: 15.0178, Y0: 0.220973



###############################################################################
TCHPC Cluster: kelvin
Job 22851 (BSDE_job_4_procs) for User 'zuoy' in Account 'hpc_21_01207'
Finished at: Sun Nov 21 23:17:08 GMT 2021

Job efficiency estimates:
=========================

Job ID: 22851
Cluster: kelvin
User/Group: zuoy/zuoy
State: COMPLETED (exit code 0)
Nodes: 11
Cores per node: 12
CPU Utilized: 06:59:41
CPU Efficiency: 9.02% of 3-05:30:48 core-walltime
Job Wall-clock time: 00:35:14
Memory Utilized: 757.00 MB
Memory Efficiency: 0.30% of 247.07 GB

Job completion status:
======================

       JobID    JobName AllocCPUS NTasks NNodes     MaxRSS    MaxRSSNode  MaxDiskRead MaxDiskWrite    Elapsed      State ExitCode 
------------ ---------- --------- ------ ------ ---------- ------------- ------------ ------------ ---------- ---------- -------- 
22851        BSDE_job_+       132            11                                                      00:35:14  COMPLETED      0:0 
22851.batch       batch        12      1      1    775164K   kelvin-n012        0.86M        0.01M   00:35:14  COMPLETED      0:0 
22851.0           orted       120     10     10                                                      00:35:12  COMPLETED      0:0 


Job details:
============

JobId=22851 JobName=BSDE_job_4_procs
   UserId=zuoy(1582) GroupId=zuoy(1252) MCS_label=N/A
   Priority=10524472 Nice=0 Account=hpc_21_01207 QOS=normal
   JobState=COMPLETING Reason=None Dependency=(null)
   Requeue=0 Restarts=0 BatchFlag=1 Reboot=0 ExitCode=0:0
   DerivedExitCode=0:0
   RunTime=00:35:14 TimeLimit=23:00:00 TimeMin=N/A
   SubmitTime=2021-11-21T21:55:38 EligibleTime=2021-11-21T21:55:38
   AccrueTime=2021-11-21T21:55:38
   StartTime=2021-11-21T22:41:54 EndTime=2021-11-21T23:17:08 Deadline=N/A
   SuspendTime=None SecsPreSuspend=0 LastSchedEval=2021-11-21T22:41:54
   Partition=compute AllocNode:Sid=kelvin01:12189
   ReqNodeList=(null) ExcNodeList=(null)
   NodeList=kelvin-n[013,019-020,030,032,034-037,048]
   BatchHost=kelvin-n012
   NumNodes=10 NumCPUs=132 NumTasks=128 CPUs/Task=1 ReqB:S:C:T=0:0:*:*
   TRES=cpu=132,mem=253000M,node=11,billing=132
   Socks/Node=* NtasksPerN:B:S:C=0:0:*:* CoreSpec=*
   JOB_GRES=(null)
     Nodes=kelvin-n[012-013,019-020,030,032,034-037,048] CPU_IDs=0-11 Mem=23000 GRES=
   MinCPUsNode=1 MinMemoryNode=23000M MinTmpDiskNode=0
   Features=(null) DelayBoot=00:00:00
   OverSubscribe=NO Contiguous=0 Licenses=(null) Network=(null)
   Command=/home/users/mschpc/2019/zuoy/HPC/NeuralNetwork/parallel/scripts/script_AllenCahn_d200_b64_n128.sh
   WorkDir=/home/users/mschpc/2019/zuoy/HPC/NeuralNetwork/parallel
   StdErr=/home/users/mschpc/2019/zuoy/HPC/NeuralNetwork/parallel/output/slurm-22851.out
   StdIn=/dev/null
   StdOut=/home/users/mschpc/2019/zuoy/HPC/NeuralNetwork/parallel/output/slurm-22851.out
   Power=
   NtasksPerTRES:0


Disk quota details:
===================

Quota Type           Name  Filesystem     Usage in MB     Limit in MB    % Used
-------------------------------------------------------------------------------
USER                 zuoy       /home             127          51,200     0.25%

GROUP              mschpc   /projects             999          51,200     1.95%
GROUP          pi-dgolden   /projects               0          51,200     0.00%


SLURM Bank Statement:
=====================

User           Usage |        Account     Usage | Account Limit Available (CPU hrs)
---------- --------- + -------------- --------- + ------------- ---------
zuoy          22,350 |   HPC_21_01207    22,350 |       100,000    77,650


Acknowledgements:
=================

Note that usage of TCHPC Resources *must* be acknowledged in all publications.

Please see this page for details relevant to this cluster:

http://www.tchpc.tcd.ie/resources/acknowledgementpolicy

################################################################################
