Parallel Mode: Ring-Allreduce
Dimension: 400
Total time: 1
Number of time intervals: 40
Learning rate: 0.01
y_init_range: 40, 50
Number of neurons in each hidden layer of each subnet: 110, 110, 
Epochs: 1000
Batch size: 64
Sample size: 256
Logging frequency: 100
Model name: pricing_default_risk_parallel_
Number of processors: 8


Training:
Epoch:100
In training set, loss: 7423.39, Y0: 44.3797

Epoch:200
In training set, loss: 3682.91, Y0: 46.8757

Epoch:300
In training set, loss: 2458.72, Y0: 48.3342

Epoch:400
In training set, loss: 2003.56, Y0: 49.2124

Epoch:500
In training set, loss: 1802.85, Y0: 49.7508

Epoch:600
In training set, loss: 1693.3, Y0: 50.084

Epoch:700
In training set, loss: 1619.34, Y0: 50.2922

Epoch:800
In training set, loss: 1560.38, Y0: 50.4233

Epoch:900
In training set, loss: 1508.61, Y0: 50.507

Epoch:1000
In training set, loss: 1460.96, Y0: 50.5615



###############################################################################
TCHPC Cluster: kelvin
Job 22091 (BSDE_job_4_procs) for User 'zuoy' in Account 'hpc_21_01207'
Finished at: Sat Nov 20 17:09:53 GMT 2021

Job efficiency estimates:
=========================

Job ID: 22091
Cluster: kelvin
User/Group: zuoy/zuoy
State: COMPLETED (exit code 0)
Nodes: 1
Cores per node: 12
CPU Utilized: 01:41:19
CPU Efficiency: 66.57% of 02:32:12 core-walltime
Job Wall-clock time: 00:12:41
Memory Utilized: 842.52 MB
Memory Efficiency: 3.66% of 22.46 GB

Job completion status:
======================

       JobID    JobName AllocCPUS NTasks NNodes     MaxRSS    MaxRSSNode  MaxDiskRead MaxDiskWrite    Elapsed      State ExitCode 
------------ ---------- --------- ------ ------ ---------- ------------- ------------ ------------ ---------- ---------- -------- 
22091        BSDE_job_+        12             1                                                      00:12:41  COMPLETED      0:0 
22091.batch       batch        12      1      1    862744K   kelvin-n086        0.86M        0.01M   00:12:41  COMPLETED      0:0 


Job details:
============

JobId=22091 JobName=BSDE_job_4_procs
   UserId=zuoy(1582) GroupId=zuoy(1252) MCS_label=N/A
   Priority=11178498 Nice=0 Account=hpc_21_01207 QOS=normal
   JobState=COMPLETING Reason=None Dependency=(null)
   Requeue=0 Restarts=0 BatchFlag=1 Reboot=0 ExitCode=0:0
   DerivedExitCode=0:0
   RunTime=00:12:41 TimeLimit=23:00:00 TimeMin=N/A
   SubmitTime=2021-11-20T12:27:57 EligibleTime=2021-11-20T12:27:57
   AccrueTime=2021-11-20T12:27:57
   StartTime=2021-11-20T16:57:12 EndTime=2021-11-20T17:09:53 Deadline=N/A
   SuspendTime=None SecsPreSuspend=0 LastSchedEval=2021-11-20T16:57:12
   Partition=compute AllocNode:Sid=kelvin01:28782
   ReqNodeList=(null) ExcNodeList=(null)
   NodeList=
   BatchHost=kelvin-n086
   NumNodes=1 NumCPUs=12 NumTasks=8 CPUs/Task=1 ReqB:S:C:T=0:0:*:*
   TRES=cpu=12,mem=23000M,node=1,billing=12
   Socks/Node=* NtasksPerN:B:S:C=0:0:*:* CoreSpec=*
   JOB_GRES=(null)
     Nodes=kelvin-n086 CPU_IDs=0-11 Mem=23000 GRES=
   MinCPUsNode=1 MinMemoryNode=23000M MinTmpDiskNode=0
   Features=(null) DelayBoot=00:00:00
   OverSubscribe=NO Contiguous=0 Licenses=(null) Network=(null)
   Command=/home/users/mschpc/2019/zuoy/HPC/NeuralNetwork/parallel/scripts/script_PricingDefaultRisk_d400_b64_n8.sh
   WorkDir=/home/users/mschpc/2019/zuoy/HPC/NeuralNetwork/parallel
   StdErr=/home/users/mschpc/2019/zuoy/HPC/NeuralNetwork/parallel/output/slurm-22091.out
   StdIn=/dev/null
   StdOut=/home/users/mschpc/2019/zuoy/HPC/NeuralNetwork/parallel/output/slurm-22091.out
   Power=
   NtasksPerTRES:0


Disk quota details:
===================

Quota Type           Name  Filesystem     Usage in MB     Limit in MB    % Used
-------------------------------------------------------------------------------
USER                 zuoy       /home             116          51,200     0.23%

GROUP              mschpc   /projects             999          51,200     1.95%
GROUP          pi-dgolden   /projects               0          51,200     0.00%


SLURM Bank Statement:
=====================

User           Usage |        Account     Usage | Account Limit Available (CPU hrs)
---------- --------- + -------------- --------- + ------------- ---------
zuoy          13,735 |   HPC_21_01207    13,735 |       100,000    86,265


Acknowledgements:
=================

Note that usage of TCHPC Resources *must* be acknowledged in all publications.

Please see this page for details relevant to this cluster:

http://www.tchpc.tcd.ie/resources/acknowledgementpolicy

################################################################################
