Parallel Mode: Master-Slave
Dimension: 400
Total time: 1
Number of time intervals: 40
Learning rate: 0.01
y_init_range: 40, 50
Number of neurons in each hidden layer of each subnet: 110, 110, 
Epochs: 1000
Batch size: 64
Sample size: 256
Logging frequency: 100
Model name: pricing_default_risk_parallel_
Number of processors: 128


Training:
Epoch:100
In training set, loss: 18101.5, Y0: 40.3575

Epoch:200
In training set, loss: 16984.9, Y0: 40.7023

Epoch:300
In training set, loss: 15946.7, Y0: 41.0351

Epoch:400
In training set, loss: 14980.2, Y0: 41.3563

Epoch:500
In training set, loss: 14080.2, Y0: 41.6663

Epoch:600
In training set, loss: 13242, Y0: 41.9654

Epoch:700
In training set, loss: 12460.9, Y0: 42.2541

Epoch:800
In training set, loss: 11732.8, Y0: 42.5329

Epoch:900
In training set, loss: 11054.5, Y0: 42.802

Epoch:1000
In training set, loss: 10422.3, Y0: 43.0618



###############################################################################
TCHPC Cluster: kelvin
Job 23042 (BSDE_job_4_procs) for User 'zuoy' in Account 'hpc_21_01207'
Finished at: Mon Nov 22 09:18:03 GMT 2021

Job efficiency estimates:
=========================

Job ID: 23042
Cluster: kelvin
User/Group: zuoy/zuoy
State: COMPLETED (exit code 0)
Nodes: 11
Cores per node: 12
CPU Utilized: 08:24:55
CPU Efficiency: 9.01% of 3-21:21:12 core-walltime
Job Wall-clock time: 00:42:26
Memory Utilized: 1.80 GB
Memory Efficiency: 0.73% of 247.07 GB

Job completion status:
======================

       JobID    JobName AllocCPUS NTasks NNodes     MaxRSS    MaxRSSNode  MaxDiskRead MaxDiskWrite    Elapsed      State ExitCode 
------------ ---------- --------- ------ ------ ---------- ------------- ------------ ------------ ---------- ---------- -------- 
23042        BSDE_job_+       132            11                                                      00:42:26  COMPLETED      0:0 
23042.batch       batch        12      1      1   1890204K   kelvin-n030        0.86M        0.01M   00:42:26  COMPLETED      0:0 
23042.0           orted       120     10     10                                                      00:42:25  COMPLETED      0:0 


Job details:
============

JobId=23042 JobName=BSDE_job_4_procs
   UserId=zuoy(1582) GroupId=zuoy(1252) MCS_label=N/A
   Priority=10612295 Nice=0 Account=hpc_21_01207 QOS=normal
   JobState=COMPLETING Reason=None Dependency=(null)
   Requeue=0 Restarts=0 BatchFlag=1 Reboot=0 ExitCode=0:0
   DerivedExitCode=0:0
   RunTime=00:42:26 TimeLimit=23:00:00 TimeMin=N/A
   SubmitTime=2021-11-22T04:51:35 EligibleTime=2021-11-22T04:51:35
   AccrueTime=2021-11-22T04:51:35
   StartTime=2021-11-22T08:35:37 EndTime=2021-11-22T09:18:03 Deadline=N/A
   SuspendTime=None SecsPreSuspend=0 LastSchedEval=2021-11-22T08:35:37
   Partition=compute AllocNode:Sid=kelvin01:2449
   ReqNodeList=(null) ExcNodeList=(null)
   NodeList=kelvin-n[031-032,074-075,081,084,090,093,096-097]
   BatchHost=kelvin-n030
   NumNodes=10 NumCPUs=132 NumTasks=128 CPUs/Task=1 ReqB:S:C:T=0:0:*:*
   TRES=cpu=132,mem=253000M,node=11,billing=132
   Socks/Node=* NtasksPerN:B:S:C=0:0:*:* CoreSpec=*
   JOB_GRES=(null)
     Nodes=kelvin-n[030-032,074-075,081,084,090,093,096-097] CPU_IDs=0-11 Mem=23000 GRES=
   MinCPUsNode=1 MinMemoryNode=23000M MinTmpDiskNode=0
   Features=(null) DelayBoot=00:00:00
   OverSubscribe=NO Contiguous=0 Licenses=(null) Network=(null)
   Command=/home/users/mschpc/2019/zuoy/HPC/NeuralNetwork/parallel/scripts/script_PricingDefaultRisk_d400_b64_n128.sh
   WorkDir=/home/users/mschpc/2019/zuoy/HPC/NeuralNetwork/parallel
   StdErr=/home/users/mschpc/2019/zuoy/HPC/NeuralNetwork/parallel/output/slurm-23042.out
   StdIn=/dev/null
   StdOut=/home/users/mschpc/2019/zuoy/HPC/NeuralNetwork/parallel/output/slurm-23042.out
   Power=
   NtasksPerTRES:0


Disk quota details:
===================

Quota Type           Name  Filesystem     Usage in MB     Limit in MB    % Used
-------------------------------------------------------------------------------
USER                 zuoy       /home             131          51,200     0.26%

GROUP              mschpc   /projects             999          51,200     1.95%
GROUP          pi-dgolden   /projects               0          51,200     0.00%


SLURM Bank Statement:
=====================

User           Usage |        Account     Usage | Account Limit Available (CPU hrs)
---------- --------- + -------------- --------- + ------------- ---------
zuoy          26,930 |   HPC_21_01207    26,930 |       100,000    73,070


Acknowledgements:
=================

Note that usage of TCHPC Resources *must* be acknowledged in all publications.

Please see this page for details relevant to this cluster:

http://www.tchpc.tcd.ie/resources/acknowledgementpolicy

################################################################################
