Parallel Mode: Ring-Allreduce
Dimension: 300
Total time: 1
Number of time intervals: 40
Learning rate: 0.01
y_init_range: 40, 50
Number of neurons in each hidden layer of each subnet: 110, 110, 
Epochs: 1000
Batch size: 64
Sample size: 256
Logging frequency: 100
Model name: pricing_default_risk_parallel_
Number of processors: 128


Training:
Epoch:100
In training set, loss: 20619.6, Y0: 40.3779

Epoch:200
In training set, loss: 19387.2, Y0: 40.7427

Epoch:300
In training set, loss: 18241.4, Y0: 41.0948

Epoch:400
In training set, loss: 17174.1, Y0: 41.4349

Epoch:500
In training set, loss: 16178.9, Y0: 41.7632

Epoch:600
In training set, loss: 15251.1, Y0: 42.0803

Epoch:700
In training set, loss: 14385.8, Y0: 42.3865

Epoch:800
In training set, loss: 13578.9, Y0: 42.6822

Epoch:900
In training set, loss: 12826.3, Y0: 42.9677

Epoch:1000
In training set, loss: 12123.9, Y0: 43.2434



###############################################################################
TCHPC Cluster: kelvin
Job 22375 (BSDE_job_4_procs) for User 'zuoy' in Account 'hpc_21_01207'
Finished at: Sun Nov 21 03:10:57 GMT 2021

Job efficiency estimates:
=========================

Job ID: 22375
Cluster: kelvin
User/Group: zuoy/zuoy
State: COMPLETED (exit code 0)
Nodes: 11
Cores per node: 12
CPU Utilized: 01:40:04
CPU Efficiency: 8.92% of 18:42:00 core-walltime
Job Wall-clock time: 00:08:30
Memory Utilized: 1.04 GB
Memory Efficiency: 0.42% of 247.07 GB

Job completion status:
======================

       JobID    JobName AllocCPUS NTasks NNodes     MaxRSS    MaxRSSNode  MaxDiskRead MaxDiskWrite    Elapsed      State ExitCode 
------------ ---------- --------- ------ ------ ---------- ------------- ------------ ------------ ---------- ---------- -------- 
22375        BSDE_job_+       132            11                                                      00:08:30  COMPLETED      0:0 
22375.batch       batch        12      1      1   1094648K   kelvin-n008        0.86M        0.01M   00:08:30  COMPLETED      0:0 
22375.0           orted       120     10     10                                                      00:08:29  COMPLETED      0:0 


Job details:
============

JobId=22375 JobName=BSDE_job_4_procs
   UserId=zuoy(1582) GroupId=zuoy(1252) MCS_label=N/A
   Priority=11036893 Nice=0 Account=hpc_21_01207 QOS=normal
   JobState=COMPLETING Reason=None Dependency=(null)
   Requeue=0 Restarts=0 BatchFlag=1 Reboot=0 ExitCode=0:0
   DerivedExitCode=0:0
   RunTime=00:08:30 TimeLimit=23:00:00 TimeMin=N/A
   SubmitTime=2021-11-21T01:39:31 EligibleTime=2021-11-21T01:39:31
   AccrueTime=2021-11-21T01:39:31
   StartTime=2021-11-21T03:02:27 EndTime=2021-11-21T03:10:57 Deadline=N/A
   SuspendTime=None SecsPreSuspend=0 LastSchedEval=2021-11-21T03:02:27
   Partition=compute AllocNode:Sid=kelvin01:32460
   ReqNodeList=(null) ExcNodeList=(null)
   NodeList=kelvin-n[009,012,014,022,065,074-076,079,081]
   BatchHost=kelvin-n008
   NumNodes=10 NumCPUs=132 NumTasks=128 CPUs/Task=1 ReqB:S:C:T=0:0:*:*
   TRES=cpu=132,mem=253000M,node=11,billing=132
   Socks/Node=* NtasksPerN:B:S:C=0:0:*:* CoreSpec=*
   JOB_GRES=(null)
     Nodes=kelvin-n[008-009,012,014,022,065,074-076,079,081] CPU_IDs=0-11 Mem=23000 GRES=
   MinCPUsNode=1 MinMemoryNode=23000M MinTmpDiskNode=0
   Features=(null) DelayBoot=00:00:00
   OverSubscribe=NO Contiguous=0 Licenses=(null) Network=(null)
   Command=/home/users/mschpc/2019/zuoy/HPC/NeuralNetwork/parallel/scripts/script_PricingDefaultRisk_d300_b64_n128.sh
   WorkDir=/home/users/mschpc/2019/zuoy/HPC/NeuralNetwork/parallel
   StdErr=/home/users/mschpc/2019/zuoy/HPC/NeuralNetwork/parallel/output/slurm-22375.out
   StdIn=/dev/null
   StdOut=/home/users/mschpc/2019/zuoy/HPC/NeuralNetwork/parallel/output/slurm-22375.out
   Power=
   NtasksPerTRES:0


Disk quota details:
===================

Quota Type           Name  Filesystem     Usage in MB     Limit in MB    % Used
-------------------------------------------------------------------------------
USER                 zuoy       /home             118          51,200     0.23%

GROUP              mschpc   /projects             999          51,200     1.95%
GROUP          pi-dgolden   /projects               0          51,200     0.00%


SLURM Bank Statement:
=====================

User           Usage |        Account     Usage | Account Limit Available (CPU hrs)
---------- --------- + -------------- --------- + ------------- ---------
zuoy          15,504 |   HPC_21_01207    15,504 |       100,000    84,496


Acknowledgements:
=================

Note that usage of TCHPC Resources *must* be acknowledged in all publications.

Please see this page for details relevant to this cluster:

http://www.tchpc.tcd.ie/resources/acknowledgementpolicy

################################################################################
