Parallel Mode: Ring-Allreduce
Dimension: 500
Total time: 1
Number of time intervals: 40
Learning rate: 0.01
y_init_range: 40, 50
Number of neurons in each hidden layer of each subnet: 110, 110, 
Epochs: 1000
Batch size: 1
Sample size: 256
Logging frequency: 100
Model name: pricing_default_risk_parallel_
Number of processors: 4


Training:
Epoch:100
In training set, loss: 138.292, Y0: 50.1722

Epoch:200
In training set, loss: 37.4238, Y0: 50.2473

Epoch:300
In training set, loss: 13.1179, Y0: 50.2765

Epoch:400
In training set, loss: 5.12783, Y0: 50.2904

Epoch:500
In training set, loss: 2.13829, Y0: 50.2974

Epoch:600
In training set, loss: 0.930884, Y0: 50.3008

Epoch:700
In training set, loss: 0.417429, Y0: 50.3024

Epoch:800
In training set, loss: 0.191212, Y0: 50.303

Epoch:900
In training set, loss: 0.0891482, Y0: 50.3033

Epoch:1000
In training set, loss: 0.0421942, Y0: 50.3032



###############################################################################
TCHPC Cluster: kelvin
Job 21293 (BSDE_job_4_procs) for User 'zuoy' in Account 'hpc_21_01207'
Finished at: Thu Nov 18 20:19:45 GMT 2021

Job efficiency estimates:
=========================

Job ID: 21293
Cluster: kelvin
User/Group: zuoy/zuoy
State: COMPLETED (exit code 0)
Nodes: 1
Cores per node: 12
CPU Utilized: 02:21:51
CPU Efficiency: 33.31% of 07:05:48 core-walltime
Job Wall-clock time: 00:35:29
Memory Utilized: 493.95 MB
Memory Efficiency: 2.15% of 22.46 GB

Job completion status:
======================

       JobID    JobName AllocCPUS NTasks NNodes     MaxRSS    MaxRSSNode  MaxDiskRead MaxDiskWrite    Elapsed      State ExitCode 
------------ ---------- --------- ------ ------ ---------- ------------- ------------ ------------ ---------- ---------- -------- 
21293        BSDE_job_+        12             1                                                      00:35:29  COMPLETED      0:0 
21293.batch       batch        12      1      1    505808K   kelvin-n059        0.86M        0.01M   00:35:29  COMPLETED      0:0 


Job details:
============

JobId=21293 JobName=BSDE_job_4_procs
   UserId=zuoy(1582) GroupId=zuoy(1252) MCS_label=N/A
   Priority=11214122 Nice=0 Account=hpc_21_01207 QOS=normal
   JobState=COMPLETING Reason=None Dependency=(null)
   Requeue=0 Restarts=0 BatchFlag=1 Reboot=0 ExitCode=0:0
   DerivedExitCode=0:0
   RunTime=00:35:29 TimeLimit=23:00:00 TimeMin=N/A
   SubmitTime=2021-11-18T14:03:08 EligibleTime=2021-11-18T14:03:08
   AccrueTime=2021-11-18T14:03:08
   StartTime=2021-11-18T19:44:16 EndTime=2021-11-18T20:19:45 Deadline=N/A
   SuspendTime=None SecsPreSuspend=0 LastSchedEval=2021-11-18T19:44:16
   Partition=compute AllocNode:Sid=kelvin01:471
   ReqNodeList=(null) ExcNodeList=(null)
   NodeList=
   BatchHost=kelvin-n059
   NumNodes=1 NumCPUs=12 NumTasks=4 CPUs/Task=1 ReqB:S:C:T=0:0:*:*
   TRES=cpu=12,mem=23000M,node=1,billing=12
   Socks/Node=* NtasksPerN:B:S:C=0:0:*:* CoreSpec=*
   JOB_GRES=(null)
     Nodes=kelvin-n059 CPU_IDs=0-11 Mem=23000 GRES=
   MinCPUsNode=1 MinMemoryNode=23000M MinTmpDiskNode=0
   Features=(null) DelayBoot=00:00:00
   OverSubscribe=NO Contiguous=0 Licenses=(null) Network=(null)
   Command=/home/users/mschpc/2019/zuoy/HPC/NeuralNetwork/parallel/scripts/script_PricingDefaultRisk_d500_b1_n4.sh
   WorkDir=/home/users/mschpc/2019/zuoy/HPC/NeuralNetwork/parallel
   StdErr=/home/users/mschpc/2019/zuoy/HPC/NeuralNetwork/parallel/output/slurm-21293.out
   StdIn=/dev/null
   StdOut=/home/users/mschpc/2019/zuoy/HPC/NeuralNetwork/parallel/output/slurm-21293.out
   Power=
   NtasksPerTRES:0


Disk quota details:
===================

Quota Type           Name  Filesystem     Usage in MB     Limit in MB    % Used
-------------------------------------------------------------------------------
USER                 zuoy       /home             104          51,200     0.20%

GROUP              mschpc   /projects             999          51,200     1.95%
GROUP          pi-dgolden   /projects               0          51,200     0.00%


SLURM Bank Statement:
=====================

User           Usage |        Account     Usage | Account Limit Available (CPU hrs)
---------- --------- + -------------- --------- + ------------- ---------
zuoy           9,316 |   HPC_21_01207     9,316 |       100,000    90,684


Acknowledgements:
=================

Note that usage of TCHPC Resources *must* be acknowledged in all publications.

Please see this page for details relevant to this cluster:

http://www.tchpc.tcd.ie/resources/acknowledgementpolicy

################################################################################
