Parallel Mode: Ring-Allreduce
Dimension: 500
Total time: 1
Number of time intervals: 40
Learning rate: 0.01
y_init_range: 40, 50
Number of neurons in each hidden layer of each subnet: 110, 110, 
Epochs: 1000
Batch size: 64
Sample size: 256
Logging frequency: 100
Model name: pricing_default_risk_parallel_
Number of processors: 64


Training:
Epoch:100
In training set, loss: 1505.61, Y0: 49.7351

Epoch:200
In training set, loss: 1115.12, Y0: 49.9629

Epoch:300
In training set, loss: 860.966, Y0: 50.0246

Epoch:400
In training set, loss: 686.564, Y0: 50.0743

Epoch:500
In training set, loss: 561.271, Y0: 50.1158

Epoch:600
In training set, loss: 467.69, Y0: 50.1505

Epoch:700
In training set, loss: 395.639, Y0: 50.1797

Epoch:800
In training set, loss: 338.735, Y0: 50.2045

Epoch:900
In training set, loss: 292.876, Y0: 50.2258

Epoch:1000
In training set, loss: 255.269, Y0: 50.2442



###############################################################################
TCHPC Cluster: kelvin
Job 24065 (BSDE_job_4_procs) for User 'zuoy' in Account 'hpc_21_01207'
Finished at: Thu Nov 25 16:52:59 GMT 2021

Job efficiency estimates:
=========================

Job ID: 24065
Cluster: kelvin
User/Group: zuoy/zuoy
State: COMPLETED (exit code 0)
Nodes: 6
Cores per node: 12
CPU Utilized: 01:22:59
CPU Efficiency: 15.03% of 09:12:00 core-walltime
Job Wall-clock time: 00:07:40
Memory Utilized: 1.33 GB
Memory Efficiency: 0.99% of 134.77 GB

Job completion status:
======================

       JobID    JobName AllocCPUS NTasks NNodes     MaxRSS    MaxRSSNode  MaxDiskRead MaxDiskWrite    Elapsed      State ExitCode 
------------ ---------- --------- ------ ------ ---------- ------------- ------------ ------------ ---------- ---------- -------- 
24065        BSDE_job_+        72             6                                                      00:07:40  COMPLETED      0:0 
24065.batch       batch        12      1      1   1396068K   kelvin-n031        0.86M        0.01M   00:07:40  COMPLETED      0:0 
24065.0           orted        60      5      5                                                      00:07:39  COMPLETED      0:0 


Job details:
============

JobId=24065 JobName=BSDE_job_4_procs
   UserId=zuoy(1582) GroupId=zuoy(1252) MCS_label=N/A
   Priority=10617960 Nice=0 Account=hpc_21_01207 QOS=normal
   JobState=COMPLETING Reason=None Dependency=(null)
   Requeue=0 Restarts=0 BatchFlag=1 Reboot=0 ExitCode=0:0
   DerivedExitCode=0:0
   RunTime=00:07:40 TimeLimit=23:00:00 TimeMin=N/A
   SubmitTime=2021-11-25T12:44:14 EligibleTime=2021-11-25T12:44:14
   AccrueTime=2021-11-25T12:44:14
   StartTime=2021-11-25T16:45:19 EndTime=2021-11-25T16:52:59 Deadline=N/A
   SuspendTime=None SecsPreSuspend=0 LastSchedEval=2021-11-25T16:45:19
   Partition=compute AllocNode:Sid=kelvin01:17031
   ReqNodeList=(null) ExcNodeList=(null)
   NodeList=kelvin-n[034,042,044,046,048]
   BatchHost=kelvin-n031
   NumNodes=5 NumCPUs=72 NumTasks=64 CPUs/Task=1 ReqB:S:C:T=0:0:*:*
   TRES=cpu=72,mem=138000M,node=6,billing=72
   Socks/Node=* NtasksPerN:B:S:C=0:0:*:* CoreSpec=*
   JOB_GRES=(null)
     Nodes=kelvin-n[031,034,042,044,046,048] CPU_IDs=0-11 Mem=23000 GRES=
   MinCPUsNode=1 MinMemoryNode=23000M MinTmpDiskNode=0
   Features=(null) DelayBoot=00:00:00
   OverSubscribe=NO Contiguous=0 Licenses=(null) Network=(null)
   Command=/home/users/mschpc/2019/zuoy/HPC/NeuralNetwork/parallel/scripts/script_PricingDefaultRisk_d500_b64_n64.sh
   WorkDir=/home/users/mschpc/2019/zuoy/HPC/NeuralNetwork/parallel
   StdErr=/home/users/mschpc/2019/zuoy/HPC/NeuralNetwork/parallel/output/slurm-24065.out
   StdIn=/dev/null
   StdOut=/home/users/mschpc/2019/zuoy/HPC/NeuralNetwork/parallel/output/slurm-24065.out
   Power=
   NtasksPerTRES:0


Disk quota details:
===================

Quota Type           Name  Filesystem     Usage in MB     Limit in MB    % Used
-------------------------------------------------------------------------------
USER                 zuoy       /home             145          51,200     0.28%

GROUP              mschpc   /projects             999          51,200     1.95%
GROUP          pi-dgolden   /projects               0          51,200     0.00%


SLURM Bank Statement:
=====================

User           Usage |        Account     Usage | Account Limit Available (CPU hrs)
---------- --------- + -------------- --------- + ------------- ---------
zuoy          28,790 |   HPC_21_01207    28,790 |       100,000    71,210


Acknowledgements:
=================

Note that usage of TCHPC Resources *must* be acknowledged in all publications.

Please see this page for details relevant to this cluster:

http://www.tchpc.tcd.ie/resources/acknowledgementpolicy

################################################################################
