Parallel Mode: Ring-Allreduce
Dimension: 300
Total time: 1
Number of time intervals: 20
Learning rate: 0.01
y_init_range: 0, 1
Number of neurons in each hidden layer of each subnet: 110, 110, 
Epochs: 1000
Batch size: 64
Sample size: 1024
Logging frequency: 100
Model name: HJBLQ_parallel_
Number of processors: 64


Training:
Epoch:100
In training set, loss: 9821.58, Y0: 1.24427

Epoch:200
In training set, loss: 5886.5, Y0: 2.20621

Epoch:300
In training set, loss: 3532.89, Y0: 2.94898

Epoch:400
In training set, loss: 2129.91, Y0: 3.522

Epoch:500
In training set, loss: 1295.89, Y0: 3.96383

Epoch:600
In training set, loss: 801.023, Y0: 4.30444

Epoch:700
In training set, loss: 507.605, Y0: 4.56712

Epoch:800
In training set, loss: 333.517, Y0: 4.76983

Epoch:900
In training set, loss: 229.967, Y0: 4.92646

Epoch:1000
In training set, loss: 168.047, Y0: 5.0477



###############################################################################
TCHPC Cluster: kelvin
Job 22041 (BSDE_job_4_procs) for User 'zuoy' in Account 'hpc_21_01207'
Finished at: Sat Nov 20 11:02:51 GMT 2021

Job efficiency estimates:
=========================

Job ID: 22041
Cluster: kelvin
User/Group: zuoy/zuoy
State: COMPLETED (exit code 0)
Nodes: 6
Cores per node: 12
CPU Utilized: 01:17:57
CPU Efficiency: 15.11% of 08:36:00 core-walltime
Job Wall-clock time: 00:07:10
Memory Utilized: 1.03 GB
Memory Efficiency: 0.76% of 134.77 GB

Job completion status:
======================

       JobID    JobName AllocCPUS NTasks NNodes     MaxRSS    MaxRSSNode  MaxDiskRead MaxDiskWrite    Elapsed      State ExitCode 
------------ ---------- --------- ------ ------ ---------- ------------- ------------ ------------ ---------- ---------- -------- 
22041        BSDE_job_+        72             6                                                      00:07:10  COMPLETED      0:0 
22041.batch       batch        12      1      1   1076748K   kelvin-n050        0.86M        0.01M   00:07:10  COMPLETED      0:0 
22041.0           orted        60      5      5                                                      00:07:09  COMPLETED      0:0 


Job details:
============

JobId=22041 JobName=BSDE_job_4_procs
   UserId=zuoy(1582) GroupId=zuoy(1252) MCS_label=N/A
   Priority=11094105 Nice=0 Account=hpc_21_01207 QOS=normal
   JobState=COMPLETING Reason=None Dependency=(null)
   Requeue=0 Restarts=0 BatchFlag=1 Reboot=0 ExitCode=0:0
   DerivedExitCode=0:0
   RunTime=00:07:10 TimeLimit=23:00:00 TimeMin=N/A
   SubmitTime=2021-11-20T09:22:01 EligibleTime=2021-11-20T09:22:01
   AccrueTime=2021-11-20T09:22:01
   StartTime=2021-11-20T10:55:41 EndTime=2021-11-20T11:02:51 Deadline=N/A
   SuspendTime=None SecsPreSuspend=0 LastSchedEval=2021-11-20T10:55:41
   Partition=compute AllocNode:Sid=kelvin01:23606
   ReqNodeList=(null) ExcNodeList=(null)
   NodeList=kelvin-n[051,054-056,058]
   BatchHost=kelvin-n050
   NumNodes=5 NumCPUs=72 NumTasks=64 CPUs/Task=1 ReqB:S:C:T=0:0:*:*
   TRES=cpu=72,mem=138000M,node=6,billing=72
   Socks/Node=* NtasksPerN:B:S:C=0:0:*:* CoreSpec=*
   JOB_GRES=(null)
     Nodes=kelvin-n[050-051,054-056,058] CPU_IDs=0-11 Mem=23000 GRES=
   MinCPUsNode=1 MinMemoryNode=23000M MinTmpDiskNode=0
   Features=(null) DelayBoot=00:00:00
   OverSubscribe=NO Contiguous=0 Licenses=(null) Network=(null)
   Command=/home/users/mschpc/2019/zuoy/HPC/NeuralNetwork/parallel/scripts/script_HJBLQ_d300_b64_n64.sh
   WorkDir=/home/users/mschpc/2019/zuoy/HPC/NeuralNetwork/parallel
   StdErr=/home/users/mschpc/2019/zuoy/HPC/NeuralNetwork/parallel/output/slurm-22041.out
   StdIn=/dev/null
   StdOut=/home/users/mschpc/2019/zuoy/HPC/NeuralNetwork/parallel/output/slurm-22041.out
   Power=
   NtasksPerTRES:0


Disk quota details:
===================

Quota Type           Name  Filesystem     Usage in MB     Limit in MB    % Used
-------------------------------------------------------------------------------
USER                 zuoy       /home             112          51,200     0.22%

GROUP              mschpc   /projects             999          51,200     1.95%
GROUP          pi-dgolden   /projects               0          51,200     0.00%


SLURM Bank Statement:
=====================

User           Usage |        Account     Usage | Account Limit Available (CPU hrs)
---------- --------- + -------------- --------- + ------------- ---------
zuoy          12,832 |   HPC_21_01207    12,832 |       100,000    87,168


Acknowledgements:
=================

Note that usage of TCHPC Resources *must* be acknowledged in all publications.

Please see this page for details relevant to this cluster:

http://www.tchpc.tcd.ie/resources/acknowledgementpolicy

################################################################################
