Parallel Mode: Ring-Allreduce
Dimension: 200
Total time: 1
Number of time intervals: 20
Learning rate: 0.01
y_init_range: 0, 1
Number of neurons in each hidden layer of each subnet: 110, 110, 
Epochs: 1000
Batch size: 64
Sample size: 1024
Logging frequency: 100
Model name: HJBLQ_parallel_
Number of processors: 16


Training:
Epoch:100
In training set, loss: 21.8344, Y0: 5.21292

Epoch:200
In training set, loss: 13.505, Y0: 5.24454

Epoch:300
In training set, loss: 11.4651, Y0: 5.25586

Epoch:400
In training set, loss: 10.753, Y0: 5.26084

Epoch:500
In training set, loss: 10.4245, Y0: 5.26332

Epoch:600
In training set, loss: 10.2309, Y0: 5.26468

Epoch:700
In training set, loss: 10.0908, Y0: 5.26546

Epoch:800
In training set, loss: 9.97404, Y0: 5.26595

Epoch:900
In training set, loss: 9.86813, Y0: 5.26626

Epoch:1000
In training set, loss: 9.7678, Y0: 5.26647



###############################################################################
TCHPC Cluster: kelvin
Job 23724 (BSDE_job_4_procs) for User 'zuoy' in Account 'hpc_21_01207'
Finished at: Thu Nov 25 11:23:26 GMT 2021

Job efficiency estimates:
=========================

Job ID: 23724
Cluster: kelvin
User/Group: zuoy/zuoy
State: COMPLETED (exit code 0)
Nodes: 2
Cores per node: 12
CPU Utilized: 00:46:47
CPU Efficiency: 33.13% of 02:21:12 core-walltime
Job Wall-clock time: 00:05:53
Memory Utilized: 595.37 MB
Memory Efficiency: 1.29% of 44.92 GB

Job completion status:
======================

       JobID    JobName AllocCPUS NTasks NNodes     MaxRSS    MaxRSSNode  MaxDiskRead MaxDiskWrite    Elapsed      State ExitCode 
------------ ---------- --------- ------ ------ ---------- ------------- ------------ ------------ ---------- ---------- -------- 
23724        BSDE_job_+        24             2                                                      00:05:53  COMPLETED      0:0 
23724.batch       batch        12      1      1    609656K   kelvin-n030        0.86M        0.01M   00:05:53  COMPLETED      0:0 
23724.0           orted        12      1      1                                                      00:05:53  COMPLETED      0:0 


Job details:
============

JobId=23724 JobName=BSDE_job_4_procs
   UserId=zuoy(1582) GroupId=zuoy(1252) MCS_label=N/A
   Priority=11245170 Nice=0 Account=hpc_21_01207 QOS=normal
   JobState=COMPLETING Reason=None Dependency=(null)
   Requeue=0 Restarts=0 BatchFlag=1 Reboot=0 ExitCode=0:0
   DerivedExitCode=0:0
   RunTime=00:05:53 TimeLimit=23:00:00 TimeMin=N/A
   SubmitTime=2021-11-24T10:07:02 EligibleTime=2021-11-24T10:07:02
   AccrueTime=2021-11-24T10:07:02
   StartTime=2021-11-25T11:17:33 EndTime=2021-11-25T11:23:26 Deadline=N/A
   SuspendTime=None SecsPreSuspend=0 LastSchedEval=2021-11-25T11:17:33
   Partition=compute AllocNode:Sid=kelvin01:18898
   ReqNodeList=(null) ExcNodeList=(null)
   NodeList=kelvin-n031
   BatchHost=kelvin-n030
   NumNodes=1 NumCPUs=24 NumTasks=16 CPUs/Task=1 ReqB:S:C:T=0:0:*:*
   TRES=cpu=24,mem=46000M,node=2,billing=24
   Socks/Node=* NtasksPerN:B:S:C=0:0:*:* CoreSpec=*
   JOB_GRES=(null)
     Nodes=kelvin-n[030-031] CPU_IDs=0-11 Mem=23000 GRES=
   MinCPUsNode=1 MinMemoryNode=23000M MinTmpDiskNode=0
   Features=(null) DelayBoot=00:00:00
   OverSubscribe=NO Contiguous=0 Licenses=(null) Network=(null)
   Command=/home/users/mschpc/2019/zuoy/HPC/NeuralNetwork/parallel/scripts/script_HJBLQ_d200_b64_n16.sh
   WorkDir=/home/users/mschpc/2019/zuoy/HPC/NeuralNetwork/parallel
   StdErr=/home/users/mschpc/2019/zuoy/HPC/NeuralNetwork/parallel/output/slurm-23724.out
   StdIn=/dev/null
   StdOut=/home/users/mschpc/2019/zuoy/HPC/NeuralNetwork/parallel/output/slurm-23724.out
   Power=
   NtasksPerTRES:0


Disk quota details:
===================

Quota Type           Name  Filesystem     Usage in MB     Limit in MB    % Used
-------------------------------------------------------------------------------
USER                 zuoy       /home             143          51,200     0.28%

GROUP              mschpc   /projects             999          51,200     1.95%
GROUP          pi-dgolden   /projects               0          51,200     0.00%


SLURM Bank Statement:
=====================

User           Usage |        Account     Usage | Account Limit Available (CPU hrs)
---------- --------- + -------------- --------- + ------------- ---------
zuoy          28,223 |   HPC_21_01207    28,223 |       100,000    71,777


Acknowledgements:
=================

Note that usage of TCHPC Resources *must* be acknowledged in all publications.

Please see this page for details relevant to this cluster:

http://www.tchpc.tcd.ie/resources/acknowledgementpolicy

################################################################################
