Parallel Mode: Ring-Allreduce
Dimension: 500
Total time: 1
Number of time intervals: 40
Learning rate: 0.01
y_init_range: 40, 50
Number of neurons in each hidden layer of each subnet: 110, 110, 
Epochs: 1000
Batch size: 64
Sample size: 256
Logging frequency: 100
Model name: pricing_default_risk_parallel_
Number of processors: 128


Training:
Epoch:100
In training set, loss: 15286.6, Y0: 40.3238

Epoch:200
In training set, loss: 14366.1, Y0: 40.6364

Epoch:300
In training set, loss: 13510.1, Y0: 40.9377

Epoch:400
In training set, loss: 12712.3, Y0: 41.2288

Epoch:500
In training set, loss: 11969.3, Y0: 41.5096

Epoch:600
In training set, loss: 11277.6, Y0: 41.7804

Epoch:700
In training set, loss: 10632.9, Y0: 42.0419

Epoch:800
In training set, loss: 10032.5, Y0: 42.294

Epoch:900
In training set, loss: 9472.33, Y0: 42.5377

Epoch:1000
In training set, loss: 8950.61, Y0: 42.7726



###############################################################################
TCHPC Cluster: kelvin
Job 21900 (BSDE_job_4_procs) for User 'zuoy' in Account 'hpc_21_01207'
Finished at: Sat Nov 20 04:53:39 GMT 2021

Job efficiency estimates:
=========================

Job ID: 21900
Cluster: kelvin
User/Group: zuoy/zuoy
State: COMPLETED (exit code 0)
Nodes: 11
Cores per node: 12
CPU Utilized: 01:43:55
CPU Efficiency: 8.91% of 19:26:00 core-walltime
Job Wall-clock time: 00:08:50
Memory Utilized: 1.45 GB
Memory Efficiency: 0.59% of 247.07 GB

Job completion status:
======================

       JobID    JobName AllocCPUS NTasks NNodes     MaxRSS    MaxRSSNode  MaxDiskRead MaxDiskWrite    Elapsed      State ExitCode 
------------ ---------- --------- ------ ------ ---------- ------------- ------------ ------------ ---------- ---------- -------- 
21900        BSDE_job_+       132            11                                                      00:08:50  COMPLETED      0:0 
21900.batch       batch        12      1      1   1525640K   kelvin-n001        0.87M        0.01M   00:08:50  COMPLETED      0:0 
21900.0           orted       120     10     10                                                      00:08:49  COMPLETED      0:0 


Job details:
============

JobId=21900 JobName=BSDE_job_4_procs
   UserId=zuoy(1582) GroupId=zuoy(1252) MCS_label=N/A
   Priority=11171137 Nice=0 Account=hpc_21_01207 QOS=normal
   JobState=COMPLETING Reason=None Dependency=(null)
   Requeue=0 Restarts=0 BatchFlag=1 Reboot=0 ExitCode=0:0
   DerivedExitCode=0:0
   RunTime=00:08:50 TimeLimit=23:00:00 TimeMin=N/A
   SubmitTime=2021-11-20T00:41:39 EligibleTime=2021-11-20T00:41:39
   AccrueTime=2021-11-20T00:41:39
   StartTime=2021-11-20T04:44:49 EndTime=2021-11-20T04:53:39 Deadline=N/A
   SuspendTime=None SecsPreSuspend=0 LastSchedEval=2021-11-20T04:44:49
   Partition=compute AllocNode:Sid=kelvin01:23080
   ReqNodeList=(null) ExcNodeList=(null)
   NodeList=kelvin-n[003,015,017-020,022-023,033,043]
   BatchHost=kelvin-n001
   NumNodes=10 NumCPUs=132 NumTasks=128 CPUs/Task=1 ReqB:S:C:T=0:0:*:*
   TRES=cpu=132,mem=253000M,node=11,billing=132
   Socks/Node=* NtasksPerN:B:S:C=0:0:*:* CoreSpec=*
   JOB_GRES=(null)
     Nodes=kelvin-n[001,003,015,017-020,022-023,033,043] CPU_IDs=0-11 Mem=23000 GRES=
   MinCPUsNode=1 MinMemoryNode=23000M MinTmpDiskNode=0
   Features=(null) DelayBoot=00:00:00
   OverSubscribe=NO Contiguous=0 Licenses=(null) Network=(null)
   Command=/home/users/mschpc/2019/zuoy/HPC/NeuralNetwork/parallel/scripts/script_PricingDefaultRisk_d500_b64_n128.sh
   WorkDir=/home/users/mschpc/2019/zuoy/HPC/NeuralNetwork/parallel
   StdErr=/home/users/mschpc/2019/zuoy/HPC/NeuralNetwork/parallel/output/slurm-21900.out
   StdIn=/dev/null
   StdOut=/home/users/mschpc/2019/zuoy/HPC/NeuralNetwork/parallel/output/slurm-21900.out
   Power=
   NtasksPerTRES:0


Disk quota details:
===================

Quota Type           Name  Filesystem     Usage in MB     Limit in MB    % Used
-------------------------------------------------------------------------------
USER                 zuoy       /home             109          51,200     0.21%

GROUP              mschpc   /projects             999          51,200     1.95%
GROUP          pi-dgolden   /projects               0          51,200     0.00%


SLURM Bank Statement:
=====================

User           Usage |        Account     Usage | Account Limit Available (CPU hrs)
---------- --------- + -------------- --------- + ------------- ---------
zuoy          12,028 |   HPC_21_01207    12,028 |       100,000    87,972


Acknowledgements:
=================

Note that usage of TCHPC Resources *must* be acknowledged in all publications.

Please see this page for details relevant to this cluster:

http://www.tchpc.tcd.ie/resources/acknowledgementpolicy

################################################################################
