Parallel Mode: Ring-Allreduce
Dimension: 300
Total time: 1
Number of time intervals: 40
Learning rate: 0.01
y_init_range: 40, 50
Number of neurons in each hidden layer of each subnet: 110, 110, 
Epochs: 1000
Batch size: 64
Sample size: 256
Logging frequency: 100
Model name: pricing_default_risk_parallel_
Number of processors: 8


Training:
Epoch:100
In training set, loss: 9023.04, Y0: 44.9674

Epoch:200
In training set, loss: 4304.73, Y0: 47.8141

Epoch:300
In training set, loss: 2760.28, Y0: 49.5106

Epoch:400
In training set, loss: 2176.17, Y0: 50.5532

Epoch:500
In training set, loss: 1925.72, Y0: 51.2011

Epoch:600
In training set, loss: 1802.43, Y0: 51.6059

Epoch:700
In training set, loss: 1728.92, Y0: 51.8604

Epoch:800
In training set, loss: 1675.84, Y0: 52.0216

Epoch:900
In training set, loss: 1631.63, Y0: 52.1252

Epoch:1000
In training set, loss: 1591.96, Y0: 52.1927



###############################################################################
TCHPC Cluster: kelvin
Job 22355 (BSDE_job_4_procs) for User 'zuoy' in Account 'hpc_21_01207'
Finished at: Sun Nov 21 03:30:05 GMT 2021

Job efficiency estimates:
=========================

Job ID: 22355
Cluster: kelvin
User/Group: zuoy/zuoy
State: COMPLETED (exit code 0)
Nodes: 1
Cores per node: 12
CPU Utilized: 01:16:36
CPU Efficiency: 66.49% of 01:55:12 core-walltime
Job Wall-clock time: 00:09:36
Memory Utilized: 701.57 MB
Memory Efficiency: 3.05% of 22.46 GB

Job completion status:
======================

       JobID    JobName AllocCPUS NTasks NNodes     MaxRSS    MaxRSSNode  MaxDiskRead MaxDiskWrite    Elapsed      State ExitCode 
------------ ---------- --------- ------ ------ ---------- ------------- ------------ ------------ ---------- ---------- -------- 
22355        BSDE_job_+        12             1                                                      00:09:36  COMPLETED      0:0 
22355.batch       batch        12      1      1    718408K   kelvin-n022        0.86M        0.01M   00:09:36  COMPLETED      0:0 


Job details:
============

JobId=22355 JobName=BSDE_job_4_procs
   UserId=zuoy(1582) GroupId=zuoy(1252) MCS_label=N/A
   Priority=11039939 Nice=0 Account=hpc_21_01207 QOS=normal
   JobState=COMPLETING Reason=None Dependency=(null)
   Requeue=0 Restarts=0 BatchFlag=1 Reboot=0 ExitCode=0:0
   DerivedExitCode=0:0
   RunTime=00:09:36 TimeLimit=23:00:00 TimeMin=N/A
   SubmitTime=2021-11-21T01:39:31 EligibleTime=2021-11-21T01:39:31
   AccrueTime=2021-11-21T01:39:31
   StartTime=2021-11-21T03:20:29 EndTime=2021-11-21T03:30:05 Deadline=N/A
   SuspendTime=None SecsPreSuspend=0 LastSchedEval=2021-11-21T03:20:29
   Partition=compute AllocNode:Sid=kelvin01:32460
   ReqNodeList=(null) ExcNodeList=(null)
   NodeList=
   BatchHost=kelvin-n022
   NumNodes=1 NumCPUs=12 NumTasks=8 CPUs/Task=1 ReqB:S:C:T=0:0:*:*
   TRES=cpu=12,mem=23000M,node=1,billing=12
   Socks/Node=* NtasksPerN:B:S:C=0:0:*:* CoreSpec=*
   JOB_GRES=(null)
     Nodes=kelvin-n022 CPU_IDs=0-11 Mem=23000 GRES=
   MinCPUsNode=1 MinMemoryNode=23000M MinTmpDiskNode=0
   Features=(null) DelayBoot=00:00:00
   OverSubscribe=NO Contiguous=0 Licenses=(null) Network=(null)
   Command=/home/users/mschpc/2019/zuoy/HPC/NeuralNetwork/parallel/scripts/script_PricingDefaultRisk_d300_b64_n8.sh
   WorkDir=/home/users/mschpc/2019/zuoy/HPC/NeuralNetwork/parallel
   StdErr=/home/users/mschpc/2019/zuoy/HPC/NeuralNetwork/parallel/output/slurm-22355.out
   StdIn=/dev/null
   StdOut=/home/users/mschpc/2019/zuoy/HPC/NeuralNetwork/parallel/output/slurm-22355.out
   Power=
   NtasksPerTRES:0


Disk quota details:
===================

Quota Type           Name  Filesystem     Usage in MB     Limit in MB    % Used
-------------------------------------------------------------------------------
USER                 zuoy       /home             119          51,200     0.23%

GROUP              mschpc   /projects             999          51,200     1.95%
GROUP          pi-dgolden   /projects               0          51,200     0.00%


SLURM Bank Statement:
=====================

User           Usage |        Account     Usage | Account Limit Available (CPU hrs)
---------- --------- + -------------- --------- + ------------- ---------
zuoy          15,626 |   HPC_21_01207    15,626 |       100,000    84,374


Acknowledgements:
=================

Note that usage of TCHPC Resources *must* be acknowledged in all publications.

Please see this page for details relevant to this cluster:

http://www.tchpc.tcd.ie/resources/acknowledgementpolicy

################################################################################
