Parallel Mode: Master-Slave
Dimension: 100
Total time: 1
Number of time intervals: 20
Learning rate: 0.01
y_init_range: 0, 1
Number of neurons in each hidden layer of each subnet: 110, 110, 
Epochs: 3000
Batch size: 1
Sample size: 256
Logging frequency: 100
Model name: HJBLQ_parallel_
Number of processors: 16


Training:
Epoch:100
In training set, loss: 7.09622, Y0: 4.47774

Epoch:200
In training set, loss: 5.20319, Y0: 4.5019

Epoch:300
In training set, loss: 4.4031, Y0: 4.51085

Epoch:400
In training set, loss: 3.90337, Y0: 4.5145

Epoch:500
In training set, loss: 3.52668, Y0: 4.51596

Epoch:600
In training set, loss: 3.21571, Y0: 4.51643

Epoch:700
In training set, loss: 2.9469, Y0: 4.51646

Epoch:800
In training set, loss: 2.70868, Y0: 4.5163

Epoch:900
In training set, loss: 2.49451, Y0: 4.51608

Epoch:1000
In training set, loss: 2.3003, Y0: 4.51585

Epoch:1100
In training set, loss: 2.1232, Y0: 4.51565

Epoch:1200
In training set, loss: 1.96115, Y0: 4.51547

Epoch:1300
In training set, loss: 1.81248, Y0: 4.51533

Epoch:1400
In training set, loss: 1.67588, Y0: 4.51522

Epoch:1500
In training set, loss: 1.5502, Y0: 4.51514

Epoch:1600
In training set, loss: 1.43446, Y0: 4.51508

Epoch:1700
In training set, loss: 1.3278, Y0: 4.51504

Epoch:1800
In training set, loss: 1.22945, Y0: 4.51501

Epoch:1900
In training set, loss: 1.13871, Y0: 4.51499

Epoch:2000
In training set, loss: 1.05497, Y0: 4.51499

Epoch:2100
In training set, loss: 0.977648, Y0: 4.51499

Epoch:2200
In training set, loss: 0.906228, Y0: 4.51499

Epoch:2300
In training set, loss: 0.840245, Y0: 4.515

Epoch:2400
In training set, loss: 0.779267, Y0: 4.51502

Epoch:2500
In training set, loss: 0.722888, Y0: 4.51503

Epoch:2600
In training set, loss: 0.670754, Y0: 4.51505

Epoch:2700
In training set, loss: 0.62253, Y0: 4.51506

Epoch:2800
In training set, loss: 0.577911, Y0: 4.51508

Epoch:2900
In training set, loss: 0.536618, Y0: 4.5151

Epoch:3000
In training set, loss: 0.498389, Y0: 4.51512



###############################################################################
TCHPC Cluster: kelvin
Job 21162 (BSDE_job_4_procs) for User 'zuoy' in Account 'hpc_21_01207'
Finished at: Thu Nov 18 03:21:49 GMT 2021

Job efficiency estimates:
=========================

Job ID: 21162
Cluster: kelvin
User/Group: zuoy/zuoy
State: COMPLETED (exit code 0)
Nodes: 2
Cores per node: 12
CPU Utilized: 00:48:33
CPU Efficiency: 32.89% of 02:27:36 core-walltime
Job Wall-clock time: 00:06:09
Memory Utilized: 323.29 MB
Memory Efficiency: 0.70% of 44.92 GB

Job completion status:
======================

       JobID    JobName AllocCPUS NTasks NNodes     MaxRSS    MaxRSSNode  MaxDiskRead MaxDiskWrite    Elapsed      State ExitCode 
------------ ---------- --------- ------ ------ ---------- ------------- ------------ ------------ ---------- ---------- -------- 
21162        BSDE_job_+        24             2                                                      00:06:09  COMPLETED      0:0 
21162.batch       batch        12      1      1    331052K   kelvin-n037        0.87M        0.01M   00:06:09  COMPLETED      0:0 
21162.0           orted        12      1      1                                                      00:06:07  COMPLETED      0:0 


Job details:
============

JobId=21162 JobName=BSDE_job_4_procs
   UserId=zuoy(1582) GroupId=zuoy(1252) MCS_label=N/A
   Priority=11315804 Nice=0 Account=hpc_21_01207 QOS=normal
   JobState=COMPLETING Reason=None Dependency=(null)
   Requeue=0 Restarts=0 BatchFlag=1 Reboot=0 ExitCode=0:0
   DerivedExitCode=0:0
   RunTime=00:06:09 TimeLimit=23:00:00 TimeMin=N/A
   SubmitTime=2021-11-17T21:51:52 EligibleTime=2021-11-17T21:51:52
   AccrueTime=2021-11-17T21:51:52
   StartTime=2021-11-18T03:15:40 EndTime=2021-11-18T03:21:49 Deadline=N/A
   SuspendTime=None SecsPreSuspend=0 LastSchedEval=2021-11-18T03:15:40
   Partition=compute AllocNode:Sid=kelvin01:6170
   ReqNodeList=(null) ExcNodeList=(null)
   NodeList=kelvin-n038
   BatchHost=kelvin-n037
   NumNodes=1 NumCPUs=24 NumTasks=16 CPUs/Task=1 ReqB:S:C:T=0:0:*:*
   TRES=cpu=24,mem=46000M,node=2,billing=24
   Socks/Node=* NtasksPerN:B:S:C=0:0:*:* CoreSpec=*
   JOB_GRES=(null)
     Nodes=kelvin-n[037-038] CPU_IDs=0-11 Mem=23000 GRES=
   MinCPUsNode=1 MinMemoryNode=23000M MinTmpDiskNode=0
   Features=(null) DelayBoot=00:00:00
   OverSubscribe=NO Contiguous=0 Licenses=(null) Network=(null)
   Command=/home/users/mschpc/2019/zuoy/HPC/NeuralNetwork/parallel/scripts/script_HJBLQ_d100_b1_n16.sh
   WorkDir=/home/users/mschpc/2019/zuoy/HPC/NeuralNetwork/parallel
   StdErr=/home/users/mschpc/2019/zuoy/HPC/NeuralNetwork/parallel/output/slurm-21162.out
   StdIn=/dev/null
   StdOut=/home/users/mschpc/2019/zuoy/HPC/NeuralNetwork/parallel/output/slurm-21162.out
   Power=
   NtasksPerTRES:0


Disk quota details:
===================

Quota Type           Name  Filesystem     Usage in MB     Limit in MB    % Used
-------------------------------------------------------------------------------
USER                 zuoy       /home             104          51,200     0.20%

GROUP              mschpc   /projects             999          51,200     1.95%
GROUP          pi-dgolden   /projects               0          51,200     0.00%


SLURM Bank Statement:
=====================

User           Usage |        Account     Usage | Account Limit Available (CPU hrs)
---------- --------- + -------------- --------- + ------------- ---------
zuoy           7,714 |   HPC_21_01207     7,714 |       100,000    92,286


Acknowledgements:
=================

Note that usage of TCHPC Resources *must* be acknowledged in all publications.

Please see this page for details relevant to this cluster:

http://www.tchpc.tcd.ie/resources/acknowledgementpolicy

################################################################################
