Parallel Mode: Master-Slave
Dimension: 100
Total time: 0.2
Number of time intervals: 20
Learning rate: 0.0005
y_init_range: 0.2, 0.5
Number of neurons in each hidden layer of each subnet: 110, 110, 
Epochs: 4000
Batch size: 64
Sample size: 1024
Logging frequency: 100
Model name: AllenCahn_parallel_
Number of processors: 128


Training:
Epoch:100
In training set, loss: 11.6307, Y0: 0.199446

Epoch:200
In training set, loss: 11.5803, Y0: 0.198893

Epoch:300
In training set, loss: 11.5304, Y0: 0.198342

Epoch:400
In training set, loss: 11.4809, Y0: 0.197794

Epoch:500
In training set, loss: 11.4319, Y0: 0.197248

Epoch:600
In training set, loss: 11.3833, Y0: 0.196705

Epoch:700
In training set, loss: 11.3351, Y0: 0.196164

Epoch:800
In training set, loss: 11.2874, Y0: 0.195625

Epoch:900
In training set, loss: 11.2401, Y0: 0.195089

Epoch:1000
In training set, loss: 11.1933, Y0: 0.194556

Epoch:1100
In training set, loss: 11.1468, Y0: 0.194025

Epoch:1200
In training set, loss: 11.1008, Y0: 0.193496

Epoch:1300
In training set, loss: 11.0552, Y0: 0.192969

Epoch:1400
In training set, loss: 11.01, Y0: 0.192446

Epoch:1500
In training set, loss: 10.9652, Y0: 0.191924

Epoch:1600
In training set, loss: 10.9208, Y0: 0.191404

Epoch:1700
In training set, loss: 10.8768, Y0: 0.190887

Epoch:1800
In training set, loss: 10.8332, Y0: 0.190373

Epoch:1900
In training set, loss: 10.79, Y0: 0.189861

Epoch:2000
In training set, loss: 10.7472, Y0: 0.189351

Epoch:2100
In training set, loss: 10.7047, Y0: 0.188843

Epoch:2200
In training set, loss: 10.6627, Y0: 0.188337

Epoch:2300
In training set, loss: 10.621, Y0: 0.187834

Epoch:2400
In training set, loss: 10.5797, Y0: 0.187334

Epoch:2500
In training set, loss: 10.5388, Y0: 0.186835

Epoch:2600
In training set, loss: 10.4982, Y0: 0.186338

Epoch:2700
In training set, loss: 10.4579, Y0: 0.185844

Epoch:2800
In training set, loss: 10.4181, Y0: 0.185353

Epoch:2900
In training set, loss: 10.3787, Y0: 0.184863

Epoch:3000
In training set, loss: 10.3395, Y0: 0.184376

Epoch:3100
In training set, loss: 10.3007, Y0: 0.18389

Epoch:3200
In training set, loss: 10.2622, Y0: 0.183407

Epoch:3300
In training set, loss: 10.2241, Y0: 0.182926

Epoch:3400
In training set, loss: 10.1864, Y0: 0.182447

Epoch:3500
In training set, loss: 10.1489, Y0: 0.18197

Epoch:3600
In training set, loss: 10.1119, Y0: 0.181496

Epoch:3700
In training set, loss: 10.0751, Y0: 0.181023

Epoch:3800
In training set, loss: 10.0386, Y0: 0.180553

Epoch:3900
In training set, loss: 10.0025, Y0: 0.180085

Epoch:4000
In training set, loss: 9.96672, Y0: 0.179618



###############################################################################
TCHPC Cluster: kelvin
Job 22695 (BSDE_job_4_procs) for User 'zuoy' in Account 'hpc_21_01207'
Finished at: Sun Nov 21 17:49:21 GMT 2021

Job efficiency estimates:
=========================

Job ID: 22695
Cluster: kelvin
User/Group: zuoy/zuoy
State: COMPLETED (exit code 0)
Nodes: 11
Cores per node: 12
CPU Utilized: 07:09:44
CPU Efficiency: 9.03% of 3-07:20:48 core-walltime
Job Wall-clock time: 00:36:04
Memory Utilized: 741.16 MB
Memory Efficiency: 0.29% of 247.07 GB

Job completion status:
======================

       JobID    JobName AllocCPUS NTasks NNodes     MaxRSS    MaxRSSNode  MaxDiskRead MaxDiskWrite    Elapsed      State ExitCode 
------------ ---------- --------- ------ ------ ---------- ------------- ------------ ------------ ---------- ---------- -------- 
22695        BSDE_job_+       132            11                                                      00:36:04  COMPLETED      0:0 
22695.batch       batch        12      1      1    758952K   kelvin-n008        0.86M        0.01M   00:36:04  COMPLETED      0:0 
22695.0           orted       120     10     10                                                      00:36:03  COMPLETED      0:0 


Job details:
============

JobId=22695 JobName=BSDE_job_4_procs
   UserId=zuoy(1582) GroupId=zuoy(1252) MCS_label=N/A
   Priority=10999028 Nice=0 Account=hpc_21_01207 QOS=normal
   JobState=COMPLETING Reason=None Dependency=(null)
   Requeue=0 Restarts=0 BatchFlag=1 Reboot=0 ExitCode=0:0
   DerivedExitCode=0:0
   RunTime=00:36:04 TimeLimit=23:00:00 TimeMin=N/A
   SubmitTime=2021-11-21T15:16:05 EligibleTime=2021-11-21T15:16:05
   AccrueTime=2021-11-21T15:16:05
   StartTime=2021-11-21T17:13:17 EndTime=2021-11-21T17:49:21 Deadline=N/A
   SuspendTime=None SecsPreSuspend=0 LastSchedEval=2021-11-21T17:13:17
   Partition=compute AllocNode:Sid=kelvin01:12189
   ReqNodeList=(null) ExcNodeList=(null)
   NodeList=kelvin-n[009-010,020-021,023,075-076,079,081,084]
   BatchHost=kelvin-n008
   NumNodes=10 NumCPUs=132 NumTasks=128 CPUs/Task=1 ReqB:S:C:T=0:0:*:*
   TRES=cpu=132,mem=253000M,node=11,billing=132
   Socks/Node=* NtasksPerN:B:S:C=0:0:*:* CoreSpec=*
   JOB_GRES=(null)
     Nodes=kelvin-n[008-010,020-021,023,075-076,079,081,084] CPU_IDs=0-11 Mem=23000 GRES=
   MinCPUsNode=1 MinMemoryNode=23000M MinTmpDiskNode=0
   Features=(null) DelayBoot=00:00:00
   OverSubscribe=NO Contiguous=0 Licenses=(null) Network=(null)
   Command=/home/users/mschpc/2019/zuoy/HPC/NeuralNetwork/parallel/scripts/script_AllenCahn_d300_b64_n128.sh
   WorkDir=/home/users/mschpc/2019/zuoy/HPC/NeuralNetwork/parallel
   StdErr=/home/users/mschpc/2019/zuoy/HPC/NeuralNetwork/parallel/output/slurm-22695.out
   StdIn=/dev/null
   StdOut=/home/users/mschpc/2019/zuoy/HPC/NeuralNetwork/parallel/output/slurm-22695.out
   Power=
   NtasksPerTRES:0


Disk quota details:
===================

Quota Type           Name  Filesystem     Usage in MB     Limit in MB    % Used
-------------------------------------------------------------------------------
USER                 zuoy       /home             125          51,200     0.24%

GROUP              mschpc   /projects             999          51,200     1.95%
GROUP          pi-dgolden   /projects               0          51,200     0.00%


SLURM Bank Statement:
=====================

User           Usage |        Account     Usage | Account Limit Available (CPU hrs)
---------- --------- + -------------- --------- + ------------- ---------
zuoy          20,239 |   HPC_21_01207    20,239 |       100,000    79,761


Acknowledgements:
=================

Note that usage of TCHPC Resources *must* be acknowledged in all publications.

Please see this page for details relevant to this cluster:

http://www.tchpc.tcd.ie/resources/acknowledgementpolicy

################################################################################
