Parallel Mode: Master-Slave
Dimension: 100
Total time: 0.25
Number of time intervals: 20
Learning rate: 0.0005
y_init_range: 0.25, 0.5
Number of neurons in each hidden layer of each subnet: 110, 110, 
Epochs: 4000
Batch size: 1
Sample size: 1024
Logging frequency: 100
Model name: AllenCahn_parallel_
Number of processors: 16


Training:
Epoch:100
In training set, loss: 6.83467, Y0: 0.0780848

Epoch:200
In training set, loss: 6.52478, Y0: 0.0556771

Epoch:300
In training set, loss: 6.43261, Y0: 0.0526896

Epoch:400
In training set, loss: 6.34899, Y0: 0.0523324

Epoch:500
In training set, loss: 6.26983, Y0: 0.0523311

Epoch:600
In training set, loss: 6.1948, Y0: 0.0523764

Epoch:700
In training set, loss: 6.12366, Y0: 0.0524262

Epoch:800
In training set, loss: 6.05617, Y0: 0.0524749

Epoch:900
In training set, loss: 5.99211, Y0: 0.0525217

Epoch:1000
In training set, loss: 5.9313, Y0: 0.0525666

Epoch:1100
In training set, loss: 5.87354, Y0: 0.0526097

Epoch:1200
In training set, loss: 5.81865, Y0: 0.0526511

Epoch:1300
In training set, loss: 5.76647, Y0: 0.0526908

Epoch:1400
In training set, loss: 5.71685, Y0: 0.0527289

Epoch:1500
In training set, loss: 5.66963, Y0: 0.0527656

Epoch:1600
In training set, loss: 5.62469, Y0: 0.0528008

Epoch:1700
In training set, loss: 5.58189, Y0: 0.0528347

Epoch:1800
In training set, loss: 5.54112, Y0: 0.0528673

Epoch:1900
In training set, loss: 5.50225, Y0: 0.0528987

Epoch:2000
In training set, loss: 5.4652, Y0: 0.0529288

Epoch:2100
In training set, loss: 5.42984, Y0: 0.0529578

Epoch:2200
In training set, loss: 5.3961, Y0: 0.0529856

Epoch:2300
In training set, loss: 5.36389, Y0: 0.0530125

Epoch:2400
In training set, loss: 5.33311, Y0: 0.0530383

Epoch:2500
In training set, loss: 5.3037, Y0: 0.0530632

Epoch:2600
In training set, loss: 5.27557, Y0: 0.0530871

Epoch:2700
In training set, loss: 5.24866, Y0: 0.0531101

Epoch:2800
In training set, loss: 5.22292, Y0: 0.0531323

Epoch:2900
In training set, loss: 5.19826, Y0: 0.0531536

Epoch:3000
In training set, loss: 5.17464, Y0: 0.0531742

Epoch:3100
In training set, loss: 5.152, Y0: 0.053194

Epoch:3200
In training set, loss: 5.13029, Y0: 0.0532131

Epoch:3300
In training set, loss: 5.10946, Y0: 0.0532315

Epoch:3400
In training set, loss: 5.08946, Y0: 0.0532492

Epoch:3500
In training set, loss: 5.07026, Y0: 0.0532664

Epoch:3600
In training set, loss: 5.05181, Y0: 0.0532828

Epoch:3700
In training set, loss: 5.03407, Y0: 0.0532987

Epoch:3800
In training set, loss: 5.017, Y0: 0.053314

Epoch:3900
In training set, loss: 5.00057, Y0: 0.0533288

Epoch:4000
In training set, loss: 4.98476, Y0: 0.053343



###############################################################################
TCHPC Cluster: kelvin
Job 22595 (BSDE_job_4_procs) for User 'zuoy' in Account 'hpc_21_01207'
Finished at: Sun Nov 21 15:45:32 GMT 2021

Job efficiency estimates:
=========================

Job ID: 22595
Cluster: kelvin
User/Group: zuoy/zuoy
State: COMPLETED (exit code 0)
Nodes: 2
Cores per node: 12
CPU Utilized: 03:03:48
CPU Efficiency: 33.22% of 09:13:12 core-walltime
Job Wall-clock time: 00:23:03
Memory Utilized: 427.89 MB
Memory Efficiency: 0.93% of 44.92 GB

Job completion status:
======================

       JobID    JobName AllocCPUS NTasks NNodes     MaxRSS    MaxRSSNode  MaxDiskRead MaxDiskWrite    Elapsed      State ExitCode 
------------ ---------- --------- ------ ------ ---------- ------------- ------------ ------------ ---------- ---------- -------- 
22595        BSDE_job_+        24             2                                                      00:23:03  COMPLETED      0:0 
22595.batch       batch        12      1      1    438164K   kelvin-n014        0.86M        0.01M   00:23:03  COMPLETED      0:0 
22595.0           orted        12      1      1                                                      00:23:01  COMPLETED      0:0 


Job details:
============

JobId=22595 JobName=BSDE_job_4_procs
   UserId=zuoy(1582) GroupId=zuoy(1252) MCS_label=N/A
   Priority=11004489 Nice=0 Account=hpc_21_01207 QOS=normal
   JobState=COMPLETING Reason=None Dependency=(null)
   Requeue=0 Restarts=0 BatchFlag=1 Reboot=0 ExitCode=0:0
   DerivedExitCode=0:0
   RunTime=00:23:03 TimeLimit=23:00:00 TimeMin=N/A
   SubmitTime=2021-11-21T13:03:24 EligibleTime=2021-11-21T13:03:24
   AccrueTime=2021-11-21T13:03:24
   StartTime=2021-11-21T15:22:29 EndTime=2021-11-21T15:45:32 Deadline=N/A
   SuspendTime=None SecsPreSuspend=0 LastSchedEval=2021-11-21T15:22:29
   Partition=compute AllocNode:Sid=kelvin01:30506
   ReqNodeList=(null) ExcNodeList=(null)
   NodeList=kelvin-n020
   BatchHost=kelvin-n014
   NumNodes=1 NumCPUs=24 NumTasks=16 CPUs/Task=1 ReqB:S:C:T=0:0:*:*
   TRES=cpu=24,mem=46000M,node=2,billing=24
   Socks/Node=* NtasksPerN:B:S:C=0:0:*:* CoreSpec=*
   JOB_GRES=(null)
     Nodes=kelvin-n[014,020] CPU_IDs=0-11 Mem=23000 GRES=
   MinCPUsNode=1 MinMemoryNode=23000M MinTmpDiskNode=0
   Features=(null) DelayBoot=00:00:00
   OverSubscribe=NO Contiguous=0 Licenses=(null) Network=(null)
   Command=/home/users/mschpc/2019/zuoy/HPC/NeuralNetwork/parallel/scripts/script_AllenCahn_d200_b1_n16.sh
   WorkDir=/home/users/mschpc/2019/zuoy/HPC/NeuralNetwork/parallel
   StdErr=/home/users/mschpc/2019/zuoy/HPC/NeuralNetwork/parallel/output/slurm-22595.out
   StdIn=/dev/null
   StdOut=/home/users/mschpc/2019/zuoy/HPC/NeuralNetwork/parallel/output/slurm-22595.out
   Power=
   NtasksPerTRES:0


Disk quota details:
===================

Quota Type           Name  Filesystem     Usage in MB     Limit in MB    % Used
-------------------------------------------------------------------------------
USER                 zuoy       /home             126          51,200     0.25%

GROUP              mschpc   /projects             999          51,200     1.95%
GROUP          pi-dgolden   /projects               0          51,200     0.00%


SLURM Bank Statement:
=====================

User           Usage |        Account     Usage | Account Limit Available (CPU hrs)
---------- --------- + -------------- --------- + ------------- ---------
zuoy          19,323 |   HPC_21_01207    19,323 |       100,000    80,677


Acknowledgements:
=================

Note that usage of TCHPC Resources *must* be acknowledged in all publications.

Please see this page for details relevant to this cluster:

http://www.tchpc.tcd.ie/resources/acknowledgementpolicy

################################################################################
