Parallel Mode: Master-Slave
Dimension: 100
Total time: 1
Number of time intervals: 20
Learning rate: 0.01
y_init_range: 0, 1
Number of neurons in each hidden layer of each subnet: 110, 110, 
Epochs: 1000
Batch size: 64
Sample size: 1024
Logging frequency: 100
Model name: HJBLQ_parallel_
Number of processors: 8


Training:
Epoch:100
In training set, loss: 40.9025, Y0: 4.5099

Epoch:200
In training set, loss: 35.9537, Y0: 4.52877

Epoch:300
In training set, loss: 34.2131, Y0: 4.53577

Epoch:400
In training set, loss: 33.1728, Y0: 4.53887

Epoch:500
In training set, loss: 32.3264, Y0: 4.54047

Epoch:600
In training set, loss: 31.5518, Y0: 4.54141

Epoch:700
In training set, loss: 30.8143, Y0: 4.54204

Epoch:800
In training set, loss: 30.1027, Y0: 4.54252

Epoch:900
In training set, loss: 29.4128, Y0: 4.54292

Epoch:1000
In training set, loss: 28.7426, Y0: 4.54326



###############################################################################
TCHPC Cluster: kelvin
Job 23286 (BSDE_job_4_procs) for User 'zuoy' in Account 'hpc_21_01207'
Finished at: Tue Nov 23 16:53:45 GMT 2021

Job efficiency estimates:
=========================

Job ID: 23286
Cluster: kelvin
User/Group: zuoy/zuoy
State: COMPLETED (exit code 0)
Nodes: 1
Cores per node: 12
CPU Utilized: 00:43:37
CPU Efficiency: 66.29% of 01:05:48 core-walltime
Job Wall-clock time: 00:05:29
Memory Utilized: 420.48 MB
Memory Efficiency: 1.83% of 22.46 GB

Job completion status:
======================

       JobID    JobName AllocCPUS NTasks NNodes     MaxRSS    MaxRSSNode  MaxDiskRead MaxDiskWrite    Elapsed      State ExitCode 
------------ ---------- --------- ------ ------ ---------- ------------- ------------ ------------ ---------- ---------- -------- 
23286        BSDE_job_+        12             1                                                      00:05:29  COMPLETED      0:0 
23286.batch       batch        12      1      1    430568K   kelvin-n012        0.87M        0.01M   00:05:29  COMPLETED      0:0 


Job details:
============

JobId=23286 JobName=BSDE_job_4_procs
   UserId=zuoy(1582) GroupId=zuoy(1252) MCS_label=N/A
   Priority=10928510 Nice=0 Account=hpc_21_01207 QOS=normal
   JobState=COMPLETING Reason=None Dependency=(null)
   Requeue=0 Restarts=0 BatchFlag=1 Reboot=0 ExitCode=0:0
   DerivedExitCode=0:0
   RunTime=00:05:29 TimeLimit=23:00:00 TimeMin=N/A
   SubmitTime=2021-11-23T02:15:14 EligibleTime=2021-11-23T02:15:14
   AccrueTime=2021-11-23T02:15:14
   StartTime=2021-11-23T16:48:16 EndTime=2021-11-23T16:53:45 Deadline=N/A
   SuspendTime=None SecsPreSuspend=0 LastSchedEval=2021-11-23T16:48:16
   Partition=compute AllocNode:Sid=kelvin01:730
   ReqNodeList=(null) ExcNodeList=(null)
   NodeList=
   BatchHost=kelvin-n012
   NumNodes=1 NumCPUs=12 NumTasks=8 CPUs/Task=1 ReqB:S:C:T=0:0:*:*
   TRES=cpu=12,mem=23000M,node=1,billing=12
   Socks/Node=* NtasksPerN:B:S:C=0:0:*:* CoreSpec=*
   JOB_GRES=(null)
     Nodes=kelvin-n012 CPU_IDs=0-11 Mem=23000 GRES=
   MinCPUsNode=1 MinMemoryNode=23000M MinTmpDiskNode=0
   Features=(null) DelayBoot=00:00:00
   OverSubscribe=NO Contiguous=0 Licenses=(null) Network=(null)
   Command=/home/users/mschpc/2019/zuoy/HPC/NeuralNetwork/parallel/scripts/script_HJBLQ_d100_b64_n8.sh
   WorkDir=/home/users/mschpc/2019/zuoy/HPC/NeuralNetwork/parallel
   StdErr=/home/users/mschpc/2019/zuoy/HPC/NeuralNetwork/parallel/output/slurm-23286.out
   StdIn=/dev/null
   StdOut=/home/users/mschpc/2019/zuoy/HPC/NeuralNetwork/parallel/output/slurm-23286.out
   Power=
   NtasksPerTRES:0


Disk quota details:
===================

Quota Type           Name  Filesystem     Usage in MB     Limit in MB    % Used
-------------------------------------------------------------------------------
USER                 zuoy       /home             139          51,200     0.27%

GROUP              mschpc   /projects             999          51,200     1.95%
GROUP          pi-dgolden   /projects               0          51,200     0.00%


SLURM Bank Statement:
=====================

User           Usage |        Account     Usage | Account Limit Available (CPU hrs)
---------- --------- + -------------- --------- + ------------- ---------
zuoy          27,477 |   HPC_21_01207    27,477 |       100,000    72,523


Acknowledgements:
=================

Note that usage of TCHPC Resources *must* be acknowledged in all publications.

Please see this page for details relevant to this cluster:

http://www.tchpc.tcd.ie/resources/acknowledgementpolicy

################################################################################
