Parallel Mode: Master-Slave
Dimension: 100
Total time: 0.25
Number of time intervals: 20
Learning rate: 0.0005
y_init_range: 0.25, 0.5
Number of neurons in each hidden layer of each subnet: 110, 110, 
Epochs: 4000
Batch size: 1
Sample size: 1024
Logging frequency: 100
Model name: AllenCahn_parallel_
Number of processors: 4


Training:
Epoch:100
In training set, loss: 6.24105, Y0: 0.0552738

Epoch:200
In training set, loss: 5.95425, Y0: 0.0552397

Epoch:300
In training set, loss: 5.72358, Y0: 0.0552581

Epoch:400
In training set, loss: 5.53635, Y0: 0.0552671

Epoch:500
In training set, loss: 5.38299, Y0: 0.0552688

Epoch:600
In training set, loss: 5.25616, Y0: 0.0552651

Epoch:700
In training set, loss: 5.15026, Y0: 0.0552574

Epoch:800
In training set, loss: 5.06094, Y0: 0.0552468

Epoch:900
In training set, loss: 4.98483, Y0: 0.0552341

Epoch:1000
In training set, loss: 4.91931, Y0: 0.0552199

Epoch:1100
In training set, loss: 4.86232, Y0: 0.0552047

Epoch:1200
In training set, loss: 4.81222, Y0: 0.0551889

Epoch:1300
In training set, loss: 4.76774, Y0: 0.0551727

Epoch:1400
In training set, loss: 4.72785, Y0: 0.0551564

Epoch:1500
In training set, loss: 4.69174, Y0: 0.05514

Epoch:1600
In training set, loss: 4.65873, Y0: 0.0551237

Epoch:1700
In training set, loss: 4.62831, Y0: 0.0551078

Epoch:1800
In training set, loss: 4.60004, Y0: 0.0550922

Epoch:1900
In training set, loss: 4.57357, Y0: 0.055077

Epoch:2000
In training set, loss: 4.54861, Y0: 0.0550622

Epoch:2100
In training set, loss: 4.52493, Y0: 0.055048

Epoch:2200
In training set, loss: 4.50234, Y0: 0.0550342

Epoch:2300
In training set, loss: 4.48067, Y0: 0.0550209

Epoch:2400
In training set, loss: 4.45979, Y0: 0.0550083

Epoch:2500
In training set, loss: 4.43958, Y0: 0.0549961

Epoch:2600
In training set, loss: 4.41996, Y0: 0.0549843

Epoch:2700
In training set, loss: 4.40085, Y0: 0.0549732

Epoch:2800
In training set, loss: 4.38218, Y0: 0.0549626

Epoch:2900
In training set, loss: 4.3639, Y0: 0.0549525

Epoch:3000
In training set, loss: 4.34597, Y0: 0.054943

Epoch:3100
In training set, loss: 4.32833, Y0: 0.0549339

Epoch:3200
In training set, loss: 4.31097, Y0: 0.0549254

Epoch:3300
In training set, loss: 4.29385, Y0: 0.0549173

Epoch:3400
In training set, loss: 4.27695, Y0: 0.0549097

Epoch:3500
In training set, loss: 4.26025, Y0: 0.0549025

Epoch:3600
In training set, loss: 4.24373, Y0: 0.0548958

Epoch:3700
In training set, loss: 4.22738, Y0: 0.0548895

Epoch:3800
In training set, loss: 4.21118, Y0: 0.0548835

Epoch:3900
In training set, loss: 4.19513, Y0: 0.0548781

Epoch:4000
In training set, loss: 4.1792, Y0: 0.0548729



###############################################################################
TCHPC Cluster: kelvin
Job 22818 (BSDE_job_4_procs) for User 'zuoy' in Account 'hpc_21_01207'
Finished at: Mon Nov 22 00:39:23 GMT 2021

Job efficiency estimates:
=========================

Job ID: 22818
Cluster: kelvin
User/Group: zuoy/zuoy
State: COMPLETED (exit code 0)
Nodes: 1
Cores per node: 12
CPU Utilized: 03:14:05
CPU Efficiency: 33.31% of 09:42:36 core-walltime
Job Wall-clock time: 00:48:33
Memory Utilized: 211.31 MB
Memory Efficiency: 0.92% of 22.46 GB

Job completion status:
======================

       JobID    JobName AllocCPUS NTasks NNodes     MaxRSS    MaxRSSNode  MaxDiskRead MaxDiskWrite    Elapsed      State ExitCode 
------------ ---------- --------- ------ ------ ---------- ------------- ------------ ------------ ---------- ---------- -------- 
22818        BSDE_job_+        12             1                                                      00:48:33  COMPLETED      0:0 
22818.batch       batch        12      1      1    216384K   kelvin-n013        0.86M        0.01M   00:48:33  COMPLETED      0:0 


Job details:
============

JobId=22818 JobName=BSDE_job_4_procs
   UserId=zuoy(1582) GroupId=zuoy(1252) MCS_label=N/A
   Priority=10552824 Nice=0 Account=hpc_21_01207 QOS=normal
   JobState=COMPLETING Reason=None Dependency=(null)
   Requeue=0 Restarts=0 BatchFlag=1 Reboot=0 ExitCode=0:0
   DerivedExitCode=0:0
   RunTime=00:48:33 TimeLimit=23:00:00 TimeMin=N/A
   SubmitTime=2021-11-21T21:55:37 EligibleTime=2021-11-21T21:55:37
   AccrueTime=2021-11-21T21:55:37
   StartTime=2021-11-21T23:50:50 EndTime=2021-11-22T00:39:23 Deadline=N/A
   SuspendTime=None SecsPreSuspend=0 LastSchedEval=2021-11-21T23:50:50
   Partition=compute AllocNode:Sid=kelvin01:12189
   ReqNodeList=(null) ExcNodeList=(null)
   NodeList=
   BatchHost=kelvin-n013
   NumNodes=1 NumCPUs=12 NumTasks=4 CPUs/Task=1 ReqB:S:C:T=0:0:*:*
   TRES=cpu=12,mem=23000M,node=1,billing=12
   Socks/Node=* NtasksPerN:B:S:C=0:0:*:* CoreSpec=*
   JOB_GRES=(null)
     Nodes=kelvin-n013 CPU_IDs=0-11 Mem=23000 GRES=
   MinCPUsNode=1 MinMemoryNode=23000M MinTmpDiskNode=0
   Features=(null) DelayBoot=00:00:00
   OverSubscribe=NO Contiguous=0 Licenses=(null) Network=(null)
   Command=/home/users/mschpc/2019/zuoy/HPC/NeuralNetwork/parallel/scripts/script_AllenCahn_d200_b1_n4.sh
   WorkDir=/home/users/mschpc/2019/zuoy/HPC/NeuralNetwork/parallel
   StdErr=/home/users/mschpc/2019/zuoy/HPC/NeuralNetwork/parallel/output/slurm-22818.out
   StdIn=/dev/null
   StdOut=/home/users/mschpc/2019/zuoy/HPC/NeuralNetwork/parallel/output/slurm-22818.out
   Power=
   NtasksPerTRES:0


Disk quota details:
===================

Quota Type           Name  Filesystem     Usage in MB     Limit in MB    % Used
-------------------------------------------------------------------------------
USER                 zuoy       /home             128          51,200     0.25%

GROUP              mschpc   /projects             999          51,200     1.95%
GROUP          pi-dgolden   /projects               0          51,200     0.00%


SLURM Bank Statement:
=====================

User           Usage |        Account     Usage | Account Limit Available (CPU hrs)
---------- --------- + -------------- --------- + ------------- ---------
zuoy          22,802 |   HPC_21_01207    22,802 |       100,000    77,198


Acknowledgements:
=================

Note that usage of TCHPC Resources *must* be acknowledged in all publications.

Please see this page for details relevant to this cluster:

http://www.tchpc.tcd.ie/resources/acknowledgementpolicy

################################################################################
