Parallel Mode: Master-Slave
Dimension: 300
Total time: 1
Number of time intervals: 40
Learning rate: 0.01
y_init_range: 40, 50
Number of neurons in each hidden layer of each subnet: 110, 110, 
Epochs: 1000
Batch size: 64
Sample size: 256
Logging frequency: 100
Model name: pricing_default_risk_parallel_
Number of processors: 4


Training:
Epoch:100
In training set, loss: 1981.84, Y0: 51.6615

Epoch:200
In training set, loss: 1646.48, Y0: 51.934

Epoch:300
In training set, loss: 1408.31, Y0: 51.9773

Epoch:400
In training set, loss: 1229.7, Y0: 52.012

Epoch:500
In training set, loss: 1091.65, Y0: 52.0435

Epoch:600
In training set, loss: 982.015, Y0: 52.0719

Epoch:700
In training set, loss: 892.95, Y0: 52.0975

Epoch:800
In training set, loss: 819.073, Y0: 52.1208

Epoch:900
In training set, loss: 756.702, Y0: 52.1419

Epoch:1000
In training set, loss: 703.224, Y0: 52.1612



###############################################################################
TCHPC Cluster: kelvin
Job 23658 (BSDE_job_4_procs) for User 'zuoy' in Account 'hpc_21_01207'
Finished at: Thu Nov 25 08:42:11 GMT 2021

Job efficiency estimates:
=========================

Job ID: 23658
Cluster: kelvin
User/Group: zuoy/zuoy
State: COMPLETED (exit code 0)
Nodes: 1
Cores per node: 12
CPU Utilized: 01:08:06
CPU Efficiency: 33.22% of 03:25:00 core-walltime
Job Wall-clock time: 00:17:05
Memory Utilized: 354.13 MB
Memory Efficiency: 1.54% of 22.46 GB

Job completion status:
======================

       JobID    JobName AllocCPUS NTasks NNodes     MaxRSS    MaxRSSNode  MaxDiskRead MaxDiskWrite    Elapsed      State ExitCode 
------------ ---------- --------- ------ ------ ---------- ------------- ------------ ------------ ---------- ---------- -------- 
23658        BSDE_job_+        12             1                                                      00:17:05  COMPLETED      0:0 
23658.batch       batch        12      1      1    362632K   kelvin-n056        0.86M        0.01M   00:17:05  COMPLETED      0:0 


Job details:
============

JobId=23658 JobName=BSDE_job_4_procs
   UserId=zuoy(1582) GroupId=zuoy(1252) MCS_label=N/A
   Priority=11167631 Nice=0 Account=hpc_21_01207 QOS=normal
   JobState=COMPLETING Reason=None Dependency=(null)
   Requeue=0 Restarts=0 BatchFlag=1 Reboot=0 ExitCode=0:0
   DerivedExitCode=0:0
   RunTime=00:17:05 TimeLimit=23:00:00 TimeMin=N/A
   SubmitTime=2021-11-24T09:50:10 EligibleTime=2021-11-24T09:50:10
   AccrueTime=2021-11-24T09:50:10
   StartTime=2021-11-25T08:25:06 EndTime=2021-11-25T08:42:11 Deadline=N/A
   SuspendTime=None SecsPreSuspend=0 LastSchedEval=2021-11-25T08:25:06
   Partition=compute AllocNode:Sid=kelvin01:18898
   ReqNodeList=(null) ExcNodeList=(null)
   NodeList=
   BatchHost=kelvin-n056
   NumNodes=1 NumCPUs=12 NumTasks=4 CPUs/Task=1 ReqB:S:C:T=0:0:*:*
   TRES=cpu=12,mem=23000M,node=1,billing=12
   Socks/Node=* NtasksPerN:B:S:C=0:0:*:* CoreSpec=*
   JOB_GRES=(null)
     Nodes=kelvin-n056 CPU_IDs=0-11 Mem=23000 GRES=
   MinCPUsNode=1 MinMemoryNode=23000M MinTmpDiskNode=0
   Features=(null) DelayBoot=00:00:00
   OverSubscribe=NO Contiguous=0 Licenses=(null) Network=(null)
   Command=/home/users/mschpc/2019/zuoy/HPC/NeuralNetwork/parallel/scripts/script_PricingDefaultRisk_d300_b64_n4.sh
   WorkDir=/home/users/mschpc/2019/zuoy/HPC/NeuralNetwork/parallel
   StdErr=/home/users/mschpc/2019/zuoy/HPC/NeuralNetwork/parallel/output/slurm-23658.out
   StdIn=/dev/null
   StdOut=/home/users/mschpc/2019/zuoy/HPC/NeuralNetwork/parallel/output/slurm-23658.out
   Power=
   NtasksPerTRES:0


Disk quota details:
===================

Quota Type           Name  Filesystem     Usage in MB     Limit in MB    % Used
-------------------------------------------------------------------------------
USER                 zuoy       /home             140          51,200     0.28%

GROUP              mschpc   /projects             999          51,200     1.95%
GROUP          pi-dgolden   /projects               0          51,200     0.00%


SLURM Bank Statement:
=====================

User           Usage |        Account     Usage | Account Limit Available (CPU hrs)
---------- --------- + -------------- --------- + ------------- ---------
zuoy          27,966 |   HPC_21_01207    27,966 |       100,000    72,034


Acknowledgements:
=================

Note that usage of TCHPC Resources *must* be acknowledged in all publications.

Please see this page for details relevant to this cluster:

http://www.tchpc.tcd.ie/resources/acknowledgementpolicy

################################################################################
