Parallel Mode: Ring-Allreduce
Dimension: 300
Total time: 1
Number of time intervals: 20
Learning rate: 0.01
y_init_range: 0, 1
Number of neurons in each hidden layer of each subnet: 110, 110, 
Epochs: 1000
Batch size: 64
Sample size: 1024
Logging frequency: 100
Model name: HJBLQ_parallel_
Number of processors: 8


Training:
Epoch:100
In training set, loss: 24.1206, Y0: 5.58284

Epoch:200
In training set, loss: 11.1837, Y0: 5.63901

Epoch:300
In training set, loss: 7.86295, Y0: 5.66037

Epoch:400
In training set, loss: 6.66582, Y0: 5.67033

Epoch:500
In training set, loss: 6.13411, Y0: 5.6756

Epoch:600
In training set, loss: 5.86097, Y0: 5.67863

Epoch:700
In training set, loss: 5.70331, Y0: 5.6805

Epoch:800
In training set, loss: 5.60221, Y0: 5.6817

Epoch:900
In training set, loss: 5.53062, Y0: 5.68251

Epoch:1000
In training set, loss: 5.4751, Y0: 5.68307



###############################################################################
TCHPC Cluster: kelvin
Job 23902 (BSDE_job_4_procs) for User 'zuoy' in Account 'hpc_21_01207'
Finished at: Thu Nov 25 12:02:30 GMT 2021

Job efficiency estimates:
=========================

Job ID: 23902
Cluster: kelvin
User/Group: zuoy/zuoy
State: COMPLETED (exit code 0)
Nodes: 1
Cores per node: 12
CPU Utilized: 01:46:15
CPU Efficiency: 66.57% of 02:39:36 core-walltime
Job Wall-clock time: 00:13:18
Memory Utilized: 755.78 MB
Memory Efficiency: 3.29% of 22.46 GB

Job completion status:
======================

       JobID    JobName AllocCPUS NTasks NNodes     MaxRSS    MaxRSSNode  MaxDiskRead MaxDiskWrite    Elapsed      State ExitCode 
------------ ---------- --------- ------ ------ ---------- ------------- ------------ ------------ ---------- ---------- -------- 
23902        BSDE_job_+        12             1                                                      00:13:18  COMPLETED      0:0 
23902.batch       batch        12      1      1    773920K   kelvin-n056        0.86M        0.01M   00:13:18  COMPLETED      0:0 


Job details:
============

JobId=23902 JobName=BSDE_job_4_procs
   UserId=zuoy(1582) GroupId=zuoy(1252) MCS_label=N/A
   Priority=10559603 Nice=0 Account=hpc_21_01207 QOS=normal
   JobState=COMPLETING Reason=None Dependency=(null)
   Requeue=0 Restarts=0 BatchFlag=1 Reboot=0 ExitCode=0:0
   DerivedExitCode=0:0
   RunTime=00:13:18 TimeLimit=23:00:00 TimeMin=N/A
   SubmitTime=2021-11-25T09:39:57 EligibleTime=2021-11-25T09:39:57
   AccrueTime=2021-11-25T09:39:57
   StartTime=2021-11-25T11:49:12 EndTime=2021-11-25T12:02:30 Deadline=N/A
   SuspendTime=None SecsPreSuspend=0 LastSchedEval=2021-11-25T11:49:12
   Partition=compute AllocNode:Sid=kelvin01:29874
   ReqNodeList=(null) ExcNodeList=(null)
   NodeList=
   BatchHost=kelvin-n056
   NumNodes=1 NumCPUs=12 NumTasks=8 CPUs/Task=1 ReqB:S:C:T=0:0:*:*
   TRES=cpu=12,mem=23000M,node=1,billing=12
   Socks/Node=* NtasksPerN:B:S:C=0:0:*:* CoreSpec=*
   JOB_GRES=(null)
     Nodes=kelvin-n056 CPU_IDs=0-11 Mem=23000 GRES=
   MinCPUsNode=1 MinMemoryNode=23000M MinTmpDiskNode=0
   Features=(null) DelayBoot=00:00:00
   OverSubscribe=NO Contiguous=0 Licenses=(null) Network=(null)
   Command=/home/users/mschpc/2019/zuoy/HPC/NeuralNetwork/parallel/scripts/script_HJBLQ_d300_b64_n8.sh
   WorkDir=/home/users/mschpc/2019/zuoy/HPC/NeuralNetwork/parallel
   StdErr=/home/users/mschpc/2019/zuoy/HPC/NeuralNetwork/parallel/output/slurm-23902.out
   StdIn=/dev/null
   StdOut=/home/users/mschpc/2019/zuoy/HPC/NeuralNetwork/parallel/output/slurm-23902.out
   Power=
   NtasksPerTRES:0


Disk quota details:
===================

Quota Type           Name  Filesystem     Usage in MB     Limit in MB    % Used
-------------------------------------------------------------------------------
USER                 zuoy       /home             146          51,200     0.29%

GROUP              mschpc   /projects             999          51,200     1.95%
GROUP          pi-dgolden   /projects               0          51,200     0.00%


SLURM Bank Statement:
=====================

User           Usage |        Account     Usage | Account Limit Available (CPU hrs)
---------- --------- + -------------- --------- + ------------- ---------
zuoy          28,311 |   HPC_21_01207    28,311 |       100,000    71,689


Acknowledgements:
=================

Note that usage of TCHPC Resources *must* be acknowledged in all publications.

Please see this page for details relevant to this cluster:

http://www.tchpc.tcd.ie/resources/acknowledgementpolicy

################################################################################
