Parallel Mode: Ring-Allreduce
Dimension: 100
Total time: 0.2
Number of time intervals: 20
Learning rate: 0.0005
y_init_range: 0.2, 0.5
Number of neurons in each hidden layer of each subnet: 110, 110, 
Epochs: 4000
Batch size: 1
Sample size: 1024
Logging frequency: 100
Model name: AllenCahn_parallel_
Number of processors: 4


Training:
Epoch:100
In training set, loss: 5.26384, Y0: 0.0685758

Epoch:200
In training set, loss: 5.01354, Y0: 0.068412

Epoch:300
In training set, loss: 4.80756, Y0: 0.0682789

Epoch:400
In training set, loss: 4.63694, Y0: 0.068156

Epoch:500
In training set, loss: 4.49465, Y0: 0.0680427

Epoch:600
In training set, loss: 4.37519, Y0: 0.0679388

Epoch:700
In training set, loss: 4.27419, Y0: 0.0678436

Epoch:800
In training set, loss: 4.1882, Y0: 0.0677566

Epoch:900
In training set, loss: 4.11445, Y0: 0.0676772

Epoch:1000
In training set, loss: 4.05074, Y0: 0.0676047

Epoch:1100
In training set, loss: 3.99529, Y0: 0.0675387

Epoch:1200
In training set, loss: 3.94669, Y0: 0.0674784

Epoch:1300
In training set, loss: 3.90376, Y0: 0.0674237

Epoch:1400
In training set, loss: 3.86556, Y0: 0.0673738

Epoch:1500
In training set, loss: 3.83132, Y0: 0.0673285

Epoch:1600
In training set, loss: 3.80041, Y0: 0.0672873

Epoch:1700
In training set, loss: 3.77232, Y0: 0.0672499

Epoch:1800
In training set, loss: 3.7466, Y0: 0.0672158

Epoch:1900
In training set, loss: 3.7229, Y0: 0.0671849

Epoch:2000
In training set, loss: 3.70093, Y0: 0.0671566

Epoch:2100
In training set, loss: 3.68044, Y0: 0.0671311

Epoch:2200
In training set, loss: 3.66121, Y0: 0.0671078

Epoch:2300
In training set, loss: 3.64308, Y0: 0.0670866

Epoch:2400
In training set, loss: 3.6259, Y0: 0.0670673

Epoch:2500
In training set, loss: 3.60953, Y0: 0.0670498

Epoch:2600
In training set, loss: 3.59387, Y0: 0.0670339

Epoch:2700
In training set, loss: 3.57883, Y0: 0.0670195

Epoch:2800
In training set, loss: 3.56434, Y0: 0.0670064

Epoch:2900
In training set, loss: 3.55033, Y0: 0.0669944

Epoch:3000
In training set, loss: 3.53674, Y0: 0.0669835

Epoch:3100
In training set, loss: 3.52353, Y0: 0.0669736

Epoch:3200
In training set, loss: 3.51064, Y0: 0.0669646

Epoch:3300
In training set, loss: 3.49805, Y0: 0.0669565

Epoch:3400
In training set, loss: 3.48572, Y0: 0.0669489

Epoch:3500
In training set, loss: 3.47363, Y0: 0.0669421

Epoch:3600
In training set, loss: 3.46175, Y0: 0.0669358

Epoch:3700
In training set, loss: 3.45006, Y0: 0.0669303

Epoch:3800
In training set, loss: 3.43855, Y0: 0.066925

Epoch:3900
In training set, loss: 3.42718, Y0: 0.0669204

Epoch:4000
In training set, loss: 3.41597, Y0: 0.066916



###############################################################################
TCHPC Cluster: kelvin
Job 22419 (BSDE_job_4_procs) for User 'zuoy' in Account 'hpc_21_01207'
Finished at: Sun Nov 21 06:44:51 GMT 2021

Job efficiency estimates:
=========================

Job ID: 22419
Cluster: kelvin
User/Group: zuoy/zuoy
State: COMPLETED (exit code 0)
Nodes: 1
Cores per node: 12
CPU Utilized: 03:13:27
CPU Efficiency: 33.32% of 09:40:36 core-walltime
Job Wall-clock time: 00:48:23
Memory Utilized: 212.98 MB
Memory Efficiency: 0.93% of 22.46 GB

Job completion status:
======================

       JobID    JobName AllocCPUS NTasks NNodes     MaxRSS    MaxRSSNode  MaxDiskRead MaxDiskWrite    Elapsed      State ExitCode 
------------ ---------- --------- ------ ------ ---------- ------------- ------------ ------------ ---------- ---------- -------- 
22419        BSDE_job_+        12             1                                                      00:48:23  COMPLETED      0:0 
22419.batch       batch        12      1      1    218092K   kelvin-n059        0.86M        0.01M   00:48:23  COMPLETED      0:0 


Job details:
============

JobId=22419 JobName=BSDE_job_4_procs
   UserId=zuoy(1582) GroupId=zuoy(1252) MCS_label=N/A
   Priority=11071801 Nice=0 Account=hpc_21_01207 QOS=normal
   JobState=COMPLETING Reason=None Dependency=(null)
   Requeue=0 Restarts=0 BatchFlag=1 Reboot=0 ExitCode=0:0
   DerivedExitCode=0:0
   RunTime=00:48:23 TimeLimit=23:00:00 TimeMin=N/A
   SubmitTime=2021-11-21T03:11:17 EligibleTime=2021-11-21T03:11:17
   AccrueTime=2021-11-21T03:11:17
   StartTime=2021-11-21T05:56:28 EndTime=2021-11-21T06:44:51 Deadline=N/A
   SuspendTime=None SecsPreSuspend=0 LastSchedEval=2021-11-21T05:56:28
   Partition=compute AllocNode:Sid=kelvin01:16943
   ReqNodeList=(null) ExcNodeList=(null)
   NodeList=
   BatchHost=kelvin-n059
   NumNodes=1 NumCPUs=12 NumTasks=4 CPUs/Task=1 ReqB:S:C:T=0:0:*:*
   TRES=cpu=12,mem=23000M,node=1,billing=12
   Socks/Node=* NtasksPerN:B:S:C=0:0:*:* CoreSpec=*
   JOB_GRES=(null)
     Nodes=kelvin-n059 CPU_IDs=0-11 Mem=23000 GRES=
   MinCPUsNode=1 MinMemoryNode=23000M MinTmpDiskNode=0
   Features=(null) DelayBoot=00:00:00
   OverSubscribe=NO Contiguous=0 Licenses=(null) Network=(null)
   Command=/home/users/mschpc/2019/zuoy/HPC/NeuralNetwork/parallel/scripts/script_AllenCahn_d300_b1_n4.sh
   WorkDir=/home/users/mschpc/2019/zuoy/HPC/NeuralNetwork/parallel
   StdErr=/home/users/mschpc/2019/zuoy/HPC/NeuralNetwork/parallel/output/slurm-22419.out
   StdIn=/dev/null
   StdOut=/home/users/mschpc/2019/zuoy/HPC/NeuralNetwork/parallel/output/slurm-22419.out
   Power=
   NtasksPerTRES:0


Disk quota details:
===================

Quota Type           Name  Filesystem     Usage in MB     Limit in MB    % Used
-------------------------------------------------------------------------------
USER                 zuoy       /home             120          51,200     0.23%

GROUP              mschpc   /projects             999          51,200     1.95%
GROUP          pi-dgolden   /projects               0          51,200     0.00%


SLURM Bank Statement:
=====================

User           Usage |        Account     Usage | Account Limit Available (CPU hrs)
---------- --------- + -------------- --------- + ------------- ---------
zuoy          16,657 |   HPC_21_01207    16,657 |       100,000    83,343


Acknowledgements:
=================

Note that usage of TCHPC Resources *must* be acknowledged in all publications.

Please see this page for details relevant to this cluster:

http://www.tchpc.tcd.ie/resources/acknowledgementpolicy

################################################################################
