Parallel Mode: Master-Slave
Dimension: 500
Total time: 1
Number of time intervals: 40
Learning rate: 0.01
y_init_range: 40, 50
Number of neurons in each hidden layer of each subnet: 110, 110, 
Epochs: 1000
Batch size: 64
Sample size: 256
Logging frequency: 100
Model name: pricing_default_risk_parallel_
Number of processors: 32


Training:
Epoch:100
In training set, loss: 12502.8, Y0: 41.2175

Epoch:200
In training set, loss: 9873.39, Y0: 42.2732

Epoch:300
In training set, loss: 7891.63, Y0: 43.1889

Epoch:400
In training set, loss: 6395.91, Y0: 43.9832

Epoch:500
In training set, loss: 5265.62, Y0: 44.6724

Epoch:600
In training set, loss: 4410.2, Y0: 45.2703

Epoch:700
In training set, loss: 3763.4, Y0: 45.7894

Epoch:800
In training set, loss: 3277.47, Y0: 46.2407

Epoch:900
In training set, loss: 2910.77, Y0: 46.6341

Epoch:1000
In training set, loss: 2631.51, Y0: 46.9776



###############################################################################
TCHPC Cluster: kelvin
Job 22902 (BSDE_job_4_procs) for User 'zuoy' in Account 'hpc_21_01207'
Finished at: Mon Nov 22 02:14:45 GMT 2021

Job efficiency estimates:
=========================

Job ID: 22902
Cluster: kelvin
User/Group: zuoy/zuoy
State: COMPLETED (exit code 0)
Nodes: 3
Cores per node: 12
CPU Utilized: 02:44:47
CPU Efficiency: 30.15% of 09:06:36 core-walltime
Job Wall-clock time: 00:15:11
Memory Utilized: 1.41 GB
Memory Efficiency: 2.09% of 67.38 GB

Job completion status:
======================

       JobID    JobName AllocCPUS NTasks NNodes     MaxRSS    MaxRSSNode  MaxDiskRead MaxDiskWrite    Elapsed      State ExitCode 
------------ ---------- --------- ------ ------ ---------- ------------- ------------ ------------ ---------- ---------- -------- 
22902        BSDE_job_+        36             3                                                      00:15:11  COMPLETED      0:0 
22902.batch       batch        12      1      1   1474476K   kelvin-n044        0.86M        0.01M   00:15:11  COMPLETED      0:0 
22902.0           orted        24      2      2                                                      00:15:09  COMPLETED      0:0 


Job details:
============

JobId=22902 JobName=BSDE_job_4_procs
   UserId=zuoy(1582) GroupId=zuoy(1252) MCS_label=N/A
   Priority=10606762 Nice=0 Account=hpc_21_01207 QOS=normal
   JobState=COMPLETING Reason=None Dependency=(null)
   Requeue=0 Restarts=0 BatchFlag=1 Reboot=0 ExitCode=0:0
   DerivedExitCode=0:0
   RunTime=00:15:11 TimeLimit=23:00:00 TimeMin=N/A
   SubmitTime=2021-11-21T22:17:15 EligibleTime=2021-11-21T22:17:15
   AccrueTime=2021-11-21T22:17:15
   StartTime=2021-11-22T01:59:34 EndTime=2021-11-22T02:14:45 Deadline=N/A
   SuspendTime=None SecsPreSuspend=0 LastSchedEval=2021-11-22T01:59:34
   Partition=compute AllocNode:Sid=kelvin01:12189
   ReqNodeList=(null) ExcNodeList=(null)
   NodeList=kelvin-n[045-046]
   BatchHost=kelvin-n044
   NumNodes=2 NumCPUs=36 NumTasks=32 CPUs/Task=1 ReqB:S:C:T=0:0:*:*
   TRES=cpu=36,mem=69000M,node=3,billing=36
   Socks/Node=* NtasksPerN:B:S:C=0:0:*:* CoreSpec=*
   JOB_GRES=(null)
     Nodes=kelvin-n[044-046] CPU_IDs=0-11 Mem=23000 GRES=
   MinCPUsNode=1 MinMemoryNode=23000M MinTmpDiskNode=0
   Features=(null) DelayBoot=00:00:00
   OverSubscribe=NO Contiguous=0 Licenses=(null) Network=(null)
   Command=/home/users/mschpc/2019/zuoy/HPC/NeuralNetwork/parallel/scripts/script_PricingDefaultRisk_d500_b64_n32.sh
   WorkDir=/home/users/mschpc/2019/zuoy/HPC/NeuralNetwork/parallel
   StdErr=/home/users/mschpc/2019/zuoy/HPC/NeuralNetwork/parallel/output/slurm-22902.out
   StdIn=/dev/null
   StdOut=/home/users/mschpc/2019/zuoy/HPC/NeuralNetwork/parallel/output/slurm-22902.out
   Power=
   NtasksPerTRES:0


Disk quota details:
===================

Quota Type           Name  Filesystem     Usage in MB     Limit in MB    % Used
-------------------------------------------------------------------------------
USER                 zuoy       /home             131          51,200     0.26%

GROUP              mschpc   /projects             999          51,200     1.95%
GROUP          pi-dgolden   /projects               0          51,200     0.00%


SLURM Bank Statement:
=====================

User           Usage |        Account     Usage | Account Limit Available (CPU hrs)
---------- --------- + -------------- --------- + ------------- ---------
zuoy          23,605 |   HPC_21_01207    23,605 |       100,000    76,395


Acknowledgements:
=================

Note that usage of TCHPC Resources *must* be acknowledged in all publications.

Please see this page for details relevant to this cluster:

http://www.tchpc.tcd.ie/resources/acknowledgementpolicy

################################################################################
