Parallel Mode: Master-Slave
Dimension: 300
Total time: 1
Number of time intervals: 40
Learning rate: 0.01
y_init_range: 40, 50
Number of neurons in each hidden layer of each subnet: 110, 110, 
Epochs: 1000
Batch size: 1
Sample size: 256
Logging frequency: 100
Model name: pricing_default_risk_parallel_
Number of processors: 128


Training:
Epoch:100
In training set, loss: 2352.5, Y0: 50.3183

Epoch:200
In training set, loss: 1858.18, Y0: 51.7329

Epoch:300
In training set, loss: 1691.36, Y0: 51.9696

Epoch:400
In training set, loss: 1555.57, Y0: 52.0309

Epoch:500
In training set, loss: 1439.74, Y0: 52.0643

Epoch:600
In training set, loss: 1339.79, Y0: 52.0918

Epoch:700
In training set, loss: 1252.84, Y0: 52.1168

Epoch:800
In training set, loss: 1176.8, Y0: 52.1398

Epoch:900
In training set, loss: 1109.64, Y0: 52.161

Epoch:1000
In training set, loss: 1050.11, Y0: 52.1806



###############################################################################
TCHPC Cluster: kelvin
Job 23091 (BSDE_job_4_procs) for User 'zuoy' in Account 'hpc_21_01207'
Finished at: Mon Nov 22 12:05:59 GMT 2021

Job efficiency estimates:
=========================

Job ID: 23091
Cluster: kelvin
User/Group: zuoy/zuoy
State: COMPLETED (exit code 0)
Nodes: 11
Cores per node: 12
CPU Utilized: 08:35:15
CPU Efficiency: 9.03% of 3-23:09:00 core-walltime
Job Wall-clock time: 00:43:15
Memory Utilized: 1.51 GB
Memory Efficiency: 0.61% of 247.07 GB

Job completion status:
======================

       JobID    JobName AllocCPUS NTasks NNodes     MaxRSS    MaxRSSNode  MaxDiskRead MaxDiskWrite    Elapsed      State ExitCode 
------------ ---------- --------- ------ ------ ---------- ------------- ------------ ------------ ---------- ---------- -------- 
23091        BSDE_job_+       132            11                                                      00:43:15  COMPLETED      0:0 
23091.batch       batch        12      1      1   1582868K   kelvin-n021        0.86M        0.01M   00:43:15  COMPLETED      0:0 
23091.0           orted       120     10     10                                                      00:43:14  COMPLETED      0:0 


Job details:
============

JobId=23091 JobName=BSDE_job_4_procs
   UserId=zuoy(1582) GroupId=zuoy(1252) MCS_label=N/A
   Priority=10501368 Nice=0 Account=hpc_21_01207 QOS=normal
   JobState=COMPLETING Reason=None Dependency=(null)
   Requeue=0 Restarts=0 BatchFlag=1 Reboot=0 ExitCode=0:0
   DerivedExitCode=0:0
   RunTime=00:43:15 TimeLimit=23:00:00 TimeMin=N/A
   SubmitTime=2021-11-22T11:22:44 EligibleTime=2021-11-22T11:22:44
   AccrueTime=2021-11-22T11:22:44
   StartTime=2021-11-22T11:22:44 EndTime=2021-11-22T12:05:59 Deadline=N/A
   SuspendTime=None SecsPreSuspend=0 LastSchedEval=2021-11-22T11:22:44
   Partition=compute AllocNode:Sid=kelvin01:10133
   ReqNodeList=(null) ExcNodeList=(null)
   NodeList=kelvin-n[022-023,052,055,057-058,066,068-070]
   BatchHost=kelvin-n021
   NumNodes=10 NumCPUs=132 NumTasks=128 CPUs/Task=1 ReqB:S:C:T=0:0:*:*
   TRES=cpu=132,mem=253000M,node=11,billing=132
   Socks/Node=* NtasksPerN:B:S:C=0:0:*:* CoreSpec=*
   JOB_GRES=(null)
     Nodes=kelvin-n[021-023,052,055,057-058,066,068-070] CPU_IDs=0-11 Mem=23000 GRES=
   MinCPUsNode=1 MinMemoryNode=23000M MinTmpDiskNode=0
   Features=(null) DelayBoot=00:00:00
   OverSubscribe=NO Contiguous=0 Licenses=(null) Network=(null)
   Command=/home/users/mschpc/2019/zuoy/HPC/NeuralNetwork/parallel/scripts/script_PricingDefaultRisk_d300_b1_n128.sh
   WorkDir=/home/users/mschpc/2019/zuoy/HPC/NeuralNetwork/parallel
   StdErr=/home/users/mschpc/2019/zuoy/HPC/NeuralNetwork/parallel/output/slurm-23091.out
   StdIn=/dev/null
   StdOut=/home/users/mschpc/2019/zuoy/HPC/NeuralNetwork/parallel/output/slurm-23091.out
   Power=
   NtasksPerTRES:0


Disk quota details:
===================

Quota Type           Name  Filesystem     Usage in MB     Limit in MB    % Used
-------------------------------------------------------------------------------
USER                 zuoy       /home             133          51,200     0.26%

GROUP              mschpc   /projects             999          51,200     1.95%
GROUP          pi-dgolden   /projects               0          51,200     0.00%


SLURM Bank Statement:
=====================

User           Usage |        Account     Usage | Account Limit Available (CPU hrs)
---------- --------- + -------------- --------- + ------------- ---------
zuoy          27,716 |   HPC_21_01207    27,716 |       100,000    72,284


Acknowledgements:
=================

Note that usage of TCHPC Resources *must* be acknowledged in all publications.

Please see this page for details relevant to this cluster:

http://www.tchpc.tcd.ie/resources/acknowledgementpolicy

################################################################################
