Parallel Mode: Master-Slave
Dimension: 300
Total time: 1
Number of time intervals: 40
Learning rate: 0.01
y_init_range: 40, 50
Number of neurons in each hidden layer of each subnet: 110, 110, 
Epochs: 1000
Batch size: 64
Sample size: 256
Logging frequency: 100
Model name: pricing_default_risk_parallel_
Number of processors: 32


Training:
Epoch:100
In training set, loss: 1814.14, Y0: 51.5979

Epoch:200
In training set, loss: 1531.67, Y0: 51.9025

Epoch:300
In training set, loss: 1326.17, Y0: 51.9738

Epoch:400
In training set, loss: 1167.99, Y0: 52.0309

Epoch:500
In training set, loss: 1042.89, Y0: 52.08

Epoch:600
In training set, loss: 941.83, Y0: 52.1227

Epoch:700
In training set, loss: 858.51, Y0: 52.1598

Epoch:800
In training set, loss: 788.467, Y0: 52.1922

Epoch:900
In training set, loss: 728.702, Y0: 52.2208

Epoch:1000
In training set, loss: 677.044, Y0: 52.2463



###############################################################################
TCHPC Cluster: kelvin
Job 23559 (BSDE_job_4_procs) for User 'zuoy' in Account 'hpc_21_01207'
Finished at: Wed Nov 24 08:59:42 GMT 2021

Job efficiency estimates:
=========================

Job ID: 23559
Cluster: kelvin
User/Group: zuoy/zuoy
State: RUNNING
Nodes: 3
Cores per node: 12
CPU Utilized: 01:39:27
CPU Efficiency: 30.19% of 05:29:24 core-walltime
Job Wall-clock time: 00:09:09
Memory Utilized: 981.54 MB
Memory Efficiency: 1.42% of 67.38 GB
WARNING: Efficiency statistics may be misleading for RUNNING jobs.

Job completion status:
======================

       JobID    JobName AllocCPUS NTasks NNodes     MaxRSS    MaxRSSNode  MaxDiskRead MaxDiskWrite    Elapsed      State ExitCode 
------------ ---------- --------- ------ ------ ---------- ------------- ------------ ------------ ---------- ---------- -------- 
23559        BSDE_job_+        36             3                                                      00:09:09  COMPLETED      0:0 
23559.batch       batch        12      1      1   1005100K   kelvin-n040        0.86M        0.01M   00:09:09  COMPLETED      0:0 
23559.0           orted        24      2      2                                                      00:09:08  COMPLETED      0:0 


Job details:
============

JobId=23559 JobName=BSDE_job_4_procs
   UserId=zuoy(1582) GroupId=zuoy(1252) MCS_label=N/A
   Priority=10963285 Nice=0 Account=hpc_21_01207 QOS=normal
   JobState=COMPLETING Reason=None Dependency=(null)
   Requeue=0 Restarts=0 BatchFlag=1 Reboot=0 ExitCode=0:0
   DerivedExitCode=0:0
   RunTime=00:09:09 TimeLimit=23:00:00 TimeMin=N/A
   SubmitTime=2021-11-23T17:09:30 EligibleTime=2021-11-23T17:09:30
   AccrueTime=2021-11-23T17:09:30
   StartTime=2021-11-24T08:50:33 EndTime=2021-11-24T08:59:42 Deadline=N/A
   SuspendTime=None SecsPreSuspend=0 LastSchedEval=2021-11-24T08:50:33
   Partition=compute AllocNode:Sid=kelvin01:24748
   ReqNodeList=(null) ExcNodeList=(null)
   NodeList=kelvin-n[043,045]
   BatchHost=kelvin-n040
   NumNodes=2 NumCPUs=36 NumTasks=32 CPUs/Task=1 ReqB:S:C:T=0:0:*:*
   TRES=cpu=36,mem=69000M,node=3,billing=36
   Socks/Node=* NtasksPerN:B:S:C=0:0:*:* CoreSpec=*
   JOB_GRES=(null)
     Nodes=kelvin-n[040,043,045] CPU_IDs=0-11 Mem=23000 GRES=
   MinCPUsNode=1 MinMemoryNode=23000M MinTmpDiskNode=0
   Features=(null) DelayBoot=00:00:00
   OverSubscribe=NO Contiguous=0 Licenses=(null) Network=(null)
   Command=/home/users/mschpc/2019/zuoy/HPC/NeuralNetwork/parallel/scripts/script_PricingDefaultRisk_d300_b64_n32.sh
   WorkDir=/home/users/mschpc/2019/zuoy/HPC/NeuralNetwork/parallel
   StdErr=/home/users/mschpc/2019/zuoy/HPC/NeuralNetwork/parallel/output/slurm-23559.out
   StdIn=/dev/null
   StdOut=/home/users/mschpc/2019/zuoy/HPC/NeuralNetwork/parallel/output/slurm-23559.out
   Power=
   NtasksPerTRES:0


Disk quota details:
===================

Quota Type           Name  Filesystem     Usage in MB     Limit in MB    % Used
-------------------------------------------------------------------------------
USER                 zuoy       /home             140          51,200     0.27%

GROUP              mschpc   /projects             999          51,200     1.95%
GROUP          pi-dgolden   /projects               0          51,200     0.00%


SLURM Bank Statement:
=====================

User           Usage |        Account     Usage | Account Limit Available (CPU hrs)
---------- --------- + -------------- --------- + ------------- ---------
zuoy          28,979 |   HPC_21_01207    28,979 |       100,000    71,021


Acknowledgements:
=================

Note that usage of TCHPC Resources *must* be acknowledged in all publications.

Please see this page for details relevant to this cluster:

http://www.tchpc.tcd.ie/resources/acknowledgementpolicy

################################################################################
