Parallel Mode: Master-Slave
Dimension: 400
Total time: 1
Number of time intervals: 40
Learning rate: 0.01
y_init_range: 40, 50
Number of neurons in each hidden layer of each subnet: 110, 110, 
Epochs: 1000
Batch size: 1
Sample size: 256
Logging frequency: 100
Model name: pricing_default_risk_parallel_
Number of processors: 32


Training:
Epoch:100
In training set, loss: 1243.75, Y0: 50.8731

Epoch:200
In training set, loss: 860.842, Y0: 50.9533

Epoch:300
In training set, loss: 651.241, Y0: 51.0007

Epoch:400
In training set, loss: 520.669, Y0: 51.0287

Epoch:500
In training set, loss: 431.372, Y0: 51.044

Epoch:600
In training set, loss: 366.196, Y0: 51.0514

Epoch:700
In training set, loss: 316.314, Y0: 51.0537

Epoch:800
In training set, loss: 276.85, Y0: 51.0528

Epoch:900
In training set, loss: 244.782, Y0: 51.0498

Epoch:1000
In training set, loss: 218.172, Y0: 51.0454



###############################################################################
TCHPC Cluster: kelvin
Job 22871 (BSDE_job_4_procs) for User 'zuoy' in Account 'hpc_21_01207'
Finished at: Mon Nov 22 02:08:31 GMT 2021

Job efficiency estimates:
=========================

Job ID: 22871
Cluster: kelvin
User/Group: zuoy/zuoy
State: COMPLETED (exit code 0)
Nodes: 3
Cores per node: 12
CPU Utilized: 02:38:33
CPU Efficiency: 30.10% of 08:46:48 core-walltime
Job Wall-clock time: 00:14:38
Memory Utilized: 1.20 GB
Memory Efficiency: 1.79% of 67.38 GB

Job completion status:
======================

       JobID    JobName AllocCPUS NTasks NNodes     MaxRSS    MaxRSSNode  MaxDiskRead MaxDiskWrite    Elapsed      State ExitCode 
------------ ---------- --------- ------ ------ ---------- ------------- ------------ ------------ ---------- ---------- -------- 
22871        BSDE_job_+        36             3                                                      00:14:38  COMPLETED      0:0 
22871.batch       batch        12      1      1   1262224K   kelvin-n048        0.86M        0.01M   00:14:38  COMPLETED      0:0 
22871.0           orted        24      2      2                                                      00:14:37  COMPLETED      0:0 


Job details:
============

JobId=22871 JobName=BSDE_job_4_procs
   UserId=zuoy(1582) GroupId=zuoy(1252) MCS_label=N/A
   Priority=10604282 Nice=0 Account=hpc_21_01207 QOS=normal
   JobState=COMPLETING Reason=None Dependency=(null)
   Requeue=0 Restarts=0 BatchFlag=1 Reboot=0 ExitCode=0:0
   DerivedExitCode=0:0
   RunTime=00:14:38 TimeLimit=23:00:00 TimeMin=N/A
   SubmitTime=2021-11-21T22:17:15 EligibleTime=2021-11-21T22:17:15
   AccrueTime=2021-11-21T22:17:15
   StartTime=2021-11-22T01:53:53 EndTime=2021-11-22T02:08:31 Deadline=N/A
   SuspendTime=None SecsPreSuspend=0 LastSchedEval=2021-11-22T01:53:53
   Partition=compute AllocNode:Sid=kelvin01:12189
   ReqNodeList=(null) ExcNodeList=(null)
   NodeList=kelvin-n[093,096]
   BatchHost=kelvin-n048
   NumNodes=2 NumCPUs=36 NumTasks=32 CPUs/Task=1 ReqB:S:C:T=0:0:*:*
   TRES=cpu=36,mem=69000M,node=3,billing=36
   Socks/Node=* NtasksPerN:B:S:C=0:0:*:* CoreSpec=*
   JOB_GRES=(null)
     Nodes=kelvin-n[048,093,096] CPU_IDs=0-11 Mem=23000 GRES=
   MinCPUsNode=1 MinMemoryNode=23000M MinTmpDiskNode=0
   Features=(null) DelayBoot=00:00:00
   OverSubscribe=NO Contiguous=0 Licenses=(null) Network=(null)
   Command=/home/users/mschpc/2019/zuoy/HPC/NeuralNetwork/parallel/scripts/script_PricingDefaultRisk_d400_b1_n32.sh
   WorkDir=/home/users/mschpc/2019/zuoy/HPC/NeuralNetwork/parallel
   StdErr=/home/users/mschpc/2019/zuoy/HPC/NeuralNetwork/parallel/output/slurm-22871.out
   StdIn=/dev/null
   StdOut=/home/users/mschpc/2019/zuoy/HPC/NeuralNetwork/parallel/output/slurm-22871.out
   Power=
   NtasksPerTRES:0


Disk quota details:
===================

Quota Type           Name  Filesystem     Usage in MB     Limit in MB    % Used
-------------------------------------------------------------------------------
USER                 zuoy       /home             132          51,200     0.26%

GROUP              mschpc   /projects             999          51,200     1.95%
GROUP          pi-dgolden   /projects               0          51,200     0.00%


SLURM Bank Statement:
=====================

User           Usage |        Account     Usage | Account Limit Available (CPU hrs)
---------- --------- + -------------- --------- + ------------- ---------
zuoy          23,562 |   HPC_21_01207    23,562 |       100,000    76,438


Acknowledgements:
=================

Note that usage of TCHPC Resources *must* be acknowledged in all publications.

Please see this page for details relevant to this cluster:

http://www.tchpc.tcd.ie/resources/acknowledgementpolicy

################################################################################
