Parallel Mode: Master-Slave
Dimension: 100
Total time: 0.3
Number of time intervals: 20
Learning rate: 0.0005
y_init_range: 0.3, 0.5
Number of neurons in each hidden layer of each subnet: 110, 110, 
Epochs: 4000
Batch size: 1
Sample size: 1024
Logging frequency: 100
Model name: AllenCahn_parallel_
Number of processors: 32


Training:
Epoch:100
In training set, loss: 10.0444, Y0: 0.144608

Epoch:200
In training set, loss: 7.59157, Y0: 0.0858519

Epoch:300
In training set, loss: 7.16453, Y0: 0.0625519

Epoch:400
In training set, loss: 7.05625, Y0: 0.0532373

Epoch:500
In training set, loss: 7.00048, Y0: 0.0495262

Epoch:600
In training set, loss: 6.95436, Y0: 0.0480699

Epoch:700
In training set, loss: 6.9109, Y0: 0.0475222

Epoch:800
In training set, loss: 6.86892, Y0: 0.0473405

Epoch:900
In training set, loss: 6.8282, Y0: 0.0473059

Epoch:1000
In training set, loss: 6.78865, Y0: 0.04733

Epoch:1100
In training set, loss: 6.75025, Y0: 0.0473772

Epoch:1200
In training set, loss: 6.71294, Y0: 0.0474329

Epoch:1300
In training set, loss: 6.67669, Y0: 0.0474916

Epoch:1400
In training set, loss: 6.64147, Y0: 0.0475507

Epoch:1500
In training set, loss: 6.60724, Y0: 0.0476095

Epoch:1600
In training set, loss: 6.57397, Y0: 0.0476675

Epoch:1700
In training set, loss: 6.54163, Y0: 0.0477246

Epoch:1800
In training set, loss: 6.51018, Y0: 0.0477807

Epoch:1900
In training set, loss: 6.47961, Y0: 0.0478359

Epoch:2000
In training set, loss: 6.44987, Y0: 0.0478902

Epoch:2100
In training set, loss: 6.42094, Y0: 0.0479435

Epoch:2200
In training set, loss: 6.3928, Y0: 0.0479959

Epoch:2300
In training set, loss: 6.36542, Y0: 0.0480475

Epoch:2400
In training set, loss: 6.33878, Y0: 0.0480981

Epoch:2500
In training set, loss: 6.31284, Y0: 0.0481479

Epoch:2600
In training set, loss: 6.2876, Y0: 0.0481969

Epoch:2700
In training set, loss: 6.26302, Y0: 0.0482451

Epoch:2800
In training set, loss: 6.23909, Y0: 0.0482925

Epoch:2900
In training set, loss: 6.21579, Y0: 0.048339

Epoch:3000
In training set, loss: 6.19308, Y0: 0.0483849

Epoch:3100
In training set, loss: 6.17097, Y0: 0.0484299

Epoch:3200
In training set, loss: 6.14942, Y0: 0.0484742

Epoch:3300
In training set, loss: 6.12842, Y0: 0.0485179

Epoch:3400
In training set, loss: 6.10796, Y0: 0.0485608

Epoch:3500
In training set, loss: 6.08801, Y0: 0.048603

Epoch:3600
In training set, loss: 6.06856, Y0: 0.0486445

Epoch:3700
In training set, loss: 6.04959, Y0: 0.0486854

Epoch:3800
In training set, loss: 6.0311, Y0: 0.0487257

Epoch:3900
In training set, loss: 6.01305, Y0: 0.0487653

Epoch:4000
In training set, loss: 5.99545, Y0: 0.0488042



###############################################################################
TCHPC Cluster: kelvin
Job 22597 (BSDE_job_4_procs) for User 'zuoy' in Account 'hpc_21_01207'
Finished at: Sun Nov 21 15:26:47 GMT 2021

Job efficiency estimates:
=========================

Job ID: 22597
Cluster: kelvin
User/Group: zuoy/zuoy
State: COMPLETED (exit code 0)
Nodes: 3
Cores per node: 12
CPU Utilized: 03:55:51
CPU Efficiency: 30.40% of 12:55:48 core-walltime
Job Wall-clock time: 00:21:33
Memory Utilized: 654.75 MB
Memory Efficiency: 0.95% of 67.38 GB

Job completion status:
======================

       JobID    JobName AllocCPUS NTasks NNodes     MaxRSS    MaxRSSNode  MaxDiskRead MaxDiskWrite    Elapsed      State ExitCode 
------------ ---------- --------- ------ ------ ---------- ------------- ------------ ------------ ---------- ---------- -------- 
22597        BSDE_job_+        36             3                                                      00:21:33  COMPLETED      0:0 
22597.batch       batch        12      1      1    670468K   kelvin-n086        0.86M        0.01M   00:21:33  COMPLETED      0:0 
22597.0           orted        24      2      2                                                      00:21:32  COMPLETED      0:0 


Job details:
============

JobId=22597 JobName=BSDE_job_4_procs
   UserId=zuoy(1582) GroupId=zuoy(1252) MCS_label=N/A
   Priority=10996645 Nice=0 Account=hpc_21_01207 QOS=normal
   JobState=COMPLETING Reason=None Dependency=(null)
   Requeue=0 Restarts=0 BatchFlag=1 Reboot=0 ExitCode=0:0
   DerivedExitCode=0:0
   RunTime=00:21:33 TimeLimit=23:00:00 TimeMin=N/A
   SubmitTime=2021-11-21T13:03:24 EligibleTime=2021-11-21T13:03:24
   AccrueTime=2021-11-21T13:03:24
   StartTime=2021-11-21T15:05:14 EndTime=2021-11-21T15:26:47 Deadline=N/A
   SuspendTime=None SecsPreSuspend=0 LastSchedEval=2021-11-21T15:05:14
   Partition=compute AllocNode:Sid=kelvin01:30506
   ReqNodeList=(null) ExcNodeList=(null)
   NodeList=kelvin-n[092,097]
   BatchHost=kelvin-n086
   NumNodes=2 NumCPUs=36 NumTasks=32 CPUs/Task=1 ReqB:S:C:T=0:0:*:*
   TRES=cpu=36,mem=69000M,node=3,billing=36
   Socks/Node=* NtasksPerN:B:S:C=0:0:*:* CoreSpec=*
   JOB_GRES=(null)
     Nodes=kelvin-n[086,092,097] CPU_IDs=0-11 Mem=23000 GRES=
   MinCPUsNode=1 MinMemoryNode=23000M MinTmpDiskNode=0
   Features=(null) DelayBoot=00:00:00
   OverSubscribe=NO Contiguous=0 Licenses=(null) Network=(null)
   Command=/home/users/mschpc/2019/zuoy/HPC/NeuralNetwork/parallel/scripts/script_AllenCahn_d100_b1_n32.sh
   WorkDir=/home/users/mschpc/2019/zuoy/HPC/NeuralNetwork/parallel
   StdErr=/home/users/mschpc/2019/zuoy/HPC/NeuralNetwork/parallel/output/slurm-22597.out
   StdIn=/dev/null
   StdOut=/home/users/mschpc/2019/zuoy/HPC/NeuralNetwork/parallel/output/slurm-22597.out
   Power=
   NtasksPerTRES:0


Disk quota details:
===================

Quota Type           Name  Filesystem     Usage in MB     Limit in MB    % Used
-------------------------------------------------------------------------------
USER                 zuoy       /home             124          51,200     0.24%

GROUP              mschpc   /projects             999          51,200     1.95%
GROUP          pi-dgolden   /projects               0          51,200     0.00%


SLURM Bank Statement:
=====================

User           Usage |        Account     Usage | Account Limit Available (CPU hrs)
---------- --------- + -------------- --------- + ------------- ---------
zuoy          19,194 |   HPC_21_01207    19,194 |       100,000    80,806


Acknowledgements:
=================

Note that usage of TCHPC Resources *must* be acknowledged in all publications.

Please see this page for details relevant to this cluster:

http://www.tchpc.tcd.ie/resources/acknowledgementpolicy

################################################################################
