Parallel Mode: Ring-Allreduce
Dimension: 200
Total time: 1
Number of time intervals: 40
Learning rate: 0.01
y_init_range: 40, 50
Number of neurons in each hidden layer of each subnet: 110, 110, 
Epochs: 1000
Batch size: 1
Sample size: 256
Logging frequency: 100
Model name: pricing_default_risk_parallel_
Number of processors: 32


Training:
Epoch:100
In training set, loss: 2025.82, Y0: 53.1254

Epoch:200
In training set, loss: 1685.78, Y0: 53.2335

Epoch:300
In training set, loss: 1471.73, Y0: 53.3197

Epoch:400
In training set, loss: 1322.68, Y0: 53.3935

Epoch:500
In training set, loss: 1210.77, Y0: 53.4572

Epoch:600
In training set, loss: 1122.75, Y0: 53.5125

Epoch:700
In training set, loss: 1050.79, Y0: 53.5609

Epoch:800
In training set, loss: 990.535, Y0: 53.6034

Epoch:900
In training set, loss: 938.789, Y0: 53.6413

Epoch:1000
In training set, loss: 893.624, Y0: 53.6753



###############################################################################
TCHPC Cluster: kelvin
Job 21918 (BSDE_job_4_procs) for User 'zuoy' in Account 'hpc_21_01207'
Finished at: Sat Nov 20 05:44:35 GMT 2021

Job efficiency estimates:
=========================

Job ID: 21918
Cluster: kelvin
User/Group: zuoy/zuoy
State: COMPLETED (exit code 0)
Nodes: 3
Cores per node: 12
CPU Utilized: 01:10:15
CPU Efficiency: 30.10% of 03:53:24 core-walltime
Job Wall-clock time: 00:06:29
Memory Utilized: 776.66 MB
Memory Efficiency: 1.13% of 67.38 GB

Job completion status:
======================

       JobID    JobName AllocCPUS NTasks NNodes     MaxRSS    MaxRSSNode  MaxDiskRead MaxDiskWrite    Elapsed      State ExitCode 
------------ ---------- --------- ------ ------ ---------- ------------- ------------ ------------ ---------- ---------- -------- 
21918        BSDE_job_+        36             3                                                      00:06:29  COMPLETED      0:0 
21918.batch       batch        12      1      1    795296K   kelvin-n077        0.86M        0.01M   00:06:29  COMPLETED      0:0 
21918.0           orted        24      2      2                                                      00:06:28  COMPLETED      0:0 


Job details:
============

JobId=21918 JobName=BSDE_job_4_procs
   UserId=zuoy(1582) GroupId=zuoy(1252) MCS_label=N/A
   Priority=11108742 Nice=0 Account=hpc_21_01207 QOS=normal
   JobState=COMPLETING Reason=None Dependency=(null)
   Requeue=0 Restarts=0 BatchFlag=1 Reboot=0 ExitCode=0:0
   DerivedExitCode=0:0
   RunTime=00:06:29 TimeLimit=23:00:00 TimeMin=N/A
   SubmitTime=2021-11-20T03:31:57 EligibleTime=2021-11-20T03:31:57
   AccrueTime=2021-11-20T03:31:57
   StartTime=2021-11-20T05:38:06 EndTime=2021-11-20T05:44:35 Deadline=N/A
   SuspendTime=None SecsPreSuspend=0 LastSchedEval=2021-11-20T05:38:06
   Partition=compute AllocNode:Sid=kelvin01:26929
   ReqNodeList=(null) ExcNodeList=(null)
   NodeList=kelvin-n[078,080]
   BatchHost=kelvin-n077
   NumNodes=2 NumCPUs=36 NumTasks=32 CPUs/Task=1 ReqB:S:C:T=0:0:*:*
   TRES=cpu=36,mem=69000M,node=3,billing=36
   Socks/Node=* NtasksPerN:B:S:C=0:0:*:* CoreSpec=*
   JOB_GRES=(null)
     Nodes=kelvin-n[077-078,080] CPU_IDs=0-11 Mem=23000 GRES=
   MinCPUsNode=1 MinMemoryNode=23000M MinTmpDiskNode=0
   Features=(null) DelayBoot=00:00:00
   OverSubscribe=NO Contiguous=0 Licenses=(null) Network=(null)
   Command=/home/users/mschpc/2019/zuoy/HPC/NeuralNetwork/parallel/scripts/script_PricingDefaultRisk_d200_b1_n32.sh
   WorkDir=/home/users/mschpc/2019/zuoy/HPC/NeuralNetwork/parallel
   StdErr=/home/users/mschpc/2019/zuoy/HPC/NeuralNetwork/parallel/output/slurm-21918.out
   StdIn=/dev/null
   StdOut=/home/users/mschpc/2019/zuoy/HPC/NeuralNetwork/parallel/output/slurm-21918.out
   Power=
   NtasksPerTRES:0


Disk quota details:
===================

Quota Type           Name  Filesystem     Usage in MB     Limit in MB    % Used
-------------------------------------------------------------------------------
USER                 zuoy       /home             110          51,200     0.22%

GROUP              mschpc   /projects             999          51,200     1.95%
GROUP          pi-dgolden   /projects               0          51,200     0.00%


SLURM Bank Statement:
=====================

User           Usage |        Account     Usage | Account Limit Available (CPU hrs)
---------- --------- + -------------- --------- + ------------- ---------
zuoy          12,207 |   HPC_21_01207    12,207 |       100,000    87,793


Acknowledgements:
=================

Note that usage of TCHPC Resources *must* be acknowledged in all publications.

Please see this page for details relevant to this cluster:

http://www.tchpc.tcd.ie/resources/acknowledgementpolicy

################################################################################
