Parallel Mode: Master-Slave
Dimension: 200
Total time: 1
Number of time intervals: 20
Learning rate: 0.01
y_init_range: 0, 1
Number of neurons in each hidden layer of each subnet: 110, 110, 
Epochs: 1000
Batch size: 64
Sample size: 1024
Logging frequency: 100
Model name: HJBLQ_parallel_
Number of processors: 128


Training:
Epoch:100
In training set, loss: 39.4858, Y0: 5.15428

Epoch:200
In training set, loss: 24.1191, Y0: 5.20391

Epoch:300
In training set, loss: 17.4748, Y0: 5.23001

Epoch:400
In training set, loss: 14.288, Y0: 5.24513

Epoch:500
In training set, loss: 12.6171, Y0: 5.25435

Epoch:600
In training set, loss: 11.6739, Y0: 5.26019

Epoch:700
In training set, loss: 11.1068, Y0: 5.26399

Epoch:800
In training set, loss: 10.7459, Y0: 5.26651

Epoch:900
In training set, loss: 10.5032, Y0: 5.26822

Epoch:1000
In training set, loss: 10.3311, Y0: 5.26939



###############################################################################
TCHPC Cluster: kelvin
Job 23299 (BSDE_job_4_procs) for User 'zuoy' in Account 'hpc_21_01207'
Finished at: Tue Nov 23 12:41:25 GMT 2021

Job efficiency estimates:
=========================

Job ID: 23299
Cluster: kelvin
User/Group: zuoy/zuoy
State: COMPLETED (exit code 0)
Nodes: 11
Cores per node: 12
CPU Utilized: 01:55:36
CPU Efficiency: 8.95% of 21:31:24 core-walltime
Job Wall-clock time: 00:09:47
Memory Utilized: 1.03 GB
Memory Efficiency: 0.42% of 247.07 GB

Job completion status:
======================

       JobID    JobName AllocCPUS NTasks NNodes     MaxRSS    MaxRSSNode  MaxDiskRead MaxDiskWrite    Elapsed      State ExitCode 
------------ ---------- --------- ------ ------ ---------- ------------- ------------ ------------ ---------- ---------- -------- 
23299        BSDE_job_+       132            11                                                      00:09:47  COMPLETED      0:0 
23299.batch       batch        12      1      1   1081984K   kelvin-n014        0.87M        0.01M   00:09:47  COMPLETED      0:0 
23299.0           orted       120     10     10                                                      00:09:45  COMPLETED      0:0 


Job details:
============

JobId=23299 JobName=BSDE_job_4_procs
   UserId=zuoy(1582) GroupId=zuoy(1252) MCS_label=N/A
   Priority=10806904 Nice=0 Account=hpc_21_01207 QOS=normal
   JobState=COMPLETING Reason=None Dependency=(null)
   Requeue=0 Restarts=0 BatchFlag=1 Reboot=0 ExitCode=0:0
   DerivedExitCode=0:0
   RunTime=00:09:47 TimeLimit=23:00:00 TimeMin=N/A
   SubmitTime=2021-11-23T02:15:15 EligibleTime=2021-11-23T02:15:15
   AccrueTime=2021-11-23T02:15:15
   StartTime=2021-11-23T12:31:38 EndTime=2021-11-23T12:41:25 Deadline=N/A
   SuspendTime=None SecsPreSuspend=0 LastSchedEval=2021-11-23T12:31:38
   Partition=compute AllocNode:Sid=kelvin01:730
   ReqNodeList=(null) ExcNodeList=(null)
   NodeList=kelvin-n[015,018,020-023,037,039-040,045]
   BatchHost=kelvin-n014
   NumNodes=10 NumCPUs=132 NumTasks=128 CPUs/Task=1 ReqB:S:C:T=0:0:*:*
   TRES=cpu=132,mem=253000M,node=11,billing=132
   Socks/Node=* NtasksPerN:B:S:C=0:0:*:* CoreSpec=*
   JOB_GRES=(null)
     Nodes=kelvin-n[014-015,018,020-023,037,039-040,045] CPU_IDs=0-11 Mem=23000 GRES=
   MinCPUsNode=1 MinMemoryNode=23000M MinTmpDiskNode=0
   Features=(null) DelayBoot=00:00:00
   OverSubscribe=NO Contiguous=0 Licenses=(null) Network=(null)
   Command=/home/users/mschpc/2019/zuoy/HPC/NeuralNetwork/parallel/scripts/script_HJBLQ_d200_b64_n128.sh
   WorkDir=/home/users/mschpc/2019/zuoy/HPC/NeuralNetwork/parallel
   StdErr=/home/users/mschpc/2019/zuoy/HPC/NeuralNetwork/parallel/output/slurm-23299.out
   StdIn=/dev/null
   StdOut=/home/users/mschpc/2019/zuoy/HPC/NeuralNetwork/parallel/output/slurm-23299.out
   Power=
   NtasksPerTRES:0


Disk quota details:
===================

Quota Type           Name  Filesystem     Usage in MB     Limit in MB    % Used
-------------------------------------------------------------------------------
USER                 zuoy       /home             135          51,200     0.26%

GROUP              mschpc   /projects             999          51,200     1.95%
GROUP          pi-dgolden   /projects               0          51,200     0.00%


SLURM Bank Statement:
=====================

User           Usage |        Account     Usage | Account Limit Available (CPU hrs)
---------- --------- + -------------- --------- + ------------- ---------
zuoy          27,132 |   HPC_21_01207    27,132 |       100,000    72,868


Acknowledgements:
=================

Note that usage of TCHPC Resources *must* be acknowledged in all publications.

Please see this page for details relevant to this cluster:

http://www.tchpc.tcd.ie/resources/acknowledgementpolicy

################################################################################
