Parallel Mode: Master-Slave
Dimension: 100
Total time: 1
Number of time intervals: 40
Learning rate: 0.01
y_init_range: 40, 50
Number of neurons in each hidden layer of each subnet: 110, 110, 
Epochs: 1000
Batch size: 1
Sample size: 256
Logging frequency: 100
Model name: pricing_default_risk_parallel_
Number of processors: 64


Training:
Epoch:100
In training set, loss: 3157.74, Y0: 56.7026

Epoch:200
In training set, loss: 2932.71, Y0: 57.1283

Epoch:300
In training set, loss: 2765.41, Y0: 57.1536

Epoch:400
In training set, loss: 2625.54, Y0: 57.1685

Epoch:500
In training set, loss: 2507.66, Y0: 57.1828

Epoch:600
In training set, loss: 2405.93, Y0: 57.1968

Epoch:700
In training set, loss: 2316.99, Y0: 57.2104

Epoch:800
In training set, loss: 2238.66, Y0: 57.2234

Epoch:900
In training set, loss: 2168.87, Y0: 57.2362

Epoch:1000
In training set, loss: 2105.51, Y0: 57.2487



###############################################################################
TCHPC Cluster: kelvin
Job 23084 (BSDE_job_4_procs) for User 'zuoy' in Account 'hpc_21_01207'
Finished at: Mon Nov 22 13:23:25 GMT 2021

Job efficiency estimates:
=========================

Job ID: 23084
Cluster: kelvin
User/Group: zuoy/zuoy
State: COMPLETED (exit code 0)
Nodes: 6
Cores per node: 12
CPU Utilized: 04:03:02
CPU Efficiency: 15.18% of 1-02:40:48 core-walltime
Job Wall-clock time: 00:22:14
Memory Utilized: 753.84 MB
Memory Efficiency: 0.55% of 134.77 GB

Job completion status:
======================

       JobID    JobName AllocCPUS NTasks NNodes     MaxRSS    MaxRSSNode  MaxDiskRead MaxDiskWrite    Elapsed      State ExitCode 
------------ ---------- --------- ------ ------ ---------- ------------- ------------ ------------ ---------- ---------- -------- 
23084        BSDE_job_+        72             6                                                      00:22:14  COMPLETED      0:0 
23084.batch       batch        12      1      1    771936K   kelvin-n074        0.86M        0.01M   00:22:14  COMPLETED      0:0 
23084.0           orted        60      5      5                                                      00:22:13  COMPLETED      0:0 


Job details:
============

JobId=23084 JobName=BSDE_job_4_procs
   UserId=zuoy(1582) GroupId=zuoy(1252) MCS_label=N/A
   Priority=10547275 Nice=0 Account=hpc_21_01207 QOS=normal
   JobState=COMPLETING Reason=None Dependency=(null)
   Requeue=0 Restarts=0 BatchFlag=1 Reboot=0 ExitCode=0:0
   DerivedExitCode=0:0
   RunTime=00:22:14 TimeLimit=23:00:00 TimeMin=N/A
   SubmitTime=2021-11-22T11:22:44 EligibleTime=2021-11-22T11:22:44
   AccrueTime=2021-11-22T11:22:44
   StartTime=2021-11-22T13:01:11 EndTime=2021-11-22T13:23:25 Deadline=N/A
   SuspendTime=None SecsPreSuspend=0 LastSchedEval=2021-11-22T13:01:11
   Partition=compute AllocNode:Sid=kelvin01:10133
   ReqNodeList=(null) ExcNodeList=(null)
   NodeList=kelvin-n[075-079]
   BatchHost=kelvin-n074
   NumNodes=5 NumCPUs=72 NumTasks=64 CPUs/Task=1 ReqB:S:C:T=0:0:*:*
   TRES=cpu=72,mem=138000M,node=6,billing=72
   Socks/Node=* NtasksPerN:B:S:C=0:0:*:* CoreSpec=*
   JOB_GRES=(null)
     Nodes=kelvin-n[074-079] CPU_IDs=0-11 Mem=23000 GRES=
   MinCPUsNode=1 MinMemoryNode=23000M MinTmpDiskNode=0
   Features=(null) DelayBoot=00:00:00
   OverSubscribe=NO Contiguous=0 Licenses=(null) Network=(null)
   Command=/home/users/mschpc/2019/zuoy/HPC/NeuralNetwork/parallel/scripts/script_PricingDefaultRisk_d100_b1_n64.sh
   WorkDir=/home/users/mschpc/2019/zuoy/HPC/NeuralNetwork/parallel
   StdErr=/home/users/mschpc/2019/zuoy/HPC/NeuralNetwork/parallel/output/slurm-23084.out
   StdIn=/dev/null
   StdOut=/home/users/mschpc/2019/zuoy/HPC/NeuralNetwork/parallel/output/slurm-23084.out
   Power=
   NtasksPerTRES:0


Disk quota details:
===================

Quota Type           Name  Filesystem     Usage in MB     Limit in MB    % Used
-------------------------------------------------------------------------------
USER                 zuoy       /home             134          51,200     0.26%

GROUP              mschpc   /projects             999          51,200     1.95%
GROUP          pi-dgolden   /projects               0          51,200     0.00%


SLURM Bank Statement:
=====================

User           Usage |        Account     Usage | Account Limit Available (CPU hrs)
---------- --------- + -------------- --------- + ------------- ---------
zuoy          28,160 |   HPC_21_01207    28,160 |       100,000    71,840


Acknowledgements:
=================

Note that usage of TCHPC Resources *must* be acknowledged in all publications.

Please see this page for details relevant to this cluster:

http://www.tchpc.tcd.ie/resources/acknowledgementpolicy

################################################################################
