Parallel Mode: Master-Slave
Dimension: 300
Total time: 1
Number of time intervals: 20
Learning rate: 0.01
y_init_range: 0, 1
Number of neurons in each hidden layer of each subnet: 110, 110, 
Epochs: 1000
Batch size: 64
Sample size: 1024
Logging frequency: 100
Model name: HJBLQ_parallel_
Number of processors: 64


Training:
Epoch:100
In training set, loss: 9820.32, Y0: 1.24431

Epoch:200
In training set, loss: 5883.17, Y0: 2.2063

Epoch:300
In training set, loss: 3527.16, Y0: 2.94908

Epoch:400
In training set, loss: 2122.08, Y0: 3.52203

Epoch:500
In training set, loss: 1286.52, Y0: 3.96367

Epoch:600
In training set, loss: 790.666, Y0: 4.30398

Epoch:700
In training set, loss: 496.761, Y0: 4.56622

Epoch:800
In training set, loss: 322.548, Y0: 4.7684

Epoch:900
In training set, loss: 219.128, Y0: 4.9244

Epoch:1000
In training set, loss: 157.508, Y0: 5.04494



###############################################################################
TCHPC Cluster: kelvin
Job 22584 (BSDE_job_4_procs) for User 'zuoy' in Account 'hpc_21_01207'
Finished at: Sun Nov 21 12:59:09 GMT 2021

Job efficiency estimates:
=========================

Job ID: 22584
Cluster: kelvin
User/Group: zuoy/zuoy
State: COMPLETED (exit code 0)
Nodes: 6
Cores per node: 12
CPU Utilized: 01:47:07
CPU Efficiency: 15.10% of 11:49:12 core-walltime
Job Wall-clock time: 00:09:51
Memory Utilized: 1.06 GB
Memory Efficiency: 0.78% of 134.77 GB

Job completion status:
======================

       JobID    JobName AllocCPUS NTasks NNodes     MaxRSS    MaxRSSNode  MaxDiskRead MaxDiskWrite    Elapsed      State ExitCode 
------------ ---------- --------- ------ ------ ---------- ------------- ------------ ------------ ---------- ---------- -------- 
22584        BSDE_job_+        72             6                                                      00:09:51  COMPLETED      0:0 
22584.batch       batch        12      1      1   1107076K   kelvin-n037        0.86M        0.01M   00:09:51  COMPLETED      0:0 
22584.0           orted        60      5      5                                                      00:09:50  COMPLETED      0:0 


Job details:
============

JobId=22584 JobName=BSDE_job_4_procs
   UserId=zuoy(1582) GroupId=zuoy(1252) MCS_label=N/A
   Priority=11057182 Nice=0 Account=hpc_21_01207 QOS=normal
   JobState=COMPLETING Reason=None Dependency=(null)
   Requeue=0 Restarts=0 BatchFlag=1 Reboot=0 ExitCode=0:0
   DerivedExitCode=0:0
   RunTime=00:09:51 TimeLimit=23:00:00 TimeMin=N/A
   SubmitTime=2021-11-21T10:39:41 EligibleTime=2021-11-21T10:39:41
   AccrueTime=2021-11-21T10:39:41
   StartTime=2021-11-21T12:49:18 EndTime=2021-11-21T12:59:09 Deadline=N/A
   SuspendTime=None SecsPreSuspend=0 LastSchedEval=2021-11-21T12:49:18
   Partition=compute AllocNode:Sid=kelvin01:12117
   ReqNodeList=(null) ExcNodeList=(null)
   NodeList=kelvin-n[038,048,093,096-097]
   BatchHost=kelvin-n037
   NumNodes=5 NumCPUs=72 NumTasks=64 CPUs/Task=1 ReqB:S:C:T=0:0:*:*
   TRES=cpu=72,mem=138000M,node=6,billing=72
   Socks/Node=* NtasksPerN:B:S:C=0:0:*:* CoreSpec=*
   JOB_GRES=(null)
     Nodes=kelvin-n[037-038,048,093,096-097] CPU_IDs=0-11 Mem=23000 GRES=
   MinCPUsNode=1 MinMemoryNode=23000M MinTmpDiskNode=0
   Features=(null) DelayBoot=00:00:00
   OverSubscribe=NO Contiguous=0 Licenses=(null) Network=(null)
   Command=/home/users/mschpc/2019/zuoy/HPC/NeuralNetwork/parallel/scripts/script_HJBLQ_d300_b64_n64.sh
   WorkDir=/home/users/mschpc/2019/zuoy/HPC/NeuralNetwork/parallel
   StdErr=/home/users/mschpc/2019/zuoy/HPC/NeuralNetwork/parallel/output/slurm-22584.out
   StdIn=/dev/null
   StdOut=/home/users/mschpc/2019/zuoy/HPC/NeuralNetwork/parallel/output/slurm-22584.out
   Power=
   NtasksPerTRES:0


Disk quota details:
===================

Quota Type           Name  Filesystem     Usage in MB     Limit in MB    % Used
-------------------------------------------------------------------------------
USER                 zuoy       /home             122          51,200     0.24%

GROUP              mschpc   /projects             999          51,200     1.95%
GROUP          pi-dgolden   /projects               0          51,200     0.00%


SLURM Bank Statement:
=====================

User           Usage |        Account     Usage | Account Limit Available (CPU hrs)
---------- --------- + -------------- --------- + ------------- ---------
zuoy          18,148 |   HPC_21_01207    18,148 |       100,000    81,852


Acknowledgements:
=================

Note that usage of TCHPC Resources *must* be acknowledged in all publications.

Please see this page for details relevant to this cluster:

http://www.tchpc.tcd.ie/resources/acknowledgementpolicy

################################################################################
