Parallel Mode: Ring-Allreduce
Dimension: 200
Total time: 1
Number of time intervals: 20
Learning rate: 0.01
y_init_range: 0, 1
Number of neurons in each hidden layer of each subnet: 110, 110, 
Epochs: 3000
Batch size: 1
Sample size: 256
Logging frequency: 100
Model name: HJBLQ_parallel_
Number of processors: 8


Training:
Epoch:100
In training set, loss: 3.2959, Y0: 5.09369

Epoch:200
In training set, loss: 1.96587, Y0: 5.14916

Epoch:300
In training set, loss: 1.46058, Y0: 5.17185

Epoch:400
In training set, loss: 1.18297, Y0: 5.18303

Epoch:500
In training set, loss: 1.00361, Y0: 5.18885

Epoch:600
In training set, loss: 0.875454, Y0: 5.19185

Epoch:700
In training set, loss: 0.777275, Y0: 5.19327

Epoch:800
In training set, loss: 0.69821, Y0: 5.19378

Epoch:900
In training set, loss: 0.632204, Y0: 5.19374

Epoch:1000
In training set, loss: 0.575646, Y0: 5.1934

Epoch:1100
In training set, loss: 0.526267, Y0: 5.19288

Epoch:1200
In training set, loss: 0.482561, Y0: 5.19227

Epoch:1300
In training set, loss: 0.443482, Y0: 5.19162

Epoch:1400
In training set, loss: 0.40828, Y0: 5.19097

Epoch:1500
In training set, loss: 0.376383, Y0: 5.19033

Epoch:1600
In training set, loss: 0.347358, Y0: 5.18973

Epoch:1700
In training set, loss: 0.320858, Y0: 5.18915

Epoch:1800
In training set, loss: 0.296592, Y0: 5.18862

Epoch:1900
In training set, loss: 0.274326, Y0: 5.18812

Epoch:2000
In training set, loss: 0.253862, Y0: 5.18766

Epoch:2100
In training set, loss: 0.235024, Y0: 5.18723

Epoch:2200
In training set, loss: 0.217668, Y0: 5.18684

Epoch:2300
In training set, loss: 0.201657, Y0: 5.18648

Epoch:2400
In training set, loss: 0.186877, Y0: 5.18615

Epoch:2500
In training set, loss: 0.173224, Y0: 5.18584

Epoch:2600
In training set, loss: 0.160603, Y0: 5.18556

Epoch:2700
In training set, loss: 0.148929, Y0: 5.18531

Epoch:2800
In training set, loss: 0.138129, Y0: 5.18507

Epoch:2900
In training set, loss: 0.128132, Y0: 5.18485

Epoch:3000
In training set, loss: 0.118876, Y0: 5.18465



###############################################################################
TCHPC Cluster: kelvin
Job 21476 (BSDE_job_4_procs) for User 'zuoy' in Account 'hpc_21_01207'
Finished at: Fri Nov 19 03:06:43 GMT 2021

Job efficiency estimates:
=========================

Job ID: 21476
Cluster: kelvin
User/Group: zuoy/zuoy
State: COMPLETED (exit code 0)
Nodes: 1
Cores per node: 12
CPU Utilized: 01:54:07
CPU Efficiency: 66.50% of 02:51:36 core-walltime
Job Wall-clock time: 00:14:18
Memory Utilized: 384.66 MB
Memory Efficiency: 1.67% of 22.46 GB

Job completion status:
======================

       JobID    JobName AllocCPUS NTasks NNodes     MaxRSS    MaxRSSNode  MaxDiskRead MaxDiskWrite    Elapsed      State ExitCode 
------------ ---------- --------- ------ ------ ---------- ------------- ------------ ------------ ---------- ---------- -------- 
21476        BSDE_job_+        12             1                                                      00:14:18  COMPLETED      0:0 
21476.batch       batch        12      1      1    393896K   kelvin-n074        0.86M        0.01M   00:14:18  COMPLETED      0:0 


Job details:
============

JobId=21476 JobName=BSDE_job_4_procs
   UserId=zuoy(1582) GroupId=zuoy(1252) MCS_label=N/A
   Priority=11178449 Nice=0 Account=hpc_21_01207 QOS=normal
   JobState=COMPLETING Reason=None Dependency=(null)
   Requeue=0 Restarts=0 BatchFlag=1 Reboot=0 ExitCode=0:0
   DerivedExitCode=0:0
   RunTime=00:14:18 TimeLimit=23:00:00 TimeMin=N/A
   SubmitTime=2021-11-18T22:23:03 EligibleTime=2021-11-18T22:23:03
   AccrueTime=2021-11-18T22:23:03
   StartTime=2021-11-19T02:52:25 EndTime=2021-11-19T03:06:43 Deadline=N/A
   SuspendTime=None SecsPreSuspend=0 LastSchedEval=2021-11-19T02:52:25
   Partition=compute AllocNode:Sid=kelvin01:15357
   ReqNodeList=(null) ExcNodeList=(null)
   NodeList=
   BatchHost=kelvin-n074
   NumNodes=1 NumCPUs=12 NumTasks=8 CPUs/Task=1 ReqB:S:C:T=0:0:*:*
   TRES=cpu=12,mem=23000M,node=1,billing=12
   Socks/Node=* NtasksPerN:B:S:C=0:0:*:* CoreSpec=*
   JOB_GRES=(null)
     Nodes=kelvin-n074 CPU_IDs=0-11 Mem=23000 GRES=
   MinCPUsNode=1 MinMemoryNode=23000M MinTmpDiskNode=0
   Features=(null) DelayBoot=00:00:00
   OverSubscribe=NO Contiguous=0 Licenses=(null) Network=(null)
   Command=/home/users/mschpc/2019/zuoy/HPC/NeuralNetwork/parallel/scripts/script_HJBLQ_d200_b1_n8.sh
   WorkDir=/home/users/mschpc/2019/zuoy/HPC/NeuralNetwork/parallel
   StdErr=/home/users/mschpc/2019/zuoy/HPC/NeuralNetwork/parallel/output/slurm-21476.out
   StdIn=/dev/null
   StdOut=/home/users/mschpc/2019/zuoy/HPC/NeuralNetwork/parallel/output/slurm-21476.out
   Power=
   NtasksPerTRES:0


Disk quota details:
===================

Quota Type           Name  Filesystem     Usage in MB     Limit in MB    % Used
-------------------------------------------------------------------------------
USER                 zuoy       /home             106          51,200     0.21%

GROUP              mschpc   /projects             999          51,200     1.95%
GROUP          pi-dgolden   /projects               0          51,200     0.00%


SLURM Bank Statement:
=====================

User           Usage |        Account     Usage | Account Limit Available (CPU hrs)
---------- --------- + -------------- --------- + ------------- ---------
zuoy           9,714 |   HPC_21_01207     9,714 |       100,000    90,286


Acknowledgements:
=================

Note that usage of TCHPC Resources *must* be acknowledged in all publications.

Please see this page for details relevant to this cluster:

http://www.tchpc.tcd.ie/resources/acknowledgementpolicy

################################################################################
