Parallel Mode: Ring-Allreduce
Dimension: 300
Total time: 1
Number of time intervals: 40
Learning rate: 0.01
y_init_range: 40, 50
Number of neurons in each hidden layer of each subnet: 110, 110, 
Epochs: 1000
Batch size: 1
Sample size: 256
Logging frequency: 100
Model name: pricing_default_risk_parallel_
Number of processors: 128


Training:
Epoch:100
In training set, loss: 2616.67, Y0: 50.497

Epoch:200
In training set, loss: 2093.26, Y0: 51.9587

Epoch:300
In training set, loss: 1914.27, Y0: 52.2138

Epoch:400
In training set, loss: 1768.97, Y0: 52.2879

Epoch:500
In training set, loss: 1645.34, Y0: 52.3325

Epoch:600
In training set, loss: 1539.09, Y0: 52.3702

Epoch:700
In training set, loss: 1447.07, Y0: 52.4048

Epoch:800
In training set, loss: 1366.45, Y0: 52.4371

Epoch:900
In training set, loss: 1295.45, Y0: 52.4675

Epoch:1000
In training set, loss: 1232.47, Y0: 52.4958



###############################################################################
TCHPC Cluster: kelvin
Job 21976 (BSDE_job_4_procs) for User 'zuoy' in Account 'hpc_21_01207'
Finished at: Sat Nov 20 09:41:40 GMT 2021

Job efficiency estimates:
=========================

Job ID: 21976
Cluster: kelvin
User/Group: zuoy/zuoy
State: RUNNING
Nodes: 11
Cores per node: 12
CPU Utilized: 01:30:13
CPU Efficiency: 8.88% of 16:56:24 core-walltime
Job Wall-clock time: 00:07:42
Memory Utilized: 1.04 GB
Memory Efficiency: 0.42% of 247.07 GB
WARNING: Efficiency statistics may be misleading for RUNNING jobs.

Job completion status:
======================

       JobID    JobName AllocCPUS NTasks NNodes     MaxRSS    MaxRSSNode  MaxDiskRead MaxDiskWrite    Elapsed      State ExitCode 
------------ ---------- --------- ------ ------ ---------- ------------- ------------ ------------ ---------- ---------- -------- 
21976        BSDE_job_+       132            11                                                      00:07:41  COMPLETED      0:0 
21976.batch       batch        12      1      1   1093152K   kelvin-n001        0.86M        0.01M   00:07:41  COMPLETED      0:0 
21976.0           orted       120     10     10                                                      00:07:39  COMPLETED      0:0 


Job details:
============

JobId=21976 JobName=BSDE_job_4_procs
   UserId=zuoy(1582) GroupId=zuoy(1252) MCS_label=N/A
   Priority=11057851 Nice=0 Account=hpc_21_01207 QOS=normal
   JobState=COMPLETING Reason=None Dependency=(null)
   Requeue=0 Restarts=0 BatchFlag=1 Reboot=0 ExitCode=0:0
   DerivedExitCode=0:0
   RunTime=00:07:41 TimeLimit=23:00:00 TimeMin=N/A
   SubmitTime=2021-11-20T09:20:02 EligibleTime=2021-11-20T09:20:02
   AccrueTime=2021-11-20T09:20:02
   StartTime=2021-11-20T09:33:59 EndTime=2021-11-20T09:41:40 Deadline=N/A
   SuspendTime=None SecsPreSuspend=0 LastSchedEval=2021-11-20T09:33:59
   Partition=compute AllocNode:Sid=kelvin01:23606
   ReqNodeList=(null) ExcNodeList=(null)
   NodeList=kelvin-n[020-022,050-051,054-056,058-059]
   BatchHost=kelvin-n001
   NumNodes=10 NumCPUs=132 NumTasks=128 CPUs/Task=1 ReqB:S:C:T=0:0:*:*
   TRES=cpu=132,mem=253000M,node=11,billing=132
   Socks/Node=* NtasksPerN:B:S:C=0:0:*:* CoreSpec=*
   JOB_GRES=(null)
     Nodes=kelvin-n[001,020-022,050-051,054-056,058-059] CPU_IDs=0-11 Mem=23000 GRES=
   MinCPUsNode=1 MinMemoryNode=23000M MinTmpDiskNode=0
   Features=(null) DelayBoot=00:00:00
   OverSubscribe=NO Contiguous=0 Licenses=(null) Network=(null)
   Command=/home/users/mschpc/2019/zuoy/HPC/NeuralNetwork/parallel/scripts/script_PricingDefaultRisk_d300_b1_n128.sh
   WorkDir=/home/users/mschpc/2019/zuoy/HPC/NeuralNetwork/parallel
   StdErr=/home/users/mschpc/2019/zuoy/HPC/NeuralNetwork/parallel/output/slurm-21976.out
   StdIn=/dev/null
   StdOut=/home/users/mschpc/2019/zuoy/HPC/NeuralNetwork/parallel/output/slurm-21976.out
   Power=
   NtasksPerTRES:0


Disk quota details:
===================

Quota Type           Name  Filesystem     Usage in MB     Limit in MB    % Used
-------------------------------------------------------------------------------
USER                 zuoy       /home             110          51,200     0.22%

GROUP              mschpc   /projects             999          51,200     1.95%
GROUP          pi-dgolden   /projects               0          51,200     0.00%


SLURM Bank Statement:
=====================

User           Usage |        Account     Usage | Account Limit Available (CPU hrs)
---------- --------- + -------------- --------- + ------------- ---------
zuoy          12,495 |   HPC_21_01207    12,495 |       100,000    87,505


Acknowledgements:
=================

Note that usage of TCHPC Resources *must* be acknowledged in all publications.

Please see this page for details relevant to this cluster:

http://www.tchpc.tcd.ie/resources/acknowledgementpolicy

################################################################################
