Parallel Mode: Master-Slave
Dimension: 400
Total time: 1
Number of time intervals: 40
Learning rate: 0.01
y_init_range: 40, 50
Number of neurons in each hidden layer of each subnet: 110, 110, 
Epochs: 1000
Batch size: 1
Sample size: 256
Logging frequency: 100
Model name: pricing_default_risk_parallel_
Number of processors: 8


Training:
Epoch:100
In training set, loss: 575.339, Y0: 51.3069

Epoch:200
In training set, loss: 278.924, Y0: 51.3636

Epoch:300
In training set, loss: 170.095, Y0: 51.3923

Epoch:400
In training set, loss: 116.02, Y0: 51.4082

Epoch:500
In training set, loss: 84.3848, Y0: 51.4177

Epoch:600
In training set, loss: 64.0375, Y0: 51.4234

Epoch:700
In training set, loss: 50.0537, Y0: 51.4266

Epoch:800
In training set, loss: 39.9638, Y0: 51.4282

Epoch:900
In training set, loss: 32.4082, Y0: 51.4285

Epoch:1000
In training set, loss: 26.6045, Y0: 51.4277



###############################################################################
TCHPC Cluster: kelvin
Job 21134 (BSDE_job_4_procs) for User 'zuoy' in Account 'hpc_21_01207'
Finished at: Thu Nov 18 03:36:13 GMT 2021

Job efficiency estimates:
=========================

Job ID: 21134
Cluster: kelvin
User/Group: zuoy/zuoy
State: COMPLETED (exit code 0)
Nodes: 1
Cores per node: 12
CPU Utilized: 02:44:06
CPU Efficiency: 66.55% of 04:06:36 core-walltime
Job Wall-clock time: 00:20:33
Memory Utilized: 841.95 MB
Memory Efficiency: 3.66% of 22.46 GB

Job completion status:
======================

       JobID    JobName AllocCPUS NTasks NNodes     MaxRSS    MaxRSSNode  MaxDiskRead MaxDiskWrite    Elapsed      State ExitCode 
------------ ---------- --------- ------ ------ ---------- ------------- ------------ ------------ ---------- ---------- -------- 
21134        BSDE_job_+        12             1                                                      00:20:33  COMPLETED      0:0 
21134.batch       batch        12      1      1    862156K   kelvin-n034        0.87M        0.01M   00:20:33  COMPLETED      0:0 


Job details:
============

JobId=21134 JobName=BSDE_job_4_procs
   UserId=zuoy(1582) GroupId=zuoy(1252) MCS_label=N/A
   Priority=11316340 Nice=0 Account=hpc_21_01207 QOS=normal
   JobState=COMPLETING Reason=None Dependency=(null)
   Requeue=0 Restarts=0 BatchFlag=1 Reboot=0 ExitCode=0:0
   DerivedExitCode=0:0
   RunTime=00:20:33 TimeLimit=23:00:00 TimeMin=N/A
   SubmitTime=2021-11-17T21:49:36 EligibleTime=2021-11-17T21:49:36
   AccrueTime=2021-11-17T21:49:36
   StartTime=2021-11-18T03:15:40 EndTime=2021-11-18T03:36:13 Deadline=N/A
   SuspendTime=None SecsPreSuspend=0 LastSchedEval=2021-11-18T03:15:40
   Partition=compute AllocNode:Sid=kelvin01:6170
   ReqNodeList=(null) ExcNodeList=(null)
   NodeList=
   BatchHost=kelvin-n034
   NumNodes=1 NumCPUs=12 NumTasks=8 CPUs/Task=1 ReqB:S:C:T=0:0:*:*
   TRES=cpu=12,mem=23000M,node=1,billing=12
   Socks/Node=* NtasksPerN:B:S:C=0:0:*:* CoreSpec=*
   JOB_GRES=(null)
     Nodes=kelvin-n034 CPU_IDs=0-11 Mem=23000 GRES=
   MinCPUsNode=1 MinMemoryNode=23000M MinTmpDiskNode=0
   Features=(null) DelayBoot=00:00:00
   OverSubscribe=NO Contiguous=0 Licenses=(null) Network=(null)
   Command=/home/users/mschpc/2019/zuoy/HPC/NeuralNetwork/parallel/scripts/script_PricingDefaultRisk_d400_b1_n8.sh
   WorkDir=/home/users/mschpc/2019/zuoy/HPC/NeuralNetwork/parallel
   StdErr=/home/users/mschpc/2019/zuoy/HPC/NeuralNetwork/parallel/output/slurm-21134.out
   StdIn=/dev/null
   StdOut=/home/users/mschpc/2019/zuoy/HPC/NeuralNetwork/parallel/output/slurm-21134.out
   Power=
   NtasksPerTRES:0


Disk quota details:
===================

Quota Type           Name  Filesystem     Usage in MB     Limit in MB    % Used
-------------------------------------------------------------------------------
USER                 zuoy       /home             105          51,200     0.21%

GROUP              mschpc   /projects             999          51,200     1.95%
GROUP          pi-dgolden   /projects               0          51,200     0.00%


SLURM Bank Statement:
=====================

User           Usage |        Account     Usage | Account Limit Available (CPU hrs)
---------- --------- + -------------- --------- + ------------- ---------
zuoy           7,798 |   HPC_21_01207     7,798 |       100,000    92,202


Acknowledgements:
=================

Note that usage of TCHPC Resources *must* be acknowledged in all publications.

Please see this page for details relevant to this cluster:

http://www.tchpc.tcd.ie/resources/acknowledgementpolicy

################################################################################
