Parallel Mode: Ring-Allreduce
Dimension: 200
Total time: 1
Number of time intervals: 40
Learning rate: 0.01
y_init_range: 40, 50
Number of neurons in each hidden layer of each subnet: 110, 110, 
Epochs: 1000
Batch size: 64
Sample size: 256
Logging frequency: 100
Model name: pricing_default_risk_parallel_
Number of processors: 32


Training:
Epoch:100
In training set, loss: 20713.1, Y0: 41.5848

Epoch:200
In training set, loss: 16349.1, Y0: 42.9633

Epoch:300
In training set, loss: 13043.5, Y0: 44.1629

Epoch:400
In training set, loss: 10537.4, Y0: 45.2068

Epoch:500
In training set, loss: 8641.89, Y0: 46.1155

Epoch:600
In training set, loss: 7232.98, Y0: 46.9091

Epoch:700
In training set, loss: 6180.58, Y0: 47.6047

Epoch:800
In training set, loss: 5386.5, Y0: 48.2163

Epoch:900
In training set, loss: 4781.16, Y0: 48.7558

Epoch:1000
In training set, loss: 4315.94, Y0: 49.2328

--------------------------------------------------------------------------
ORTE has lost communication with a remote daemon.

  HNP daemon   : [[39147,0],0] on node kelvin-n054
  Remote daemon: [[39147,0],2] on node kelvin-n061

This is usually due to either a failure of the TCP network
connection to the node, or possibly an internal failure of
the daemon itself. We cannot recover from this failure, and
therefore will terminate the job.
--------------------------------------------------------------------------


###############################################################################
TCHPC Cluster: kelvin
Job 21887 (BSDE_job_4_procs) for User 'zuoy' in Account 'hpc_21_01207'
Finished at: Sat Nov 20 03:44:16 GMT 2021

Job efficiency estimates:
=========================

Job ID: 21887
Cluster: kelvin
User/Group: zuoy/zuoy
State: NODE_FAIL (exit code 0)
Nodes: 3
Cores per node: 12
CPU Utilized: 00:00:00
CPU Efficiency: 0.00% of 04:51:36 core-walltime
Job Wall-clock time: 00:08:06
Memory Utilized: 0.00 MB (estimated maximum)
Memory Efficiency: 0.00% of 67.38 GB (22.46 GB/node)

Job completion status:
======================

       JobID    JobName AllocCPUS NTasks NNodes     MaxRSS    MaxRSSNode  MaxDiskRead MaxDiskWrite    Elapsed      State ExitCode 
------------ ---------- --------- ------ ------ ---------- ------------- ------------ ------------ ---------- ---------- -------- 
21887        BSDE_job_+        36             3                                                      00:08:06  NODE_FAIL      0:0 
21887.batch       batch        12      1      1                                                      00:08:06  NODE_FAIL      0:0 
21887.0           orted        24      2      2                                                      00:08:05  NODE_FAIL      0:0 


Job details:
============

JobId=21887 JobName=BSDE_job_4_procs
   UserId=zuoy(1582) GroupId=zuoy(1252) MCS_label=N/A
   Priority=11145639 Nice=0 Account=hpc_21_01207 QOS=normal
   JobState=COMPLETING Reason=NodeDown Dependency=(null)
   Requeue=0 Restarts=0 BatchFlag=1 Reboot=0 ExitCode=0:0
   DerivedExitCode=0:0
   RunTime=00:08:06 TimeLimit=23:00:00 TimeMin=N/A
   SubmitTime=2021-11-20T00:15:34 EligibleTime=2021-11-20T00:15:34
   AccrueTime=2021-11-20T00:15:34
   StartTime=2021-11-20T03:36:10 EndTime=2021-11-20T03:44:16 Deadline=N/A
   SuspendTime=None SecsPreSuspend=0 LastSchedEval=2021-11-20T03:36:10
   Partition=compute AllocNode:Sid=kelvin01:23080
   ReqNodeList=(null) ExcNodeList=(null)
   NodeList=kelvin-n[056,061]
   BatchHost=kelvin-n054
   NumNodes=2 NumCPUs=24 NumTasks=32 CPUs/Task=1 ReqB:S:C:T=0:0:*:*
   TRES=cpu=36,mem=69000M,node=3,billing=36
   Socks/Node=* NtasksPerN:B:S:C=0:0:*:* CoreSpec=*
   JOB_GRES=(null)
     Nodes=kelvin-n[054,056,061] CPU_IDs=0-11 Mem=23000 GRES=
   MinCPUsNode=1 MinMemoryNode=23000M MinTmpDiskNode=0
   Features=(null) DelayBoot=00:00:00
   OverSubscribe=NO Contiguous=0 Licenses=(null) Network=(null)
   Command=/home/users/mschpc/2019/zuoy/HPC/NeuralNetwork/parallel/scripts/script_PricingDefaultRisk_d200_b64_n32.sh
   WorkDir=/home/users/mschpc/2019/zuoy/HPC/NeuralNetwork/parallel
   StdErr=/home/users/mschpc/2019/zuoy/HPC/NeuralNetwork/parallel/output/slurm-21887.out
   StdIn=/dev/null
   StdOut=/home/users/mschpc/2019/zuoy/HPC/NeuralNetwork/parallel/output/slurm-21887.out
   Power=
   NtasksPerTRES:0


Disk quota details:
===================

Quota Type           Name  Filesystem     Usage in MB     Limit in MB    % Used
-------------------------------------------------------------------------------
USER                 zuoy       /home             109          51,200     0.21%

GROUP              mschpc   /projects             999          51,200     1.95%
GROUP          pi-dgolden   /projects               0          51,200     0.00%


SLURM Bank Statement:
=====================

User           Usage |        Account     Usage | Account Limit Available (CPU hrs)
---------- --------- + -------------- --------- + ------------- ---------
zuoy          11,848 |   HPC_21_01207    11,848 |       100,000    88,152


Acknowledgements:
=================

Note that usage of TCHPC Resources *must* be acknowledged in all publications.

Please see this page for details relevant to this cluster:

http://www.tchpc.tcd.ie/resources/acknowledgementpolicy

################################################################################
