Parallel Mode: Ring-Allreduce
Dimension: 200
Total time: 1
Number of time intervals: 20
Learning rate: 0.01
y_init_range: 0, 1
Number of neurons in each hidden layer of each subnet: 110, 110, 
Epochs: 1000
Batch size: 64
Sample size: 1024
Logging frequency: 100
Model name: HJBLQ_parallel_
Number of processors: 8


Training:
Epoch:100
In training set, loss: 23.2524, Y0: 5.19466

Epoch:200
In training set, loss: 13.8132, Y0: 5.23417

Epoch:300
In training set, loss: 11.3565, Y0: 5.24922

Epoch:400
In training set, loss: 10.5012, Y0: 5.2561

Epoch:500
In training set, loss: 10.1234, Y0: 5.25963

Epoch:600
In training set, loss: 9.91304, Y0: 5.26162

Epoch:700
In training set, loss: 9.76784, Y0: 5.2628

Epoch:800
In training set, loss: 9.65018, Y0: 5.26355

Epoch:900
In training set, loss: 9.54504, Y0: 5.26405

Epoch:1000
In training set, loss: 9.44615, Y0: 5.26439



###############################################################################
TCHPC Cluster: kelvin
Job 23907 (BSDE_job_4_procs) for User 'zuoy' in Account 'hpc_21_01207'
Finished at: Thu Nov 25 12:01:37 GMT 2021

Job efficiency estimates:
=========================

Job ID: 23907
Cluster: kelvin
User/Group: zuoy/zuoy
State: COMPLETED (exit code 0)
Nodes: 1
Cores per node: 12
CPU Utilized: 01:15:06
CPU Efficiency: 66.58% of 01:52:48 core-walltime
Job Wall-clock time: 00:09:24
Memory Utilized: 592.82 MB
Memory Efficiency: 2.58% of 22.46 GB

Job completion status:
======================

       JobID    JobName AllocCPUS NTasks NNodes     MaxRSS    MaxRSSNode  MaxDiskRead MaxDiskWrite    Elapsed      State ExitCode 
------------ ---------- --------- ------ ------ ---------- ------------- ------------ ------------ ---------- ---------- -------- 
23907        BSDE_job_+        12             1                                                      00:09:24  COMPLETED      0:0 
23907.batch       batch        12      1      1    607052K   kelvin-n030        0.86M        0.01M   00:09:24  COMPLETED      0:0 


Job details:
============

JobId=23907 JobName=BSDE_job_4_procs
   UserId=zuoy(1582) GroupId=zuoy(1252) MCS_label=N/A
   Priority=10556371 Nice=0 Account=hpc_21_01207 QOS=normal
   JobState=COMPLETING Reason=None Dependency=(null)
   Requeue=0 Restarts=0 BatchFlag=1 Reboot=0 ExitCode=0:0
   DerivedExitCode=0:0
   RunTime=00:09:24 TimeLimit=23:00:00 TimeMin=N/A
   SubmitTime=2021-11-25T09:49:28 EligibleTime=2021-11-25T09:49:28
   AccrueTime=2021-11-25T09:49:28
   StartTime=2021-11-25T11:52:12 EndTime=2021-11-25T12:01:36 Deadline=N/A
   SuspendTime=None SecsPreSuspend=0 LastSchedEval=2021-11-25T11:52:12
   Partition=compute AllocNode:Sid=kelvin01:29505
   ReqNodeList=(null) ExcNodeList=(null)
   NodeList=
   BatchHost=kelvin-n030
   NumNodes=1 NumCPUs=12 NumTasks=8 CPUs/Task=1 ReqB:S:C:T=0:0:*:*
   TRES=cpu=12,mem=23000M,node=1,billing=12
   Socks/Node=* NtasksPerN:B:S:C=0:0:*:* CoreSpec=*
   JOB_GRES=(null)
     Nodes=kelvin-n030 CPU_IDs=0-11 Mem=23000 GRES=
   MinCPUsNode=1 MinMemoryNode=23000M MinTmpDiskNode=0
   Features=(null) DelayBoot=00:00:00
   OverSubscribe=NO Contiguous=0 Licenses=(null) Network=(null)
   Command=/home/users/mschpc/2019/zuoy/HPC/NeuralNetwork/parallel/scripts/script_HJBLQ_d200_b64_n8.sh
   WorkDir=/home/users/mschpc/2019/zuoy/HPC/NeuralNetwork/parallel
   StdErr=/home/users/mschpc/2019/zuoy/HPC/NeuralNetwork/parallel/output/slurm-23907.out
   StdIn=/dev/null
   StdOut=/home/users/mschpc/2019/zuoy/HPC/NeuralNetwork/parallel/output/slurm-23907.out
   Power=
   NtasksPerTRES:0


Disk quota details:
===================

Quota Type           Name  Filesystem     Usage in MB     Limit in MB    % Used
-------------------------------------------------------------------------------
USER                 zuoy       /home             146          51,200     0.29%

GROUP              mschpc   /projects             999          51,200     1.95%
GROUP          pi-dgolden   /projects               0          51,200     0.00%


SLURM Bank Statement:
=====================

User           Usage |        Account     Usage | Account Limit Available (CPU hrs)
---------- --------- + -------------- --------- + ------------- ---------
zuoy          28,309 |   HPC_21_01207    28,309 |       100,000    71,691


Acknowledgements:
=================

Note that usage of TCHPC Resources *must* be acknowledged in all publications.

Please see this page for details relevant to this cluster:

http://www.tchpc.tcd.ie/resources/acknowledgementpolicy

################################################################################
