Parallel Mode: Ring-Allreduce
Dimension: 300
Total time: 1
Number of time intervals: 20
Learning rate: 0.01
y_init_range: 0, 1
Number of neurons in each hidden layer of each subnet: 110, 110, 
Epochs: 3000
Batch size: 1
Sample size: 256
Logging frequency: 100
Model name: HJBLQ_parallel_
Number of processors: 128


Training:
Epoch:100
In training set, loss: 65.8953, Y0: 4.55034

Epoch:200
In training set, loss: 17.6459, Y0: 5.02961

Epoch:300
In training set, loss: 12.7958, Y0: 5.11166

Epoch:400
In training set, loss: 9.82924, Y0: 5.14992

Epoch:500
In training set, loss: 7.80704, Y0: 5.17841

Epoch:600
In training set, loss: 6.37992, Y0: 5.20173

Epoch:700
In training set, loss: 5.34111, Y0: 5.22133

Epoch:800
In training set, loss: 4.56368, Y0: 5.23803

Epoch:900
In training set, loss: 3.96707, Y0: 5.25247

Epoch:1000
In training set, loss: 3.49901, Y0: 5.26505

Epoch:1100
In training set, loss: 3.12428, Y0: 5.27618

Epoch:1200
In training set, loss: 2.81895, Y0: 5.28604

Epoch:1300
In training set, loss: 2.56618, Y0: 5.29488

Epoch:1400
In training set, loss: 2.35392, Y0: 5.30283

Epoch:1500
In training set, loss: 2.17341, Y0: 5.31003

Epoch:1600
In training set, loss: 2.01816, Y0: 5.31658

Epoch:1700
In training set, loss: 1.88322, Y0: 5.32259

Epoch:1800
In training set, loss: 1.76491, Y0: 5.3281

Epoch:1900
In training set, loss: 1.66033, Y0: 5.33317

Epoch:2000
In training set, loss: 1.56721, Y0: 5.33786

Epoch:2100
In training set, loss: 1.48376, Y0: 5.34222

Epoch:2200
In training set, loss: 1.40853, Y0: 5.34626

Epoch:2300
In training set, loss: 1.34036, Y0: 5.35005

Epoch:2400
In training set, loss: 1.2783, Y0: 5.35358

Epoch:2500
In training set, loss: 1.22157, Y0: 5.35689

Epoch:2600
In training set, loss: 1.1695, Y0: 5.35999

Epoch:2700
In training set, loss: 1.12153, Y0: 5.36294

Epoch:2800
In training set, loss: 1.0772, Y0: 5.36571

Epoch:2900
In training set, loss: 1.03614, Y0: 5.36832

Epoch:3000
In training set, loss: 0.997977, Y0: 5.37078



###############################################################################
TCHPC Cluster: kelvin
Job 21489 (BSDE_job_4_procs) for User 'zuoy' in Account 'hpc_21_01207'
Finished at: Fri Nov 19 00:13:35 GMT 2021

Job efficiency estimates:
=========================

Job ID: 21489
Cluster: kelvin
User/Group: zuoy/zuoy
State: COMPLETED (exit code 0)
Nodes: 11
Cores per node: 12
CPU Utilized: 02:10:20
CPU Efficiency: 8.87% of 1-00:29:36 core-walltime
Job Wall-clock time: 00:11:08
Memory Utilized: 704.44 MB
Memory Efficiency: 0.28% of 247.07 GB

Job completion status:
======================

       JobID    JobName AllocCPUS NTasks NNodes     MaxRSS    MaxRSSNode  MaxDiskRead MaxDiskWrite    Elapsed      State ExitCode 
------------ ---------- --------- ------ ------ ---------- ------------- ------------ ------------ ---------- ---------- -------- 
21489        BSDE_job_+       132            11                                                      00:11:08  COMPLETED      0:0 
21489.batch       batch        12      1      1    721348K   kelvin-n006        0.86M        0.01M   00:11:08  COMPLETED      0:0 
21489.0           orted       120     10     10                                                      00:11:07  COMPLETED      0:0 


Job details:
============

JobId=21489 JobName=BSDE_job_4_procs
   UserId=zuoy(1582) GroupId=zuoy(1252) MCS_label=N/A
   Priority=11100006 Nice=0 Account=hpc_21_01207 QOS=normal
   JobState=COMPLETING Reason=None Dependency=(null)
   Requeue=0 Restarts=0 BatchFlag=1 Reboot=0 ExitCode=0:0
   DerivedExitCode=0:0
   RunTime=00:11:08 TimeLimit=23:00:00 TimeMin=N/A
   SubmitTime=2021-11-18T22:23:03 EligibleTime=2021-11-18T22:23:03
   AccrueTime=2021-11-18T22:23:03
   StartTime=2021-11-19T00:02:27 EndTime=2021-11-19T00:13:35 Deadline=N/A
   SuspendTime=None SecsPreSuspend=0 LastSchedEval=2021-11-19T00:02:27
   Partition=compute AllocNode:Sid=kelvin01:15357
   ReqNodeList=(null) ExcNodeList=(null)
   NodeList=kelvin-n[008,022,024,029,032-033,039,041-042,050]
   BatchHost=kelvin-n006
   NumNodes=10 NumCPUs=132 NumTasks=128 CPUs/Task=1 ReqB:S:C:T=0:0:*:*
   TRES=cpu=132,mem=253000M,node=11,billing=132
   Socks/Node=* NtasksPerN:B:S:C=0:0:*:* CoreSpec=*
   JOB_GRES=(null)
     Nodes=kelvin-n[006,008,022,024,029,032-033,039,041-042,050] CPU_IDs=0-11 Mem=23000 GRES=
   MinCPUsNode=1 MinMemoryNode=23000M MinTmpDiskNode=0
   Features=(null) DelayBoot=00:00:00
   OverSubscribe=NO Contiguous=0 Licenses=(null) Network=(null)
   Command=/home/users/mschpc/2019/zuoy/HPC/NeuralNetwork/parallel/scripts/script_HJBLQ_d300_b1_n128.sh
   WorkDir=/home/users/mschpc/2019/zuoy/HPC/NeuralNetwork/parallel
   StdErr=/home/users/mschpc/2019/zuoy/HPC/NeuralNetwork/parallel/output/slurm-21489.out
   StdIn=/dev/null
   StdOut=/home/users/mschpc/2019/zuoy/HPC/NeuralNetwork/parallel/output/slurm-21489.out
   Power=
   NtasksPerTRES:0


Disk quota details:
===================

Quota Type           Name  Filesystem     Usage in MB     Limit in MB    % Used
-------------------------------------------------------------------------------
USER                 zuoy       /home             104          51,200     0.20%

GROUP              mschpc   /projects             999          51,200     1.95%
GROUP          pi-dgolden   /projects               0          51,200     0.00%


SLURM Bank Statement:
=====================

User           Usage |        Account     Usage | Account Limit Available (CPU hrs)
---------- --------- + -------------- --------- + ------------- ---------
zuoy           9,430 |   HPC_21_01207     9,430 |       100,000    90,570


Acknowledgements:
=================

Note that usage of TCHPC Resources *must* be acknowledged in all publications.

Please see this page for details relevant to this cluster:

http://www.tchpc.tcd.ie/resources/acknowledgementpolicy

################################################################################
