Parallel Mode: Ring-Allreduce
Dimension: 200
Total time: 0.3
Number of time intervals: 20
Learning rate: 0.0005
y_init_range: 0.3, 0.5
Number of neurons in each hidden layer of each subnet: 110, 110, 
Epochs: 4000
Batch size: 1
Sample size: 256
Logging frequency: 100
Model name: AllenCahn_parallel_
Number of processors: 32


Training:
Epoch:100
In training set, loss: 4.43271, Y0: 0.24251

Epoch:200
In training set, loss: 3.15928, Y0: 0.198539

Epoch:300
In training set, loss: 2.38896, Y0: 0.164415

Epoch:400
In training set, loss: 1.9132, Y0: 0.137699

Epoch:500
In training set, loss: 1.61468, Y0: 0.116667

Epoch:600
In training set, loss: 1.4247, Y0: 0.100049

Epoch:700
In training set, loss: 1.30192, Y0: 0.0868865

Epoch:800
In training set, loss: 1.22109, Y0: 0.0764439

Epoch:900
In training set, loss: 1.16657, Y0: 0.0681487

Epoch:1000
In training set, loss: 1.12863, Y0: 0.0615529

Epoch:1100
In training set, loss: 1.10118, Y0: 0.0563041

Epoch:1200
In training set, loss: 1.08039, Y0: 0.0521242

Epoch:1300
In training set, loss: 1.06385, Y0: 0.0487931

Epoch:1400
In training set, loss: 1.05004, Y0: 0.0461365

Epoch:1500
In training set, loss: 1.03801, Y0: 0.044016

Epoch:1600
In training set, loss: 1.02713, Y0: 0.0423217

Epoch:1700
In training set, loss: 1.01704, Y0: 0.0409667

Epoch:1800
In training set, loss: 1.00748, Y0: 0.0398814

Epoch:1900
In training set, loss: 0.998303, Y0: 0.0390109

Epoch:2000
In training set, loss: 0.989405, Y0: 0.0383111

Epoch:2100
In training set, loss: 0.980725, Y0: 0.0377474

Epoch:2200
In training set, loss: 0.97222, Y0: 0.0372919

Epoch:2300
In training set, loss: 0.963867, Y0: 0.0369226

Epoch:2400
In training set, loss: 0.955646, Y0: 0.0366219

Epoch:2500
In training set, loss: 0.947548, Y0: 0.036376

Epoch:2600
In training set, loss: 0.939563, Y0: 0.0361736

Epoch:2700
In training set, loss: 0.931687, Y0: 0.0360059

Epoch:2800
In training set, loss: 0.923915, Y0: 0.0358658

Epoch:2900
In training set, loss: 0.916244, Y0: 0.0357478

Epoch:3000
In training set, loss: 0.908671, Y0: 0.0356474

Epoch:3100
In training set, loss: 0.901195, Y0: 0.0355609

Epoch:3200
In training set, loss: 0.893813, Y0: 0.0354857

Epoch:3300
In training set, loss: 0.886524, Y0: 0.0354193

Epoch:3400
In training set, loss: 0.879326, Y0: 0.0353601

Epoch:3500
In training set, loss: 0.872218, Y0: 0.0353067

Epoch:3600
In training set, loss: 0.865199, Y0: 0.0352577

Epoch:3700
In training set, loss: 0.858267, Y0: 0.0352125

Epoch:3800
In training set, loss: 0.851421, Y0: 0.0351702

Epoch:3900
In training set, loss: 0.844658, Y0: 0.0351303

Epoch:4000
In training set, loss: 0.83798, Y0: 0.0350923



###############################################################################
TCHPC Cluster: kelvin
Job 21347 (BSDE_job_4_procs) for User 'zuoy' in Account 'hpc_21_01207'
Finished at: Thu Nov 18 19:39:15 GMT 2021

Job efficiency estimates:
=========================

Job ID: 21347
Cluster: kelvin
User/Group: zuoy/zuoy
State: COMPLETED (exit code 0)
Nodes: 3
Cores per node: 12
CPU Utilized: 01:56:18
CPU Efficiency: 30.24% of 06:24:36 core-walltime
Job Wall-clock time: 00:10:41
Memory Utilized: 535.06 MB
Memory Efficiency: 0.78% of 67.38 GB

Job completion status:
======================

       JobID    JobName AllocCPUS NTasks NNodes     MaxRSS    MaxRSSNode  MaxDiskRead MaxDiskWrite    Elapsed      State ExitCode 
------------ ---------- --------- ------ ------ ---------- ------------- ------------ ------------ ---------- ---------- -------- 
21347        BSDE_job_+        36             3                                                      00:10:41  COMPLETED      0:0 
21347.batch       batch        12      1      1    547900K   kelvin-n001        0.86M        0.01M   00:10:41  COMPLETED      0:0 
21347.0           orted        24      2      2                                                      00:10:40  COMPLETED      0:0 


Job details:
============

JobId=21347 JobName=BSDE_job_4_procs
   UserId=zuoy(1582) GroupId=zuoy(1252) MCS_label=N/A
   Priority=11207296 Nice=0 Account=hpc_21_01207 QOS=normal
   JobState=COMPLETING Reason=None Dependency=(null)
   Requeue=0 Restarts=0 BatchFlag=1 Reboot=0 ExitCode=0:0
   DerivedExitCode=0:0
   RunTime=00:10:41 TimeLimit=23:00:00 TimeMin=N/A
   SubmitTime=2021-11-18T14:03:16 EligibleTime=2021-11-18T14:03:16
   AccrueTime=2021-11-18T14:03:16
   StartTime=2021-11-18T19:28:33 EndTime=2021-11-18T19:39:14 Deadline=N/A
   SuspendTime=None SecsPreSuspend=0 LastSchedEval=2021-11-18T19:28:33
   Partition=compute AllocNode:Sid=kelvin01:471
   ReqNodeList=(null) ExcNodeList=(null)
   NodeList=kelvin-n[023-024]
   BatchHost=kelvin-n001
   NumNodes=2 NumCPUs=36 NumTasks=32 CPUs/Task=1 ReqB:S:C:T=0:0:*:*
   TRES=cpu=36,mem=69000M,node=3,billing=36
   Socks/Node=* NtasksPerN:B:S:C=0:0:*:* CoreSpec=*
   JOB_GRES=(null)
     Nodes=kelvin-n[001,023-024] CPU_IDs=0-11 Mem=23000 GRES=
   MinCPUsNode=1 MinMemoryNode=23000M MinTmpDiskNode=0
   Features=(null) DelayBoot=00:00:00
   OverSubscribe=NO Contiguous=0 Licenses=(null) Network=(null)
   Command=/home/users/mschpc/2019/zuoy/HPC/NeuralNetwork/parallel/scripts/script_AllenCahn_d200_b1_n32.sh
   WorkDir=/home/users/mschpc/2019/zuoy/HPC/NeuralNetwork/parallel
   StdErr=/home/users/mschpc/2019/zuoy/HPC/NeuralNetwork/parallel/output/slurm-21347.out
   StdIn=/dev/null
   StdOut=/home/users/mschpc/2019/zuoy/HPC/NeuralNetwork/parallel/output/slurm-21347.out
   Power=
   NtasksPerTRES:0


Disk quota details:
===================

Quota Type           Name  Filesystem     Usage in MB     Limit in MB    % Used
-------------------------------------------------------------------------------
USER                 zuoy       /home             104          51,200     0.20%

GROUP              mschpc   /projects             999          51,200     1.95%
GROUP          pi-dgolden   /projects               0          51,200     0.00%


SLURM Bank Statement:
=====================

User           Usage |        Account     Usage | Account Limit Available (CPU hrs)
---------- --------- + -------------- --------- + ------------- ---------
zuoy           9,140 |   HPC_21_01207     9,140 |       100,000    90,860


Acknowledgements:
=================

Note that usage of TCHPC Resources *must* be acknowledged in all publications.

Please see this page for details relevant to this cluster:

http://www.tchpc.tcd.ie/resources/acknowledgementpolicy

################################################################################
