Parallel Mode: Ring-Allreduce
Dimension: 100
Total time: 1
Number of time intervals: 20
Learning rate: 0.01
y_init_range: 0, 1
Number of neurons in each hidden layer of each subnet: 110, 110, 
Epochs: 1000
Batch size: 64
Sample size: 1024
Logging frequency: 100
Model name: HJBLQ_parallel_
Number of processors: 32


Training:
Epoch:100
In training set, loss: 38.7868, Y0: 4.51557

Epoch:200
In training set, loss: 33.3421, Y0: 4.53104

Epoch:300
In training set, loss: 31.4511, Y0: 4.53671

Epoch:400
In training set, loss: 30.3752, Y0: 4.53937

Epoch:500
In training set, loss: 29.5347, Y0: 4.54087

Epoch:600
In training set, loss: 28.7816, Y0: 4.54183

Epoch:700
In training set, loss: 28.0718, Y0: 4.54252

Epoch:800
In training set, loss: 27.3903, Y0: 4.54306

Epoch:900
In training set, loss: 26.7316, Y0: 4.5435

Epoch:1000
In training set, loss: 26.0929, Y0: 4.5439



###############################################################################
TCHPC Cluster: kelvin
Job 23854 (BSDE_job_4_procs) for User 'zuoy' in Account 'hpc_21_01207'
Finished at: Thu Nov 25 11:25:52 GMT 2021

Job efficiency estimates:
=========================

Job ID: 23854
Cluster: kelvin
User/Group: zuoy/zuoy
State: COMPLETED (exit code 0)
Nodes: 3
Cores per node: 12
CPU Utilized: 00:39:15
CPU Efficiency: 30.15% of 02:10:12 core-walltime
Job Wall-clock time: 00:03:37
Memory Utilized: 584.73 MB
Memory Efficiency: 0.85% of 67.38 GB

Job completion status:
======================

       JobID    JobName AllocCPUS NTasks NNodes     MaxRSS    MaxRSSNode  MaxDiskRead MaxDiskWrite    Elapsed      State ExitCode 
------------ ---------- --------- ------ ------ ---------- ------------- ------------ ------------ ---------- ---------- -------- 
23854        BSDE_job_+        36             3                                                      00:03:37  COMPLETED      0:0 
23854.batch       batch        12      1      1    598768K   kelvin-n035        0.86M        0.01M   00:03:37  COMPLETED      0:0 
23854.0           orted        24      2      2                                                      00:03:36  COMPLETED      0:0 


Job details:
============

JobId=23854 JobName=BSDE_job_4_procs
   UserId=zuoy(1582) GroupId=zuoy(1252) MCS_label=N/A
   Priority=10870734 Nice=0 Account=hpc_21_01207 QOS=normal
   JobState=COMPLETING Reason=None Dependency=(null)
   Requeue=0 Restarts=0 BatchFlag=1 Reboot=0 ExitCode=0:0
   DerivedExitCode=0:0
   RunTime=00:03:37 TimeLimit=23:00:00 TimeMin=N/A
   SubmitTime=2021-11-24T22:48:05 EligibleTime=2021-11-24T22:48:05
   AccrueTime=2021-11-24T22:48:05
   StartTime=2021-11-25T11:22:15 EndTime=2021-11-25T11:25:52 Deadline=N/A
   SuspendTime=None SecsPreSuspend=0 LastSchedEval=2021-11-25T11:22:15
   Partition=compute AllocNode:Sid=kelvin01:6560
   ReqNodeList=(null) ExcNodeList=(null)
   NodeList=kelvin-n[036,046]
   BatchHost=kelvin-n035
   NumNodes=2 NumCPUs=36 NumTasks=32 CPUs/Task=1 ReqB:S:C:T=0:0:*:*
   TRES=cpu=36,mem=69000M,node=3,billing=36
   Socks/Node=* NtasksPerN:B:S:C=0:0:*:* CoreSpec=*
   JOB_GRES=(null)
     Nodes=kelvin-n[035-036,046] CPU_IDs=0-11 Mem=23000 GRES=
   MinCPUsNode=1 MinMemoryNode=23000M MinTmpDiskNode=0
   Features=(null) DelayBoot=00:00:00
   OverSubscribe=NO Contiguous=0 Licenses=(null) Network=(null)
   Command=/home/users/mschpc/2019/zuoy/HPC/NeuralNetwork/parallel/scripts/script_HJBLQ_d100_b64_n32.sh
   WorkDir=/home/users/mschpc/2019/zuoy/HPC/NeuralNetwork/parallel
   StdErr=/home/users/mschpc/2019/zuoy/HPC/NeuralNetwork/parallel/output/slurm-23854.out
   StdIn=/dev/null
   StdOut=/home/users/mschpc/2019/zuoy/HPC/NeuralNetwork/parallel/output/slurm-23854.out
   Power=
   NtasksPerTRES:0


Disk quota details:
===================

Quota Type           Name  Filesystem     Usage in MB     Limit in MB    % Used
-------------------------------------------------------------------------------
USER                 zuoy       /home             143          51,200     0.28%

GROUP              mschpc   /projects             999          51,200     1.95%
GROUP          pi-dgolden   /projects               0          51,200     0.00%


SLURM Bank Statement:
=====================

User           Usage |        Account     Usage | Account Limit Available (CPU hrs)
---------- --------- + -------------- --------- + ------------- ---------
zuoy          28,229 |   HPC_21_01207    28,229 |       100,000    71,771


Acknowledgements:
=================

Note that usage of TCHPC Resources *must* be acknowledged in all publications.

Please see this page for details relevant to this cluster:

http://www.tchpc.tcd.ie/resources/acknowledgementpolicy

################################################################################
