Parallel Mode: Ring-Allreduce
Dimension: 100
Total time: 0.2
Number of time intervals: 20
Learning rate: 0.0005
y_init_range: 0.2, 0.5
Number of neurons in each hidden layer of each subnet: 110, 110, 
Epochs: 4000
Batch size: 1
Sample size: 1024
Logging frequency: 100
Model name: AllenCahn_parallel_
Number of processors: 8


Training:
Epoch:100
In training set, loss: 5.63493, Y0: 0.0650892

Epoch:200
In training set, loss: 5.46891, Y0: 0.0636788

Epoch:300
In training set, loss: 5.31933, Y0: 0.0638912

Epoch:400
In training set, loss: 5.18356, Y0: 0.0641106

Epoch:500
In training set, loss: 5.06017, Y0: 0.0643177

Epoch:600
In training set, loss: 4.9479, Y0: 0.0645129

Epoch:700
In training set, loss: 4.84563, Y0: 0.0646972

Epoch:800
In training set, loss: 4.75235, Y0: 0.0648711

Epoch:900
In training set, loss: 4.66717, Y0: 0.0650353

Epoch:1000
In training set, loss: 4.58928, Y0: 0.0651906

Epoch:1100
In training set, loss: 4.51797, Y0: 0.0653373

Epoch:1200
In training set, loss: 4.4526, Y0: 0.0654761

Epoch:1300
In training set, loss: 4.3926, Y0: 0.0656075

Epoch:1400
In training set, loss: 4.33745, Y0: 0.0657319

Epoch:1500
In training set, loss: 4.28669, Y0: 0.0658496

Epoch:1600
In training set, loss: 4.2399, Y0: 0.0659612

Epoch:1700
In training set, loss: 4.19672, Y0: 0.0660671

Epoch:1800
In training set, loss: 4.15681, Y0: 0.0661674

Epoch:1900
In training set, loss: 4.11986, Y0: 0.0662626

Epoch:2000
In training set, loss: 4.0856, Y0: 0.066353

Epoch:2100
In training set, loss: 4.05379, Y0: 0.0664387

Epoch:2200
In training set, loss: 4.0242, Y0: 0.0665202

Epoch:2300
In training set, loss: 3.99664, Y0: 0.0665976

Epoch:2400
In training set, loss: 3.97092, Y0: 0.0666711

Epoch:2500
In training set, loss: 3.94688, Y0: 0.0667409

Epoch:2600
In training set, loss: 3.92438, Y0: 0.0668074

Epoch:2700
In training set, loss: 3.90327, Y0: 0.0668705

Epoch:2800
In training set, loss: 3.88344, Y0: 0.0669305

Epoch:2900
In training set, loss: 3.86478, Y0: 0.0669877

Epoch:3000
In training set, loss: 3.84719, Y0: 0.0670422

Epoch:3100
In training set, loss: 3.83058, Y0: 0.067094

Epoch:3200
In training set, loss: 3.81486, Y0: 0.0671433

Epoch:3300
In training set, loss: 3.79996, Y0: 0.0671903

Epoch:3400
In training set, loss: 3.78582, Y0: 0.0672351

Epoch:3500
In training set, loss: 3.77237, Y0: 0.0672778

Epoch:3600
In training set, loss: 3.75955, Y0: 0.0673184

Epoch:3700
In training set, loss: 3.74731, Y0: 0.0673572

Epoch:3800
In training set, loss: 3.7356, Y0: 0.0673941

Epoch:3900
In training set, loss: 3.72439, Y0: 0.0674295

Epoch:4000
In training set, loss: 3.71363, Y0: 0.0674631



###############################################################################
TCHPC Cluster: kelvin
Job 22383 (BSDE_job_4_procs) for User 'zuoy' in Account 'hpc_21_01207'
Finished at: Sun Nov 21 04:58:39 GMT 2021

Job efficiency estimates:
=========================

Job ID: 22383
Cluster: kelvin
User/Group: zuoy/zuoy
State: COMPLETED (exit code 0)
Nodes: 1
Cores per node: 12
CPU Utilized: 05:16:54
CPU Efficiency: 66.60% of 07:55:48 core-walltime
Job Wall-clock time: 00:39:39
Memory Utilized: 417.95 MB
Memory Efficiency: 1.82% of 22.46 GB

Job completion status:
======================

       JobID    JobName AllocCPUS NTasks NNodes     MaxRSS    MaxRSSNode  MaxDiskRead MaxDiskWrite    Elapsed      State ExitCode 
------------ ---------- --------- ------ ------ ---------- ------------- ------------ ------------ ---------- ---------- -------- 
22383        BSDE_job_+        12             1                                                      00:39:39  COMPLETED      0:0 
22383.batch       batch        12      1      1    427976K   kelvin-n082        0.86M        0.01M   00:39:39  COMPLETED      0:0 


Job details:
============

JobId=22383 JobName=BSDE_job_4_procs
   UserId=zuoy(1582) GroupId=zuoy(1252) MCS_label=N/A
   Priority=11054415 Nice=0 Account=hpc_21_01207 QOS=normal
   JobState=COMPLETING Reason=None Dependency=(null)
   Requeue=0 Restarts=0 BatchFlag=1 Reboot=0 ExitCode=0:0
   DerivedExitCode=0:0
   RunTime=00:39:39 TimeLimit=23:00:00 TimeMin=N/A
   SubmitTime=2021-11-21T02:09:20 EligibleTime=2021-11-21T02:09:20
   AccrueTime=2021-11-21T02:09:20
   StartTime=2021-11-21T04:19:00 EndTime=2021-11-21T04:58:39 Deadline=N/A
   SuspendTime=None SecsPreSuspend=0 LastSchedEval=2021-11-21T04:19:00
   Partition=compute AllocNode:Sid=kelvin01:32460
   ReqNodeList=(null) ExcNodeList=(null)
   NodeList=
   BatchHost=kelvin-n082
   NumNodes=1 NumCPUs=12 NumTasks=8 CPUs/Task=1 ReqB:S:C:T=0:0:*:*
   TRES=cpu=12,mem=23000M,node=1,billing=12
   Socks/Node=* NtasksPerN:B:S:C=0:0:*:* CoreSpec=*
   JOB_GRES=(null)
     Nodes=kelvin-n082 CPU_IDs=0-11 Mem=23000 GRES=
   MinCPUsNode=1 MinMemoryNode=23000M MinTmpDiskNode=0
   Features=(null) DelayBoot=00:00:00
   OverSubscribe=NO Contiguous=0 Licenses=(null) Network=(null)
   Command=/home/users/mschpc/2019/zuoy/HPC/NeuralNetwork/parallel/scripts/script_AllenCahn_d300_b1_n8.sh
   WorkDir=/home/users/mschpc/2019/zuoy/HPC/NeuralNetwork/parallel
   StdErr=/home/users/mschpc/2019/zuoy/HPC/NeuralNetwork/parallel/output/slurm-22383.out
   StdIn=/dev/null
   StdOut=/home/users/mschpc/2019/zuoy/HPC/NeuralNetwork/parallel/output/slurm-22383.out
   Power=
   NtasksPerTRES:0


Disk quota details:
===================

Quota Type           Name  Filesystem     Usage in MB     Limit in MB    % Used
-------------------------------------------------------------------------------
USER                 zuoy       /home             120          51,200     0.24%

GROUP              mschpc   /projects             999          51,200     1.95%
GROUP          pi-dgolden   /projects               0          51,200     0.00%


SLURM Bank Statement:
=====================

User           Usage |        Account     Usage | Account Limit Available (CPU hrs)
---------- --------- + -------------- --------- + ------------- ---------
zuoy          16,137 |   HPC_21_01207    16,137 |       100,000    83,863


Acknowledgements:
=================

Note that usage of TCHPC Resources *must* be acknowledged in all publications.

Please see this page for details relevant to this cluster:

http://www.tchpc.tcd.ie/resources/acknowledgementpolicy

################################################################################
