Parallel Mode: Ring-Allreduce
Dimension: 200
Total time: 1
Number of time intervals: 40
Learning rate: 0.01
y_init_range: 40, 50
Number of neurons in each hidden layer of each subnet: 110, 110, 
Epochs: 1000
Batch size: 64
Sample size: 256
Logging frequency: 100
Model name: pricing_default_risk_parallel_
Number of processors: 4


Training:
Epoch:100
In training set, loss: 5369.06, Y0: 48.5661

Epoch:200
In training set, loss: 2783.1, Y0: 51.6546

Epoch:300
In training set, loss: 2343.73, Y0: 52.8605

Epoch:400
In training set, loss: 2221.28, Y0: 53.3396

Epoch:500
In training set, loss: 2151.43, Y0: 53.5345

Epoch:600
In training set, loss: 2093.35, Y0: 53.6177

Epoch:700
In training set, loss: 2040.65, Y0: 53.6567

Epoch:800
In training set, loss: 1991.75, Y0: 53.6782

Epoch:900
In training set, loss: 1946.32, Y0: 53.6927

Epoch:1000
In training set, loss: 1903.72, Y0: 53.7042



###############################################################################
TCHPC Cluster: kelvin
Job 22340 (BSDE_job_4_procs) for User 'zuoy' in Account 'hpc_21_01207'
Finished at: Sun Nov 21 02:57:59 GMT 2021

Job efficiency estimates:
=========================

Job ID: 22340
Cluster: kelvin
User/Group: zuoy/zuoy
State: COMPLETED (exit code 0)
Nodes: 1
Cores per node: 12
CPU Utilized: 00:49:20
CPU Efficiency: 33.24% of 02:28:24 core-walltime
Job Wall-clock time: 00:12:22
Memory Utilized: 278.26 MB
Memory Efficiency: 1.21% of 22.46 GB

Job completion status:
======================

       JobID    JobName AllocCPUS NTasks NNodes     MaxRSS    MaxRSSNode  MaxDiskRead MaxDiskWrite    Elapsed      State ExitCode 
------------ ---------- --------- ------ ------ ---------- ------------- ------------ ------------ ---------- ---------- -------- 
22340        BSDE_job_+        12             1                                                      00:12:22  COMPLETED      0:0 
22340.batch       batch        12      1      1    284940K   kelvin-n013        0.86M        0.01M   00:12:22  COMPLETED      0:0 


Job details:
============

JobId=22340 JobName=BSDE_job_4_procs
   UserId=zuoy(1582) GroupId=zuoy(1252) MCS_label=N/A
   Priority=11068543 Nice=0 Account=hpc_21_01207 QOS=normal
   JobState=COMPLETING Reason=None Dependency=(null)
   Requeue=0 Restarts=0 BatchFlag=1 Reboot=0 ExitCode=0:0
   DerivedExitCode=0:0
   RunTime=00:12:22 TimeLimit=23:00:00 TimeMin=N/A
   SubmitTime=2021-11-21T00:06:51 EligibleTime=2021-11-21T00:06:51
   AccrueTime=2021-11-21T00:06:51
   StartTime=2021-11-21T02:45:37 EndTime=2021-11-21T02:57:59 Deadline=N/A
   SuspendTime=None SecsPreSuspend=0 LastSchedEval=2021-11-21T02:45:37
   Partition=compute AllocNode:Sid=kelvin01:32460
   ReqNodeList=(null) ExcNodeList=(null)
   NodeList=
   BatchHost=kelvin-n013
   NumNodes=1 NumCPUs=12 NumTasks=4 CPUs/Task=1 ReqB:S:C:T=0:0:*:*
   TRES=cpu=12,mem=23000M,node=1,billing=12
   Socks/Node=* NtasksPerN:B:S:C=0:0:*:* CoreSpec=*
   JOB_GRES=(null)
     Nodes=kelvin-n013 CPU_IDs=0-11 Mem=23000 GRES=
   MinCPUsNode=1 MinMemoryNode=23000M MinTmpDiskNode=0
   Features=(null) DelayBoot=00:00:00
   OverSubscribe=NO Contiguous=0 Licenses=(null) Network=(null)
   Command=/home/users/mschpc/2019/zuoy/HPC/NeuralNetwork/parallel/scripts/script_PricingDefaultRisk_d200_b64_n4.sh
   WorkDir=/home/users/mschpc/2019/zuoy/HPC/NeuralNetwork/parallel
   StdErr=/home/users/mschpc/2019/zuoy/HPC/NeuralNetwork/parallel/output/slurm-22340.out
   StdIn=/dev/null
   StdOut=/home/users/mschpc/2019/zuoy/HPC/NeuralNetwork/parallel/output/slurm-22340.out
   Power=
   NtasksPerTRES:0


Disk quota details:
===================

Quota Type           Name  Filesystem     Usage in MB     Limit in MB    % Used
-------------------------------------------------------------------------------
USER                 zuoy       /home             120          51,200     0.24%

GROUP              mschpc   /projects             999          51,200     1.95%
GROUP          pi-dgolden   /projects               0          51,200     0.00%


SLURM Bank Statement:
=====================

User           Usage |        Account     Usage | Account Limit Available (CPU hrs)
---------- --------- + -------------- --------- + ------------- ---------
zuoy          15,421 |   HPC_21_01207    15,421 |       100,000    84,579


Acknowledgements:
=================

Note that usage of TCHPC Resources *must* be acknowledged in all publications.

Please see this page for details relevant to this cluster:

http://www.tchpc.tcd.ie/resources/acknowledgementpolicy

################################################################################
