Parallel Mode: Master-Slave
Dimension: 300
Total time: 1
Number of time intervals: 20
Learning rate: 0.01
y_init_range: 0, 1
Number of neurons in each hidden layer of each subnet: 110, 110, 
Epochs: 1000
Batch size: 1
Sample size: 1024
Logging frequency: 100
Model name: HJBLQ_parallel_
Number of processors: 64


Training:
Epoch:100
In training set, loss: 26.6815, Y0: 5.55027

Epoch:200
In training set, loss: 12.4776, Y0: 5.61932

Epoch:300
In training set, loss: 8.6334, Y0: 5.64818

Epoch:400
In training set, loss: 7.18583, Y0: 5.66258

Epoch:500
In training set, loss: 6.52385, Y0: 5.67056

Epoch:600
In training set, loss: 6.17924, Y0: 5.6753

Epoch:700
In training set, loss: 5.98034, Y0: 5.67826

Epoch:800
In training set, loss: 5.85426, Y0: 5.6802

Epoch:900
In training set, loss: 5.76683, Y0: 5.6815

Epoch:1000
In training set, loss: 5.7009, Y0: 5.6824



###############################################################################
TCHPC Cluster: kelvin
Job 22977 (BSDE_job_4_procs) for User 'zuoy' in Account 'hpc_21_01207'
Finished at: Mon Nov 22 06:40:08 GMT 2021

Job efficiency estimates:
=========================

Job ID: 22977
Cluster: kelvin
User/Group: zuoy/zuoy
State: COMPLETED (exit code 0)
Nodes: 6
Cores per node: 12
CPU Utilized: 02:07:12
CPU Efficiency: 15.12% of 14:01:12 core-walltime
Job Wall-clock time: 00:11:41
Memory Utilized: 1.06 GB
Memory Efficiency: 0.78% of 134.77 GB

Job completion status:
======================

       JobID    JobName AllocCPUS NTasks NNodes     MaxRSS    MaxRSSNode  MaxDiskRead MaxDiskWrite    Elapsed      State ExitCode 
------------ ---------- --------- ------ ------ ---------- ------------- ------------ ------------ ---------- ---------- -------- 
22977        BSDE_job_+        72             6                                                      00:11:41  COMPLETED      0:0 
22977.batch       batch        12      1      1   1108916K   kelvin-n035        0.86M        0.01M   00:11:41  COMPLETED      0:0 
22977.0           orted        60      5      5                                                      00:11:40  COMPLETED      0:0 


Job details:
============

JobId=22977 JobName=BSDE_job_4_procs
   UserId=zuoy(1582) GroupId=zuoy(1252) MCS_label=N/A
   Priority=10624797 Nice=0 Account=hpc_21_01207 QOS=normal
   JobState=COMPLETING Reason=None Dependency=(null)
   Requeue=0 Restarts=0 BatchFlag=1 Reboot=0 ExitCode=0:0
   DerivedExitCode=0:0
   RunTime=00:11:41 TimeLimit=23:00:00 TimeMin=N/A
   SubmitTime=2021-11-22T02:13:27 EligibleTime=2021-11-22T02:13:27
   AccrueTime=2021-11-22T02:13:27
   StartTime=2021-11-22T06:28:27 EndTime=2021-11-22T06:40:08 Deadline=N/A
   SuspendTime=None SecsPreSuspend=0 LastSchedEval=2021-11-22T06:28:27
   Partition=compute AllocNode:Sid=kelvin01:12189
   ReqNodeList=(null) ExcNodeList=(null)
   NodeList=kelvin-n[040-042,044-045]
   BatchHost=kelvin-n035
   NumNodes=5 NumCPUs=72 NumTasks=64 CPUs/Task=1 ReqB:S:C:T=0:0:*:*
   TRES=cpu=72,mem=138000M,node=6,billing=72
   Socks/Node=* NtasksPerN:B:S:C=0:0:*:* CoreSpec=*
   JOB_GRES=(null)
     Nodes=kelvin-n[035,040-042,044-045] CPU_IDs=0-11 Mem=23000 GRES=
   MinCPUsNode=1 MinMemoryNode=23000M MinTmpDiskNode=0
   Features=(null) DelayBoot=00:00:00
   OverSubscribe=NO Contiguous=0 Licenses=(null) Network=(null)
   Command=/home/users/mschpc/2019/zuoy/HPC/NeuralNetwork/parallel/scripts/script_HJBLQ_d300_b1_n64.sh
   WorkDir=/home/users/mschpc/2019/zuoy/HPC/NeuralNetwork/parallel
   StdErr=/home/users/mschpc/2019/zuoy/HPC/NeuralNetwork/parallel/output/slurm-22977.out
   StdIn=/dev/null
   StdOut=/home/users/mschpc/2019/zuoy/HPC/NeuralNetwork/parallel/output/slurm-22977.out
   Power=
   NtasksPerTRES:0


Disk quota details:
===================

Quota Type           Name  Filesystem     Usage in MB     Limit in MB    % Used
-------------------------------------------------------------------------------
USER                 zuoy       /home             130          51,200     0.26%

GROUP              mschpc   /projects             999          51,200     1.95%
GROUP          pi-dgolden   /projects               0          51,200     0.00%


SLURM Bank Statement:
=====================

User           Usage |        Account     Usage | Account Limit Available (CPU hrs)
---------- --------- + -------------- --------- + ------------- ---------
zuoy          25,687 |   HPC_21_01207    25,687 |       100,000    74,313


Acknowledgements:
=================

Note that usage of TCHPC Resources *must* be acknowledged in all publications.

Please see this page for details relevant to this cluster:

http://www.tchpc.tcd.ie/resources/acknowledgementpolicy

################################################################################
