Parallel Mode: Ring-Allreduce
Dimension: 300
Total time: 1
Number of time intervals: 20
Learning rate: 0.01
y_init_range: 0, 1
Number of neurons in each hidden layer of each subnet: 110, 110, 
Epochs: 1000
Batch size: 64
Sample size: 1024
Logging frequency: 100
Model name: HJBLQ_parallel_
Number of processors: 128


Training:
Epoch:100
In training set, loss: 45.0503, Y0: 5.50413

Epoch:200
In training set, loss: 24.5605, Y0: 5.5706

Epoch:300
In training set, loss: 16.0689, Y0: 5.60697

Epoch:400
In training set, loss: 12.0317, Y0: 5.62934

Epoch:500
In training set, loss: 9.87128, Y0: 5.64413

Epoch:600
In training set, loss: 8.60271, Y0: 5.65443

Epoch:700
In training set, loss: 7.80402, Y0: 5.66188

Epoch:800
In training set, loss: 7.27412, Y0: 5.66745

Epoch:900
In training set, loss: 6.90817, Y0: 5.67169

Epoch:1000
In training set, loss: 6.64729, Y0: 5.67499



###############################################################################
TCHPC Cluster: kelvin
Job 23704 (BSDE_job_4_procs) for User 'zuoy' in Account 'hpc_21_01207'
Finished at: Thu Nov 25 10:13:05 GMT 2021

Job efficiency estimates:
=========================

Job ID: 23704
Cluster: kelvin
User/Group: zuoy/zuoy
State: COMPLETED (exit code 0)
Nodes: 11
Cores per node: 12
CPU Utilized: 01:05:08
CPU Efficiency: 8.89% of 12:12:36 core-walltime
Job Wall-clock time: 00:05:33
Memory Utilized: 1.13 GB
Memory Efficiency: 0.46% of 247.07 GB

Job completion status:
======================

       JobID    JobName AllocCPUS NTasks NNodes     MaxRSS    MaxRSSNode  MaxDiskRead MaxDiskWrite    Elapsed      State ExitCode 
------------ ---------- --------- ------ ------ ---------- ------------- ------------ ------------ ---------- ---------- -------- 
23704        BSDE_job_+       132            11                                                      00:05:33  COMPLETED      0:0 
23704.batch       batch        12      1      1   1180756K   kelvin-n030        0.86M        0.01M   00:05:33  COMPLETED      0:0 
23704.0           orted       120     10     10                                                      00:05:32  COMPLETED      0:0 


Job details:
============

JobId=23704 JobName=BSDE_job_4_procs
   UserId=zuoy(1582) GroupId=zuoy(1252) MCS_label=N/A
   Priority=11218049 Nice=0 Account=hpc_21_01207 QOS=normal
   JobState=COMPLETING Reason=None Dependency=(null)
   Requeue=0 Restarts=0 BatchFlag=1 Reboot=0 ExitCode=0:0
   DerivedExitCode=0:0
   RunTime=00:05:33 TimeLimit=23:00:00 TimeMin=N/A
   SubmitTime=2021-11-24T10:02:23 EligibleTime=2021-11-24T10:02:23
   AccrueTime=2021-11-24T10:02:23
   StartTime=2021-11-25T10:07:32 EndTime=2021-11-25T10:13:05 Deadline=N/A
   SuspendTime=None SecsPreSuspend=0 LastSchedEval=2021-11-25T10:07:32
   Partition=compute AllocNode:Sid=kelvin01:18898
   ReqNodeList=(null) ExcNodeList=(null)
   NodeList=kelvin-n[031-032,034-036,041-042,044,046,056]
   BatchHost=kelvin-n030
   NumNodes=10 NumCPUs=132 NumTasks=128 CPUs/Task=1 ReqB:S:C:T=0:0:*:*
   TRES=cpu=132,mem=253000M,node=11,billing=132
   Socks/Node=* NtasksPerN:B:S:C=0:0:*:* CoreSpec=*
   JOB_GRES=(null)
     Nodes=kelvin-n[030-032,034-036,041-042,044,046,056] CPU_IDs=0-11 Mem=23000 GRES=
   MinCPUsNode=1 MinMemoryNode=23000M MinTmpDiskNode=0
   Features=(null) DelayBoot=00:00:00
   OverSubscribe=NO Contiguous=0 Licenses=(null) Network=(null)
   Command=/home/users/mschpc/2019/zuoy/HPC/NeuralNetwork/parallel/scripts/script_HJBLQ_d300_b64_n128.sh
   WorkDir=/home/users/mschpc/2019/zuoy/HPC/NeuralNetwork/parallel
   StdErr=/home/users/mschpc/2019/zuoy/HPC/NeuralNetwork/parallel/output/slurm-23704.out
   StdIn=/dev/null
   StdOut=/home/users/mschpc/2019/zuoy/HPC/NeuralNetwork/parallel/output/slurm-23704.out
   Power=
   NtasksPerTRES:0


Disk quota details:
===================

Quota Type           Name  Filesystem     Usage in MB     Limit in MB    % Used
-------------------------------------------------------------------------------
USER                 zuoy       /home             141          51,200     0.28%

GROUP              mschpc   /projects             999          51,200     1.95%
GROUP          pi-dgolden   /projects               0          51,200     0.00%


SLURM Bank Statement:
=====================

User           Usage |        Account     Usage | Account Limit Available (CPU hrs)
---------- --------- + -------------- --------- + ------------- ---------
zuoy          28,086 |   HPC_21_01207    28,086 |       100,000    71,914


Acknowledgements:
=================

Note that usage of TCHPC Resources *must* be acknowledged in all publications.

Please see this page for details relevant to this cluster:

http://www.tchpc.tcd.ie/resources/acknowledgementpolicy

################################################################################
