Parallel Mode: Master-Slave
Dimension: 300
Total time: 1
Number of time intervals: 40
Learning rate: 0.01
y_init_range: 40, 50
Number of neurons in each hidden layer of each subnet: 110, 110, 
Epochs: 1000
Batch size: 1
Sample size: 256
Logging frequency: 100
Model name: pricing_default_risk_parallel_
Number of processors: 64


Training:
Epoch:100
In training set, loss: 1858.37, Y0: 51.9199

Epoch:200
In training set, loss: 1525.87, Y0: 52.225

Epoch:300
In training set, loss: 1292.75, Y0: 52.2875

Epoch:400
In training set, loss: 1120.79, Y0: 52.3378

Epoch:500
In training set, loss: 990.334, Y0: 52.3817

Epoch:600
In training set, loss: 888.839, Y0: 52.42

Epoch:700
In training set, loss: 807.844, Y0: 52.4535

Epoch:800
In training set, loss: 741.919, Y0: 52.4826

Epoch:900
In training set, loss: 687.08, Y0: 52.508

Epoch:1000
In training set, loss: 640.783, Y0: 52.5303



###############################################################################
TCHPC Cluster: kelvin
Job 22875 (BSDE_job_4_procs) for User 'zuoy' in Account 'hpc_21_01207'
Finished at: Mon Nov 22 01:48:14 GMT 2021

Job efficiency estimates:
=========================

Job ID: 22875
Cluster: kelvin
User/Group: zuoy/zuoy
State: COMPLETED (exit code 0)
Nodes: 6
Cores per node: 12
CPU Utilized: 02:24:32
CPU Efficiency: 15.09% of 15:57:36 core-walltime
Job Wall-clock time: 00:13:18
Memory Utilized: 1.02 GB
Memory Efficiency: 0.76% of 134.77 GB

Job completion status:
======================

       JobID    JobName AllocCPUS NTasks NNodes     MaxRSS    MaxRSSNode  MaxDiskRead MaxDiskWrite    Elapsed      State ExitCode 
------------ ---------- --------- ------ ------ ---------- ------------- ------------ ------------ ---------- ---------- -------- 
22875        BSDE_job_+        72             6                                                      00:13:18  COMPLETED      0:0 
22875.batch       batch        12      1      1   1069780K   kelvin-n019        0.86M        0.01M   00:13:18  COMPLETED      0:0 
22875.0           orted        60      5      5                                                      00:13:16  COMPLETED      0:0 


Job details:
============

JobId=22875 JobName=BSDE_job_4_procs
   UserId=zuoy(1582) GroupId=zuoy(1252) MCS_label=N/A
   Priority=10596622 Nice=0 Account=hpc_21_01207 QOS=normal
   JobState=COMPLETING Reason=None Dependency=(null)
   Requeue=0 Restarts=0 BatchFlag=1 Reboot=0 ExitCode=0:0
   DerivedExitCode=0:0
   RunTime=00:13:18 TimeLimit=23:00:00 TimeMin=N/A
   SubmitTime=2021-11-21T22:17:15 EligibleTime=2021-11-21T22:17:15
   AccrueTime=2021-11-21T22:17:15
   StartTime=2021-11-22T01:34:56 EndTime=2021-11-22T01:48:14 Deadline=N/A
   SuspendTime=None SecsPreSuspend=0 LastSchedEval=2021-11-22T01:34:56
   Partition=compute AllocNode:Sid=kelvin01:12189
   ReqNodeList=(null) ExcNodeList=(null)
   NodeList=kelvin-n[020,052,055,058,068]
   BatchHost=kelvin-n019
   NumNodes=5 NumCPUs=72 NumTasks=64 CPUs/Task=1 ReqB:S:C:T=0:0:*:*
   TRES=cpu=72,mem=138000M,node=6,billing=72
   Socks/Node=* NtasksPerN:B:S:C=0:0:*:* CoreSpec=*
   JOB_GRES=(null)
     Nodes=kelvin-n[019-020,052,055,058,068] CPU_IDs=0-11 Mem=23000 GRES=
   MinCPUsNode=1 MinMemoryNode=23000M MinTmpDiskNode=0
   Features=(null) DelayBoot=00:00:00
   OverSubscribe=NO Contiguous=0 Licenses=(null) Network=(null)
   Command=/home/users/mschpc/2019/zuoy/HPC/NeuralNetwork/parallel/scripts/script_PricingDefaultRisk_d300_b1_n64.sh
   WorkDir=/home/users/mschpc/2019/zuoy/HPC/NeuralNetwork/parallel
   StdErr=/home/users/mschpc/2019/zuoy/HPC/NeuralNetwork/parallel/output/slurm-22875.out
   StdIn=/dev/null
   StdOut=/home/users/mschpc/2019/zuoy/HPC/NeuralNetwork/parallel/output/slurm-22875.out
   Power=
   NtasksPerTRES:0


Disk quota details:
===================

Quota Type           Name  Filesystem     Usage in MB     Limit in MB    % Used
-------------------------------------------------------------------------------
USER                 zuoy       /home             129          51,200     0.25%

GROUP              mschpc   /projects             999          51,200     1.95%
GROUP          pi-dgolden   /projects               0          51,200     0.00%


SLURM Bank Statement:
=====================

User           Usage |        Account     Usage | Account Limit Available (CPU hrs)
---------- --------- + -------------- --------- + ------------- ---------
zuoy          23,373 |   HPC_21_01207    23,373 |       100,000    76,627


Acknowledgements:
=================

Note that usage of TCHPC Resources *must* be acknowledged in all publications.

Please see this page for details relevant to this cluster:

http://www.tchpc.tcd.ie/resources/acknowledgementpolicy

################################################################################
