Parallel Mode: Ring-Allreduce
Dimension: 400
Total time: 1
Number of time intervals: 40
Learning rate: 0.01
y_init_range: 40, 50
Number of neurons in each hidden layer of each subnet: 110, 110, 
Epochs: 1000
Batch size: 1
Sample size: 256
Logging frequency: 100
Model name: pricing_default_risk_parallel_
Number of processors: 16


Training:
Epoch:100
In training set, loss: 886.725, Y0: 50.9725

Epoch:200
In training set, loss: 528.868, Y0: 51.0557

Epoch:300
In training set, loss: 357.976, Y0: 51.1027

Epoch:400
In training set, loss: 258.184, Y0: 51.1312

Epoch:500
In training set, loss: 194.265, Y0: 51.1497

Epoch:600
In training set, loss: 150.761, Y0: 51.1627

Epoch:700
In training set, loss: 119.91, Y0: 51.1724

Epoch:800
In training set, loss: 97.2222, Y0: 51.1799

Epoch:900
In training set, loss: 80.077, Y0: 51.1861

Epoch:1000
In training set, loss: 66.8262, Y0: 51.1911



###############################################################################
TCHPC Cluster: kelvin
Job 22322 (BSDE_job_4_procs) for User 'zuoy' in Account 'hpc_21_01207'
Finished at: Sun Nov 21 02:53:14 GMT 2021

Job efficiency estimates:
=========================

Job ID: 22322
Cluster: kelvin
User/Group: zuoy/zuoy
State: COMPLETED (exit code 0)
Nodes: 2
Cores per node: 12
CPU Utilized: 01:32:57
CPU Efficiency: 33.20% of 04:40:00 core-walltime
Job Wall-clock time: 00:11:40
Memory Utilized: 848.95 MB
Memory Efficiency: 1.85% of 44.92 GB

Job completion status:
======================

       JobID    JobName AllocCPUS NTasks NNodes     MaxRSS    MaxRSSNode  MaxDiskRead MaxDiskWrite    Elapsed      State ExitCode 
------------ ---------- --------- ------ ------ ---------- ------------- ------------ ------------ ---------- ---------- -------- 
22322        BSDE_job_+        24             2                                                      00:11:40  COMPLETED      0:0 
22322.batch       batch        12      1      1    869328K   kelvin-n008        0.86M        0.01M   00:11:40  COMPLETED      0:0 
22322.0           orted        12      1      1                                                      00:11:39  COMPLETED      0:0 


Job details:
============

JobId=22322 JobName=BSDE_job_4_procs
   UserId=zuoy(1582) GroupId=zuoy(1252) MCS_label=N/A
   Priority=11067148 Nice=0 Account=hpc_21_01207 QOS=normal
   JobState=COMPLETING Reason=None Dependency=(null)
   Requeue=0 Restarts=0 BatchFlag=1 Reboot=0 ExitCode=0:0
   DerivedExitCode=0:0
   RunTime=00:11:40 TimeLimit=23:00:00 TimeMin=N/A
   SubmitTime=2021-11-21T00:06:51 EligibleTime=2021-11-21T00:06:51
   AccrueTime=2021-11-21T00:06:51
   StartTime=2021-11-21T02:41:34 EndTime=2021-11-21T02:53:14 Deadline=N/A
   SuspendTime=None SecsPreSuspend=0 LastSchedEval=2021-11-21T02:41:34
   Partition=compute AllocNode:Sid=kelvin01:32460
   ReqNodeList=(null) ExcNodeList=(null)
   NodeList=kelvin-n014
   BatchHost=kelvin-n008
   NumNodes=1 NumCPUs=24 NumTasks=16 CPUs/Task=1 ReqB:S:C:T=0:0:*:*
   TRES=cpu=24,mem=46000M,node=2,billing=24
   Socks/Node=* NtasksPerN:B:S:C=0:0:*:* CoreSpec=*
   JOB_GRES=(null)
     Nodes=kelvin-n[008,014] CPU_IDs=0-11 Mem=23000 GRES=
   MinCPUsNode=1 MinMemoryNode=23000M MinTmpDiskNode=0
   Features=(null) DelayBoot=00:00:00
   OverSubscribe=NO Contiguous=0 Licenses=(null) Network=(null)
   Command=/home/users/mschpc/2019/zuoy/HPC/NeuralNetwork/parallel/scripts/script_PricingDefaultRisk_d400_b1_n16.sh
   WorkDir=/home/users/mschpc/2019/zuoy/HPC/NeuralNetwork/parallel
   StdErr=/home/users/mschpc/2019/zuoy/HPC/NeuralNetwork/parallel/output/slurm-22322.out
   StdIn=/dev/null
   StdOut=/home/users/mschpc/2019/zuoy/HPC/NeuralNetwork/parallel/output/slurm-22322.out
   Power=
   NtasksPerTRES:0


Disk quota details:
===================

Quota Type           Name  Filesystem     Usage in MB     Limit in MB    % Used
-------------------------------------------------------------------------------
USER                 zuoy       /home             120          51,200     0.24%

GROUP              mschpc   /projects             999          51,200     1.95%
GROUP          pi-dgolden   /projects               0          51,200     0.00%


SLURM Bank Statement:
=====================

User           Usage |        Account     Usage | Account Limit Available (CPU hrs)
---------- --------- + -------------- --------- + ------------- ---------
zuoy          15,397 |   HPC_21_01207    15,397 |       100,000    84,603


Acknowledgements:
=================

Note that usage of TCHPC Resources *must* be acknowledged in all publications.

Please see this page for details relevant to this cluster:

http://www.tchpc.tcd.ie/resources/acknowledgementpolicy

################################################################################
