Parallel Mode: Master-Slave
Dimension: 100
Total time: 0.25
Number of time intervals: 20
Learning rate: 0.0005
y_init_range: 0.25, 0.5
Number of neurons in each hidden layer of each subnet: 110, 110, 
Epochs: 4000
Batch size: 1
Sample size: 1024
Logging frequency: 100
Model name: AllenCahn_parallel_
Number of processors: 8


Training:
Epoch:100
In training set, loss: 6.95628, Y0: 0.0601271

Epoch:200
In training set, loss: 6.74419, Y0: 0.0568714

Epoch:300
In training set, loss: 6.55852, Y0: 0.0569119

Epoch:400
In training set, loss: 6.39261, Y0: 0.0570032

Epoch:500
In training set, loss: 6.24408, Y0: 0.0570865

Epoch:600
In training set, loss: 6.11082, Y0: 0.0571613

Epoch:700
In training set, loss: 5.99105, Y0: 0.0572286

Epoch:800
In training set, loss: 5.88318, Y0: 0.057289

Epoch:900
In training set, loss: 5.78582, Y0: 0.0573431

Epoch:1000
In training set, loss: 5.69776, Y0: 0.0573917

Epoch:1100
In training set, loss: 5.61796, Y0: 0.0574352

Epoch:1200
In training set, loss: 5.54547, Y0: 0.0574742

Epoch:1300
In training set, loss: 5.4795, Y0: 0.0575089

Epoch:1400
In training set, loss: 5.4193, Y0: 0.0575398

Epoch:1500
In training set, loss: 5.36427, Y0: 0.0575673

Epoch:1600
In training set, loss: 5.31383, Y0: 0.0575917

Epoch:1700
In training set, loss: 5.2675, Y0: 0.0576132

Epoch:1800
In training set, loss: 5.22483, Y0: 0.0576321

Epoch:1900
In training set, loss: 5.18545, Y0: 0.0576488

Epoch:2000
In training set, loss: 5.149, Y0: 0.0576633

Epoch:2100
In training set, loss: 5.11518, Y0: 0.0576759

Epoch:2200
In training set, loss: 5.08373, Y0: 0.0576867

Epoch:2300
In training set, loss: 5.0544, Y0: 0.057696

Epoch:2400
In training set, loss: 5.02699, Y0: 0.0577038

Epoch:2500
In training set, loss: 5.0013, Y0: 0.0577104

Epoch:2600
In training set, loss: 4.97715, Y0: 0.0577157

Epoch:2700
In training set, loss: 4.95441, Y0: 0.05772

Epoch:2800
In training set, loss: 4.93293, Y0: 0.0577233

Epoch:2900
In training set, loss: 4.9126, Y0: 0.0577257

Epoch:3000
In training set, loss: 4.89329, Y0: 0.0577273

Epoch:3100
In training set, loss: 4.87492, Y0: 0.0577283

Epoch:3200
In training set, loss: 4.8574, Y0: 0.0577286

Epoch:3300
In training set, loss: 4.84065, Y0: 0.0577283

Epoch:3400
In training set, loss: 4.82461, Y0: 0.0577275

Epoch:3500
In training set, loss: 4.80919, Y0: 0.0577263

Epoch:3600
In training set, loss: 4.79436, Y0: 0.0577246

Epoch:3700
In training set, loss: 4.78006, Y0: 0.0577226

Epoch:3800
In training set, loss: 4.76623, Y0: 0.0577202

Epoch:3900
In training set, loss: 4.75285, Y0: 0.0577176

Epoch:4000
In training set, loss: 4.73988, Y0: 0.0577147



###############################################################################
TCHPC Cluster: kelvin
Job 22821 (BSDE_job_4_procs) for User 'zuoy' in Account 'hpc_21_01207'
Finished at: Mon Nov 22 00:30:52 GMT 2021

Job efficiency estimates:
=========================

Job ID: 22821
Cluster: kelvin
User/Group: zuoy/zuoy
State: COMPLETED (exit code 0)
Nodes: 1
Cores per node: 12
CPU Utilized: 05:16:14
CPU Efficiency: 66.63% of 07:54:36 core-walltime
Job Wall-clock time: 00:39:33
Memory Utilized: 418.40 MB
Memory Efficiency: 1.82% of 22.46 GB

Job completion status:
======================

       JobID    JobName AllocCPUS NTasks NNodes     MaxRSS    MaxRSSNode  MaxDiskRead MaxDiskWrite    Elapsed      State ExitCode 
------------ ---------- --------- ------ ------ ---------- ------------- ------------ ------------ ---------- ---------- -------- 
22821        BSDE_job_+        12             1                                                      00:39:33  COMPLETED      0:0 
22821.batch       batch        12      1      1    428444K   kelvin-n009        0.86M        0.01M   00:39:33  COMPLETED      0:0 


Job details:
============

JobId=22821 JobName=BSDE_job_4_procs
   UserId=zuoy(1582) GroupId=zuoy(1252) MCS_label=N/A
   Priority=10552816 Nice=0 Account=hpc_21_01207 QOS=normal
   JobState=COMPLETING Reason=None Dependency=(null)
   Requeue=0 Restarts=0 BatchFlag=1 Reboot=0 ExitCode=0:0
   DerivedExitCode=0:0
   RunTime=00:39:33 TimeLimit=23:00:00 TimeMin=N/A
   SubmitTime=2021-11-21T21:55:38 EligibleTime=2021-11-21T21:55:38
   AccrueTime=2021-11-21T21:55:38
   StartTime=2021-11-21T23:51:19 EndTime=2021-11-22T00:30:52 Deadline=N/A
   SuspendTime=None SecsPreSuspend=0 LastSchedEval=2021-11-21T23:51:19
   Partition=compute AllocNode:Sid=kelvin01:12189
   ReqNodeList=(null) ExcNodeList=(null)
   NodeList=
   BatchHost=kelvin-n009
   NumNodes=1 NumCPUs=12 NumTasks=8 CPUs/Task=1 ReqB:S:C:T=0:0:*:*
   TRES=cpu=12,mem=23000M,node=1,billing=12
   Socks/Node=* NtasksPerN:B:S:C=0:0:*:* CoreSpec=*
   JOB_GRES=(null)
     Nodes=kelvin-n009 CPU_IDs=0-11 Mem=23000 GRES=
   MinCPUsNode=1 MinMemoryNode=23000M MinTmpDiskNode=0
   Features=(null) DelayBoot=00:00:00
   OverSubscribe=NO Contiguous=0 Licenses=(null) Network=(null)
   Command=/home/users/mschpc/2019/zuoy/HPC/NeuralNetwork/parallel/scripts/script_AllenCahn_d200_b1_n8.sh
   WorkDir=/home/users/mschpc/2019/zuoy/HPC/NeuralNetwork/parallel
   StdErr=/home/users/mschpc/2019/zuoy/HPC/NeuralNetwork/parallel/output/slurm-22821.out
   StdIn=/dev/null
   StdOut=/home/users/mschpc/2019/zuoy/HPC/NeuralNetwork/parallel/output/slurm-22821.out
   Power=
   NtasksPerTRES:0


Disk quota details:
===================

Quota Type           Name  Filesystem     Usage in MB     Limit in MB    % Used
-------------------------------------------------------------------------------
USER                 zuoy       /home             129          51,200     0.25%

GROUP              mschpc   /projects             999          51,200     1.95%
GROUP          pi-dgolden   /projects               0          51,200     0.00%


SLURM Bank Statement:
=====================

User           Usage |        Account     Usage | Account Limit Available (CPU hrs)
---------- --------- + -------------- --------- + ------------- ---------
zuoy          22,759 |   HPC_21_01207    22,759 |       100,000    77,241


Acknowledgements:
=================

Note that usage of TCHPC Resources *must* be acknowledged in all publications.

Please see this page for details relevant to this cluster:

http://www.tchpc.tcd.ie/resources/acknowledgementpolicy

################################################################################
