Parallel Mode: Ring-Allreduce
Dimension: 200
Total time: 1
Number of time intervals: 40
Learning rate: 0.01
y_init_range: 40, 50
Number of neurons in each hidden layer of each subnet: 110, 110, 
Epochs: 1000
Batch size: 64
Sample size: 256
Logging frequency: 100
Model name: pricing_default_risk_parallel_
Number of processors: 8


Training:
Epoch:100
In training set, loss: 2463.31, Y0: 53.0189

Epoch:200
In training set, loss: 2209.46, Y0: 53.3195

Epoch:300
In training set, loss: 2025.25, Y0: 53.3446

Epoch:400
In training set, loss: 1881.59, Y0: 53.3619

Epoch:500
In training set, loss: 1766.61, Y0: 53.3773

Epoch:600
In training set, loss: 1672.62, Y0: 53.3912

Epoch:700
In training set, loss: 1594.04, Y0: 53.4038

Epoch:800
In training set, loss: 1527.4, Y0: 53.4148

Epoch:900
In training set, loss: 1469.77, Y0: 53.4247

Epoch:1000
In training set, loss: 1419.28, Y0: 53.4332



###############################################################################
TCHPC Cluster: kelvin
Job 23965 (BSDE_job_4_procs) for User 'zuoy' in Account 'hpc_21_01207'
Finished at: Thu Nov 25 12:49:26 GMT 2021

Job efficiency estimates:
=========================

Job ID: 23965
Cluster: kelvin
User/Group: zuoy/zuoy
State: COMPLETED (exit code 0)
Nodes: 1
Cores per node: 12
CPU Utilized: 00:57:31
CPU Efficiency: 66.42% of 01:26:36 core-walltime
Job Wall-clock time: 00:07:13
Memory Utilized: 556.32 MB
Memory Efficiency: 2.42% of 22.46 GB

Job completion status:
======================

       JobID    JobName AllocCPUS NTasks NNodes     MaxRSS    MaxRSSNode  MaxDiskRead MaxDiskWrite    Elapsed      State ExitCode 
------------ ---------- --------- ------ ------ ---------- ------------- ------------ ------------ ---------- ---------- -------- 
23965        BSDE_job_+        12             1                                                      00:07:13  COMPLETED      0:0 
23965.batch       batch        12      1      1    569672K   kelvin-n036        0.86M        0.01M   00:07:13  COMPLETED      0:0 


Job details:
============

JobId=23965 JobName=BSDE_job_4_procs
   UserId=zuoy(1582) GroupId=zuoy(1252) MCS_label=N/A
   Priority=10536728 Nice=0 Account=hpc_21_01207 QOS=normal
   JobState=COMPLETING Reason=None Dependency=(null)
   Requeue=0 Restarts=0 BatchFlag=1 Reboot=0 ExitCode=0:0
   DerivedExitCode=0:0
   RunTime=00:07:13 TimeLimit=23:00:00 TimeMin=N/A
   SubmitTime=2021-11-25T11:19:04 EligibleTime=2021-11-25T11:19:04
   AccrueTime=2021-11-25T11:19:04
   StartTime=2021-11-25T12:42:13 EndTime=2021-11-25T12:49:26 Deadline=N/A
   SuspendTime=None SecsPreSuspend=0 LastSchedEval=2021-11-25T12:42:13
   Partition=compute AllocNode:Sid=kelvin01:29505
   ReqNodeList=(null) ExcNodeList=(null)
   NodeList=
   BatchHost=kelvin-n036
   NumNodes=1 NumCPUs=12 NumTasks=8 CPUs/Task=1 ReqB:S:C:T=0:0:*:*
   TRES=cpu=12,mem=23000M,node=1,billing=12
   Socks/Node=* NtasksPerN:B:S:C=0:0:*:* CoreSpec=*
   JOB_GRES=(null)
     Nodes=kelvin-n036 CPU_IDs=0-11 Mem=23000 GRES=
   MinCPUsNode=1 MinMemoryNode=23000M MinTmpDiskNode=0
   Features=(null) DelayBoot=00:00:00
   OverSubscribe=NO Contiguous=0 Licenses=(null) Network=(null)
   Command=/home/users/mschpc/2019/zuoy/HPC/NeuralNetwork/parallel/scripts/script_PricingDefaultRisk_d200_b64_n8.sh
   WorkDir=/home/users/mschpc/2019/zuoy/HPC/NeuralNetwork/parallel
   StdErr=/home/users/mschpc/2019/zuoy/HPC/NeuralNetwork/parallel/output/slurm-23965.out
   StdIn=/dev/null
   StdOut=/home/users/mschpc/2019/zuoy/HPC/NeuralNetwork/parallel/output/slurm-23965.out
   Power=
   NtasksPerTRES:0


Disk quota details:
===================

Quota Type           Name  Filesystem     Usage in MB     Limit in MB    % Used
-------------------------------------------------------------------------------
USER                 zuoy       /home             146          51,200     0.29%

GROUP              mschpc   /projects             999          51,200     1.95%
GROUP          pi-dgolden   /projects               0          51,200     0.00%


SLURM Bank Statement:
=====================

User           Usage |        Account     Usage | Account Limit Available (CPU hrs)
---------- --------- + -------------- --------- + ------------- ---------
zuoy          28,357 |   HPC_21_01207    28,357 |       100,000    71,643


Acknowledgements:
=================

Note that usage of TCHPC Resources *must* be acknowledged in all publications.

Please see this page for details relevant to this cluster:

http://www.tchpc.tcd.ie/resources/acknowledgementpolicy

################################################################################
