Parallel Mode: Ring-Allreduce
Dimension: 100
Total time: 0.3
Number of time intervals: 20
Learning rate: 0.0005
y_init_range: 0.3, 0.5
Number of neurons in each hidden layer of each subnet: 110, 110, 
Epochs: 4000
Batch size: 1
Sample size: 256
Logging frequency: 100
Model name: AllenCahn_parallel_
Number of processors: 16


Training:
Epoch:100
In training set, loss: 3.15104, Y0: 0.212281

Epoch:200
In training set, loss: 2.21516, Y0: 0.159338

Epoch:300
In training set, loss: 1.84957, Y0: 0.126512

Epoch:400
In training set, loss: 1.69961, Y0: 0.105919

Epoch:500
In training set, loss: 1.6339, Y0: 0.0929243

Epoch:600
In training set, loss: 1.60166, Y0: 0.0846987

Epoch:700
In training set, loss: 1.58289, Y0: 0.0794805

Epoch:800
In training set, loss: 1.56962, Y0: 0.0761641

Epoch:900
In training set, loss: 1.55866, Y0: 0.0740523

Epoch:1000
In training set, loss: 1.54873, Y0: 0.072704

Epoch:1100
In training set, loss: 1.53932, Y0: 0.0718402

Epoch:1200
In training set, loss: 1.53021, Y0: 0.0712835

Epoch:1300
In training set, loss: 1.52131, Y0: 0.070922

Epoch:1400
In training set, loss: 1.51258, Y0: 0.0706843

Epoch:1500
In training set, loss: 1.50402, Y0: 0.0705253

Epoch:1600
In training set, loss: 1.49561, Y0: 0.0704163

Epoch:1700
In training set, loss: 1.48734, Y0: 0.0703389

Epoch:1800
In training set, loss: 1.47922, Y0: 0.0702818

Epoch:1900
In training set, loss: 1.47123, Y0: 0.0702374

Epoch:2000
In training set, loss: 1.46338, Y0: 0.0702012

Epoch:2100
In training set, loss: 1.45566, Y0: 0.0701702

Epoch:2200
In training set, loss: 1.44807, Y0: 0.0701426

Epoch:2300
In training set, loss: 1.44061, Y0: 0.0701171

Epoch:2400
In training set, loss: 1.43327, Y0: 0.070093

Epoch:2500
In training set, loss: 1.42605, Y0: 0.0700697

Epoch:2600
In training set, loss: 1.41895, Y0: 0.0700469

Epoch:2700
In training set, loss: 1.41197, Y0: 0.0700246

Epoch:2800
In training set, loss: 1.4051, Y0: 0.0700026

Epoch:2900
In training set, loss: 1.39834, Y0: 0.0699808

Epoch:3000
In training set, loss: 1.39169, Y0: 0.0699592

Epoch:3100
In training set, loss: 1.38515, Y0: 0.0699376

Epoch:3200
In training set, loss: 1.37872, Y0: 0.0699162

Epoch:3300
In training set, loss: 1.37238, Y0: 0.0698948

Epoch:3400
In training set, loss: 1.36615, Y0: 0.0698735

Epoch:3500
In training set, loss: 1.36002, Y0: 0.0698523

Epoch:3600
In training set, loss: 1.35398, Y0: 0.0698312

Epoch:3700
In training set, loss: 1.34804, Y0: 0.0698102

Epoch:3800
In training set, loss: 1.34219, Y0: 0.0697893

Epoch:3900
In training set, loss: 1.33643, Y0: 0.0697684

Epoch:4000
In training set, loss: 1.33076, Y0: 0.0697476



###############################################################################
TCHPC Cluster: kelvin
Job 21496 (BSDE_job_4_procs) for User 'zuoy' in Account 'hpc_21_01207'
Finished at: Fri Nov 19 02:31:40 GMT 2021

Job efficiency estimates:
=========================

Job ID: 21496
Cluster: kelvin
User/Group: zuoy/zuoy
State: COMPLETED (exit code 0)
Nodes: 2
Cores per node: 12
CPU Utilized: 00:53:06
CPU Efficiency: 33.10% of 02:40:24 core-walltime
Job Wall-clock time: 00:06:41
Memory Utilized: 322.43 MB
Memory Efficiency: 0.70% of 44.92 GB

Job completion status:
======================

       JobID    JobName AllocCPUS NTasks NNodes     MaxRSS    MaxRSSNode  MaxDiskRead MaxDiskWrite    Elapsed      State ExitCode 
------------ ---------- --------- ------ ------ ---------- ------------- ------------ ------------ ---------- ---------- -------- 
21496        BSDE_job_+        24             2                                                      00:06:41  COMPLETED      0:0 
21496.batch       batch        12      1      1    330164K   kelvin-n039        0.86M        0.01M   00:06:41  COMPLETED      0:0 
21496.0           orted        12      1      1                                                      00:06:39  COMPLETED      0:0 


Job details:
============

JobId=21496 JobName=BSDE_job_4_procs
   UserId=zuoy(1582) GroupId=zuoy(1252) MCS_label=N/A
   Priority=11165619 Nice=0 Account=hpc_21_01207 QOS=normal
   JobState=COMPLETING Reason=None Dependency=(null)
   Requeue=0 Restarts=0 BatchFlag=1 Reboot=0 ExitCode=0:0
   DerivedExitCode=0:0
   RunTime=00:06:41 TimeLimit=23:00:00 TimeMin=N/A
   SubmitTime=2021-11-18T22:23:06 EligibleTime=2021-11-18T22:23:06
   AccrueTime=2021-11-18T22:23:06
   StartTime=2021-11-19T02:24:58 EndTime=2021-11-19T02:31:39 Deadline=N/A
   SuspendTime=None SecsPreSuspend=0 LastSchedEval=2021-11-19T02:24:58
   Partition=compute AllocNode:Sid=kelvin01:15357
   ReqNodeList=(null) ExcNodeList=(null)
   NodeList=kelvin-n041
   BatchHost=kelvin-n039
   NumNodes=1 NumCPUs=24 NumTasks=16 CPUs/Task=1 ReqB:S:C:T=0:0:*:*
   TRES=cpu=24,mem=46000M,node=2,billing=24
   Socks/Node=* NtasksPerN:B:S:C=0:0:*:* CoreSpec=*
   JOB_GRES=(null)
     Nodes=kelvin-n[039,041] CPU_IDs=0-11 Mem=23000 GRES=
   MinCPUsNode=1 MinMemoryNode=23000M MinTmpDiskNode=0
   Features=(null) DelayBoot=00:00:00
   OverSubscribe=NO Contiguous=0 Licenses=(null) Network=(null)
   Command=/home/users/mschpc/2019/zuoy/HPC/NeuralNetwork/parallel/scripts/script_AllenCahn_d100_b1_n16.sh
   WorkDir=/home/users/mschpc/2019/zuoy/HPC/NeuralNetwork/parallel
   StdErr=/home/users/mschpc/2019/zuoy/HPC/NeuralNetwork/parallel/output/slurm-21496.out
   StdIn=/dev/null
   StdOut=/home/users/mschpc/2019/zuoy/HPC/NeuralNetwork/parallel/output/slurm-21496.out
   Power=
   NtasksPerTRES:0


Disk quota details:
===================

Quota Type           Name  Filesystem     Usage in MB     Limit in MB    % Used
-------------------------------------------------------------------------------
USER                 zuoy       /home             105          51,200     0.21%

GROUP              mschpc   /projects             999          51,200     1.95%
GROUP          pi-dgolden   /projects               0          51,200     0.00%


SLURM Bank Statement:
=====================

User           Usage |        Account     Usage | Account Limit Available (CPU hrs)
---------- --------- + -------------- --------- + ------------- ---------
zuoy           9,642 |   HPC_21_01207     9,642 |       100,000    90,358


Acknowledgements:
=================

Note that usage of TCHPC Resources *must* be acknowledged in all publications.

Please see this page for details relevant to this cluster:

http://www.tchpc.tcd.ie/resources/acknowledgementpolicy

################################################################################
