Parallel Mode: Master-Slave
Dimension: 300
Total time: 1
Number of time intervals: 40
Learning rate: 0.01
y_init_range: 40, 50
Number of neurons in each hidden layer of each subnet: 110, 110, 
Epochs: 1000
Batch size: 1
Sample size: 256
Logging frequency: 100
Model name: pricing_default_risk_parallel_
Number of processors: 32


Training:
Epoch:100
In training set, loss: 1377.37, Y0: 52.1932

Epoch:200
In training set, loss: 1080.86, Y0: 52.2554

Epoch:300
In training set, loss: 902.314, Y0: 52.2966

Epoch:400
In training set, loss: 781.649, Y0: 52.3272

Epoch:500
In training set, loss: 693.216, Y0: 52.3498

Epoch:600
In training set, loss: 624.674, Y0: 52.3667

Epoch:700
In training set, loss: 569.451, Y0: 52.3795

Epoch:800
In training set, loss: 523.572, Y0: 52.3895

Epoch:900
In training set, loss: 484.75, Y0: 52.3974

Epoch:1000
In training set, loss: 451.333, Y0: 52.4037



###############################################################################
TCHPC Cluster: kelvin
Job 22770 (BSDE_job_4_procs) for User 'zuoy' in Account 'hpc_21_01207'
Finished at: Sun Nov 21 21:38:14 GMT 2021

Job efficiency estimates:
=========================

Job ID: 22770
Cluster: kelvin
User/Group: zuoy/zuoy
State: COMPLETED (exit code 0)
Nodes: 3
Cores per node: 12
CPU Utilized: 01:59:39
CPU Efficiency: 30.03% of 06:38:24 core-walltime
Job Wall-clock time: 00:11:04
Memory Utilized: 985.78 MB
Memory Efficiency: 1.43% of 67.38 GB

Job completion status:
======================

       JobID    JobName AllocCPUS NTasks NNodes     MaxRSS    MaxRSSNode  MaxDiskRead MaxDiskWrite    Elapsed      State ExitCode 
------------ ---------- --------- ------ ------ ---------- ------------- ------------ ------------ ---------- ---------- -------- 
22770        BSDE_job_+        36             3                                                      00:11:04  COMPLETED      0:0 
22770.batch       batch        12      1      1   1009436K   kelvin-n078        0.86M        0.01M   00:11:04  COMPLETED      0:0 
22770.0           orted        24      2      2                                                      00:11:02  COMPLETED      0:0 


Job details:
============

JobId=22770 JobName=BSDE_job_4_procs
   UserId=zuoy(1582) GroupId=zuoy(1252) MCS_label=N/A
   Priority=10573792 Nice=0 Account=hpc_21_01207 QOS=normal
   JobState=COMPLETING Reason=None Dependency=(null)
   Requeue=0 Restarts=0 BatchFlag=1 Reboot=0 ExitCode=0:0
   DerivedExitCode=0:0
   RunTime=00:11:04 TimeLimit=23:00:00 TimeMin=N/A
   SubmitTime=2021-11-21T18:51:43 EligibleTime=2021-11-21T18:51:43
   AccrueTime=2021-11-21T18:51:43
   StartTime=2021-11-21T21:27:10 EndTime=2021-11-21T21:38:14 Deadline=N/A
   SuspendTime=None SecsPreSuspend=0 LastSchedEval=2021-11-21T21:27:10
   Partition=compute AllocNode:Sid=kelvin01:12189
   ReqNodeList=(null) ExcNodeList=(null)
   NodeList=kelvin-n[079,090]
   BatchHost=kelvin-n078
   NumNodes=2 NumCPUs=36 NumTasks=32 CPUs/Task=1 ReqB:S:C:T=0:0:*:*
   TRES=cpu=36,mem=69000M,node=3,billing=36
   Socks/Node=* NtasksPerN:B:S:C=0:0:*:* CoreSpec=*
   JOB_GRES=(null)
     Nodes=kelvin-n[078-079,090] CPU_IDs=0-11 Mem=23000 GRES=
   MinCPUsNode=1 MinMemoryNode=23000M MinTmpDiskNode=0
   Features=(null) DelayBoot=00:00:00
   OverSubscribe=NO Contiguous=0 Licenses=(null) Network=(null)
   Command=/home/users/mschpc/2019/zuoy/HPC/NeuralNetwork/parallel/scripts/script_PricingDefaultRisk_d300_b1_n32.sh
   WorkDir=/home/users/mschpc/2019/zuoy/HPC/NeuralNetwork/parallel
   StdErr=/home/users/mschpc/2019/zuoy/HPC/NeuralNetwork/parallel/output/slurm-22770.out
   StdIn=/dev/null
   StdOut=/home/users/mschpc/2019/zuoy/HPC/NeuralNetwork/parallel/output/slurm-22770.out
   Power=
   NtasksPerTRES:0


Disk quota details:
===================

Quota Type           Name  Filesystem     Usage in MB     Limit in MB    % Used
-------------------------------------------------------------------------------
USER                 zuoy       /home             129          51,200     0.25%

GROUP              mschpc   /projects             999          51,200     1.95%
GROUP          pi-dgolden   /projects               0          51,200     0.00%


SLURM Bank Statement:
=====================

User           Usage |        Account     Usage | Account Limit Available (CPU hrs)
---------- --------- + -------------- --------- + ------------- ---------
zuoy          21,780 |   HPC_21_01207    21,780 |       100,000    78,220


Acknowledgements:
=================

Note that usage of TCHPC Resources *must* be acknowledged in all publications.

Please see this page for details relevant to this cluster:

http://www.tchpc.tcd.ie/resources/acknowledgementpolicy

################################################################################
