Parallel Mode: Master-Slave
Dimension: 300
Total time: 1
Number of time intervals: 20
Learning rate: 0.01
y_init_range: 0, 1
Number of neurons in each hidden layer of each subnet: 110, 110, 
Epochs: 1000
Batch size: 1
Sample size: 1024
Logging frequency: 100
Model name: HJBLQ_parallel_
Number of processors: 32


Training:
Epoch:100
In training set, loss: 11.914, Y0: 5.62632

Epoch:200
In training set, loss: 7.16699, Y0: 5.66039

Epoch:300
In training set, loss: 6.29855, Y0: 5.66959

Epoch:400
In training set, loss: 6.02105, Y0: 5.67278

Epoch:500
In training set, loss: 5.88511, Y0: 5.67405

Epoch:600
In training set, loss: 5.79075, Y0: 5.67461

Epoch:700
In training set, loss: 5.7105, Y0: 5.67488

Epoch:800
In training set, loss: 5.63579, Y0: 5.67503

Epoch:900
In training set, loss: 5.56372, Y0: 5.67511

Epoch:1000
In training set, loss: 5.49323, Y0: 5.67517



###############################################################################
TCHPC Cluster: kelvin
Job 22563 (BSDE_job_4_procs) for User 'zuoy' in Account 'hpc_21_01207'
Finished at: Sun Nov 21 13:16:31 GMT 2021

Job efficiency estimates:
=========================

Job ID: 22563
Cluster: kelvin
User/Group: zuoy/zuoy
State: COMPLETED (exit code 0)
Nodes: 3
Cores per node: 12
CPU Utilized: 02:16:15
CPU Efficiency: 30.24% of 07:30:36 core-walltime
Job Wall-clock time: 00:12:31
Memory Utilized: 1.10 GB
Memory Efficiency: 1.64% of 67.38 GB

Job completion status:
======================

       JobID    JobName AllocCPUS NTasks NNodes     MaxRSS    MaxRSSNode  MaxDiskRead MaxDiskWrite    Elapsed      State ExitCode 
------------ ---------- --------- ------ ------ ---------- ------------- ------------ ------------ ---------- ---------- -------- 
22563        BSDE_job_+        36             3                                                      00:12:31  COMPLETED      0:0 
22563.batch       batch        12      1      1   1156060K   kelvin-n074        0.86M        0.01M   00:12:31  COMPLETED      0:0 
22563.0           orted        24      2      2                                                      00:12:30  COMPLETED      0:0 


Job details:
============

JobId=22563 JobName=BSDE_job_4_procs
   UserId=zuoy(1582) GroupId=zuoy(1252) MCS_label=N/A
   Priority=11062866 Nice=0 Account=hpc_21_01207 QOS=normal
   JobState=COMPLETING Reason=None Dependency=(null)
   Requeue=0 Restarts=0 BatchFlag=1 Reboot=0 ExitCode=0:0
   DerivedExitCode=0:0
   RunTime=00:12:31 TimeLimit=23:00:00 TimeMin=N/A
   SubmitTime=2021-11-21T10:39:40 EligibleTime=2021-11-21T10:39:40
   AccrueTime=2021-11-21T10:39:40
   StartTime=2021-11-21T13:04:00 EndTime=2021-11-21T13:16:31 Deadline=N/A
   SuspendTime=None SecsPreSuspend=0 LastSchedEval=2021-11-21T13:04:00
   Partition=compute AllocNode:Sid=kelvin01:12117
   ReqNodeList=(null) ExcNodeList=(null)
   NodeList=kelvin-n[075-076]
   BatchHost=kelvin-n074
   NumNodes=2 NumCPUs=36 NumTasks=32 CPUs/Task=1 ReqB:S:C:T=0:0:*:*
   TRES=cpu=36,mem=69000M,node=3,billing=36
   Socks/Node=* NtasksPerN:B:S:C=0:0:*:* CoreSpec=*
   JOB_GRES=(null)
     Nodes=kelvin-n[074-076] CPU_IDs=0-11 Mem=23000 GRES=
   MinCPUsNode=1 MinMemoryNode=23000M MinTmpDiskNode=0
   Features=(null) DelayBoot=00:00:00
   OverSubscribe=NO Contiguous=0 Licenses=(null) Network=(null)
   Command=/home/users/mschpc/2019/zuoy/HPC/NeuralNetwork/parallel/scripts/script_HJBLQ_d300_b1_n32.sh
   WorkDir=/home/users/mschpc/2019/zuoy/HPC/NeuralNetwork/parallel
   StdErr=/home/users/mschpc/2019/zuoy/HPC/NeuralNetwork/parallel/output/slurm-22563.out
   StdIn=/dev/null
   StdOut=/home/users/mschpc/2019/zuoy/HPC/NeuralNetwork/parallel/output/slurm-22563.out
   Power=
   NtasksPerTRES:0


Disk quota details:
===================

Quota Type           Name  Filesystem     Usage in MB     Limit in MB    % Used
-------------------------------------------------------------------------------
USER                 zuoy       /home             125          51,200     0.24%

GROUP              mschpc   /projects             999          51,200     1.95%
GROUP          pi-dgolden   /projects               0          51,200     0.00%


SLURM Bank Statement:
=====================

User           Usage |        Account     Usage | Account Limit Available (CPU hrs)
---------- --------- + -------------- --------- + ------------- ---------
zuoy          18,271 |   HPC_21_01207    18,271 |       100,000    81,729


Acknowledgements:
=================

Note that usage of TCHPC Resources *must* be acknowledged in all publications.

Please see this page for details relevant to this cluster:

http://www.tchpc.tcd.ie/resources/acknowledgementpolicy

################################################################################
