Parallel Mode: Master-Slave
Dimension: 100
Total time: 0.25
Number of time intervals: 20
Learning rate: 0.0005
y_init_range: 0.25, 0.5
Number of neurons in each hidden layer of each subnet: 110, 110, 
Epochs: 4000
Batch size: 1
Sample size: 1024
Logging frequency: 100
Model name: AllenCahn_parallel_
Number of processors: 64


Training:
Epoch:100
In training set, loss: 11.3797, Y0: 0.169848

Epoch:200
In training set, loss: 8.43282, Y0: 0.122802

Epoch:300
In training set, loss: 7.36209, Y0: 0.0946708

Epoch:400
In training set, loss: 6.95582, Y0: 0.0777194

Epoch:500
In training set, loss: 6.79, Y0: 0.0674697

Epoch:600
In training set, loss: 6.71219, Y0: 0.0612625

Epoch:700
In training set, loss: 6.66687, Y0: 0.057501

Epoch:800
In training set, loss: 6.63374, Y0: 0.0552216

Epoch:900
In training set, loss: 6.60532, Y0: 0.053841

Epoch:1000
In training set, loss: 6.57886, Y0: 0.0530059

Epoch:1100
In training set, loss: 6.55335, Y0: 0.0525018

Epoch:1200
In training set, loss: 6.52841, Y0: 0.0521986

Epoch:1300
In training set, loss: 6.50389, Y0: 0.0520175

Epoch:1400
In training set, loss: 6.47975, Y0: 0.0519105

Epoch:1500
In training set, loss: 6.45595, Y0: 0.0518483

Epoch:1600
In training set, loss: 6.43249, Y0: 0.0518134

Epoch:1700
In training set, loss: 6.40936, Y0: 0.0517951

Epoch:1800
In training set, loss: 6.38655, Y0: 0.0517868

Epoch:1900
In training set, loss: 6.36406, Y0: 0.0517844

Epoch:2000
In training set, loss: 6.34188, Y0: 0.0517858

Epoch:2100
In training set, loss: 6.32, Y0: 0.0517893

Epoch:2200
In training set, loss: 6.29843, Y0: 0.051794

Epoch:2300
In training set, loss: 6.27715, Y0: 0.0517995

Epoch:2400
In training set, loss: 6.25617, Y0: 0.0518055

Epoch:2500
In training set, loss: 6.23547, Y0: 0.0518115

Epoch:2600
In training set, loss: 6.21506, Y0: 0.0518177

Epoch:2700
In training set, loss: 6.19492, Y0: 0.051824

Epoch:2800
In training set, loss: 6.17507, Y0: 0.0518302

Epoch:2900
In training set, loss: 6.15548, Y0: 0.0518363

Epoch:3000
In training set, loss: 6.13616, Y0: 0.0518424

Epoch:3100
In training set, loss: 6.1171, Y0: 0.0518484

Epoch:3200
In training set, loss: 6.0983, Y0: 0.0518544

Epoch:3300
In training set, loss: 6.07976, Y0: 0.0518603

Epoch:3400
In training set, loss: 6.06146, Y0: 0.0518663

Epoch:3500
In training set, loss: 6.04342, Y0: 0.051872

Epoch:3600
In training set, loss: 6.02561, Y0: 0.0518776

Epoch:3700
In training set, loss: 6.00805, Y0: 0.0518831

Epoch:3800
In training set, loss: 5.99072, Y0: 0.0518885

Epoch:3900
In training set, loss: 5.97363, Y0: 0.0518938

Epoch:4000
In training set, loss: 5.95677, Y0: 0.051899



###############################################################################
TCHPC Cluster: kelvin
Job 22601 (BSDE_job_4_procs) for User 'zuoy' in Account 'hpc_21_01207'
Finished at: Sun Nov 21 15:07:54 GMT 2021

Job efficiency estimates:
=========================

Job ID: 22601
Cluster: kelvin
User/Group: zuoy/zuoy
State: COMPLETED (exit code 0)
Nodes: 6
Cores per node: 12
CPU Utilized: 05:11:07
CPU Efficiency: 15.20% of 1-10:07:12 core-walltime
Job Wall-clock time: 00:28:26
Memory Utilized: 678.00 MB
Memory Efficiency: 0.49% of 134.77 GB

Job completion status:
======================

       JobID    JobName AllocCPUS NTasks NNodes     MaxRSS    MaxRSSNode  MaxDiskRead MaxDiskWrite    Elapsed      State ExitCode 
------------ ---------- --------- ------ ------ ---------- ------------- ------------ ------------ ---------- ---------- -------- 
22601        BSDE_job_+        72             6                                                      00:28:26  COMPLETED      0:0 
22601.batch       batch        12      1      1       678M   kelvin-n029        0.86M        0.01M   00:28:26  COMPLETED      0:0 
22601.0           orted        60      5      5                                                      00:28:25  COMPLETED      0:0 


Job details:
============

JobId=22601 JobName=BSDE_job_4_procs
   UserId=zuoy(1582) GroupId=zuoy(1252) MCS_label=N/A
   Priority=10985513 Nice=0 Account=hpc_21_01207 QOS=normal
   JobState=COMPLETING Reason=None Dependency=(null)
   Requeue=0 Restarts=0 BatchFlag=1 Reboot=0 ExitCode=0:0
   DerivedExitCode=0:0
   RunTime=00:28:26 TimeLimit=23:00:00 TimeMin=N/A
   SubmitTime=2021-11-21T13:03:24 EligibleTime=2021-11-21T13:03:24
   AccrueTime=2021-11-21T13:03:24
   StartTime=2021-11-21T14:39:28 EndTime=2021-11-21T15:07:54 Deadline=N/A
   SuspendTime=None SecsPreSuspend=0 LastSchedEval=2021-11-21T14:39:28
   Partition=compute AllocNode:Sid=kelvin01:30506
   ReqNodeList=(null) ExcNodeList=(null)
   NodeList=kelvin-n[032,034-036,051]
   BatchHost=kelvin-n029
   NumNodes=5 NumCPUs=72 NumTasks=64 CPUs/Task=1 ReqB:S:C:T=0:0:*:*
   TRES=cpu=72,mem=138000M,node=6,billing=72
   Socks/Node=* NtasksPerN:B:S:C=0:0:*:* CoreSpec=*
   JOB_GRES=(null)
     Nodes=kelvin-n[029,032,034-036,051] CPU_IDs=0-11 Mem=23000 GRES=
   MinCPUsNode=1 MinMemoryNode=23000M MinTmpDiskNode=0
   Features=(null) DelayBoot=00:00:00
   OverSubscribe=NO Contiguous=0 Licenses=(null) Network=(null)
   Command=/home/users/mschpc/2019/zuoy/HPC/NeuralNetwork/parallel/scripts/script_AllenCahn_d200_b1_n64.sh
   WorkDir=/home/users/mschpc/2019/zuoy/HPC/NeuralNetwork/parallel
   StdErr=/home/users/mschpc/2019/zuoy/HPC/NeuralNetwork/parallel/output/slurm-22601.out
   StdIn=/dev/null
   StdOut=/home/users/mschpc/2019/zuoy/HPC/NeuralNetwork/parallel/output/slurm-22601.out
   Power=
   NtasksPerTRES:0


Disk quota details:
===================

Quota Type           Name  Filesystem     Usage in MB     Limit in MB    % Used
-------------------------------------------------------------------------------
USER                 zuoy       /home             123          51,200     0.24%

GROUP              mschpc   /projects             999          51,200     1.95%
GROUP          pi-dgolden   /projects               0          51,200     0.00%


SLURM Bank Statement:
=====================

User           Usage |        Account     Usage | Account Limit Available (CPU hrs)
---------- --------- + -------------- --------- + ------------- ---------
zuoy          19,047 |   HPC_21_01207    19,047 |       100,000    80,953


Acknowledgements:
=================

Note that usage of TCHPC Resources *must* be acknowledged in all publications.

Please see this page for details relevant to this cluster:

http://www.tchpc.tcd.ie/resources/acknowledgementpolicy

################################################################################
