Parallel Mode: Ring-Allreduce
Dimension: 300
Total time: 1
Number of time intervals: 40
Learning rate: 0.01
y_init_range: 40, 50
Number of neurons in each hidden layer of each subnet: 110, 110, 
Epochs: 1000
Batch size: 64
Sample size: 256
Logging frequency: 100
Model name: pricing_default_risk_parallel_
Number of processors: 64


Training:
Epoch:100
In training set, loss: 20808, Y0: 40.7748

Epoch:200
In training set, loss: 18387.4, Y0: 41.4967

Epoch:300
In training set, loss: 16286.3, Y0: 42.1695

Epoch:400
In training set, loss: 14460, Y0: 42.7966

Epoch:500
In training set, loss: 12872.3, Y0: 43.3811

Epoch:600
In training set, loss: 11492.5, Y0: 43.9259

Epoch:700
In training set, loss: 10292.2, Y0: 44.4338

Epoch:800
In training set, loss: 9248.33, Y0: 44.9071

Epoch:900
In training set, loss: 8340.12, Y0: 45.3484

Epoch:1000
In training set, loss: 7551.7, Y0: 45.7597



###############################################################################
TCHPC Cluster: kelvin
Job 22370 (BSDE_job_4_procs) for User 'zuoy' in Account 'hpc_21_01207'
Finished at: Sun Nov 21 03:22:18 GMT 2021

Job efficiency estimates:
=========================

Job ID: 22370
Cluster: kelvin
User/Group: zuoy/zuoy
State: COMPLETED (exit code 0)
Nodes: 6
Cores per node: 12
CPU Utilized: 01:19:23
CPU Efficiency: 15.07% of 08:46:48 core-walltime
Job Wall-clock time: 00:07:19
Memory Utilized: 975.29 MB
Memory Efficiency: 0.71% of 134.77 GB

Job completion status:
======================

       JobID    JobName AllocCPUS NTasks NNodes     MaxRSS    MaxRSSNode  MaxDiskRead MaxDiskWrite    Elapsed      State ExitCode 
------------ ---------- --------- ------ ------ ---------- ------------- ------------ ------------ ---------- ---------- -------- 
22370        BSDE_job_+        72             6                                                      00:07:19  COMPLETED      0:0 
22370.batch       batch        12      1      1    998700K   kelvin-n074        0.86M        0.01M   00:07:19  COMPLETED      0:0 
22370.0           orted        60      5      5                                                      00:07:18  COMPLETED      0:0 


Job details:
============

JobId=22370 JobName=BSDE_job_4_procs
   UserId=zuoy(1582) GroupId=zuoy(1252) MCS_label=N/A
   Priority=11040400 Nice=0 Account=hpc_21_01207 QOS=normal
   JobState=COMPLETING Reason=None Dependency=(null)
   Requeue=0 Restarts=0 BatchFlag=1 Reboot=0 ExitCode=0:0
   DerivedExitCode=0:0
   RunTime=00:07:19 TimeLimit=23:00:00 TimeMin=N/A
   SubmitTime=2021-11-21T01:39:31 EligibleTime=2021-11-21T01:39:31
   AccrueTime=2021-11-21T01:39:31
   StartTime=2021-11-21T03:14:59 EndTime=2021-11-21T03:22:18 Deadline=N/A
   SuspendTime=None SecsPreSuspend=0 LastSchedEval=2021-11-21T03:14:59
   Partition=compute AllocNode:Sid=kelvin01:32460
   ReqNodeList=(null) ExcNodeList=(null)
   NodeList=kelvin-n[075-076,079,081,093]
   BatchHost=kelvin-n074
   NumNodes=5 NumCPUs=72 NumTasks=64 CPUs/Task=1 ReqB:S:C:T=0:0:*:*
   TRES=cpu=72,mem=138000M,node=6,billing=72
   Socks/Node=* NtasksPerN:B:S:C=0:0:*:* CoreSpec=*
   JOB_GRES=(null)
     Nodes=kelvin-n[074-076,079,081,093] CPU_IDs=0-11 Mem=23000 GRES=
   MinCPUsNode=1 MinMemoryNode=23000M MinTmpDiskNode=0
   Features=(null) DelayBoot=00:00:00
   OverSubscribe=NO Contiguous=0 Licenses=(null) Network=(null)
   Command=/home/users/mschpc/2019/zuoy/HPC/NeuralNetwork/parallel/scripts/script_PricingDefaultRisk_d300_b64_n64.sh
   WorkDir=/home/users/mschpc/2019/zuoy/HPC/NeuralNetwork/parallel
   StdErr=/home/users/mschpc/2019/zuoy/HPC/NeuralNetwork/parallel/output/slurm-22370.out
   StdIn=/dev/null
   StdOut=/home/users/mschpc/2019/zuoy/HPC/NeuralNetwork/parallel/output/slurm-22370.out
   Power=
   NtasksPerTRES:0


Disk quota details:
===================

Quota Type           Name  Filesystem     Usage in MB     Limit in MB    % Used
-------------------------------------------------------------------------------
USER                 zuoy       /home             118          51,200     0.23%

GROUP              mschpc   /projects             999          51,200     1.95%
GROUP          pi-dgolden   /projects               0          51,200     0.00%


SLURM Bank Statement:
=====================

User           Usage |        Account     Usage | Account Limit Available (CPU hrs)
---------- --------- + -------------- --------- + ------------- ---------
zuoy          15,579 |   HPC_21_01207    15,579 |       100,000    84,421


Acknowledgements:
=================

Note that usage of TCHPC Resources *must* be acknowledged in all publications.

Please see this page for details relevant to this cluster:

http://www.tchpc.tcd.ie/resources/acknowledgementpolicy

################################################################################
