Parallel Mode: Master-Slave
Dimension: 100
Total time: 1
Number of time intervals: 20
Learning rate: 0.01
y_init_range: 0, 1
Number of neurons in each hidden layer of each subnet: 110, 110, 
Epochs: 1000
Batch size: 64
Sample size: 1024
Logging frequency: 100
Model name: HJBLQ_parallel_
Number of processors: 8


Training:
Epoch:100
In training set, loss: 39.4409, Y0: 4.49508

Epoch:200
In training set, loss: 34.2047, Y0: 4.50953

Epoch:300
In training set, loss: 32.4383, Y0: 4.51393

Epoch:400
In training set, loss: 31.4294, Y0: 4.51561

Epoch:500
In training set, loss: 30.6263, Y0: 4.51643

Epoch:600
In training set, loss: 29.8955, Y0: 4.51695

Epoch:700
In training set, loss: 29.2, Y0: 4.51734

Epoch:800
In training set, loss: 28.5284, Y0: 4.51767

Epoch:900
In training set, loss: 27.8769, Y0: 4.51797

Epoch:1000
In training set, loss: 27.2436, Y0: 4.51825



###############################################################################
TCHPC Cluster: kelvin
Job 23268 (BSDE_job_4_procs) for User 'zuoy' in Account 'hpc_21_01207'
Finished at: Tue Nov 23 16:38:57 GMT 2021

Job efficiency estimates:
=========================

Job ID: 23268
Cluster: kelvin
User/Group: zuoy/zuoy
State: COMPLETED (exit code 0)
Nodes: 1
Cores per node: 12
CPU Utilized: 00:43:32
CPU Efficiency: 66.36% of 01:05:36 core-walltime
Job Wall-clock time: 00:05:28
Memory Utilized: 422.33 MB
Memory Efficiency: 1.84% of 22.46 GB

Job completion status:
======================

       JobID    JobName AllocCPUS NTasks NNodes     MaxRSS    MaxRSSNode  MaxDiskRead MaxDiskWrite    Elapsed      State ExitCode 
------------ ---------- --------- ------ ------ ---------- ------------- ------------ ------------ ---------- ---------- -------- 
23268        BSDE_job_+        12             1                                                      00:05:28  COMPLETED      0:0 
23268.batch       batch        12      1      1    432464K   kelvin-n022        0.87M        0.01M   00:05:28  COMPLETED      0:0 


Job details:
============

JobId=23268 JobName=BSDE_job_4_procs
   UserId=zuoy(1582) GroupId=zuoy(1252) MCS_label=N/A
   Priority=10922748 Nice=0 Account=hpc_21_01207 QOS=normal
   JobState=COMPLETING Reason=None Dependency=(null)
   Requeue=0 Restarts=0 BatchFlag=1 Reboot=0 ExitCode=0:0
   DerivedExitCode=0:0
   RunTime=00:05:28 TimeLimit=23:00:00 TimeMin=N/A
   SubmitTime=2021-11-23T02:11:51 EligibleTime=2021-11-23T02:11:51
   AccrueTime=2021-11-23T02:11:51
   StartTime=2021-11-23T16:33:29 EndTime=2021-11-23T16:38:57 Deadline=N/A
   SuspendTime=None SecsPreSuspend=0 LastSchedEval=2021-11-23T16:33:29
   Partition=compute AllocNode:Sid=kelvin01:730
   ReqNodeList=(null) ExcNodeList=(null)
   NodeList=
   BatchHost=kelvin-n022
   NumNodes=1 NumCPUs=12 NumTasks=8 CPUs/Task=1 ReqB:S:C:T=0:0:*:*
   TRES=cpu=12,mem=23000M,node=1,billing=12
   Socks/Node=* NtasksPerN:B:S:C=0:0:*:* CoreSpec=*
   JOB_GRES=(null)
     Nodes=kelvin-n022 CPU_IDs=0-11 Mem=23000 GRES=
   MinCPUsNode=1 MinMemoryNode=23000M MinTmpDiskNode=0
   Features=(null) DelayBoot=00:00:00
   OverSubscribe=NO Contiguous=0 Licenses=(null) Network=(null)
   Command=/home/users/mschpc/2019/zuoy/HPC/NeuralNetwork/parallel/scripts/script_HJBLQ_d100_b64_n8.sh
   WorkDir=/home/users/mschpc/2019/zuoy/HPC/NeuralNetwork/parallel
   StdErr=/home/users/mschpc/2019/zuoy/HPC/NeuralNetwork/parallel/output/slurm-23268.out
   StdIn=/dev/null
   StdOut=/home/users/mschpc/2019/zuoy/HPC/NeuralNetwork/parallel/output/slurm-23268.out
   Power=
   NtasksPerTRES:0


Disk quota details:
===================

Quota Type           Name  Filesystem     Usage in MB     Limit in MB    % Used
-------------------------------------------------------------------------------
USER                 zuoy       /home             137          51,200     0.27%

GROUP              mschpc   /projects             999          51,200     1.95%
GROUP          pi-dgolden   /projects               0          51,200     0.00%


SLURM Bank Statement:
=====================

User           Usage |        Account     Usage | Account Limit Available (CPU hrs)
---------- --------- + -------------- --------- + ------------- ---------
zuoy          27,399 |   HPC_21_01207    27,399 |       100,000    72,601


Acknowledgements:
=================

Note that usage of TCHPC Resources *must* be acknowledged in all publications.

Please see this page for details relevant to this cluster:

http://www.tchpc.tcd.ie/resources/acknowledgementpolicy

################################################################################
