Parallel Mode: Ring-Allreduce
Dimension: 100
Total time: 1
Number of time intervals: 40
Learning rate: 0.01
y_init_range: 40, 50
Number of neurons in each hidden layer of each subnet: 110, 110, 
Epochs: 1000
Batch size: 1
Sample size: 256
Logging frequency: 100
Model name: pricing_default_risk_parallel_
Number of processors: 64


Training:
Epoch:100
In training set, loss: 3544.27, Y0: 55.5292

Epoch:200
In training set, loss: 3297.49, Y0: 55.9211

Epoch:300
In training set, loss: 3110.82, Y0: 55.9503

Epoch:400
In training set, loss: 2955.39, Y0: 55.9681

Epoch:500
In training set, loss: 2824.04, Y0: 55.9831

Epoch:600
In training set, loss: 2710.72, Y0: 55.9965

Epoch:700
In training set, loss: 2611.2, Y0: 56.0082

Epoch:800
In training set, loss: 2523.46, Y0: 56.0188

Epoch:900
In training set, loss: 2444.33, Y0: 56.0287

Epoch:1000
In training set, loss: 2372.95, Y0: 56.0377



###############################################################################
TCHPC Cluster: kelvin
Job 22329 (BSDE_job_4_procs) for User 'zuoy' in Account 'hpc_21_01207'
Finished at: Sun Nov 21 02:33:03 GMT 2021

Job efficiency estimates:
=========================

Job ID: 22329
Cluster: kelvin
User/Group: zuoy/zuoy
State: COMPLETED (exit code 0)
Nodes: 6
Cores per node: 12
CPU Utilized: 00:51:10
CPU Efficiency: 14.96% of 05:42:00 core-walltime
Job Wall-clock time: 00:04:45
Memory Utilized: 578.09 MB
Memory Efficiency: 0.42% of 134.77 GB

Job completion status:
======================

       JobID    JobName AllocCPUS NTasks NNodes     MaxRSS    MaxRSSNode  MaxDiskRead MaxDiskWrite    Elapsed      State ExitCode 
------------ ---------- --------- ------ ------ ---------- ------------- ------------ ------------ ---------- ---------- -------- 
22329        BSDE_job_+        72             6                                                      00:04:45  COMPLETED      0:0 
22329.batch       batch        12      1      1    591968K   kelvin-n008        0.86M        0.01M   00:04:45  COMPLETED      0:0 
22329.0           orted        60      5      5                                                      00:04:44  COMPLETED      0:0 


Job details:
============

JobId=22329 JobName=BSDE_job_4_procs
   UserId=zuoy(1582) GroupId=zuoy(1252) MCS_label=N/A
   Priority=11063052 Nice=0 Account=hpc_21_01207 QOS=normal
   JobState=COMPLETING Reason=None Dependency=(null)
   Requeue=0 Restarts=0 BatchFlag=1 Reboot=0 ExitCode=0:0
   DerivedExitCode=0:0
   RunTime=00:04:45 TimeLimit=23:00:00 TimeMin=N/A
   SubmitTime=2021-11-21T00:06:51 EligibleTime=2021-11-21T00:06:51
   AccrueTime=2021-11-21T00:06:51
   StartTime=2021-11-21T02:28:18 EndTime=2021-11-21T02:33:03 Deadline=N/A
   SuspendTime=None SecsPreSuspend=0 LastSchedEval=2021-11-21T02:28:18
   Partition=compute AllocNode:Sid=kelvin01:32460
   ReqNodeList=(null) ExcNodeList=(null)
   NodeList=kelvin-n[009-013]
   BatchHost=kelvin-n008
   NumNodes=5 NumCPUs=72 NumTasks=64 CPUs/Task=1 ReqB:S:C:T=0:0:*:*
   TRES=cpu=72,mem=138000M,node=6,billing=72
   Socks/Node=* NtasksPerN:B:S:C=0:0:*:* CoreSpec=*
   JOB_GRES=(null)
     Nodes=kelvin-n[008-013] CPU_IDs=0-11 Mem=23000 GRES=
   MinCPUsNode=1 MinMemoryNode=23000M MinTmpDiskNode=0
   Features=(null) DelayBoot=00:00:00
   OverSubscribe=NO Contiguous=0 Licenses=(null) Network=(null)
   Command=/home/users/mschpc/2019/zuoy/HPC/NeuralNetwork/parallel/scripts/script_PricingDefaultRisk_d100_b1_n64.sh
   WorkDir=/home/users/mschpc/2019/zuoy/HPC/NeuralNetwork/parallel
   StdErr=/home/users/mschpc/2019/zuoy/HPC/NeuralNetwork/parallel/output/slurm-22329.out
   StdIn=/dev/null
   StdOut=/home/users/mschpc/2019/zuoy/HPC/NeuralNetwork/parallel/output/slurm-22329.out
   Power=
   NtasksPerTRES:0


Disk quota details:
===================

Quota Type           Name  Filesystem     Usage in MB     Limit in MB    % Used
-------------------------------------------------------------------------------
USER                 zuoy       /home             117          51,200     0.23%

GROUP              mschpc   /projects             999          51,200     1.95%
GROUP          pi-dgolden   /projects               0          51,200     0.00%


SLURM Bank Statement:
=====================

User           Usage |        Account     Usage | Account Limit Available (CPU hrs)
---------- --------- + -------------- --------- + ------------- ---------
zuoy          15,311 |   HPC_21_01207    15,311 |       100,000    84,689


Acknowledgements:
=================

Note that usage of TCHPC Resources *must* be acknowledged in all publications.

Please see this page for details relevant to this cluster:

http://www.tchpc.tcd.ie/resources/acknowledgementpolicy

################################################################################
