Parallel Mode: Ring-Allreduce
Dimension: 400
Total time: 1
Number of time intervals: 40
Learning rate: 0.01
y_init_range: 40, 50
Number of neurons in each hidden layer of each subnet: 110, 110, 
Epochs: 1000
Batch size: 64
Sample size: 256
Logging frequency: 100
Model name: pricing_default_risk_parallel_
Number of processors: 64


Training:
Epoch:100
In training set, loss: 16460.9, Y0: 40.6786

Epoch:200
In training set, loss: 14589.7, Y0: 41.3105

Epoch:300
In training set, loss: 12965.4, Y0: 41.8993

Epoch:400
In training set, loss: 11555.1, Y0: 42.4477

Epoch:500
In training set, loss: 10329.8, Y0: 42.9587

Epoch:600
In training set, loss: 9264.81, Y0: 43.4348

Epoch:700
In training set, loss: 8339.23, Y0: 43.8784

Epoch:800
In training set, loss: 7534.24, Y0: 44.2917

Epoch:900
In training set, loss: 6834.14, Y0: 44.6767

Epoch:1000
In training set, loss: 6224.95, Y0: 45.0354



###############################################################################
TCHPC Cluster: kelvin
Job 22002 (BSDE_job_4_procs) for User 'zuoy' in Account 'hpc_21_01207'
Finished at: Sat Nov 20 10:50:49 GMT 2021

Job efficiency estimates:
=========================

Job ID: 22002
Cluster: kelvin
User/Group: zuoy/zuoy
State: COMPLETED (exit code 0)
Nodes: 6
Cores per node: 12
CPU Utilized: 01:17:06
CPU Efficiency: 15.01% of 08:33:36 core-walltime
Job Wall-clock time: 00:07:08
Memory Utilized: 1.14 GB
Memory Efficiency: 0.85% of 134.77 GB

Job completion status:
======================

       JobID    JobName AllocCPUS NTasks NNodes     MaxRSS    MaxRSSNode  MaxDiskRead MaxDiskWrite    Elapsed      State ExitCode 
------------ ---------- --------- ------ ------ ---------- ------------- ------------ ------------ ---------- ---------- -------- 
22002        BSDE_job_+        72             6                                                      00:07:08  COMPLETED      0:0 
22002.batch       batch        12      1      1   1197744K   kelvin-n001        0.86M        0.01M   00:07:08  COMPLETED      0:0 
22002.0           orted        60      5      5                                                      00:07:07  COMPLETED      0:0 


Job details:
============

JobId=22002 JobName=BSDE_job_4_procs
   UserId=zuoy(1582) GroupId=zuoy(1252) MCS_label=N/A
   Priority=11089128 Nice=0 Account=hpc_21_01207 QOS=normal
   JobState=COMPLETING Reason=None Dependency=(null)
   Requeue=0 Restarts=0 BatchFlag=1 Reboot=0 ExitCode=0:0
   DerivedExitCode=0:0
   RunTime=00:07:08 TimeLimit=23:00:00 TimeMin=N/A
   SubmitTime=2021-11-20T09:20:03 EligibleTime=2021-11-20T09:20:03
   AccrueTime=2021-11-20T09:20:03
   StartTime=2021-11-20T10:43:41 EndTime=2021-11-20T10:50:49 Deadline=N/A
   SuspendTime=None SecsPreSuspend=0 LastSchedEval=2021-11-20T10:43:41
   Partition=compute AllocNode:Sid=kelvin01:23606
   ReqNodeList=(null) ExcNodeList=(null)
   NodeList=kelvin-n[020,091-093,096]
   BatchHost=kelvin-n001
   NumNodes=5 NumCPUs=72 NumTasks=64 CPUs/Task=1 ReqB:S:C:T=0:0:*:*
   TRES=cpu=72,mem=138000M,node=6,billing=72
   Socks/Node=* NtasksPerN:B:S:C=0:0:*:* CoreSpec=*
   JOB_GRES=(null)
     Nodes=kelvin-n[001,020,091-093,096] CPU_IDs=0-11 Mem=23000 GRES=
   MinCPUsNode=1 MinMemoryNode=23000M MinTmpDiskNode=0
   Features=(null) DelayBoot=00:00:00
   OverSubscribe=NO Contiguous=0 Licenses=(null) Network=(null)
   Command=/home/users/mschpc/2019/zuoy/HPC/NeuralNetwork/parallel/scripts/script_PricingDefaultRisk_d400_b64_n64.sh
   WorkDir=/home/users/mschpc/2019/zuoy/HPC/NeuralNetwork/parallel
   StdErr=/home/users/mschpc/2019/zuoy/HPC/NeuralNetwork/parallel/output/slurm-22002.out
   StdIn=/dev/null
   StdOut=/home/users/mschpc/2019/zuoy/HPC/NeuralNetwork/parallel/output/slurm-22002.out
   Power=
   NtasksPerTRES:0


Disk quota details:
===================

Quota Type           Name  Filesystem     Usage in MB     Limit in MB    % Used
-------------------------------------------------------------------------------
USER                 zuoy       /home             111          51,200     0.22%

GROUP              mschpc   /projects             999          51,200     1.95%
GROUP          pi-dgolden   /projects               0          51,200     0.00%


SLURM Bank Statement:
=====================

User           Usage |        Account     Usage | Account Limit Available (CPU hrs)
---------- --------- + -------------- --------- + ------------- ---------
zuoy          12,766 |   HPC_21_01207    12,766 |       100,000    87,234


Acknowledgements:
=================

Note that usage of TCHPC Resources *must* be acknowledged in all publications.

Please see this page for details relevant to this cluster:

http://www.tchpc.tcd.ie/resources/acknowledgementpolicy

################################################################################
