Parallel Mode: Ring-Allreduce
Dimension: 100
Total time: 0.25
Number of time intervals: 20
Learning rate: 0.0005
y_init_range: 0.3, 0.5
Number of neurons in each hidden layer of each subnet: 110, 110, 
Epochs: 4000
Batch size: 1
Sample size: 256
Logging frequency: 100
Model name: AllenCahn_parallel_
Number of processors: 64


Training:
Epoch:100
In training set, loss: 5.35684, Y0: 0.269659

Epoch:200
In training set, loss: 4.46725, Y0: 0.243461

Epoch:300
In training set, loss: 3.79737, Y0: 0.220737

Epoch:400
In training set, loss: 3.28925, Y0: 0.200957

Epoch:500
In training set, loss: 2.90158, Y0: 0.183693

Epoch:600
In training set, loss: 2.60442, Y0: 0.168594

Epoch:700
In training set, loss: 2.37576, Y0: 0.155366

Epoch:800
In training set, loss: 2.19922, Y0: 0.143763

Epoch:900
In training set, loss: 2.06251, Y0: 0.133573

Epoch:1000
In training set, loss: 1.95634, Y0: 0.124618

Epoch:1100
In training set, loss: 1.87366, Y0: 0.116742

Epoch:1200
In training set, loss: 1.80908, Y0: 0.109812

Epoch:1300
In training set, loss: 1.75848, Y0: 0.103711

Epoch:1400
In training set, loss: 1.71869, Y0: 0.0983384

Epoch:1500
In training set, loss: 1.68727, Y0: 0.0936055

Epoch:1600
In training set, loss: 1.66233, Y0: 0.0894354

Epoch:1700
In training set, loss: 1.64243, Y0: 0.0857606

Epoch:1800
In training set, loss: 1.62644, Y0: 0.0825215

Epoch:1900
In training set, loss: 1.61349, Y0: 0.0796664

Epoch:2000
In training set, loss: 1.6029, Y0: 0.0771492

Epoch:2100
In training set, loss: 1.59414, Y0: 0.07493

Epoch:2200
In training set, loss: 1.58682, Y0: 0.0729732

Epoch:2300
In training set, loss: 1.58061, Y0: 0.0712478

Epoch:2400
In training set, loss: 1.57526, Y0: 0.0697265

Epoch:2500
In training set, loss: 1.5706, Y0: 0.0683852

Epoch:2600
In training set, loss: 1.56647, Y0: 0.0672025

Epoch:2700
In training set, loss: 1.56275, Y0: 0.0661597

Epoch:2800
In training set, loss: 1.55936, Y0: 0.0652404

Epoch:2900
In training set, loss: 1.55622, Y0: 0.06443

Epoch:3000
In training set, loss: 1.55329, Y0: 0.0637155

Epoch:3100
In training set, loss: 1.55051, Y0: 0.0630859

Epoch:3200
In training set, loss: 1.54786, Y0: 0.062531

Epoch:3300
In training set, loss: 1.5453, Y0: 0.0620421

Epoch:3400
In training set, loss: 1.54283, Y0: 0.0616114

Epoch:3500
In training set, loss: 1.54042, Y0: 0.0612321

Epoch:3600
In training set, loss: 1.53807, Y0: 0.060898

Epoch:3700
In training set, loss: 1.53576, Y0: 0.0606038

Epoch:3800
In training set, loss: 1.53348, Y0: 0.060345

Epoch:3900
In training set, loss: 1.53123, Y0: 0.0601173

Epoch:4000
In training set, loss: 1.52901, Y0: 0.0599171



###############################################################################
TCHPC Cluster: kelvin
Job 21503 (BSDE_job_4_procs) for User 'zuoy' in Account 'hpc_21_01207'
Finished at: Fri Nov 19 01:44:06 GMT 2021

Job efficiency estimates:
=========================

Job ID: 21503
Cluster: kelvin
User/Group: zuoy/zuoy
State: COMPLETED (exit code 0)
Nodes: 6
Cores per node: 12
CPU Utilized: 01:19:24
CPU Efficiency: 14.90% of 08:52:48 core-walltime
Job Wall-clock time: 00:07:24
Memory Utilized: 449.86 MB
Memory Efficiency: 0.33% of 134.77 GB

Job completion status:
======================

       JobID    JobName AllocCPUS NTasks NNodes     MaxRSS    MaxRSSNode  MaxDiskRead MaxDiskWrite    Elapsed      State ExitCode 
------------ ---------- --------- ------ ------ ---------- ------------- ------------ ------------ ---------- ---------- -------- 
21503        BSDE_job_+        72             6                                                      00:07:24  COMPLETED      0:0 
21503.batch       batch        12      1      1    460652K   kelvin-n024        0.86M        0.01M   00:07:24  COMPLETED      0:0 
21503.0           orted        60      5      5                                                      00:07:23  COMPLETED      0:0 


Job details:
============

JobId=21503 JobName=BSDE_job_4_procs
   UserId=zuoy(1582) GroupId=zuoy(1252) MCS_label=N/A
   Priority=11143667 Nice=0 Account=hpc_21_01207 QOS=normal
   JobState=COMPLETING Reason=None Dependency=(null)
   Requeue=0 Restarts=0 BatchFlag=1 Reboot=0 ExitCode=0:0
   DerivedExitCode=0:0
   RunTime=00:07:24 TimeLimit=23:00:00 TimeMin=N/A
   SubmitTime=2021-11-18T22:23:06 EligibleTime=2021-11-18T22:23:06
   AccrueTime=2021-11-18T22:23:06
   StartTime=2021-11-19T01:36:42 EndTime=2021-11-19T01:44:06 Deadline=N/A
   SuspendTime=None SecsPreSuspend=0 LastSchedEval=2021-11-19T01:36:42
   Partition=compute AllocNode:Sid=kelvin01:15357
   ReqNodeList=(null) ExcNodeList=(null)
   NodeList=kelvin-n[059,074-076,084]
   BatchHost=kelvin-n024
   NumNodes=5 NumCPUs=72 NumTasks=64 CPUs/Task=1 ReqB:S:C:T=0:0:*:*
   TRES=cpu=72,mem=138000M,node=6,billing=72
   Socks/Node=* NtasksPerN:B:S:C=0:0:*:* CoreSpec=*
   JOB_GRES=(null)
     Nodes=kelvin-n[024,059,074-076,084] CPU_IDs=0-11 Mem=23000 GRES=
   MinCPUsNode=1 MinMemoryNode=23000M MinTmpDiskNode=0
   Features=(null) DelayBoot=00:00:00
   OverSubscribe=NO Contiguous=0 Licenses=(null) Network=(null)
   Command=/home/users/mschpc/2019/zuoy/HPC/NeuralNetwork/parallel/scripts/script_AllenCahn_d200_b1_n64.sh
   WorkDir=/home/users/mschpc/2019/zuoy/HPC/NeuralNetwork/parallel
   StdErr=/home/users/mschpc/2019/zuoy/HPC/NeuralNetwork/parallel/output/slurm-21503.out
   StdIn=/dev/null
   StdOut=/home/users/mschpc/2019/zuoy/HPC/NeuralNetwork/parallel/output/slurm-21503.out
   Power=
   NtasksPerTRES:0


Disk quota details:
===================

Quota Type           Name  Filesystem     Usage in MB     Limit in MB    % Used
-------------------------------------------------------------------------------
USER                 zuoy       /home             104          51,200     0.20%

GROUP              mschpc   /projects             999          51,200     1.95%
GROUP          pi-dgolden   /projects               0          51,200     0.00%


SLURM Bank Statement:
=====================

User           Usage |        Account     Usage | Account Limit Available (CPU hrs)
---------- --------- + -------------- --------- + ------------- ---------
zuoy           9,548 |   HPC_21_01207     9,548 |       100,000    90,452


Acknowledgements:
=================

Note that usage of TCHPC Resources *must* be acknowledged in all publications.

Please see this page for details relevant to this cluster:

http://www.tchpc.tcd.ie/resources/acknowledgementpolicy

################################################################################
