Parallel Mode: Master-Slave
Dimension: 100
Total time: 0.25
Number of time intervals: 20
Learning rate: 0.0005
y_init_range: 0.25, 0.5
Number of neurons in each hidden layer of each subnet: 110, 110, 
Epochs: 4000
Batch size: 64
Sample size: 1024
Logging frequency: 100
Model name: AllenCahn_parallel_
Number of processors: 16


Training:
Epoch:100
In training set, loss: 18.1115, Y0: 0.243918

Epoch:200
In training set, loss: 17.4022, Y0: 0.238046

Epoch:300
In training set, loss: 16.7409, Y0: 0.232377

Epoch:400
In training set, loss: 16.1241, Y0: 0.226902

Epoch:500
In training set, loss: 15.5485, Y0: 0.221613

Epoch:600
In training set, loss: 15.0112, Y0: 0.216505

Epoch:700
In training set, loss: 14.5094, Y0: 0.211568

Epoch:800
In training set, loss: 14.0407, Y0: 0.206798

Epoch:900
In training set, loss: 13.6027, Y0: 0.202187

Epoch:1000
In training set, loss: 13.1933, Y0: 0.197729

Epoch:1100
In training set, loss: 12.8105, Y0: 0.19342

Epoch:1200
In training set, loss: 12.4525, Y0: 0.189252

Epoch:1300
In training set, loss: 12.1175, Y0: 0.185223

Epoch:1400
In training set, loss: 11.8041, Y0: 0.181325

Epoch:1500
In training set, loss: 11.5107, Y0: 0.177555

Epoch:1600
In training set, loss: 11.236, Y0: 0.173907

Epoch:1700
In training set, loss: 10.9788, Y0: 0.170379

Epoch:1800
In training set, loss: 10.7379, Y0: 0.166965

Epoch:1900
In training set, loss: 10.5122, Y0: 0.163661

Epoch:2000
In training set, loss: 10.3008, Y0: 0.160464

Epoch:2100
In training set, loss: 10.1026, Y0: 0.15737

Epoch:2200
In training set, loss: 9.9169, Y0: 0.154376

Epoch:2300
In training set, loss: 9.74279, Y0: 0.151477

Epoch:2400
In training set, loss: 9.57953, Y0: 0.148671

Epoch:2500
In training set, loss: 9.42641, Y0: 0.145955

Epoch:2600
In training set, loss: 9.28281, Y0: 0.143325

Epoch:2700
In training set, loss: 9.1481, Y0: 0.14078

Epoch:2800
In training set, loss: 9.0217, Y0: 0.138315

Epoch:2900
In training set, loss: 8.90308, Y0: 0.135928

Epoch:3000
In training set, loss: 8.79176, Y0: 0.133617

Epoch:3100
In training set, loss: 8.68727, Y0: 0.131379

Epoch:3200
In training set, loss: 8.58917, Y0: 0.129211

Epoch:3300
In training set, loss: 8.49707, Y0: 0.127113

Epoch:3400
In training set, loss: 8.41056, Y0: 0.12508

Epoch:3500
In training set, loss: 8.32932, Y0: 0.123112

Epoch:3600
In training set, loss: 8.253, Y0: 0.121205

Epoch:3700
In training set, loss: 8.1813, Y0: 0.119358

Epoch:3800
In training set, loss: 8.11392, Y0: 0.11757

Epoch:3900
In training set, loss: 8.0506, Y0: 0.115837

Epoch:4000
In training set, loss: 7.99108, Y0: 0.114159



###############################################################################
TCHPC Cluster: kelvin
Job 22842 (BSDE_job_4_procs) for User 'zuoy' in Account 'hpc_21_01207'
Finished at: Mon Nov 22 00:04:05 GMT 2021

Job efficiency estimates:
=========================

Job ID: 22842
Cluster: kelvin
User/Group: zuoy/zuoy
State: COMPLETED (exit code 0)
Nodes: 2
Cores per node: 12
CPU Utilized: 02:03:50
CPU Efficiency: 33.22% of 06:12:48 core-walltime
Job Wall-clock time: 00:15:32
Memory Utilized: 432.42 MB
Memory Efficiency: 0.94% of 44.92 GB

Job completion status:
======================

       JobID    JobName AllocCPUS NTasks NNodes     MaxRSS    MaxRSSNode  MaxDiskRead MaxDiskWrite    Elapsed      State ExitCode 
------------ ---------- --------- ------ ------ ---------- ------------- ------------ ------------ ---------- ---------- -------- 
22842        BSDE_job_+        24             2                                                      00:15:32  COMPLETED      0:0 
22842.batch       batch        12      1      1    442796K   kelvin-n048        0.86M        0.01M   00:15:32  COMPLETED      0:0 
22842.0           orted        12      1      1                                                      00:15:31  COMPLETED      0:0 


Job details:
============

JobId=22842 JobName=BSDE_job_4_procs
   UserId=zuoy(1582) GroupId=zuoy(1252) MCS_label=N/A
   Priority=10551916 Nice=0 Account=hpc_21_01207 QOS=normal
   JobState=COMPLETING Reason=None Dependency=(null)
   Requeue=0 Restarts=0 BatchFlag=1 Reboot=0 ExitCode=0:0
   DerivedExitCode=0:0
   RunTime=00:15:32 TimeLimit=23:00:00 TimeMin=N/A
   SubmitTime=2021-11-21T21:55:38 EligibleTime=2021-11-21T21:55:38
   AccrueTime=2021-11-21T21:55:38
   StartTime=2021-11-21T23:48:33 EndTime=2021-11-22T00:04:05 Deadline=N/A
   SuspendTime=None SecsPreSuspend=0 LastSchedEval=2021-11-21T23:48:33
   Partition=compute AllocNode:Sid=kelvin01:12189
   ReqNodeList=(null) ExcNodeList=(null)
   NodeList=kelvin-n061
   BatchHost=kelvin-n048
   NumNodes=1 NumCPUs=24 NumTasks=16 CPUs/Task=1 ReqB:S:C:T=0:0:*:*
   TRES=cpu=24,mem=46000M,node=2,billing=24
   Socks/Node=* NtasksPerN:B:S:C=0:0:*:* CoreSpec=*
   JOB_GRES=(null)
     Nodes=kelvin-n[048,061] CPU_IDs=0-11 Mem=23000 GRES=
   MinCPUsNode=1 MinMemoryNode=23000M MinTmpDiskNode=0
   Features=(null) DelayBoot=00:00:00
   OverSubscribe=NO Contiguous=0 Licenses=(null) Network=(null)
   Command=/home/users/mschpc/2019/zuoy/HPC/NeuralNetwork/parallel/scripts/script_AllenCahn_d200_b64_n16.sh
   WorkDir=/home/users/mschpc/2019/zuoy/HPC/NeuralNetwork/parallel
   StdErr=/home/users/mschpc/2019/zuoy/HPC/NeuralNetwork/parallel/output/slurm-22842.out
   StdIn=/dev/null
   StdOut=/home/users/mschpc/2019/zuoy/HPC/NeuralNetwork/parallel/output/slurm-22842.out
   Power=
   NtasksPerTRES:0


Disk quota details:
===================

Quota Type           Name  Filesystem     Usage in MB     Limit in MB    % Used
-------------------------------------------------------------------------------
USER                 zuoy       /home             131          51,200     0.26%

GROUP              mschpc   /projects             999          51,200     1.95%
GROUP          pi-dgolden   /projects               0          51,200     0.00%


SLURM Bank Statement:
=====================

User           Usage |        Account     Usage | Account Limit Available (CPU hrs)
---------- --------- + -------------- --------- + ------------- ---------
zuoy          22,630 |   HPC_21_01207    22,630 |       100,000    77,370


Acknowledgements:
=================

Note that usage of TCHPC Resources *must* be acknowledged in all publications.

Please see this page for details relevant to this cluster:

http://www.tchpc.tcd.ie/resources/acknowledgementpolicy

################################################################################
