Parallel Mode: Ring-Allreduce
Dimension: 300
Total time: 1
Number of time intervals: 20
Learning rate: 0.01
y_init_range: 0, 1
Number of neurons in each hidden layer of each subnet: 110, 110, 
Epochs: 1000
Batch size: 1
Sample size: 1024
Logging frequency: 100
Model name: HJBLQ_parallel_
Number of processors: 128


Training:
Epoch:100
In training set, loss: 42.7585, Y0: 5.53456

Epoch:200
In training set, loss: 23.1973, Y0: 5.59282

Epoch:300
In training set, loss: 15.1128, Y0: 5.62395

Epoch:400
In training set, loss: 11.2571, Y0: 5.64277

Epoch:500
In training set, loss: 9.18651, Y0: 5.655

Epoch:600
In training set, loss: 7.96914, Y0: 5.66336

Epoch:700
In training set, loss: 7.20358, Y0: 5.66928

Epoch:800
In training set, loss: 6.69735, Y0: 5.67359

Epoch:900
In training set, loss: 6.34945, Y0: 5.67679

Epoch:1000
In training set, loss: 6.10291, Y0: 5.67921



###############################################################################
TCHPC Cluster: kelvin
Job 22280 (BSDE_job_4_procs) for User 'zuoy' in Account 'hpc_21_01207'
Finished at: Sun Nov 21 01:33:22 GMT 2021

Job efficiency estimates:
=========================

Job ID: 22280
Cluster: kelvin
User/Group: zuoy/zuoy
State: COMPLETED (exit code 0)
Nodes: 11
Cores per node: 12
CPU Utilized: 01:10:38
CPU Efficiency: 8.92% of 13:12:00 core-walltime
Job Wall-clock time: 00:06:00
Memory Utilized: 1.12 GB
Memory Efficiency: 0.45% of 247.07 GB

Job completion status:
======================

       JobID    JobName AllocCPUS NTasks NNodes     MaxRSS    MaxRSSNode  MaxDiskRead MaxDiskWrite    Elapsed      State ExitCode 
------------ ---------- --------- ------ ------ ---------- ------------- ------------ ------------ ---------- ---------- -------- 
22280        BSDE_job_+       132            11                                                      00:06:00  COMPLETED      0:0 
22280.batch       batch        12      1      1   1174236K   kelvin-n074        0.86M        0.01M   00:06:00  COMPLETED      0:0 
22280.0           orted       120     10     10                                                      00:05:59  COMPLETED      0:0 


Job details:
============

JobId=22280 JobName=BSDE_job_4_procs
   UserId=zuoy(1582) GroupId=zuoy(1252) MCS_label=N/A
   Priority=11129528 Nice=0 Account=hpc_21_01207 QOS=normal
   JobState=COMPLETING Reason=None Dependency=(null)
   Requeue=0 Restarts=0 BatchFlag=1 Reboot=0 ExitCode=0:0
   DerivedExitCode=0:0
   RunTime=00:06:00 TimeLimit=23:00:00 TimeMin=N/A
   SubmitTime=2021-11-20T22:48:32 EligibleTime=2021-11-20T22:48:32
   AccrueTime=2021-11-20T22:48:32
   StartTime=2021-11-21T01:27:22 EndTime=2021-11-21T01:33:22 Deadline=N/A
   SuspendTime=None SecsPreSuspend=0 LastSchedEval=2021-11-21T01:27:22
   Partition=compute AllocNode:Sid=kelvin01:32460
   ReqNodeList=(null) ExcNodeList=(null)
   NodeList=kelvin-n[076,079,081-082,086,089-093]
   BatchHost=kelvin-n074
   NumNodes=10 NumCPUs=132 NumTasks=128 CPUs/Task=1 ReqB:S:C:T=0:0:*:*
   TRES=cpu=132,mem=253000M,node=11,billing=132
   Socks/Node=* NtasksPerN:B:S:C=0:0:*:* CoreSpec=*
   JOB_GRES=(null)
     Nodes=kelvin-n[074,076,079,081-082,086,089-093] CPU_IDs=0-11 Mem=23000 GRES=
   MinCPUsNode=1 MinMemoryNode=23000M MinTmpDiskNode=0
   Features=(null) DelayBoot=00:00:00
   OverSubscribe=NO Contiguous=0 Licenses=(null) Network=(null)
   Command=/home/users/mschpc/2019/zuoy/HPC/NeuralNetwork/parallel/scripts/script_HJBLQ_d300_b1_n128.sh
   WorkDir=/home/users/mschpc/2019/zuoy/HPC/NeuralNetwork/parallel
   StdErr=/home/users/mschpc/2019/zuoy/HPC/NeuralNetwork/parallel/output/slurm-22280.out
   StdIn=/dev/null
   StdOut=/home/users/mschpc/2019/zuoy/HPC/NeuralNetwork/parallel/output/slurm-22280.out
   Power=
   NtasksPerTRES:0


Disk quota details:
===================

Quota Type           Name  Filesystem     Usage in MB     Limit in MB    % Used
-------------------------------------------------------------------------------
USER                 zuoy       /home             116          51,200     0.23%

GROUP              mschpc   /projects             999          51,200     1.95%
GROUP          pi-dgolden   /projects               0          51,200     0.00%


SLURM Bank Statement:
=====================

User           Usage |        Account     Usage | Account Limit Available (CPU hrs)
---------- --------- + -------------- --------- + ------------- ---------
zuoy          15,073 |   HPC_21_01207    15,073 |       100,000    84,927


Acknowledgements:
=================

Note that usage of TCHPC Resources *must* be acknowledged in all publications.

Please see this page for details relevant to this cluster:

http://www.tchpc.tcd.ie/resources/acknowledgementpolicy

################################################################################
