Parallel Mode: Ring-Allreduce
Dimension: 100
Total time: 1
Number of time intervals: 20
Learning rate: 0.01
y_init_range: 0, 1
Number of neurons in each hidden layer of each subnet: 110, 110, 
Epochs: 1000
Batch size: 64
Sample size: 1024
Logging frequency: 100
Model name: HJBLQ_parallel_
Number of processors: 4


Training:
Epoch:100
In training set, loss: 38.246, Y0: 4.51648

Epoch:200
In training set, loss: 32.9456, Y0: 4.52953

Epoch:300
In training set, loss: 31.1937, Y0: 4.53344

Epoch:400
In training set, loss: 30.1927, Y0: 4.53493

Epoch:500
In training set, loss: 29.3975, Y0: 4.53566

Epoch:600
In training set, loss: 28.6774, Y0: 4.53612

Epoch:700
In training set, loss: 27.9949, Y0: 4.53648

Epoch:800
In training set, loss: 27.3377, Y0: 4.5368

Epoch:900
In training set, loss: 26.7012, Y0: 4.53709

Epoch:1000
In training set, loss: 26.0833, Y0: 4.53736



###############################################################################
TCHPC Cluster: kelvin
Job 23879 (BSDE_job_4_procs) for User 'zuoy' in Account 'hpc_21_01207'
Finished at: Thu Nov 25 11:42:18 GMT 2021

Job efficiency estimates:
=========================

Job ID: 23879
Cluster: kelvin
User/Group: zuoy/zuoy
State: COMPLETED (exit code 0)
Nodes: 1
Cores per node: 12
CPU Utilized: 00:34:20
CPU Efficiency: 33.20% of 01:43:24 core-walltime
Job Wall-clock time: 00:08:37
Memory Utilized: 212.99 MB
Memory Efficiency: 0.93% of 22.46 GB

Job completion status:
======================

       JobID    JobName AllocCPUS NTasks NNodes     MaxRSS    MaxRSSNode  MaxDiskRead MaxDiskWrite    Elapsed      State ExitCode 
------------ ---------- --------- ------ ------ ---------- ------------- ------------ ------------ ---------- ---------- -------- 
23879        BSDE_job_+        12             1                                                      00:08:37  COMPLETED      0:0 
23879.batch       batch        12      1      1    218100K   kelvin-n035        0.86M        0.01M   00:08:37  COMPLETED      0:0 


Job details:
============

JobId=23879 JobName=BSDE_job_4_procs
   UserId=zuoy(1582) GroupId=zuoy(1252) MCS_label=N/A
   Priority=10595880 Nice=0 Account=hpc_21_01207 QOS=normal
   JobState=COMPLETING Reason=None Dependency=(null)
   Requeue=0 Restarts=0 BatchFlag=1 Reboot=0 ExitCode=0:0
   DerivedExitCode=0:0
   RunTime=00:08:37 TimeLimit=23:00:00 TimeMin=N/A
   SubmitTime=2021-11-25T08:10:49 EligibleTime=2021-11-25T08:10:49
   AccrueTime=2021-11-25T08:10:49
   StartTime=2021-11-25T11:33:41 EndTime=2021-11-25T11:42:18 Deadline=N/A
   SuspendTime=None SecsPreSuspend=0 LastSchedEval=2021-11-25T11:33:41
   Partition=compute AllocNode:Sid=kelvin01:3927
   ReqNodeList=(null) ExcNodeList=(null)
   NodeList=
   BatchHost=kelvin-n035
   NumNodes=1 NumCPUs=12 NumTasks=4 CPUs/Task=1 ReqB:S:C:T=0:0:*:*
   TRES=cpu=12,mem=23000M,node=1,billing=12
   Socks/Node=* NtasksPerN:B:S:C=0:0:*:* CoreSpec=*
   JOB_GRES=(null)
     Nodes=kelvin-n035 CPU_IDs=0-11 Mem=23000 GRES=
   MinCPUsNode=1 MinMemoryNode=23000M MinTmpDiskNode=0
   Features=(null) DelayBoot=00:00:00
   OverSubscribe=NO Contiguous=0 Licenses=(null) Network=(null)
   Command=/home/users/mschpc/2019/zuoy/HPC/NeuralNetwork/parallel/scripts/script_HJBLQ_d100_b64_n4.sh
   WorkDir=/home/users/mschpc/2019/zuoy/HPC/NeuralNetwork/parallel
   StdErr=/home/users/mschpc/2019/zuoy/HPC/NeuralNetwork/parallel/output/slurm-23879.out
   StdIn=/dev/null
   StdOut=/home/users/mschpc/2019/zuoy/HPC/NeuralNetwork/parallel/output/slurm-23879.out
   Power=
   NtasksPerTRES:0


Disk quota details:
===================

Quota Type           Name  Filesystem     Usage in MB     Limit in MB    % Used
-------------------------------------------------------------------------------
USER                 zuoy       /home             144          51,200     0.28%

GROUP              mschpc   /projects             999          51,200     1.95%
GROUP          pi-dgolden   /projects               0          51,200     0.00%


SLURM Bank Statement:
=====================

User           Usage |        Account     Usage | Account Limit Available (CPU hrs)
---------- --------- + -------------- --------- + ------------- ---------
zuoy          28,263 |   HPC_21_01207    28,263 |       100,000    71,737


Acknowledgements:
=================

Note that usage of TCHPC Resources *must* be acknowledged in all publications.

Please see this page for details relevant to this cluster:

http://www.tchpc.tcd.ie/resources/acknowledgementpolicy

################################################################################
