Parallel Mode: Ring-Allreduce
Dimension: 400
Total time: 1
Number of time intervals: 40
Learning rate: 0.01
y_init_range: 40, 50
Number of neurons in each hidden layer of each subnet: 110, 110, 
Epochs: 1000
Batch size: 16
Sample size: 256
Logging frequency: 100
Model name: pricing_default_risk_parallel_
Number of processors: 32


Training:
Epoch:100
In training set, loss: 7679.21, Y0: 44.3493

Epoch:200
In training set, loss: 3972.47, Y0: 46.8139

Epoch:300
In training set, loss: 2763.26, Y0: 48.246

Epoch:400
In training set, loss: 2309.84, Y0: 49.1031

Epoch:500
In training set, loss: 2103.67, Y0: 49.6251

Epoch:600
In training set, loss: 1985.97, Y0: 49.9456

Epoch:700
In training set, loss: 1902.82, Y0: 50.1439

Epoch:800
In training set, loss: 1834.46, Y0: 50.2676

Epoch:900
In training set, loss: 1773.48, Y0: 50.3457

Epoch:1000
In training set, loss: 1717.07, Y0: 50.3957



###############################################################################
TCHPC Cluster: kelvin
Job 21718 (BSDE_job_4_procs) for User 'zuoy' in Account 'hpc_21_01207'
Finished at: Fri Nov 19 21:46:51 GMT 2021

Job efficiency estimates:
=========================

Job ID: 21718
Cluster: kelvin
User/Group: zuoy/zuoy
State: COMPLETED (exit code 0)
Nodes: 3
Cores per node: 12
CPU Utilized: 01:51:42
CPU Efficiency: 30.22% of 06:09:36 core-walltime
Job Wall-clock time: 00:10:16
Memory Utilized: 1.14 GB
Memory Efficiency: 1.68% of 67.38 GB

Job completion status:
======================

       JobID    JobName AllocCPUS NTasks NNodes     MaxRSS    MaxRSSNode  MaxDiskRead MaxDiskWrite    Elapsed      State ExitCode 
------------ ---------- --------- ------ ------ ---------- ------------- ------------ ------------ ---------- ---------- -------- 
21718        BSDE_job_+        36             3                                                      00:10:16  COMPLETED      0:0 
21718.batch       batch        12      1      1   1190384K   kelvin-n020        0.87M        0.01M   00:10:16  COMPLETED      0:0 
21718.0           orted        24      2      2                                                      00:10:14  COMPLETED      0:0 


Job details:
============

JobId=21718 JobName=BSDE_job_4_procs
   UserId=zuoy(1582) GroupId=zuoy(1252) MCS_label=N/A
   Priority=11094870 Nice=0 Account=hpc_21_01207 QOS=normal
   JobState=COMPLETING Reason=None Dependency=(null)
   Requeue=0 Restarts=0 BatchFlag=1 Reboot=0 ExitCode=0:0
   DerivedExitCode=0:0
   RunTime=00:10:16 TimeLimit=23:00:00 TimeMin=N/A
   SubmitTime=2021-11-19T19:57:55 EligibleTime=2021-11-19T19:57:55
   AccrueTime=2021-11-19T19:57:55
   StartTime=2021-11-19T21:36:35 EndTime=2021-11-19T21:46:51 Deadline=N/A
   SuspendTime=None SecsPreSuspend=0 LastSchedEval=2021-11-19T21:36:35
   Partition=compute AllocNode:Sid=kelvin01:23080
   ReqNodeList=(null) ExcNodeList=(null)
   NodeList=kelvin-n[023,054]
   BatchHost=kelvin-n020
   NumNodes=2 NumCPUs=36 NumTasks=32 CPUs/Task=1 ReqB:S:C:T=0:0:*:*
   TRES=cpu=36,mem=69000M,node=3,billing=36
   Socks/Node=* NtasksPerN:B:S:C=0:0:*:* CoreSpec=*
   JOB_GRES=(null)
     Nodes=kelvin-n[020,023,054] CPU_IDs=0-11 Mem=23000 GRES=
   MinCPUsNode=1 MinMemoryNode=23000M MinTmpDiskNode=0
   Features=(null) DelayBoot=00:00:00
   OverSubscribe=NO Contiguous=0 Licenses=(null) Network=(null)
   Command=/home/users/mschpc/2019/zuoy/HPC/NeuralNetwork/parallel/scripts/script_PricingDefaultRisk_d400_b128_n32.sh
   WorkDir=/home/users/mschpc/2019/zuoy/HPC/NeuralNetwork/parallel
   StdErr=/home/users/mschpc/2019/zuoy/HPC/NeuralNetwork/parallel/output/slurm-21718.out
   StdIn=/dev/null
   StdOut=/home/users/mschpc/2019/zuoy/HPC/NeuralNetwork/parallel/output/slurm-21718.out
   Power=
   NtasksPerTRES:0


Disk quota details:
===================

Quota Type           Name  Filesystem     Usage in MB     Limit in MB    % Used
-------------------------------------------------------------------------------
USER                 zuoy       /home             107          51,200     0.21%

GROUP              mschpc   /projects             999          51,200     1.95%
GROUP          pi-dgolden   /projects               0          51,200     0.00%


SLURM Bank Statement:
=====================

User           Usage |        Account     Usage | Account Limit Available (CPU hrs)
---------- --------- + -------------- --------- + ------------- ---------
zuoy          10,849 |   HPC_21_01207    10,849 |       100,000    89,151


Acknowledgements:
=================

Note that usage of TCHPC Resources *must* be acknowledged in all publications.

Please see this page for details relevant to this cluster:

http://www.tchpc.tcd.ie/resources/acknowledgementpolicy

################################################################################
