Parallel Mode: Master-Slave
Dimension: 200
Total time: 1
Number of time intervals: 40
Learning rate: 0.01
y_init_range: 40, 50
Number of neurons in each hidden layer of each subnet: 110, 110, 
Epochs: 1000
Batch size: 1
Sample size: 256
Logging frequency: 100
Model name: pricing_default_risk_parallel_
Number of processors: 32


Training:
Epoch:100
In training set, loss: 2103.41, Y0: 53.3071

Epoch:200
In training set, loss: 1745.9, Y0: 53.346

Epoch:300
In training set, loss: 1516.64, Y0: 53.3731

Epoch:400
In training set, loss: 1355.19, Y0: 53.3967

Epoch:500
In training set, loss: 1233.71, Y0: 53.4179

Epoch:600
In training set, loss: 1137.66, Y0: 53.4372

Epoch:700
In training set, loss: 1059.52, Y0: 53.4549

Epoch:800
In training set, loss: 993.696, Y0: 53.4707

Epoch:900
In training set, loss: 937.7, Y0: 53.4852

Epoch:1000
In training set, loss: 888.733, Y0: 53.4987



###############################################################################
TCHPC Cluster: kelvin
Job 22508 (BSDE_job_4_procs) for User 'zuoy' in Account 'hpc_21_01207'
Finished at: Sun Nov 21 13:00:26 GMT 2021

Job efficiency estimates:
=========================

Job ID: 22508
Cluster: kelvin
User/Group: zuoy/zuoy
State: COMPLETED (exit code 0)
Nodes: 3
Cores per node: 12
CPU Utilized: 01:27:29
CPU Efficiency: 30.00% of 04:51:36 core-walltime
Job Wall-clock time: 00:08:06
Memory Utilized: 803.45 MB
Memory Efficiency: 1.16% of 67.38 GB

Job completion status:
======================

       JobID    JobName AllocCPUS NTasks NNodes     MaxRSS    MaxRSSNode  MaxDiskRead MaxDiskWrite    Elapsed      State ExitCode 
------------ ---------- --------- ------ ------ ---------- ------------- ------------ ------------ ---------- ---------- -------- 
22508        BSDE_job_+        36             3                                                      00:08:06  COMPLETED      0:0 
22508.batch       batch        12      1      1    822736K   kelvin-n021        0.86M        0.01M   00:08:06  COMPLETED      0:0 
22508.0           orted        24      2      2                                                      00:08:05  COMPLETED      0:0 


Job details:
============

JobId=22508 JobName=BSDE_job_4_procs
   UserId=zuoy(1582) GroupId=zuoy(1252) MCS_label=N/A
   Priority=11057633 Nice=0 Account=hpc_21_01207 QOS=normal
   JobState=COMPLETING Reason=None Dependency=(null)
   Requeue=0 Restarts=0 BatchFlag=1 Reboot=0 ExitCode=0:0
   DerivedExitCode=0:0
   RunTime=00:08:06 TimeLimit=23:00:00 TimeMin=N/A
   SubmitTime=2021-11-21T10:38:13 EligibleTime=2021-11-21T10:38:13
   AccrueTime=2021-11-21T10:38:13
   StartTime=2021-11-21T12:52:20 EndTime=2021-11-21T13:00:26 Deadline=N/A
   SuspendTime=None SecsPreSuspend=0 LastSchedEval=2021-11-21T12:52:20
   Partition=compute AllocNode:Sid=kelvin01:12117
   ReqNodeList=(null) ExcNodeList=(null)
   NodeList=kelvin-n[022-023]
   BatchHost=kelvin-n021
   NumNodes=2 NumCPUs=36 NumTasks=32 CPUs/Task=1 ReqB:S:C:T=0:0:*:*
   TRES=cpu=36,mem=69000M,node=3,billing=36
   Socks/Node=* NtasksPerN:B:S:C=0:0:*:* CoreSpec=*
   JOB_GRES=(null)
     Nodes=kelvin-n[021-023] CPU_IDs=0-11 Mem=23000 GRES=
   MinCPUsNode=1 MinMemoryNode=23000M MinTmpDiskNode=0
   Features=(null) DelayBoot=00:00:00
   OverSubscribe=NO Contiguous=0 Licenses=(null) Network=(null)
   Command=/home/users/mschpc/2019/zuoy/HPC/NeuralNetwork/parallel/scripts/script_PricingDefaultRisk_d200_b1_n32.sh
   WorkDir=/home/users/mschpc/2019/zuoy/HPC/NeuralNetwork/parallel
   StdErr=/home/users/mschpc/2019/zuoy/HPC/NeuralNetwork/parallel/output/slurm-22508.out
   StdIn=/dev/null
   StdOut=/home/users/mschpc/2019/zuoy/HPC/NeuralNetwork/parallel/output/slurm-22508.out
   Power=
   NtasksPerTRES:0


Disk quota details:
===================

Quota Type           Name  Filesystem     Usage in MB     Limit in MB    % Used
-------------------------------------------------------------------------------
USER                 zuoy       /home             122          51,200     0.24%

GROUP              mschpc   /projects             999          51,200     1.95%
GROUP          pi-dgolden   /projects               0          51,200     0.00%


SLURM Bank Statement:
=====================

User           Usage |        Account     Usage | Account Limit Available (CPU hrs)
---------- --------- + -------------- --------- + ------------- ---------
zuoy          18,155 |   HPC_21_01207    18,155 |       100,000    81,845


Acknowledgements:
=================

Note that usage of TCHPC Resources *must* be acknowledged in all publications.

Please see this page for details relevant to this cluster:

http://www.tchpc.tcd.ie/resources/acknowledgementpolicy

################################################################################
