Parallel Mode: Master-Slave
Dimension: 400
Total time: 1
Number of time intervals: 40
Learning rate: 0.01
y_init_range: 40, 50
Number of neurons in each hidden layer of each subnet: 110, 110, 
Epochs: 1000
Batch size: 64
Sample size: 256
Logging frequency: 100
Model name: pricing_default_risk_parallel_
Number of processors: 64


Training:
Epoch:100
In training set, loss: 16975.8, Y0: 40.6974

Epoch:200
In training set, loss: 14994.8, Y0: 41.3468

Epoch:300
In training set, loss: 13276.8, Y0: 41.9517

Epoch:400
In training set, loss: 11785.2, Y0: 42.5152

Epoch:500
In training set, loss: 10489.6, Y0: 43.0402

Epoch:600
In training set, loss: 9364.3, Y0: 43.5291

Epoch:700
In training set, loss: 8386.96, Y0: 43.9845

Epoch:800
In training set, loss: 7537.59, Y0: 44.4086

Epoch:900
In training set, loss: 6799.17, Y0: 44.8038

Epoch:1000
In training set, loss: 6157.12, Y0: 45.172



###############################################################################
TCHPC Cluster: kelvin
Job 22984 (BSDE_job_4_procs) for User 'zuoy' in Account 'hpc_21_01207'
Finished at: Mon Nov 22 07:30:55 GMT 2021

Job efficiency estimates:
=========================

Job ID: 22984
Cluster: kelvin
User/Group: zuoy/zuoy
State: COMPLETED (exit code 0)
Nodes: 6
Cores per node: 12
CPU Utilized: 02:57:13
CPU Efficiency: 15.10% of 19:33:36 core-walltime
Job Wall-clock time: 00:16:18
Memory Utilized: 1.21 GB
Memory Efficiency: 0.90% of 134.77 GB

Job completion status:
======================

       JobID    JobName AllocCPUS NTasks NNodes     MaxRSS    MaxRSSNode  MaxDiskRead MaxDiskWrite    Elapsed      State ExitCode 
------------ ---------- --------- ------ ------ ---------- ------------- ------------ ------------ ---------- ---------- -------- 
22984        BSDE_job_+        72             6                                                      00:16:18  COMPLETED      0:0 
22984.batch       batch        12      1      1   1270100K   kelvin-n021        0.86M        0.01M   00:16:18  COMPLETED      0:0 
22984.0           orted        60      5      5                                                      00:16:17  COMPLETED      0:0 


Job details:
============

JobId=22984 JobName=BSDE_job_4_procs
   UserId=zuoy(1582) GroupId=zuoy(1252) MCS_label=N/A
   Priority=10641852 Nice=0 Account=hpc_21_01207 QOS=normal
   JobState=COMPLETING Reason=None Dependency=(null)
   Requeue=0 Restarts=0 BatchFlag=1 Reboot=0 ExitCode=0:0
   DerivedExitCode=0:0
   RunTime=00:16:18 TimeLimit=23:00:00 TimeMin=N/A
   SubmitTime=2021-11-22T02:25:04 EligibleTime=2021-11-22T02:25:04
   AccrueTime=2021-11-22T02:25:04
   StartTime=2021-11-22T07:14:37 EndTime=2021-11-22T07:30:55 Deadline=N/A
   SuspendTime=None SecsPreSuspend=0 LastSchedEval=2021-11-22T07:14:37
   Partition=compute AllocNode:Sid=kelvin01:12189
   ReqNodeList=(null) ExcNodeList=(null)
   NodeList=kelvin-n[022,052,055,058,068]
   BatchHost=kelvin-n021
   NumNodes=5 NumCPUs=72 NumTasks=64 CPUs/Task=1 ReqB:S:C:T=0:0:*:*
   TRES=cpu=72,mem=138000M,node=6,billing=72
   Socks/Node=* NtasksPerN:B:S:C=0:0:*:* CoreSpec=*
   JOB_GRES=(null)
     Nodes=kelvin-n[021-022,052,055,058,068] CPU_IDs=0-11 Mem=23000 GRES=
   MinCPUsNode=1 MinMemoryNode=23000M MinTmpDiskNode=0
   Features=(null) DelayBoot=00:00:00
   OverSubscribe=NO Contiguous=0 Licenses=(null) Network=(null)
   Command=/home/users/mschpc/2019/zuoy/HPC/NeuralNetwork/parallel/scripts/script_PricingDefaultRisk_d400_b64_n64.sh
   WorkDir=/home/users/mschpc/2019/zuoy/HPC/NeuralNetwork/parallel
   StdErr=/home/users/mschpc/2019/zuoy/HPC/NeuralNetwork/parallel/output/slurm-22984.out
   StdIn=/dev/null
   StdOut=/home/users/mschpc/2019/zuoy/HPC/NeuralNetwork/parallel/output/slurm-22984.out
   Power=
   NtasksPerTRES:0


Disk quota details:
===================

Quota Type           Name  Filesystem     Usage in MB     Limit in MB    % Used
-------------------------------------------------------------------------------
USER                 zuoy       /home             132          51,200     0.26%

GROUP              mschpc   /projects             999          51,200     1.95%
GROUP          pi-dgolden   /projects               0          51,200     0.00%


SLURM Bank Statement:
=====================

User           Usage |        Account     Usage | Account Limit Available (CPU hrs)
---------- --------- + -------------- --------- + ------------- ---------
zuoy          26,094 |   HPC_21_01207    26,094 |       100,000    73,906


Acknowledgements:
=================

Note that usage of TCHPC Resources *must* be acknowledged in all publications.

Please see this page for details relevant to this cluster:

http://www.tchpc.tcd.ie/resources/acknowledgementpolicy

################################################################################
