Parallel Mode: Master-Slave
Dimension: 100
Total time: 0.25
Number of time intervals: 20
Learning rate: 0.0005
y_init_range: 0.25, 0.5
Number of neurons in each hidden layer of each subnet: 110, 110, 
Epochs: 4000
Batch size: 64
Sample size: 1024
Logging frequency: 100
Model name: AllenCahn_parallel_
Number of processors: 8


Training:
Epoch:100
In training set, loss: 18.193, Y0: 0.237609

Epoch:200
In training set, loss: 16.8198, Y0: 0.226059

Epoch:300
In training set, loss: 15.6246, Y0: 0.215285

Epoch:400
In training set, loss: 14.5826, Y0: 0.205228

Epoch:500
In training set, loss: 13.673, Y0: 0.195834

Epoch:600
In training set, loss: 12.8779, Y0: 0.187053

Epoch:700
In training set, loss: 12.1821, Y0: 0.178842

Epoch:800
In training set, loss: 11.5726, Y0: 0.171159

Epoch:900
In training set, loss: 11.0382, Y0: 0.163968

Epoch:1000
In training set, loss: 10.5692, Y0: 0.157235

Epoch:1100
In training set, loss: 10.1573, Y0: 0.150929

Epoch:1200
In training set, loss: 9.79533, Y0: 0.14502

Epoch:1300
In training set, loss: 9.47699, Y0: 0.139483

Epoch:1400
In training set, loss: 9.19685, Y0: 0.134292

Epoch:1500
In training set, loss: 8.95017, Y0: 0.129426

Epoch:1600
In training set, loss: 8.73281, Y0: 0.124862

Epoch:1700
In training set, loss: 8.54119, Y0: 0.120582

Epoch:1800
In training set, loss: 8.37215, Y0: 0.116567

Epoch:1900
In training set, loss: 8.22294, Y0: 0.1128

Epoch:2000
In training set, loss: 8.09116, Y0: 0.109266

Epoch:2100
In training set, loss: 7.97469, Y0: 0.105949

Epoch:2200
In training set, loss: 7.8717, Y0: 0.102837

Epoch:2300
In training set, loss: 7.78055, Y0: 0.0999152

Epoch:2400
In training set, loss: 7.69982, Y0: 0.0971729

Epoch:2500
In training set, loss: 7.62827, Y0: 0.0945986

Epoch:2600
In training set, loss: 7.56479, Y0: 0.0921818

Epoch:2700
In training set, loss: 7.50843, Y0: 0.0899129

Epoch:2800
In training set, loss: 7.45833, Y0: 0.0877826

Epoch:2900
In training set, loss: 7.41375, Y0: 0.0857823

Epoch:3000
In training set, loss: 7.37404, Y0: 0.083904

Epoch:3100
In training set, loss: 7.3386, Y0: 0.0821401

Epoch:3200
In training set, loss: 7.30695, Y0: 0.0804838

Epoch:3300
In training set, loss: 7.27863, Y0: 0.0789282

Epoch:3400
In training set, loss: 7.25324, Y0: 0.0774673

Epoch:3500
In training set, loss: 7.23045, Y0: 0.0760953

Epoch:3600
In training set, loss: 7.20993, Y0: 0.0748066

Epoch:3700
In training set, loss: 7.19143, Y0: 0.0735962

Epoch:3800
In training set, loss: 7.17471, Y0: 0.0724593

Epoch:3900
In training set, loss: 7.15956, Y0: 0.0713914

Epoch:4000
In training set, loss: 7.14579, Y0: 0.0703884



###############################################################################
TCHPC Cluster: kelvin
Job 22610 (BSDE_job_4_procs) for User 'zuoy' in Account 'hpc_21_01207'
Finished at: Sun Nov 21 15:49:35 GMT 2021

Job efficiency estimates:
=========================

Job ID: 22610
Cluster: kelvin
User/Group: zuoy/zuoy
State: COMPLETED (exit code 0)
Nodes: 1
Cores per node: 12
CPU Utilized: 02:54:19
CPU Efficiency: 66.58% of 04:21:48 core-walltime
Job Wall-clock time: 00:21:49
Memory Utilized: 420.52 MB
Memory Efficiency: 1.83% of 22.46 GB

Job completion status:
======================

       JobID    JobName AllocCPUS NTasks NNodes     MaxRSS    MaxRSSNode  MaxDiskRead MaxDiskWrite    Elapsed      State ExitCode 
------------ ---------- --------- ------ ------ ---------- ------------- ------------ ------------ ---------- ---------- -------- 
22610        BSDE_job_+        12             1                                                      00:21:49  COMPLETED      0:0 
22610.batch       batch        12      1      1    430608K   kelvin-n092        0.86M        0.01M   00:21:49  COMPLETED      0:0 


Job details:
============

JobId=22610 JobName=BSDE_job_4_procs
   UserId=zuoy(1582) GroupId=zuoy(1252) MCS_label=N/A
   Priority=11006381 Nice=0 Account=hpc_21_01207 QOS=normal
   JobState=COMPLETING Reason=None Dependency=(null)
   Requeue=0 Restarts=0 BatchFlag=1 Reboot=0 ExitCode=0:0
   DerivedExitCode=0:0
   RunTime=00:21:49 TimeLimit=23:00:00 TimeMin=N/A
   SubmitTime=2021-11-21T13:03:24 EligibleTime=2021-11-21T13:03:24
   AccrueTime=2021-11-21T13:03:24
   StartTime=2021-11-21T15:27:46 EndTime=2021-11-21T15:49:35 Deadline=N/A
   SuspendTime=None SecsPreSuspend=0 LastSchedEval=2021-11-21T15:27:46
   Partition=compute AllocNode:Sid=kelvin01:30506
   ReqNodeList=(null) ExcNodeList=(null)
   NodeList=
   BatchHost=kelvin-n092
   NumNodes=1 NumCPUs=12 NumTasks=8 CPUs/Task=1 ReqB:S:C:T=0:0:*:*
   TRES=cpu=12,mem=23000M,node=1,billing=12
   Socks/Node=* NtasksPerN:B:S:C=0:0:*:* CoreSpec=*
   JOB_GRES=(null)
     Nodes=kelvin-n092 CPU_IDs=0-11 Mem=23000 GRES=
   MinCPUsNode=1 MinMemoryNode=23000M MinTmpDiskNode=0
   Features=(null) DelayBoot=00:00:00
   OverSubscribe=NO Contiguous=0 Licenses=(null) Network=(null)
   Command=/home/users/mschpc/2019/zuoy/HPC/NeuralNetwork/parallel/scripts/script_AllenCahn_d200_b64_n8.sh
   WorkDir=/home/users/mschpc/2019/zuoy/HPC/NeuralNetwork/parallel
   StdErr=/home/users/mschpc/2019/zuoy/HPC/NeuralNetwork/parallel/output/slurm-22610.out
   StdIn=/dev/null
   StdOut=/home/users/mschpc/2019/zuoy/HPC/NeuralNetwork/parallel/output/slurm-22610.out
   Power=
   NtasksPerTRES:0


Disk quota details:
===================

Quota Type           Name  Filesystem     Usage in MB     Limit in MB    % Used
-------------------------------------------------------------------------------
USER                 zuoy       /home             126          51,200     0.25%

GROUP              mschpc   /projects             999          51,200     1.95%
GROUP          pi-dgolden   /projects               0          51,200     0.00%


SLURM Bank Statement:
=====================

User           Usage |        Account     Usage | Account Limit Available (CPU hrs)
---------- --------- + -------------- --------- + ------------- ---------
zuoy          19,349 |   HPC_21_01207    19,349 |       100,000    80,651


Acknowledgements:
=================

Note that usage of TCHPC Resources *must* be acknowledged in all publications.

Please see this page for details relevant to this cluster:

http://www.tchpc.tcd.ie/resources/acknowledgementpolicy

################################################################################
