Parallel Mode: Ring-Allreduce
Dimension: 300
Total time: 1
Number of time intervals: 40
Learning rate: 0.01
y_init_range: 40, 50
Number of neurons in each hidden layer of each subnet: 110, 110, 
Epochs: 1000
Batch size: 64
Sample size: 256
Logging frequency: 100
Model name: pricing_default_risk_parallel_
Number of processors: 64


Training:
Epoch:100
In training set, loss: 1641.21, Y0: 52.1302

Epoch:200
In training set, loss: 1377.98, Y0: 52.3814

Epoch:300
In training set, loss: 1190.21, Y0: 52.3939

Epoch:400
In training set, loss: 1047.01, Y0: 52.401

Epoch:500
In training set, loss: 934.519, Y0: 52.4076

Epoch:600
In training set, loss: 844.081, Y0: 52.4138

Epoch:700
In training set, loss: 769.908, Y0: 52.4197

Epoch:800
In training set, loss: 707.901, Y0: 52.4252

Epoch:900
In training set, loss: 655.341, Y0: 52.4304

Epoch:1000
In training set, loss: 610.115, Y0: 52.4352



###############################################################################
TCHPC Cluster: kelvin
Job 24073 (BSDE_job_4_procs) for User 'zuoy' in Account 'hpc_21_01207'
Finished at: Thu Nov 25 16:59:28 GMT 2021

Job efficiency estimates:
=========================

Job ID: 24073
Cluster: kelvin
User/Group: zuoy/zuoy
State: COMPLETED (exit code 0)
Nodes: 6
Cores per node: 12
CPU Utilized: 01:03:58
CPU Efficiency: 14.97% of 07:07:12 core-walltime
Job Wall-clock time: 00:05:56
Memory Utilized: 977.10 MB
Memory Efficiency: 0.71% of 134.77 GB

Job completion status:
======================

       JobID    JobName AllocCPUS NTasks NNodes     MaxRSS    MaxRSSNode  MaxDiskRead MaxDiskWrite    Elapsed      State ExitCode 
------------ ---------- --------- ------ ------ ---------- ------------- ------------ ------------ ---------- ---------- -------- 
24073        BSDE_job_+        72             6                                                      00:05:56  COMPLETED      0:0 
24073.batch       batch        12      1      1   1000552K   kelvin-n079        0.86M        0.01M   00:05:56  COMPLETED      0:0 
24073.0           orted        60      5      5                                                      00:05:55  COMPLETED      0:0 


Job details:
============

JobId=24073 JobName=BSDE_job_4_procs
   UserId=zuoy(1582) GroupId=zuoy(1252) MCS_label=N/A
   Priority=10619315 Nice=0 Account=hpc_21_01207 QOS=normal
   JobState=COMPLETING Reason=None Dependency=(null)
   Requeue=0 Restarts=0 BatchFlag=1 Reboot=0 ExitCode=0:0
   DerivedExitCode=0:0
   RunTime=00:05:56 TimeLimit=23:00:00 TimeMin=N/A
   SubmitTime=2021-11-25T12:49:30 EligibleTime=2021-11-25T12:49:30
   AccrueTime=2021-11-25T12:49:30
   StartTime=2021-11-25T16:53:32 EndTime=2021-11-25T16:59:28 Deadline=N/A
   SuspendTime=None SecsPreSuspend=0 LastSchedEval=2021-11-25T16:53:32
   Partition=compute AllocNode:Sid=kelvin01:17031
   ReqNodeList=(null) ExcNodeList=(null)
   NodeList=kelvin-n[081,084,086,090,093]
   BatchHost=kelvin-n079
   NumNodes=5 NumCPUs=72 NumTasks=64 CPUs/Task=1 ReqB:S:C:T=0:0:*:*
   TRES=cpu=72,mem=138000M,node=6,billing=72
   Socks/Node=* NtasksPerN:B:S:C=0:0:*:* CoreSpec=*
   JOB_GRES=(null)
     Nodes=kelvin-n[079,081,084,086,090,093] CPU_IDs=0-11 Mem=23000 GRES=
   MinCPUsNode=1 MinMemoryNode=23000M MinTmpDiskNode=0
   Features=(null) DelayBoot=00:00:00
   OverSubscribe=NO Contiguous=0 Licenses=(null) Network=(null)
   Command=/home/users/mschpc/2019/zuoy/HPC/NeuralNetwork/parallel/scripts/script_PricingDefaultRisk_d300_b64_n64.sh
   WorkDir=/home/users/mschpc/2019/zuoy/HPC/NeuralNetwork/parallel
   StdErr=/home/users/mschpc/2019/zuoy/HPC/NeuralNetwork/parallel/output/slurm-24073.out
   StdIn=/dev/null
   StdOut=/home/users/mschpc/2019/zuoy/HPC/NeuralNetwork/parallel/output/slurm-24073.out
   Power=
   NtasksPerTRES:0


Disk quota details:
===================

Quota Type           Name  Filesystem     Usage in MB     Limit in MB    % Used
-------------------------------------------------------------------------------
USER                 zuoy       /home             145          51,200     0.28%

GROUP              mschpc   /projects             999          51,200     1.95%
GROUP          pi-dgolden   /projects               0          51,200     0.00%


SLURM Bank Statement:
=====================

User           Usage |        Account     Usage | Account Limit Available (CPU hrs)
---------- --------- + -------------- --------- + ------------- ---------
zuoy          28,800 |   HPC_21_01207    28,800 |       100,000    71,200


Acknowledgements:
=================

Note that usage of TCHPC Resources *must* be acknowledged in all publications.

Please see this page for details relevant to this cluster:

http://www.tchpc.tcd.ie/resources/acknowledgementpolicy

################################################################################
