Parallel Mode: Master-Slave
Dimension: 100
Total time: 0.3
Number of time intervals: 20
Learning rate: 0.0005
y_init_range: 0.3, 0.5
Number of neurons in each hidden layer of each subnet: 110, 110, 
Epochs: 4000
Batch size: 1
Sample size: 256
Logging frequency: 100
Model name: AllenCahn_parallel_
Number of processors: 64


Training:
Epoch:100
In training set, loss: 5.08619, Y0: 0.272986

Epoch:200
In training set, loss: 4.36524, Y0: 0.249427

Epoch:300
In training set, loss: 3.81135, Y0: 0.228793

Epoch:400
In training set, loss: 3.38267, Y0: 0.210656

Epoch:500
In training set, loss: 3.04891, Y0: 0.194672

Epoch:600
In training set, loss: 2.78775, Y0: 0.180554

Epoch:700
In training set, loss: 2.58254, Y0: 0.168064

Epoch:800
In training set, loss: 2.42067, Y0: 0.156998

Epoch:900
In training set, loss: 2.29254, Y0: 0.147182

Epoch:1000
In training set, loss: 2.19077, Y0: 0.138468

Epoch:1100
In training set, loss: 2.10966, Y0: 0.130725

Epoch:1200
In training set, loss: 2.04478, Y0: 0.123841

Epoch:1300
In training set, loss: 1.99268, Y0: 0.117718

Epoch:1400
In training set, loss: 1.95066, Y0: 0.112268

Epoch:1500
In training set, loss: 1.9166, Y0: 0.107417

Epoch:1600
In training set, loss: 1.88884, Y0: 0.103096

Epoch:1700
In training set, loss: 1.86606, Y0: 0.099246

Epoch:1800
In training set, loss: 1.84724, Y0: 0.0958159

Epoch:1900
In training set, loss: 1.83155, Y0: 0.0927586

Epoch:2000
In training set, loss: 1.81835, Y0: 0.0900331

Epoch:2100
In training set, loss: 1.80713, Y0: 0.0876028

Epoch:2200
In training set, loss: 1.79748, Y0: 0.0854355

Epoch:2300
In training set, loss: 1.78909, Y0: 0.0835024

Epoch:2400
In training set, loss: 1.7817, Y0: 0.0817777

Epoch:2500
In training set, loss: 1.77511, Y0: 0.0802388

Epoch:2600
In training set, loss: 1.76915, Y0: 0.0788656

Epoch:2700
In training set, loss: 1.7637, Y0: 0.0776399

Epoch:2800
In training set, loss: 1.75867, Y0: 0.0765458

Epoch:2900
In training set, loss: 1.75396, Y0: 0.075569

Epoch:3000
In training set, loss: 1.74952, Y0: 0.0746965

Epoch:3100
In training set, loss: 1.74529, Y0: 0.0739173

Epoch:3200
In training set, loss: 1.74124, Y0: 0.0732212

Epoch:3300
In training set, loss: 1.73733, Y0: 0.0725991

Epoch:3400
In training set, loss: 1.73353, Y0: 0.0720431

Epoch:3500
In training set, loss: 1.72984, Y0: 0.0715461

Epoch:3600
In training set, loss: 1.72622, Y0: 0.0711015

Epoch:3700
In training set, loss: 1.72268, Y0: 0.0707038

Epoch:3800
In training set, loss: 1.71919, Y0: 0.0703479

Epoch:3900
In training set, loss: 1.71575, Y0: 0.0700295

Epoch:4000
In training set, loss: 1.71235, Y0: 0.0697442



###############################################################################
TCHPC Cluster: kelvin
Job 21192 (BSDE_job_4_procs) for User 'zuoy' in Account 'hpc_21_01207'
Finished at: Thu Nov 18 02:58:36 GMT 2021

Job efficiency estimates:
=========================

Job ID: 21192
Cluster: kelvin
User/Group: zuoy/zuoy
State: COMPLETED (exit code 0)
Nodes: 6
Cores per node: 12
CPU Utilized: 04:20:51
CPU Efficiency: 15.19% of 1-04:37:12 core-walltime
Job Wall-clock time: 00:23:51
Memory Utilized: 535.76 MB
Memory Efficiency: 0.39% of 134.77 GB

Job completion status:
======================

       JobID    JobName AllocCPUS NTasks NNodes     MaxRSS    MaxRSSNode  MaxDiskRead MaxDiskWrite    Elapsed      State ExitCode 
------------ ---------- --------- ------ ------ ---------- ------------- ------------ ------------ ---------- ---------- -------- 
21192        BSDE_job_+        72             6                                                      00:23:51  COMPLETED      0:0 
21192.batch       batch        12      1      1    548616K   kelvin-n006        0.87M        0.01M   00:23:51  COMPLETED      0:0 
21192.0           orted        60      5      5                                                      00:23:50  COMPLETED      0:0 


Job details:
============

JobId=21192 JobName=BSDE_job_4_procs
   UserId=zuoy(1582) GroupId=zuoy(1252) MCS_label=N/A
   Priority=11351880 Nice=0 Account=hpc_21_01207 QOS=normal
   JobState=COMPLETING Reason=None Dependency=(null)
   Requeue=0 Restarts=0 BatchFlag=1 Reboot=0 ExitCode=0:0
   DerivedExitCode=0:0
   RunTime=00:23:51 TimeLimit=23:00:00 TimeMin=N/A
   SubmitTime=2021-11-17T21:53:39 EligibleTime=2021-11-17T21:53:39
   AccrueTime=2021-11-17T21:53:39
   StartTime=2021-11-18T02:34:45 EndTime=2021-11-18T02:58:36 Deadline=N/A
   SuspendTime=None SecsPreSuspend=0 LastSchedEval=2021-11-18T02:34:45
   Partition=compute AllocNode:Sid=kelvin01:6170
   ReqNodeList=(null) ExcNodeList=(null)
   NodeList=kelvin-n[008,048,069-070,085]
   BatchHost=kelvin-n006
   NumNodes=5 NumCPUs=72 NumTasks=64 CPUs/Task=1 ReqB:S:C:T=0:0:*:*
   TRES=cpu=72,mem=138000M,node=6,billing=72
   Socks/Node=* NtasksPerN:B:S:C=0:0:*:* CoreSpec=*
   JOB_GRES=(null)
     Nodes=kelvin-n[006,008,048,069-070,085] CPU_IDs=0-11 Mem=23000 GRES=
   MinCPUsNode=1 MinMemoryNode=23000M MinTmpDiskNode=0
   Features=(null) DelayBoot=00:00:00
   OverSubscribe=NO Contiguous=0 Licenses=(null) Network=(null)
   Command=/home/users/mschpc/2019/zuoy/HPC/NeuralNetwork/parallel/scripts/script_AllenCahn_d100_b1_n64.sh
   WorkDir=/home/users/mschpc/2019/zuoy/HPC/NeuralNetwork/parallel
   StdErr=/home/users/mschpc/2019/zuoy/HPC/NeuralNetwork/parallel/output/slurm-21192.out
   StdIn=/dev/null
   StdOut=/home/users/mschpc/2019/zuoy/HPC/NeuralNetwork/parallel/output/slurm-21192.out
   Power=
   NtasksPerTRES:0


Disk quota details:
===================

Quota Type           Name  Filesystem     Usage in MB     Limit in MB    % Used
-------------------------------------------------------------------------------
USER                 zuoy       /home             101          51,200     0.20%

GROUP              mschpc   /projects             999          51,200     1.95%
GROUP          pi-dgolden   /projects               0          51,200     0.00%


SLURM Bank Statement:
=====================

User           Usage |        Account     Usage | Account Limit Available (CPU hrs)
---------- --------- + -------------- --------- + ------------- ---------
zuoy           7,580 |   HPC_21_01207     7,580 |       100,000    92,420


Acknowledgements:
=================

Note that usage of TCHPC Resources *must* be acknowledged in all publications.

Please see this page for details relevant to this cluster:

http://www.tchpc.tcd.ie/resources/acknowledgementpolicy

################################################################################
