Parallel Mode: Ring-Allreduce
Dimension: 100
Total time: 0.3
Number of time intervals: 20
Learning rate: 0.0005
y_init_range: 0.3, 0.5
Number of neurons in each hidden layer of each subnet: 110, 110, 
Epochs: 4000
Batch size: 1
Sample size: 1024
Logging frequency: 100
Model name: AllenCahn_parallel_
Number of processors: 128


Training:
Epoch:100
In training set, loss: 19.3644, Y0: 0.245049

Epoch:200
In training set, loss: 14.7674, Y0: 0.202982

Epoch:300
In training set, loss: 11.9924, Y0: 0.170327

Epoch:400
In training set, loss: 10.2861, Y0: 0.144763

Epoch:500
In training set, loss: 9.22313, Y0: 0.12464

Epoch:600
In training set, loss: 8.5543, Y0: 0.108745

Epoch:700
In training set, loss: 8.12952, Y0: 0.0961599

Epoch:800
In training set, loss: 7.85701, Y0: 0.08618

Epoch:900
In training set, loss: 7.68, Y0: 0.0782578

Epoch:1000
In training set, loss: 7.5631, Y0: 0.0719651

Epoch:1100
In training set, loss: 7.48415, Y0: 0.0669643

Epoch:1200
In training set, loss: 7.4292, Y0: 0.0629894

Epoch:1300
In training set, loss: 7.38948, Y0: 0.05983

Epoch:1400
In training set, loss: 7.35943, Y0: 0.0573187

Epoch:1500
In training set, loss: 7.33555, Y0: 0.0553233

Epoch:1600
In training set, loss: 7.31561, Y0: 0.0537382

Epoch:1700
In training set, loss: 7.29821, Y0: 0.0524799

Epoch:1800
In training set, loss: 7.28247, Y0: 0.0514819

Epoch:1900
In training set, loss: 7.26781, Y0: 0.0506909

Epoch:2000
In training set, loss: 7.25387, Y0: 0.0500648

Epoch:2100
In training set, loss: 7.24043, Y0: 0.0495702

Epoch:2200
In training set, loss: 7.22733, Y0: 0.0491802

Epoch:2300
In training set, loss: 7.2145, Y0: 0.0488736

Epoch:2400
In training set, loss: 7.20186, Y0: 0.0486332

Epoch:2500
In training set, loss: 7.18938, Y0: 0.0484458

Epoch:2600
In training set, loss: 7.17704, Y0: 0.0483005

Epoch:2700
In training set, loss: 7.16483, Y0: 0.0481888

Epoch:2800
In training set, loss: 7.15273, Y0: 0.0481036

Epoch:2900
In training set, loss: 7.14072, Y0: 0.0480398

Epoch:3000
In training set, loss: 7.12883, Y0: 0.047993

Epoch:3100
In training set, loss: 7.11702, Y0: 0.0479597

Epoch:3200
In training set, loss: 7.10531, Y0: 0.0479371

Epoch:3300
In training set, loss: 7.0937, Y0: 0.0479231

Epoch:3400
In training set, loss: 7.08217, Y0: 0.0479159

Epoch:3500
In training set, loss: 7.07074, Y0: 0.0479142

Epoch:3600
In training set, loss: 7.05939, Y0: 0.0479162

Epoch:3700
In training set, loss: 7.04813, Y0: 0.0479219

Epoch:3800
In training set, loss: 7.03697, Y0: 0.0479304

Epoch:3900
In training set, loss: 7.02588, Y0: 0.047941

Epoch:4000
In training set, loss: 7.01488, Y0: 0.0479532



###############################################################################
TCHPC Cluster: kelvin
Job 22432 (BSDE_job_4_procs) for User 'zuoy' in Account 'hpc_21_01207'
Finished at: Sun Nov 21 04:49:29 GMT 2021

Job efficiency estimates:
=========================

Job ID: 22432
Cluster: kelvin
User/Group: zuoy/zuoy
State: COMPLETED (exit code 0)
Nodes: 11
Cores per node: 12
CPU Utilized: 03:16:38
CPU Efficiency: 8.96% of 1-12:33:24 core-walltime
Job Wall-clock time: 00:16:37
Memory Utilized: 642.42 MB
Memory Efficiency: 0.25% of 247.07 GB

Job completion status:
======================

       JobID    JobName AllocCPUS NTasks NNodes     MaxRSS    MaxRSSNode  MaxDiskRead MaxDiskWrite    Elapsed      State ExitCode 
------------ ---------- --------- ------ ------ ---------- ------------- ------------ ------------ ---------- ---------- -------- 
22432        BSDE_job_+       132            11                                                      00:16:37  COMPLETED      0:0 
22432.batch       batch        12      1      1    657840K   kelvin-n001        0.86M        0.01M   00:16:37  COMPLETED      0:0 
22432.0           orted       120     10     10                                                      00:16:35  COMPLETED      0:0 


Job details:
============

JobId=22432 JobName=BSDE_job_4_procs
   UserId=zuoy(1582) GroupId=zuoy(1252) MCS_label=N/A
   Priority=11036512 Nice=0 Account=hpc_21_01207 QOS=normal
   JobState=COMPLETING Reason=None Dependency=(null)
   Requeue=0 Restarts=0 BatchFlag=1 Reboot=0 ExitCode=0:0
   DerivedExitCode=0:0
   RunTime=00:16:37 TimeLimit=23:00:00 TimeMin=N/A
   SubmitTime=2021-11-21T03:11:17 EligibleTime=2021-11-21T03:11:17
   AccrueTime=2021-11-21T03:11:17
   StartTime=2021-11-21T04:32:52 EndTime=2021-11-21T04:49:29 Deadline=N/A
   SuspendTime=None SecsPreSuspend=0 LastSchedEval=2021-11-21T04:32:52
   Partition=compute AllocNode:Sid=kelvin01:16943
   ReqNodeList=(null) ExcNodeList=(null)
   NodeList=kelvin-n[008,013-014,020-022,058,074-076]
   BatchHost=kelvin-n001
   NumNodes=10 NumCPUs=132 NumTasks=128 CPUs/Task=1 ReqB:S:C:T=0:0:*:*
   TRES=cpu=132,mem=253000M,node=11,billing=132
   Socks/Node=* NtasksPerN:B:S:C=0:0:*:* CoreSpec=*
   JOB_GRES=(null)
     Nodes=kelvin-n[001,008,013-014,020-022,058,074-076] CPU_IDs=0-11 Mem=23000 GRES=
   MinCPUsNode=1 MinMemoryNode=23000M MinTmpDiskNode=0
   Features=(null) DelayBoot=00:00:00
   OverSubscribe=NO Contiguous=0 Licenses=(null) Network=(null)
   Command=/home/users/mschpc/2019/zuoy/HPC/NeuralNetwork/parallel/scripts/script_AllenCahn_d100_b1_n128.sh
   WorkDir=/home/users/mschpc/2019/zuoy/HPC/NeuralNetwork/parallel
   StdErr=/home/users/mschpc/2019/zuoy/HPC/NeuralNetwork/parallel/output/slurm-22432.out
   StdIn=/dev/null
   StdOut=/home/users/mschpc/2019/zuoy/HPC/NeuralNetwork/parallel/output/slurm-22432.out
   Power=
   NtasksPerTRES:0


Disk quota details:
===================

Quota Type           Name  Filesystem     Usage in MB     Limit in MB    % Used
-------------------------------------------------------------------------------
USER                 zuoy       /home             121          51,200     0.24%

GROUP              mschpc   /projects             999          51,200     1.95%
GROUP          pi-dgolden   /projects               0          51,200     0.00%


SLURM Bank Statement:
=====================

User           Usage |        Account     Usage | Account Limit Available (CPU hrs)
---------- --------- + -------------- --------- + ------------- ---------
zuoy          16,099 |   HPC_21_01207    16,099 |       100,000    83,901


Acknowledgements:
=================

Note that usage of TCHPC Resources *must* be acknowledged in all publications.

Please see this page for details relevant to this cluster:

http://www.tchpc.tcd.ie/resources/acknowledgementpolicy

################################################################################
