Parallel Mode: Ring-Allreduce
Dimension: 100
Total time: 1
Number of time intervals: 40
Learning rate: 0.01
y_init_range: 40, 50
Number of neurons in each hidden layer of each subnet: 110, 110, 
Epochs: 1000
Batch size: 1
Sample size: 256
Logging frequency: 100
Model name: pricing_default_risk_parallel_
Number of processors: 32


Training:
Epoch:100
In training set, loss: 2806.7, Y0: 56.3601

Epoch:200
In training set, loss: 2458.78, Y0: 56.3504

Epoch:300
In training set, loss: 2207.87, Y0: 56.3376

Epoch:400
In training set, loss: 2017.47, Y0: 56.3297

Epoch:500
In training set, loss: 1867.84, Y0: 56.3253

Epoch:600
In training set, loss: 1745.19, Y0: 56.3229

Epoch:700
In training set, loss: 1642.57, Y0: 56.322

Epoch:800
In training set, loss: 1554.85, Y0: 56.3218

Epoch:900
In training set, loss: 1478.34, Y0: 56.3221

Epoch:1000
In training set, loss: 1410.14, Y0: 56.323



###############################################################################
TCHPC Cluster: kelvin
Job 22128 (BSDE_job_4_procs) for User 'zuoy' in Account 'hpc_21_01207'
Finished at: Sat Nov 20 16:17:54 GMT 2021

Job efficiency estimates:
=========================

Job ID: 22128
Cluster: kelvin
User/Group: zuoy/zuoy
State: COMPLETED (exit code 0)
Nodes: 3
Cores per node: 12
CPU Utilized: 00:47:55
CPU Efficiency: 30.14% of 02:39:00 core-walltime
Job Wall-clock time: 00:04:25
Memory Utilized: 571.01 MB
Memory Efficiency: 0.83% of 67.38 GB

Job completion status:
======================

       JobID    JobName AllocCPUS NTasks NNodes     MaxRSS    MaxRSSNode  MaxDiskRead MaxDiskWrite    Elapsed      State ExitCode 
------------ ---------- --------- ------ ------ ---------- ------------- ------------ ------------ ---------- ---------- -------- 
22128        BSDE_job_+        36             3                                                      00:04:25  COMPLETED      0:0 
22128.batch       batch        12      1      1    584712K   kelvin-n079        0.86M        0.01M   00:04:25  COMPLETED      0:0 
22128.0           orted        24      2      2                                                      00:04:24  COMPLETED      0:0 


Job details:
============

JobId=22128 JobName=BSDE_job_4_procs
   UserId=zuoy(1582) GroupId=zuoy(1252) MCS_label=N/A
   Priority=11157792 Nice=0 Account=hpc_21_01207 QOS=normal
   JobState=COMPLETING Reason=None Dependency=(null)
   Requeue=0 Restarts=0 BatchFlag=1 Reboot=0 ExitCode=0:0
   DerivedExitCode=0:0
   RunTime=00:04:25 TimeLimit=23:00:00 TimeMin=N/A
   SubmitTime=2021-11-20T12:28:04 EligibleTime=2021-11-20T12:28:04
   AccrueTime=2021-11-20T12:28:04
   StartTime=2021-11-20T16:13:29 EndTime=2021-11-20T16:17:54 Deadline=N/A
   SuspendTime=None SecsPreSuspend=0 LastSchedEval=2021-11-20T16:13:29
   Partition=compute AllocNode:Sid=kelvin01:28782
   ReqNodeList=(null) ExcNodeList=(null)
   NodeList=kelvin-n[081-082]
   BatchHost=kelvin-n079
   NumNodes=2 NumCPUs=36 NumTasks=32 CPUs/Task=1 ReqB:S:C:T=0:0:*:*
   TRES=cpu=36,mem=69000M,node=3,billing=36
   Socks/Node=* NtasksPerN:B:S:C=0:0:*:* CoreSpec=*
   JOB_GRES=(null)
     Nodes=kelvin-n[079,081-082] CPU_IDs=0-11 Mem=23000 GRES=
   MinCPUsNode=1 MinMemoryNode=23000M MinTmpDiskNode=0
   Features=(null) DelayBoot=00:00:00
   OverSubscribe=NO Contiguous=0 Licenses=(null) Network=(null)
   Command=/home/users/mschpc/2019/zuoy/HPC/NeuralNetwork/parallel/scripts/script_PricingDefaultRisk_d100_b1_n32.sh
   WorkDir=/home/users/mschpc/2019/zuoy/HPC/NeuralNetwork/parallel
   StdErr=/home/users/mschpc/2019/zuoy/HPC/NeuralNetwork/parallel/output/slurm-22128.out
   StdIn=/dev/null
   StdOut=/home/users/mschpc/2019/zuoy/HPC/NeuralNetwork/parallel/output/slurm-22128.out
   Power=
   NtasksPerTRES:0


Disk quota details:
===================

Quota Type           Name  Filesystem     Usage in MB     Limit in MB    % Used
-------------------------------------------------------------------------------
USER                 zuoy       /home             113          51,200     0.22%

GROUP              mschpc   /projects             999          51,200     1.95%
GROUP          pi-dgolden   /projects               0          51,200     0.00%


SLURM Bank Statement:
=====================

User           Usage |        Account     Usage | Account Limit Available (CPU hrs)
---------- --------- + -------------- --------- + ------------- ---------
zuoy          13,629 |   HPC_21_01207    13,629 |       100,000    86,371


Acknowledgements:
=================

Note that usage of TCHPC Resources *must* be acknowledged in all publications.

Please see this page for details relevant to this cluster:

http://www.tchpc.tcd.ie/resources/acknowledgementpolicy

################################################################################
