Parallel Mode: Master-Slave
Dimension: 100
Total time: 1
Number of time intervals: 40
Learning rate: 0.01
y_init_range: 40, 50
Number of neurons in each hidden layer of each subnet: 110, 110, 
Epochs: 1000
Batch size: 64
Sample size: 256
Logging frequency: 100
Model name: pricing_default_risk_parallel_
Number of processors: 32


Training:
Epoch:100
In training set, loss: 32515.8, Y0: 42.0191

Epoch:200
In training set, loss: 25483.8, Y0: 43.7769

Epoch:300
In training set, loss: 20151.8, Y0: 45.3078

Epoch:400
In training set, loss: 16144.8, Y0: 46.6426

Epoch:500
In training set, loss: 13201.2, Y0: 47.813

Epoch:600
In training set, loss: 11015.2, Y0: 48.8447

Epoch:700
In training set, loss: 9367.65, Y0: 49.7583

Epoch:800
In training set, loss: 8100.68, Y0: 50.5699

Epoch:900
In training set, loss: 7104.22, Y0: 51.2914

Epoch:1000
In training set, loss: 6317.53, Y0: 51.933



###############################################################################
TCHPC Cluster: kelvin
Job 22537 (BSDE_job_4_procs) for User 'zuoy' in Account 'hpc_21_01207'
Finished at: Sun Nov 21 12:59:09 GMT 2021

Job efficiency estimates:
=========================

Job ID: 22537
Cluster: kelvin
User/Group: zuoy/zuoy
State: COMPLETED (exit code 0)
Nodes: 3
Cores per node: 12
CPU Utilized: 00:49:51
CPU Efficiency: 29.89% of 02:46:48 core-walltime
Job Wall-clock time: 00:04:38
Memory Utilized: 713.50 MB
Memory Efficiency: 1.03% of 67.38 GB

Job completion status:
======================

       JobID    JobName AllocCPUS NTasks NNodes     MaxRSS    MaxRSSNode  MaxDiskRead MaxDiskWrite    Elapsed      State ExitCode 
------------ ---------- --------- ------ ------ ---------- ------------- ------------ ------------ ---------- ---------- -------- 
22537        BSDE_job_+        36             3                                                      00:04:38  COMPLETED      0:0 
22537.batch       batch        12      1      1    730620K   kelvin-n052        0.86M        0.01M   00:04:38  COMPLETED      0:0 
22537.0           orted        24      2      2                                                      00:04:37  COMPLETED      0:0 


Job details:
============

JobId=22537 JobName=BSDE_job_4_procs
   UserId=zuoy(1582) GroupId=zuoy(1252) MCS_label=N/A
   Priority=11058617 Nice=0 Account=hpc_21_01207 QOS=normal
   JobState=COMPLETING Reason=None Dependency=(null)
   Requeue=0 Restarts=0 BatchFlag=1 Reboot=0 ExitCode=0:0
   DerivedExitCode=0:0
   RunTime=00:04:38 TimeLimit=23:00:00 TimeMin=N/A
   SubmitTime=2021-11-21T10:38:14 EligibleTime=2021-11-21T10:38:14
   AccrueTime=2021-11-21T10:38:14
   StartTime=2021-11-21T12:54:31 EndTime=2021-11-21T12:59:09 Deadline=N/A
   SuspendTime=None SecsPreSuspend=0 LastSchedEval=2021-11-21T12:54:31
   Partition=compute AllocNode:Sid=kelvin01:12117
   ReqNodeList=(null) ExcNodeList=(null)
   NodeList=kelvin-n[091-092]
   BatchHost=kelvin-n052
   NumNodes=2 NumCPUs=36 NumTasks=32 CPUs/Task=1 ReqB:S:C:T=0:0:*:*
   TRES=cpu=36,mem=69000M,node=3,billing=36
   Socks/Node=* NtasksPerN:B:S:C=0:0:*:* CoreSpec=*
   JOB_GRES=(null)
     Nodes=kelvin-n[052,091-092] CPU_IDs=0-11 Mem=23000 GRES=
   MinCPUsNode=1 MinMemoryNode=23000M MinTmpDiskNode=0
   Features=(null) DelayBoot=00:00:00
   OverSubscribe=NO Contiguous=0 Licenses=(null) Network=(null)
   Command=/home/users/mschpc/2019/zuoy/HPC/NeuralNetwork/parallel/scripts/script_PricingDefaultRisk_d100_b64_n32.sh
   WorkDir=/home/users/mschpc/2019/zuoy/HPC/NeuralNetwork/parallel
   StdErr=/home/users/mschpc/2019/zuoy/HPC/NeuralNetwork/parallel/output/slurm-22537.out
   StdIn=/dev/null
   StdOut=/home/users/mschpc/2019/zuoy/HPC/NeuralNetwork/parallel/output/slurm-22537.out
   Power=
   NtasksPerTRES:0


Disk quota details:
===================

Quota Type           Name  Filesystem     Usage in MB     Limit in MB    % Used
-------------------------------------------------------------------------------
USER                 zuoy       /home             122          51,200     0.24%

GROUP              mschpc   /projects             999          51,200     1.95%
GROUP          pi-dgolden   /projects               0          51,200     0.00%


SLURM Bank Statement:
=====================

User           Usage |        Account     Usage | Account Limit Available (CPU hrs)
---------- --------- + -------------- --------- + ------------- ---------
zuoy          18,148 |   HPC_21_01207    18,148 |       100,000    81,852


Acknowledgements:
=================

Note that usage of TCHPC Resources *must* be acknowledged in all publications.

Please see this page for details relevant to this cluster:

http://www.tchpc.tcd.ie/resources/acknowledgementpolicy

################################################################################
