Parallel Mode: Master-Slave
Dimension: 200
Total time: 1
Number of time intervals: 20
Learning rate: 0.01
y_init_range: 0, 1
Number of neurons in each hidden layer of each subnet: 110, 110, 
Epochs: 1000
Batch size: 64
Sample size: 1024
Logging frequency: 100
Model name: HJBLQ_parallel_
Number of processors: 32


Training:
Epoch:100
In training set, loss: 22.3623, Y0: 5.21259

Epoch:200
In training set, loss: 13.4412, Y0: 5.24804

Epoch:300
In training set, loss: 11.2939, Y0: 5.26031

Epoch:400
In training set, loss: 10.5706, Y0: 5.26538

Epoch:500
In training set, loss: 10.245, Y0: 5.26771

Epoch:600
In training set, loss: 10.0545, Y0: 5.26887

Epoch:700
In training set, loss: 9.9165, Y0: 5.26947

Epoch:800
In training set, loss: 9.80108, Y0: 5.26979

Epoch:900
In training set, loss: 9.69632, Y0: 5.26998

Epoch:1000
In training set, loss: 9.59706, Y0: 5.27009



###############################################################################
TCHPC Cluster: kelvin
Job 23293 (BSDE_job_4_procs) for User 'zuoy' in Account 'hpc_21_01207'
Finished at: Tue Nov 23 16:42:03 GMT 2021

Job efficiency estimates:
=========================

Job ID: 23293
Cluster: kelvin
User/Group: zuoy/zuoy
State: COMPLETED (exit code 0)
Nodes: 3
Cores per node: 12
CPU Utilized: 01:19:28
CPU Efficiency: 30.03% of 04:24:36 core-walltime
Job Wall-clock time: 00:07:21
Memory Utilized: 827.15 MB
Memory Efficiency: 1.20% of 67.38 GB

Job completion status:
======================

       JobID    JobName AllocCPUS NTasks NNodes     MaxRSS    MaxRSSNode  MaxDiskRead MaxDiskWrite    Elapsed      State ExitCode 
------------ ---------- --------- ------ ------ ---------- ------------- ------------ ------------ ---------- ---------- -------- 
23293        BSDE_job_+        36             3                                                      00:07:21  COMPLETED      0:0 
23293.batch       batch        12      1      1    847000K   kelvin-n023        0.87M        0.01M   00:07:21  COMPLETED      0:0 
23293.0           orted        24      2      2                                                      00:07:20  COMPLETED      0:0 


Job details:
============

JobId=23293 JobName=BSDE_job_4_procs
   UserId=zuoy(1582) GroupId=zuoy(1252) MCS_label=N/A
   Priority=10922743 Nice=0 Account=hpc_21_01207 QOS=normal
   JobState=COMPLETING Reason=None Dependency=(null)
   Requeue=0 Restarts=0 BatchFlag=1 Reboot=0 ExitCode=0:0
   DerivedExitCode=0:0
   RunTime=00:07:21 TimeLimit=23:00:00 TimeMin=N/A
   SubmitTime=2021-11-23T02:15:14 EligibleTime=2021-11-23T02:15:14
   AccrueTime=2021-11-23T02:15:14
   StartTime=2021-11-23T16:34:42 EndTime=2021-11-23T16:42:03 Deadline=N/A
   SuspendTime=None SecsPreSuspend=0 LastSchedEval=2021-11-23T16:34:42
   Partition=compute AllocNode:Sid=kelvin01:730
   ReqNodeList=(null) ExcNodeList=(null)
   NodeList=kelvin-n[029,038]
   BatchHost=kelvin-n023
   NumNodes=2 NumCPUs=36 NumTasks=32 CPUs/Task=1 ReqB:S:C:T=0:0:*:*
   TRES=cpu=36,mem=69000M,node=3,billing=36
   Socks/Node=* NtasksPerN:B:S:C=0:0:*:* CoreSpec=*
   JOB_GRES=(null)
     Nodes=kelvin-n[023,029,038] CPU_IDs=0-11 Mem=23000 GRES=
   MinCPUsNode=1 MinMemoryNode=23000M MinTmpDiskNode=0
   Features=(null) DelayBoot=00:00:00
   OverSubscribe=NO Contiguous=0 Licenses=(null) Network=(null)
   Command=/home/users/mschpc/2019/zuoy/HPC/NeuralNetwork/parallel/scripts/script_HJBLQ_d200_b64_n32.sh
   WorkDir=/home/users/mschpc/2019/zuoy/HPC/NeuralNetwork/parallel
   StdErr=/home/users/mschpc/2019/zuoy/HPC/NeuralNetwork/parallel/output/slurm-23293.out
   StdIn=/dev/null
   StdOut=/home/users/mschpc/2019/zuoy/HPC/NeuralNetwork/parallel/output/slurm-23293.out
   Power=
   NtasksPerTRES:0


Disk quota details:
===================

Quota Type           Name  Filesystem     Usage in MB     Limit in MB    % Used
-------------------------------------------------------------------------------
USER                 zuoy       /home             139          51,200     0.27%

GROUP              mschpc   /projects             999          51,200     1.95%
GROUP          pi-dgolden   /projects               0          51,200     0.00%


SLURM Bank Statement:
=====================

User           Usage |        Account     Usage | Account Limit Available (CPU hrs)
---------- --------- + -------------- --------- + ------------- ---------
zuoy          27,416 |   HPC_21_01207    27,416 |       100,000    72,584


Acknowledgements:
=================

Note that usage of TCHPC Resources *must* be acknowledged in all publications.

Please see this page for details relevant to this cluster:

http://www.tchpc.tcd.ie/resources/acknowledgementpolicy

################################################################################
