Parallel Mode: Master-Slave
Dimension: 100
Total time: 0.25
Number of time intervals: 20
Learning rate: 0.0005
y_init_range: 0.25, 0.5
Number of neurons in each hidden layer of each subnet: 110, 110, 
Epochs: 4000
Batch size: 64
Sample size: 1024
Logging frequency: 100
Model name: AllenCahn_parallel_
Number of processors: 64


Training:
Epoch:100
In training set, loss: 18.6216, Y0: 0.248469

Epoch:200
In training set, loss: 18.4317, Y0: 0.24695

Epoch:300
In training set, loss: 18.2451, Y0: 0.245443

Epoch:400
In training set, loss: 18.0618, Y0: 0.243951

Epoch:500
In training set, loss: 17.8817, Y0: 0.242471

Epoch:600
In training set, loss: 17.7047, Y0: 0.241004

Epoch:700
In training set, loss: 17.5308, Y0: 0.23955

Epoch:800
In training set, loss: 17.3599, Y0: 0.238109

Epoch:900
In training set, loss: 17.192, Y0: 0.236681

Epoch:1000
In training set, loss: 17.027, Y0: 0.235264

Epoch:1100
In training set, loss: 16.8649, Y0: 0.233861

Epoch:1200
In training set, loss: 16.7055, Y0: 0.232469

Epoch:1300
In training set, loss: 16.5489, Y0: 0.231089

Epoch:1400
In training set, loss: 16.395, Y0: 0.229722

Epoch:1500
In training set, loss: 16.2437, Y0: 0.228366

Epoch:1600
In training set, loss: 16.0951, Y0: 0.227022

Epoch:1700
In training set, loss: 15.9489, Y0: 0.22569

Epoch:1800
In training set, loss: 15.8053, Y0: 0.224368

Epoch:1900
In training set, loss: 15.6642, Y0: 0.223059

Epoch:2000
In training set, loss: 15.5254, Y0: 0.221761

Epoch:2100
In training set, loss: 15.389, Y0: 0.220474

Epoch:2200
In training set, loss: 15.2549, Y0: 0.219197

Epoch:2300
In training set, loss: 15.1232, Y0: 0.217932

Epoch:2400
In training set, loss: 14.9937, Y0: 0.216678

Epoch:2500
In training set, loss: 14.8663, Y0: 0.215434

Epoch:2600
In training set, loss: 14.7411, Y0: 0.214202

Epoch:2700
In training set, loss: 14.6181, Y0: 0.212979

Epoch:2800
In training set, loss: 14.4971, Y0: 0.211767

Epoch:2900
In training set, loss: 14.3781, Y0: 0.210565

Epoch:3000
In training set, loss: 14.2612, Y0: 0.209374

Epoch:3100
In training set, loss: 14.1462, Y0: 0.208192

Epoch:3200
In training set, loss: 14.0332, Y0: 0.207021

Epoch:3300
In training set, loss: 13.922, Y0: 0.205859

Epoch:3400
In training set, loss: 13.8127, Y0: 0.204708

Epoch:3500
In training set, loss: 13.7053, Y0: 0.203566

Epoch:3600
In training set, loss: 13.5996, Y0: 0.202433

Epoch:3700
In training set, loss: 13.4958, Y0: 0.201311

Epoch:3800
In training set, loss: 13.3936, Y0: 0.200197

Epoch:3900
In training set, loss: 13.2932, Y0: 0.199093

Epoch:4000
In training set, loss: 13.1944, Y0: 0.197999



###############################################################################
TCHPC Cluster: kelvin
Job 22619 (BSDE_job_4_procs) for User 'zuoy' in Account 'hpc_21_01207'
Finished at: Sun Nov 21 15:22:28 GMT 2021

Job efficiency estimates:
=========================

Job ID: 22619
Cluster: kelvin
User/Group: zuoy/zuoy
State: RUNNING
Nodes: 6
Cores per node: 12
CPU Utilized: 06:37:57
CPU Efficiency: 15.22% of 1-19:34:48 core-walltime
Job Wall-clock time: 00:36:19
Memory Utilized: 685.55 MB
Memory Efficiency: 0.50% of 134.77 GB
WARNING: Efficiency statistics may be misleading for RUNNING jobs.

Job completion status:
======================

       JobID    JobName AllocCPUS NTasks NNodes     MaxRSS    MaxRSSNode  MaxDiskRead MaxDiskWrite    Elapsed      State ExitCode 
------------ ---------- --------- ------ ------ ---------- ------------- ------------ ------------ ---------- ---------- -------- 
22619        BSDE_job_+        72             6                                                      00:36:19  COMPLETED      0:0 
22619.batch       batch        12      1      1    702000K   kelvin-n014        0.86M        0.01M   00:36:19  COMPLETED      0:0 
22619.0           orted        60      5      5                                                      00:36:18  COMPLETED      0:0 


Job details:
============

JobId=22619 JobName=BSDE_job_4_procs
   UserId=zuoy(1582) GroupId=zuoy(1252) MCS_label=N/A
   Priority=10988977 Nice=0 Account=hpc_21_01207 QOS=normal
   JobState=COMPLETING Reason=None Dependency=(null)
   Requeue=0 Restarts=0 BatchFlag=1 Reboot=0 ExitCode=0:0
   DerivedExitCode=0:0
   RunTime=00:36:19 TimeLimit=23:00:00 TimeMin=N/A
   SubmitTime=2021-11-21T13:03:25 EligibleTime=2021-11-21T13:03:25
   AccrueTime=2021-11-21T13:03:25
   StartTime=2021-11-21T14:46:09 EndTime=2021-11-21T15:22:28 Deadline=N/A
   SuspendTime=None SecsPreSuspend=0 LastSchedEval=2021-11-21T14:46:09
   Partition=compute AllocNode:Sid=kelvin01:30506
   ReqNodeList=(null) ExcNodeList=(null)
   NodeList=kelvin-n[020-023,038]
   BatchHost=kelvin-n014
   NumNodes=5 NumCPUs=72 NumTasks=64 CPUs/Task=1 ReqB:S:C:T=0:0:*:*
   TRES=cpu=72,mem=138000M,node=6,billing=72
   Socks/Node=* NtasksPerN:B:S:C=0:0:*:* CoreSpec=*
   JOB_GRES=(null)
     Nodes=kelvin-n[014,020-023,038] CPU_IDs=0-11 Mem=23000 GRES=
   MinCPUsNode=1 MinMemoryNode=23000M MinTmpDiskNode=0
   Features=(null) DelayBoot=00:00:00
   OverSubscribe=NO Contiguous=0 Licenses=(null) Network=(null)
   Command=/home/users/mschpc/2019/zuoy/HPC/NeuralNetwork/parallel/scripts/script_AllenCahn_d200_b64_n64.sh
   WorkDir=/home/users/mschpc/2019/zuoy/HPC/NeuralNetwork/parallel
   StdErr=/home/users/mschpc/2019/zuoy/HPC/NeuralNetwork/parallel/output/slurm-22619.out
   StdIn=/dev/null
   StdOut=/home/users/mschpc/2019/zuoy/HPC/NeuralNetwork/parallel/output/slurm-22619.out
   Power=
   NtasksPerTRES:0


Disk quota details:
===================

Quota Type           Name  Filesystem     Usage in MB     Limit in MB    % Used
-------------------------------------------------------------------------------
USER                 zuoy       /home             124          51,200     0.24%

GROUP              mschpc   /projects             999          51,200     1.95%
GROUP          pi-dgolden   /projects               0          51,200     0.00%


SLURM Bank Statement:
=====================

User           Usage |        Account     Usage | Account Limit Available (CPU hrs)
---------- --------- + -------------- --------- + ------------- ---------
zuoy          19,162 |   HPC_21_01207    19,162 |       100,000    80,838


Acknowledgements:
=================

Note that usage of TCHPC Resources *must* be acknowledged in all publications.

Please see this page for details relevant to this cluster:

http://www.tchpc.tcd.ie/resources/acknowledgementpolicy

################################################################################
