Parallel Mode: Ring-Allreduce
Dimension: 100
Total time: 0.2
Number of time intervals: 20
Learning rate: 0.0005
y_init_range: 0.2, 0.5
Number of neurons in each hidden layer of each subnet: 110, 110, 
Epochs: 4000
Batch size: 64
Sample size: 1024
Logging frequency: 100
Model name: AllenCahn_parallel_
Number of processors: 32


Training:
Epoch:100
In training set, loss: 11.8069, Y0: 0.197677

Epoch:200
In training set, loss: 11.5924, Y0: 0.195393

Epoch:300
In training set, loss: 11.3855, Y0: 0.193151

Epoch:400
In training set, loss: 11.1859, Y0: 0.190949

Epoch:500
In training set, loss: 10.9934, Y0: 0.188786

Epoch:600
In training set, loss: 10.8077, Y0: 0.186662

Epoch:700
In training set, loss: 10.6286, Y0: 0.184576

Epoch:800
In training set, loss: 10.4559, Y0: 0.182527

Epoch:900
In training set, loss: 10.2892, Y0: 0.180515

Epoch:1000
In training set, loss: 10.1284, Y0: 0.178539

Epoch:1100
In training set, loss: 9.97322, Y0: 0.176598

Epoch:1200
In training set, loss: 9.82351, Y0: 0.174691

Epoch:1300
In training set, loss: 9.67906, Y0: 0.172819

Epoch:1400
In training set, loss: 9.53965, Y0: 0.170979

Epoch:1500
In training set, loss: 9.40514, Y0: 0.169172

Epoch:1600
In training set, loss: 9.27533, Y0: 0.167398

Epoch:1700
In training set, loss: 9.15004, Y0: 0.165654

Epoch:1800
In training set, loss: 9.02914, Y0: 0.163942

Epoch:1900
In training set, loss: 8.91243, Y0: 0.162259

Epoch:2000
In training set, loss: 8.79979, Y0: 0.160607

Epoch:2100
In training set, loss: 8.69107, Y0: 0.158983

Epoch:2200
In training set, loss: 8.5861, Y0: 0.157388

Epoch:2300
In training set, loss: 8.48477, Y0: 0.155821

Epoch:2400
In training set, loss: 8.38694, Y0: 0.154282

Epoch:2500
In training set, loss: 8.2925, Y0: 0.152769

Epoch:2600
In training set, loss: 8.20132, Y0: 0.151284

Epoch:2700
In training set, loss: 8.1133, Y0: 0.149824

Epoch:2800
In training set, loss: 8.0283, Y0: 0.14839

Epoch:2900
In training set, loss: 7.94621, Y0: 0.14698

Epoch:3000
In training set, loss: 7.86696, Y0: 0.145595

Epoch:3100
In training set, loss: 7.79042, Y0: 0.144235

Epoch:3200
In training set, loss: 7.71652, Y0: 0.142898

Epoch:3300
In training set, loss: 7.64516, Y0: 0.141585

Epoch:3400
In training set, loss: 7.57625, Y0: 0.140294

Epoch:3500
In training set, loss: 7.50969, Y0: 0.139026

Epoch:3600
In training set, loss: 7.44539, Y0: 0.13778

Epoch:3700
In training set, loss: 7.3833, Y0: 0.136556

Epoch:3800
In training set, loss: 7.32333, Y0: 0.135352

Epoch:3900
In training set, loss: 7.2654, Y0: 0.13417

Epoch:4000
In training set, loss: 7.20944, Y0: 0.133008



###############################################################################
TCHPC Cluster: kelvin
Job 22482 (BSDE_job_4_procs) for User 'zuoy' in Account 'hpc_21_01207'
Finished at: Sun Nov 21 07:36:43 GMT 2021

Job efficiency estimates:
=========================

Job ID: 22482
Cluster: kelvin
User/Group: zuoy/zuoy
State: COMPLETED (exit code 0)
Nodes: 3
Cores per node: 12
CPU Utilized: 02:37:44
CPU Efficiency: 30.36% of 08:39:36 core-walltime
Job Wall-clock time: 00:14:26
Memory Utilized: 586.92 MB
Memory Efficiency: 0.85% of 67.38 GB

Job completion status:
======================

       JobID    JobName AllocCPUS NTasks NNodes     MaxRSS    MaxRSSNode  MaxDiskRead MaxDiskWrite    Elapsed      State ExitCode 
------------ ---------- --------- ------ ------ ---------- ------------- ------------ ------------ ---------- ---------- -------- 
22482        BSDE_job_+        36             3                                                      00:14:26  COMPLETED      0:0 
22482.batch       batch        12      1      1    601008K   kelvin-n084        0.86M        0.01M   00:14:26  COMPLETED      0:0 
22482.0           orted        24      2      2                                                      00:14:25  COMPLETED      0:0 


Job details:
============

JobId=22482 JobName=BSDE_job_4_procs
   UserId=zuoy(1582) GroupId=zuoy(1252) MCS_label=N/A
   Priority=11090239 Nice=0 Account=hpc_21_01207 QOS=normal
   JobState=COMPLETING Reason=None Dependency=(null)
   Requeue=0 Restarts=0 BatchFlag=1 Reboot=0 ExitCode=0:0
   DerivedExitCode=0:0
   RunTime=00:14:26 TimeLimit=23:00:00 TimeMin=N/A
   SubmitTime=2021-11-21T04:02:29 EligibleTime=2021-11-21T04:02:29
   AccrueTime=2021-11-21T04:02:29
   StartTime=2021-11-21T07:22:17 EndTime=2021-11-21T07:36:43 Deadline=N/A
   SuspendTime=None SecsPreSuspend=0 LastSchedEval=2021-11-21T07:22:17
   Partition=compute AllocNode:Sid=kelvin01:15042
   ReqNodeList=(null) ExcNodeList=(null)
   NodeList=kelvin-n[086,090]
   BatchHost=kelvin-n084
   NumNodes=2 NumCPUs=36 NumTasks=32 CPUs/Task=1 ReqB:S:C:T=0:0:*:*
   TRES=cpu=36,mem=69000M,node=3,billing=36
   Socks/Node=* NtasksPerN:B:S:C=0:0:*:* CoreSpec=*
   JOB_GRES=(null)
     Nodes=kelvin-n[084,086,090] CPU_IDs=0-11 Mem=23000 GRES=
   MinCPUsNode=1 MinMemoryNode=23000M MinTmpDiskNode=0
   Features=(null) DelayBoot=00:00:00
   OverSubscribe=NO Contiguous=0 Licenses=(null) Network=(null)
   Command=/home/users/mschpc/2019/zuoy/HPC/NeuralNetwork/parallel/scripts/script_AllenCahn_d300_b64_n32.sh
   WorkDir=/home/users/mschpc/2019/zuoy/HPC/NeuralNetwork/parallel
   StdErr=/home/users/mschpc/2019/zuoy/HPC/NeuralNetwork/parallel/output/slurm-22482.out
   StdIn=/dev/null
   StdOut=/home/users/mschpc/2019/zuoy/HPC/NeuralNetwork/parallel/output/slurm-22482.out
   Power=
   NtasksPerTRES:0


Disk quota details:
===================

Quota Type           Name  Filesystem     Usage in MB     Limit in MB    % Used
-------------------------------------------------------------------------------
USER                 zuoy       /home             123          51,200     0.24%

GROUP              mschpc   /projects             999          51,200     1.95%
GROUP          pi-dgolden   /projects               0          51,200     0.00%


SLURM Bank Statement:
=====================

User           Usage |        Account     Usage | Account Limit Available (CPU hrs)
---------- --------- + -------------- --------- + ------------- ---------
zuoy          16,977 |   HPC_21_01207    16,977 |       100,000    83,023


Acknowledgements:
=================

Note that usage of TCHPC Resources *must* be acknowledged in all publications.

Please see this page for details relevant to this cluster:

http://www.tchpc.tcd.ie/resources/acknowledgementpolicy

################################################################################
