Parallel Mode: Master-Slave
Dimension: 300
Total time: 1
Number of time intervals: 20
Learning rate: 0.01
y_init_range: 0, 1
Number of neurons in each hidden layer of each subnet: 110, 110, 
Epochs: 1000
Batch size: 64
Sample size: 1024
Logging frequency: 100
Model name: HJBLQ_parallel_
Number of processors: 4


Training:
Epoch:100
In training set, loss: 22.8822, Y0: 5.5788

Epoch:200
In training set, loss: 11.2675, Y0: 5.62722

Epoch:300
In training set, loss: 8.09096, Y0: 5.6467

Epoch:400
In training set, loss: 6.88684, Y0: 5.65618

Epoch:500
In training set, loss: 6.33612, Y0: 5.66131

Epoch:600
In training set, loss: 6.05029, Y0: 5.6643

Epoch:700
In training set, loss: 5.88521, Y0: 5.66613

Epoch:800
In training set, loss: 5.77949, Y0: 5.66731

Epoch:900
In training set, loss: 5.70464, Y0: 5.66809

Epoch:1000
In training set, loss: 5.64658, Y0: 5.66862



###############################################################################
TCHPC Cluster: kelvin
Job 23339 (BSDE_job_4_procs) for User 'zuoy' in Account 'hpc_21_01207'
Finished at: Tue Nov 23 17:16:49 GMT 2021

Job efficiency estimates:
=========================

Job ID: 23339
Cluster: kelvin
User/Group: zuoy/zuoy
State: COMPLETED (exit code 0)
Nodes: 1
Cores per node: 12
CPU Utilized: 01:23:13
CPU Efficiency: 33.29% of 04:10:00 core-walltime
Job Wall-clock time: 00:20:50
Memory Utilized: 381.16 MB
Memory Efficiency: 1.66% of 22.46 GB

Job completion status:
======================

       JobID    JobName AllocCPUS NTasks NNodes     MaxRSS    MaxRSSNode  MaxDiskRead MaxDiskWrite    Elapsed      State ExitCode 
------------ ---------- --------- ------ ------ ---------- ------------- ------------ ------------ ---------- ---------- -------- 
23339        BSDE_job_+        12             1                                                      00:20:50  COMPLETED      0:0 
23339.batch       batch        12      1      1    390312K   kelvin-n063        0.87M        0.01M   00:20:50  COMPLETED      0:0 


Job details:
============

JobId=23339 JobName=BSDE_job_4_procs
   UserId=zuoy(1582) GroupId=zuoy(1252) MCS_label=N/A
   Priority=10932437 Nice=0 Account=hpc_21_01207 QOS=normal
   JobState=COMPLETING Reason=None Dependency=(null)
   Requeue=0 Restarts=0 BatchFlag=1 Reboot=0 ExitCode=0:0
   DerivedExitCode=0:0
   RunTime=00:20:50 TimeLimit=23:00:00 TimeMin=N/A
   SubmitTime=2021-11-23T02:15:19 EligibleTime=2021-11-23T02:15:19
   AccrueTime=2021-11-23T02:15:19
   StartTime=2021-11-23T16:55:59 EndTime=2021-11-23T17:16:49 Deadline=N/A
   SuspendTime=None SecsPreSuspend=0 LastSchedEval=2021-11-23T16:55:59
   Partition=compute AllocNode:Sid=kelvin01:730
   ReqNodeList=(null) ExcNodeList=(null)
   NodeList=
   BatchHost=kelvin-n063
   NumNodes=1 NumCPUs=12 NumTasks=4 CPUs/Task=1 ReqB:S:C:T=0:0:*:*
   TRES=cpu=12,mem=23000M,node=1,billing=12
   Socks/Node=* NtasksPerN:B:S:C=0:0:*:* CoreSpec=*
   JOB_GRES=(null)
     Nodes=kelvin-n063 CPU_IDs=0-11 Mem=23000 GRES=
   MinCPUsNode=1 MinMemoryNode=23000M MinTmpDiskNode=0
   Features=(null) DelayBoot=00:00:00
   OverSubscribe=NO Contiguous=0 Licenses=(null) Network=(null)
   Command=/home/users/mschpc/2019/zuoy/HPC/NeuralNetwork/parallel/scripts/script_HJBLQ_d300_b64_n4.sh
   WorkDir=/home/users/mschpc/2019/zuoy/HPC/NeuralNetwork/parallel
   StdErr=/home/users/mschpc/2019/zuoy/HPC/NeuralNetwork/parallel/output/slurm-23339.out
   StdIn=/dev/null
   StdOut=/home/users/mschpc/2019/zuoy/HPC/NeuralNetwork/parallel/output/slurm-23339.out
   Power=
   NtasksPerTRES:0


Disk quota details:
===================

Quota Type           Name  Filesystem     Usage in MB     Limit in MB    % Used
-------------------------------------------------------------------------------
USER                 zuoy       /home             138          51,200     0.27%

GROUP              mschpc   /projects             999          51,200     1.95%
GROUP          pi-dgolden   /projects               0          51,200     0.00%


SLURM Bank Statement:
=====================

User           Usage |        Account     Usage | Account Limit Available (CPU hrs)
---------- --------- + -------------- --------- + ------------- ---------
zuoy          27,550 |   HPC_21_01207    27,550 |       100,000    72,450


Acknowledgements:
=================

Note that usage of TCHPC Resources *must* be acknowledged in all publications.

Please see this page for details relevant to this cluster:

http://www.tchpc.tcd.ie/resources/acknowledgementpolicy

################################################################################
