Parallel Mode: Master-Slave
Dimension: 100
Total time: 1
Number of time intervals: 40
Learning rate: 0.01
y_init_range: 40, 50
Number of neurons in each hidden layer of each subnet: 110, 110, 
Epochs: 1000
Batch size: 64
Sample size: 256
Logging frequency: 100
Model name: pricing_default_risk_parallel_
Number of processors: 8


Training:
Epoch:100
In training set, loss: 3713.87, Y0: 56.3117

Epoch:200
In training set, loss: 3446.27, Y0: 56.7159

Epoch:300
In training set, loss: 3241.7, Y0: 56.7363

Epoch:400
In training set, loss: 3068.94, Y0: 56.7462

Epoch:500
In training set, loss: 2921.13, Y0: 56.7557

Epoch:600
In training set, loss: 2793.45, Y0: 56.7653

Epoch:700
In training set, loss: 2681.65, Y0: 56.7747

Epoch:800
In training set, loss: 2581.98, Y0: 56.7838

Epoch:900
In training set, loss: 2493.06, Y0: 56.7925

Epoch:1000
In training set, loss: 2412.9, Y0: 56.8013



###############################################################################
TCHPC Cluster: kelvin
Job 23641 (BSDE_job_4_procs) for User 'zuoy' in Account 'hpc_21_01207'
Finished at: Wed Nov 24 20:52:23 GMT 2021

Job efficiency estimates:
=========================

Job ID: 23641
Cluster: kelvin
User/Group: zuoy/zuoy
State: COMPLETED (exit code 0)
Nodes: 1
Cores per node: 12
CPU Utilized: 00:40:13
CPU Efficiency: 66.36% of 01:00:36 core-walltime
Job Wall-clock time: 00:05:03
Memory Utilized: 409.71 MB
Memory Efficiency: 1.78% of 22.46 GB

Job completion status:
======================

       JobID    JobName AllocCPUS NTasks NNodes     MaxRSS    MaxRSSNode  MaxDiskRead MaxDiskWrite    Elapsed      State ExitCode 
------------ ---------- --------- ------ ------ ---------- ------------- ------------ ------------ ---------- ---------- -------- 
23641        BSDE_job_+        12             1                                                      00:05:03  COMPLETED      0:0 
23641.batch       batch        12      1      1    419540K   kelvin-n087        0.86M        0.01M   00:05:03  COMPLETED      0:0 


Job details:
============

JobId=23641 JobName=BSDE_job_4_procs
   UserId=zuoy(1582) GroupId=zuoy(1252) MCS_label=N/A
   Priority=10984422 Nice=0 Account=hpc_21_01207 QOS=normal
   JobState=COMPLETING Reason=None Dependency=(null)
   Requeue=0 Restarts=0 BatchFlag=1 Reboot=0 ExitCode=0:0
   DerivedExitCode=0:0
   RunTime=00:05:03 TimeLimit=23:00:00 TimeMin=N/A
   SubmitTime=2021-11-24T04:21:31 EligibleTime=2021-11-24T04:21:31
   AccrueTime=2021-11-24T04:21:31
   StartTime=2021-11-24T20:47:20 EndTime=2021-11-24T20:52:23 Deadline=N/A
   SuspendTime=None SecsPreSuspend=0 LastSchedEval=2021-11-24T20:47:20
   Partition=compute AllocNode:Sid=kelvin01:30850
   ReqNodeList=(null) ExcNodeList=(null)
   NodeList=
   BatchHost=kelvin-n087
   NumNodes=1 NumCPUs=12 NumTasks=8 CPUs/Task=1 ReqB:S:C:T=0:0:*:*
   TRES=cpu=12,mem=23000M,node=1,billing=12
   Socks/Node=* NtasksPerN:B:S:C=0:0:*:* CoreSpec=*
   JOB_GRES=(null)
     Nodes=kelvin-n087 CPU_IDs=0-11 Mem=23000 GRES=
   MinCPUsNode=1 MinMemoryNode=23000M MinTmpDiskNode=0
   Features=(null) DelayBoot=00:00:00
   OverSubscribe=NO Contiguous=0 Licenses=(null) Network=(null)
   Command=/home/users/mschpc/2019/zuoy/HPC/NeuralNetwork/parallel/scripts/script_PricingDefaultRisk_d100_b64_n8.sh
   WorkDir=/home/users/mschpc/2019/zuoy/HPC/NeuralNetwork/parallel
   StdErr=/home/users/mschpc/2019/zuoy/HPC/NeuralNetwork/parallel/output/slurm-23641.out
   StdIn=/dev/null
   StdOut=/home/users/mschpc/2019/zuoy/HPC/NeuralNetwork/parallel/output/slurm-23641.out
   Power=
   NtasksPerTRES:0


Disk quota details:
===================

Quota Type           Name  Filesystem     Usage in MB     Limit in MB    % Used
-------------------------------------------------------------------------------
USER                 zuoy       /home             141          51,200     0.28%

GROUP              mschpc   /projects             999          51,200     1.95%
GROUP          pi-dgolden   /projects               0          51,200     0.00%


SLURM Bank Statement:
=====================

User           Usage |        Account     Usage | Account Limit Available (CPU hrs)
---------- --------- + -------------- --------- + ------------- ---------
zuoy          28,609 |   HPC_21_01207    28,609 |       100,000    71,391


Acknowledgements:
=================

Note that usage of TCHPC Resources *must* be acknowledged in all publications.

Please see this page for details relevant to this cluster:

http://www.tchpc.tcd.ie/resources/acknowledgementpolicy

################################################################################
