Parallel Mode: Master-Slave
Dimension: 200
Total time: 1
Number of time intervals: 40
Learning rate: 0.01
y_init_range: 40, 50
Number of neurons in each hidden layer of each subnet: 110, 110, 
Epochs: 1000
Batch size: 1
Sample size: 256
Logging frequency: 100
Model name: pricing_default_risk_parallel_
Number of processors: 16


Training:
Epoch:100
In training set, loss: 1395.25, Y0: 54.0274

Epoch:200
In training set, loss: 1120.91, Y0: 54.0501

Epoch:300
In training set, loss: 973.05, Y0: 54.0725

Epoch:400
In training set, loss: 875.05, Y0: 54.0932

Epoch:500
In training set, loss: 801.598, Y0: 54.1125

Epoch:600
In training set, loss: 743.104, Y0: 54.1305

Epoch:700
In training set, loss: 693.877, Y0: 54.1474

Epoch:800
In training set, loss: 651.553, Y0: 54.1634

Epoch:900
In training set, loss: 614.018, Y0: 54.1784

Epoch:1000
In training set, loss: 580.786, Y0: 54.1926



###############################################################################
TCHPC Cluster: kelvin
Job 22503 (BSDE_job_4_procs) for User 'zuoy' in Account 'hpc_21_01207'
Finished at: Sun Nov 21 13:07:54 GMT 2021

Job efficiency estimates:
=========================

Job ID: 22503
Cluster: kelvin
User/Group: zuoy/zuoy
State: COMPLETED (exit code 0)
Nodes: 2
Cores per node: 12
CPU Utilized: 01:09:09
CPU Efficiency: 33.05% of 03:29:12 core-walltime
Job Wall-clock time: 00:08:43
Memory Utilized: 572.71 MB
Memory Efficiency: 1.25% of 44.92 GB

Job completion status:
======================

       JobID    JobName AllocCPUS NTasks NNodes     MaxRSS    MaxRSSNode  MaxDiskRead MaxDiskWrite    Elapsed      State ExitCode 
------------ ---------- --------- ------ ------ ---------- ------------- ------------ ------------ ---------- ---------- -------- 
22503        BSDE_job_+        24             2                                                      00:08:43  COMPLETED      0:0 
22503.batch       batch        12      1      1    586456K   kelvin-n052        0.86M        0.01M   00:08:43  COMPLETED      0:0 
22503.0           orted        12      1      1                                                      00:08:42  COMPLETED      0:0 


Job details:
============

JobId=22503 JobName=BSDE_job_4_procs
   UserId=zuoy(1582) GroupId=zuoy(1252) MCS_label=N/A
   Priority=11060517 Nice=0 Account=hpc_21_01207 QOS=normal
   JobState=COMPLETING Reason=None Dependency=(null)
   Requeue=0 Restarts=0 BatchFlag=1 Reboot=0 ExitCode=0:0
   DerivedExitCode=0:0
   RunTime=00:08:43 TimeLimit=23:00:00 TimeMin=N/A
   SubmitTime=2021-11-21T10:38:13 EligibleTime=2021-11-21T10:38:13
   AccrueTime=2021-11-21T10:38:13
   StartTime=2021-11-21T12:59:10 EndTime=2021-11-21T13:07:53 Deadline=N/A
   SuspendTime=None SecsPreSuspend=0 LastSchedEval=2021-11-21T12:59:10
   Partition=compute AllocNode:Sid=kelvin01:12117
   ReqNodeList=(null) ExcNodeList=(null)
   NodeList=kelvin-n097
   BatchHost=kelvin-n052
   NumNodes=1 NumCPUs=24 NumTasks=16 CPUs/Task=1 ReqB:S:C:T=0:0:*:*
   TRES=cpu=24,mem=46000M,node=2,billing=24
   Socks/Node=* NtasksPerN:B:S:C=0:0:*:* CoreSpec=*
   JOB_GRES=(null)
     Nodes=kelvin-n[052,097] CPU_IDs=0-11 Mem=23000 GRES=
   MinCPUsNode=1 MinMemoryNode=23000M MinTmpDiskNode=0
   Features=(null) DelayBoot=00:00:00
   OverSubscribe=NO Contiguous=0 Licenses=(null) Network=(null)
   Command=/home/users/mschpc/2019/zuoy/HPC/NeuralNetwork/parallel/scripts/script_PricingDefaultRisk_d200_b1_n16.sh
   WorkDir=/home/users/mschpc/2019/zuoy/HPC/NeuralNetwork/parallel
   StdErr=/home/users/mschpc/2019/zuoy/HPC/NeuralNetwork/parallel/output/slurm-22503.out
   StdIn=/dev/null
   StdOut=/home/users/mschpc/2019/zuoy/HPC/NeuralNetwork/parallel/output/slurm-22503.out
   Power=
   NtasksPerTRES:0


Disk quota details:
===================

Quota Type           Name  Filesystem     Usage in MB     Limit in MB    % Used
-------------------------------------------------------------------------------
USER                 zuoy       /home             123          51,200     0.24%

GROUP              mschpc   /projects             999          51,200     1.95%
GROUP          pi-dgolden   /projects               0          51,200     0.00%


SLURM Bank Statement:
=====================

User           Usage |        Account     Usage | Account Limit Available (CPU hrs)
---------- --------- + -------------- --------- + ------------- ---------
zuoy          18,218 |   HPC_21_01207    18,218 |       100,000    81,782


Acknowledgements:
=================

Note that usage of TCHPC Resources *must* be acknowledged in all publications.

Please see this page for details relevant to this cluster:

http://www.tchpc.tcd.ie/resources/acknowledgementpolicy

################################################################################
