Parallel Mode: Ring-Allreduce
Dimension: 500
Total time: 1
Number of time intervals: 40
Learning rate: 0.01
y_init_range: 40, 50
Number of neurons in each hidden layer of each subnet: 110, 110, 
Epochs: 1000
Batch size: 64
Sample size: 256
Logging frequency: 100
Model name: pricing_default_risk_parallel_
Number of processors: 4


Training:
Epoch:100
In training set, loss: 3159.79, Y0: 46.5491

Epoch:200
In training set, loss: 1642.44, Y0: 48.7109

Epoch:300
In training set, loss: 1367.48, Y0: 49.4891

Epoch:400
In training set, loss: 1245.92, Y0: 49.7796

Epoch:500
In training set, loss: 1153.78, Y0: 49.8913

Epoch:600
In training set, loss: 1073.59, Y0: 49.9367

Epoch:700
In training set, loss: 1002.03, Y0: 49.9578

Epoch:800
In training set, loss: 937.749, Y0: 49.9697

Epoch:900
In training set, loss: 879.807, Y0: 49.978

Epoch:1000
In training set, loss: 827.417, Y0: 49.985



###############################################################################
TCHPC Cluster: kelvin
Job 21875 (BSDE_job_4_procs) for User 'zuoy' in Account 'hpc_21_01207'
Finished at: Sat Nov 20 04:20:24 GMT 2021

Job efficiency estimates:
=========================

Job ID: 21875
Cluster: kelvin
User/Group: zuoy/zuoy
State: COMPLETED (exit code 0)
Nodes: 1
Cores per node: 12
CPU Utilized: 01:34:44
CPU Efficiency: 33.29% of 04:44:36 core-walltime
Job Wall-clock time: 00:23:43
Memory Utilized: 495.96 MB
Memory Efficiency: 2.16% of 22.46 GB

Job completion status:
======================

       JobID    JobName AllocCPUS NTasks NNodes     MaxRSS    MaxRSSNode  MaxDiskRead MaxDiskWrite    Elapsed      State ExitCode 
------------ ---------- --------- ------ ------ ---------- ------------- ------------ ------------ ---------- ---------- -------- 
21875        BSDE_job_+        12             1                                                      00:23:43  COMPLETED      0:0 
21875.batch       batch        12      1      1    507868K   kelvin-n055        0.87M        0.01M   00:23:43  COMPLETED      0:0 


Job details:
============

JobId=21875 JobName=BSDE_job_4_procs
   UserId=zuoy(1582) GroupId=zuoy(1252) MCS_label=N/A
   Priority=11154383 Nice=0 Account=hpc_21_01207 QOS=normal
   JobState=COMPLETING Reason=None Dependency=(null)
   Requeue=0 Restarts=0 BatchFlag=1 Reboot=0 ExitCode=0:0
   DerivedExitCode=0:0
   RunTime=00:23:43 TimeLimit=23:00:00 TimeMin=N/A
   SubmitTime=2021-11-20T00:15:34 EligibleTime=2021-11-20T00:15:34
   AccrueTime=2021-11-20T00:15:34
   StartTime=2021-11-20T03:56:41 EndTime=2021-11-20T04:20:24 Deadline=N/A
   SuspendTime=None SecsPreSuspend=0 LastSchedEval=2021-11-20T03:56:41
   Partition=compute AllocNode:Sid=kelvin01:23080
   ReqNodeList=(null) ExcNodeList=(null)
   NodeList=
   BatchHost=kelvin-n055
   NumNodes=1 NumCPUs=12 NumTasks=4 CPUs/Task=1 ReqB:S:C:T=0:0:*:*
   TRES=cpu=12,mem=23000M,node=1,billing=12
   Socks/Node=* NtasksPerN:B:S:C=0:0:*:* CoreSpec=*
   JOB_GRES=(null)
     Nodes=kelvin-n055 CPU_IDs=0-11 Mem=23000 GRES=
   MinCPUsNode=1 MinMemoryNode=23000M MinTmpDiskNode=0
   Features=(null) DelayBoot=00:00:00
   OverSubscribe=NO Contiguous=0 Licenses=(null) Network=(null)
   Command=/home/users/mschpc/2019/zuoy/HPC/NeuralNetwork/parallel/scripts/script_PricingDefaultRisk_d500_b64_n4.sh
   WorkDir=/home/users/mschpc/2019/zuoy/HPC/NeuralNetwork/parallel
   StdErr=/home/users/mschpc/2019/zuoy/HPC/NeuralNetwork/parallel/output/slurm-21875.out
   StdIn=/dev/null
   StdOut=/home/users/mschpc/2019/zuoy/HPC/NeuralNetwork/parallel/output/slurm-21875.out
   Power=
   NtasksPerTRES:0


Disk quota details:
===================

Quota Type           Name  Filesystem     Usage in MB     Limit in MB    % Used
-------------------------------------------------------------------------------
USER                 zuoy       /home             109          51,200     0.21%

GROUP              mschpc   /projects             999          51,200     1.95%
GROUP          pi-dgolden   /projects               0          51,200     0.00%


SLURM Bank Statement:
=====================

User           Usage |        Account     Usage | Account Limit Available (CPU hrs)
---------- --------- + -------------- --------- + ------------- ---------
zuoy          11,953 |   HPC_21_01207    11,953 |       100,000    88,047


Acknowledgements:
=================

Note that usage of TCHPC Resources *must* be acknowledged in all publications.

Please see this page for details relevant to this cluster:

http://www.tchpc.tcd.ie/resources/acknowledgementpolicy

################################################################################
