Parallel Mode: Master-Slave
Dimension: 100
Total time: 1
Number of time intervals: 40
Learning rate: 0.01
y_init_range: 40, 50
Number of neurons in each hidden layer of each subnet: 110, 110, 
Epochs: 1000
Batch size: 64
Sample size: 256
Logging frequency: 100
Model name: pricing_default_risk_parallel_
Number of processors: 128


Training:
Epoch:100
In training set, loss: 35344.3, Y0: 40.5051

Epoch:200
In training set, loss: 33162.9, Y0: 40.9926

Epoch:300
In training set, loss: 31136.1, Y0: 41.4634

Epoch:400
In training set, loss: 29250.9, Y0: 41.9181

Epoch:500
In training set, loss: 27493.6, Y0: 42.3573

Epoch:600
In training set, loss: 25855.2, Y0: 42.7817

Epoch:700
In training set, loss: 24326.6, Y0: 43.1915

Epoch:800
In training set, loss: 22900.1, Y0: 43.5875

Epoch:900
In training set, loss: 21569.6, Y0: 43.9699

Epoch:1000
In training set, loss: 20328.1, Y0: 44.3394



###############################################################################
TCHPC Cluster: kelvin
Job 22950 (BSDE_job_4_procs) for User 'zuoy' in Account 'hpc_21_01207'
Finished at: Mon Nov 22 03:53:14 GMT 2021

Job efficiency estimates:
=========================

Job ID: 22950
Cluster: kelvin
User/Group: zuoy/zuoy
State: COMPLETED (exit code 0)
Nodes: 11
Cores per node: 12
CPU Utilized: 02:37:01
CPU Efficiency: 8.97% of 1-05:11:12 core-walltime
Job Wall-clock time: 00:13:16
Memory Utilized: 826.06 MB
Memory Efficiency: 0.33% of 247.07 GB

Job completion status:
======================

       JobID    JobName AllocCPUS NTasks NNodes     MaxRSS    MaxRSSNode  MaxDiskRead MaxDiskWrite    Elapsed      State ExitCode 
------------ ---------- --------- ------ ------ ---------- ------------- ------------ ------------ ---------- ---------- -------- 
22950        BSDE_job_+       132            11                                                      00:13:16  COMPLETED      0:0 
22950.batch       batch        12      1      1    845888K   kelvin-n042        0.86M        0.01M   00:13:16  COMPLETED      0:0 
22950.0           orted       120     10     10                                                      00:13:14  COMPLETED      0:0 


Job details:
============

JobId=22950 JobName=BSDE_job_4_procs
   UserId=zuoy(1582) GroupId=zuoy(1252) MCS_label=N/A
   Priority=10586666 Nice=0 Account=hpc_21_01207 QOS=normal
   JobState=COMPLETING Reason=None Dependency=(null)
   Requeue=0 Restarts=0 BatchFlag=1 Reboot=0 ExitCode=0:0
   DerivedExitCode=0:0
   RunTime=00:13:16 TimeLimit=23:00:00 TimeMin=N/A
   SubmitTime=2021-11-22T00:48:15 EligibleTime=2021-11-22T00:48:15
   AccrueTime=2021-11-22T00:48:15
   StartTime=2021-11-22T03:39:58 EndTime=2021-11-22T03:53:14 Deadline=N/A
   SuspendTime=None SecsPreSuspend=0 LastSchedEval=2021-11-22T03:39:58
   Partition=compute AllocNode:Sid=kelvin01:12189
   ReqNodeList=(null) ExcNodeList=(null)
   NodeList=kelvin-n[044-048,052,055,058,068,081]
   BatchHost=kelvin-n042
   NumNodes=10 NumCPUs=132 NumTasks=128 CPUs/Task=1 ReqB:S:C:T=0:0:*:*
   TRES=cpu=132,mem=253000M,node=11,billing=132
   Socks/Node=* NtasksPerN:B:S:C=0:0:*:* CoreSpec=*
   JOB_GRES=(null)
     Nodes=kelvin-n[042,044-048,052,055,058,068,081] CPU_IDs=0-11 Mem=23000 GRES=
   MinCPUsNode=1 MinMemoryNode=23000M MinTmpDiskNode=0
   Features=(null) DelayBoot=00:00:00
   OverSubscribe=NO Contiguous=0 Licenses=(null) Network=(null)
   Command=/home/users/mschpc/2019/zuoy/HPC/NeuralNetwork/parallel/scripts/script_PricingDefaultRisk_d100_b64_n128.sh
   WorkDir=/home/users/mschpc/2019/zuoy/HPC/NeuralNetwork/parallel
   StdErr=/home/users/mschpc/2019/zuoy/HPC/NeuralNetwork/parallel/output/slurm-22950.out
   StdIn=/dev/null
   StdOut=/home/users/mschpc/2019/zuoy/HPC/NeuralNetwork/parallel/output/slurm-22950.out
   Power=
   NtasksPerTRES:0


Disk quota details:
===================

Quota Type           Name  Filesystem     Usage in MB     Limit in MB    % Used
-------------------------------------------------------------------------------
USER                 zuoy       /home             130          51,200     0.25%

GROUP              mschpc   /projects             999          51,200     1.95%
GROUP          pi-dgolden   /projects               0          51,200     0.00%


SLURM Bank Statement:
=====================

User           Usage |        Account     Usage | Account Limit Available (CPU hrs)
---------- --------- + -------------- --------- + ------------- ---------
zuoy          24,383 |   HPC_21_01207    24,383 |       100,000    75,617


Acknowledgements:
=================

Note that usage of TCHPC Resources *must* be acknowledged in all publications.

Please see this page for details relevant to this cluster:

http://www.tchpc.tcd.ie/resources/acknowledgementpolicy

################################################################################
