Parallel Mode: Master-Slave
Dimension: 200
Total time: 1
Number of time intervals: 40
Learning rate: 0.01
y_init_range: 40, 50
Number of neurons in each hidden layer of each subnet: 110, 110, 
Epochs: 1000
Batch size: 1
Sample size: 256
Logging frequency: 100
Model name: pricing_default_risk_parallel_
Number of processors: 4


Training:
Epoch:100
In training set, loss: 948.506, Y0: 53.9056

Epoch:200
In training set, loss: 659.059, Y0: 53.9721

Epoch:300
In training set, loss: 514.772, Y0: 53.9996

Epoch:400
In training set, loss: 420.066, Y0: 54.0143

Epoch:500
In training set, loss: 349.869, Y0: 54.0237

Epoch:600
In training set, loss: 294.431, Y0: 54.0289

Epoch:700
In training set, loss: 249.224, Y0: 54.0323

Epoch:800
In training set, loss: 211.573, Y0: 54.0343

Epoch:900
In training set, loss: 179.923, Y0: 54.0352

Epoch:1000
In training set, loss: 153.115, Y0: 54.0355



###############################################################################
TCHPC Cluster: kelvin
Job 21127 (BSDE_job_4_procs) for User 'zuoy' in Account 'hpc_21_01207'
Finished at: Thu Nov 18 03:28:28 GMT 2021

Job efficiency estimates:
=========================

Job ID: 21127
Cluster: kelvin
User/Group: zuoy/zuoy
State: RUNNING
Nodes: 1
Cores per node: 12
CPU Utilized: 01:15:10
CPU Efficiency: 33.26% of 03:46:00 core-walltime
Job Wall-clock time: 00:18:50
Memory Utilized: 278.46 MB
Memory Efficiency: 1.21% of 22.46 GB
WARNING: Efficiency statistics may be misleading for RUNNING jobs.

Job completion status:
======================

       JobID    JobName AllocCPUS NTasks NNodes     MaxRSS    MaxRSSNode  MaxDiskRead MaxDiskWrite    Elapsed      State ExitCode 
------------ ---------- --------- ------ ------ ---------- ------------- ------------ ------------ ---------- ---------- -------- 
21127        BSDE_job_+        12             1                                                      00:18:50  COMPLETED      0:0 
21127.batch       batch        12      1      1    285140K   kelvin-n084        0.87M        0.01M   00:18:50  COMPLETED      0:0 


Job details:
============

JobId=21127 JobName=BSDE_job_4_procs
   UserId=zuoy(1582) GroupId=zuoy(1252) MCS_label=N/A
   Priority=11313364 Nice=0 Account=hpc_21_01207 QOS=normal
   JobState=COMPLETING Reason=None Dependency=(null)
   Requeue=0 Restarts=0 BatchFlag=1 Reboot=0 ExitCode=0:0
   DerivedExitCode=0:0
   RunTime=00:18:50 TimeLimit=23:00:00 TimeMin=N/A
   SubmitTime=2021-11-17T21:49:36 EligibleTime=2021-11-17T21:49:36
   AccrueTime=2021-11-17T21:49:36
   StartTime=2021-11-18T03:09:38 EndTime=2021-11-18T03:28:28 Deadline=N/A
   SuspendTime=None SecsPreSuspend=0 LastSchedEval=2021-11-18T03:09:38
   Partition=compute AllocNode:Sid=kelvin01:6170
   ReqNodeList=(null) ExcNodeList=(null)
   NodeList=
   BatchHost=kelvin-n084
   NumNodes=1 NumCPUs=12 NumTasks=4 CPUs/Task=1 ReqB:S:C:T=0:0:*:*
   TRES=cpu=12,mem=23000M,node=1,billing=12
   Socks/Node=* NtasksPerN:B:S:C=0:0:*:* CoreSpec=*
   JOB_GRES=(null)
     Nodes=kelvin-n084 CPU_IDs=0-11 Mem=23000 GRES=
   MinCPUsNode=1 MinMemoryNode=23000M MinTmpDiskNode=0
   Features=(null) DelayBoot=00:00:00
   OverSubscribe=NO Contiguous=0 Licenses=(null) Network=(null)
   Command=/home/users/mschpc/2019/zuoy/HPC/NeuralNetwork/parallel/scripts/script_PricingDefaultRisk_d200_b1_n4.sh
   WorkDir=/home/users/mschpc/2019/zuoy/HPC/NeuralNetwork/parallel
   StdErr=/home/users/mschpc/2019/zuoy/HPC/NeuralNetwork/parallel/output/slurm-21127.out
   StdIn=/dev/null
   StdOut=/home/users/mschpc/2019/zuoy/HPC/NeuralNetwork/parallel/output/slurm-21127.out
   Power=
   NtasksPerTRES:0


Disk quota details:
===================

Quota Type           Name  Filesystem     Usage in MB     Limit in MB    % Used
-------------------------------------------------------------------------------
USER                 zuoy       /home             104          51,200     0.20%

GROUP              mschpc   /projects             999          51,200     1.95%
GROUP          pi-dgolden   /projects               0          51,200     0.00%


SLURM Bank Statement:
=====================

User           Usage |        Account     Usage | Account Limit Available (CPU hrs)
---------- --------- + -------------- --------- + ------------- ---------
zuoy           7,749 |   HPC_21_01207     7,749 |       100,000    92,251


Acknowledgements:
=================

Note that usage of TCHPC Resources *must* be acknowledged in all publications.

Please see this page for details relevant to this cluster:

http://www.tchpc.tcd.ie/resources/acknowledgementpolicy

################################################################################
