Parallel Mode: Master-Slave
Dimension: 500
Total time: 1
Number of time intervals: 40
Learning rate: 0.01
y_init_range: 40, 50
Number of neurons in each hidden layer of each subnet: 110, 110, 
Epochs: 1000
Batch size: 64
Sample size: 256
Logging frequency: 100
Model name: pricing_default_risk_parallel_
Number of processors: 128


Training:
Epoch:100
In training set, loss: 1895.1, Y0: 48.1825

Epoch:200
In training set, loss: 1460.6, Y0: 49.166

Epoch:300
In training set, loss: 1238.47, Y0: 49.3176

Epoch:400
In training set, loss: 1064.28, Y0: 49.3585

Epoch:500
In training set, loss: 925.088, Y0: 49.3831

Epoch:600
In training set, loss: 812.575, Y0: 49.4042

Epoch:700
In training set, loss: 720.308, Y0: 49.4232

Epoch:800
In training set, loss: 643.665, Y0: 49.4405

Epoch:900
In training set, loss: 579.139, Y0: 49.4561

Epoch:1000
In training set, loss: 524.191, Y0: 49.4703



###############################################################################
TCHPC Cluster: kelvin
Job 23407 (BSDE_job_4_procs) for User 'zuoy' in Account 'hpc_21_01207'
Finished at: Tue Nov 23 21:08:57 GMT 2021

Job efficiency estimates:
=========================

Job ID: 23407
Cluster: kelvin
User/Group: zuoy/zuoy
State: COMPLETED (exit code 0)
Nodes: 11
Cores per node: 12
CPU Utilized: 04:14:02
CPU Efficiency: 8.93% of 1-23:24:36 core-walltime
Job Wall-clock time: 00:21:33
Memory Utilized: 1.58 GB
Memory Efficiency: 0.64% of 247.07 GB

Job completion status:
======================

       JobID    JobName AllocCPUS NTasks NNodes     MaxRSS    MaxRSSNode  MaxDiskRead MaxDiskWrite    Elapsed      State ExitCode 
------------ ---------- --------- ------ ------ ---------- ------------- ------------ ------------ ---------- ---------- -------- 
23407        BSDE_job_+       132            11                                                      00:21:33  COMPLETED      0:0 
23407.batch       batch        12      1      1   1653500K   kelvin-n003        0.86M        0.01M   00:21:33  COMPLETED      0:0 
23407.0           orted       120     10     10                                                      00:21:32  COMPLETED      0:0 


Job details:
============

JobId=23407 JobName=BSDE_job_4_procs
   UserId=zuoy(1582) GroupId=zuoy(1252) MCS_label=N/A
   Priority=10730309 Nice=0 Account=hpc_21_01207 QOS=normal
   JobState=COMPLETING Reason=None Dependency=(null)
   Requeue=0 Restarts=0 BatchFlag=1 Reboot=0 ExitCode=0:0
   DerivedExitCode=0:0
   RunTime=00:21:33 TimeLimit=23:00:00 TimeMin=N/A
   SubmitTime=2021-11-23T13:05:40 EligibleTime=2021-11-23T13:05:40
   AccrueTime=2021-11-23T13:05:40
   StartTime=2021-11-23T20:47:24 EndTime=2021-11-23T21:08:57 Deadline=N/A
   SuspendTime=None SecsPreSuspend=0 LastSchedEval=2021-11-23T20:47:24
   Partition=compute AllocNode:Sid=kelvin01:24539
   ReqNodeList=(null) ExcNodeList=(null)
   NodeList=kelvin-n[012,014-015,017-018,020-022,024,046]
   BatchHost=kelvin-n003
   NumNodes=10 NumCPUs=132 NumTasks=128 CPUs/Task=1 ReqB:S:C:T=0:0:*:*
   TRES=cpu=132,mem=253000M,node=11,billing=132
   Socks/Node=* NtasksPerN:B:S:C=0:0:*:* CoreSpec=*
   JOB_GRES=(null)
     Nodes=kelvin-n[003,012,014-015,017-018,020-022,024,046] CPU_IDs=0-11 Mem=23000 GRES=
   MinCPUsNode=1 MinMemoryNode=23000M MinTmpDiskNode=0
   Features=(null) DelayBoot=00:00:00
   OverSubscribe=NO Contiguous=0 Licenses=(null) Network=(null)
   Command=/home/users/mschpc/2019/zuoy/HPC/NeuralNetwork/parallel/scripts/script_PricingDefaultRisk_d500_b64_n128.sh
   WorkDir=/home/users/mschpc/2019/zuoy/HPC/NeuralNetwork/parallel
   StdErr=/home/users/mschpc/2019/zuoy/HPC/NeuralNetwork/parallel/output/slurm-23407.out
   StdIn=/dev/null
   StdOut=/home/users/mschpc/2019/zuoy/HPC/NeuralNetwork/parallel/output/slurm-23407.out
   Power=
   NtasksPerTRES:0


Disk quota details:
===================

Quota Type           Name  Filesystem     Usage in MB     Limit in MB    % Used
-------------------------------------------------------------------------------
USER                 zuoy       /home             138          51,200     0.27%

GROUP              mschpc   /projects             999          51,200     1.95%
GROUP          pi-dgolden   /projects               0          51,200     0.00%


SLURM Bank Statement:
=====================

User           Usage |        Account     Usage | Account Limit Available (CPU hrs)
---------- --------- + -------------- --------- + ------------- ---------
zuoy          27,946 |   HPC_21_01207    27,946 |       100,000    72,054


Acknowledgements:
=================

Note that usage of TCHPC Resources *must* be acknowledged in all publications.

Please see this page for details relevant to this cluster:

http://www.tchpc.tcd.ie/resources/acknowledgementpolicy

################################################################################
