Parallel Mode: Ring-Allreduce
Dimension: 400
Total time: 1
Number of time intervals: 40
Learning rate: 0.01
y_init_range: 40, 50
Number of neurons in each hidden layer of each subnet: 110, 110, 
Epochs: 1000
Batch size: 64
Sample size: 256
Logging frequency: 100
Model name: pricing_default_risk_parallel_
Number of processors: 16


Training:
Epoch:100
In training set, loss: 1754.13, Y0: 50.4198

Epoch:200
In training set, loss: 1410.73, Y0: 50.6791

Epoch:300
In training set, loss: 1171.5, Y0: 50.7465

Epoch:400
In training set, loss: 996.847, Y0: 50.8034

Epoch:500
In training set, loss: 864.996, Y0: 50.8539

Epoch:600
In training set, loss: 762.52, Y0: 50.8991

Epoch:700
In training set, loss: 680.647, Y0: 50.9394

Epoch:800
In training set, loss: 613.685, Y0: 50.9757

Epoch:900
In training set, loss: 557.814, Y0: 51.0086

Epoch:1000
In training set, loss: 510.401, Y0: 51.0385



###############################################################################
TCHPC Cluster: kelvin
Job 23999 (BSDE_job_4_procs) for User 'zuoy' in Account 'hpc_21_01207'
Finished at: Thu Nov 25 13:26:54 GMT 2021

Job efficiency estimates:
=========================

Job ID: 23999
Cluster: kelvin
User/Group: zuoy/zuoy
State: COMPLETED (exit code 0)
Nodes: 2
Cores per node: 12
CPU Utilized: 01:05:40
CPU Efficiency: 33.16% of 03:18:00 core-walltime
Job Wall-clock time: 00:08:15
Memory Utilized: 844.98 MB
Memory Efficiency: 1.84% of 44.92 GB

Job completion status:
======================

       JobID    JobName AllocCPUS NTasks NNodes     MaxRSS    MaxRSSNode  MaxDiskRead MaxDiskWrite    Elapsed      State ExitCode 
------------ ---------- --------- ------ ------ ---------- ------------- ------------ ------------ ---------- ---------- -------- 
23999        BSDE_job_+        24             2                                                      00:08:15  COMPLETED      0:0 
23999.batch       batch        12      1      1    865256K   kelvin-n075        0.86M        0.01M   00:08:15  COMPLETED      0:0 
23999.0           orted        12      1      1                                                      00:08:14  COMPLETED      0:0 


Job details:
============

JobId=23999 JobName=BSDE_job_4_procs
   UserId=zuoy(1582) GroupId=zuoy(1252) MCS_label=N/A
   Priority=10540987 Nice=0 Account=hpc_21_01207 QOS=normal
   JobState=COMPLETING Reason=None Dependency=(null)
   Requeue=0 Restarts=0 BatchFlag=1 Reboot=0 ExitCode=0:0
   DerivedExitCode=0:0
   RunTime=00:08:15 TimeLimit=23:00:00 TimeMin=N/A
   SubmitTime=2021-11-25T11:47:40 EligibleTime=2021-11-25T11:47:40
   AccrueTime=2021-11-25T11:47:40
   StartTime=2021-11-25T13:18:39 EndTime=2021-11-25T13:26:54 Deadline=N/A
   SuspendTime=None SecsPreSuspend=0 LastSchedEval=2021-11-25T13:18:39
   Partition=compute AllocNode:Sid=kelvin01:17031
   ReqNodeList=(null) ExcNodeList=(null)
   NodeList=kelvin-n076
   BatchHost=kelvin-n075
   NumNodes=1 NumCPUs=24 NumTasks=16 CPUs/Task=1 ReqB:S:C:T=0:0:*:*
   TRES=cpu=24,mem=46000M,node=2,billing=24
   Socks/Node=* NtasksPerN:B:S:C=0:0:*:* CoreSpec=*
   JOB_GRES=(null)
     Nodes=kelvin-n[075-076] CPU_IDs=0-11 Mem=23000 GRES=
   MinCPUsNode=1 MinMemoryNode=23000M MinTmpDiskNode=0
   Features=(null) DelayBoot=00:00:00
   OverSubscribe=NO Contiguous=0 Licenses=(null) Network=(null)
   Command=/home/users/mschpc/2019/zuoy/HPC/NeuralNetwork/parallel/scripts/script_PricingDefaultRisk_d400_b64_n16.sh
   WorkDir=/home/users/mschpc/2019/zuoy/HPC/NeuralNetwork/parallel
   StdErr=/home/users/mschpc/2019/zuoy/HPC/NeuralNetwork/parallel/output/slurm-23999.out
   StdIn=/dev/null
   StdOut=/home/users/mschpc/2019/zuoy/HPC/NeuralNetwork/parallel/output/slurm-23999.out
   Power=
   NtasksPerTRES:0


Disk quota details:
===================

Quota Type           Name  Filesystem     Usage in MB     Limit in MB    % Used
-------------------------------------------------------------------------------
USER                 zuoy       /home             146          51,200     0.29%

GROUP              mschpc   /projects             999          51,200     1.95%
GROUP          pi-dgolden   /projects               0          51,200     0.00%


SLURM Bank Statement:
=====================

User           Usage |        Account     Usage | Account Limit Available (CPU hrs)
---------- --------- + -------------- --------- + ------------- ---------
zuoy          28,448 |   HPC_21_01207    28,448 |       100,000    71,552


Acknowledgements:
=================

Note that usage of TCHPC Resources *must* be acknowledged in all publications.

Please see this page for details relevant to this cluster:

http://www.tchpc.tcd.ie/resources/acknowledgementpolicy

################################################################################
