Parallel Mode: Master-Slave
Dimension: 100
Total time: 1
Number of time intervals: 20
Learning rate: 0.01
y_init_range: 0, 1
Number of neurons in each hidden layer of each subnet: 110, 110, 
Epochs: 1000
Batch size: 64
Sample size: 1024
Logging frequency: 100
Model name: HJBLQ_parallel_
Number of processors: 128


Training:
Epoch:100
In training set, loss: 43.6383, Y0: 4.50096

Epoch:200
In training set, loss: 36.7175, Y0: 4.51954

Epoch:300
In training set, loss: 33.5624, Y0: 4.52801

Epoch:400
In training set, loss: 31.9452, Y0: 4.5324

Epoch:500
In training set, loss: 30.992, Y0: 4.5348

Epoch:600
In training set, loss: 30.3425, Y0: 4.5362

Epoch:700
In training set, loss: 29.8403, Y0: 4.53706

Epoch:800
In training set, loss: 29.4138, Y0: 4.53762

Epoch:900
In training set, loss: 29.0287, Y0: 4.53802

Epoch:1000
In training set, loss: 28.6678, Y0: 4.53833



###############################################################################
TCHPC Cluster: kelvin
Job 23298 (BSDE_job_4_procs) for User 'zuoy' in Account 'hpc_21_01207'
Finished at: Tue Nov 23 12:31:37 GMT 2021

Job efficiency estimates:
=========================

Job ID: 23298
Cluster: kelvin
User/Group: zuoy/zuoy
State: COMPLETED (exit code 0)
Nodes: 11
Cores per node: 12
CPU Utilized: 01:57:27
CPU Efficiency: 8.97% of 21:49:00 core-walltime
Job Wall-clock time: 00:09:55
Memory Utilized: 732.66 MB
Memory Efficiency: 0.29% of 247.07 GB

Job completion status:
======================

       JobID    JobName AllocCPUS NTasks NNodes     MaxRSS    MaxRSSNode  MaxDiskRead MaxDiskWrite    Elapsed      State ExitCode 
------------ ---------- --------- ------ ------ ---------- ------------- ------------ ------------ ---------- ---------- -------- 
23298        BSDE_job_+       132            11                                                      00:09:55  COMPLETED      0:0 
23298.batch       batch        12      1      1    750248K   kelvin-n014        0.87M        0.01M   00:09:55  COMPLETED      0:0 
23298.0           orted       120     10     10                                                      00:09:53  COMPLETED      0:0 


Job details:
============

JobId=23298 JobName=BSDE_job_4_procs
   UserId=zuoy(1582) GroupId=zuoy(1252) MCS_label=N/A
   Priority=10801944 Nice=0 Account=hpc_21_01207 QOS=normal
   JobState=COMPLETING Reason=None Dependency=(null)
   Requeue=0 Restarts=0 BatchFlag=1 Reboot=0 ExitCode=0:0
   DerivedExitCode=0:0
   RunTime=00:09:55 TimeLimit=23:00:00 TimeMin=N/A
   SubmitTime=2021-11-23T02:15:15 EligibleTime=2021-11-23T02:15:15
   AccrueTime=2021-11-23T02:15:15
   StartTime=2021-11-23T12:21:42 EndTime=2021-11-23T12:31:37 Deadline=N/A
   SuspendTime=None SecsPreSuspend=0 LastSchedEval=2021-11-23T12:21:42
   Partition=compute AllocNode:Sid=kelvin01:730
   ReqNodeList=(null) ExcNodeList=(null)
   NodeList=kelvin-n[015,018,020-023,037,039-040,045]
   BatchHost=kelvin-n014
   NumNodes=10 NumCPUs=132 NumTasks=128 CPUs/Task=1 ReqB:S:C:T=0:0:*:*
   TRES=cpu=132,mem=253000M,node=11,billing=132
   Socks/Node=* NtasksPerN:B:S:C=0:0:*:* CoreSpec=*
   JOB_GRES=(null)
     Nodes=kelvin-n[014-015,018,020-023,037,039-040,045] CPU_IDs=0-11 Mem=23000 GRES=
   MinCPUsNode=1 MinMemoryNode=23000M MinTmpDiskNode=0
   Features=(null) DelayBoot=00:00:00
   OverSubscribe=NO Contiguous=0 Licenses=(null) Network=(null)
   Command=/home/users/mschpc/2019/zuoy/HPC/NeuralNetwork/parallel/scripts/script_HJBLQ_d100_b64_n128.sh
   WorkDir=/home/users/mschpc/2019/zuoy/HPC/NeuralNetwork/parallel
   StdErr=/home/users/mschpc/2019/zuoy/HPC/NeuralNetwork/parallel/output/slurm-23298.out
   StdIn=/dev/null
   StdOut=/home/users/mschpc/2019/zuoy/HPC/NeuralNetwork/parallel/output/slurm-23298.out
   Power=
   NtasksPerTRES:0


Disk quota details:
===================

Quota Type           Name  Filesystem     Usage in MB     Limit in MB    % Used
-------------------------------------------------------------------------------
USER                 zuoy       /home             135          51,200     0.26%

GROUP              mschpc   /projects             999          51,200     1.95%
GROUP          pi-dgolden   /projects               0          51,200     0.00%


SLURM Bank Statement:
=====================

User           Usage |        Account     Usage | Account Limit Available (CPU hrs)
---------- --------- + -------------- --------- + ------------- ---------
zuoy          27,120 |   HPC_21_01207    27,120 |       100,000    72,880


Acknowledgements:
=================

Note that usage of TCHPC Resources *must* be acknowledged in all publications.

Please see this page for details relevant to this cluster:

http://www.tchpc.tcd.ie/resources/acknowledgementpolicy

################################################################################
