Parallel Mode: Ring-Allreduce
Dimension: 200
Total time: 1
Number of time intervals: 40
Learning rate: 0.01
y_init_range: 40, 50
Number of neurons in each hidden layer of each subnet: 110, 110, 
Epochs: 1000
Batch size: 1
Sample size: 256
Logging frequency: 100
Model name: pricing_default_risk_parallel_
Number of processors: 8


Training:
Epoch:100
In training set, loss: 1252.93, Y0: 53.8017

Epoch:200
In training set, loss: 934.175, Y0: 53.9135

Epoch:300
In training set, loss: 773.5, Y0: 53.9487

Epoch:400
In training set, loss: 668.241, Y0: 53.9585

Epoch:500
In training set, loss: 590.988, Y0: 53.9587

Epoch:600
In training set, loss: 529.88, Y0: 53.9555

Epoch:700
In training set, loss: 479.476, Y0: 53.9515

Epoch:800
In training set, loss: 436.486, Y0: 53.9472

Epoch:900
In training set, loss: 399.027, Y0: 53.9434

Epoch:1000
In training set, loss: 365.812, Y0: 53.9398



###############################################################################
TCHPC Cluster: kelvin
Job 22059 (BSDE_job_4_procs) for User 'zuoy' in Account 'hpc_21_01207'
Finished at: Sat Nov 20 16:57:31 GMT 2021

Job efficiency estimates:
=========================

Job ID: 22059
Cluster: kelvin
User/Group: zuoy/zuoy
State: COMPLETED (exit code 0)
Nodes: 1
Cores per node: 12
CPU Utilized: 01:37:17
CPU Efficiency: 66.54% of 02:26:12 core-walltime
Job Wall-clock time: 00:12:11
Memory Utilized: 552.34 MB
Memory Efficiency: 2.40% of 22.46 GB

Job completion status:
======================

       JobID    JobName AllocCPUS NTasks NNodes     MaxRSS    MaxRSSNode  MaxDiskRead MaxDiskWrite    Elapsed      State ExitCode 
------------ ---------- --------- ------ ------ ---------- ------------- ------------ ------------ ---------- ---------- -------- 
22059        BSDE_job_+        12             1                                                      00:12:11  COMPLETED      0:0 
22059.batch       batch        12      1      1    565596K   kelvin-n081        0.86M        0.01M   00:12:11  COMPLETED      0:0 


Job details:
============

JobId=22059 JobName=BSDE_job_4_procs
   UserId=zuoy(1582) GroupId=zuoy(1252) MCS_label=N/A
   Priority=11172554 Nice=0 Account=hpc_21_01207 QOS=normal
   JobState=COMPLETING Reason=None Dependency=(null)
   Requeue=0 Restarts=0 BatchFlag=1 Reboot=0 ExitCode=0:0
   DerivedExitCode=0:0
   RunTime=00:12:11 TimeLimit=23:00:00 TimeMin=N/A
   SubmitTime=2021-11-20T12:27:56 EligibleTime=2021-11-20T12:27:56
   AccrueTime=2021-11-20T12:27:56
   StartTime=2021-11-20T16:45:20 EndTime=2021-11-20T16:57:31 Deadline=N/A
   SuspendTime=None SecsPreSuspend=0 LastSchedEval=2021-11-20T16:45:20
   Partition=compute AllocNode:Sid=kelvin01:28782
   ReqNodeList=(null) ExcNodeList=(null)
   NodeList=
   BatchHost=kelvin-n081
   NumNodes=1 NumCPUs=12 NumTasks=8 CPUs/Task=1 ReqB:S:C:T=0:0:*:*
   TRES=cpu=12,mem=23000M,node=1,billing=12
   Socks/Node=* NtasksPerN:B:S:C=0:0:*:* CoreSpec=*
   JOB_GRES=(null)
     Nodes=kelvin-n081 CPU_IDs=0-11 Mem=23000 GRES=
   MinCPUsNode=1 MinMemoryNode=23000M MinTmpDiskNode=0
   Features=(null) DelayBoot=00:00:00
   OverSubscribe=NO Contiguous=0 Licenses=(null) Network=(null)
   Command=/home/users/mschpc/2019/zuoy/HPC/NeuralNetwork/parallel/scripts/script_PricingDefaultRisk_d200_b1_n8.sh
   WorkDir=/home/users/mschpc/2019/zuoy/HPC/NeuralNetwork/parallel
   StdErr=/home/users/mschpc/2019/zuoy/HPC/NeuralNetwork/parallel/output/slurm-22059.out
   StdIn=/dev/null
   StdOut=/home/users/mschpc/2019/zuoy/HPC/NeuralNetwork/parallel/output/slurm-22059.out
   Power=
   NtasksPerTRES:0


Disk quota details:
===================

Quota Type           Name  Filesystem     Usage in MB     Limit in MB    % Used
-------------------------------------------------------------------------------
USER                 zuoy       /home             116          51,200     0.23%

GROUP              mschpc   /projects             999          51,200     1.95%
GROUP          pi-dgolden   /projects               0          51,200     0.00%


SLURM Bank Statement:
=====================

User           Usage |        Account     Usage | Account Limit Available (CPU hrs)
---------- --------- + -------------- --------- + ------------- ---------
zuoy          13,708 |   HPC_21_01207    13,708 |       100,000    86,292


Acknowledgements:
=================

Note that usage of TCHPC Resources *must* be acknowledged in all publications.

Please see this page for details relevant to this cluster:

http://www.tchpc.tcd.ie/resources/acknowledgementpolicy

################################################################################
