Parallel Mode: Master-Slave
Dimension: 300
Total time: 1
Number of time intervals: 40
Learning rate: 0.01
y_init_range: 40, 50
Number of neurons in each hidden layer of each subnet: 110, 110, 
Epochs: 1000
Batch size: 1
Sample size: 256
Logging frequency: 100
Model name: pricing_default_risk_parallel_
Number of processors: 64


Training:
Epoch:100
In training set, loss: 1957.4, Y0: 51.7703

Epoch:200
In training set, loss: 1674.66, Y0: 52.0516

Epoch:300
In training set, loss: 1471.82, Y0: 52.0982

Epoch:400
In training set, loss: 1316.7, Y0: 52.1343

Epoch:500
In training set, loss: 1193.84, Y0: 52.1664

Epoch:600
In training set, loss: 1094.01, Y0: 52.195

Epoch:700
In training set, loss: 1010.94, Y0: 52.2209

Epoch:800
In training set, loss: 940.463, Y0: 52.2445

Epoch:900
In training set, loss: 879.832, Y0: 52.2659

Epoch:1000
In training set, loss: 826.906, Y0: 52.2854



###############################################################################
TCHPC Cluster: kelvin
Job 22957 (BSDE_job_4_procs) for User 'zuoy' in Account 'hpc_21_01207'
Finished at: Mon Nov 22 06:22:56 GMT 2021

Job efficiency estimates:
=========================

Job ID: 22957
Cluster: kelvin
User/Group: zuoy/zuoy
State: COMPLETED (exit code 0)
Nodes: 6
Cores per node: 12
CPU Utilized: 02:19:40
CPU Efficiency: 15.12% of 15:24:00 core-walltime
Job Wall-clock time: 00:12:50
Memory Utilized: 1.01 GB
Memory Efficiency: 0.75% of 134.77 GB

Job completion status:
======================

       JobID    JobName AllocCPUS NTasks NNodes     MaxRSS    MaxRSSNode  MaxDiskRead MaxDiskWrite    Elapsed      State ExitCode 
------------ ---------- --------- ------ ------ ---------- ------------- ------------ ------------ ---------- ---------- -------- 
22957        BSDE_job_+        72             6                                                      00:12:50  COMPLETED      0:0 
22957.batch       batch        12      1      1   1063556K   kelvin-n035        0.86M        0.01M   00:12:50  COMPLETED      0:0 
22957.0           orted        60      5      5                                                      00:12:49  COMPLETED      0:0 


Job details:
============

JobId=22957 JobName=BSDE_job_4_procs
   UserId=zuoy(1582) GroupId=zuoy(1252) MCS_label=N/A
   Priority=10638818 Nice=0 Account=hpc_21_01207 QOS=normal
   JobState=COMPLETING Reason=None Dependency=(null)
   Requeue=0 Restarts=0 BatchFlag=1 Reboot=0 ExitCode=0:0
   DerivedExitCode=0:0
   RunTime=00:12:50 TimeLimit=23:00:00 TimeMin=N/A
   SubmitTime=2021-11-22T01:27:11 EligibleTime=2021-11-22T01:27:11
   AccrueTime=2021-11-22T01:27:11
   StartTime=2021-11-22T06:10:06 EndTime=2021-11-22T06:22:56 Deadline=N/A
   SuspendTime=None SecsPreSuspend=0 LastSchedEval=2021-11-22T06:10:06
   Partition=compute AllocNode:Sid=kelvin01:12189
   ReqNodeList=(null) ExcNodeList=(null)
   NodeList=kelvin-n[041-042,044-046]
   BatchHost=kelvin-n035
   NumNodes=5 NumCPUs=72 NumTasks=64 CPUs/Task=1 ReqB:S:C:T=0:0:*:*
   TRES=cpu=72,mem=138000M,node=6,billing=72
   Socks/Node=* NtasksPerN:B:S:C=0:0:*:* CoreSpec=*
   JOB_GRES=(null)
     Nodes=kelvin-n[035,041-042,044-046] CPU_IDs=0-11 Mem=23000 GRES=
   MinCPUsNode=1 MinMemoryNode=23000M MinTmpDiskNode=0
   Features=(null) DelayBoot=00:00:00
   OverSubscribe=NO Contiguous=0 Licenses=(null) Network=(null)
   Command=/home/users/mschpc/2019/zuoy/HPC/NeuralNetwork/parallel/scripts/script_PricingDefaultRisk_d300_b1_n64.sh
   WorkDir=/home/users/mschpc/2019/zuoy/HPC/NeuralNetwork/parallel
   StdErr=/home/users/mschpc/2019/zuoy/HPC/NeuralNetwork/parallel/output/slurm-22957.out
   StdIn=/dev/null
   StdOut=/home/users/mschpc/2019/zuoy/HPC/NeuralNetwork/parallel/output/slurm-22957.out
   Power=
   NtasksPerTRES:0


Disk quota details:
===================

Quota Type           Name  Filesystem     Usage in MB     Limit in MB    % Used
-------------------------------------------------------------------------------
USER                 zuoy       /home             130          51,200     0.26%

GROUP              mschpc   /projects             999          51,200     1.95%
GROUP          pi-dgolden   /projects               0          51,200     0.00%


SLURM Bank Statement:
=====================

User           Usage |        Account     Usage | Account Limit Available (CPU hrs)
---------- --------- + -------------- --------- + ------------- ---------
zuoy          25,561 |   HPC_21_01207    25,561 |       100,000    74,439


Acknowledgements:
=================

Note that usage of TCHPC Resources *must* be acknowledged in all publications.

Please see this page for details relevant to this cluster:

http://www.tchpc.tcd.ie/resources/acknowledgementpolicy

################################################################################
