Parallel Mode: Ring-Allreduce
Dimension: 200
Total time: 1
Number of time intervals: 20
Learning rate: 0.01
y_init_range: 0, 1
Number of neurons in each hidden layer of each subnet: 110, 110, 
Epochs: 1000
Batch size: 1
Sample size: 1024
Logging frequency: 100
Model name: HJBLQ_parallel_
Number of processors: 4


Training:
Epoch:100
In training set, loss: 9.73514, Y0: 5.27865

Epoch:200
In training set, loss: 8.27886, Y0: 5.27822

Epoch:300
In training set, loss: 7.05929, Y0: 5.27777

Epoch:400
In training set, loss: 6.03494, Y0: 5.27734

Epoch:500
In training set, loss: 5.17204, Y0: 5.27692

Epoch:600
In training set, loss: 4.44312, Y0: 5.27652

Epoch:700
In training set, loss: 3.8257, Y0: 5.27614

Epoch:800
In training set, loss: 3.30136, Y0: 5.27578

Epoch:900
In training set, loss: 2.85493, Y0: 5.27544

Epoch:1000
In training set, loss: 2.47391, Y0: 5.27513



###############################################################################
TCHPC Cluster: kelvin
Job 22264 (BSDE_job_4_procs) for User 'zuoy' in Account 'hpc_21_01207'
Finished at: Sun Nov 21 02:15:48 GMT 2021

Job efficiency estimates:
=========================

Job ID: 22264
Cluster: kelvin
User/Group: zuoy/zuoy
State: COMPLETED (exit code 0)
Nodes: 1
Cores per node: 12
CPU Utilized: 01:32:47
CPU Efficiency: 33.28% of 04:38:48 core-walltime
Job Wall-clock time: 00:23:14
Memory Utilized: 294.50 MB
Memory Efficiency: 1.28% of 22.46 GB

Job completion status:
======================

       JobID    JobName AllocCPUS NTasks NNodes     MaxRSS    MaxRSSNode  MaxDiskRead MaxDiskWrite    Elapsed      State ExitCode 
------------ ---------- --------- ------ ------ ---------- ------------- ------------ ------------ ---------- ---------- -------- 
22264        BSDE_job_+        12             1                                                      00:23:14  COMPLETED      0:0 
22264.batch       batch        12      1      1    301564K   kelvin-n048        0.86M        0.01M   00:23:14  COMPLETED      0:0 


Job details:
============

JobId=22264 JobName=BSDE_job_4_procs
   UserId=zuoy(1582) GroupId=zuoy(1252) MCS_label=N/A
   Priority=11081110 Nice=0 Account=hpc_21_01207 QOS=normal
   JobState=COMPLETING Reason=None Dependency=(null)
   Requeue=0 Restarts=0 BatchFlag=1 Reboot=0 ExitCode=0:0
   DerivedExitCode=0:0
   RunTime=00:23:14 TimeLimit=23:00:00 TimeMin=N/A
   SubmitTime=2021-11-20T22:48:31 EligibleTime=2021-11-20T22:48:31
   AccrueTime=2021-11-20T22:48:31
   StartTime=2021-11-21T01:52:34 EndTime=2021-11-21T02:15:48 Deadline=N/A
   SuspendTime=None SecsPreSuspend=0 LastSchedEval=2021-11-21T01:52:34
   Partition=compute AllocNode:Sid=kelvin01:32460
   ReqNodeList=(null) ExcNodeList=(null)
   NodeList=
   BatchHost=kelvin-n048
   NumNodes=1 NumCPUs=12 NumTasks=4 CPUs/Task=1 ReqB:S:C:T=0:0:*:*
   TRES=cpu=12,mem=23000M,node=1,billing=12
   Socks/Node=* NtasksPerN:B:S:C=0:0:*:* CoreSpec=*
   JOB_GRES=(null)
     Nodes=kelvin-n048 CPU_IDs=0-11 Mem=23000 GRES=
   MinCPUsNode=1 MinMemoryNode=23000M MinTmpDiskNode=0
   Features=(null) DelayBoot=00:00:00
   OverSubscribe=NO Contiguous=0 Licenses=(null) Network=(null)
   Command=/home/users/mschpc/2019/zuoy/HPC/NeuralNetwork/parallel/scripts/script_HJBLQ_d200_b1_n4.sh
   WorkDir=/home/users/mschpc/2019/zuoy/HPC/NeuralNetwork/parallel
   StdErr=/home/users/mschpc/2019/zuoy/HPC/NeuralNetwork/parallel/output/slurm-22264.out
   StdIn=/dev/null
   StdOut=/home/users/mschpc/2019/zuoy/HPC/NeuralNetwork/parallel/output/slurm-22264.out
   Power=
   NtasksPerTRES:0


Disk quota details:
===================

Quota Type           Name  Filesystem     Usage in MB     Limit in MB    % Used
-------------------------------------------------------------------------------
USER                 zuoy       /home             117          51,200     0.23%

GROUP              mschpc   /projects             999          51,200     1.95%
GROUP          pi-dgolden   /projects               0          51,200     0.00%


SLURM Bank Statement:
=====================

User           Usage |        Account     Usage | Account Limit Available (CPU hrs)
---------- --------- + -------------- --------- + ------------- ---------
zuoy          15,245 |   HPC_21_01207    15,245 |       100,000    84,755


Acknowledgements:
=================

Note that usage of TCHPC Resources *must* be acknowledged in all publications.

Please see this page for details relevant to this cluster:

http://www.tchpc.tcd.ie/resources/acknowledgementpolicy

################################################################################
