Parallel Mode: Master-Slave
Dimension: 200
Total time: 1
Number of time intervals: 20
Learning rate: 0.01
y_init_range: 0, 1
Number of neurons in each hidden layer of each subnet: 110, 110, 
Epochs: 1000
Batch size: 64
Sample size: 1024
Logging frequency: 100
Model name: HJBLQ_parallel_
Number of processors: 32


Training:
Epoch:100
In training set, loss: 23.3197, Y0: 5.21139

Epoch:200
In training set, loss: 14.5292, Y0: 5.25019

Epoch:300
In training set, loss: 12.1972, Y0: 5.26533

Epoch:400
In training set, loss: 11.3876, Y0: 5.27222

Epoch:500
In training set, loss: 11.0225, Y0: 5.27567

Epoch:600
In training set, loss: 10.8093, Y0: 5.27751

Epoch:700
In training set, loss: 10.655, Y0: 5.27854

Epoch:800
In training set, loss: 10.5262, Y0: 5.27913

Epoch:900
In training set, loss: 10.4097, Y0: 5.27949

Epoch:1000
In training set, loss: 10.2996, Y0: 5.27972



###############################################################################
TCHPC Cluster: kelvin
Job 23329 (BSDE_job_4_procs) for User 'zuoy' in Account 'hpc_21_01207'
Finished at: Tue Nov 23 16:45:49 GMT 2021

Job efficiency estimates:
=========================

Job ID: 23329
Cluster: kelvin
User/Group: zuoy/zuoy
State: COMPLETED (exit code 0)
Nodes: 3
Cores per node: 12
CPU Utilized: 01:15:01
CPU Efficiency: 30.13% of 04:09:00 core-walltime
Job Wall-clock time: 00:06:55
Memory Utilized: 823.39 MB
Memory Efficiency: 1.19% of 67.38 GB

Job completion status:
======================

       JobID    JobName AllocCPUS NTasks NNodes     MaxRSS    MaxRSSNode  MaxDiskRead MaxDiskWrite    Elapsed      State ExitCode 
------------ ---------- --------- ------ ------ ---------- ------------- ------------ ------------ ---------- ---------- -------- 
23329        BSDE_job_+        36             3                                                      00:06:55  COMPLETED      0:0 
23329.batch       batch        12      1      1    843148K   kelvin-n003        0.87M        0.01M   00:06:55  COMPLETED      0:0 
23329.0           orted        24      2      2                                                      00:06:54  COMPLETED      0:0 


Job details:
============

JobId=23329 JobName=BSDE_job_4_procs
   UserId=zuoy(1582) GroupId=zuoy(1252) MCS_label=N/A
   Priority=10925198 Nice=0 Account=hpc_21_01207 QOS=normal
   JobState=COMPLETING Reason=None Dependency=(null)
   Requeue=0 Restarts=0 BatchFlag=1 Reboot=0 ExitCode=0:0
   DerivedExitCode=0:0
   RunTime=00:06:55 TimeLimit=23:00:00 TimeMin=N/A
   SubmitTime=2021-11-23T02:15:17 EligibleTime=2021-11-23T02:15:17
   AccrueTime=2021-11-23T02:15:17
   StartTime=2021-11-23T16:38:54 EndTime=2021-11-23T16:45:49 Deadline=N/A
   SuspendTime=None SecsPreSuspend=0 LastSchedEval=2021-11-23T16:38:54
   Partition=compute AllocNode:Sid=kelvin01:730
   ReqNodeList=(null) ExcNodeList=(null)
   NodeList=kelvin-n[064,071]
   BatchHost=kelvin-n003
   NumNodes=2 NumCPUs=36 NumTasks=32 CPUs/Task=1 ReqB:S:C:T=0:0:*:*
   TRES=cpu=36,mem=69000M,node=3,billing=36
   Socks/Node=* NtasksPerN:B:S:C=0:0:*:* CoreSpec=*
   JOB_GRES=(null)
     Nodes=kelvin-n[003,064,071] CPU_IDs=0-11 Mem=23000 GRES=
   MinCPUsNode=1 MinMemoryNode=23000M MinTmpDiskNode=0
   Features=(null) DelayBoot=00:00:00
   OverSubscribe=NO Contiguous=0 Licenses=(null) Network=(null)
   Command=/home/users/mschpc/2019/zuoy/HPC/NeuralNetwork/parallel/scripts/script_HJBLQ_d200_b64_n32.sh
   WorkDir=/home/users/mschpc/2019/zuoy/HPC/NeuralNetwork/parallel
   StdErr=/home/users/mschpc/2019/zuoy/HPC/NeuralNetwork/parallel/output/slurm-23329.out
   StdIn=/dev/null
   StdOut=/home/users/mschpc/2019/zuoy/HPC/NeuralNetwork/parallel/output/slurm-23329.out
   Power=
   NtasksPerTRES:0


Disk quota details:
===================

Quota Type           Name  Filesystem     Usage in MB     Limit in MB    % Used
-------------------------------------------------------------------------------
USER                 zuoy       /home             139          51,200     0.27%

GROUP              mschpc   /projects             999          51,200     1.95%
GROUP          pi-dgolden   /projects               0          51,200     0.00%


SLURM Bank Statement:
=====================

User           Usage |        Account     Usage | Account Limit Available (CPU hrs)
---------- --------- + -------------- --------- + ------------- ---------
zuoy          27,439 |   HPC_21_01207    27,439 |       100,000    72,561


Acknowledgements:
=================

Note that usage of TCHPC Resources *must* be acknowledged in all publications.

Please see this page for details relevant to this cluster:

http://www.tchpc.tcd.ie/resources/acknowledgementpolicy

################################################################################
