Parallel Mode: Ring-Allreduce
Dimension: 400
Total time: 1
Number of time intervals: 40
Learning rate: 0.01
y_init_range: 40, 50
Number of neurons in each hidden layer of each subnet: 110, 110, 
Epochs: 1000
Batch size: 64
Sample size: 256
Logging frequency: 100
Model name: pricing_default_risk_parallel_
Number of processors: 4


Training:
Epoch:100
In training set, loss: 1501.68, Y0: 50.6338

Epoch:200
In training set, loss: 1204.42, Y0: 50.8442

Epoch:300
In training set, loss: 1003.52, Y0: 50.8669

Epoch:400
In training set, loss: 858.915, Y0: 50.887

Epoch:500
In training set, loss: 750.425, Y0: 50.9069

Epoch:600
In training set, loss: 665.906, Y0: 50.9259

Epoch:700
In training set, loss: 598.231, Y0: 50.9435

Epoch:800
In training set, loss: 542.644, Y0: 50.9596

Epoch:900
In training set, loss: 496.02, Y0: 50.9744

Epoch:1000
In training set, loss: 456.242, Y0: 50.9878



###############################################################################
TCHPC Cluster: kelvin
Job 23912 (BSDE_job_4_procs) for User 'zuoy' in Account 'hpc_21_01207'
Finished at: Thu Nov 25 12:18:44 GMT 2021

Job efficiency estimates:
=========================

Job ID: 23912
Cluster: kelvin
User/Group: zuoy/zuoy
State: COMPLETED (exit code 0)
Nodes: 1
Cores per node: 12
CPU Utilized: 01:28:04
CPU Efficiency: 33.31% of 04:24:24 core-walltime
Job Wall-clock time: 00:22:02
Memory Utilized: 423.38 MB
Memory Efficiency: 1.84% of 22.46 GB

Job completion status:
======================

       JobID    JobName AllocCPUS NTasks NNodes     MaxRSS    MaxRSSNode  MaxDiskRead MaxDiskWrite    Elapsed      State ExitCode 
------------ ---------- --------- ------ ------ ---------- ------------- ------------ ------------ ---------- ---------- -------- 
23912        BSDE_job_+        12             1                                                      00:22:02  COMPLETED      0:0 
23912.batch       batch        12      1      1    433540K   kelvin-n034        0.86M        0.01M   00:22:02  COMPLETED      0:0 


Job details:
============

JobId=23912 JobName=BSDE_job_4_procs
   UserId=zuoy(1582) GroupId=zuoy(1252) MCS_label=N/A
   Priority=10555734 Nice=0 Account=hpc_21_01207 QOS=normal
   JobState=COMPLETING Reason=None Dependency=(null)
   Requeue=0 Restarts=0 BatchFlag=1 Reboot=0 ExitCode=0:0
   DerivedExitCode=0:0
   RunTime=00:22:02 TimeLimit=23:00:00 TimeMin=N/A
   SubmitTime=2021-11-25T09:54:45 EligibleTime=2021-11-25T09:54:45
   AccrueTime=2021-11-25T09:54:45
   StartTime=2021-11-25T11:56:42 EndTime=2021-11-25T12:18:44 Deadline=N/A
   SuspendTime=None SecsPreSuspend=0 LastSchedEval=2021-11-25T11:56:42
   Partition=compute AllocNode:Sid=kelvin01:29505
   ReqNodeList=(null) ExcNodeList=(null)
   NodeList=
   BatchHost=kelvin-n034
   NumNodes=1 NumCPUs=12 NumTasks=4 CPUs/Task=1 ReqB:S:C:T=0:0:*:*
   TRES=cpu=12,mem=23000M,node=1,billing=12
   Socks/Node=* NtasksPerN:B:S:C=0:0:*:* CoreSpec=*
   JOB_GRES=(null)
     Nodes=kelvin-n034 CPU_IDs=0-11 Mem=23000 GRES=
   MinCPUsNode=1 MinMemoryNode=23000M MinTmpDiskNode=0
   Features=(null) DelayBoot=00:00:00
   OverSubscribe=NO Contiguous=0 Licenses=(null) Network=(null)
   Command=/home/users/mschpc/2019/zuoy/HPC/NeuralNetwork/parallel/scripts/script_PricingDefaultRisk_d400_b64_n4.sh
   WorkDir=/home/users/mschpc/2019/zuoy/HPC/NeuralNetwork/parallel
   StdErr=/home/users/mschpc/2019/zuoy/HPC/NeuralNetwork/parallel/output/slurm-23912.out
   StdIn=/dev/null
   StdOut=/home/users/mschpc/2019/zuoy/HPC/NeuralNetwork/parallel/output/slurm-23912.out
   Power=
   NtasksPerTRES:0


Disk quota details:
===================

Quota Type           Name  Filesystem     Usage in MB     Limit in MB    % Used
-------------------------------------------------------------------------------
USER                 zuoy       /home             145          51,200     0.28%

GROUP              mschpc   /projects             999          51,200     1.95%
GROUP          pi-dgolden   /projects               0          51,200     0.00%


SLURM Bank Statement:
=====================

User           Usage |        Account     Usage | Account Limit Available (CPU hrs)
---------- --------- + -------------- --------- + ------------- ---------
zuoy          28,327 |   HPC_21_01207    28,327 |       100,000    71,673


Acknowledgements:
=================

Note that usage of TCHPC Resources *must* be acknowledged in all publications.

Please see this page for details relevant to this cluster:

http://www.tchpc.tcd.ie/resources/acknowledgementpolicy

################################################################################
