Parallel Mode: Master-Slave
Dimension: 400
Total time: 1
Number of time intervals: 40
Learning rate: 0.01
y_init_range: 40, 50
Number of neurons in each hidden layer of each subnet: 110, 110, 
Epochs: 1000
Batch size: 1
Sample size: 256
Logging frequency: 100
Model name: pricing_default_risk_parallel_
Number of processors: 64


Training:
Epoch:100
In training set, loss: 1506.45, Y0: 50.894

Epoch:200
In training set, loss: 1191.02, Y0: 51.1654

Epoch:300
In training set, loss: 969.365, Y0: 51.2302

Epoch:400
In training set, loss: 805.747, Y0: 51.2846

Epoch:500
In training set, loss: 681.672, Y0: 51.333

Epoch:600
In training set, loss: 585.38, Y0: 51.3758

Epoch:700
In training set, loss: 509.031, Y0: 51.4138

Epoch:800
In training set, loss: 447.42, Y0: 51.4474

Epoch:900
In training set, loss: 396.827, Y0: 51.4773

Epoch:1000
In training set, loss: 354.713, Y0: 51.504



###############################################################################
TCHPC Cluster: kelvin
Job 23087 (BSDE_job_4_procs) for User 'zuoy' in Account 'hpc_21_01207'
Finished at: Mon Nov 22 13:17:24 GMT 2021

Job efficiency estimates:
=========================

Job ID: 23087
Cluster: kelvin
User/Group: zuoy/zuoy
State: COMPLETED (exit code 0)
Nodes: 6
Cores per node: 12
CPU Utilized: 02:55:56
CPU Efficiency: 15.11% of 19:24:00 core-walltime
Job Wall-clock time: 00:16:10
Memory Utilized: 1.22 GB
Memory Efficiency: 0.91% of 134.77 GB

Job completion status:
======================

       JobID    JobName AllocCPUS NTasks NNodes     MaxRSS    MaxRSSNode  MaxDiskRead MaxDiskWrite    Elapsed      State ExitCode 
------------ ---------- --------- ------ ------ ---------- ------------- ------------ ------------ ---------- ---------- -------- 
23087        BSDE_job_+        72             6                                                      00:16:10  COMPLETED      0:0 
23087.batch       batch        12      1      1   1283040K   kelvin-n020        0.86M        0.01M   00:16:10  COMPLETED      0:0 
23087.0           orted        60      5      5                                                      00:16:09  COMPLETED      0:0 


Job details:
============

JobId=23087 JobName=BSDE_job_4_procs
   UserId=zuoy(1582) GroupId=zuoy(1252) MCS_label=N/A
   Priority=10547275 Nice=0 Account=hpc_21_01207 QOS=normal
   JobState=COMPLETING Reason=None Dependency=(null)
   Requeue=0 Restarts=0 BatchFlag=1 Reboot=0 ExitCode=0:0
   DerivedExitCode=0:0
   RunTime=00:16:10 TimeLimit=23:00:00 TimeMin=N/A
   SubmitTime=2021-11-22T11:22:44 EligibleTime=2021-11-22T11:22:44
   AccrueTime=2021-11-22T11:22:44
   StartTime=2021-11-22T13:01:14 EndTime=2021-11-22T13:17:24 Deadline=N/A
   SuspendTime=None SecsPreSuspend=0 LastSchedEval=2021-11-22T13:01:14
   Partition=compute AllocNode:Sid=kelvin01:10133
   ReqNodeList=(null) ExcNodeList=(null)
   NodeList=kelvin-n[021,066,068-070]
   BatchHost=kelvin-n020
   NumNodes=5 NumCPUs=72 NumTasks=64 CPUs/Task=1 ReqB:S:C:T=0:0:*:*
   TRES=cpu=72,mem=138000M,node=6,billing=72
   Socks/Node=* NtasksPerN:B:S:C=0:0:*:* CoreSpec=*
   JOB_GRES=(null)
     Nodes=kelvin-n[020-021,066,068-070] CPU_IDs=0-11 Mem=23000 GRES=
   MinCPUsNode=1 MinMemoryNode=23000M MinTmpDiskNode=0
   Features=(null) DelayBoot=00:00:00
   OverSubscribe=NO Contiguous=0 Licenses=(null) Network=(null)
   Command=/home/users/mschpc/2019/zuoy/HPC/NeuralNetwork/parallel/scripts/script_PricingDefaultRisk_d400_b1_n64.sh
   WorkDir=/home/users/mschpc/2019/zuoy/HPC/NeuralNetwork/parallel
   StdErr=/home/users/mschpc/2019/zuoy/HPC/NeuralNetwork/parallel/output/slurm-23087.out
   StdIn=/dev/null
   StdOut=/home/users/mschpc/2019/zuoy/HPC/NeuralNetwork/parallel/output/slurm-23087.out
   Power=
   NtasksPerTRES:0


Disk quota details:
===================

Quota Type           Name  Filesystem     Usage in MB     Limit in MB    % Used
-------------------------------------------------------------------------------
USER                 zuoy       /home             133          51,200     0.26%

GROUP              mschpc   /projects             999          51,200     1.95%
GROUP          pi-dgolden   /projects               0          51,200     0.00%


SLURM Bank Statement:
=====================

User           Usage |        Account     Usage | Account Limit Available (CPU hrs)
---------- --------- + -------------- --------- + ------------- ---------
zuoy          28,123 |   HPC_21_01207    28,123 |       100,000    71,877


Acknowledgements:
=================

Note that usage of TCHPC Resources *must* be acknowledged in all publications.

Please see this page for details relevant to this cluster:

http://www.tchpc.tcd.ie/resources/acknowledgementpolicy

################################################################################
