Parallel Mode: Master-Slave
Dimension: 100
Total time: 1
Number of time intervals: 20
Learning rate: 0.01
y_init_range: 0, 1
Number of neurons in each hidden layer of each subnet: 110, 110, 
Epochs: 1000
Batch size: 64
Sample size: 1024
Logging frequency: 100
Model name: HJBLQ_parallel_
Number of processors: 32


Training:
Epoch:100
In training set, loss: 41.2544, Y0: 4.5062

Epoch:200
In training set, loss: 35.7944, Y0: 4.52035

Epoch:300
In training set, loss: 33.8183, Y0: 4.52468

Epoch:400
In training set, loss: 32.679, Y0: 4.52626

Epoch:500
In training set, loss: 31.7846, Y0: 4.52699

Epoch:600
In training set, loss: 30.9797, Y0: 4.52744

Epoch:700
In training set, loss: 30.2187, Y0: 4.52778

Epoch:800
In training set, loss: 29.4867, Y0: 4.52809

Epoch:900
In training set, loss: 28.7781, Y0: 4.52839

Epoch:1000
In training set, loss: 28.0907, Y0: 4.52867



###############################################################################
TCHPC Cluster: kelvin
Job 23292 (BSDE_job_4_procs) for User 'zuoy' in Account 'hpc_21_01207'
Finished at: Tue Nov 23 16:38:53 GMT 2021

Job efficiency estimates:
=========================

Job ID: 23292
Cluster: kelvin
User/Group: zuoy/zuoy
State: COMPLETED (exit code 0)
Nodes: 3
Cores per node: 12
CPU Utilized: 00:44:55
CPU Efficiency: 29.94% of 02:30:00 core-walltime
Job Wall-clock time: 00:04:10
Memory Utilized: 643.57 MB
Memory Efficiency: 0.93% of 67.38 GB

Job completion status:
======================

       JobID    JobName AllocCPUS NTasks NNodes     MaxRSS    MaxRSSNode  MaxDiskRead MaxDiskWrite    Elapsed      State ExitCode 
------------ ---------- --------- ------ ------ ---------- ------------- ------------ ------------ ---------- ---------- -------- 
23292        BSDE_job_+        36             3                                                      00:04:10  COMPLETED      0:0 
23292.batch       batch        12      1      1    659016K   kelvin-n003        0.87M        0.01M   00:04:10  COMPLETED      0:0 
23292.0           orted        24      2      2                                                      00:04:09  COMPLETED      0:0 


Job details:
============

JobId=23292 JobName=BSDE_job_4_procs
   UserId=zuoy(1582) GroupId=zuoy(1252) MCS_label=N/A
   Priority=10922743 Nice=0 Account=hpc_21_01207 QOS=normal
   JobState=COMPLETING Reason=None Dependency=(null)
   Requeue=0 Restarts=0 BatchFlag=1 Reboot=0 ExitCode=0:0
   DerivedExitCode=0:0
   RunTime=00:04:10 TimeLimit=23:00:00 TimeMin=N/A
   SubmitTime=2021-11-23T02:15:14 EligibleTime=2021-11-23T02:15:14
   AccrueTime=2021-11-23T02:15:14
   StartTime=2021-11-23T16:34:42 EndTime=2021-11-23T16:38:52 Deadline=N/A
   SuspendTime=None SecsPreSuspend=0 LastSchedEval=2021-11-23T16:34:42
   Partition=compute AllocNode:Sid=kelvin01:730
   ReqNodeList=(null) ExcNodeList=(null)
   NodeList=kelvin-n[012,017]
   BatchHost=kelvin-n003
   NumNodes=2 NumCPUs=36 NumTasks=32 CPUs/Task=1 ReqB:S:C:T=0:0:*:*
   TRES=cpu=36,mem=69000M,node=3,billing=36
   Socks/Node=* NtasksPerN:B:S:C=0:0:*:* CoreSpec=*
   JOB_GRES=(null)
     Nodes=kelvin-n[003,012,017] CPU_IDs=0-11 Mem=23000 GRES=
   MinCPUsNode=1 MinMemoryNode=23000M MinTmpDiskNode=0
   Features=(null) DelayBoot=00:00:00
   OverSubscribe=NO Contiguous=0 Licenses=(null) Network=(null)
   Command=/home/users/mschpc/2019/zuoy/HPC/NeuralNetwork/parallel/scripts/script_HJBLQ_d100_b64_n32.sh
   WorkDir=/home/users/mschpc/2019/zuoy/HPC/NeuralNetwork/parallel
   StdErr=/home/users/mschpc/2019/zuoy/HPC/NeuralNetwork/parallel/output/slurm-23292.out
   StdIn=/dev/null
   StdOut=/home/users/mschpc/2019/zuoy/HPC/NeuralNetwork/parallel/output/slurm-23292.out
   Power=
   NtasksPerTRES:0


Disk quota details:
===================

Quota Type           Name  Filesystem     Usage in MB     Limit in MB    % Used
-------------------------------------------------------------------------------
USER                 zuoy       /home             137          51,200     0.27%

GROUP              mschpc   /projects             999          51,200     1.95%
GROUP          pi-dgolden   /projects               0          51,200     0.00%


SLURM Bank Statement:
=====================

User           Usage |        Account     Usage | Account Limit Available (CPU hrs)
---------- --------- + -------------- --------- + ------------- ---------
zuoy          27,399 |   HPC_21_01207    27,399 |       100,000    72,601


Acknowledgements:
=================

Note that usage of TCHPC Resources *must* be acknowledged in all publications.

Please see this page for details relevant to this cluster:

http://www.tchpc.tcd.ie/resources/acknowledgementpolicy

################################################################################
