Parallel Mode: Master-Slave
Dimension: 500
Total time: 1
Number of time intervals: 40
Learning rate: 0.01
y_init_range: 40, 50
Number of neurons in each hidden layer of each subnet: 110, 110, 
Epochs: 1000
Batch size: 64
Sample size: 256
Logging frequency: 100
Model name: pricing_default_risk_parallel_
Number of processors: 16


Training:
Epoch:100
In training set, loss: 1263.72, Y0: 49.5548

Epoch:200
In training set, loss: 931.399, Y0: 49.7231

Epoch:300
In training set, loss: 714.177, Y0: 49.7419

Epoch:400
In training set, loss: 565.812, Y0: 49.7578

Epoch:500
In training set, loss: 460.657, Y0: 49.7726

Epoch:600
In training set, loss: 383.485, Y0: 49.7862

Epoch:700
In training set, loss: 325.026, Y0: 49.7986

Epoch:800
In training set, loss: 279.515, Y0: 49.8097

Epoch:900
In training set, loss: 243.296, Y0: 49.8198

Epoch:1000
In training set, loss: 213.894, Y0: 49.829



###############################################################################
TCHPC Cluster: kelvin
Job 23570 (BSDE_job_4_procs) for User 'zuoy' in Account 'hpc_21_01207'
Finished at: Wed Nov 24 09:57:51 GMT 2021

Job efficiency estimates:
=========================

Job ID: 23570
Cluster: kelvin
User/Group: zuoy/zuoy
State: COMPLETED (exit code 0)
Nodes: 2
Cores per node: 12
CPU Utilized: 03:25:37
CPU Efficiency: 33.14% of 10:20:24 core-walltime
Job Wall-clock time: 00:25:51
Memory Utilized: 995.33 MB
Memory Efficiency: 2.16% of 44.92 GB

Job completion status:
======================

       JobID    JobName AllocCPUS NTasks NNodes     MaxRSS    MaxRSSNode  MaxDiskRead MaxDiskWrite    Elapsed      State ExitCode 
------------ ---------- --------- ------ ------ ---------- ------------- ------------ ------------ ---------- ---------- -------- 
23570        BSDE_job_+        24             2                                                      00:25:51  COMPLETED      0:0 
23570.batch       batch        12      1      1   1019220K   kelvin-n061        0.86M        0.01M   00:25:51  COMPLETED      0:0 
23570.0           orted        12      1      1                                                      00:25:50  COMPLETED      0:0 


Job details:
============

JobId=23570 JobName=BSDE_job_4_procs
   UserId=zuoy(1582) GroupId=zuoy(1252) MCS_label=N/A
   Priority=10981463 Nice=0 Account=hpc_21_01207 QOS=normal
   JobState=COMPLETING Reason=None Dependency=(null)
   Requeue=0 Restarts=0 BatchFlag=1 Reboot=0 ExitCode=0:0
   DerivedExitCode=0:0
   RunTime=00:25:51 TimeLimit=23:00:00 TimeMin=N/A
   SubmitTime=2021-11-23T17:13:40 EligibleTime=2021-11-23T17:13:40
   AccrueTime=2021-11-23T17:13:40
   StartTime=2021-11-24T09:32:00 EndTime=2021-11-24T09:57:51 Deadline=N/A
   SuspendTime=None SecsPreSuspend=0 LastSchedEval=2021-11-24T09:32:00
   Partition=compute AllocNode:Sid=kelvin01:24748
   ReqNodeList=(null) ExcNodeList=(null)
   NodeList=kelvin-n071
   BatchHost=kelvin-n061
   NumNodes=1 NumCPUs=24 NumTasks=16 CPUs/Task=1 ReqB:S:C:T=0:0:*:*
   TRES=cpu=24,mem=46000M,node=2,billing=24
   Socks/Node=* NtasksPerN:B:S:C=0:0:*:* CoreSpec=*
   JOB_GRES=(null)
     Nodes=kelvin-n[061,071] CPU_IDs=0-11 Mem=23000 GRES=
   MinCPUsNode=1 MinMemoryNode=23000M MinTmpDiskNode=0
   Features=(null) DelayBoot=00:00:00
   OverSubscribe=NO Contiguous=0 Licenses=(null) Network=(null)
   Command=/home/users/mschpc/2019/zuoy/HPC/NeuralNetwork/parallel/scripts/script_PricingDefaultRisk_d500_b64_n16.sh
   WorkDir=/home/users/mschpc/2019/zuoy/HPC/NeuralNetwork/parallel
   StdErr=/home/users/mschpc/2019/zuoy/HPC/NeuralNetwork/parallel/output/slurm-23570.out
   StdIn=/dev/null
   StdOut=/home/users/mschpc/2019/zuoy/HPC/NeuralNetwork/parallel/output/slurm-23570.out
   Power=
   NtasksPerTRES:0


Disk quota details:
===================

Quota Type           Name  Filesystem     Usage in MB     Limit in MB    % Used
-------------------------------------------------------------------------------
USER                 zuoy       /home             141          51,200     0.28%

GROUP              mschpc   /projects             999          51,200     1.95%
GROUP          pi-dgolden   /projects               0          51,200     0.00%


SLURM Bank Statement:
=====================

User           Usage |        Account     Usage | Account Limit Available (CPU hrs)
---------- --------- + -------------- --------- + ------------- ---------
zuoy          29,188 |   HPC_21_01207    29,188 |       100,000    70,812


Acknowledgements:
=================

Note that usage of TCHPC Resources *must* be acknowledged in all publications.

Please see this page for details relevant to this cluster:

http://www.tchpc.tcd.ie/resources/acknowledgementpolicy

################################################################################
