Parallel Mode: Ring-Allreduce
Dimension: 200
Total time: 1
Number of time intervals: 20
Learning rate: 0.01
y_init_range: 0, 1
Number of neurons in each hidden layer of each subnet: 110, 110, 
Epochs: 1000
Batch size: 1
Sample size: 1024
Logging frequency: 100
Model name: HJBLQ_parallel_
Number of processors: 16


Training:
Epoch:100
In training set, loss: 11.0016, Y0: 5.2731

Epoch:200
In training set, loss: 10.0619, Y0: 5.27959

Epoch:300
In training set, loss: 9.64251, Y0: 5.28047

Epoch:400
In training set, loss: 9.26517, Y0: 5.28068

Epoch:500
In training set, loss: 8.90587, Y0: 5.28077

Epoch:600
In training set, loss: 8.56207, Y0: 5.28083

Epoch:700
In training set, loss: 8.2328, Y0: 5.28088

Epoch:800
In training set, loss: 7.91741, Y0: 5.28093

Epoch:900
In training set, loss: 7.61524, Y0: 5.28098

Epoch:1000
In training set, loss: 7.32566, Y0: 5.28102



###############################################################################
TCHPC Cluster: kelvin
Job 22016 (BSDE_job_4_procs) for User 'zuoy' in Account 'hpc_21_01207'
Finished at: Sat Nov 20 11:25:05 GMT 2021

Job efficiency estimates:
=========================

Job ID: 22016
Cluster: kelvin
User/Group: zuoy/zuoy
State: COMPLETED (exit code 0)
Nodes: 2
Cores per node: 12
CPU Utilized: 01:17:21
CPU Efficiency: 33.17% of 03:53:12 core-walltime
Job Wall-clock time: 00:09:43
Memory Utilized: 597.41 MB
Memory Efficiency: 1.30% of 44.92 GB

Job completion status:
======================

       JobID    JobName AllocCPUS NTasks NNodes     MaxRSS    MaxRSSNode  MaxDiskRead MaxDiskWrite    Elapsed      State ExitCode 
------------ ---------- --------- ------ ------ ---------- ------------- ------------ ------------ ---------- ---------- -------- 
22016        BSDE_job_+        24             2                                                      00:09:43  COMPLETED      0:0 
22016.batch       batch        12      1      1    611752K   kelvin-n022        0.86M        0.01M   00:09:43  COMPLETED      0:0 
22016.0           orted        12      1      1                                                      00:09:42  COMPLETED      0:0 


Job details:
============

JobId=22016 JobName=BSDE_job_4_procs
   UserId=zuoy(1582) GroupId=zuoy(1252) MCS_label=N/A
   Priority=11101681 Nice=0 Account=hpc_21_01207 QOS=normal
   JobState=COMPLETING Reason=None Dependency=(null)
   Requeue=0 Restarts=0 BatchFlag=1 Reboot=0 ExitCode=0:0
   DerivedExitCode=0:0
   RunTime=00:09:43 TimeLimit=23:00:00 TimeMin=N/A
   SubmitTime=2021-11-20T09:22:00 EligibleTime=2021-11-20T09:22:00
   AccrueTime=2021-11-20T09:22:00
   StartTime=2021-11-20T11:15:22 EndTime=2021-11-20T11:25:05 Deadline=N/A
   SuspendTime=None SecsPreSuspend=0 LastSchedEval=2021-11-20T11:15:22
   Partition=compute AllocNode:Sid=kelvin01:23606
   ReqNodeList=(null) ExcNodeList=(null)
   NodeList=kelvin-n024
   BatchHost=kelvin-n022
   NumNodes=1 NumCPUs=24 NumTasks=16 CPUs/Task=1 ReqB:S:C:T=0:0:*:*
   TRES=cpu=24,mem=46000M,node=2,billing=24
   Socks/Node=* NtasksPerN:B:S:C=0:0:*:* CoreSpec=*
   JOB_GRES=(null)
     Nodes=kelvin-n[022,024] CPU_IDs=0-11 Mem=23000 GRES=
   MinCPUsNode=1 MinMemoryNode=23000M MinTmpDiskNode=0
   Features=(null) DelayBoot=00:00:00
   OverSubscribe=NO Contiguous=0 Licenses=(null) Network=(null)
   Command=/home/users/mschpc/2019/zuoy/HPC/NeuralNetwork/parallel/scripts/script_HJBLQ_d200_b1_n16.sh
   WorkDir=/home/users/mschpc/2019/zuoy/HPC/NeuralNetwork/parallel
   StdErr=/home/users/mschpc/2019/zuoy/HPC/NeuralNetwork/parallel/output/slurm-22016.out
   StdIn=/dev/null
   StdOut=/home/users/mschpc/2019/zuoy/HPC/NeuralNetwork/parallel/output/slurm-22016.out
   Power=
   NtasksPerTRES:0


Disk quota details:
===================

Quota Type           Name  Filesystem     Usage in MB     Limit in MB    % Used
-------------------------------------------------------------------------------
USER                 zuoy       /home             114          51,200     0.22%

GROUP              mschpc   /projects             999          51,200     1.95%
GROUP          pi-dgolden   /projects               0          51,200     0.00%


SLURM Bank Statement:
=====================

User           Usage |        Account     Usage | Account Limit Available (CPU hrs)
---------- --------- + -------------- --------- + ------------- ---------
zuoy          12,937 |   HPC_21_01207    12,937 |       100,000    87,063


Acknowledgements:
=================

Note that usage of TCHPC Resources *must* be acknowledged in all publications.

Please see this page for details relevant to this cluster:

http://www.tchpc.tcd.ie/resources/acknowledgementpolicy

################################################################################
