Parallel Mode: Master-Slave
Dimension: 200
Total time: 1
Number of time intervals: 40
Learning rate: 0.01
y_init_range: 40, 50
Number of neurons in each hidden layer of each subnet: 110, 110, 
Epochs: 1000
Batch size: 64
Sample size: 256
Logging frequency: 100
Model name: pricing_default_risk_parallel_
Number of processors: 128


Training:
Epoch:100
In training set, loss: 2764.94, Y0: 51.6358

Epoch:200
In training set, loss: 2199.02, Y0: 53.2926

Epoch:300
In training set, loss: 2064.49, Y0: 53.5566

Epoch:400
In training set, loss: 1956.31, Y0: 53.607

Epoch:500
In training set, loss: 1862.59, Y0: 53.624

Epoch:600
In training set, loss: 1780.01, Y0: 53.6354

Epoch:700
In training set, loss: 1706.72, Y0: 53.6456

Epoch:800
In training set, loss: 1641.35, Y0: 53.655

Epoch:900
In training set, loss: 1582.48, Y0: 53.664

Epoch:1000
In training set, loss: 1529.08, Y0: 53.6725



###############################################################################
TCHPC Cluster: kelvin
Job 23618 (BSDE_job_4_procs) for User 'zuoy' in Account 'hpc_21_01207'
Finished at: Wed Nov 24 10:18:16 GMT 2021

Job efficiency estimates:
=========================

Job ID: 23618
Cluster: kelvin
User/Group: zuoy/zuoy
State: COMPLETED (exit code 0)
Nodes: 11
Cores per node: 12
CPU Utilized: 05:00:06
CPU Efficiency: 9.00% of 2-07:35:12 core-walltime
Job Wall-clock time: 00:25:16
Memory Utilized: 1.17 GB
Memory Efficiency: 0.47% of 247.07 GB

Job completion status:
======================

       JobID    JobName AllocCPUS NTasks NNodes     MaxRSS    MaxRSSNode  MaxDiskRead MaxDiskWrite    Elapsed      State ExitCode 
------------ ---------- --------- ------ ------ ---------- ------------- ------------ ------------ ---------- ---------- -------- 
23618        BSDE_job_+       132            11                                                      00:25:16  COMPLETED      0:0 
23618.batch       batch        12      1      1      1193M   kelvin-n022        0.86M        0.01M   00:25:16  COMPLETED      0:0 
23618.0           orted       120     10     10                                                      00:25:15  COMPLETED      0:0 


Job details:
============

JobId=23618 JobName=BSDE_job_4_procs
   UserId=zuoy(1582) GroupId=zuoy(1252) MCS_label=N/A
   Priority=10863808 Nice=0 Account=hpc_21_01207 QOS=normal
   JobState=COMPLETING Reason=None Dependency=(null)
   Requeue=0 Restarts=0 BatchFlag=1 Reboot=0 ExitCode=0:0
   DerivedExitCode=0:0
   RunTime=00:25:16 TimeLimit=23:00:00 TimeMin=N/A
   SubmitTime=2021-11-23T21:42:32 EligibleTime=2021-11-23T21:42:32
   AccrueTime=2021-11-23T21:42:32
   StartTime=2021-11-24T09:53:00 EndTime=2021-11-24T10:18:16 Deadline=N/A
   SuspendTime=None SecsPreSuspend=0 LastSchedEval=2021-11-24T09:53:00
   Partition=compute AllocNode:Sid=kelvin01:24748
   ReqNodeList=(null) ExcNodeList=(null)
   NodeList=kelvin-n[024,051,054,059,064-065,082-083,089,092]
   BatchHost=kelvin-n022
   NumNodes=10 NumCPUs=132 NumTasks=128 CPUs/Task=1 ReqB:S:C:T=0:0:*:*
   TRES=cpu=132,mem=253000M,node=11,billing=132
   Socks/Node=* NtasksPerN:B:S:C=0:0:*:* CoreSpec=*
   JOB_GRES=(null)
     Nodes=kelvin-n[022,024,051,054,059,064-065,082-083,089,092] CPU_IDs=0-11 Mem=23000 GRES=
   MinCPUsNode=1 MinMemoryNode=23000M MinTmpDiskNode=0
   Features=(null) DelayBoot=00:00:00
   OverSubscribe=NO Contiguous=0 Licenses=(null) Network=(null)
   Command=/home/users/mschpc/2019/zuoy/HPC/NeuralNetwork/parallel/scripts/script_PricingDefaultRisk_d200_b64_n128.sh
   WorkDir=/home/users/mschpc/2019/zuoy/HPC/NeuralNetwork/parallel
   StdErr=/home/users/mschpc/2019/zuoy/HPC/NeuralNetwork/parallel/output/slurm-23618.out
   StdIn=/dev/null
   StdOut=/home/users/mschpc/2019/zuoy/HPC/NeuralNetwork/parallel/output/slurm-23618.out
   Power=
   NtasksPerTRES:0


Disk quota details:
===================

Quota Type           Name  Filesystem     Usage in MB     Limit in MB    % Used
-------------------------------------------------------------------------------
USER                 zuoy       /home             140          51,200     0.27%

GROUP              mschpc   /projects             999          51,200     1.95%
GROUP          pi-dgolden   /projects               0          51,200     0.00%


SLURM Bank Statement:
=====================

User           Usage |        Account     Usage | Account Limit Available (CPU hrs)
---------- --------- + -------------- --------- + ------------- ---------
zuoy          29,224 |   HPC_21_01207    29,224 |       100,000    70,776


Acknowledgements:
=================

Note that usage of TCHPC Resources *must* be acknowledged in all publications.

Please see this page for details relevant to this cluster:

http://www.tchpc.tcd.ie/resources/acknowledgementpolicy

################################################################################
