Parallel Mode: Master-Slave
Dimension: 200
Total time: 1
Number of time intervals: 40
Learning rate: 0.01
y_init_range: 40, 50
Number of neurons in each hidden layer of each subnet: 110, 110, 
Epochs: 1000
Batch size: 64
Sample size: 256
Logging frequency: 100
Model name: pricing_default_risk_parallel_
Number of processors: 8


Training:
Epoch:100
In training set, loss: 2246.13, Y0: 53.4553

Epoch:200
In training set, loss: 2004.14, Y0: 53.7481

Epoch:300
In training set, loss: 1829.34, Y0: 53.7524

Epoch:400
In training set, loss: 1693.22, Y0: 53.7492

Epoch:500
In training set, loss: 1583.99, Y0: 53.7453

Epoch:600
In training set, loss: 1493.95, Y0: 53.7413

Epoch:700
In training set, loss: 1418.06, Y0: 53.7374

Epoch:800
In training set, loss: 1353.17, Y0: 53.7332

Epoch:900
In training set, loss: 1296.75, Y0: 53.729

Epoch:1000
In training set, loss: 1246.99, Y0: 53.7251



###############################################################################
TCHPC Cluster: kelvin
Job 23682 (BSDE_job_4_procs) for User 'zuoy' in Account 'hpc_21_01207'
Finished at: Thu Nov 25 09:43:22 GMT 2021

Job efficiency estimates:
=========================

Job ID: 23682
Cluster: kelvin
User/Group: zuoy/zuoy
State: COMPLETED (exit code 0)
Nodes: 1
Cores per node: 12
CPU Utilized: 00:59:13
CPU Efficiency: 66.39% of 01:29:12 core-walltime
Job Wall-clock time: 00:07:26
Memory Utilized: 554.76 MB
Memory Efficiency: 2.41% of 22.46 GB

Job completion status:
======================

       JobID    JobName AllocCPUS NTasks NNodes     MaxRSS    MaxRSSNode  MaxDiskRead MaxDiskWrite    Elapsed      State ExitCode 
------------ ---------- --------- ------ ------ ---------- ------------- ------------ ------------ ---------- ---------- -------- 
23682        BSDE_job_+        12             1                                                      00:07:26  COMPLETED      0:0 
23682.batch       batch        12      1      1    568072K   kelvin-n097        0.86M        0.01M   00:07:26  COMPLETED      0:0 


Job details:
============

JobId=23682 JobName=BSDE_job_4_procs
   UserId=zuoy(1582) GroupId=zuoy(1252) MCS_label=N/A
   Priority=11202824 Nice=0 Account=hpc_21_01207 QOS=normal
   JobState=COMPLETING Reason=None Dependency=(null)
   Requeue=0 Restarts=0 BatchFlag=1 Reboot=0 ExitCode=0:0
   DerivedExitCode=0:0
   RunTime=00:07:26 TimeLimit=23:00:00 TimeMin=N/A
   SubmitTime=2021-11-24T09:50:13 EligibleTime=2021-11-24T09:50:13
   AccrueTime=2021-11-24T09:50:13
   StartTime=2021-11-25T09:35:56 EndTime=2021-11-25T09:43:22 Deadline=N/A
   SuspendTime=None SecsPreSuspend=0 LastSchedEval=2021-11-25T09:35:56
   Partition=compute AllocNode:Sid=kelvin01:18898
   ReqNodeList=(null) ExcNodeList=(null)
   NodeList=
   BatchHost=kelvin-n097
   NumNodes=1 NumCPUs=12 NumTasks=8 CPUs/Task=1 ReqB:S:C:T=0:0:*:*
   TRES=cpu=12,mem=23000M,node=1,billing=12
   Socks/Node=* NtasksPerN:B:S:C=0:0:*:* CoreSpec=*
   JOB_GRES=(null)
     Nodes=kelvin-n097 CPU_IDs=0-11 Mem=23000 GRES=
   MinCPUsNode=1 MinMemoryNode=23000M MinTmpDiskNode=0
   Features=(null) DelayBoot=00:00:00
   OverSubscribe=NO Contiguous=0 Licenses=(null) Network=(null)
   Command=/home/users/mschpc/2019/zuoy/HPC/NeuralNetwork/parallel/scripts/script_PricingDefaultRisk_d200_b64_n8.sh
   WorkDir=/home/users/mschpc/2019/zuoy/HPC/NeuralNetwork/parallel
   StdErr=/home/users/mschpc/2019/zuoy/HPC/NeuralNetwork/parallel/output/slurm-23682.out
   StdIn=/dev/null
   StdOut=/home/users/mschpc/2019/zuoy/HPC/NeuralNetwork/parallel/output/slurm-23682.out
   Power=
   NtasksPerTRES:0


Disk quota details:
===================

Quota Type           Name  Filesystem     Usage in MB     Limit in MB    % Used
-------------------------------------------------------------------------------
USER                 zuoy       /home             144          51,200     0.28%

GROUP              mschpc   /projects             999          51,200     1.95%
GROUP          pi-dgolden   /projects               0          51,200     0.00%


SLURM Bank Statement:
=====================

User           Usage |        Account     Usage | Account Limit Available (CPU hrs)
---------- --------- + -------------- --------- + ------------- ---------
zuoy          27,986 |   HPC_21_01207    27,986 |       100,000    72,014


Acknowledgements:
=================

Note that usage of TCHPC Resources *must* be acknowledged in all publications.

Please see this page for details relevant to this cluster:

http://www.tchpc.tcd.ie/resources/acknowledgementpolicy

################################################################################
