Parallel Mode: Master-Slave
Dimension: 300
Total time: 1
Number of time intervals: 20
Learning rate: 0.01
y_init_range: 0, 1
Number of neurons in each hidden layer of each subnet: 110, 110, 
Epochs: 1000
Batch size: 64
Sample size: 1024
Logging frequency: 100
Model name: HJBLQ_parallel_
Number of processors: 128


Training:
slurmstepd: error: *** JOB 22934 ON kelvin-n001 CANCELLED AT 2021-11-22T03:14:00 ***


###############################################################################
TCHPC Cluster: kelvin
Job 22934 (BSDE_job_4_procs) for User 'zuoy' in Account 'hpc_21_01207'
Finished at: Mon Nov 22 03:14:00 GMT 2021

Job efficiency estimates:
=========================

Job ID: 22934
Cluster: kelvin
User/Group: zuoy/zuoy
State: CANCELLED (exit code 0)
Nodes: 11
Cores per node: 12
CPU Utilized: 00:00:00
CPU Efficiency: 0.00% of 1-12:57:36 core-walltime
Job Wall-clock time: 00:16:48
Memory Utilized: 0.00 MB (estimated maximum)
Memory Efficiency: 0.00% of 247.07 GB (22.46 GB/node)

Job completion status:
======================

       JobID    JobName AllocCPUS NTasks NNodes     MaxRSS    MaxRSSNode  MaxDiskRead MaxDiskWrite    Elapsed      State ExitCode 
------------ ---------- --------- ------ ------ ---------- ------------- ------------ ------------ ---------- ---------- -------- 
22934        BSDE_job_+       132            11                                                      00:16:48 CANCELLED+      0:0 
22934.batch       batch        12      1      1                                                      00:16:48  CANCELLED      0:0 
22934.0           orted       120     10     10                                                      00:16:47  CANCELLED      0:0 


Job details:
============

JobId=22934 JobName=BSDE_job_4_procs
   UserId=zuoy(1582) GroupId=zuoy(1252) MCS_label=N/A
   Priority=10576572 Nice=0 Account=hpc_21_01207 QOS=normal
   JobState=COMPLETING Reason=None Dependency=(null)
   Requeue=0 Restarts=0 BatchFlag=1 Reboot=0 ExitCode=0:0
   DerivedExitCode=0:0
   RunTime=00:16:48 TimeLimit=23:00:00 TimeMin=N/A
   SubmitTime=2021-11-22T00:25:36 EligibleTime=2021-11-22T00:25:36
   AccrueTime=2021-11-22T00:25:36
   StartTime=2021-11-22T02:57:12 EndTime=2021-11-22T03:14:00 Deadline=N/A
   SuspendTime=None SecsPreSuspend=0 LastSchedEval=2021-11-22T02:57:12
   Partition=compute AllocNode:Sid=kelvin01:12189
   ReqNodeList=(null) ExcNodeList=(null)
   NodeList=kelvin-n[001,013-015,018-020,035-037,039]
   BatchHost=kelvin-n001
   NumNodes=11 NumCPUs=132 NumTasks=128 CPUs/Task=1 ReqB:S:C:T=0:0:*:*
   TRES=cpu=132,mem=253000M,node=11,billing=132
   Socks/Node=* NtasksPerN:B:S:C=0:0:*:* CoreSpec=*
   JOB_GRES=(null)
     Nodes=kelvin-n[001,013-015,018-020,035-037,039] CPU_IDs=0-11 Mem=23000 GRES=
   MinCPUsNode=1 MinMemoryNode=23000M MinTmpDiskNode=0
   Features=(null) DelayBoot=00:00:00
   OverSubscribe=NO Contiguous=0 Licenses=(null) Network=(null)
   Command=/home/users/mschpc/2019/zuoy/HPC/NeuralNetwork/parallel/scripts/script_HJBLQ_d300_b64_n128.sh
   WorkDir=/home/users/mschpc/2019/zuoy/HPC/NeuralNetwork/parallel
   StdErr=/home/users/mschpc/2019/zuoy/HPC/NeuralNetwork/parallel/output/slurm-22934.out
   StdIn=/dev/null
   StdOut=/home/users/mschpc/2019/zuoy/HPC/NeuralNetwork/parallel/output/slurm-22934.out
   Power=
   NtasksPerTRES:0


Disk quota details:
===================

Quota Type           Name  Filesystem     Usage in MB     Limit in MB    % Used
-------------------------------------------------------------------------------
USER                 zuoy       /home             129          51,200     0.25%

GROUP              mschpc   /projects             999          51,200     1.95%
GROUP          pi-dgolden   /projects               0          51,200     0.00%


SLURM Bank Statement:
=====================

User           Usage |        Account     Usage | Account Limit Available (CPU hrs)
---------- --------- + -------------- --------- + ------------- ---------
zuoy          24,080 |   HPC_21_01207    24,080 |       100,000    75,920


Acknowledgements:
=================

Note that usage of TCHPC Resources *must* be acknowledged in all publications.

Please see this page for details relevant to this cluster:

http://www.tchpc.tcd.ie/resources/acknowledgementpolicy

################################################################################
