Parallel Mode: Ring-Allreduce
Dimension: 200
Total time: 1
Number of time intervals: 20
Learning rate: 0.01
y_init_range: 0, 1
Number of neurons in each hidden layer of each subnet: 110, 110, 
Epochs: 1000
Batch size: 64
Sample size: 1024
Logging frequency: 100
Model name: HJBLQ_parallel_
Number of processors: 128


Training:
Epoch:100
In training set, loss: 38.758, Y0: 5.13805

Epoch:200
In training set, loss: 23.8739, Y0: 5.18781

Epoch:300
In training set, loss: 17.43, Y0: 5.21457

Epoch:400
In training set, loss: 14.3432, Y0: 5.23043

Epoch:500
In training set, loss: 12.7333, Y0: 5.24033

Epoch:600
In training set, loss: 11.8326, Y0: 5.24677

Epoch:700
In training set, loss: 11.2976, Y0: 5.25108

Epoch:800
In training set, loss: 10.962, Y0: 5.25403

Epoch:900
In training set, loss: 10.74, Y0: 5.25611

Epoch:1000
In training set, loss: 10.585, Y0: 5.25758



###############################################################################
TCHPC Cluster: kelvin
Job 23709 (BSDE_job_4_procs) for User 'zuoy' in Account 'hpc_21_01207'
Finished at: Thu Nov 25 10:17:48 GMT 2021

Job efficiency estimates:
=========================

Job ID: 23709
Cluster: kelvin
User/Group: zuoy/zuoy
State: COMPLETED (exit code 0)
Nodes: 11
Cores per node: 12
CPU Utilized: 00:54:46
CPU Efficiency: 8.86% of 10:18:12 core-walltime
Job Wall-clock time: 00:04:41
Memory Utilized: 894.79 MB
Memory Efficiency: 0.35% of 247.07 GB

Job completion status:
======================

       JobID    JobName AllocCPUS NTasks NNodes     MaxRSS    MaxRSSNode  MaxDiskRead MaxDiskWrite    Elapsed      State ExitCode 
------------ ---------- --------- ------ ------ ---------- ------------- ------------ ------------ ---------- ---------- -------- 
23709        BSDE_job_+       132            11                                                      00:04:41  COMPLETED      0:0 
23709.batch       batch        12      1      1    916268K   kelvin-n030        0.86M        0.01M   00:04:41  COMPLETED      0:0 
23709.0           orted       120     10     10                                                      00:04:40  COMPLETED      0:0 


Job details:
============

JobId=23709 JobName=BSDE_job_4_procs
   UserId=zuoy(1582) GroupId=zuoy(1252) MCS_label=N/A
   Priority=11221000 Nice=0 Account=hpc_21_01207 QOS=normal
   JobState=COMPLETING Reason=None Dependency=(null)
   Requeue=0 Restarts=0 BatchFlag=1 Reboot=0 ExitCode=0:0
   DerivedExitCode=0:0
   RunTime=00:04:41 TimeLimit=23:00:00 TimeMin=N/A
   SubmitTime=2021-11-24T10:02:26 EligibleTime=2021-11-24T10:02:26
   AccrueTime=2021-11-24T10:02:26
   StartTime=2021-11-25T10:13:07 EndTime=2021-11-25T10:17:48 Deadline=N/A
   SuspendTime=None SecsPreSuspend=0 LastSchedEval=2021-11-25T10:13:07
   Partition=compute AllocNode:Sid=kelvin01:18898
   ReqNodeList=(null) ExcNodeList=(null)
   NodeList=kelvin-n[031-032,034-036,041-042,044,046,056]
   BatchHost=kelvin-n030
   NumNodes=10 NumCPUs=132 NumTasks=128 CPUs/Task=1 ReqB:S:C:T=0:0:*:*
   TRES=cpu=132,mem=253000M,node=11,billing=132
   Socks/Node=* NtasksPerN:B:S:C=0:0:*:* CoreSpec=*
   JOB_GRES=(null)
     Nodes=kelvin-n[030-032,034-036,041-042,044,046,056] CPU_IDs=0-11 Mem=23000 GRES=
   MinCPUsNode=1 MinMemoryNode=23000M MinTmpDiskNode=0
   Features=(null) DelayBoot=00:00:00
   OverSubscribe=NO Contiguous=0 Licenses=(null) Network=(null)
   Command=/home/users/mschpc/2019/zuoy/HPC/NeuralNetwork/parallel/scripts/script_HJBLQ_d200_b64_n128.sh
   WorkDir=/home/users/mschpc/2019/zuoy/HPC/NeuralNetwork/parallel
   StdErr=/home/users/mschpc/2019/zuoy/HPC/NeuralNetwork/parallel/output/slurm-23709.out
   StdIn=/dev/null
   StdOut=/home/users/mschpc/2019/zuoy/HPC/NeuralNetwork/parallel/output/slurm-23709.out
   Power=
   NtasksPerTRES:0


Disk quota details:
===================

Quota Type           Name  Filesystem     Usage in MB     Limit in MB    % Used
-------------------------------------------------------------------------------
USER                 zuoy       /home             142          51,200     0.28%

GROUP              mschpc   /projects             999          51,200     1.95%
GROUP          pi-dgolden   /projects               0          51,200     0.00%


SLURM Bank Statement:
=====================

User           Usage |        Account     Usage | Account Limit Available (CPU hrs)
---------- --------- + -------------- --------- + ------------- ---------
zuoy          28,103 |   HPC_21_01207    28,103 |       100,000    71,897


Acknowledgements:
=================

Note that usage of TCHPC Resources *must* be acknowledged in all publications.

Please see this page for details relevant to this cluster:

http://www.tchpc.tcd.ie/resources/acknowledgementpolicy

################################################################################
