Parallel Mode: Ring-Allreduce
Dimension: 400
Total time: 1
Number of time intervals: 40
Learning rate: 0.01
y_init_range: 40, 50
Number of neurons in each hidden layer of each subnet: 110, 110, 
Epochs: 1000
Batch size: 1
Sample size: 256
Logging frequency: 100
Model name: pricing_default_risk_parallel_
Number of processors: 16


Training:
Epoch:100
In training set, loss: 882.237, Y0: 51.03

Epoch:200
In training set, loss: 520.598, Y0: 51.1169

Epoch:300
In training set, loss: 355.342, Y0: 51.173

Epoch:400
In training set, loss: 262.413, Y0: 51.2108

Epoch:500
In training set, loss: 203.35, Y0: 51.2365

Epoch:600
In training set, loss: 162.685, Y0: 51.2545

Epoch:700
In training set, loss: 133.083, Y0: 51.2671

Epoch:800
In training set, loss: 110.616, Y0: 51.2758

Epoch:900
In training set, loss: 93.054, Y0: 51.2817

Epoch:1000
In training set, loss: 79.0378, Y0: 51.2855



###############################################################################
TCHPC Cluster: kelvin
Job 22066 (BSDE_job_4_procs) for User 'zuoy' in Account 'hpc_21_01207'
Finished at: Sat Nov 20 16:40:26 GMT 2021

Job efficiency estimates:
=========================

Job ID: 22066
Cluster: kelvin
User/Group: zuoy/zuoy
State: COMPLETED (exit code 0)
Nodes: 2
Cores per node: 12
CPU Utilized: 01:32:13
CPU Efficiency: 33.17% of 04:38:00 core-walltime
Job Wall-clock time: 00:11:35
Memory Utilized: 846.94 MB
Memory Efficiency: 1.84% of 44.92 GB

Job completion status:
======================

       JobID    JobName AllocCPUS NTasks NNodes     MaxRSS    MaxRSSNode  MaxDiskRead MaxDiskWrite    Elapsed      State ExitCode 
------------ ---------- --------- ------ ------ ---------- ------------- ------------ ------------ ---------- ---------- -------- 
22066        BSDE_job_+        24             2                                                      00:11:35  COMPLETED      0:0 
22066.batch       batch        12      1      1    867268K   kelvin-n076        0.86M        0.01M   00:11:35  COMPLETED      0:0 
22066.0           orted        12      1      1                                                      00:11:33  COMPLETED      0:0 


Job details:
============

JobId=22066 JobName=BSDE_job_4_procs
   UserId=zuoy(1582) GroupId=zuoy(1252) MCS_label=N/A
   Priority=11165206 Nice=0 Account=hpc_21_01207 QOS=normal
   JobState=COMPLETING Reason=None Dependency=(null)
   Requeue=0 Restarts=0 BatchFlag=1 Reboot=0 ExitCode=0:0
   DerivedExitCode=0:0
   RunTime=00:11:35 TimeLimit=23:00:00 TimeMin=N/A
   SubmitTime=2021-11-20T12:27:56 EligibleTime=2021-11-20T12:27:56
   AccrueTime=2021-11-20T12:27:56
   StartTime=2021-11-20T16:28:51 EndTime=2021-11-20T16:40:26 Deadline=N/A
   SuspendTime=None SecsPreSuspend=0 LastSchedEval=2021-11-20T16:28:51
   Partition=compute AllocNode:Sid=kelvin01:28782
   ReqNodeList=(null) ExcNodeList=(null)
   NodeList=kelvin-n079
   BatchHost=kelvin-n076
   NumNodes=1 NumCPUs=24 NumTasks=16 CPUs/Task=1 ReqB:S:C:T=0:0:*:*
   TRES=cpu=24,mem=46000M,node=2,billing=24
   Socks/Node=* NtasksPerN:B:S:C=0:0:*:* CoreSpec=*
   JOB_GRES=(null)
     Nodes=kelvin-n[076,079] CPU_IDs=0-11 Mem=23000 GRES=
   MinCPUsNode=1 MinMemoryNode=23000M MinTmpDiskNode=0
   Features=(null) DelayBoot=00:00:00
   OverSubscribe=NO Contiguous=0 Licenses=(null) Network=(null)
   Command=/home/users/mschpc/2019/zuoy/HPC/NeuralNetwork/parallel/scripts/script_PricingDefaultRisk_d400_b1_n16.sh
   WorkDir=/home/users/mschpc/2019/zuoy/HPC/NeuralNetwork/parallel
   StdErr=/home/users/mschpc/2019/zuoy/HPC/NeuralNetwork/parallel/output/slurm-22066.out
   StdIn=/dev/null
   StdOut=/home/users/mschpc/2019/zuoy/HPC/NeuralNetwork/parallel/output/slurm-22066.out
   Power=
   NtasksPerTRES:0


Disk quota details:
===================

Quota Type           Name  Filesystem     Usage in MB     Limit in MB    % Used
-------------------------------------------------------------------------------
USER                 zuoy       /home             114          51,200     0.22%

GROUP              mschpc   /projects             999          51,200     1.95%
GROUP          pi-dgolden   /projects               0          51,200     0.00%


SLURM Bank Statement:
=====================

User           Usage |        Account     Usage | Account Limit Available (CPU hrs)
---------- --------- + -------------- --------- + ------------- ---------
zuoy          13,673 |   HPC_21_01207    13,673 |       100,000    86,327


Acknowledgements:
=================

Note that usage of TCHPC Resources *must* be acknowledged in all publications.

Please see this page for details relevant to this cluster:

http://www.tchpc.tcd.ie/resources/acknowledgementpolicy

################################################################################
