Parallel Mode: Master-Slave
Dimension: 400
Total time: 1
Number of time intervals: 40
Learning rate: 0.01
y_init_range: 40, 50
Number of neurons in each hidden layer of each subnet: 110, 110, 
Epochs: 1000
Batch size: 64
Sample size: 256
Logging frequency: 100
Model name: pricing_default_risk_parallel_
Number of processors: 128


Training:
Epoch:100
In training set, loss: 18471.8, Y0: 40.3595

Epoch:200
In training set, loss: 17341.9, Y0: 40.7062

Epoch:300
In training set, loss: 16290.9, Y0: 41.041

Epoch:400
In training set, loss: 15312.1, Y0: 41.364

Epoch:500
In training set, loss: 14400.5, Y0: 41.6758

Epoch:600
In training set, loss: 13551.5, Y0: 41.9767

Epoch:700
In training set, loss: 12760.4, Y0: 42.2671

Epoch:800
In training set, loss: 12023.4, Y0: 42.5473

Epoch:900
In training set, loss: 11336.4, Y0: 42.8177

Epoch:1000
In training set, loss: 10696.4, Y0: 43.0788



###############################################################################
TCHPC Cluster: kelvin
Job 22989 (BSDE_job_4_procs) for User 'zuoy' in Account 'hpc_21_01207'
Finished at: Mon Nov 22 07:34:20 GMT 2021

Job efficiency estimates:
=========================

Job ID: 22989
Cluster: kelvin
User/Group: zuoy/zuoy
State: COMPLETED (exit code 0)
Nodes: 11
Cores per node: 12
CPU Utilized: 09:07:58
CPU Efficiency: 9.01% of 4-05:23:00 core-walltime
Job Wall-clock time: 00:46:05
Memory Utilized: 1.79 GB
Memory Efficiency: 0.73% of 247.07 GB

Job completion status:
======================

       JobID    JobName AllocCPUS NTasks NNodes     MaxRSS    MaxRSSNode  MaxDiskRead MaxDiskWrite    Elapsed      State ExitCode 
------------ ---------- --------- ------ ------ ---------- ------------- ------------ ------------ ---------- ---------- -------- 
22989        BSDE_job_+       132            11                                                      00:46:05  COMPLETED      0:0 
22989.batch       batch        12      1      1   1878348K   kelvin-n001        0.86M        0.01M   00:46:05  COMPLETED      0:0 
22989.0           orted       120     10     10                                                      00:46:04  COMPLETED      0:0 


Job details:
============

JobId=22989 JobName=BSDE_job_4_procs
   UserId=zuoy(1582) GroupId=zuoy(1252) MCS_label=N/A
   Priority=10631888 Nice=0 Account=hpc_21_01207 QOS=normal
   JobState=COMPLETING Reason=None Dependency=(null)
   Requeue=0 Restarts=0 BatchFlag=1 Reboot=0 ExitCode=0:0
   DerivedExitCode=0:0
   RunTime=00:46:05 TimeLimit=23:00:00 TimeMin=N/A
   SubmitTime=2021-11-22T02:25:05 EligibleTime=2021-11-22T02:25:05
   AccrueTime=2021-11-22T02:25:05
   StartTime=2021-11-22T06:48:15 EndTime=2021-11-22T07:34:20 Deadline=N/A
   SuspendTime=None SecsPreSuspend=0 LastSchedEval=2021-11-22T06:48:15
   Partition=compute AllocNode:Sid=kelvin01:12189
   ReqNodeList=(null) ExcNodeList=(null)
   NodeList=kelvin-n[008-011,013-015,018-020]
   BatchHost=kelvin-n001
   NumNodes=10 NumCPUs=132 NumTasks=128 CPUs/Task=1 ReqB:S:C:T=0:0:*:*
   TRES=cpu=132,mem=253000M,node=11,billing=132
   Socks/Node=* NtasksPerN:B:S:C=0:0:*:* CoreSpec=*
   JOB_GRES=(null)
     Nodes=kelvin-n[001,008-011,013-015,018-020] CPU_IDs=0-11 Mem=23000 GRES=
   MinCPUsNode=1 MinMemoryNode=23000M MinTmpDiskNode=0
   Features=(null) DelayBoot=00:00:00
   OverSubscribe=NO Contiguous=0 Licenses=(null) Network=(null)
   Command=/home/users/mschpc/2019/zuoy/HPC/NeuralNetwork/parallel/scripts/script_PricingDefaultRisk_d400_b64_n128.sh
   WorkDir=/home/users/mschpc/2019/zuoy/HPC/NeuralNetwork/parallel
   StdErr=/home/users/mschpc/2019/zuoy/HPC/NeuralNetwork/parallel/output/slurm-22989.out
   StdIn=/dev/null
   StdOut=/home/users/mschpc/2019/zuoy/HPC/NeuralNetwork/parallel/output/slurm-22989.out
   Power=
   NtasksPerTRES:0


Disk quota details:
===================

Quota Type           Name  Filesystem     Usage in MB     Limit in MB    % Used
-------------------------------------------------------------------------------
USER                 zuoy       /home             132          51,200     0.26%

GROUP              mschpc   /projects             999          51,200     1.95%
GROUP          pi-dgolden   /projects               0          51,200     0.00%


SLURM Bank Statement:
=====================

User           Usage |        Account     Usage | Account Limit Available (CPU hrs)
---------- --------- + -------------- --------- + ------------- ---------
zuoy          26,119 |   HPC_21_01207    26,119 |       100,000    73,881


Acknowledgements:
=================

Note that usage of TCHPC Resources *must* be acknowledged in all publications.

Please see this page for details relevant to this cluster:

http://www.tchpc.tcd.ie/resources/acknowledgementpolicy

################################################################################
