Parallel Mode: Ring-Allreduce
Dimension: 100
Total time: 0.25
Number of time intervals: 20
Learning rate: 0.0005
y_init_range: 0.25, 0.5
Number of neurons in each hidden layer of each subnet: 110, 110, 
Epochs: 4000
Batch size: 64
Sample size: 1024
Logging frequency: 100
Model name: AllenCahn_parallel_
Number of processors: 32


Training:
Epoch:100
In training set, loss: 19.5207, Y0: 0.246833

Epoch:200
In training set, loss: 19.1218, Y0: 0.243719

Epoch:300
In training set, loss: 18.7368, Y0: 0.240661

Epoch:400
In training set, loss: 18.3651, Y0: 0.237656

Epoch:500
In training set, loss: 18.0063, Y0: 0.234703

Epoch:600
In training set, loss: 17.6599, Y0: 0.231802

Epoch:700
In training set, loss: 17.3254, Y0: 0.228952

Epoch:800
In training set, loss: 17.0023, Y0: 0.226151

Epoch:900
In training set, loss: 16.6903, Y0: 0.223398

Epoch:1000
In training set, loss: 16.3888, Y0: 0.220692

Epoch:1100
In training set, loss: 16.0977, Y0: 0.218033

Epoch:1200
In training set, loss: 15.8164, Y0: 0.21542

Epoch:1300
In training set, loss: 15.5446, Y0: 0.212852

Epoch:1400
In training set, loss: 15.2819, Y0: 0.210327

Epoch:1500
In training set, loss: 15.028, Y0: 0.207845

Epoch:1600
In training set, loss: 14.7827, Y0: 0.205405

Epoch:1700
In training set, loss: 14.5456, Y0: 0.203007

Epoch:1800
In training set, loss: 14.3163, Y0: 0.200648

Epoch:1900
In training set, loss: 14.0947, Y0: 0.19833

Epoch:2000
In training set, loss: 13.8804, Y0: 0.19605

Epoch:2100
In training set, loss: 13.6733, Y0: 0.193809

Epoch:2200
In training set, loss: 13.473, Y0: 0.191605

Epoch:2300
In training set, loss: 13.2793, Y0: 0.189439

Epoch:2400
In training set, loss: 13.092, Y0: 0.187308

Epoch:2500
In training set, loss: 12.9108, Y0: 0.185213

Epoch:2600
In training set, loss: 12.7356, Y0: 0.183152

Epoch:2700
In training set, loss: 12.5661, Y0: 0.181126

Epoch:2800
In training set, loss: 12.4021, Y0: 0.179133

Epoch:2900
In training set, loss: 12.2435, Y0: 0.177174

Epoch:3000
In training set, loss: 12.0901, Y0: 0.175246

Epoch:3100
In training set, loss: 11.9416, Y0: 0.173351

Epoch:3200
In training set, loss: 11.798, Y0: 0.171486

Epoch:3300
In training set, loss: 11.659, Y0: 0.169653

Epoch:3400
In training set, loss: 11.5245, Y0: 0.167849

Epoch:3500
In training set, loss: 11.3944, Y0: 0.166075

Epoch:3600
In training set, loss: 11.2684, Y0: 0.16433

Epoch:3700
In training set, loss: 11.1465, Y0: 0.162613

Epoch:3800
In training set, loss: 11.0285, Y0: 0.160925

Epoch:3900
In training set, loss: 10.9143, Y0: 0.159263

Epoch:4000
In training set, loss: 10.8037, Y0: 0.157629



###############################################################################
TCHPC Cluster: kelvin
Job 22445 (BSDE_job_4_procs) for User 'zuoy' in Account 'hpc_21_01207'
Finished at: Sun Nov 21 06:03:49 GMT 2021

Job efficiency estimates:
=========================

Job ID: 22445
Cluster: kelvin
User/Group: zuoy/zuoy
State: COMPLETED (exit code 0)
Nodes: 3
Cores per node: 12
CPU Utilized: 02:34:30
CPU Efficiency: 30.37% of 08:28:48 core-walltime
Job Wall-clock time: 00:14:08
Memory Utilized: 586.93 MB
Memory Efficiency: 0.85% of 67.38 GB

Job completion status:
======================

       JobID    JobName AllocCPUS NTasks NNodes     MaxRSS    MaxRSSNode  MaxDiskRead MaxDiskWrite    Elapsed      State ExitCode 
------------ ---------- --------- ------ ------ ---------- ------------- ------------ ------------ ---------- ---------- -------- 
22445        BSDE_job_+        36             3                                                      00:14:08  COMPLETED      0:0 
22445.batch       batch        12      1      1    601012K   kelvin-n050        0.86M        0.01M   00:14:08  COMPLETED      0:0 
22445.0           orted        24      2      2                                                      00:14:07  COMPLETED      0:0 


Job details:
============

JobId=22445 JobName=BSDE_job_4_procs
   UserId=zuoy(1582) GroupId=zuoy(1252) MCS_label=N/A
   Priority=11069505 Nice=0 Account=hpc_21_01207 QOS=normal
   JobState=COMPLETING Reason=None Dependency=(null)
   Requeue=0 Restarts=0 BatchFlag=1 Reboot=0 ExitCode=0:0
   DerivedExitCode=0:0
   RunTime=00:14:08 TimeLimit=23:00:00 TimeMin=N/A
   SubmitTime=2021-11-21T03:11:17 EligibleTime=2021-11-21T03:11:17
   AccrueTime=2021-11-21T03:11:17
   StartTime=2021-11-21T05:49:41 EndTime=2021-11-21T06:03:49 Deadline=N/A
   SuspendTime=None SecsPreSuspend=0 LastSchedEval=2021-11-21T05:49:41
   Partition=compute AllocNode:Sid=kelvin01:16943
   ReqNodeList=(null) ExcNodeList=(null)
   NodeList=kelvin-n[051-052]
   BatchHost=kelvin-n050
   NumNodes=2 NumCPUs=36 NumTasks=32 CPUs/Task=1 ReqB:S:C:T=0:0:*:*
   TRES=cpu=36,mem=69000M,node=3,billing=36
   Socks/Node=* NtasksPerN:B:S:C=0:0:*:* CoreSpec=*
   JOB_GRES=(null)
     Nodes=kelvin-n[050-052] CPU_IDs=0-11 Mem=23000 GRES=
   MinCPUsNode=1 MinMemoryNode=23000M MinTmpDiskNode=0
   Features=(null) DelayBoot=00:00:00
   OverSubscribe=NO Contiguous=0 Licenses=(null) Network=(null)
   Command=/home/users/mschpc/2019/zuoy/HPC/NeuralNetwork/parallel/scripts/script_AllenCahn_d200_b64_n32.sh
   WorkDir=/home/users/mschpc/2019/zuoy/HPC/NeuralNetwork/parallel
   StdErr=/home/users/mschpc/2019/zuoy/HPC/NeuralNetwork/parallel/output/slurm-22445.out
   StdIn=/dev/null
   StdOut=/home/users/mschpc/2019/zuoy/HPC/NeuralNetwork/parallel/output/slurm-22445.out
   Power=
   NtasksPerTRES:0


Disk quota details:
===================

Quota Type           Name  Filesystem     Usage in MB     Limit in MB    % Used
-------------------------------------------------------------------------------
USER                 zuoy       /home             121          51,200     0.24%

GROUP              mschpc   /projects             999          51,200     1.95%
GROUP          pi-dgolden   /projects               0          51,200     0.00%


SLURM Bank Statement:
=====================

User           Usage |        Account     Usage | Account Limit Available (CPU hrs)
---------- --------- + -------------- --------- + ------------- ---------
zuoy          16,456 |   HPC_21_01207    16,456 |       100,000    83,544


Acknowledgements:
=================

Note that usage of TCHPC Resources *must* be acknowledged in all publications.

Please see this page for details relevant to this cluster:

http://www.tchpc.tcd.ie/resources/acknowledgementpolicy

################################################################################
