Parallel Mode: Ring-Allreduce
Dimension: 200
Total time: 1
Number of time intervals: 20
Learning rate: 0.01
y_init_range: 0, 1
Number of neurons in each hidden layer of each subnet: 110, 110, 
Epochs: 1000
Batch size: 64
Sample size: 1024
Logging frequency: 100
Model name: HJBLQ_parallel_
Number of processors: 16


Training:
Epoch:100
In training set, loss: 22.3036, Y0: 5.20655

Epoch:200
In training set, loss: 13.3377, Y0: 5.24368

Epoch:300
In training set, loss: 11.0587, Y0: 5.25763

Epoch:400
In training set, loss: 10.261, Y0: 5.264

Epoch:500
In training set, loss: 9.90049, Y0: 5.26728

Epoch:600
In training set, loss: 9.69502, Y0: 5.26912

Epoch:700
In training set, loss: 9.55132, Y0: 5.27021

Epoch:800
In training set, loss: 9.4344, Y0: 5.27089

Epoch:900
In training set, loss: 9.32999, Y0: 5.27132

Epoch:1000
In training set, loss: 9.23187, Y0: 5.27161



###############################################################################
TCHPC Cluster: kelvin
Job 23846 (BSDE_job_4_procs) for User 'zuoy' in Account 'hpc_21_01207'
Finished at: Thu Nov 25 11:34:32 GMT 2021

Job efficiency estimates:
=========================

Job ID: 23846
Cluster: kelvin
User/Group: zuoy/zuoy
State: COMPLETED (exit code 0)
Nodes: 2
Cores per node: 12
CPU Utilized: 00:45:48
CPU Efficiency: 33.00% of 02:18:48 core-walltime
Job Wall-clock time: 00:05:47
Memory Utilized: 593.38 MB
Memory Efficiency: 1.29% of 44.92 GB

Job completion status:
======================

       JobID    JobName AllocCPUS NTasks NNodes     MaxRSS    MaxRSSNode  MaxDiskRead MaxDiskWrite    Elapsed      State ExitCode 
------------ ---------- --------- ------ ------ ---------- ------------- ------------ ------------ ---------- ---------- -------- 
23846        BSDE_job_+        24             2                                                      00:05:47  COMPLETED      0:0 
23846.batch       batch        12      1      1    607616K   kelvin-n044        0.86M        0.01M   00:05:47  COMPLETED      0:0 
23846.0           orted        12      1      1                                                      00:05:45  COMPLETED      0:0 


Job details:
============

JobId=23846 JobName=BSDE_job_4_procs
   UserId=zuoy(1582) GroupId=zuoy(1252) MCS_label=N/A
   Priority=10873188 Nice=0 Account=hpc_21_01207 QOS=normal
   JobState=COMPLETING Reason=None Dependency=(null)
   Requeue=0 Restarts=0 BatchFlag=1 Reboot=0 ExitCode=0:0
   DerivedExitCode=0:0
   RunTime=00:05:47 TimeLimit=23:00:00 TimeMin=N/A
   SubmitTime=2021-11-24T22:47:57 EligibleTime=2021-11-24T22:47:57
   AccrueTime=2021-11-24T22:47:57
   StartTime=2021-11-25T11:28:45 EndTime=2021-11-25T11:34:32 Deadline=N/A
   SuspendTime=None SecsPreSuspend=0 LastSchedEval=2021-11-25T11:28:45
   Partition=compute AllocNode:Sid=kelvin01:6560
   ReqNodeList=(null) ExcNodeList=(null)
   NodeList=kelvin-n056
   BatchHost=kelvin-n044
   NumNodes=1 NumCPUs=24 NumTasks=16 CPUs/Task=1 ReqB:S:C:T=0:0:*:*
   TRES=cpu=24,mem=46000M,node=2,billing=24
   Socks/Node=* NtasksPerN:B:S:C=0:0:*:* CoreSpec=*
   JOB_GRES=(null)
     Nodes=kelvin-n[044,056] CPU_IDs=0-11 Mem=23000 GRES=
   MinCPUsNode=1 MinMemoryNode=23000M MinTmpDiskNode=0
   Features=(null) DelayBoot=00:00:00
   OverSubscribe=NO Contiguous=0 Licenses=(null) Network=(null)
   Command=/home/users/mschpc/2019/zuoy/HPC/NeuralNetwork/parallel/scripts/script_HJBLQ_d200_b64_n16.sh
   WorkDir=/home/users/mschpc/2019/zuoy/HPC/NeuralNetwork/parallel
   StdErr=/home/users/mschpc/2019/zuoy/HPC/NeuralNetwork/parallel/output/slurm-23846.out
   StdIn=/dev/null
   StdOut=/home/users/mschpc/2019/zuoy/HPC/NeuralNetwork/parallel/output/slurm-23846.out
   Power=
   NtasksPerTRES:0


Disk quota details:
===================

Quota Type           Name  Filesystem     Usage in MB     Limit in MB    % Used
-------------------------------------------------------------------------------
USER                 zuoy       /home             143          51,200     0.28%

GROUP              mschpc   /projects             999          51,200     1.95%
GROUP          pi-dgolden   /projects               0          51,200     0.00%


SLURM Bank Statement:
=====================

User           Usage |        Account     Usage | Account Limit Available (CPU hrs)
---------- --------- + -------------- --------- + ------------- ---------
zuoy          28,245 |   HPC_21_01207    28,245 |       100,000    71,755


Acknowledgements:
=================

Note that usage of TCHPC Resources *must* be acknowledged in all publications.

Please see this page for details relevant to this cluster:

http://www.tchpc.tcd.ie/resources/acknowledgementpolicy

################################################################################
