Parallel Mode: Ring-Allreduce
Dimension: 100
Total time: 0.2
Number of time intervals: 20
Learning rate: 0.0005
y_init_range: 0.2, 0.5
Number of neurons in each hidden layer of each subnet: 110, 110, 
Epochs: 4000
Batch size: 1
Sample size: 1024
Logging frequency: 100
Model name: AllenCahn_parallel_
Number of processors: 32


Training:
Epoch:100
In training set, loss: 6.84418, Y0: 0.113672

Epoch:200
In training set, loss: 6.23467, Y0: 0.0854056

Epoch:300
In training set, loss: 6.13285, Y0: 0.0760187

Epoch:400
In training set, loss: 6.08782, Y0: 0.0728988

Epoch:500
In training set, loss: 6.0499, Y0: 0.0718694

Epoch:600
In training set, loss: 6.01355, Y0: 0.0715381

Epoch:700
In training set, loss: 5.97815, Y0: 0.0714401

Epoch:800
In training set, loss: 5.94361, Y0: 0.07142

Epoch:900
In training set, loss: 5.90988, Y0: 0.0714259

Epoch:1000
In training set, loss: 5.87697, Y0: 0.0714402

Epoch:1100
In training set, loss: 5.84483, Y0: 0.0714573

Epoch:1200
In training set, loss: 5.81346, Y0: 0.0714751

Epoch:1300
In training set, loss: 5.78282, Y0: 0.0714932

Epoch:1400
In training set, loss: 5.75291, Y0: 0.071511

Epoch:1500
In training set, loss: 5.72371, Y0: 0.0715288

Epoch:1600
In training set, loss: 5.69518, Y0: 0.0715463

Epoch:1700
In training set, loss: 5.66733, Y0: 0.0715637

Epoch:1800
In training set, loss: 5.64012, Y0: 0.0715809

Epoch:1900
In training set, loss: 5.61355, Y0: 0.0715979

Epoch:2000
In training set, loss: 5.58759, Y0: 0.0716149

Epoch:2100
In training set, loss: 5.56224, Y0: 0.0716315

Epoch:2200
In training set, loss: 5.53747, Y0: 0.0716481

Epoch:2300
In training set, loss: 5.51327, Y0: 0.0716645

Epoch:2400
In training set, loss: 5.48963, Y0: 0.0716808

Epoch:2500
In training set, loss: 5.46652, Y0: 0.0716968

Epoch:2600
In training set, loss: 5.44395, Y0: 0.0717126

Epoch:2700
In training set, loss: 5.42188, Y0: 0.0717284

Epoch:2800
In training set, loss: 5.40032, Y0: 0.071744

Epoch:2900
In training set, loss: 5.37925, Y0: 0.0717595

Epoch:3000
In training set, loss: 5.35865, Y0: 0.0717747

Epoch:3100
In training set, loss: 5.33851, Y0: 0.0717898

Epoch:3200
In training set, loss: 5.31883, Y0: 0.071805

Epoch:3300
In training set, loss: 5.29959, Y0: 0.0718198

Epoch:3400
In training set, loss: 5.28077, Y0: 0.0718346

Epoch:3500
In training set, loss: 5.26238, Y0: 0.0718492

Epoch:3600
In training set, loss: 5.24439, Y0: 0.0718636

Epoch:3700
In training set, loss: 5.2268, Y0: 0.0718779

Epoch:3800
In training set, loss: 5.2096, Y0: 0.0718921

Epoch:3900
In training set, loss: 5.19278, Y0: 0.0719062

Epoch:4000
In training set, loss: 5.17633, Y0: 0.0719202



###############################################################################
TCHPC Cluster: kelvin
Job 22464 (BSDE_job_4_procs) for User 'zuoy' in Account 'hpc_21_01207'
Finished at: Sun Nov 21 07:37:31 GMT 2021

Job efficiency estimates:
=========================

Job ID: 22464
Cluster: kelvin
User/Group: zuoy/zuoy
State: COMPLETED (exit code 0)
Nodes: 3
Cores per node: 12
CPU Utilized: 03:35:56
CPU Efficiency: 30.47% of 11:48:36 core-walltime
Job Wall-clock time: 00:19:41
Memory Utilized: 586.99 MB
Memory Efficiency: 0.85% of 67.38 GB

Job completion status:
======================

       JobID    JobName AllocCPUS NTasks NNodes     MaxRSS    MaxRSSNode  MaxDiskRead MaxDiskWrite    Elapsed      State ExitCode 
------------ ---------- --------- ------ ------ ---------- ------------- ------------ ------------ ---------- ---------- -------- 
22464        BSDE_job_+        36             3                                                      00:19:41  COMPLETED      0:0 
22464.batch       batch        12      1      1    601076K   kelvin-n050        0.86M        0.01M   00:19:41  COMPLETED      0:0 
22464.0           orted        24      2      2                                                      00:19:40  COMPLETED      0:0 


Job details:
============

JobId=22464 JobName=BSDE_job_4_procs
   UserId=zuoy(1582) GroupId=zuoy(1252) MCS_label=N/A
   Priority=11088255 Nice=0 Account=hpc_21_01207 QOS=normal
   JobState=COMPLETING Reason=None Dependency=(null)
   Requeue=0 Restarts=0 BatchFlag=1 Reboot=0 ExitCode=0:0
   DerivedExitCode=0:0
   RunTime=00:19:41 TimeLimit=23:30:00 TimeMin=N/A
   SubmitTime=2021-11-21T04:02:29 EligibleTime=2021-11-21T04:02:29
   AccrueTime=2021-11-21T04:02:29
   StartTime=2021-11-21T07:17:50 EndTime=2021-11-21T07:37:31 Deadline=N/A
   SuspendTime=None SecsPreSuspend=0 LastSchedEval=2021-11-21T07:17:50
   Partition=compute AllocNode:Sid=kelvin01:15042
   ReqNodeList=(null) ExcNodeList=(null)
   NodeList=kelvin-n[051-052]
   BatchHost=kelvin-n050
   NumNodes=2 NumCPUs=36 NumTasks=32 CPUs/Task=1 ReqB:S:C:T=0:0:*:*
   TRES=cpu=36,mem=69000M,node=3,billing=36
   Socks/Node=* NtasksPerN:B:S:C=0:0:*:* CoreSpec=*
   JOB_GRES=(null)
     Nodes=kelvin-n[050-052] CPU_IDs=0-11 Mem=23000 GRES=
   MinCPUsNode=1 MinMemoryNode=23000M MinTmpDiskNode=0
   Features=(null) DelayBoot=00:00:00
   OverSubscribe=NO Contiguous=0 Licenses=(null) Network=(null)
   Command=/home/users/mschpc/2019/zuoy/HPC/NeuralNetwork/parallel/scripts/script_AllenCahn_d300_b1_n32.sh
   WorkDir=/home/users/mschpc/2019/zuoy/HPC/NeuralNetwork/parallel
   StdErr=/home/users/mschpc/2019/zuoy/HPC/NeuralNetwork/parallel/output/slurm-22464.out
   StdIn=/dev/null
   StdOut=/home/users/mschpc/2019/zuoy/HPC/NeuralNetwork/parallel/output/slurm-22464.out
   Power=
   NtasksPerTRES:0


Disk quota details:
===================

Quota Type           Name  Filesystem     Usage in MB     Limit in MB    % Used
-------------------------------------------------------------------------------
USER                 zuoy       /home             123          51,200     0.24%

GROUP              mschpc   /projects             999          51,200     1.95%
GROUP          pi-dgolden   /projects               0          51,200     0.00%


SLURM Bank Statement:
=====================

User           Usage |        Account     Usage | Account Limit Available (CPU hrs)
---------- --------- + -------------- --------- + ------------- ---------
zuoy          16,984 |   HPC_21_01207    16,984 |       100,000    83,016


Acknowledgements:
=================

Note that usage of TCHPC Resources *must* be acknowledged in all publications.

Please see this page for details relevant to this cluster:

http://www.tchpc.tcd.ie/resources/acknowledgementpolicy

################################################################################
