Parallel Mode: Ring-Allreduce
Dimension: 100
Total time: 0.25
Number of time intervals: 20
Learning rate: 0.0005
y_init_range: 0.25, 0.5
Number of neurons in each hidden layer of each subnet: 110, 110, 
Epochs: 4000
Batch size: 1
Sample size: 1024
Logging frequency: 100
Model name: AllenCahn_parallel_
Number of processors: 32


Training:
Epoch:100
In training set, loss: 8.01627, Y0: 0.13419

Epoch:200
In training set, loss: 6.77235, Y0: 0.0930724

Epoch:300
In training set, loss: 6.56075, Y0: 0.078074

Epoch:400
In training set, loss: 6.48753, Y0: 0.072576

Epoch:500
In training set, loss: 6.43423, Y0: 0.070565

Epoch:600
In training set, loss: 6.38483, Y0: 0.0698373

Epoch:700
In training set, loss: 6.3371, Y0: 0.0695822

Epoch:800
In training set, loss: 6.29072, Y0: 0.0695012

Epoch:900
In training set, loss: 6.24561, Y0: 0.0694838

Epoch:1000
In training set, loss: 6.20172, Y0: 0.0694897

Epoch:1100
In training set, loss: 6.15901, Y0: 0.0695039

Epoch:1200
In training set, loss: 6.11746, Y0: 0.0695209

Epoch:1300
In training set, loss: 6.07702, Y0: 0.0695385

Epoch:1400
In training set, loss: 6.03766, Y0: 0.0695561

Epoch:1500
In training set, loss: 5.99936, Y0: 0.0695735

Epoch:1600
In training set, loss: 5.96207, Y0: 0.0695904

Epoch:1700
In training set, loss: 5.92577, Y0: 0.0696069

Epoch:1800
In training set, loss: 5.89043, Y0: 0.0696231

Epoch:1900
In training set, loss: 5.85602, Y0: 0.0696389

Epoch:2000
In training set, loss: 5.82251, Y0: 0.0696542

Epoch:2100
In training set, loss: 5.78989, Y0: 0.0696692

Epoch:2200
In training set, loss: 5.75811, Y0: 0.0696838

Epoch:2300
In training set, loss: 5.72717, Y0: 0.069698

Epoch:2400
In training set, loss: 5.69702, Y0: 0.0697119

Epoch:2500
In training set, loss: 5.66766, Y0: 0.0697254

Epoch:2600
In training set, loss: 5.63905, Y0: 0.0697387

Epoch:2700
In training set, loss: 5.61118, Y0: 0.0697516

Epoch:2800
In training set, loss: 5.58403, Y0: 0.0697641

Epoch:2900
In training set, loss: 5.55757, Y0: 0.0697765

Epoch:3000
In training set, loss: 5.53178, Y0: 0.0697883

Epoch:3100
In training set, loss: 5.50665, Y0: 0.0698001

Epoch:3200
In training set, loss: 5.48216, Y0: 0.0698115

Epoch:3300
In training set, loss: 5.45828, Y0: 0.0698226

Epoch:3400
In training set, loss: 5.435, Y0: 0.0698336

Epoch:3500
In training set, loss: 5.41231, Y0: 0.0698441

Epoch:3600
In training set, loss: 5.39019, Y0: 0.0698545

Epoch:3700
In training set, loss: 5.36862, Y0: 0.0698646

Epoch:3800
In training set, loss: 5.34759, Y0: 0.0698744

Epoch:3900
In training set, loss: 5.32707, Y0: 0.069884

Epoch:4000
In training set, loss: 5.30706, Y0: 0.0698935



###############################################################################
TCHPC Cluster: kelvin
Job 22388 (BSDE_job_4_procs) for User 'zuoy' in Account 'hpc_21_01207'
Finished at: Sun Nov 21 04:30:04 GMT 2021

Job efficiency estimates:
=========================

Job ID: 22388
Cluster: kelvin
User/Group: zuoy/zuoy
State: COMPLETED (exit code 0)
Nodes: 3
Cores per node: 12
CPU Utilized: 03:29:29
CPU Efficiency: 30.39% of 11:29:24 core-walltime
Job Wall-clock time: 00:19:09
Memory Utilized: 583.01 MB
Memory Efficiency: 0.84% of 67.38 GB

Job completion status:
======================

       JobID    JobName AllocCPUS NTasks NNodes     MaxRSS    MaxRSSNode  MaxDiskRead MaxDiskWrite    Elapsed      State ExitCode 
------------ ---------- --------- ------ ------ ---------- ------------- ------------ ------------ ---------- ---------- -------- 
22388        BSDE_job_+        36             3                                                      00:19:09  COMPLETED      0:0 
22388.batch       batch        12      1      1    597004K   kelvin-n010        0.86M        0.01M   00:19:09  COMPLETED      0:0 
22388.0           orted        24      2      2                                                      00:19:08  COMPLETED      0:0 


Job details:
============

JobId=22388 JobName=BSDE_job_4_procs
   UserId=zuoy(1582) GroupId=zuoy(1252) MCS_label=N/A
   Priority=11051623 Nice=0 Account=hpc_21_01207 QOS=normal
   JobState=COMPLETING Reason=None Dependency=(null)
   Requeue=0 Restarts=0 BatchFlag=1 Reboot=0 ExitCode=0:0
   DerivedExitCode=0:0
   RunTime=00:19:09 TimeLimit=23:00:00 TimeMin=N/A
   SubmitTime=2021-11-21T02:09:20 EligibleTime=2021-11-21T02:09:20
   AccrueTime=2021-11-21T02:09:20
   StartTime=2021-11-21T04:10:55 EndTime=2021-11-21T04:30:04 Deadline=N/A
   SuspendTime=None SecsPreSuspend=0 LastSchedEval=2021-11-21T04:10:55
   Partition=compute AllocNode:Sid=kelvin01:32460
   ReqNodeList=(null) ExcNodeList=(null)
   NodeList=kelvin-n[011-012]
   BatchHost=kelvin-n010
   NumNodes=2 NumCPUs=36 NumTasks=32 CPUs/Task=1 ReqB:S:C:T=0:0:*:*
   TRES=cpu=36,mem=69000M,node=3,billing=36
   Socks/Node=* NtasksPerN:B:S:C=0:0:*:* CoreSpec=*
   JOB_GRES=(null)
     Nodes=kelvin-n[010-012] CPU_IDs=0-11 Mem=23000 GRES=
   MinCPUsNode=1 MinMemoryNode=23000M MinTmpDiskNode=0
   Features=(null) DelayBoot=00:00:00
   OverSubscribe=NO Contiguous=0 Licenses=(null) Network=(null)
   Command=/home/users/mschpc/2019/zuoy/HPC/NeuralNetwork/parallel/scripts/script_AllenCahn_d200_b1_n32.sh
   WorkDir=/home/users/mschpc/2019/zuoy/HPC/NeuralNetwork/parallel
   StdErr=/home/users/mschpc/2019/zuoy/HPC/NeuralNetwork/parallel/output/slurm-22388.out
   StdIn=/dev/null
   StdOut=/home/users/mschpc/2019/zuoy/HPC/NeuralNetwork/parallel/output/slurm-22388.out
   Power=
   NtasksPerTRES:0


Disk quota details:
===================

Quota Type           Name  Filesystem     Usage in MB     Limit in MB    % Used
-------------------------------------------------------------------------------
USER                 zuoy       /home             123          51,200     0.24%

GROUP              mschpc   /projects             999          51,200     1.95%
GROUP          pi-dgolden   /projects               0          51,200     0.00%


SLURM Bank Statement:
=====================

User           Usage |        Account     Usage | Account Limit Available (CPU hrs)
---------- --------- + -------------- --------- + ------------- ---------
zuoy          16,015 |   HPC_21_01207    16,015 |       100,000    83,985


Acknowledgements:
=================

Note that usage of TCHPC Resources *must* be acknowledged in all publications.

Please see this page for details relevant to this cluster:

http://www.tchpc.tcd.ie/resources/acknowledgementpolicy

################################################################################
