Parallel Mode: Master-Slave
Dimension: 300
Total time: 1
Number of time intervals: 40
Learning rate: 0.01
y_init_range: 40, 50
Number of neurons in each hidden layer of each subnet: 110, 110, 
Epochs: 1000
Batch size: 1
Sample size: 256
Logging frequency: 100
Model name: pricing_default_risk_parallel_
Number of processors: 16


Training:
Epoch:100
In training set, loss: 1275.23, Y0: 51.7923

Epoch:200
In training set, loss: 830.611, Y0: 51.931

Epoch:300
In training set, loss: 616.349, Y0: 52.0353

Epoch:400
In training set, loss: 492.067, Y0: 52.1137

Epoch:500
In training set, loss: 410.974, Y0: 52.1734

Epoch:600
In training set, loss: 353.773, Y0: 52.2195

Epoch:700
In training set, loss: 310.914, Y0: 52.2551

Epoch:800
In training set, loss: 277.301, Y0: 52.2831

Epoch:900
In training set, loss: 250.056, Y0: 52.3052

Epoch:1000
In training set, loss: 227.488, Y0: 52.3225



###############################################################################
TCHPC Cluster: kelvin
Job 23076 (BSDE_job_4_procs) for User 'zuoy' in Account 'hpc_21_01207'
Finished at: Mon Nov 22 13:40:24 GMT 2021

Job efficiency estimates:
=========================

Job ID: 23076
Cluster: kelvin
User/Group: zuoy/zuoy
State: COMPLETED (exit code 0)
Nodes: 2
Cores per node: 12
CPU Utilized: 01:26:22
CPU Efficiency: 33.01% of 04:21:36 core-walltime
Job Wall-clock time: 00:10:54
Memory Utilized: 738.92 MB
Memory Efficiency: 1.61% of 44.92 GB

Job completion status:
======================

       JobID    JobName AllocCPUS NTasks NNodes     MaxRSS    MaxRSSNode  MaxDiskRead MaxDiskWrite    Elapsed      State ExitCode 
------------ ---------- --------- ------ ------ ---------- ------------- ------------ ------------ ---------- ---------- -------- 
23076        BSDE_job_+        24             2                                                      00:10:54  COMPLETED      0:0 
23076.batch       batch        12      1      1    756656K   kelvin-n069        0.86M        0.01M   00:10:54  COMPLETED      0:0 
23076.0           orted        12      1      1                                                      00:10:52  COMPLETED      0:0 


Job details:
============

JobId=23076 JobName=BSDE_job_4_procs
   UserId=zuoy(1582) GroupId=zuoy(1252) MCS_label=N/A
   Priority=10558819 Nice=0 Account=hpc_21_01207 QOS=normal
   JobState=COMPLETING Reason=None Dependency=(null)
   Requeue=0 Restarts=0 BatchFlag=1 Reboot=0 ExitCode=0:0
   DerivedExitCode=0:0
   RunTime=00:10:54 TimeLimit=23:00:00 TimeMin=N/A
   SubmitTime=2021-11-22T11:22:43 EligibleTime=2021-11-22T11:22:43
   AccrueTime=2021-11-22T11:22:43
   StartTime=2021-11-22T13:29:30 EndTime=2021-11-22T13:40:24 Deadline=N/A
   SuspendTime=None SecsPreSuspend=0 LastSchedEval=2021-11-22T13:29:30
   Partition=compute AllocNode:Sid=kelvin01:10133
   ReqNodeList=(null) ExcNodeList=(null)
   NodeList=kelvin-n070
   BatchHost=kelvin-n069
   NumNodes=1 NumCPUs=24 NumTasks=16 CPUs/Task=1 ReqB:S:C:T=0:0:*:*
   TRES=cpu=24,mem=46000M,node=2,billing=24
   Socks/Node=* NtasksPerN:B:S:C=0:0:*:* CoreSpec=*
   JOB_GRES=(null)
     Nodes=kelvin-n[069-070] CPU_IDs=0-11 Mem=23000 GRES=
   MinCPUsNode=1 MinMemoryNode=23000M MinTmpDiskNode=0
   Features=(null) DelayBoot=00:00:00
   OverSubscribe=NO Contiguous=0 Licenses=(null) Network=(null)
   Command=/home/users/mschpc/2019/zuoy/HPC/NeuralNetwork/parallel/scripts/script_PricingDefaultRisk_d300_b1_n16.sh
   WorkDir=/home/users/mschpc/2019/zuoy/HPC/NeuralNetwork/parallel
   StdErr=/home/users/mschpc/2019/zuoy/HPC/NeuralNetwork/parallel/output/slurm-23076.out
   StdIn=/dev/null
   StdOut=/home/users/mschpc/2019/zuoy/HPC/NeuralNetwork/parallel/output/slurm-23076.out
   Power=
   NtasksPerTRES:0


Disk quota details:
===================

Quota Type           Name  Filesystem     Usage in MB     Limit in MB    % Used
-------------------------------------------------------------------------------
USER                 zuoy       /home             136          51,200     0.27%

GROUP              mschpc   /projects             999          51,200     1.95%
GROUP          pi-dgolden   /projects               0          51,200     0.00%


SLURM Bank Statement:
=====================

User           Usage |        Account     Usage | Account Limit Available (CPU hrs)
---------- --------- + -------------- --------- + ------------- ---------
zuoy          28,265 |   HPC_21_01207    28,265 |       100,000    71,735


Acknowledgements:
=================

Note that usage of TCHPC Resources *must* be acknowledged in all publications.

Please see this page for details relevant to this cluster:

http://www.tchpc.tcd.ie/resources/acknowledgementpolicy

################################################################################
