Parallel Mode: Ring-Allreduce
Dimension: 200
Total time: 1
Number of time intervals: 20
Learning rate: 0.01
y_init_range: 0, 1
Number of neurons in each hidden layer of each subnet: 110, 110, 
Epochs: 1000
Batch size: 64
Sample size: 1024
Logging frequency: 100
Model name: HJBLQ_parallel_
Number of processors: 64


Training:
Epoch:100
In training set, loss: 8491.75, Y0: 1.1557

Epoch:200
In training set, loss: 5112.87, Y0: 2.05121

Epoch:300
In training set, loss: 3083.08, Y0: 2.74459

Epoch:400
In training set, loss: 1866.33, Y0: 3.28115

Epoch:500
In training set, loss: 1138.2, Y0: 3.69621

Epoch:600
In training set, loss: 702.983, Y0: 4.01726

Epoch:700
In training set, loss: 442.969, Y0: 4.26564

Epoch:800
In training set, loss: 287.586, Y0: 4.45787

Epoch:900
In training set, loss: 194.599, Y0: 4.60674

Epoch:1000
In training set, loss: 138.774, Y0: 4.72216



###############################################################################
TCHPC Cluster: kelvin
Job 22040 (BSDE_job_4_procs) for User 'zuoy' in Account 'hpc_21_01207'
Finished at: Sat Nov 20 11:00:04 GMT 2021

Job efficiency estimates:
=========================

Job ID: 22040
Cluster: kelvin
User/Group: zuoy/zuoy
State: COMPLETED (exit code 0)
Nodes: 6
Cores per node: 12
CPU Utilized: 00:56:55
CPU Efficiency: 15.06% of 06:18:00 core-walltime
Job Wall-clock time: 00:05:15
Memory Utilized: 817.68 MB
Memory Efficiency: 0.59% of 134.77 GB

Job completion status:
======================

       JobID    JobName AllocCPUS NTasks NNodes     MaxRSS    MaxRSSNode  MaxDiskRead MaxDiskWrite    Elapsed      State ExitCode 
------------ ---------- --------- ------ ------ ---------- ------------- ------------ ------------ ---------- ---------- -------- 
22040        BSDE_job_+        72             6                                                      00:05:15  COMPLETED      0:0 
22040.batch       batch        12      1      1    837308K   kelvin-n075        0.86M        0.01M   00:05:15  COMPLETED      0:0 
22040.0           orted        60      5      5                                                      00:05:14  COMPLETED      0:0 


Job details:
============

JobId=22040 JobName=BSDE_job_4_procs
   UserId=zuoy(1582) GroupId=zuoy(1252) MCS_label=N/A
   Priority=11093609 Nice=0 Account=hpc_21_01207 QOS=normal
   JobState=COMPLETING Reason=None Dependency=(null)
   Requeue=0 Restarts=0 BatchFlag=1 Reboot=0 ExitCode=0:0
   DerivedExitCode=0:0
   RunTime=00:05:15 TimeLimit=23:00:00 TimeMin=N/A
   SubmitTime=2021-11-20T09:22:01 EligibleTime=2021-11-20T09:22:01
   AccrueTime=2021-11-20T09:22:01
   StartTime=2021-11-20T10:54:49 EndTime=2021-11-20T11:00:04 Deadline=N/A
   SuspendTime=None SecsPreSuspend=0 LastSchedEval=2021-11-20T10:54:49
   Partition=compute AllocNode:Sid=kelvin01:23606
   ReqNodeList=(null) ExcNodeList=(null)
   NodeList=kelvin-n[076,079,082,089-090]
   BatchHost=kelvin-n075
   NumNodes=5 NumCPUs=72 NumTasks=64 CPUs/Task=1 ReqB:S:C:T=0:0:*:*
   TRES=cpu=72,mem=138000M,node=6,billing=72
   Socks/Node=* NtasksPerN:B:S:C=0:0:*:* CoreSpec=*
   JOB_GRES=(null)
     Nodes=kelvin-n[075-076,079,082,089-090] CPU_IDs=0-11 Mem=23000 GRES=
   MinCPUsNode=1 MinMemoryNode=23000M MinTmpDiskNode=0
   Features=(null) DelayBoot=00:00:00
   OverSubscribe=NO Contiguous=0 Licenses=(null) Network=(null)
   Command=/home/users/mschpc/2019/zuoy/HPC/NeuralNetwork/parallel/scripts/script_HJBLQ_d200_b64_n64.sh
   WorkDir=/home/users/mschpc/2019/zuoy/HPC/NeuralNetwork/parallel
   StdErr=/home/users/mschpc/2019/zuoy/HPC/NeuralNetwork/parallel/output/slurm-22040.out
   StdIn=/dev/null
   StdOut=/home/users/mschpc/2019/zuoy/HPC/NeuralNetwork/parallel/output/slurm-22040.out
   Power=
   NtasksPerTRES:0


Disk quota details:
===================

Quota Type           Name  Filesystem     Usage in MB     Limit in MB    % Used
-------------------------------------------------------------------------------
USER                 zuoy       /home             112          51,200     0.22%

GROUP              mschpc   /projects             999          51,200     1.95%
GROUP          pi-dgolden   /projects               0          51,200     0.00%


SLURM Bank Statement:
=====================

User           Usage |        Account     Usage | Account Limit Available (CPU hrs)
---------- --------- + -------------- --------- + ------------- ---------
zuoy          12,816 |   HPC_21_01207    12,816 |       100,000    87,184


Acknowledgements:
=================

Note that usage of TCHPC Resources *must* be acknowledged in all publications.

Please see this page for details relevant to this cluster:

http://www.tchpc.tcd.ie/resources/acknowledgementpolicy

################################################################################
