Parallel Mode: Master-Slave
Dimension: 100
Total time: 1
Number of time intervals: 40
Learning rate: 0.01
y_init_range: 40, 50
Number of neurons in each hidden layer of each subnet: 110, 110, 
Epochs: 1000
Batch size: 1
Sample size: 256
Logging frequency: 100
Model name: pricing_default_risk_parallel_
Number of processors: 64


Training:
Epoch:100
In training set, loss: 2484.65, Y0: 57.3289

Epoch:200
In training set, loss: 2285.01, Y0: 57.7697

Epoch:300
In training set, loss: 2140.66, Y0: 57.7908

Epoch:400
In training set, loss: 2020.55, Y0: 57.8006

Epoch:500
In training set, loss: 1919.09, Y0: 57.8098

Epoch:600
In training set, loss: 1831.8, Y0: 57.8187

Epoch:700
In training set, loss: 1756.11, Y0: 57.8271

Epoch:800
In training set, loss: 1689.54, Y0: 57.8349

Epoch:900
In training set, loss: 1630.16, Y0: 57.8426

Epoch:1000
In training set, loss: 1576.81, Y0: 57.8498



###############################################################################
TCHPC Cluster: kelvin
Job 21146 (BSDE_job_4_procs) for User 'zuoy' in Account 'hpc_21_01207'
Finished at: Thu Nov 18 01:46:54 GMT 2021

Job efficiency estimates:
=========================

Job ID: 21146
Cluster: kelvin
User/Group: zuoy/zuoy
State: COMPLETED (exit code 0)
Nodes: 6
Cores per node: 12
CPU Utilized: 02:25:47
CPU Efficiency: 15.17% of 16:01:12 core-walltime
Job Wall-clock time: 00:13:21
Memory Utilized: 734.71 MB
Memory Efficiency: 0.53% of 134.77 GB

Job completion status:
======================

       JobID    JobName AllocCPUS NTasks NNodes     MaxRSS    MaxRSSNode  MaxDiskRead MaxDiskWrite    Elapsed      State ExitCode 
------------ ---------- --------- ------ ------ ---------- ------------- ------------ ------------ ---------- ---------- -------- 
21146        BSDE_job_+        72             6                                                      00:13:21  COMPLETED      0:0 
21146.batch       batch        12      1      1    752344K   kelvin-n030        0.87M        0.01M   00:13:21  COMPLETED      0:0 
21146.0           orted        60      5      5                                                      00:13:20  COMPLETED      0:0 


Job details:
============

JobId=21146 JobName=BSDE_job_4_procs
   UserId=zuoy(1582) GroupId=zuoy(1252) MCS_label=N/A
   Priority=11873081 Nice=0 Account=hpc_21_01207 QOS=normal
   JobState=COMPLETING Reason=None Dependency=(null)
   Requeue=0 Restarts=0 BatchFlag=1 Reboot=0 ExitCode=0:0
   DerivedExitCode=0:0
   RunTime=00:13:21 TimeLimit=23:00:00 TimeMin=N/A
   SubmitTime=2021-11-17T21:49:36 EligibleTime=2021-11-17T21:49:36
   AccrueTime=2021-11-17T21:49:36
   StartTime=2021-11-18T01:33:33 EndTime=2021-11-18T01:46:54 Deadline=N/A
   SuspendTime=None SecsPreSuspend=0 LastSchedEval=2021-11-18T01:33:33
   Partition=compute AllocNode:Sid=kelvin01:6170
   ReqNodeList=(null) ExcNodeList=(null)
   NodeList=kelvin-n[036-038,040-041]
   BatchHost=kelvin-n030
   NumNodes=5 NumCPUs=72 NumTasks=64 CPUs/Task=1 ReqB:S:C:T=0:0:*:*
   TRES=cpu=72,mem=138000M,node=6,billing=72
   Socks/Node=* NtasksPerN:B:S:C=0:0:*:* CoreSpec=*
   JOB_GRES=(null)
     Nodes=kelvin-n[030,036-038,040-041] CPU_IDs=0-11 Mem=23000 GRES=
   MinCPUsNode=1 MinMemoryNode=23000M MinTmpDiskNode=0
   Features=(null) DelayBoot=00:00:00
   OverSubscribe=NO Contiguous=0 Licenses=(null) Network=(null)
   Command=/home/users/mschpc/2019/zuoy/HPC/NeuralNetwork/parallel/scripts/script_PricingDefaultRisk_d100_b1_n64.sh
   WorkDir=/home/users/mschpc/2019/zuoy/HPC/NeuralNetwork/parallel
   StdErr=/home/users/mschpc/2019/zuoy/HPC/NeuralNetwork/parallel/output/slurm-21146.out
   StdIn=/dev/null
   StdOut=/home/users/mschpc/2019/zuoy/HPC/NeuralNetwork/parallel/output/slurm-21146.out
   Power=
   NtasksPerTRES:0


Disk quota details:
===================

Quota Type           Name  Filesystem     Usage in MB     Limit in MB    % Used
-------------------------------------------------------------------------------
USER                 zuoy       /home             101          51,200     0.20%

GROUP              mschpc   /projects             999          51,200     1.95%
GROUP          pi-dgolden   /projects               0          51,200     0.00%


SLURM Bank Statement:
=====================

User           Usage |        Account     Usage | Account Limit Available (CPU hrs)
---------- --------- + -------------- --------- + ------------- ---------
zuoy           7,253 |   HPC_21_01207     7,253 |       100,000    92,747


Acknowledgements:
=================

Note that usage of TCHPC Resources *must* be acknowledged in all publications.

Please see this page for details relevant to this cluster:

http://www.tchpc.tcd.ie/resources/acknowledgementpolicy

################################################################################
