Parallel Mode: Ring-Allreduce
Dimension: 200
Total time: 1
Number of time intervals: 40
Learning rate: 0.01
y_init_range: 40, 50
Number of neurons in each hidden layer of each subnet: 110, 110, 
Epochs: 1000
Batch size: 64
Sample size: 256
Logging frequency: 100
Model name: pricing_default_risk_parallel_
Number of processors: 4


Training:
Epoch:100
In training set, loss: 2329.14, Y0: 53.3147

Epoch:200
In training set, loss: 2091.7, Y0: 53.6325

Epoch:300
In training set, loss: 1913.9, Y0: 53.6619

Epoch:400
In training set, loss: 1770.75, Y0: 53.6813

Epoch:500
In training set, loss: 1652.73, Y0: 53.6981

Epoch:600
In training set, loss: 1553.82, Y0: 53.7128

Epoch:700
In training set, loss: 1469.88, Y0: 53.7259

Epoch:800
In training set, loss: 1397.42, Y0: 53.7375

Epoch:900
In training set, loss: 1334.34, Y0: 53.748

Epoch:1000
In training set, loss: 1278.8, Y0: 53.7575



###############################################################################
TCHPC Cluster: kelvin
Job 24104 (BSDE_job_4_procs) for User 'zuoy' in Account 'hpc_21_01207'
Finished at: Thu Nov 25 15:22:30 GMT 2021

Job efficiency estimates:
=========================

Job ID: 24104
Cluster: kelvin
User/Group: zuoy/zuoy
State: COMPLETED (exit code 0)
Nodes: 1
Cores per node: 12
CPU Utilized: 00:50:43
CPU Efficiency: 33.28% of 02:32:24 core-walltime
Job Wall-clock time: 00:12:42
Memory Utilized: 278.20 MB
Memory Efficiency: 1.21% of 22.46 GB

Job completion status:
======================

       JobID    JobName AllocCPUS NTasks NNodes     MaxRSS    MaxRSSNode  MaxDiskRead MaxDiskWrite    Elapsed      State ExitCode 
------------ ---------- --------- ------ ------ ---------- ------------- ------------ ------------ ---------- ---------- -------- 
24104        BSDE_job_+        12             1                                                      00:12:42  COMPLETED      0:0 
24104.batch       batch        12      1      1    284876K   kelvin-n019        0.86M        0.01M   00:12:42  COMPLETED      0:0 


Job details:
============

JobId=24104 JobName=BSDE_job_4_procs
   UserId=zuoy(1582) GroupId=zuoy(1252) MCS_label=N/A
   Priority=10499741 Nice=0 Account=hpc_21_01207 QOS=normal
   JobState=COMPLETING Reason=None Dependency=(null)
   Requeue=0 Restarts=0 BatchFlag=1 Reboot=0 ExitCode=0:0
   DerivedExitCode=0:0
   RunTime=00:12:42 TimeLimit=23:00:00 TimeMin=N/A
   SubmitTime=2021-11-25T15:00:38 EligibleTime=2021-11-25T15:00:38
   AccrueTime=2021-11-25T15:00:38
   StartTime=2021-11-25T15:09:48 EndTime=2021-11-25T15:22:30 Deadline=N/A
   SuspendTime=None SecsPreSuspend=0 LastSchedEval=2021-11-25T15:09:48
   Partition=compute AllocNode:Sid=kelvin01:17031
   ReqNodeList=(null) ExcNodeList=(null)
   NodeList=
   BatchHost=kelvin-n019
   NumNodes=1 NumCPUs=12 NumTasks=4 CPUs/Task=1 ReqB:S:C:T=0:0:*:*
   TRES=cpu=12,mem=23000M,node=1,billing=12
   Socks/Node=* NtasksPerN:B:S:C=0:0:*:* CoreSpec=*
   JOB_GRES=(null)
     Nodes=kelvin-n019 CPU_IDs=0-11 Mem=23000 GRES=
   MinCPUsNode=1 MinMemoryNode=23000M MinTmpDiskNode=0
   Features=(null) DelayBoot=00:00:00
   OverSubscribe=NO Contiguous=0 Licenses=(null) Network=(null)
   Command=/home/users/mschpc/2019/zuoy/HPC/NeuralNetwork/parallel/scripts/script_PricingDefaultRisk_d200_b64_n4.sh
   WorkDir=/home/users/mschpc/2019/zuoy/HPC/NeuralNetwork/parallel
   StdErr=/home/users/mschpc/2019/zuoy/HPC/NeuralNetwork/parallel/output/slurm-24104.out
   StdIn=/dev/null
   StdOut=/home/users/mschpc/2019/zuoy/HPC/NeuralNetwork/parallel/output/slurm-24104.out
   Power=
   NtasksPerTRES:0


Disk quota details:
===================

Quota Type           Name  Filesystem     Usage in MB     Limit in MB    % Used
-------------------------------------------------------------------------------
USER                 zuoy       /home             145          51,200     0.28%

GROUP              mschpc   /projects             999          51,200     1.95%
GROUP          pi-dgolden   /projects               0          51,200     0.00%


SLURM Bank Statement:
=====================

User           Usage |        Account     Usage | Account Limit Available (CPU hrs)
---------- --------- + -------------- --------- + ------------- ---------
zuoy          28,666 |   HPC_21_01207    28,666 |       100,000    71,334


Acknowledgements:
=================

Note that usage of TCHPC Resources *must* be acknowledged in all publications.

Please see this page for details relevant to this cluster:

http://www.tchpc.tcd.ie/resources/acknowledgementpolicy

################################################################################
