Parallel Mode: Master-Slave
Dimension: 200
Total time: 1
Number of time intervals: 40
Learning rate: 0.01
y_init_range: 40, 50
Number of neurons in each hidden layer of each subnet: 110, 110, 
Epochs: 1000
Batch size: 64
Sample size: 256
Logging frequency: 100
Model name: pricing_default_risk_parallel_
Number of processors: 4


Training:
Epoch:100
In training set, loss: 5130.7, Y0: 48.4083

Epoch:200
In training set, loss: 2636.12, Y0: 51.4257

Epoch:300
In training set, loss: 2204.91, Y0: 52.6011

Epoch:400
In training set, loss: 2076.11, Y0: 53.0675

Epoch:500
In training set, loss: 1998.37, Y0: 53.2572

Epoch:600
In training set, loss: 1932.75, Y0: 53.3383

Epoch:700
In training set, loss: 1873.26, Y0: 53.3766

Epoch:800
In training set, loss: 1818.2, Y0: 53.3979

Epoch:900
In training set, loss: 1767.18, Y0: 53.4123

Epoch:1000
In training set, loss: 1719.75, Y0: 53.4238



###############################################################################
TCHPC Cluster: kelvin
Job 22523 (BSDE_job_4_procs) for User 'zuoy' in Account 'hpc_21_01207'
Finished at: Sun Nov 21 13:26:01 GMT 2021

Job efficiency estimates:
=========================

Job ID: 22523
Cluster: kelvin
User/Group: zuoy/zuoy
State: COMPLETED (exit code 0)
Nodes: 1
Cores per node: 12
CPU Utilized: 00:51:15
CPU Efficiency: 33.24% of 02:34:12 core-walltime
Job Wall-clock time: 00:12:51
Memory Utilized: 278.47 MB
Memory Efficiency: 1.21% of 22.46 GB

Job completion status:
======================

       JobID    JobName AllocCPUS NTasks NNodes     MaxRSS    MaxRSSNode  MaxDiskRead MaxDiskWrite    Elapsed      State ExitCode 
------------ ---------- --------- ------ ------ ---------- ------------- ------------ ------------ ---------- ---------- -------- 
22523        BSDE_job_+        12             1                                                      00:12:51  COMPLETED      0:0 
22523.batch       batch        12      1      1    285156K   kelvin-n090        0.86M        0.01M   00:12:51  COMPLETED      0:0 


Job details:
============

JobId=22523 JobName=BSDE_job_4_procs
   UserId=zuoy(1582) GroupId=zuoy(1252) MCS_label=N/A
   Priority=11066865 Nice=0 Account=hpc_21_01207 QOS=normal
   JobState=COMPLETING Reason=None Dependency=(null)
   Requeue=0 Restarts=0 BatchFlag=1 Reboot=0 ExitCode=0:0
   DerivedExitCode=0:0
   RunTime=00:12:51 TimeLimit=23:00:00 TimeMin=N/A
   SubmitTime=2021-11-21T10:38:14 EligibleTime=2021-11-21T10:38:14
   AccrueTime=2021-11-21T10:38:14
   StartTime=2021-11-21T13:13:10 EndTime=2021-11-21T13:26:01 Deadline=N/A
   SuspendTime=None SecsPreSuspend=0 LastSchedEval=2021-11-21T13:13:10
   Partition=compute AllocNode:Sid=kelvin01:12117
   ReqNodeList=(null) ExcNodeList=(null)
   NodeList=
   BatchHost=kelvin-n090
   NumNodes=1 NumCPUs=12 NumTasks=4 CPUs/Task=1 ReqB:S:C:T=0:0:*:*
   TRES=cpu=12,mem=23000M,node=1,billing=12
   Socks/Node=* NtasksPerN:B:S:C=0:0:*:* CoreSpec=*
   JOB_GRES=(null)
     Nodes=kelvin-n090 CPU_IDs=0-11 Mem=23000 GRES=
   MinCPUsNode=1 MinMemoryNode=23000M MinTmpDiskNode=0
   Features=(null) DelayBoot=00:00:00
   OverSubscribe=NO Contiguous=0 Licenses=(null) Network=(null)
   Command=/home/users/mschpc/2019/zuoy/HPC/NeuralNetwork/parallel/scripts/script_PricingDefaultRisk_d200_b64_n4.sh
   WorkDir=/home/users/mschpc/2019/zuoy/HPC/NeuralNetwork/parallel
   StdErr=/home/users/mschpc/2019/zuoy/HPC/NeuralNetwork/parallel/output/slurm-22523.out
   StdIn=/dev/null
   StdOut=/home/users/mschpc/2019/zuoy/HPC/NeuralNetwork/parallel/output/slurm-22523.out
   Power=
   NtasksPerTRES:0


Disk quota details:
===================

Quota Type           Name  Filesystem     Usage in MB     Limit in MB    % Used
-------------------------------------------------------------------------------
USER                 zuoy       /home             125          51,200     0.25%

GROUP              mschpc   /projects             999          51,200     1.95%
GROUP          pi-dgolden   /projects               0          51,200     0.00%


SLURM Bank Statement:
=====================

User           Usage |        Account     Usage | Account Limit Available (CPU hrs)
---------- --------- + -------------- --------- + ------------- ---------
zuoy          18,317 |   HPC_21_01207    18,317 |       100,000    81,683


Acknowledgements:
=================

Note that usage of TCHPC Resources *must* be acknowledged in all publications.

Please see this page for details relevant to this cluster:

http://www.tchpc.tcd.ie/resources/acknowledgementpolicy

################################################################################
