Parallel Mode: Ring-Allreduce
Dimension: 100
Total time: 1
Number of time intervals: 20
Learning rate: 0.01
y_init_range: 0, 1
Number of neurons in each hidden layer of each subnet: 110, 110, 
Epochs: 1000
Batch size: 64
Sample size: 1024
Logging frequency: 100
Model name: HJBLQ_parallel_
Number of processors: 32


Training:
Epoch:100
In training set, loss: 3873.61, Y0: 1.77394

Epoch:200
In training set, loss: 1440.53, Y0: 2.84316

Epoch:300
In training set, loss: 557.989, Y0: 3.48715

Epoch:400
In training set, loss: 238.255, Y0: 3.8751

Epoch:500
In training set, loss: 122.122, Y0: 4.10911

Epoch:600
In training set, loss: 79.5186, Y0: 4.25061

Epoch:700
In training set, loss: 63.4643, Y0: 4.33656

Epoch:800
In training set, loss: 57.0188, Y0: 4.3891

Epoch:900
In training set, loss: 54.0716, Y0: 4.42157

Epoch:1000
In training set, loss: 52.4206, Y0: 4.44194



###############################################################################
TCHPC Cluster: kelvin
Job 22226 (BSDE_job_4_procs) for User 'zuoy' in Account 'hpc_21_01207'
Finished at: Sat Nov 20 23:20:58 GMT 2021

Job efficiency estimates:
=========================

Job ID: 22226
Cluster: kelvin
User/Group: zuoy/zuoy
State: RUNNING
Nodes: 3
Cores per node: 12
CPU Utilized: 00:38:32
CPU Efficiency: 30.01% of 02:08:24 core-walltime
Job Wall-clock time: 00:03:34
Memory Utilized: 582.87 MB
Memory Efficiency: 0.84% of 67.38 GB
WARNING: Efficiency statistics may be misleading for RUNNING jobs.

Job completion status:
======================

       JobID    JobName AllocCPUS NTasks NNodes     MaxRSS    MaxRSSNode  MaxDiskRead MaxDiskWrite    Elapsed      State ExitCode 
------------ ---------- --------- ------ ------ ---------- ------------- ------------ ------------ ---------- ---------- -------- 
22226        BSDE_job_+        36             3                                                      00:03:34  COMPLETED      0:0 
22226.batch       batch        12      1      1    596856K   kelvin-n092        0.86M        0.01M   00:03:34  COMPLETED      0:0 
22226.0           orted        24      2      2                                                      00:03:33  COMPLETED      0:0 


Job details:
============

JobId=22226 JobName=BSDE_job_4_procs
   UserId=zuoy(1582) GroupId=zuoy(1252) MCS_label=N/A
   Priority=11234586 Nice=0 Account=hpc_21_01207 QOS=normal
   JobState=COMPLETING Reason=None Dependency=(null)
   Requeue=0 Restarts=0 BatchFlag=1 Reboot=0 ExitCode=0:0
   DerivedExitCode=0:0
   RunTime=00:03:34 TimeLimit=23:00:00 TimeMin=N/A
   SubmitTime=2021-11-20T16:57:15 EligibleTime=2021-11-20T16:57:15
   AccrueTime=2021-11-20T16:57:15
   StartTime=2021-11-20T23:17:24 EndTime=2021-11-20T23:20:58 Deadline=N/A
   SuspendTime=None SecsPreSuspend=0 LastSchedEval=2021-11-20T23:17:24
   Partition=compute AllocNode:Sid=kelvin01:32460
   ReqNodeList=(null) ExcNodeList=(null)
   NodeList=kelvin-n[093,096]
   BatchHost=kelvin-n092
   NumNodes=2 NumCPUs=36 NumTasks=32 CPUs/Task=1 ReqB:S:C:T=0:0:*:*
   TRES=cpu=36,mem=69000M,node=3,billing=36
   Socks/Node=* NtasksPerN:B:S:C=0:0:*:* CoreSpec=*
   JOB_GRES=(null)
     Nodes=kelvin-n[092-093,096] CPU_IDs=0-11 Mem=23000 GRES=
   MinCPUsNode=1 MinMemoryNode=23000M MinTmpDiskNode=0
   Features=(null) DelayBoot=00:00:00
   OverSubscribe=NO Contiguous=0 Licenses=(null) Network=(null)
   Command=/home/users/mschpc/2019/zuoy/HPC/NeuralNetwork/parallel/scripts/script_HJBLQ_d100_b64_n32.sh
   WorkDir=/home/users/mschpc/2019/zuoy/HPC/NeuralNetwork/parallel
   StdErr=/home/users/mschpc/2019/zuoy/HPC/NeuralNetwork/parallel/output/slurm-22226.out
   StdIn=/dev/null
   StdOut=/home/users/mschpc/2019/zuoy/HPC/NeuralNetwork/parallel/output/slurm-22226.out
   Power=
   NtasksPerTRES:0


Disk quota details:
===================

Quota Type           Name  Filesystem     Usage in MB     Limit in MB    % Used
-------------------------------------------------------------------------------
USER                 zuoy       /home             117          51,200     0.23%

GROUP              mschpc   /projects             999          51,200     1.95%
GROUP          pi-dgolden   /projects               0          51,200     0.00%


SLURM Bank Statement:
=====================

User           Usage |        Account     Usage | Account Limit Available (CPU hrs)
---------- --------- + -------------- --------- + ------------- ---------
zuoy          14,734 |   HPC_21_01207    14,734 |       100,000    85,266


Acknowledgements:
=================

Note that usage of TCHPC Resources *must* be acknowledged in all publications.

Please see this page for details relevant to this cluster:

http://www.tchpc.tcd.ie/resources/acknowledgementpolicy

################################################################################
