Parallel Mode: Ring-Allreduce
Dimension: 100
Total time: 0.3
Number of time intervals: 20
Learning rate: 0.0005
y_init_range: 0.3, 0.5
Number of neurons in each hidden layer of each subnet: 110, 110, 
Epochs: 4000
Batch size: 64
Sample size: 1024
Logging frequency: 100
Model name: AllenCahn_parallel_
Number of processors: 64


Training:
Epoch:100
In training set, loss: 26.8523, Y0: 0.29806

Epoch:200
In training set, loss: 26.5477, Y0: 0.296136

Epoch:300
In training set, loss: 26.2485, Y0: 0.294229

Epoch:400
In training set, loss: 25.9546, Y0: 0.292339

Epoch:500
In training set, loss: 25.6659, Y0: 0.290466

Epoch:600
In training set, loss: 25.3823, Y0: 0.28861

Epoch:700
In training set, loss: 25.1037, Y0: 0.28677

Epoch:800
In training set, loss: 24.8299, Y0: 0.284946

Epoch:900
In training set, loss: 24.5609, Y0: 0.283138

Epoch:1000
In training set, loss: 24.2967, Y0: 0.281346

Epoch:1100
In training set, loss: 24.0369, Y0: 0.279569

Epoch:1200
In training set, loss: 23.7816, Y0: 0.277808

Epoch:1300
In training set, loss: 23.5308, Y0: 0.276063

Epoch:1400
In training set, loss: 23.2844, Y0: 0.274333

Epoch:1500
In training set, loss: 23.042, Y0: 0.272616

Epoch:1600
In training set, loss: 22.8039, Y0: 0.270916

Epoch:1700
In training set, loss: 22.57, Y0: 0.269231

Epoch:1800
In training set, loss: 22.3399, Y0: 0.267559

Epoch:1900
In training set, loss: 22.1137, Y0: 0.265902

Epoch:2000
In training set, loss: 21.8914, Y0: 0.264259

Epoch:2100
In training set, loss: 21.6729, Y0: 0.26263

Epoch:2200
In training set, loss: 21.4579, Y0: 0.261014

Epoch:2300
In training set, loss: 21.2466, Y0: 0.259412

Epoch:2400
In training set, loss: 21.039, Y0: 0.257824

Epoch:2500
In training set, loss: 20.8347, Y0: 0.25625

Epoch:2600
In training set, loss: 20.6339, Y0: 0.254688

Epoch:2700
In training set, loss: 20.4364, Y0: 0.253139

Epoch:2800
In training set, loss: 20.2423, Y0: 0.251605

Epoch:2900
In training set, loss: 20.0512, Y0: 0.250082

Epoch:3000
In training set, loss: 19.8634, Y0: 0.248571

Epoch:3100
In training set, loss: 19.6786, Y0: 0.247074

Epoch:3200
In training set, loss: 19.497, Y0: 0.245589

Epoch:3300
In training set, loss: 19.3183, Y0: 0.244117

Epoch:3400
In training set, loss: 19.1426, Y0: 0.242656

Epoch:3500
In training set, loss: 18.9697, Y0: 0.241208

Epoch:3600
In training set, loss: 18.8, Y0: 0.239773

Epoch:3700
In training set, loss: 18.6326, Y0: 0.238348

Epoch:3800
In training set, loss: 18.4681, Y0: 0.236935

Epoch:3900
In training set, loss: 18.3062, Y0: 0.235533

Epoch:4000
In training set, loss: 18.147, Y0: 0.234144



###############################################################################
TCHPC Cluster: kelvin
Job 22408 (BSDE_job_4_procs) for User 'zuoy' in Account 'hpc_21_01207'
Finished at: Sun Nov 21 03:58:31 GMT 2021

Job efficiency estimates:
=========================

Job ID: 22408
Cluster: kelvin
User/Group: zuoy/zuoy
State: COMPLETED (exit code 0)
Nodes: 6
Cores per node: 12
CPU Utilized: 02:42:59
CPU Efficiency: 15.16% of 17:55:12 core-walltime
Job Wall-clock time: 00:14:56
Memory Utilized: 585.93 MB
Memory Efficiency: 0.42% of 134.77 GB

Job completion status:
======================

       JobID    JobName AllocCPUS NTasks NNodes     MaxRSS    MaxRSSNode  MaxDiskRead MaxDiskWrite    Elapsed      State ExitCode 
------------ ---------- --------- ------ ------ ---------- ------------- ------------ ------------ ---------- ---------- -------- 
22408        BSDE_job_+        72             6                                                      00:14:56  COMPLETED      0:0 
22408.batch       batch        12      1      1    599988K   kelvin-n020        0.86M        0.01M   00:14:56  COMPLETED      0:0 
22408.0           orted        60      5      5                                                      00:14:55  COMPLETED      0:0 


Job details:
============

JobId=22408 JobName=BSDE_job_4_procs
   UserId=zuoy(1582) GroupId=zuoy(1252) MCS_label=N/A
   Priority=11039499 Nice=0 Account=hpc_21_01207 QOS=normal
   JobState=COMPLETING Reason=None Dependency=(null)
   Requeue=0 Restarts=0 BatchFlag=1 Reboot=0 ExitCode=0:0
   DerivedExitCode=0:0
   RunTime=00:14:56 TimeLimit=23:00:00 TimeMin=N/A
   SubmitTime=2021-11-21T02:09:20 EligibleTime=2021-11-21T02:09:20
   AccrueTime=2021-11-21T02:09:20
   StartTime=2021-11-21T03:43:35 EndTime=2021-11-21T03:58:31 Deadline=N/A
   SuspendTime=None SecsPreSuspend=0 LastSchedEval=2021-11-21T03:43:35
   Partition=compute AllocNode:Sid=kelvin01:32460
   ReqNodeList=(null) ExcNodeList=(null)
   NodeList=kelvin-n[022-024,058-059]
   BatchHost=kelvin-n020
   NumNodes=5 NumCPUs=72 NumTasks=64 CPUs/Task=1 ReqB:S:C:T=0:0:*:*
   TRES=cpu=72,mem=138000M,node=6,billing=72
   Socks/Node=* NtasksPerN:B:S:C=0:0:*:* CoreSpec=*
   JOB_GRES=(null)
     Nodes=kelvin-n[020,022-024,058-059] CPU_IDs=0-11 Mem=23000 GRES=
   MinCPUsNode=1 MinMemoryNode=23000M MinTmpDiskNode=0
   Features=(null) DelayBoot=00:00:00
   OverSubscribe=NO Contiguous=0 Licenses=(null) Network=(null)
   Command=/home/users/mschpc/2019/zuoy/HPC/NeuralNetwork/parallel/scripts/script_AllenCahn_d100_b64_n64.sh
   WorkDir=/home/users/mschpc/2019/zuoy/HPC/NeuralNetwork/parallel
   StdErr=/home/users/mschpc/2019/zuoy/HPC/NeuralNetwork/parallel/output/slurm-22408.out
   StdIn=/dev/null
   StdOut=/home/users/mschpc/2019/zuoy/HPC/NeuralNetwork/parallel/output/slurm-22408.out
   Power=
   NtasksPerTRES:0


Disk quota details:
===================

Quota Type           Name  Filesystem     Usage in MB     Limit in MB    % Used
-------------------------------------------------------------------------------
USER                 zuoy       /home             119          51,200     0.23%

GROUP              mschpc   /projects             999          51,200     1.95%
GROUP          pi-dgolden   /projects               0          51,200     0.00%


SLURM Bank Statement:
=====================

User           Usage |        Account     Usage | Account Limit Available (CPU hrs)
---------- --------- + -------------- --------- + ------------- ---------
zuoy          15,805 |   HPC_21_01207    15,805 |       100,000    84,195


Acknowledgements:
=================

Note that usage of TCHPC Resources *must* be acknowledged in all publications.

Please see this page for details relevant to this cluster:

http://www.tchpc.tcd.ie/resources/acknowledgementpolicy

################################################################################
