Parallel Mode: Master-Slave
Dimension: 100
Total time: 1
Number of time intervals: 40
Learning rate: 0.01
y_init_range: 40, 50
Number of neurons in each hidden layer of each subnet: 110, 110, 
Epochs: 1000
Batch size: 1
Sample size: 256
Logging frequency: 100
Model name: pricing_default_risk_parallel_
Number of processors: 16


Training:
Epoch:100
In training set, loss: 3087.33, Y0: 55.9221

Epoch:200
In training set, loss: 2617.09, Y0: 55.9333

Epoch:300
In training set, loss: 2318.26, Y0: 55.9417

Epoch:400
In training set, loss: 2099.47, Y0: 55.949

Epoch:500
In training set, loss: 1924.39, Y0: 55.9554

Epoch:600
In training set, loss: 1776.31, Y0: 55.9613

Epoch:700
In training set, loss: 1646.55, Y0: 55.9667

Epoch:800
In training set, loss: 1529.81, Y0: 55.9715

Epoch:900
In training set, loss: 1424.09, Y0: 55.9764

Epoch:1000
In training set, loss: 1326.47, Y0: 55.9806



###############################################################################
TCHPC Cluster: kelvin
Job 23074 (BSDE_job_4_procs) for User 'zuoy' in Account 'hpc_21_01207'
Finished at: Mon Nov 22 13:35:25 GMT 2021

Job efficiency estimates:
=========================

Job ID: 23074
Cluster: kelvin
User/Group: zuoy/zuoy
State: COMPLETED (exit code 0)
Nodes: 2
Cores per node: 12
CPU Utilized: 00:46:35
CPU Efficiency: 32.81% of 02:22:00 core-walltime
Job Wall-clock time: 00:05:55
Memory Utilized: 420.55 MB
Memory Efficiency: 0.91% of 44.92 GB

Job completion status:
======================

       JobID    JobName AllocCPUS NTasks NNodes     MaxRSS    MaxRSSNode  MaxDiskRead MaxDiskWrite    Elapsed      State ExitCode 
------------ ---------- --------- ------ ------ ---------- ------------- ------------ ------------ ---------- ---------- -------- 
23074        BSDE_job_+        24             2                                                      00:05:55  COMPLETED      0:0 
23074.batch       batch        12      1      1    430648K   kelvin-n090        0.86M        0.01M   00:05:55  COMPLETED      0:0 
23074.0           orted        12      1      1                                                      00:05:53  COMPLETED      0:0 


Job details:
============

JobId=23074 JobName=BSDE_job_4_procs
   UserId=zuoy(1582) GroupId=zuoy(1252) MCS_label=N/A
   Priority=10558819 Nice=0 Account=hpc_21_01207 QOS=normal
   JobState=COMPLETING Reason=None Dependency=(null)
   Requeue=0 Restarts=0 BatchFlag=1 Reboot=0 ExitCode=0:0
   DerivedExitCode=0:0
   RunTime=00:05:55 TimeLimit=23:00:00 TimeMin=N/A
   SubmitTime=2021-11-22T11:22:43 EligibleTime=2021-11-22T11:22:43
   AccrueTime=2021-11-22T11:22:43
   StartTime=2021-11-22T13:29:30 EndTime=2021-11-22T13:35:25 Deadline=N/A
   SuspendTime=None SecsPreSuspend=0 LastSchedEval=2021-11-22T13:29:30
   Partition=compute AllocNode:Sid=kelvin01:10133
   ReqNodeList=(null) ExcNodeList=(null)
   NodeList=kelvin-n093
   BatchHost=kelvin-n090
   NumNodes=1 NumCPUs=24 NumTasks=16 CPUs/Task=1 ReqB:S:C:T=0:0:*:*
   TRES=cpu=24,mem=46000M,node=2,billing=24
   Socks/Node=* NtasksPerN:B:S:C=0:0:*:* CoreSpec=*
   JOB_GRES=(null)
     Nodes=kelvin-n[090,093] CPU_IDs=0-11 Mem=23000 GRES=
   MinCPUsNode=1 MinMemoryNode=23000M MinTmpDiskNode=0
   Features=(null) DelayBoot=00:00:00
   OverSubscribe=NO Contiguous=0 Licenses=(null) Network=(null)
   Command=/home/users/mschpc/2019/zuoy/HPC/NeuralNetwork/parallel/scripts/script_PricingDefaultRisk_d100_b1_n16.sh
   WorkDir=/home/users/mschpc/2019/zuoy/HPC/NeuralNetwork/parallel
   StdErr=/home/users/mschpc/2019/zuoy/HPC/NeuralNetwork/parallel/output/slurm-23074.out
   StdIn=/dev/null
   StdOut=/home/users/mschpc/2019/zuoy/HPC/NeuralNetwork/parallel/output/slurm-23074.out
   Power=
   NtasksPerTRES:0


Disk quota details:
===================

Quota Type           Name  Filesystem     Usage in MB     Limit in MB    % Used
-------------------------------------------------------------------------------
USER                 zuoy       /home             137          51,200     0.27%

GROUP              mschpc   /projects             999          51,200     1.95%
GROUP          pi-dgolden   /projects               0          51,200     0.00%


SLURM Bank Statement:
=====================

User           Usage |        Account     Usage | Account Limit Available (CPU hrs)
---------- --------- + -------------- --------- + ------------- ---------
zuoy          28,236 |   HPC_21_01207    28,236 |       100,000    71,764


Acknowledgements:
=================

Note that usage of TCHPC Resources *must* be acknowledged in all publications.

Please see this page for details relevant to this cluster:

http://www.tchpc.tcd.ie/resources/acknowledgementpolicy

################################################################################
