Parallel Mode: Ring-Allreduce
Dimension: 300
Total time: 1
Number of time intervals: 40
Learning rate: 0.01
y_init_range: 40, 50
Number of neurons in each hidden layer of each subnet: 110, 110, 
Epochs: 1000
Batch size: 64
Sample size: 256
Logging frequency: 100
Model name: pricing_default_risk_parallel_
Number of processors: 16


Training:
Epoch:100
In training set, loss: 2275.89, Y0: 51.3013

Epoch:200
In training set, loss: 1944.73, Y0: 51.5637

Epoch:300
In training set, loss: 1704.63, Y0: 51.6048

Epoch:400
In training set, loss: 1520.54, Y0: 51.6379

Epoch:500
In training set, loss: 1375.28, Y0: 51.6673

Epoch:600
In training set, loss: 1257.8, Y0: 51.6935

Epoch:700
In training set, loss: 1160.71, Y0: 51.7167

Epoch:800
In training set, loss: 1078.98, Y0: 51.737

Epoch:900
In training set, loss: 1009, Y0: 51.755

Epoch:1000
In training set, loss: 948.246, Y0: 51.771



###############################################################################
TCHPC Cluster: kelvin
Job 23998 (BSDE_job_4_procs) for User 'zuoy' in Account 'hpc_21_01207'
Finished at: Thu Nov 25 13:24:06 GMT 2021

Job efficiency estimates:
=========================

Job ID: 23998
Cluster: kelvin
User/Group: zuoy/zuoy
State: COMPLETED (exit code 0)
Nodes: 2
Cores per node: 12
CPU Utilized: 00:51:28
CPU Efficiency: 33.08% of 02:35:36 core-walltime
Job Wall-clock time: 00:06:29
Memory Utilized: 712.26 MB
Memory Efficiency: 1.55% of 44.92 GB

Job completion status:
======================

       JobID    JobName AllocCPUS NTasks NNodes     MaxRSS    MaxRSSNode  MaxDiskRead MaxDiskWrite    Elapsed      State ExitCode 
------------ ---------- --------- ------ ------ ---------- ------------- ------------ ------------ ---------- ---------- -------- 
23998        BSDE_job_+        24             2                                                      00:06:29  COMPLETED      0:0 
23998.batch       batch        12      1      1    729356K   kelvin-n019        0.86M        0.01M   00:06:29  COMPLETED      0:0 
23998.0           orted        12      1      1                                                      00:06:28  COMPLETED      0:0 


Job details:
============

JobId=23998 JobName=BSDE_job_4_procs
   UserId=zuoy(1582) GroupId=zuoy(1252) MCS_label=N/A
   Priority=10540491 Nice=0 Account=hpc_21_01207 QOS=normal
   JobState=COMPLETING Reason=None Dependency=(null)
   Requeue=0 Restarts=0 BatchFlag=1 Reboot=0 ExitCode=0:0
   DerivedExitCode=0:0
   RunTime=00:06:29 TimeLimit=23:00:00 TimeMin=N/A
   SubmitTime=2021-11-25T11:47:40 EligibleTime=2021-11-25T11:47:40
   AccrueTime=2021-11-25T11:47:40
   StartTime=2021-11-25T13:17:37 EndTime=2021-11-25T13:24:06 Deadline=N/A
   SuspendTime=None SecsPreSuspend=0 LastSchedEval=2021-11-25T13:17:37
   Partition=compute AllocNode:Sid=kelvin01:17031
   ReqNodeList=(null) ExcNodeList=(null)
   NodeList=kelvin-n090
   BatchHost=kelvin-n019
   NumNodes=1 NumCPUs=24 NumTasks=16 CPUs/Task=1 ReqB:S:C:T=0:0:*:*
   TRES=cpu=24,mem=46000M,node=2,billing=24
   Socks/Node=* NtasksPerN:B:S:C=0:0:*:* CoreSpec=*
   JOB_GRES=(null)
     Nodes=kelvin-n[019,090] CPU_IDs=0-11 Mem=23000 GRES=
   MinCPUsNode=1 MinMemoryNode=23000M MinTmpDiskNode=0
   Features=(null) DelayBoot=00:00:00
   OverSubscribe=NO Contiguous=0 Licenses=(null) Network=(null)
   Command=/home/users/mschpc/2019/zuoy/HPC/NeuralNetwork/parallel/scripts/script_PricingDefaultRisk_d300_b64_n16.sh
   WorkDir=/home/users/mschpc/2019/zuoy/HPC/NeuralNetwork/parallel
   StdErr=/home/users/mschpc/2019/zuoy/HPC/NeuralNetwork/parallel/output/slurm-23998.out
   StdIn=/dev/null
   StdOut=/home/users/mschpc/2019/zuoy/HPC/NeuralNetwork/parallel/output/slurm-23998.out
   Power=
   NtasksPerTRES:0


Disk quota details:
===================

Quota Type           Name  Filesystem     Usage in MB     Limit in MB    % Used
-------------------------------------------------------------------------------
USER                 zuoy       /home             146          51,200     0.29%

GROUP              mschpc   /projects             999          51,200     1.95%
GROUP          pi-dgolden   /projects               0          51,200     0.00%


SLURM Bank Statement:
=====================

User           Usage |        Account     Usage | Account Limit Available (CPU hrs)
---------- --------- + -------------- --------- + ------------- ---------
zuoy          28,435 |   HPC_21_01207    28,435 |       100,000    71,565


Acknowledgements:
=================

Note that usage of TCHPC Resources *must* be acknowledged in all publications.

Please see this page for details relevant to this cluster:

http://www.tchpc.tcd.ie/resources/acknowledgementpolicy

################################################################################
