Parallel Mode: Ring-Allreduce
Dimension: 100
Total time: 1
Number of time intervals: 40
Learning rate: 0.01
y_init_range: 40, 50
Number of neurons in each hidden layer of each subnet: 110, 110, 
Epochs: 1000
Batch size: 1
Sample size: 256
Logging frequency: 100
Model name: pricing_default_risk_parallel_
Number of processors: 32


Training:
Epoch:100
In training set, loss: 2864.77, Y0: 57.0302

Epoch:200
In training set, loss: 2562.39, Y0: 57.0879

Epoch:300
In training set, loss: 2351.4, Y0: 57.1218

Epoch:400
In training set, loss: 2192.85, Y0: 57.1471

Epoch:500
In training set, loss: 2065.64, Y0: 57.165

Epoch:600
In training set, loss: 1958.33, Y0: 57.1785

Epoch:700
In training set, loss: 1865.03, Y0: 57.1875

Epoch:800
In training set, loss: 1781.67, Y0: 57.194

Epoch:900
In training set, loss: 1706.56, Y0: 57.1982

Epoch:1000
In training set, loss: 1637.05, Y0: 57.2006



###############################################################################
TCHPC Cluster: kelvin
Job 21457 (BSDE_job_4_procs) for User 'zuoy' in Account 'hpc_21_01207'
Finished at: Fri Nov 19 01:48:02 GMT 2021

Job efficiency estimates:
=========================

Job ID: 21457
Cluster: kelvin
User/Group: zuoy/zuoy
State: COMPLETED (exit code 0)
Nodes: 3
Cores per node: 12
CPU Utilized: 00:42:05
CPU Efficiency: 29.85% of 02:21:00 core-walltime
Job Wall-clock time: 00:03:55
Memory Utilized: 572.95 MB
Memory Efficiency: 0.83% of 67.38 GB

Job completion status:
======================

       JobID    JobName AllocCPUS NTasks NNodes     MaxRSS    MaxRSSNode  MaxDiskRead MaxDiskWrite    Elapsed      State ExitCode 
------------ ---------- --------- ------ ------ ---------- ------------- ------------ ------------ ---------- ---------- -------- 
21457        BSDE_job_+        36             3                                                      00:03:55  COMPLETED      0:0 
21457.batch       batch        12      1      1    586696K   kelvin-n074        0.86M        0.01M   00:03:55  COMPLETED      0:0 
21457.0           orted        24      2      2                                                      00:03:53  COMPLETED      0:0 


Job details:
============

JobId=21457 JobName=BSDE_job_4_procs
   UserId=zuoy(1582) GroupId=zuoy(1252) MCS_label=N/A
   Priority=11145936 Nice=0 Account=hpc_21_01207 QOS=normal
   JobState=COMPLETING Reason=None Dependency=(null)
   Requeue=0 Restarts=0 BatchFlag=1 Reboot=0 ExitCode=0:0
   DerivedExitCode=0:0
   RunTime=00:03:55 TimeLimit=23:00:00 TimeMin=N/A
   SubmitTime=2021-11-18T22:22:58 EligibleTime=2021-11-18T22:22:58
   AccrueTime=2021-11-18T22:22:58
   StartTime=2021-11-19T01:44:07 EndTime=2021-11-19T01:48:02 Deadline=N/A
   SuspendTime=None SecsPreSuspend=0 LastSchedEval=2021-11-19T01:44:07
   Partition=compute AllocNode:Sid=kelvin01:15357
   ReqNodeList=(null) ExcNodeList=(null)
   NodeList=kelvin-n[075-076]
   BatchHost=kelvin-n074
   NumNodes=2 NumCPUs=36 NumTasks=32 CPUs/Task=1 ReqB:S:C:T=0:0:*:*
   TRES=cpu=36,mem=69000M,node=3,billing=36
   Socks/Node=* NtasksPerN:B:S:C=0:0:*:* CoreSpec=*
   JOB_GRES=(null)
     Nodes=kelvin-n[074-076] CPU_IDs=0-11 Mem=23000 GRES=
   MinCPUsNode=1 MinMemoryNode=23000M MinTmpDiskNode=0
   Features=(null) DelayBoot=00:00:00
   OverSubscribe=NO Contiguous=0 Licenses=(null) Network=(null)
   Command=/home/users/mschpc/2019/zuoy/HPC/NeuralNetwork/parallel/scripts/script_PricingDefaultRisk_d100_b1_n32.sh
   WorkDir=/home/users/mschpc/2019/zuoy/HPC/NeuralNetwork/parallel
   StdErr=/home/users/mschpc/2019/zuoy/HPC/NeuralNetwork/parallel/output/slurm-21457.out
   StdIn=/dev/null
   StdOut=/home/users/mschpc/2019/zuoy/HPC/NeuralNetwork/parallel/output/slurm-21457.out
   Power=
   NtasksPerTRES:0


Disk quota details:
===================

Quota Type           Name  Filesystem     Usage in MB     Limit in MB    % Used
-------------------------------------------------------------------------------
USER                 zuoy       /home             104          51,200     0.20%

GROUP              mschpc   /projects             999          51,200     1.95%
GROUP          pi-dgolden   /projects               0          51,200     0.00%


SLURM Bank Statement:
=====================

User           Usage |        Account     Usage | Account Limit Available (CPU hrs)
---------- --------- + -------------- --------- + ------------- ---------
zuoy           9,556 |   HPC_21_01207     9,556 |       100,000    90,444


Acknowledgements:
=================

Note that usage of TCHPC Resources *must* be acknowledged in all publications.

Please see this page for details relevant to this cluster:

http://www.tchpc.tcd.ie/resources/acknowledgementpolicy

################################################################################
