Parallel Mode: Master-Slave
Dimension: 500
Total time: 1
Number of time intervals: 40
Learning rate: 0.01
y_init_range: 40, 50
Number of neurons in each hidden layer of each subnet: 110, 110, 
Epochs: 1000
Batch size: 64
Sample size: 256
Logging frequency: 100
Model name: pricing_default_risk_parallel_
Number of processors: 64


Training:
Epoch:100
In training set, loss: 14505.3, Y0: 40.6423

Epoch:200
In training set, loss: 12825, Y0: 41.2405

Epoch:300
In training set, loss: 11368.4, Y0: 41.7974

Epoch:400
In training set, loss: 10104.4, Y0: 42.316

Epoch:500
In training set, loss: 9006.96, Y0: 42.7991

Epoch:600
In training set, loss: 8054.37, Y0: 43.2491

Epoch:700
In training set, loss: 7227.22, Y0: 43.6682

Epoch:800
In training set, loss: 6508.69, Y0: 44.0584

Epoch:900
In training set, loss: 5884.2, Y0: 44.422

Epoch:1000
In training set, loss: 5341.39, Y0: 44.7607



###############################################################################
TCHPC Cluster: kelvin
Job 22969 (BSDE_job_4_procs) for User 'zuoy' in Account 'hpc_21_01207'
Finished at: Mon Nov 22 06:41:50 GMT 2021

Job efficiency estimates:
=========================

Job ID: 22969
Cluster: kelvin
User/Group: zuoy/zuoy
State: COMPLETED (exit code 0)
Nodes: 6
Cores per node: 12
CPU Utilized: 03:47:37
CPU Efficiency: 15.14% of 1-01:03:36 core-walltime
Job Wall-clock time: 00:20:53
Memory Utilized: 1.45 GB
Memory Efficiency: 1.07% of 134.77 GB

Job completion status:
======================

       JobID    JobName AllocCPUS NTasks NNodes     MaxRSS    MaxRSSNode  MaxDiskRead MaxDiskWrite    Elapsed      State ExitCode 
------------ ---------- --------- ------ ------ ---------- ------------- ------------ ------------ ---------- ---------- -------- 
22969        BSDE_job_+        72             6                                                      00:20:53  COMPLETED      0:0 
22969.batch       batch        12      1      1   1515584K   kelvin-n030        0.86M        0.01M   00:20:53  COMPLETED      0:0 
22969.0           orted        60      5      5                                                      00:20:52  COMPLETED      0:0 


Job details:
============

JobId=22969 JobName=BSDE_job_4_procs
   UserId=zuoy(1582) GroupId=zuoy(1252) MCS_label=N/A
   Priority=10644274 Nice=0 Account=hpc_21_01207 QOS=normal
   JobState=COMPLETING Reason=None Dependency=(null)
   Requeue=0 Restarts=0 BatchFlag=1 Reboot=0 ExitCode=0:0
   DerivedExitCode=0:0
   RunTime=00:20:53 TimeLimit=23:00:00 TimeMin=N/A
   SubmitTime=2021-11-22T01:27:11 EligibleTime=2021-11-22T01:27:11
   AccrueTime=2021-11-22T01:27:11
   StartTime=2021-11-22T06:20:57 EndTime=2021-11-22T06:41:50 Deadline=N/A
   SuspendTime=None SecsPreSuspend=0 LastSchedEval=2021-11-22T06:20:57
   Partition=compute AllocNode:Sid=kelvin01:12189
   ReqNodeList=(null) ExcNodeList=(null)
   NodeList=kelvin-n[031-032,034,036-037]
   BatchHost=kelvin-n030
   NumNodes=5 NumCPUs=72 NumTasks=64 CPUs/Task=1 ReqB:S:C:T=0:0:*:*
   TRES=cpu=72,mem=138000M,node=6,billing=72
   Socks/Node=* NtasksPerN:B:S:C=0:0:*:* CoreSpec=*
   JOB_GRES=(null)
     Nodes=kelvin-n[030-032,034,036-037] CPU_IDs=0-11 Mem=23000 GRES=
   MinCPUsNode=1 MinMemoryNode=23000M MinTmpDiskNode=0
   Features=(null) DelayBoot=00:00:00
   OverSubscribe=NO Contiguous=0 Licenses=(null) Network=(null)
   Command=/home/users/mschpc/2019/zuoy/HPC/NeuralNetwork/parallel/scripts/script_PricingDefaultRisk_d500_b64_n64.sh
   WorkDir=/home/users/mschpc/2019/zuoy/HPC/NeuralNetwork/parallel
   StdErr=/home/users/mschpc/2019/zuoy/HPC/NeuralNetwork/parallel/output/slurm-22969.out
   StdIn=/dev/null
   StdOut=/home/users/mschpc/2019/zuoy/HPC/NeuralNetwork/parallel/output/slurm-22969.out
   Power=
   NtasksPerTRES:0


Disk quota details:
===================

Quota Type           Name  Filesystem     Usage in MB     Limit in MB    % Used
-------------------------------------------------------------------------------
USER                 zuoy       /home             130          51,200     0.26%

GROUP              mschpc   /projects             999          51,200     1.95%
GROUP          pi-dgolden   /projects               0          51,200     0.00%


SLURM Bank Statement:
=====================

User           Usage |        Account     Usage | Account Limit Available (CPU hrs)
---------- --------- + -------------- --------- + ------------- ---------
zuoy          25,701 |   HPC_21_01207    25,701 |       100,000    74,299


Acknowledgements:
=================

Note that usage of TCHPC Resources *must* be acknowledged in all publications.

Please see this page for details relevant to this cluster:

http://www.tchpc.tcd.ie/resources/acknowledgementpolicy

################################################################################
