Parallel Mode: Ring-Allreduce
Dimension: 100
Total time: 1
Number of time intervals: 20
Learning rate: 0.01
y_init_range: 0, 1
Number of neurons in each hidden layer of each subnet: 110, 110, 
Epochs: 1000
Batch size: 64
Sample size: 1024
Logging frequency: 100
Model name: HJBLQ_parallel_
Number of processors: 64


Training:
Epoch:100
In training set, loss: 36.3802, Y0: 4.50913

Epoch:200
In training set, loss: 31.0099, Y0: 4.52302

Epoch:300
In training set, loss: 29.3119, Y0: 4.5273

Epoch:400
In training set, loss: 28.3838, Y0: 4.52902

Epoch:500
In training set, loss: 27.6528, Y0: 4.52989

Epoch:600
In training set, loss: 26.988, Y0: 4.53045

Epoch:700
In training set, loss: 26.3552, Y0: 4.53087

Epoch:800
In training set, loss: 25.7441, Y0: 4.53122

Epoch:900
In training set, loss: 25.1515, Y0: 4.53153

Epoch:1000
In training set, loss: 24.5758, Y0: 4.53182



###############################################################################
TCHPC Cluster: kelvin
Job 23693 (BSDE_job_4_procs) for User 'zuoy' in Account 'hpc_21_01207'
Finished at: Thu Nov 25 10:36:20 GMT 2021

Job efficiency estimates:
=========================

Job ID: 23693
Cluster: kelvin
User/Group: zuoy/zuoy
State: RUNNING
Nodes: 6
Cores per node: 12
CPU Utilized: 00:40:04
CPU Efficiency: 14.97% of 04:27:36 core-walltime
Job Wall-clock time: 00:03:43
Memory Utilized: 589.73 MB
Memory Efficiency: 0.43% of 134.77 GB
WARNING: Efficiency statistics may be misleading for RUNNING jobs.

Job completion status:
======================

       JobID    JobName AllocCPUS NTasks NNodes     MaxRSS    MaxRSSNode  MaxDiskRead MaxDiskWrite    Elapsed      State ExitCode 
------------ ---------- --------- ------ ------ ---------- ------------- ------------ ------------ ---------- ---------- -------- 
23693        BSDE_job_+        72             6                                                      00:03:43  COMPLETED      0:0 
23693.batch       batch        12      1      1    603888K   kelvin-n030        0.86M        0.01M   00:03:43  COMPLETED      0:0 
23693.0           orted        60      5      5                                                      00:03:42  COMPLETED      0:0 


Job details:
============

JobId=23693 JobName=BSDE_job_4_procs
   UserId=zuoy(1582) GroupId=zuoy(1252) MCS_label=N/A
   Priority=11227525 Nice=0 Account=hpc_21_01207 QOS=normal
   JobState=COMPLETING Reason=None Dependency=(null)
   Requeue=0 Restarts=0 BatchFlag=1 Reboot=0 ExitCode=0:0
   DerivedExitCode=0:0
   RunTime=00:03:43 TimeLimit=23:00:00 TimeMin=N/A
   SubmitTime=2021-11-24T10:02:21 EligibleTime=2021-11-24T10:02:21
   AccrueTime=2021-11-24T10:02:21
   StartTime=2021-11-25T10:32:37 EndTime=2021-11-25T10:36:20 Deadline=N/A
   SuspendTime=None SecsPreSuspend=0 LastSchedEval=2021-11-25T10:32:37
   Partition=compute AllocNode:Sid=kelvin01:18898
   ReqNodeList=(null) ExcNodeList=(null)
   NodeList=kelvin-n[031-032,034-036]
   BatchHost=kelvin-n030
   NumNodes=5 NumCPUs=72 NumTasks=64 CPUs/Task=1 ReqB:S:C:T=0:0:*:*
   TRES=cpu=72,mem=138000M,node=6,billing=72
   Socks/Node=* NtasksPerN:B:S:C=0:0:*:* CoreSpec=*
   JOB_GRES=(null)
     Nodes=kelvin-n[030-032,034-036] CPU_IDs=0-11 Mem=23000 GRES=
   MinCPUsNode=1 MinMemoryNode=23000M MinTmpDiskNode=0
   Features=(null) DelayBoot=00:00:00
   OverSubscribe=NO Contiguous=0 Licenses=(null) Network=(null)
   Command=/home/users/mschpc/2019/zuoy/HPC/NeuralNetwork/parallel/scripts/script_HJBLQ_d100_b64_n64.sh
   WorkDir=/home/users/mschpc/2019/zuoy/HPC/NeuralNetwork/parallel
   StdErr=/home/users/mschpc/2019/zuoy/HPC/NeuralNetwork/parallel/output/slurm-23693.out
   StdIn=/dev/null
   StdOut=/home/users/mschpc/2019/zuoy/HPC/NeuralNetwork/parallel/output/slurm-23693.out
   Power=
   NtasksPerTRES:0


Disk quota details:
===================

Quota Type           Name  Filesystem     Usage in MB     Limit in MB    % Used
-------------------------------------------------------------------------------
USER                 zuoy       /home             142          51,200     0.28%

GROUP              mschpc   /projects             999          51,200     1.95%
GROUP          pi-dgolden   /projects               0          51,200     0.00%


SLURM Bank Statement:
=====================

User           Usage |        Account     Usage | Account Limit Available (CPU hrs)
---------- --------- + -------------- --------- + ------------- ---------
zuoy          28,147 |   HPC_21_01207    28,147 |       100,000    71,853


Acknowledgements:
=================

Note that usage of TCHPC Resources *must* be acknowledged in all publications.

Please see this page for details relevant to this cluster:

http://www.tchpc.tcd.ie/resources/acknowledgementpolicy

################################################################################
