Parallel Mode: Ring-Allreduce
Dimension: 200
Total time: 1
Number of time intervals: 20
Learning rate: 0.01
y_init_range: 0, 1
Number of neurons in each hidden layer of each subnet: 110, 110, 
Epochs: 1000
Batch size: 64
Sample size: 1024
Logging frequency: 100
Model name: HJBLQ_parallel_
Number of processors: 32


Training:
Epoch:100
In training set, loss: 23.4811, Y0: 5.20582

Epoch:200
In training set, loss: 14.0802, Y0: 5.24703

Epoch:300
In training set, loss: 11.7424, Y0: 5.26241

Epoch:400
In training set, loss: 10.9462, Y0: 5.26926

Epoch:500
In training set, loss: 10.5909, Y0: 5.27268

Epoch:600
In training set, loss: 10.3869, Y0: 5.27452

Epoch:700
In training set, loss: 10.2415, Y0: 5.27557

Epoch:800
In training set, loss: 10.1208, Y0: 5.27619

Epoch:900
In training set, loss: 10.0115, Y0: 5.27658

Epoch:1000
In training set, loss: 9.90801, Y0: 5.27682



###############################################################################
TCHPC Cluster: kelvin
Job 23855 (BSDE_job_4_procs) for User 'zuoy' in Account 'hpc_21_01207'
Finished at: Thu Nov 25 11:28:44 GMT 2021

Job efficiency estimates:
=========================

Job ID: 23855
Cluster: kelvin
User/Group: zuoy/zuoy
State: COMPLETED (exit code 0)
Nodes: 3
Cores per node: 12
CPU Utilized: 01:00:39
CPU Efficiency: 30.17% of 03:21:00 core-walltime
Job Wall-clock time: 00:05:35
Memory Utilized: 816.63 MB
Memory Efficiency: 1.18% of 67.38 GB

Job completion status:
======================

       JobID    JobName AllocCPUS NTasks NNodes     MaxRSS    MaxRSSNode  MaxDiskRead MaxDiskWrite    Elapsed      State ExitCode 
------------ ---------- --------- ------ ------ ---------- ------------- ------------ ------------ ---------- ---------- -------- 
23855        BSDE_job_+        36             3                                                      00:05:35  COMPLETED      0:0 
23855.batch       batch        12      1      1    836232K   kelvin-n013        0.86M        0.01M   00:05:35  COMPLETED      0:0 
23855.0           orted        24      2      2                                                      00:05:34  COMPLETED      0:0 


Job details:
============

JobId=23855 JobName=BSDE_job_4_procs
   UserId=zuoy(1582) GroupId=zuoy(1252) MCS_label=N/A
   Priority=10871230 Nice=0 Account=hpc_21_01207 QOS=normal
   JobState=COMPLETING Reason=None Dependency=(null)
   Requeue=0 Restarts=0 BatchFlag=1 Reboot=0 ExitCode=0:0
   DerivedExitCode=0:0
   RunTime=00:05:35 TimeLimit=23:00:00 TimeMin=N/A
   SubmitTime=2021-11-24T22:48:05 EligibleTime=2021-11-24T22:48:05
   AccrueTime=2021-11-24T22:48:05
   StartTime=2021-11-25T11:23:09 EndTime=2021-11-25T11:28:44 Deadline=N/A
   SuspendTime=None SecsPreSuspend=0 LastSchedEval=2021-11-25T11:23:09
   Partition=compute AllocNode:Sid=kelvin01:6560
   ReqNodeList=(null) ExcNodeList=(null)
   NodeList=kelvin-n[019,044]
   BatchHost=kelvin-n013
   NumNodes=2 NumCPUs=36 NumTasks=32 CPUs/Task=1 ReqB:S:C:T=0:0:*:*
   TRES=cpu=36,mem=69000M,node=3,billing=36
   Socks/Node=* NtasksPerN:B:S:C=0:0:*:* CoreSpec=*
   JOB_GRES=(null)
     Nodes=kelvin-n[013,019,044] CPU_IDs=0-11 Mem=23000 GRES=
   MinCPUsNode=1 MinMemoryNode=23000M MinTmpDiskNode=0
   Features=(null) DelayBoot=00:00:00
   OverSubscribe=NO Contiguous=0 Licenses=(null) Network=(null)
   Command=/home/users/mschpc/2019/zuoy/HPC/NeuralNetwork/parallel/scripts/script_HJBLQ_d200_b64_n32.sh
   WorkDir=/home/users/mschpc/2019/zuoy/HPC/NeuralNetwork/parallel
   StdErr=/home/users/mschpc/2019/zuoy/HPC/NeuralNetwork/parallel/output/slurm-23855.out
   StdIn=/dev/null
   StdOut=/home/users/mschpc/2019/zuoy/HPC/NeuralNetwork/parallel/output/slurm-23855.out
   Power=
   NtasksPerTRES:0


Disk quota details:
===================

Quota Type           Name  Filesystem     Usage in MB     Limit in MB    % Used
-------------------------------------------------------------------------------
USER                 zuoy       /home             143          51,200     0.28%

GROUP              mschpc   /projects             999          51,200     1.95%
GROUP          pi-dgolden   /projects               0          51,200     0.00%


SLURM Bank Statement:
=====================

User           Usage |        Account     Usage | Account Limit Available (CPU hrs)
---------- --------- + -------------- --------- + ------------- ---------
zuoy          28,234 |   HPC_21_01207    28,234 |       100,000    71,766


Acknowledgements:
=================

Note that usage of TCHPC Resources *must* be acknowledged in all publications.

Please see this page for details relevant to this cluster:

http://www.tchpc.tcd.ie/resources/acknowledgementpolicy

################################################################################
