Parallel Mode: Ring-Allreduce
Dimension: 100
Total time: 1
Number of time intervals: 20
Learning rate: 0.01
y_init_range: 0, 1
Number of neurons in each hidden layer of each subnet: 110, 110, 
Epochs: 1000
Batch size: 1
Sample size: 1024
Logging frequency: 100
Model name: HJBLQ_parallel_
Number of processors: 64


Training:
Epoch:100
In training set, loss: 38.6017, Y0: 4.50629

Epoch:200
In training set, loss: 33.4189, Y0: 4.51736

Epoch:300
In training set, loss: 31.6184, Y0: 4.5207

Epoch:400
In training set, loss: 30.6028, Y0: 4.52197

Epoch:500
In training set, loss: 29.8151, Y0: 4.52258

Epoch:600
In training set, loss: 29.1103, Y0: 4.52297

Epoch:700
In training set, loss: 28.4452, Y0: 4.52327

Epoch:800
In training set, loss: 27.8052, Y0: 4.52355

Epoch:900
In training set, loss: 27.1851, Y0: 4.52382

Epoch:1000
In training set, loss: 26.5826, Y0: 4.52408



###############################################################################
TCHPC Cluster: kelvin
Job 22275 (BSDE_job_4_procs) for User 'zuoy' in Account 'hpc_21_01207'
Finished at: Sun Nov 21 01:41:33 GMT 2021

Job efficiency estimates:
=========================

Job ID: 22275
Cluster: kelvin
User/Group: zuoy/zuoy
State: COMPLETED (exit code 0)
Nodes: 6
Cores per node: 12
CPU Utilized: 00:36:52
CPU Efficiency: 14.91% of 04:07:12 core-walltime
Job Wall-clock time: 00:03:26
Memory Utilized: 589.81 MB
Memory Efficiency: 0.43% of 134.77 GB

Job completion status:
======================

       JobID    JobName AllocCPUS NTasks NNodes     MaxRSS    MaxRSSNode  MaxDiskRead MaxDiskWrite    Elapsed      State ExitCode 
------------ ---------- --------- ------ ------ ---------- ------------- ------------ ------------ ---------- ---------- -------- 
22275        BSDE_job_+        72             6                                                      00:03:26  COMPLETED      0:0 
22275.batch       batch        12      1      1    603964K   kelvin-n074        0.86M        0.01M   00:03:26  COMPLETED      0:0 
22275.0           orted        60      5      5                                                      00:03:25  COMPLETED      0:0 


Job details:
============

JobId=22275 JobName=BSDE_job_4_procs
   UserId=zuoy(1582) GroupId=zuoy(1252) MCS_label=N/A
   Priority=11132043 Nice=0 Account=hpc_21_01207 QOS=normal
   JobState=COMPLETING Reason=None Dependency=(null)
   Requeue=0 Restarts=0 BatchFlag=1 Reboot=0 ExitCode=0:0
   DerivedExitCode=0:0
   RunTime=00:03:26 TimeLimit=23:00:00 TimeMin=N/A
   SubmitTime=2021-11-20T22:48:32 EligibleTime=2021-11-20T22:48:32
   AccrueTime=2021-11-20T22:48:32
   StartTime=2021-11-21T01:38:07 EndTime=2021-11-21T01:41:33 Deadline=N/A
   SuspendTime=None SecsPreSuspend=0 LastSchedEval=2021-11-21T01:38:07
   Partition=compute AllocNode:Sid=kelvin01:32460
   ReqNodeList=(null) ExcNodeList=(null)
   NodeList=kelvin-n[076,079,081-082,086]
   BatchHost=kelvin-n074
   NumNodes=5 NumCPUs=72 NumTasks=64 CPUs/Task=1 ReqB:S:C:T=0:0:*:*
   TRES=cpu=72,mem=138000M,node=6,billing=72
   Socks/Node=* NtasksPerN:B:S:C=0:0:*:* CoreSpec=*
   JOB_GRES=(null)
     Nodes=kelvin-n[074,076,079,081-082,086] CPU_IDs=0-11 Mem=23000 GRES=
   MinCPUsNode=1 MinMemoryNode=23000M MinTmpDiskNode=0
   Features=(null) DelayBoot=00:00:00
   OverSubscribe=NO Contiguous=0 Licenses=(null) Network=(null)
   Command=/home/users/mschpc/2019/zuoy/HPC/NeuralNetwork/parallel/scripts/script_HJBLQ_d100_b1_n64.sh
   WorkDir=/home/users/mschpc/2019/zuoy/HPC/NeuralNetwork/parallel
   StdErr=/home/users/mschpc/2019/zuoy/HPC/NeuralNetwork/parallel/output/slurm-22275.out
   StdIn=/dev/null
   StdOut=/home/users/mschpc/2019/zuoy/HPC/NeuralNetwork/parallel/output/slurm-22275.out
   Power=
   NtasksPerTRES:0


Disk quota details:
===================

Quota Type           Name  Filesystem     Usage in MB     Limit in MB    % Used
-------------------------------------------------------------------------------
USER                 zuoy       /home             116          51,200     0.23%

GROUP              mschpc   /projects             999          51,200     1.95%
GROUP          pi-dgolden   /projects               0          51,200     0.00%


SLURM Bank Statement:
=====================

User           Usage |        Account     Usage | Account Limit Available (CPU hrs)
---------- --------- + -------------- --------- + ------------- ---------
zuoy          15,103 |   HPC_21_01207    15,103 |       100,000    84,897


Acknowledgements:
=================

Note that usage of TCHPC Resources *must* be acknowledged in all publications.

Please see this page for details relevant to this cluster:

http://www.tchpc.tcd.ie/resources/acknowledgementpolicy

################################################################################
