Parallel Mode: Ring-Allreduce
Dimension: 200
Total time: 1
Number of time intervals: 40
Learning rate: 0.01
y_init_range: 40, 50
Number of neurons in each hidden layer of each subnet: 110, 110, 
Epochs: 1000
Batch size: 1
Sample size: 256
Logging frequency: 100
Model name: pricing_default_risk_parallel_
Number of processors: 4


Training:
Epoch:100
In training set, loss: 797.986, Y0: 53.7163

Epoch:200
In training set, loss: 563.573, Y0: 53.733

Epoch:300
In training set, loss: 446.699, Y0: 53.7194

Epoch:400
In training set, loss: 367.041, Y0: 53.7046

Epoch:500
In training set, loss: 306.624, Y0: 53.6937

Epoch:600
In training set, loss: 258.348, Y0: 53.6865

Epoch:700
In training set, loss: 218.786, Y0: 53.6823

Epoch:800
In training set, loss: 185.939, Y0: 53.6797

Epoch:900
In training set, loss: 158.346, Y0: 53.6787

Epoch:1000
In training set, loss: 135.057, Y0: 53.6786



###############################################################################
TCHPC Cluster: kelvin
Job 22054 (BSDE_job_4_procs) for User 'zuoy' in Account 'hpc_21_01207'
Finished at: Sat Nov 20 12:46:01 GMT 2021

Job efficiency estimates:
=========================

Job ID: 22054
Cluster: kelvin
User/Group: zuoy/zuoy
State: RUNNING
Nodes: 1
Cores per node: 12
CPU Utilized: 01:12:12
CPU Efficiency: 33.27% of 03:37:00 core-walltime
Job Wall-clock time: 00:18:05
Memory Utilized: 278.23 MB
Memory Efficiency: 1.21% of 22.46 GB
WARNING: Efficiency statistics may be misleading for RUNNING jobs.

Job completion status:
======================

       JobID    JobName AllocCPUS NTasks NNodes     MaxRSS    MaxRSSNode  MaxDiskRead MaxDiskWrite    Elapsed      State ExitCode 
------------ ---------- --------- ------ ------ ---------- ------------- ------------ ------------ ---------- ---------- -------- 
22054        BSDE_job_+        12             1                                                      00:18:05  COMPLETED      0:0 
22054.batch       batch        12      1      1    284904K   kelvin-n032        0.86M        0.01M   00:18:05  COMPLETED      0:0 


Job details:
============

JobId=22054 JobName=BSDE_job_4_procs
   UserId=zuoy(1582) GroupId=zuoy(1252) MCS_label=N/A
   Priority=11044740 Nice=0 Account=hpc_21_01207 QOS=normal
   JobState=COMPLETING Reason=None Dependency=(null)
   Requeue=0 Restarts=0 BatchFlag=1 Reboot=0 ExitCode=0:0
   DerivedExitCode=0:0
   RunTime=00:18:05 TimeLimit=23:00:00 TimeMin=N/A
   SubmitTime=2021-11-20T12:27:56 EligibleTime=2021-11-20T12:27:56
   AccrueTime=2021-11-20T12:27:56
   StartTime=2021-11-20T12:27:56 EndTime=2021-11-20T12:46:01 Deadline=N/A
   SuspendTime=None SecsPreSuspend=0 LastSchedEval=2021-11-20T12:27:56
   Partition=compute AllocNode:Sid=kelvin01:28782
   ReqNodeList=(null) ExcNodeList=(null)
   NodeList=
   BatchHost=kelvin-n032
   NumNodes=1 NumCPUs=12 NumTasks=4 CPUs/Task=1 ReqB:S:C:T=0:0:*:*
   TRES=cpu=12,mem=23000M,node=1,billing=12
   Socks/Node=* NtasksPerN:B:S:C=0:0:*:* CoreSpec=*
   JOB_GRES=(null)
     Nodes=kelvin-n032 CPU_IDs=0-11 Mem=23000 GRES=
   MinCPUsNode=1 MinMemoryNode=23000M MinTmpDiskNode=0
   Features=(null) DelayBoot=00:00:00
   OverSubscribe=NO Contiguous=0 Licenses=(null) Network=(null)
   Command=/home/users/mschpc/2019/zuoy/HPC/NeuralNetwork/parallel/scripts/script_PricingDefaultRisk_d200_b1_n4.sh
   WorkDir=/home/users/mschpc/2019/zuoy/HPC/NeuralNetwork/parallel
   StdErr=/home/users/mschpc/2019/zuoy/HPC/NeuralNetwork/parallel/output/slurm-22054.out
   StdIn=/dev/null
   StdOut=/home/users/mschpc/2019/zuoy/HPC/NeuralNetwork/parallel/output/slurm-22054.out
   Power=
   NtasksPerTRES:0


Disk quota details:
===================

Quota Type           Name  Filesystem     Usage in MB     Limit in MB    % Used
-------------------------------------------------------------------------------
USER                 zuoy       /home             113          51,200     0.22%

GROUP              mschpc   /projects             999          51,200     1.95%
GROUP          pi-dgolden   /projects               0          51,200     0.00%


SLURM Bank Statement:
=====================

User           Usage |        Account     Usage | Account Limit Available (CPU hrs)
---------- --------- + -------------- --------- + ------------- ---------
zuoy          13,088 |   HPC_21_01207    13,088 |       100,000    86,912


Acknowledgements:
=================

Note that usage of TCHPC Resources *must* be acknowledged in all publications.

Please see this page for details relevant to this cluster:

http://www.tchpc.tcd.ie/resources/acknowledgementpolicy

################################################################################
