Parallel Mode: Master-Slave
Dimension: 100
Total time: 0.3
Number of time intervals: 20
Learning rate: 0.0005
y_init_range: 0.3, 0.5
Number of neurons in each hidden layer of each subnet: 110, 110, 
Epochs: 4000
Batch size: 1
Sample size: 1024
Logging frequency: 100
Model name: AllenCahn_parallel_
Number of processors: 128


Training:
Epoch:100
In training set, loss: 19.9945, Y0: 0.244332

Epoch:200
In training set, loss: 15.2781, Y0: 0.201744

Epoch:300
In training set, loss: 12.4325, Y0: 0.168701

Epoch:400
In training set, loss: 10.6828, Y0: 0.14284

Epoch:500
In training set, loss: 9.5925, Y0: 0.122489

Epoch:600
In training set, loss: 8.90574, Y0: 0.106418

Epoch:700
In training set, loss: 8.46881, Y0: 0.093697

Epoch:800
In training set, loss: 8.18769, Y0: 0.0836117

Epoch:900
In training set, loss: 8.00424, Y0: 0.075608

Epoch:1000
In training set, loss: 7.88226, Y0: 0.0692518

Epoch:1100
In training set, loss: 7.79906, Y0: 0.0642019

Epoch:1200
In training set, loss: 7.74041, Y0: 0.060189

Epoch:1300
In training set, loss: 7.69733, Y0: 0.0569999

Epoch:1400
In training set, loss: 7.66415, Y0: 0.0544657

Epoch:1500
In training set, loss: 7.63729, Y0: 0.0524524

Epoch:1600
In training set, loss: 7.61448, Y0: 0.0508534

Epoch:1700
In training set, loss: 7.5943, Y0: 0.0495842

Epoch:1800
In training set, loss: 7.57583, Y0: 0.0485775

Epoch:1900
In training set, loss: 7.55849, Y0: 0.0477797

Epoch:2000
In training set, loss: 7.54192, Y0: 0.0471482

Epoch:2100
In training set, loss: 7.52589, Y0: 0.0466492

Epoch:2200
In training set, loss: 7.51025, Y0: 0.0462556

Epoch:2300
In training set, loss: 7.49491, Y0: 0.0459459

Epoch:2400
In training set, loss: 7.4798, Y0: 0.0457032

Epoch:2500
In training set, loss: 7.46489, Y0: 0.0455136

Epoch:2600
In training set, loss: 7.45015, Y0: 0.0453664

Epoch:2700
In training set, loss: 7.43556, Y0: 0.0452529

Epoch:2800
In training set, loss: 7.42112, Y0: 0.0451663

Epoch:2900
In training set, loss: 7.40681, Y0: 0.045101

Epoch:3000
In training set, loss: 7.39264, Y0: 0.0450527

Epoch:3100
In training set, loss: 7.3786, Y0: 0.045018

Epoch:3200
In training set, loss: 7.36468, Y0: 0.0449941

Epoch:3300
In training set, loss: 7.35088, Y0: 0.0449786

Epoch:3400
In training set, loss: 7.3372, Y0: 0.04497

Epoch:3500
In training set, loss: 7.32365, Y0: 0.0449667

Epoch:3600
In training set, loss: 7.31021, Y0: 0.0449678

Epoch:3700
In training set, loss: 7.29689, Y0: 0.0449722

Epoch:3800
In training set, loss: 7.28369, Y0: 0.0449793

Epoch:3900
In training set, loss: 7.2706, Y0: 0.0449884

Epoch:4000
In training set, loss: 7.25762, Y0: 0.0449992



###############################################################################
TCHPC Cluster: kelvin
Job 22832 (BSDE_job_4_procs) for User 'zuoy' in Account 'hpc_21_01207'
Finished at: Sun Nov 21 22:41:52 GMT 2021

Job efficiency estimates:
=========================

Job ID: 22832
Cluster: kelvin
User/Group: zuoy/zuoy
State: COMPLETED (exit code 0)
Nodes: 11
Cores per node: 12
CPU Utilized: 09:11:46
CPU Efficiency: 9.04% of 4-05:42:48 core-walltime
Job Wall-clock time: 00:46:14
Memory Utilized: 746.75 MB
Memory Efficiency: 0.30% of 247.07 GB

Job completion status:
======================

       JobID    JobName AllocCPUS NTasks NNodes     MaxRSS    MaxRSSNode  MaxDiskRead MaxDiskWrite    Elapsed      State ExitCode 
------------ ---------- --------- ------ ------ ---------- ------------- ------------ ------------ ---------- ---------- -------- 
22832        BSDE_job_+       132            11                                                      00:46:14  COMPLETED      0:0 
22832.batch       batch        12      1      1    764676K   kelvin-n012        0.86M        0.01M   00:46:14  COMPLETED      0:0 
22832.0           orted       120     10     10                                                      00:46:13  COMPLETED      0:0 


Job details:
============

JobId=22832 JobName=BSDE_job_4_procs
   UserId=zuoy(1582) GroupId=zuoy(1252) MCS_label=N/A
   Priority=10501368 Nice=0 Account=hpc_21_01207 QOS=normal
   JobState=COMPLETING Reason=None Dependency=(null)
   Requeue=0 Restarts=0 BatchFlag=1 Reboot=0 ExitCode=0:0
   DerivedExitCode=0:0
   RunTime=00:46:14 TimeLimit=23:00:00 TimeMin=N/A
   SubmitTime=2021-11-21T21:55:38 EligibleTime=2021-11-21T21:55:38
   AccrueTime=2021-11-21T21:55:38
   StartTime=2021-11-21T21:55:38 EndTime=2021-11-21T22:41:52 Deadline=N/A
   SuspendTime=None SecsPreSuspend=0 LastSchedEval=2021-11-21T21:55:38
   Partition=compute AllocNode:Sid=kelvin01:12189
   ReqNodeList=(null) ExcNodeList=(null)
   NodeList=kelvin-n[013,019-020,022,030,032,034-037]
   BatchHost=kelvin-n012
   NumNodes=10 NumCPUs=132 NumTasks=128 CPUs/Task=1 ReqB:S:C:T=0:0:*:*
   TRES=cpu=132,mem=253000M,node=11,billing=132
   Socks/Node=* NtasksPerN:B:S:C=0:0:*:* CoreSpec=*
   JOB_GRES=(null)
     Nodes=kelvin-n[012-013,019-020,022,030,032,034-037] CPU_IDs=0-11 Mem=23000 GRES=
   MinCPUsNode=1 MinMemoryNode=23000M MinTmpDiskNode=0
   Features=(null) DelayBoot=00:00:00
   OverSubscribe=NO Contiguous=0 Licenses=(null) Network=(null)
   Command=/home/users/mschpc/2019/zuoy/HPC/NeuralNetwork/parallel/scripts/script_AllenCahn_d100_b1_n128.sh
   WorkDir=/home/users/mschpc/2019/zuoy/HPC/NeuralNetwork/parallel
   StdErr=/home/users/mschpc/2019/zuoy/HPC/NeuralNetwork/parallel/output/slurm-22832.out
   StdIn=/dev/null
   StdOut=/home/users/mschpc/2019/zuoy/HPC/NeuralNetwork/parallel/output/slurm-22832.out
   Power=
   NtasksPerTRES:0


Disk quota details:
===================

Quota Type           Name  Filesystem     Usage in MB     Limit in MB    % Used
-------------------------------------------------------------------------------
USER                 zuoy       /home             127          51,200     0.25%

GROUP              mschpc   /projects             999          51,200     1.95%
GROUP          pi-dgolden   /projects               0          51,200     0.00%


SLURM Bank Statement:
=====================

User           Usage |        Account     Usage | Account Limit Available (CPU hrs)
---------- --------- + -------------- --------- + ------------- ---------
zuoy          22,144 |   HPC_21_01207    22,144 |       100,000    77,856


Acknowledgements:
=================

Note that usage of TCHPC Resources *must* be acknowledged in all publications.

Please see this page for details relevant to this cluster:

http://www.tchpc.tcd.ie/resources/acknowledgementpolicy

################################################################################
