Parallel Mode: Ring-Allreduce
Dimension: 200
Total time: 1
Number of time intervals: 40
Learning rate: 0.01
y_init_range: 40, 50
Number of neurons in each hidden layer of each subnet: 110, 110, 
Epochs: 1000
Batch size: 64
Sample size: 256
Logging frequency: 100
Model name: pricing_default_risk_parallel_
Number of processors: 128


Training:
Epoch:100
In training set, loss: 2980.9, Y0: 51.518

Epoch:200
In training set, loss: 2380.44, Y0: 53.1602

Epoch:300
In training set, loss: 2210.57, Y0: 53.4233

Epoch:400
In training set, loss: 2072.88, Y0: 53.4745

Epoch:500
In training set, loss: 1954.18, Y0: 53.492

Epoch:600
In training set, loss: 1850.84, Y0: 53.5033

Epoch:700
In training set, loss: 1760.15, Y0: 53.5127

Epoch:800
In training set, loss: 1680.13, Y0: 53.521

Epoch:900
In training set, loss: 1608.96, Y0: 53.5286

Epoch:1000
In training set, loss: 1545.33, Y0: 53.5355



###############################################################################
TCHPC Cluster: kelvin
Job 24052 (BSDE_job_4_procs) for User 'zuoy' in Account 'hpc_21_01207'
Finished at: Thu Nov 25 14:29:20 GMT 2021

Job efficiency estimates:
=========================

Job ID: 24052
Cluster: kelvin
User/Group: zuoy/zuoy
State: COMPLETED (exit code 0)
Nodes: 11
Cores per node: 12
CPU Utilized: 01:20:34
CPU Efficiency: 8.85% of 15:10:48 core-walltime
Job Wall-clock time: 00:06:54
Memory Utilized: 846.39 MB
Memory Efficiency: 0.33% of 247.07 GB

Job completion status:
======================

       JobID    JobName AllocCPUS NTasks NNodes     MaxRSS    MaxRSSNode  MaxDiskRead MaxDiskWrite    Elapsed      State ExitCode 
------------ ---------- --------- ------ ------ ---------- ------------- ------------ ------------ ---------- ---------- -------- 
24052        BSDE_job_+       132            11                                                      00:06:54  COMPLETED      0:0 
24052.batch       batch        12      1      1    866708K   kelvin-n019        0.86M        0.01M   00:06:54  COMPLETED      0:0 
24052.0           orted       120     10     10                                                      00:06:53  COMPLETED      0:0 


Job details:
============

JobId=24052 JobName=BSDE_job_4_procs
   UserId=zuoy(1582) GroupId=zuoy(1252) MCS_label=N/A
   Priority=10556466 Nice=0 Account=hpc_21_01207 QOS=normal
   JobState=COMPLETING Reason=None Dependency=(null)
   Requeue=0 Restarts=0 BatchFlag=1 Reboot=0 ExitCode=0:0
   DerivedExitCode=0:0
   RunTime=00:06:54 TimeLimit=23:00:00 TimeMin=N/A
   SubmitTime=2021-11-25T12:31:08 EligibleTime=2021-11-25T12:31:08
   AccrueTime=2021-11-25T12:31:08
   StartTime=2021-11-25T14:22:26 EndTime=2021-11-25T14:29:20 Deadline=N/A
   SuspendTime=None SecsPreSuspend=0 LastSchedEval=2021-11-25T14:22:26
   Partition=compute AllocNode:Sid=kelvin01:31144
   ReqNodeList=(null) ExcNodeList=(null)
   NodeList=kelvin-n[056,062,068-069,079,081,084,086,090,093]
   BatchHost=kelvin-n019
   NumNodes=10 NumCPUs=132 NumTasks=128 CPUs/Task=1 ReqB:S:C:T=0:0:*:*
   TRES=cpu=132,mem=253000M,node=11,billing=132
   Socks/Node=* NtasksPerN:B:S:C=0:0:*:* CoreSpec=*
   JOB_GRES=(null)
     Nodes=kelvin-n[019,056,062,068-069,079,081,084,086,090,093] CPU_IDs=0-11 Mem=23000 GRES=
   MinCPUsNode=1 MinMemoryNode=23000M MinTmpDiskNode=0
   Features=(null) DelayBoot=00:00:00
   OverSubscribe=NO Contiguous=0 Licenses=(null) Network=(null)
   Command=/home/users/mschpc/2019/zuoy/HPC/NeuralNetwork/parallel/scripts/script_PricingDefaultRisk_d200_b64_n128.sh
   WorkDir=/home/users/mschpc/2019/zuoy/HPC/NeuralNetwork/parallel
   StdErr=/home/users/mschpc/2019/zuoy/HPC/NeuralNetwork/parallel/output/slurm-24052.out
   StdIn=/dev/null
   StdOut=/home/users/mschpc/2019/zuoy/HPC/NeuralNetwork/parallel/output/slurm-24052.out
   Power=
   NtasksPerTRES:0


Disk quota details:
===================

Quota Type           Name  Filesystem     Usage in MB     Limit in MB    % Used
-------------------------------------------------------------------------------
USER                 zuoy       /home             145          51,200     0.28%

GROUP              mschpc   /projects             999          51,200     1.95%
GROUP          pi-dgolden   /projects               0          51,200     0.00%


SLURM Bank Statement:
=====================

User           Usage |        Account     Usage | Account Limit Available (CPU hrs)
---------- --------- + -------------- --------- + ------------- ---------
zuoy          28,604 |   HPC_21_01207    28,604 |       100,000    71,396


Acknowledgements:
=================

Note that usage of TCHPC Resources *must* be acknowledged in all publications.

Please see this page for details relevant to this cluster:

http://www.tchpc.tcd.ie/resources/acknowledgementpolicy

################################################################################
