Parallel Mode: Master-Slave
Dimension: 300
Total time: 1
Number of time intervals: 20
Learning rate: 0.01
y_init_range: 0, 1
Number of neurons in each hidden layer of each subnet: 110, 110, 
Epochs: 1000
Batch size: 64
Sample size: 1024
Logging frequency: 100
Model name: HJBLQ_parallel_
Number of processors: 4


Training:
Epoch:100
In training set, loss: 74.2322, Y0: 5.3709

Epoch:200
In training set, loss: 46.538, Y0: 5.50475

Epoch:300
In training set, loss: 32.5147, Y0: 5.54596

Epoch:400
In training set, loss: 24.0107, Y0: 5.57444

Epoch:500
In training set, loss: 18.6363, Y0: 5.59532

Epoch:600
In training set, loss: 15.1025, Y0: 5.61106

Epoch:700
In training set, loss: 12.6929, Y0: 5.62321

Epoch:800
In training set, loss: 10.996, Y0: 5.63276

Epoch:900
In training set, loss: 9.76664, Y0: 5.64038

Epoch:1000
In training set, loss: 8.85402, Y0: 5.64656



###############################################################################
TCHPC Cluster: kelvin
Job 22720 (BSDE_job_4_procs) for User 'zuoy' in Account 'hpc_21_01207'
Finished at: Sun Nov 21 19:52:10 GMT 2021

Job efficiency estimates:
=========================

Job ID: 22720
Cluster: kelvin
User/Group: zuoy/zuoy
State: COMPLETED (exit code 0)
Nodes: 1
Cores per node: 12
CPU Utilized: 01:22:33
CPU Efficiency: 33.29% of 04:08:00 core-walltime
Job Wall-clock time: 00:20:40
Memory Utilized: 379.19 MB
Memory Efficiency: 1.65% of 22.46 GB

Job completion status:
======================

       JobID    JobName AllocCPUS NTasks NNodes     MaxRSS    MaxRSSNode  MaxDiskRead MaxDiskWrite    Elapsed      State ExitCode 
------------ ---------- --------- ------ ------ ---------- ------------- ------------ ------------ ---------- ---------- -------- 
22720        BSDE_job_+        12             1                                                      00:20:40  COMPLETED      0:0 
22720.batch       batch        12      1      1    388288K   kelvin-n034        0.86M        0.01M   00:20:40  COMPLETED      0:0 


Job details:
============

JobId=22720 JobName=BSDE_job_4_procs
   UserId=zuoy(1582) GroupId=zuoy(1252) MCS_label=N/A
   Priority=10645087 Nice=0 Account=hpc_21_01207 QOS=normal
   JobState=COMPLETING Reason=None Dependency=(null)
   Requeue=0 Restarts=0 BatchFlag=1 Reboot=0 ExitCode=0:0
   DerivedExitCode=0:0
   RunTime=00:20:40 TimeLimit=23:00:00 TimeMin=N/A
   SubmitTime=2021-11-21T16:20:23 EligibleTime=2021-11-21T16:20:23
   AccrueTime=2021-11-21T16:20:23
   StartTime=2021-11-21T19:31:30 EndTime=2021-11-21T19:52:10 Deadline=N/A
   SuspendTime=None SecsPreSuspend=0 LastSchedEval=2021-11-21T19:31:30
   Partition=compute AllocNode:Sid=kelvin01:12189
   ReqNodeList=(null) ExcNodeList=(null)
   NodeList=
   BatchHost=kelvin-n034
   NumNodes=1 NumCPUs=12 NumTasks=4 CPUs/Task=1 ReqB:S:C:T=0:0:*:*
   TRES=cpu=12,mem=23000M,node=1,billing=12
   Socks/Node=* NtasksPerN:B:S:C=0:0:*:* CoreSpec=*
   JOB_GRES=(null)
     Nodes=kelvin-n034 CPU_IDs=0-11 Mem=23000 GRES=
   MinCPUsNode=1 MinMemoryNode=23000M MinTmpDiskNode=0
   Features=(null) DelayBoot=00:00:00
   OverSubscribe=NO Contiguous=0 Licenses=(null) Network=(null)
   Command=/home/users/mschpc/2019/zuoy/HPC/NeuralNetwork/parallel/scripts/script_HJBLQ_d300_b64_n4.sh
   WorkDir=/home/users/mschpc/2019/zuoy/HPC/NeuralNetwork/parallel
   StdErr=/home/users/mschpc/2019/zuoy/HPC/NeuralNetwork/parallel/output/slurm-22720.out
   StdIn=/dev/null
   StdOut=/home/users/mschpc/2019/zuoy/HPC/NeuralNetwork/parallel/output/slurm-22720.out
   Power=
   NtasksPerTRES:0


Disk quota details:
===================

Quota Type           Name  Filesystem     Usage in MB     Limit in MB    % Used
-------------------------------------------------------------------------------
USER                 zuoy       /home             127          51,200     0.25%

GROUP              mschpc   /projects             999          51,200     1.95%
GROUP          pi-dgolden   /projects               0          51,200     0.00%


SLURM Bank Statement:
=====================

User           Usage |        Account     Usage | Account Limit Available (CPU hrs)
---------- --------- + -------------- --------- + ------------- ---------
zuoy          21,044 |   HPC_21_01207    21,044 |       100,000    78,956


Acknowledgements:
=================

Note that usage of TCHPC Resources *must* be acknowledged in all publications.

Please see this page for details relevant to this cluster:

http://www.tchpc.tcd.ie/resources/acknowledgementpolicy

################################################################################
