Parallel Mode: Master-Slave
Dimension: 200
Total time: 1
Number of time intervals: 20
Learning rate: 0.01
y_init_range: 0, 1
Number of neurons in each hidden layer of each subnet: 110, 110, 
Epochs: 1000
Batch size: 64
Sample size: 1024
Logging frequency: 100
Model name: HJBLQ_parallel_
Number of processors: 8


Training:
Epoch:100
In training set, loss: 23.5602, Y0: 5.20964

Epoch:200
In training set, loss: 14.0171, Y0: 5.24745

Epoch:300
In training set, loss: 11.6582, Y0: 5.26096

Epoch:400
In training set, loss: 10.843, Y0: 5.26679

Epoch:500
In training set, loss: 10.4717, Y0: 5.26962

Epoch:600
In training set, loss: 10.2562, Y0: 5.2711

Epoch:700
In training set, loss: 10.1034, Y0: 5.27193

Epoch:800
In training set, loss: 9.97833, Y0: 5.27242

Epoch:900
In training set, loss: 9.86654, Y0: 5.27271

Epoch:1000
In training set, loss: 9.76164, Y0: 5.2729



###############################################################################
TCHPC Cluster: kelvin
Job 23305 (BSDE_job_4_procs) for User 'zuoy' in Account 'hpc_21_01207'
Finished at: Tue Nov 23 16:59:33 GMT 2021

Job efficiency estimates:
=========================

Job ID: 23305
Cluster: kelvin
User/Group: zuoy/zuoy
State: COMPLETED (exit code 0)
Nodes: 1
Cores per node: 12
CPU Utilized: 01:15:52
CPU Efficiency: 66.43% of 01:54:12 core-walltime
Job Wall-clock time: 00:09:31
Memory Utilized: 593.14 MB
Memory Efficiency: 2.58% of 22.46 GB

Job completion status:
======================

       JobID    JobName AllocCPUS NTasks NNodes     MaxRSS    MaxRSSNode  MaxDiskRead MaxDiskWrite    Elapsed      State ExitCode 
------------ ---------- --------- ------ ------ ---------- ------------- ------------ ------------ ---------- ---------- -------- 
23305        BSDE_job_+        12             1                                                      00:09:31  COMPLETED      0:0 
23305.batch       batch        12      1      1    607376K   kelvin-n061        0.87M        0.01M   00:09:31  COMPLETED      0:0 


Job details:
============

JobId=23305 JobName=BSDE_job_4_procs
   UserId=zuoy(1582) GroupId=zuoy(1252) MCS_label=N/A
   Priority=10929486 Nice=0 Account=hpc_21_01207 QOS=normal
   JobState=COMPLETING Reason=None Dependency=(null)
   Requeue=0 Restarts=0 BatchFlag=1 Reboot=0 ExitCode=0:0
   DerivedExitCode=0:0
   RunTime=00:09:31 TimeLimit=23:00:00 TimeMin=N/A
   SubmitTime=2021-11-23T02:15:16 EligibleTime=2021-11-23T02:15:16
   AccrueTime=2021-11-23T02:15:16
   StartTime=2021-11-23T16:50:02 EndTime=2021-11-23T16:59:33 Deadline=N/A
   SuspendTime=None SecsPreSuspend=0 LastSchedEval=2021-11-23T16:50:02
   Partition=compute AllocNode:Sid=kelvin01:730
   ReqNodeList=(null) ExcNodeList=(null)
   NodeList=
   BatchHost=kelvin-n061
   NumNodes=1 NumCPUs=12 NumTasks=8 CPUs/Task=1 ReqB:S:C:T=0:0:*:*
   TRES=cpu=12,mem=23000M,node=1,billing=12
   Socks/Node=* NtasksPerN:B:S:C=0:0:*:* CoreSpec=*
   JOB_GRES=(null)
     Nodes=kelvin-n061 CPU_IDs=0-11 Mem=23000 GRES=
   MinCPUsNode=1 MinMemoryNode=23000M MinTmpDiskNode=0
   Features=(null) DelayBoot=00:00:00
   OverSubscribe=NO Contiguous=0 Licenses=(null) Network=(null)
   Command=/home/users/mschpc/2019/zuoy/HPC/NeuralNetwork/parallel/scripts/script_HJBLQ_d200_b64_n8.sh
   WorkDir=/home/users/mschpc/2019/zuoy/HPC/NeuralNetwork/parallel
   StdErr=/home/users/mschpc/2019/zuoy/HPC/NeuralNetwork/parallel/output/slurm-23305.out
   StdIn=/dev/null
   StdOut=/home/users/mschpc/2019/zuoy/HPC/NeuralNetwork/parallel/output/slurm-23305.out
   Power=
   NtasksPerTRES:0


Disk quota details:
===================

Quota Type           Name  Filesystem     Usage in MB     Limit in MB    % Used
-------------------------------------------------------------------------------
USER                 zuoy       /home             140          51,200     0.27%

GROUP              mschpc   /projects             999          51,200     1.95%
GROUP          pi-dgolden   /projects               0          51,200     0.00%


SLURM Bank Statement:
=====================

User           Usage |        Account     Usage | Account Limit Available (CPU hrs)
---------- --------- + -------------- --------- + ------------- ---------
zuoy          27,498 |   HPC_21_01207    27,498 |       100,000    72,502


Acknowledgements:
=================

Note that usage of TCHPC Resources *must* be acknowledged in all publications.

Please see this page for details relevant to this cluster:

http://www.tchpc.tcd.ie/resources/acknowledgementpolicy

################################################################################
