Parallel Mode: Master-Slave
Dimension: 500
Total time: 1
Number of time intervals: 40
Learning rate: 0.01
y_init_range: 40, 50
Number of neurons in each hidden layer of each subnet: 110, 110, 
Epochs: 1000
Batch size: 64
Sample size: 256
Logging frequency: 100
Model name: pricing_default_risk_parallel_
Number of processors: 64


Training:
Epoch:100
In training set, loss: 1563.07, Y0: 49.6721

Epoch:200
In training set, loss: 1160.74, Y0: 49.8378

Epoch:300
In training set, loss: 896.802, Y0: 49.8536

Epoch:400
In training set, loss: 715.529, Y0: 49.8684

Epoch:500
In training set, loss: 585.703, Y0: 49.8832

Epoch:600
In training set, loss: 489.175, Y0: 49.8974

Epoch:700
In training set, loss: 415.104, Y0: 49.9109

Epoch:800
In training set, loss: 356.818, Y0: 49.9234

Epoch:900
In training set, loss: 309.968, Y0: 49.9352

Epoch:1000
In training set, loss: 271.643, Y0: 49.9464



###############################################################################
TCHPC Cluster: kelvin
Job 23525 (BSDE_job_4_procs) for User 'zuoy' in Account 'hpc_21_01207'
Finished at: Wed Nov 24 08:15:15 GMT 2021

Job efficiency estimates:
=========================

Job ID: 23525
Cluster: kelvin
User/Group: zuoy/zuoy
State: COMPLETED (exit code 0)
Nodes: 6
Cores per node: 12
CPU Utilized: 03:27:33
CPU Efficiency: 15.15% of 22:50:24 core-walltime
Job Wall-clock time: 00:19:02
Memory Utilized: 1.44 GB
Memory Efficiency: 1.07% of 134.77 GB

Job completion status:
======================

       JobID    JobName AllocCPUS NTasks NNodes     MaxRSS    MaxRSSNode  MaxDiskRead MaxDiskWrite    Elapsed      State ExitCode 
------------ ---------- --------- ------ ------ ---------- ------------- ------------ ------------ ---------- ---------- -------- 
23525        BSDE_job_+        72             6                                                      00:19:02  COMPLETED      0:0 
23525.batch       batch        12      1      1   1510276K   kelvin-n046        0.86M        0.01M   00:19:02  COMPLETED      0:0 
23525.0           orted        60      5      5                                                      00:19:01  COMPLETED      0:0 


Job details:
============

JobId=23525 JobName=BSDE_job_4_procs
   UserId=zuoy(1582) GroupId=zuoy(1252) MCS_label=N/A
   Priority=10938809 Nice=0 Account=hpc_21_01207 QOS=normal
   JobState=COMPLETING Reason=None Dependency=(null)
   Requeue=0 Restarts=0 BatchFlag=1 Reboot=0 ExitCode=0:0
   DerivedExitCode=0:0
   RunTime=00:19:02 TimeLimit=23:00:00 TimeMin=N/A
   SubmitTime=2021-11-23T17:08:24 EligibleTime=2021-11-23T17:08:24
   AccrueTime=2021-11-23T17:08:24
   StartTime=2021-11-24T07:56:13 EndTime=2021-11-24T08:15:15 Deadline=N/A
   SuspendTime=None SecsPreSuspend=0 LastSchedEval=2021-11-24T07:56:13
   Partition=compute AllocNode:Sid=kelvin01:24748
   ReqNodeList=(null) ExcNodeList=(null)
   NodeList=kelvin-n[064-065,070-071,085]
   BatchHost=kelvin-n046
   NumNodes=5 NumCPUs=72 NumTasks=64 CPUs/Task=1 ReqB:S:C:T=0:0:*:*
   TRES=cpu=72,mem=138000M,node=6,billing=72
   Socks/Node=* NtasksPerN:B:S:C=0:0:*:* CoreSpec=*
   JOB_GRES=(null)
     Nodes=kelvin-n[046,064-065,070-071,085] CPU_IDs=0-11 Mem=23000 GRES=
   MinCPUsNode=1 MinMemoryNode=23000M MinTmpDiskNode=0
   Features=(null) DelayBoot=00:00:00
   OverSubscribe=NO Contiguous=0 Licenses=(null) Network=(null)
   Command=/home/users/mschpc/2019/zuoy/HPC/NeuralNetwork/parallel/scripts/script_PricingDefaultRisk_d500_b64_n64.sh
   WorkDir=/home/users/mschpc/2019/zuoy/HPC/NeuralNetwork/parallel
   StdErr=/home/users/mschpc/2019/zuoy/HPC/NeuralNetwork/parallel/output/slurm-23525.out
   StdIn=/dev/null
   StdOut=/home/users/mschpc/2019/zuoy/HPC/NeuralNetwork/parallel/output/slurm-23525.out
   Power=
   NtasksPerTRES:0


Disk quota details:
===================

Quota Type           Name  Filesystem     Usage in MB     Limit in MB    % Used
-------------------------------------------------------------------------------
USER                 zuoy       /home             139          51,200     0.27%

GROUP              mschpc   /projects             999          51,200     1.95%
GROUP          pi-dgolden   /projects               0          51,200     0.00%


SLURM Bank Statement:
=====================

User           Usage |        Account     Usage | Account Limit Available (CPU hrs)
---------- --------- + -------------- --------- + ------------- ---------
zuoy          28,813 |   HPC_21_01207    28,813 |       100,000    71,187


Acknowledgements:
=================

Note that usage of TCHPC Resources *must* be acknowledged in all publications.

Please see this page for details relevant to this cluster:

http://www.tchpc.tcd.ie/resources/acknowledgementpolicy

################################################################################
