Parallel Mode: Master-Slave
Dimension: 100
Total time: 0.2
Number of time intervals: 20
Learning rate: 0.0005
y_init_range: 0.2, 0.5
Number of neurons in each hidden layer of each subnet: 110, 110, 
Epochs: 4000
Batch size: 1
Sample size: 1024
Logging frequency: 100
Model name: AllenCahn_parallel_
Number of processors: 64


Training:
Epoch:100
In training set, loss: 7.96277, Y0: 0.142355

Epoch:200
In training set, loss: 6.52181, Y0: 0.109577

Epoch:300
In training set, loss: 6.0339, Y0: 0.0907646

Epoch:400
In training set, loss: 5.85859, Y0: 0.0799228

Epoch:500
In training set, loss: 5.78699, Y0: 0.0736623

Epoch:600
In training set, loss: 5.75007, Y0: 0.0700433

Epoch:700
In training set, loss: 5.72489, Y0: 0.0679497

Epoch:800
In training set, loss: 5.70379, Y0: 0.0667377

Epoch:900
In training set, loss: 5.68421, Y0: 0.0660356

Epoch:1000
In training set, loss: 5.66528, Y0: 0.0656283

Epoch:1100
In training set, loss: 5.64673, Y0: 0.0653918

Epoch:1200
In training set, loss: 5.62845, Y0: 0.0652538

Epoch:1300
In training set, loss: 5.61042, Y0: 0.065173

Epoch:1400
In training set, loss: 5.59261, Y0: 0.0651251

Epoch:1500
In training set, loss: 5.57501, Y0: 0.0650965

Epoch:1600
In training set, loss: 5.55764, Y0: 0.0650788

Epoch:1700
In training set, loss: 5.54047, Y0: 0.0650675

Epoch:1800
In training set, loss: 5.52352, Y0: 0.0650598

Epoch:1900
In training set, loss: 5.50677, Y0: 0.0650544

Epoch:2000
In training set, loss: 5.49022, Y0: 0.06505

Epoch:2100
In training set, loss: 5.47388, Y0: 0.0650465

Epoch:2200
In training set, loss: 5.45773, Y0: 0.0650434

Epoch:2300
In training set, loss: 5.44178, Y0: 0.0650404

Epoch:2400
In training set, loss: 5.42602, Y0: 0.0650374

Epoch:2500
In training set, loss: 5.41045, Y0: 0.0650345

Epoch:2600
In training set, loss: 5.39507, Y0: 0.0650316

Epoch:2700
In training set, loss: 5.37987, Y0: 0.0650288

Epoch:2800
In training set, loss: 5.36486, Y0: 0.065026

Epoch:2900
In training set, loss: 5.35003, Y0: 0.0650231

Epoch:3000
In training set, loss: 5.33537, Y0: 0.0650203

Epoch:3100
In training set, loss: 5.3209, Y0: 0.0650175

Epoch:3200
In training set, loss: 5.30659, Y0: 0.0650146

Epoch:3300
In training set, loss: 5.29245, Y0: 0.0650117

Epoch:3400
In training set, loss: 5.27849, Y0: 0.0650089

Epoch:3500
In training set, loss: 5.26469, Y0: 0.065006

Epoch:3600
In training set, loss: 5.25105, Y0: 0.0650031

Epoch:3700
In training set, loss: 5.23757, Y0: 0.0650002

Epoch:3800
In training set, loss: 5.22426, Y0: 0.0649972

Epoch:3900
In training set, loss: 5.2111, Y0: 0.0649943

Epoch:4000
In training set, loss: 5.1981, Y0: 0.0649913



###############################################################################
TCHPC Cluster: kelvin
Job 22831 (BSDE_job_4_procs) for User 'zuoy' in Account 'hpc_21_01207'
Finished at: Sun Nov 21 23:34:19 GMT 2021

Job efficiency estimates:
=========================

Job ID: 22831
Cluster: kelvin
User/Group: zuoy/zuoy
State: COMPLETED (exit code 0)
Nodes: 6
Cores per node: 12
CPU Utilized: 03:07:19
CPU Efficiency: 15.17% of 20:34:48 core-walltime
Job Wall-clock time: 00:17:09
Memory Utilized: 672.60 MB
Memory Efficiency: 0.49% of 134.77 GB

Job completion status:
======================

       JobID    JobName AllocCPUS NTasks NNodes     MaxRSS    MaxRSSNode  MaxDiskRead MaxDiskWrite    Elapsed      State ExitCode 
------------ ---------- --------- ------ ------ ---------- ------------- ------------ ------------ ---------- ---------- -------- 
22831        BSDE_job_+        72             6                                                      00:17:09  COMPLETED      0:0 
22831.batch       batch        12      1      1    688744K   kelvin-n011        0.86M        0.01M   00:17:09  COMPLETED      0:0 
22831.0           orted        60      5      5                                                      00:17:08  COMPLETED      0:0 


Job details:
============

JobId=22831 JobName=BSDE_job_4_procs
   UserId=zuoy(1582) GroupId=zuoy(1252) MCS_label=N/A
   Priority=10538892 Nice=0 Account=hpc_21_01207 QOS=normal
   JobState=COMPLETING Reason=None Dependency=(null)
   Requeue=0 Restarts=0 BatchFlag=1 Reboot=0 ExitCode=0:0
   DerivedExitCode=0:0
   RunTime=00:17:09 TimeLimit=23:00:00 TimeMin=N/A
   SubmitTime=2021-11-21T21:55:38 EligibleTime=2021-11-21T21:55:38
   AccrueTime=2021-11-21T21:55:38
   StartTime=2021-11-21T23:17:10 EndTime=2021-11-21T23:34:19 Deadline=N/A
   SuspendTime=None SecsPreSuspend=0 LastSchedEval=2021-11-21T23:17:10
   Partition=compute AllocNode:Sid=kelvin01:12189
   ReqNodeList=(null) ExcNodeList=(null)
   NodeList=kelvin-n[012-013,018-020]
   BatchHost=kelvin-n011
   NumNodes=5 NumCPUs=72 NumTasks=64 CPUs/Task=1 ReqB:S:C:T=0:0:*:*
   TRES=cpu=72,mem=138000M,node=6,billing=72
   Socks/Node=* NtasksPerN:B:S:C=0:0:*:* CoreSpec=*
   JOB_GRES=(null)
     Nodes=kelvin-n[011-013,018-020] CPU_IDs=0-11 Mem=23000 GRES=
   MinCPUsNode=1 MinMemoryNode=23000M MinTmpDiskNode=0
   Features=(null) DelayBoot=00:00:00
   OverSubscribe=NO Contiguous=0 Licenses=(null) Network=(null)
   Command=/home/users/mschpc/2019/zuoy/HPC/NeuralNetwork/parallel/scripts/script_AllenCahn_d300_b1_n64.sh
   WorkDir=/home/users/mschpc/2019/zuoy/HPC/NeuralNetwork/parallel
   StdErr=/home/users/mschpc/2019/zuoy/HPC/NeuralNetwork/parallel/output/slurm-22831.out
   StdIn=/dev/null
   StdOut=/home/users/mschpc/2019/zuoy/HPC/NeuralNetwork/parallel/output/slurm-22831.out
   Power=
   NtasksPerTRES:0


Disk quota details:
===================

Quota Type           Name  Filesystem     Usage in MB     Limit in MB    % Used
-------------------------------------------------------------------------------
USER                 zuoy       /home             128          51,200     0.25%

GROUP              mschpc   /projects             999          51,200     1.95%
GROUP          pi-dgolden   /projects               0          51,200     0.00%


SLURM Bank Statement:
=====================

User           Usage |        Account     Usage | Account Limit Available (CPU hrs)
---------- --------- + -------------- --------- + ------------- ---------
zuoy          22,457 |   HPC_21_01207    22,457 |       100,000    77,543


Acknowledgements:
=================

Note that usage of TCHPC Resources *must* be acknowledged in all publications.

Please see this page for details relevant to this cluster:

http://www.tchpc.tcd.ie/resources/acknowledgementpolicy

################################################################################
