Parallel Mode: Ring-Allreduce
Dimension: 300
Total time: 0.3
Number of time intervals: 20
Learning rate: 0.0005
y_init_range: 0.3, 0.5
Number of neurons in each hidden layer of each subnet: 110, 110, 
Epochs: 4000
Batch size: 1
Sample size: 256
Logging frequency: 100
Model name: AllenCahn_parallel_
Number of processors: 128


Training:
Epoch:100
In training set, loss: 7.36455, Y0: 0.282066

Epoch:200
In training set, loss: 6.6348, Y0: 0.265414

Epoch:300
In training set, loss: 6.00272, Y0: 0.249923

Epoch:400
In training set, loss: 5.45333, Y0: 0.235488

Epoch:500
In training set, loss: 4.97429, Y0: 0.222017

Epoch:600
In training set, loss: 4.55547, Y0: 0.209428

Epoch:700
In training set, loss: 4.18842, Y0: 0.197652

Epoch:800
In training set, loss: 3.86608, Y0: 0.186626

Epoch:900
In training set, loss: 3.58244, Y0: 0.176292

Epoch:1000
In training set, loss: 3.33244, Y0: 0.166599

Epoch:1100
In training set, loss: 3.11175, Y0: 0.157503

Epoch:1200
In training set, loss: 2.91665, Y0: 0.148962

Epoch:1300
In training set, loss: 2.74393, Y0: 0.140937

Epoch:1400
In training set, loss: 2.59086, Y0: 0.133394

Epoch:1500
In training set, loss: 2.45503, Y0: 0.126302

Epoch:1600
In training set, loss: 2.33436, Y0: 0.11963

Epoch:1700
In training set, loss: 2.22704, Y0: 0.113352

Epoch:1800
In training set, loss: 2.1315, Y0: 0.107443

Epoch:1900
In training set, loss: 2.04635, Y0: 0.10188

Epoch:2000
In training set, loss: 1.97038, Y0: 0.096642

Epoch:2100
In training set, loss: 1.90252, Y0: 0.0917083

Epoch:2200
In training set, loss: 1.84185, Y0: 0.0870604

Epoch:2300
In training set, loss: 1.78753, Y0: 0.0826812

Epoch:2400
In training set, loss: 1.73884, Y0: 0.0785547

Epoch:2500
In training set, loss: 1.69515, Y0: 0.0746657

Epoch:2600
In training set, loss: 1.65588, Y0: 0.0710002

Epoch:2700
In training set, loss: 1.62054, Y0: 0.0675451

Epoch:2800
In training set, loss: 1.5887, Y0: 0.0642879

Epoch:2900
In training set, loss: 1.55994, Y0: 0.0612167

Epoch:3000
In training set, loss: 1.53394, Y0: 0.0583206

Epoch:3100
In training set, loss: 1.51037, Y0: 0.0555898

Epoch:3200
In training set, loss: 1.48899, Y0: 0.0530145

Epoch:3300
In training set, loss: 1.46953, Y0: 0.0505859

Epoch:3400
In training set, loss: 1.45179, Y0: 0.048295

Epoch:3500
In training set, loss: 1.43558, Y0: 0.0461344

Epoch:3600
In training set, loss: 1.42074, Y0: 0.0440965

Epoch:3700
In training set, loss: 1.40711, Y0: 0.0421741

Epoch:3800
In training set, loss: 1.39455, Y0: 0.0403605

Epoch:3900
In training set, loss: 1.38296, Y0: 0.0386496

Epoch:4000
In training set, loss: 1.37222, Y0: 0.0370355



###############################################################################
TCHPC Cluster: kelvin
Job 21354 (BSDE_job_4_procs) for User 'zuoy' in Account 'hpc_21_01207'
Finished at: Thu Nov 18 19:09:53 GMT 2021

Job efficiency estimates:
=========================

Job ID: 21354
Cluster: kelvin
User/Group: zuoy/zuoy
State: COMPLETED (exit code 0)
Nodes: 11
Cores per node: 12
CPU Utilized: 02:56:16
CPU Efficiency: 8.89% of 1-09:02:12 core-walltime
Job Wall-clock time: 00:15:01
Memory Utilized: 704.52 MB
Memory Efficiency: 0.28% of 247.07 GB

Job completion status:
======================

       JobID    JobName AllocCPUS NTasks NNodes     MaxRSS    MaxRSSNode  MaxDiskRead MaxDiskWrite    Elapsed      State ExitCode 
------------ ---------- --------- ------ ------ ---------- ------------- ------------ ------------ ---------- ---------- -------- 
21354        BSDE_job_+       132            11                                                      00:15:01  COMPLETED      0:0 
21354.batch       batch        12      1      1    721432K   kelvin-n006        0.86M        0.01M   00:15:01  COMPLETED      0:0 
21354.0           orted       120     10     10                                                      00:15:00  COMPLETED      0:0 


Job details:
============

JobId=21354 JobName=BSDE_job_4_procs
   UserId=zuoy(1582) GroupId=zuoy(1252) MCS_label=N/A
   Priority=11250577 Nice=0 Account=hpc_21_01207 QOS=normal
   JobState=COMPLETING Reason=None Dependency=(null)
   Requeue=0 Restarts=0 BatchFlag=1 Reboot=0 ExitCode=0:0
   DerivedExitCode=0:0
   RunTime=00:15:01 TimeLimit=23:00:00 TimeMin=N/A
   SubmitTime=2021-11-18T14:03:16 EligibleTime=2021-11-18T14:03:16
   AccrueTime=2021-11-18T14:03:16
   StartTime=2021-11-18T18:54:52 EndTime=2021-11-18T19:09:53 Deadline=N/A
   SuspendTime=None SecsPreSuspend=0 LastSchedEval=2021-11-18T18:54:52
   Partition=compute AllocNode:Sid=kelvin01:471
   ReqNodeList=(null) ExcNodeList=(null)
   NodeList=kelvin-n[008,022,077-078,080,082-085,089]
   BatchHost=kelvin-n006
   NumNodes=10 NumCPUs=132 NumTasks=128 CPUs/Task=1 ReqB:S:C:T=0:0:*:*
   TRES=cpu=132,mem=253000M,node=11,billing=132
   Socks/Node=* NtasksPerN:B:S:C=0:0:*:* CoreSpec=*
   JOB_GRES=(null)
     Nodes=kelvin-n[006,008,022,077-078,080,082-085,089] CPU_IDs=0-11 Mem=23000 GRES=
   MinCPUsNode=1 MinMemoryNode=23000M MinTmpDiskNode=0
   Features=(null) DelayBoot=00:00:00
   OverSubscribe=NO Contiguous=0 Licenses=(null) Network=(null)
   Command=/home/users/mschpc/2019/zuoy/HPC/NeuralNetwork/parallel/scripts/script_AllenCahn_d300_b1_n128.sh
   WorkDir=/home/users/mschpc/2019/zuoy/HPC/NeuralNetwork/parallel
   StdErr=/home/users/mschpc/2019/zuoy/HPC/NeuralNetwork/parallel/output/slurm-21354.out
   StdIn=/dev/null
   StdOut=/home/users/mschpc/2019/zuoy/HPC/NeuralNetwork/parallel/output/slurm-21354.out
   Power=
   NtasksPerTRES:0


Disk quota details:
===================

Quota Type           Name  Filesystem     Usage in MB     Limit in MB    % Used
-------------------------------------------------------------------------------
USER                 zuoy       /home             103          51,200     0.20%

GROUP              mschpc   /projects             999          51,200     1.95%
GROUP          pi-dgolden   /projects               0          51,200     0.00%


SLURM Bank Statement:
=====================

User           Usage |        Account     Usage | Account Limit Available (CPU hrs)
---------- --------- + -------------- --------- + ------------- ---------
zuoy           8,976 |   HPC_21_01207     8,976 |       100,000    91,024


Acknowledgements:
=================

Note that usage of TCHPC Resources *must* be acknowledged in all publications.

Please see this page for details relevant to this cluster:

http://www.tchpc.tcd.ie/resources/acknowledgementpolicy

################################################################################
