Parallel Mode: Master-Slave
Dimension: 100
Total time: 0.25
Number of time intervals: 20
Learning rate: 0.0005
y_init_range: 0.25, 0.5
Number of neurons in each hidden layer of each subnet: 110, 110, 
Epochs: 4000
Batch size: 1
Sample size: 1024
Logging frequency: 100
Model name: AllenCahn_parallel_
Number of processors: 32


Training:
Epoch:100
In training set, loss: 7.30159, Y0: 0.126221

Epoch:200
In training set, loss: 5.9003, Y0: 0.082222

Epoch:300
In training set, loss: 5.67871, Y0: 0.0661241

Epoch:400
In training set, loss: 5.61554, Y0: 0.0602038

Epoch:500
In training set, loss: 5.57478, Y0: 0.0580306

Epoch:600
In training set, loss: 5.53795, Y0: 0.0572407

Epoch:700
In training set, loss: 5.50252, Y0: 0.0569617

Epoch:800
In training set, loss: 5.46811, Y0: 0.0568713

Epoch:900
In training set, loss: 5.43465, Y0: 0.0568504

Epoch:1000
In training set, loss: 5.4021, Y0: 0.0568549

Epoch:1100
In training set, loss: 5.37043, Y0: 0.0568685

Epoch:1200
In training set, loss: 5.33962, Y0: 0.0568852

Epoch:1300
In training set, loss: 5.30964, Y0: 0.0569028

Epoch:1400
In training set, loss: 5.28046, Y0: 0.0569204

Epoch:1500
In training set, loss: 5.25206, Y0: 0.0569377

Epoch:1600
In training set, loss: 5.22441, Y0: 0.0569547

Epoch:1700
In training set, loss: 5.19749, Y0: 0.0569713

Epoch:1800
In training set, loss: 5.17128, Y0: 0.0569876

Epoch:1900
In training set, loss: 5.14576, Y0: 0.0570034

Epoch:2000
In training set, loss: 5.12091, Y0: 0.0570189

Epoch:2100
In training set, loss: 5.0967, Y0: 0.057034

Epoch:2200
In training set, loss: 5.07312, Y0: 0.0570487

Epoch:2300
In training set, loss: 5.05015, Y0: 0.0570631

Epoch:2400
In training set, loss: 5.02777, Y0: 0.0570772

Epoch:2500
In training set, loss: 5.00596, Y0: 0.0570909

Epoch:2600
In training set, loss: 4.98471, Y0: 0.0571044

Epoch:2700
In training set, loss: 4.96399, Y0: 0.0571175

Epoch:2800
In training set, loss: 4.9438, Y0: 0.0571302

Epoch:2900
In training set, loss: 4.92411, Y0: 0.0571428

Epoch:3000
In training set, loss: 4.90492, Y0: 0.057155

Epoch:3100
In training set, loss: 4.8862, Y0: 0.057167

Epoch:3200
In training set, loss: 4.86795, Y0: 0.0571787

Epoch:3300
In training set, loss: 4.85015, Y0: 0.0571901

Epoch:3400
In training set, loss: 4.83278, Y0: 0.0572012

Epoch:3500
In training set, loss: 4.81584, Y0: 0.0572121

Epoch:3600
In training set, loss: 4.7993, Y0: 0.0572228

Epoch:3700
In training set, loss: 4.78317, Y0: 0.0572333

Epoch:3800
In training set, loss: 4.76742, Y0: 0.0572435

Epoch:3900
In training set, loss: 4.75205, Y0: 0.0572535

Epoch:4000
In training set, loss: 4.73705, Y0: 0.0572633



###############################################################################
TCHPC Cluster: kelvin
Job 22827 (BSDE_job_4_procs) for User 'zuoy' in Account 'hpc_21_01207'
Finished at: Sun Nov 21 23:51:50 GMT 2021

Job efficiency estimates:
=========================

Job ID: 22827
Cluster: kelvin
User/Group: zuoy/zuoy
State: COMPLETED (exit code 0)
Nodes: 3
Cores per node: 12
CPU Utilized: 04:00:37
CPU Efficiency: 30.33% of 13:13:12 core-walltime
Job Wall-clock time: 00:22:02
Memory Utilized: 653.43 MB
Memory Efficiency: 0.95% of 67.38 GB

Job completion status:
======================

       JobID    JobName AllocCPUS NTasks NNodes     MaxRSS    MaxRSSNode  MaxDiskRead MaxDiskWrite    Elapsed      State ExitCode 
------------ ---------- --------- ------ ------ ---------- ------------- ------------ ------------ ---------- ---------- -------- 
22827        BSDE_job_+        36             3                                                      00:22:02  COMPLETED      0:0 
22827.batch       batch        12      1      1    669108K   kelvin-n079        0.86M        0.01M   00:22:02  COMPLETED      0:0 
22827.0           orted        24      2      2                                                      00:22:01  COMPLETED      0:0 


Job details:
============

JobId=22827 JobName=BSDE_job_4_procs
   UserId=zuoy(1582) GroupId=zuoy(1252) MCS_label=N/A
   Priority=10543080 Nice=0 Account=hpc_21_01207 QOS=normal
   JobState=COMPLETING Reason=None Dependency=(null)
   Requeue=0 Restarts=0 BatchFlag=1 Reboot=0 ExitCode=0:0
   DerivedExitCode=0:0
   RunTime=00:22:02 TimeLimit=23:00:00 TimeMin=N/A
   SubmitTime=2021-11-21T21:55:38 EligibleTime=2021-11-21T21:55:38
   AccrueTime=2021-11-21T21:55:38
   StartTime=2021-11-21T23:29:48 EndTime=2021-11-21T23:51:50 Deadline=N/A
   SuspendTime=None SecsPreSuspend=0 LastSchedEval=2021-11-21T23:29:48
   Partition=compute AllocNode:Sid=kelvin01:12189
   ReqNodeList=(null) ExcNodeList=(null)
   NodeList=kelvin-n[084,090]
   BatchHost=kelvin-n079
   NumNodes=2 NumCPUs=36 NumTasks=32 CPUs/Task=1 ReqB:S:C:T=0:0:*:*
   TRES=cpu=36,mem=69000M,node=3,billing=36
   Socks/Node=* NtasksPerN:B:S:C=0:0:*:* CoreSpec=*
   JOB_GRES=(null)
     Nodes=kelvin-n[079,084,090] CPU_IDs=0-11 Mem=23000 GRES=
   MinCPUsNode=1 MinMemoryNode=23000M MinTmpDiskNode=0
   Features=(null) DelayBoot=00:00:00
   OverSubscribe=NO Contiguous=0 Licenses=(null) Network=(null)
   Command=/home/users/mschpc/2019/zuoy/HPC/NeuralNetwork/parallel/scripts/script_AllenCahn_d200_b1_n32.sh
   WorkDir=/home/users/mschpc/2019/zuoy/HPC/NeuralNetwork/parallel
   StdErr=/home/users/mschpc/2019/zuoy/HPC/NeuralNetwork/parallel/output/slurm-22827.out
   StdIn=/dev/null
   StdOut=/home/users/mschpc/2019/zuoy/HPC/NeuralNetwork/parallel/output/slurm-22827.out
   Power=
   NtasksPerTRES:0


Disk quota details:
===================

Quota Type           Name  Filesystem     Usage in MB     Limit in MB    % Used
-------------------------------------------------------------------------------
USER                 zuoy       /home             129          51,200     0.25%

GROUP              mschpc   /projects             999          51,200     1.95%
GROUP          pi-dgolden   /projects               0          51,200     0.00%


SLURM Bank Statement:
=====================

User           Usage |        Account     Usage | Account Limit Available (CPU hrs)
---------- --------- + -------------- --------- + ------------- ---------
zuoy          22,572 |   HPC_21_01207    22,572 |       100,000    77,428


Acknowledgements:
=================

Note that usage of TCHPC Resources *must* be acknowledged in all publications.

Please see this page for details relevant to this cluster:

http://www.tchpc.tcd.ie/resources/acknowledgementpolicy

################################################################################
