Parallel Mode: Master-Slave
Dimension: 100
Total time: 1
Number of time intervals: 20
Learning rate: 0.01
y_init_range: 0, 1
Number of neurons in each hidden layer of each subnet: 110, 110, 
Epochs: 3000
Batch size: 1
Sample size: 256
Logging frequency: 100
Model name: HJBLQ_parallel_
Number of processors: 32


Training:
Epoch:100
In training set, loss: 11.8059, Y0: 4.3883

Epoch:200
In training set, loss: 8.10832, Y0: 4.42599

Epoch:300
In training set, loss: 6.53419, Y0: 4.44375

Epoch:400
In training set, loss: 5.68519, Y0: 4.45332

Epoch:500
In training set, loss: 5.14419, Y0: 4.45882

Epoch:600
In training set, loss: 4.75713, Y0: 4.46213

Epoch:700
In training set, loss: 4.4562, Y0: 4.46416

Epoch:800
In training set, loss: 4.20764, Y0: 4.46543

Epoch:900
In training set, loss: 3.99318, Y0: 4.46621

Epoch:1000
In training set, loss: 3.80225, Y0: 4.46668

Epoch:1100
In training set, loss: 3.62855, Y0: 4.46695

Epoch:1200
In training set, loss: 3.46812, Y0: 4.46708

Epoch:1300
In training set, loss: 3.31838, Y0: 4.46712

Epoch:1400
In training set, loss: 3.1776, Y0: 4.4671

Epoch:1500
In training set, loss: 3.04457, Y0: 4.46704

Epoch:1600
In training set, loss: 2.91842, Y0: 4.46695

Epoch:1700
In training set, loss: 2.79849, Y0: 4.46683

Epoch:1800
In training set, loss: 2.68426, Y0: 4.46671

Epoch:1900
In training set, loss: 2.57531, Y0: 4.46658

Epoch:2000
In training set, loss: 2.47127, Y0: 4.46645

Epoch:2100
In training set, loss: 2.37186, Y0: 4.46631

Epoch:2200
In training set, loss: 2.2768, Y0: 4.46617

Epoch:2300
In training set, loss: 2.18585, Y0: 4.46604

Epoch:2400
In training set, loss: 2.09879, Y0: 4.4659

Epoch:2500
In training set, loss: 2.01544, Y0: 4.46577

Epoch:2600
In training set, loss: 1.93561, Y0: 4.46565

Epoch:2700
In training set, loss: 1.85912, Y0: 4.46552

Epoch:2800
In training set, loss: 1.78583, Y0: 4.4654

Epoch:2900
In training set, loss: 1.71558, Y0: 4.46529

Epoch:3000
In training set, loss: 1.64823, Y0: 4.46517



###############################################################################
TCHPC Cluster: kelvin
Job 21165 (BSDE_job_4_procs) for User 'zuoy' in Account 'hpc_21_01207'
Finished at: Thu Nov 18 03:15:26 GMT 2021

Job efficiency estimates:
=========================

Job ID: 21165
Cluster: kelvin
User/Group: zuoy/zuoy
State: COMPLETED (exit code 0)
Nodes: 3
Cores per node: 12
CPU Utilized: 01:20:05
CPU Efficiency: 29.99% of 04:27:00 core-walltime
Job Wall-clock time: 00:07:25
Memory Utilized: 512.15 MB
Memory Efficiency: 0.74% of 67.38 GB

Job completion status:
======================

       JobID    JobName AllocCPUS NTasks NNodes     MaxRSS    MaxRSSNode  MaxDiskRead MaxDiskWrite    Elapsed      State ExitCode 
------------ ---------- --------- ------ ------ ---------- ------------- ------------ ------------ ---------- ---------- -------- 
21165        BSDE_job_+        36             3                                                      00:07:25  COMPLETED      0:0 
21165.batch       batch        12      1      1    524444K   kelvin-n052        0.87M        0.01M   00:07:25  COMPLETED      0:0 
21165.0           orted        24      2      2                                                      00:07:24  COMPLETED      0:0 


Job details:
============

JobId=21165 JobName=BSDE_job_4_procs
   UserId=zuoy(1582) GroupId=zuoy(1252) MCS_label=N/A
   Priority=11312912 Nice=0 Account=hpc_21_01207 QOS=normal
   JobState=COMPLETING Reason=None Dependency=(null)
   Requeue=0 Restarts=0 BatchFlag=1 Reboot=0 ExitCode=0:0
   DerivedExitCode=0:0
   RunTime=00:07:25 TimeLimit=23:00:00 TimeMin=N/A
   SubmitTime=2021-11-17T21:51:53 EligibleTime=2021-11-17T21:51:53
   AccrueTime=2021-11-17T21:51:53
   StartTime=2021-11-18T03:08:01 EndTime=2021-11-18T03:15:26 Deadline=N/A
   SuspendTime=None SecsPreSuspend=0 LastSchedEval=2021-11-18T03:08:01
   Partition=compute AllocNode:Sid=kelvin01:6170
   ReqNodeList=(null) ExcNodeList=(null)
   NodeList=kelvin-n[054-055]
   BatchHost=kelvin-n052
   NumNodes=2 NumCPUs=36 NumTasks=32 CPUs/Task=1 ReqB:S:C:T=0:0:*:*
   TRES=cpu=36,mem=69000M,node=3,billing=36
   Socks/Node=* NtasksPerN:B:S:C=0:0:*:* CoreSpec=*
   JOB_GRES=(null)
     Nodes=kelvin-n[052,054-055] CPU_IDs=0-11 Mem=23000 GRES=
   MinCPUsNode=1 MinMemoryNode=23000M MinTmpDiskNode=0
   Features=(null) DelayBoot=00:00:00
   OverSubscribe=NO Contiguous=0 Licenses=(null) Network=(null)
   Command=/home/users/mschpc/2019/zuoy/HPC/NeuralNetwork/parallel/scripts/script_HJBLQ_d100_b1_n32.sh
   WorkDir=/home/users/mschpc/2019/zuoy/HPC/NeuralNetwork/parallel
   StdErr=/home/users/mschpc/2019/zuoy/HPC/NeuralNetwork/parallel/output/slurm-21165.out
   StdIn=/dev/null
   StdOut=/home/users/mschpc/2019/zuoy/HPC/NeuralNetwork/parallel/output/slurm-21165.out
   Power=
   NtasksPerTRES:0


Disk quota details:
===================

Quota Type           Name  Filesystem     Usage in MB     Limit in MB    % Used
-------------------------------------------------------------------------------
USER                 zuoy       /home             103          51,200     0.20%

GROUP              mschpc   /projects             999          51,200     1.95%
GROUP          pi-dgolden   /projects               0          51,200     0.00%


SLURM Bank Statement:
=====================

User           Usage |        Account     Usage | Account Limit Available (CPU hrs)
---------- --------- + -------------- --------- + ------------- ---------
zuoy           7,672 |   HPC_21_01207     7,672 |       100,000    92,328


Acknowledgements:
=================

Note that usage of TCHPC Resources *must* be acknowledged in all publications.

Please see this page for details relevant to this cluster:

http://www.tchpc.tcd.ie/resources/acknowledgementpolicy

################################################################################
