Parallel Mode: Master-Slave
Dimension: 500
Total time: 1
Number of time intervals: 40
Learning rate: 0.01
y_init_range: 40, 50
Number of neurons in each hidden layer of each subnet: 110, 110, 
Epochs: 1000
Batch size: 64
Sample size: 256
Logging frequency: 100
Model name: pricing_default_risk_parallel_
Number of processors: 8


Training:
Epoch:100
In training set, loss: 6723.28, Y0: 44.2094

Epoch:200
In training set, loss: 3235.23, Y0: 46.5901

Epoch:300
In training set, loss: 2099.06, Y0: 47.9655

Epoch:400
In training set, loss: 1676.55, Y0: 48.7827

Epoch:500
In training set, loss: 1487.24, Y0: 49.2762

Epoch:600
In training set, loss: 1380.5, Y0: 49.5768

Epoch:700
In training set, loss: 1305.61, Y0: 49.7607

Epoch:800
In training set, loss: 1244.51, Y0: 49.8737

Epoch:900
In training set, loss: 1190.45, Y0: 49.9436

Epoch:1000
In training set, loss: 1140.76, Y0: 49.9872



###############################################################################
TCHPC Cluster: kelvin
Job 22531 (BSDE_job_4_procs) for User 'zuoy' in Account 'hpc_21_01207'
Finished at: Sun Nov 21 13:36:33 GMT 2021

Job efficiency estimates:
=========================

Job ID: 22531
Cluster: kelvin
User/Group: zuoy/zuoy
State: COMPLETED (exit code 0)
Nodes: 1
Cores per node: 12
CPU Utilized: 01:54:40
CPU Efficiency: 66.51% of 02:52:24 core-walltime
Job Wall-clock time: 00:14:22
Memory Utilized: 988.89 MB
Memory Efficiency: 4.30% of 22.46 GB

Job completion status:
======================

       JobID    JobName AllocCPUS NTasks NNodes     MaxRSS    MaxRSSNode  MaxDiskRead MaxDiskWrite    Elapsed      State ExitCode 
------------ ---------- --------- ------ ------ ---------- ------------- ------------ ------------ ---------- ---------- -------- 
22531        BSDE_job_+        12             1                                                      00:14:22  COMPLETED      0:0 
22531.batch       batch        12      1      1   1012628K   kelvin-n038        0.86M        0.01M   00:14:22  COMPLETED      0:0 


Job details:
============

JobId=22531 JobName=BSDE_job_4_procs
   UserId=zuoy(1582) GroupId=zuoy(1252) MCS_label=N/A
   Priority=11071329 Nice=0 Account=hpc_21_01207 QOS=normal
   JobState=COMPLETING Reason=None Dependency=(null)
   Requeue=0 Restarts=0 BatchFlag=1 Reboot=0 ExitCode=0:0
   DerivedExitCode=0:0
   RunTime=00:14:22 TimeLimit=23:00:00 TimeMin=N/A
   SubmitTime=2021-11-21T10:38:14 EligibleTime=2021-11-21T10:38:14
   AccrueTime=2021-11-21T10:38:14
   StartTime=2021-11-21T13:22:11 EndTime=2021-11-21T13:36:33 Deadline=N/A
   SuspendTime=None SecsPreSuspend=0 LastSchedEval=2021-11-21T13:22:11
   Partition=compute AllocNode:Sid=kelvin01:12117
   ReqNodeList=(null) ExcNodeList=(null)
   NodeList=
   BatchHost=kelvin-n038
   NumNodes=1 NumCPUs=12 NumTasks=8 CPUs/Task=1 ReqB:S:C:T=0:0:*:*
   TRES=cpu=12,mem=23000M,node=1,billing=12
   Socks/Node=* NtasksPerN:B:S:C=0:0:*:* CoreSpec=*
   JOB_GRES=(null)
     Nodes=kelvin-n038 CPU_IDs=0-11 Mem=23000 GRES=
   MinCPUsNode=1 MinMemoryNode=23000M MinTmpDiskNode=0
   Features=(null) DelayBoot=00:00:00
   OverSubscribe=NO Contiguous=0 Licenses=(null) Network=(null)
   Command=/home/users/mschpc/2019/zuoy/HPC/NeuralNetwork/parallel/scripts/script_PricingDefaultRisk_d500_b64_n8.sh
   WorkDir=/home/users/mschpc/2019/zuoy/HPC/NeuralNetwork/parallel
   StdErr=/home/users/mschpc/2019/zuoy/HPC/NeuralNetwork/parallel/output/slurm-22531.out
   StdIn=/dev/null
   StdOut=/home/users/mschpc/2019/zuoy/HPC/NeuralNetwork/parallel/output/slurm-22531.out
   Power=
   NtasksPerTRES:0


Disk quota details:
===================

Quota Type           Name  Filesystem     Usage in MB     Limit in MB    % Used
-------------------------------------------------------------------------------
USER                 zuoy       /home             124          51,200     0.24%

GROUP              mschpc   /projects             999          51,200     1.95%
GROUP          pi-dgolden   /projects               0          51,200     0.00%


SLURM Bank Statement:
=====================

User           Usage |        Account     Usage | Account Limit Available (CPU hrs)
---------- --------- + -------------- --------- + ------------- ---------
zuoy          18,364 |   HPC_21_01207    18,364 |       100,000    81,636


Acknowledgements:
=================

Note that usage of TCHPC Resources *must* be acknowledged in all publications.

Please see this page for details relevant to this cluster:

http://www.tchpc.tcd.ie/resources/acknowledgementpolicy

################################################################################
