Parallel Mode: Ring-Allreduce
Dimension: 100
Total time: 1
Number of time intervals: 40
Learning rate: 0.01
y_init_range: 40, 50
Number of neurons in each hidden layer of each subnet: 110, 110, 
Epochs: 1000
Batch size: 64
Sample size: 256
Logging frequency: 100
Model name: pricing_default_risk_parallel_
Number of processors: 32


Training:
Epoch:100
In training set, loss: 3071.23, Y0: 56.461

Epoch:200
In training set, loss: 2843.02, Y0: 56.8836

Epoch:300
In training set, loss: 2669.77, Y0: 56.9164

Epoch:400
In training set, loss: 2522.9, Y0: 56.9375

Epoch:500
In training set, loss: 2396.88, Y0: 56.9572

Epoch:600
In training set, loss: 2287.44, Y0: 56.9762

Epoch:700
In training set, loss: 2191.25, Y0: 56.9944

Epoch:800
In training set, loss: 2105.62, Y0: 57.0117

Epoch:900
In training set, loss: 2028.87, Y0: 57.0283

Epoch:1000
In training set, loss: 1959.69, Y0: 57.0443



###############################################################################
TCHPC Cluster: kelvin
Job 24021 (BSDE_job_4_procs) for User 'zuoy' in Account 'hpc_21_01207'
Finished at: Thu Nov 25 13:31:04 GMT 2021

Job efficiency estimates:
=========================

Job ID: 24021
Cluster: kelvin
User/Group: zuoy/zuoy
State: COMPLETED (exit code 0)
Nodes: 3
Cores per node: 12
CPU Utilized: 00:41:22
CPU Efficiency: 30.11% of 02:17:24 core-walltime
Job Wall-clock time: 00:03:49
Memory Utilized: 575.08 MB
Memory Efficiency: 0.83% of 67.38 GB

Job completion status:
======================

       JobID    JobName AllocCPUS NTasks NNodes     MaxRSS    MaxRSSNode  MaxDiskRead MaxDiskWrite    Elapsed      State ExitCode 
------------ ---------- --------- ------ ------ ---------- ------------- ------------ ------------ ---------- ---------- -------- 
24021        BSDE_job_+        36             3                                                      00:03:49  COMPLETED      0:0 
24021.batch       batch        12      1      1    588880K   kelvin-n035        0.86M        0.01M   00:03:49  COMPLETED      0:0 
24021.0           orted        24      2      2                                                      00:03:48  COMPLETED      0:0 


Job details:
============

JobId=24021 JobName=BSDE_job_4_procs
   UserId=zuoy(1582) GroupId=zuoy(1252) MCS_label=N/A
   Priority=10539103 Nice=0 Account=hpc_21_01207 QOS=normal
   JobState=COMPLETING Reason=None Dependency=(null)
   Requeue=0 Restarts=0 BatchFlag=1 Reboot=0 ExitCode=0:0
   DerivedExitCode=0:0
   RunTime=00:03:49 TimeLimit=23:00:00 TimeMin=N/A
   SubmitTime=2021-11-25T12:01:39 EligibleTime=2021-11-25T12:01:39
   AccrueTime=2021-11-25T12:01:39
   StartTime=2021-11-25T13:27:15 EndTime=2021-11-25T13:31:04 Deadline=N/A
   SuspendTime=None SecsPreSuspend=0 LastSchedEval=2021-11-25T13:27:15
   Partition=compute AllocNode:Sid=kelvin01:17031
   ReqNodeList=(null) ExcNodeList=(null)
   NodeList=kelvin-n[036,041]
   BatchHost=kelvin-n035
   NumNodes=2 NumCPUs=36 NumTasks=32 CPUs/Task=1 ReqB:S:C:T=0:0:*:*
   TRES=cpu=36,mem=69000M,node=3,billing=36
   Socks/Node=* NtasksPerN:B:S:C=0:0:*:* CoreSpec=*
   JOB_GRES=(null)
     Nodes=kelvin-n[035-036,041] CPU_IDs=0-11 Mem=23000 GRES=
   MinCPUsNode=1 MinMemoryNode=23000M MinTmpDiskNode=0
   Features=(null) DelayBoot=00:00:00
   OverSubscribe=NO Contiguous=0 Licenses=(null) Network=(null)
   Command=/home/users/mschpc/2019/zuoy/HPC/NeuralNetwork/parallel/scripts/script_PricingDefaultRisk_d100_b64_n32.sh
   WorkDir=/home/users/mschpc/2019/zuoy/HPC/NeuralNetwork/parallel
   StdErr=/home/users/mschpc/2019/zuoy/HPC/NeuralNetwork/parallel/output/slurm-24021.out
   StdIn=/dev/null
   StdOut=/home/users/mschpc/2019/zuoy/HPC/NeuralNetwork/parallel/output/slurm-24021.out
   Power=
   NtasksPerTRES:0


Disk quota details:
===================

Quota Type           Name  Filesystem     Usage in MB     Limit in MB    % Used
-------------------------------------------------------------------------------
USER                 zuoy       /home             146          51,200     0.29%

GROUP              mschpc   /projects             999          51,200     1.95%
GROUP          pi-dgolden   /projects               0          51,200     0.00%


SLURM Bank Statement:
=====================

User           Usage |        Account     Usage | Account Limit Available (CPU hrs)
---------- --------- + -------------- --------- + ------------- ---------
zuoy          28,461 |   HPC_21_01207    28,461 |       100,000    71,539


Acknowledgements:
=================

Note that usage of TCHPC Resources *must* be acknowledged in all publications.

Please see this page for details relevant to this cluster:

http://www.tchpc.tcd.ie/resources/acknowledgementpolicy

################################################################################
