Parallel Mode: Master-Slave
Dimension: 200
Total time: 1
Number of time intervals: 40
Learning rate: 0.01
y_init_range: 40, 50
Number of neurons in each hidden layer of each subnet: 110, 110, 
Epochs: 1000
Batch size: 64
Sample size: 256
Logging frequency: 100
Model name: pricing_default_risk_parallel_
Number of processors: 128


Training:
Epoch:100
In training set, loss: 27122.3, Y0: 40.441

Epoch:200
In training set, loss: 25453.1, Y0: 40.8666

Epoch:300
In training set, loss: 23901.4, Y0: 41.2777

Epoch:400
In training set, loss: 22455.9, Y0: 41.6746

Epoch:500
In training set, loss: 21108.9, Y0: 42.0579

Epoch:600
In training set, loss: 19852.8, Y0: 42.428

Epoch:700
In training set, loss: 18681.4, Y0: 42.7855

Epoch:800
In training set, loss: 17589.3, Y0: 43.1307

Epoch:900
In training set, loss: 16571.2, Y0: 43.464

Epoch:1000
In training set, loss: 15621.4, Y0: 43.786



###############################################################################
TCHPC Cluster: kelvin
Job 22987 (BSDE_job_4_procs) for User 'zuoy' in Account 'hpc_21_01207'
Finished at: Mon Nov 22 07:01:46 GMT 2021

Job efficiency estimates:
=========================

Job ID: 22987
Cluster: kelvin
User/Group: zuoy/zuoy
State: COMPLETED (exit code 0)
Nodes: 11
Cores per node: 12
CPU Utilized: 04:25:12
CPU Efficiency: 8.99% of 2-01:10:12 core-walltime
Job Wall-clock time: 00:22:21
Memory Utilized: 1.17 GB
Memory Efficiency: 0.47% of 247.07 GB

Job completion status:
======================

       JobID    JobName AllocCPUS NTasks NNodes     MaxRSS    MaxRSSNode  MaxDiskRead MaxDiskWrite    Elapsed      State ExitCode 
------------ ---------- --------- ------ ------ ---------- ------------- ------------ ------------ ---------- ---------- -------- 
22987        BSDE_job_+       132            11                                                      00:22:21  COMPLETED      0:0 
22987.batch       batch        12      1      1   1223848K   kelvin-n022        0.86M        0.01M   00:22:21  COMPLETED      0:0 
22987.0           orted       120     10     10                                                      00:22:19  COMPLETED      0:0 


Job details:
============

JobId=22987 JobName=BSDE_job_4_procs
   UserId=zuoy(1582) GroupId=zuoy(1252) MCS_label=N/A
   Priority=10627424 Nice=0 Account=hpc_21_01207 QOS=normal
   JobState=COMPLETING Reason=None Dependency=(null)
   Requeue=0 Restarts=0 BatchFlag=1 Reboot=0 ExitCode=0:0
   DerivedExitCode=0:0
   RunTime=00:22:21 TimeLimit=23:00:00 TimeMin=N/A
   SubmitTime=2021-11-22T02:25:05 EligibleTime=2021-11-22T02:25:05
   AccrueTime=2021-11-22T02:25:05
   StartTime=2021-11-22T06:39:25 EndTime=2021-11-22T07:01:46 Deadline=N/A
   SuspendTime=None SecsPreSuspend=0 LastSchedEval=2021-11-22T06:39:25
   Partition=compute AllocNode:Sid=kelvin01:12189
   ReqNodeList=(null) ExcNodeList=(null)
   NodeList=kelvin-n[023,039,046-048,052,055,058,068,097]
   BatchHost=kelvin-n022
   NumNodes=10 NumCPUs=132 NumTasks=128 CPUs/Task=1 ReqB:S:C:T=0:0:*:*
   TRES=cpu=132,mem=253000M,node=11,billing=132
   Socks/Node=* NtasksPerN:B:S:C=0:0:*:* CoreSpec=*
   JOB_GRES=(null)
     Nodes=kelvin-n[022-023,039,046-048,052,055,058,068,097] CPU_IDs=0-11 Mem=23000 GRES=
   MinCPUsNode=1 MinMemoryNode=23000M MinTmpDiskNode=0
   Features=(null) DelayBoot=00:00:00
   OverSubscribe=NO Contiguous=0 Licenses=(null) Network=(null)
   Command=/home/users/mschpc/2019/zuoy/HPC/NeuralNetwork/parallel/scripts/script_PricingDefaultRisk_d200_b64_n128.sh
   WorkDir=/home/users/mschpc/2019/zuoy/HPC/NeuralNetwork/parallel
   StdErr=/home/users/mschpc/2019/zuoy/HPC/NeuralNetwork/parallel/output/slurm-22987.out
   StdIn=/dev/null
   StdOut=/home/users/mschpc/2019/zuoy/HPC/NeuralNetwork/parallel/output/slurm-22987.out
   Power=
   NtasksPerTRES:0


Disk quota details:
===================

Quota Type           Name  Filesystem     Usage in MB     Limit in MB    % Used
-------------------------------------------------------------------------------
USER                 zuoy       /home             130          51,200     0.26%

GROUP              mschpc   /projects             999          51,200     1.95%
GROUP          pi-dgolden   /projects               0          51,200     0.00%


SLURM Bank Statement:
=====================

User           Usage |        Account     Usage | Account Limit Available (CPU hrs)
---------- --------- + -------------- --------- + ------------- ---------
zuoy          25,850 |   HPC_21_01207    25,850 |       100,000    74,150


Acknowledgements:
=================

Note that usage of TCHPC Resources *must* be acknowledged in all publications.

Please see this page for details relevant to this cluster:

http://www.tchpc.tcd.ie/resources/acknowledgementpolicy

################################################################################
