Parallel Mode: Ring-Allreduce
Dimension: 100
Total time: 1
Number of time intervals: 40
Learning rate: 0.01
y_init_range: 40, 50
Number of neurons in each hidden layer of each subnet: 110, 110, 
Epochs: 1000
Batch size: 64
Sample size: 256
Logging frequency: 100
Model name: pricing_default_risk_parallel_
Number of processors: 32


Training:
Epoch:100
In training set, loss: 3387.24, Y0: 56.2433

Epoch:200
In training set, loss: 3081.52, Y0: 56.6429

Epoch:300
In training set, loss: 2854.3, Y0: 56.6615

Epoch:400
In training set, loss: 2671.5, Y0: 56.6698

Epoch:500
In training set, loss: 2520.22, Y0: 56.6783

Epoch:600
In training set, loss: 2392.36, Y0: 56.6864

Epoch:700
In training set, loss: 2283.06, Y0: 56.6938

Epoch:800
In training set, loss: 2187.73, Y0: 56.7011

Epoch:900
In training set, loss: 2103.22, Y0: 56.7079

Epoch:1000
In training set, loss: 2028.18, Y0: 56.7144



###############################################################################
TCHPC Cluster: kelvin
Job 23974 (BSDE_job_4_procs) for User 'zuoy' in Account 'hpc_21_01207'
Finished at: Thu Nov 25 12:50:29 GMT 2021

Job efficiency estimates:
=========================

Job ID: 23974
Cluster: kelvin
User/Group: zuoy/zuoy
State: COMPLETED (exit code 0)
Nodes: 3
Cores per node: 12
CPU Utilized: 00:40:35
CPU Efficiency: 29.93% of 02:15:36 core-walltime
Job Wall-clock time: 00:03:46
Memory Utilized: 572.98 MB
Memory Efficiency: 0.83% of 67.38 GB

Job completion status:
======================

       JobID    JobName AllocCPUS NTasks NNodes     MaxRSS    MaxRSSNode  MaxDiskRead MaxDiskWrite    Elapsed      State ExitCode 
------------ ---------- --------- ------ ------ ---------- ------------- ------------ ------------ ---------- ---------- -------- 
23974        BSDE_job_+        36             3                                                      00:03:46  COMPLETED      0:0 
23974.batch       batch        12      1      1    586732K   kelvin-n035        0.86M        0.01M   00:03:46  COMPLETED      0:0 
23974.0           orted        24      2      2                                                      00:03:45  COMPLETED      0:0 


Job details:
============

JobId=23974 JobName=BSDE_job_4_procs
   UserId=zuoy(1582) GroupId=zuoy(1252) MCS_label=N/A
   Priority=10535507 Nice=0 Account=hpc_21_01207 QOS=normal
   JobState=COMPLETING Reason=None Dependency=(null)
   Requeue=0 Restarts=0 BatchFlag=1 Reboot=0 ExitCode=0:0
   DerivedExitCode=0:0
   RunTime=00:03:46 TimeLimit=23:00:00 TimeMin=N/A
   SubmitTime=2021-11-25T11:27:54 EligibleTime=2021-11-25T11:27:54
   AccrueTime=2021-11-25T11:27:54
   StartTime=2021-11-25T12:46:43 EndTime=2021-11-25T12:50:29 Deadline=N/A
   SuspendTime=None SecsPreSuspend=0 LastSchedEval=2021-11-25T12:46:43
   Partition=compute AllocNode:Sid=kelvin01:29505
   ReqNodeList=(null) ExcNodeList=(null)
   NodeList=kelvin-n[042,044]
   BatchHost=kelvin-n035
   NumNodes=2 NumCPUs=36 NumTasks=32 CPUs/Task=1 ReqB:S:C:T=0:0:*:*
   TRES=cpu=36,mem=69000M,node=3,billing=36
   Socks/Node=* NtasksPerN:B:S:C=0:0:*:* CoreSpec=*
   JOB_GRES=(null)
     Nodes=kelvin-n[035,042,044] CPU_IDs=0-11 Mem=23000 GRES=
   MinCPUsNode=1 MinMemoryNode=23000M MinTmpDiskNode=0
   Features=(null) DelayBoot=00:00:00
   OverSubscribe=NO Contiguous=0 Licenses=(null) Network=(null)
   Command=/home/users/mschpc/2019/zuoy/HPC/NeuralNetwork/parallel/scripts/script_PricingDefaultRisk_d100_b64_n32.sh
   WorkDir=/home/users/mschpc/2019/zuoy/HPC/NeuralNetwork/parallel
   StdErr=/home/users/mschpc/2019/zuoy/HPC/NeuralNetwork/parallel/output/slurm-23974.out
   StdIn=/dev/null
   StdOut=/home/users/mschpc/2019/zuoy/HPC/NeuralNetwork/parallel/output/slurm-23974.out
   Power=
   NtasksPerTRES:0


Disk quota details:
===================

Quota Type           Name  Filesystem     Usage in MB     Limit in MB    % Used
-------------------------------------------------------------------------------
USER                 zuoy       /home             145          51,200     0.28%

GROUP              mschpc   /projects             999          51,200     1.95%
GROUP          pi-dgolden   /projects               0          51,200     0.00%


SLURM Bank Statement:
=====================

User           Usage |        Account     Usage | Account Limit Available (CPU hrs)
---------- --------- + -------------- --------- + ------------- ---------
zuoy          28,359 |   HPC_21_01207    28,359 |       100,000    71,641


Acknowledgements:
=================

Note that usage of TCHPC Resources *must* be acknowledged in all publications.

Please see this page for details relevant to this cluster:

http://www.tchpc.tcd.ie/resources/acknowledgementpolicy

################################################################################
