Parallel Mode: Ring-Allreduce
Dimension: 300
Total time: 1
Number of time intervals: 40
Learning rate: 0.01
y_init_range: 40, 50
Number of neurons in each hidden layer of each subnet: 110, 110, 
Epochs: 1000
Batch size: 1
Sample size: 256
Logging frequency: 100
Model name: pricing_default_risk_parallel_
Number of processors: 4


Training:
Epoch:100
In training set, loss: 578.386, Y0: 51.7248

Epoch:200
In training set, loss: 333.533, Y0: 51.7829

Epoch:300
In training set, loss: 227.786, Y0: 51.8275

Epoch:400
In training set, loss: 168.089, Y0: 51.8711

Epoch:500
In training set, loss: 129.741, Y0: 51.9139

Epoch:600
In training set, loss: 102.962, Y0: 51.9541

Epoch:700
In training set, loss: 83.272, Y0: 51.9912

Epoch:800
In training set, loss: 68.2308, Y0: 52.0252

Epoch:900
In training set, loss: 56.5063, Y0: 52.0557

Epoch:1000
In training set, loss: 47.1922, Y0: 52.0831



###############################################################################
TCHPC Cluster: kelvin
Job 21291 (BSDE_job_4_procs) for User 'zuoy' in Account 'hpc_21_01207'
Finished at: Thu Nov 18 20:05:03 GMT 2021

Job efficiency estimates:
=========================

Job ID: 21291
Cluster: kelvin
User/Group: zuoy/zuoy
State: COMPLETED (exit code 0)
Nodes: 1
Cores per node: 12
CPU Utilized: 01:35:49
CPU Efficiency: 33.29% of 04:47:48 core-walltime
Job Wall-clock time: 00:23:59
Memory Utilized: 353.89 MB
Memory Efficiency: 1.54% of 22.46 GB

Job completion status:
======================

       JobID    JobName AllocCPUS NTasks NNodes     MaxRSS    MaxRSSNode  MaxDiskRead MaxDiskWrite    Elapsed      State ExitCode 
------------ ---------- --------- ------ ------ ---------- ------------- ------------ ------------ ---------- ---------- -------- 
21291        BSDE_job_+        12             1                                                      00:23:59  COMPLETED      0:0 
21291.batch       batch        12      1      1    362388K   kelvin-n061        0.86M        0.01M   00:23:59  COMPLETED      0:0 


Job details:
============

JobId=21291 JobName=BSDE_job_4_procs
   UserId=zuoy(1582) GroupId=zuoy(1252) MCS_label=N/A
   Priority=11212634 Nice=0 Account=hpc_21_01207 QOS=normal
   JobState=COMPLETING Reason=None Dependency=(null)
   Requeue=0 Restarts=0 BatchFlag=1 Reboot=0 ExitCode=0:0
   DerivedExitCode=0:0
   RunTime=00:23:59 TimeLimit=23:00:00 TimeMin=N/A
   SubmitTime=2021-11-18T14:03:08 EligibleTime=2021-11-18T14:03:08
   AccrueTime=2021-11-18T14:03:08
   StartTime=2021-11-18T19:41:04 EndTime=2021-11-18T20:05:03 Deadline=N/A
   SuspendTime=None SecsPreSuspend=0 LastSchedEval=2021-11-18T19:41:04
   Partition=compute AllocNode:Sid=kelvin01:471
   ReqNodeList=(null) ExcNodeList=(null)
   NodeList=
   BatchHost=kelvin-n061
   NumNodes=1 NumCPUs=12 NumTasks=4 CPUs/Task=1 ReqB:S:C:T=0:0:*:*
   TRES=cpu=12,mem=23000M,node=1,billing=12
   Socks/Node=* NtasksPerN:B:S:C=0:0:*:* CoreSpec=*
   JOB_GRES=(null)
     Nodes=kelvin-n061 CPU_IDs=0-11 Mem=23000 GRES=
   MinCPUsNode=1 MinMemoryNode=23000M MinTmpDiskNode=0
   Features=(null) DelayBoot=00:00:00
   OverSubscribe=NO Contiguous=0 Licenses=(null) Network=(null)
   Command=/home/users/mschpc/2019/zuoy/HPC/NeuralNetwork/parallel/scripts/script_PricingDefaultRisk_d300_b1_n4.sh
   WorkDir=/home/users/mschpc/2019/zuoy/HPC/NeuralNetwork/parallel
   StdErr=/home/users/mschpc/2019/zuoy/HPC/NeuralNetwork/parallel/output/slurm-21291.out
   StdIn=/dev/null
   StdOut=/home/users/mschpc/2019/zuoy/HPC/NeuralNetwork/parallel/output/slurm-21291.out
   Power=
   NtasksPerTRES:0


Disk quota details:
===================

Quota Type           Name  Filesystem     Usage in MB     Limit in MB    % Used
-------------------------------------------------------------------------------
USER                 zuoy       /home             106          51,200     0.21%

GROUP              mschpc   /projects             999          51,200     1.95%
GROUP          pi-dgolden   /projects               0          51,200     0.00%


SLURM Bank Statement:
=====================

User           Usage |        Account     Usage | Account Limit Available (CPU hrs)
---------- --------- + -------------- --------- + ------------- ---------
zuoy           9,277 |   HPC_21_01207     9,277 |       100,000    90,723


Acknowledgements:
=================

Note that usage of TCHPC Resources *must* be acknowledged in all publications.

Please see this page for details relevant to this cluster:

http://www.tchpc.tcd.ie/resources/acknowledgementpolicy

################################################################################
