Parallel Mode: Ring-Allreduce
Dimension: 100
Total time: 1
Number of time intervals: 40
Learning rate: 0.01
y_init_range: 40, 50
Number of neurons in each hidden layer of each subnet: 110, 110, 
Epochs: 1000
Batch size: 1
Sample size: 256
Logging frequency: 100
Model name: pricing_default_risk_parallel_
Number of processors: 8


Training:
Epoch:100
In training set, loss: 1900.59, Y0: 56.5946

Epoch:200
In training set, loss: 1489.05, Y0: 56.6133

Epoch:300
In training set, loss: 1246.33, Y0: 56.6207

Epoch:400
In training set, loss: 1065.07, Y0: 56.6243

Epoch:500
In training set, loss: 918.942, Y0: 56.6246

Epoch:600
In training set, loss: 795.863, Y0: 56.6239

Epoch:700
In training set, loss: 690.136, Y0: 56.6216

Epoch:800
In training set, loss: 598.766, Y0: 56.6188

Epoch:900
In training set, loss: 519.351, Y0: 56.6161

Epoch:1000
In training set, loss: 450.373, Y0: 56.6134



###############################################################################
TCHPC Cluster: kelvin
Job 21954 (BSDE_job_4_procs) for User 'zuoy' in Account 'hpc_21_01207'
Finished at: Sat Nov 20 11:13:45 GMT 2021

Job efficiency estimates:
=========================

Job ID: 21954
Cluster: kelvin
User/Group: zuoy/zuoy
State: COMPLETED (exit code 0)
Nodes: 1
Cores per node: 12
CPU Utilized: 01:01:30
CPU Efficiency: 66.41% of 01:32:36 core-walltime
Job Wall-clock time: 00:07:43
Memory Utilized: 411.45 MB
Memory Efficiency: 1.79% of 22.46 GB

Job completion status:
======================

       JobID    JobName AllocCPUS NTasks NNodes     MaxRSS    MaxRSSNode  MaxDiskRead MaxDiskWrite    Elapsed      State ExitCode 
------------ ---------- --------- ------ ------ ---------- ------------- ------------ ------------ ---------- ---------- -------- 
21954        BSDE_job_+        12             1                                                      00:07:43  COMPLETED      0:0 
21954.batch       batch        12      1      1    421320K   kelvin-n096        0.86M        0.01M   00:07:43  COMPLETED      0:0 


Job details:
============

JobId=21954 JobName=BSDE_job_4_procs
   UserId=zuoy(1582) GroupId=zuoy(1252) MCS_label=N/A
   Priority=11097604 Nice=0 Account=hpc_21_01207 QOS=normal
   JobState=COMPLETING Reason=None Dependency=(null)
   Requeue=0 Restarts=0 BatchFlag=1 Reboot=0 ExitCode=0:0
   DerivedExitCode=0:0
   RunTime=00:07:43 TimeLimit=23:00:00 TimeMin=N/A
   SubmitTime=2021-11-20T09:20:02 EligibleTime=2021-11-20T09:20:02
   AccrueTime=2021-11-20T09:20:02
   StartTime=2021-11-20T11:06:02 EndTime=2021-11-20T11:13:45 Deadline=N/A
   SuspendTime=None SecsPreSuspend=0 LastSchedEval=2021-11-20T11:06:02
   Partition=compute AllocNode:Sid=kelvin01:23606
   ReqNodeList=(null) ExcNodeList=(null)
   NodeList=
   BatchHost=kelvin-n096
   NumNodes=1 NumCPUs=12 NumTasks=8 CPUs/Task=1 ReqB:S:C:T=0:0:*:*
   TRES=cpu=12,mem=23000M,node=1,billing=12
   Socks/Node=* NtasksPerN:B:S:C=0:0:*:* CoreSpec=*
   JOB_GRES=(null)
     Nodes=kelvin-n096 CPU_IDs=0-11 Mem=23000 GRES=
   MinCPUsNode=1 MinMemoryNode=23000M MinTmpDiskNode=0
   Features=(null) DelayBoot=00:00:00
   OverSubscribe=NO Contiguous=0 Licenses=(null) Network=(null)
   Command=/home/users/mschpc/2019/zuoy/HPC/NeuralNetwork/parallel/scripts/script_PricingDefaultRisk_d100_b1_n8.sh
   WorkDir=/home/users/mschpc/2019/zuoy/HPC/NeuralNetwork/parallel
   StdErr=/home/users/mschpc/2019/zuoy/HPC/NeuralNetwork/parallel/output/slurm-21954.out
   StdIn=/dev/null
   StdOut=/home/users/mschpc/2019/zuoy/HPC/NeuralNetwork/parallel/output/slurm-21954.out
   Power=
   NtasksPerTRES:0


Disk quota details:
===================

Quota Type           Name  Filesystem     Usage in MB     Limit in MB    % Used
-------------------------------------------------------------------------------
USER                 zuoy       /home             114          51,200     0.22%

GROUP              mschpc   /projects             999          51,200     1.95%
GROUP          pi-dgolden   /projects               0          51,200     0.00%


SLURM Bank Statement:
=====================

User           Usage |        Account     Usage | Account Limit Available (CPU hrs)
---------- --------- + -------------- --------- + ------------- ---------
zuoy          12,886 |   HPC_21_01207    12,886 |       100,000    87,114


Acknowledgements:
=================

Note that usage of TCHPC Resources *must* be acknowledged in all publications.

Please see this page for details relevant to this cluster:

http://www.tchpc.tcd.ie/resources/acknowledgementpolicy

################################################################################
