Parallel Mode: Ring-Allreduce
Dimension: 200
Total time: 1
Number of time intervals: 40
Learning rate: 0.01
y_init_range: 40, 50
Number of neurons in each hidden layer of each subnet: 110, 110, 
Epochs: 1000
Batch size: 64
Sample size: 256
Logging frequency: 100
Model name: pricing_default_risk_parallel_
Number of processors: 128


Training:
Epoch:100
In training set, loss: 28601.9, Y0: 40.4534

Epoch:200
In training set, loss: 26840.3, Y0: 40.8913

Epoch:300
In training set, loss: 25200.7, Y0: 41.3141

Epoch:400
In training set, loss: 23673, Y0: 41.7225

Epoch:500
In training set, loss: 22248.8, Y0: 42.1169

Epoch:600
In training set, loss: 20920.7, Y0: 42.4978

Epoch:700
In training set, loss: 19682.1, Y0: 42.8657

Epoch:800
In training set, loss: 18526.5, Y0: 43.221

Epoch:900
In training set, loss: 17448, Y0: 43.5643

Epoch:1000
In training set, loss: 16442.5, Y0: 43.8956



###############################################################################
TCHPC Cluster: kelvin
Job 22005 (BSDE_job_4_procs) for User 'zuoy' in Account 'hpc_21_01207'
Finished at: Sat Nov 20 10:07:14 GMT 2021

Job efficiency estimates:
=========================

Job ID: 22005
Cluster: kelvin
User/Group: zuoy/zuoy
State: COMPLETED (exit code 0)
Nodes: 11
Cores per node: 12
CPU Utilized: 01:34:57
CPU Efficiency: 8.94% of 17:42:36 core-walltime
Job Wall-clock time: 00:08:03
Memory Utilized: 846.32 MB
Memory Efficiency: 0.33% of 247.07 GB

Job completion status:
======================

       JobID    JobName AllocCPUS NTasks NNodes     MaxRSS    MaxRSSNode  MaxDiskRead MaxDiskWrite    Elapsed      State ExitCode 
------------ ---------- --------- ------ ------ ---------- ------------- ------------ ------------ ---------- ---------- -------- 
22005        BSDE_job_+       132            11                                                      00:08:03  COMPLETED      0:0 
22005.batch       batch        12      1      1    866636K   kelvin-n001        0.86M        0.01M   00:08:03  COMPLETED      0:0 
22005.0           orted       120     10     10                                                      00:08:01  COMPLETED      0:0 


Job details:
============

JobId=22005 JobName=BSDE_job_4_procs
   UserId=zuoy(1582) GroupId=zuoy(1252) MCS_label=N/A
   Priority=11070244 Nice=0 Account=hpc_21_01207 QOS=normal
   JobState=COMPLETING Reason=None Dependency=(null)
   Requeue=0 Restarts=0 BatchFlag=1 Reboot=0 ExitCode=0:0
   DerivedExitCode=0:0
   RunTime=00:08:03 TimeLimit=23:00:00 TimeMin=N/A
   SubmitTime=2021-11-20T09:20:03 EligibleTime=2021-11-20T09:20:03
   AccrueTime=2021-11-20T09:20:03
   StartTime=2021-11-20T09:59:11 EndTime=2021-11-20T10:07:14 Deadline=N/A
   SuspendTime=None SecsPreSuspend=0 LastSchedEval=2021-11-20T09:59:11
   Partition=compute AllocNode:Sid=kelvin01:23606
   ReqNodeList=(null) ExcNodeList=(null)
   NodeList=kelvin-n[020-022,050-051,054-056,058-059]
   BatchHost=kelvin-n001
   NumNodes=10 NumCPUs=132 NumTasks=128 CPUs/Task=1 ReqB:S:C:T=0:0:*:*
   TRES=cpu=132,mem=253000M,node=11,billing=132
   Socks/Node=* NtasksPerN:B:S:C=0:0:*:* CoreSpec=*
   JOB_GRES=(null)
     Nodes=kelvin-n[001,020-022,050-051,054-056,058-059] CPU_IDs=0-11 Mem=23000 GRES=
   MinCPUsNode=1 MinMemoryNode=23000M MinTmpDiskNode=0
   Features=(null) DelayBoot=00:00:00
   OverSubscribe=NO Contiguous=0 Licenses=(null) Network=(null)
   Command=/home/users/mschpc/2019/zuoy/HPC/NeuralNetwork/parallel/scripts/script_PricingDefaultRisk_d200_b64_n128.sh
   WorkDir=/home/users/mschpc/2019/zuoy/HPC/NeuralNetwork/parallel
   StdErr=/home/users/mschpc/2019/zuoy/HPC/NeuralNetwork/parallel/output/slurm-22005.out
   StdIn=/dev/null
   StdOut=/home/users/mschpc/2019/zuoy/HPC/NeuralNetwork/parallel/output/slurm-22005.out
   Power=
   NtasksPerTRES:0


Disk quota details:
===================

Quota Type           Name  Filesystem     Usage in MB     Limit in MB    % Used
-------------------------------------------------------------------------------
USER                 zuoy       /home             110          51,200     0.22%

GROUP              mschpc   /projects             999          51,200     1.95%
GROUP          pi-dgolden   /projects               0          51,200     0.00%


SLURM Bank Statement:
=====================

User           Usage |        Account     Usage | Account Limit Available (CPU hrs)
---------- --------- + -------------- --------- + ------------- ---------
zuoy          12,555 |   HPC_21_01207    12,555 |       100,000    87,445


Acknowledgements:
=================

Note that usage of TCHPC Resources *must* be acknowledged in all publications.

Please see this page for details relevant to this cluster:

http://www.tchpc.tcd.ie/resources/acknowledgementpolicy

################################################################################
