Parallel Mode: Master-Slave
Dimension: 200
Total time: 1
Number of time intervals: 40
Learning rate: 0.01
y_init_range: 40, 50
Number of neurons in each hidden layer of each subnet: 110, 110, 
Epochs: 1000
Batch size: 1
Sample size: 256
Logging frequency: 100
Model name: pricing_default_risk_parallel_
Number of processors: 16


Training:
Epoch:100
In training set, loss: 1920.54, Y0: 53.6671

Epoch:200
In training set, loss: 1446.45, Y0: 53.6708

Epoch:300
In training set, loss: 1198.8, Y0: 53.6652

Epoch:400
In training set, loss: 1043.89, Y0: 53.6578

Epoch:500
In training set, loss: 934.19, Y0: 53.6512

Epoch:600
In training set, loss: 850.407, Y0: 53.6465

Epoch:700
In training set, loss: 782.695, Y0: 53.6436

Epoch:800
In training set, loss: 725.946, Y0: 53.6413

Epoch:900
In training set, loss: 677.311, Y0: 53.6401

Epoch:1000
In training set, loss: 634.745, Y0: 53.6394



###############################################################################
TCHPC Cluster: kelvin
Job 22992 (BSDE_job_4_procs) for User 'zuoy' in Account 'hpc_21_01207'
Finished at: Mon Nov 22 02:43:17 GMT 2021

Job efficiency estimates:
=========================

Job ID: 22992
Cluster: kelvin
User/Group: zuoy/zuoy
State: COMPLETED (exit code 0)
Nodes: 2
Cores per node: 12
CPU Utilized: 01:05:55
CPU Efficiency: 33.02% of 03:19:36 core-walltime
Job Wall-clock time: 00:08:19
Memory Utilized: 565.84 MB
Memory Efficiency: 1.23% of 44.92 GB

Job completion status:
======================

       JobID    JobName AllocCPUS NTasks NNodes     MaxRSS    MaxRSSNode  MaxDiskRead MaxDiskWrite    Elapsed      State ExitCode 
------------ ---------- --------- ------ ------ ---------- ------------- ------------ ------------ ---------- ---------- -------- 
22992        BSDE_job_+        24             2                                                      00:08:19  COMPLETED      0:0 
22992.batch       batch        12      1      1    579420K   kelvin-n001        0.86M        0.01M   00:08:19  COMPLETED      0:0 
22992.0           orted        12      1      1                                                      00:08:18  COMPLETED      0:0 


Job details:
============

JobId=22992 JobName=BSDE_job_4_procs
   UserId=zuoy(1582) GroupId=zuoy(1252) MCS_label=N/A
   Priority=10500114 Nice=0 Account=hpc_21_01207 QOS=normal
   JobState=COMPLETING Reason=None Dependency=(null)
   Requeue=0 Restarts=0 BatchFlag=1 Reboot=0 ExitCode=0:0
   DerivedExitCode=0:0
   RunTime=00:08:19 TimeLimit=23:00:00 TimeMin=N/A
   SubmitTime=2021-11-22T02:27:04 EligibleTime=2021-11-22T02:27:04
   AccrueTime=2021-11-22T02:27:04
   StartTime=2021-11-22T02:34:58 EndTime=2021-11-22T02:43:17 Deadline=N/A
   SuspendTime=None SecsPreSuspend=0 LastSchedEval=2021-11-22T02:34:58
   Partition=compute AllocNode:Sid=kelvin01:12189
   ReqNodeList=(null) ExcNodeList=(null)
   NodeList=kelvin-n013
   BatchHost=kelvin-n001
   NumNodes=1 NumCPUs=24 NumTasks=16 CPUs/Task=1 ReqB:S:C:T=0:0:*:*
   TRES=cpu=24,mem=46000M,node=2,billing=24
   Socks/Node=* NtasksPerN:B:S:C=0:0:*:* CoreSpec=*
   JOB_GRES=(null)
     Nodes=kelvin-n[001,013] CPU_IDs=0-11 Mem=23000 GRES=
   MinCPUsNode=1 MinMemoryNode=23000M MinTmpDiskNode=0
   Features=(null) DelayBoot=00:00:00
   OverSubscribe=NO Contiguous=0 Licenses=(null) Network=(null)
   Command=/home/users/mschpc/2019/zuoy/HPC/NeuralNetwork/parallel/scripts/script_PricingDefaultRisk_d200_b1_n16.sh
   WorkDir=/home/users/mschpc/2019/zuoy/HPC/NeuralNetwork/parallel
   StdErr=/home/users/mschpc/2019/zuoy/HPC/NeuralNetwork/parallel/output/slurm-22992.out
   StdIn=/dev/null
   StdOut=/home/users/mschpc/2019/zuoy/HPC/NeuralNetwork/parallel/output/slurm-22992.out
   Power=
   NtasksPerTRES:0


Disk quota details:
===================

Quota Type           Name  Filesystem     Usage in MB     Limit in MB    % Used
-------------------------------------------------------------------------------
USER                 zuoy       /home             129          51,200     0.25%

GROUP              mschpc   /projects             999          51,200     1.95%
GROUP          pi-dgolden   /projects               0          51,200     0.00%


SLURM Bank Statement:
=====================

User           Usage |        Account     Usage | Account Limit Available (CPU hrs)
---------- --------- + -------------- --------- + ------------- ---------
zuoy          23,830 |   HPC_21_01207    23,830 |       100,000    76,170


Acknowledgements:
=================

Note that usage of TCHPC Resources *must* be acknowledged in all publications.

Please see this page for details relevant to this cluster:

http://www.tchpc.tcd.ie/resources/acknowledgementpolicy

################################################################################
