Parallel Mode: Master-Slave
Dimension: 200
Total time: 1
Number of time intervals: 40
Learning rate: 0.01
y_init_range: 40, 50
Number of neurons in each hidden layer of each subnet: 110, 110, 
Epochs: 1000
Batch size: 64
Sample size: 256
Logging frequency: 100
Model name: pricing_default_risk_parallel_
Number of processors: 32


Training:
Epoch:100
In training set, loss: 2086.5, Y0: 53.6192

Epoch:200
In training set, loss: 1849.85, Y0: 53.9708

Epoch:300
In training set, loss: 1677.27, Y0: 54.0216

Epoch:400
In training set, loss: 1541.91, Y0: 54.0591

Epoch:500
In training set, loss: 1433.24, Y0: 54.0912

Epoch:600
In training set, loss: 1344.38, Y0: 54.1187

Epoch:700
In training set, loss: 1270.37, Y0: 54.1426

Epoch:800
In training set, loss: 1207.63, Y0: 54.1633

Epoch:900
In training set, loss: 1153.55, Y0: 54.1816

Epoch:1000
In training set, loss: 1106.32, Y0: 54.1976



###############################################################################
TCHPC Cluster: kelvin
Job 23558 (BSDE_job_4_procs) for User 'zuoy' in Account 'hpc_21_01207'
Finished at: Wed Nov 24 08:56:14 GMT 2021

Job efficiency estimates:
=========================

Job ID: 23558
Cluster: kelvin
User/Group: zuoy/zuoy
State: COMPLETED (exit code 0)
Nodes: 3
Cores per node: 12
CPU Utilized: 01:19:22
CPU Efficiency: 29.99% of 04:24:36 core-walltime
Job Wall-clock time: 00:07:21
Memory Utilized: 796.64 MB
Memory Efficiency: 1.15% of 67.38 GB

Job completion status:
======================

       JobID    JobName AllocCPUS NTasks NNodes     MaxRSS    MaxRSSNode  MaxDiskRead MaxDiskWrite    Elapsed      State ExitCode 
------------ ---------- --------- ------ ------ ---------- ------------- ------------ ------------ ---------- ---------- -------- 
23558        BSDE_job_+        36             3                                                      00:07:21  COMPLETED      0:0 
23558.batch       batch        12      1      1    815756K   kelvin-n063        0.86M        0.01M   00:07:21  COMPLETED      0:0 
23558.0           orted        24      2      2                                                      00:07:20  COMPLETED      0:0 


Job details:
============

JobId=23558 JobName=BSDE_job_4_procs
   UserId=zuoy(1582) GroupId=zuoy(1252) MCS_label=N/A
   Priority=10962789 Nice=0 Account=hpc_21_01207 QOS=normal
   JobState=COMPLETING Reason=None Dependency=(null)
   Requeue=0 Restarts=0 BatchFlag=1 Reboot=0 ExitCode=0:0
   DerivedExitCode=0:0
   RunTime=00:07:21 TimeLimit=23:00:00 TimeMin=N/A
   SubmitTime=2021-11-23T17:09:30 EligibleTime=2021-11-23T17:09:30
   AccrueTime=2021-11-23T17:09:30
   StartTime=2021-11-24T08:48:53 EndTime=2021-11-24T08:56:14 Deadline=N/A
   SuspendTime=None SecsPreSuspend=0 LastSchedEval=2021-11-24T08:48:53
   Partition=compute AllocNode:Sid=kelvin01:24748
   ReqNodeList=(null) ExcNodeList=(null)
   NodeList=kelvin-n[064-065]
   BatchHost=kelvin-n063
   NumNodes=2 NumCPUs=36 NumTasks=32 CPUs/Task=1 ReqB:S:C:T=0:0:*:*
   TRES=cpu=36,mem=69000M,node=3,billing=36
   Socks/Node=* NtasksPerN:B:S:C=0:0:*:* CoreSpec=*
   JOB_GRES=(null)
     Nodes=kelvin-n[063-065] CPU_IDs=0-11 Mem=23000 GRES=
   MinCPUsNode=1 MinMemoryNode=23000M MinTmpDiskNode=0
   Features=(null) DelayBoot=00:00:00
   OverSubscribe=NO Contiguous=0 Licenses=(null) Network=(null)
   Command=/home/users/mschpc/2019/zuoy/HPC/NeuralNetwork/parallel/scripts/script_PricingDefaultRisk_d200_b64_n32.sh
   WorkDir=/home/users/mschpc/2019/zuoy/HPC/NeuralNetwork/parallel
   StdErr=/home/users/mschpc/2019/zuoy/HPC/NeuralNetwork/parallel/output/slurm-23558.out
   StdIn=/dev/null
   StdOut=/home/users/mschpc/2019/zuoy/HPC/NeuralNetwork/parallel/output/slurm-23558.out
   Power=
   NtasksPerTRES:0


Disk quota details:
===================

Quota Type           Name  Filesystem     Usage in MB     Limit in MB    % Used
-------------------------------------------------------------------------------
USER                 zuoy       /home             140          51,200     0.27%

GROUP              mschpc   /projects             999          51,200     1.95%
GROUP          pi-dgolden   /projects               0          51,200     0.00%


SLURM Bank Statement:
=====================

User           Usage |        Account     Usage | Account Limit Available (CPU hrs)
---------- --------- + -------------- --------- + ------------- ---------
zuoy          28,967 |   HPC_21_01207    28,967 |       100,000    71,033


Acknowledgements:
=================

Note that usage of TCHPC Resources *must* be acknowledged in all publications.

Please see this page for details relevant to this cluster:

http://www.tchpc.tcd.ie/resources/acknowledgementpolicy

################################################################################
