Parallel Mode: Master-Slave
Dimension: 100
Total time: 1
Number of time intervals: 40
Learning rate: 0.01
y_init_range: 40, 50
Number of neurons in each hidden layer of each subnet: 110, 110, 
Epochs: 1000
Batch size: 64
Sample size: 256
Logging frequency: 100
Model name: pricing_default_risk_parallel_
Number of processors: 64


Training:
Epoch:100
In training set, loss: 36040.9, Y0: 41.0453

Epoch:200
In training set, loss: 31719.6, Y0: 42.0204

Epoch:300
In training set, loss: 27964.7, Y0: 42.9304

Epoch:400
In training set, loss: 24696.5, Y0: 43.7798

Epoch:500
In training set, loss: 21850.2, Y0: 44.5726

Epoch:600
In training set, loss: 19370.5, Y0: 45.3127

Epoch:700
In training set, loss: 17214.1, Y0: 46.0036

Epoch:800
In training set, loss: 15361.3, Y0: 46.6495

Epoch:900
In training set, loss: 13776.4, Y0: 47.2544

Epoch:1000
In training set, loss: 12414.7, Y0: 47.8217



###############################################################################
TCHPC Cluster: kelvin
Job 22981 (BSDE_job_4_procs) for User 'zuoy' in Account 'hpc_21_01207'
Finished at: Mon Nov 22 07:08:17 GMT 2021

Job efficiency estimates:
=========================

Job ID: 22981
Cluster: kelvin
User/Group: zuoy/zuoy
State: COMPLETED (exit code 0)
Nodes: 6
Cores per node: 12
CPU Utilized: 01:09:49
CPU Efficiency: 14.96% of 07:46:48 core-walltime
Job Wall-clock time: 00:06:29
Memory Utilized: 745.93 MB
Memory Efficiency: 0.54% of 134.77 GB

Job completion status:
======================

       JobID    JobName AllocCPUS NTasks NNodes     MaxRSS    MaxRSSNode  MaxDiskRead MaxDiskWrite    Elapsed      State ExitCode 
------------ ---------- --------- ------ ------ ---------- ------------- ------------ ------------ ---------- ---------- -------- 
22981        BSDE_job_+        72             6                                                      00:06:29  COMPLETED      0:0 
22981.batch       batch        12      1      1    763832K   kelvin-n039        0.86M        0.01M   00:06:29  COMPLETED      0:0 
22981.0           orted        60      5      5                                                      00:06:28  COMPLETED      0:0 


Job details:
============

JobId=22981 JobName=BSDE_job_4_procs
   UserId=zuoy(1582) GroupId=zuoy(1252) MCS_label=N/A
   Priority=10635403 Nice=0 Account=hpc_21_01207 QOS=normal
   JobState=COMPLETING Reason=None Dependency=(null)
   Requeue=0 Restarts=0 BatchFlag=1 Reboot=0 ExitCode=0:0
   DerivedExitCode=0:0
   RunTime=00:06:29 TimeLimit=23:00:00 TimeMin=N/A
   SubmitTime=2021-11-22T02:25:04 EligibleTime=2021-11-22T02:25:04
   AccrueTime=2021-11-22T02:25:04
   StartTime=2021-11-22T07:01:48 EndTime=2021-11-22T07:08:17 Deadline=N/A
   SuspendTime=None SecsPreSuspend=0 LastSchedEval=2021-11-22T07:01:48
   Partition=compute AllocNode:Sid=kelvin01:12189
   ReqNodeList=(null) ExcNodeList=(null)
   NodeList=kelvin-n[045-048,097]
   BatchHost=kelvin-n039
   NumNodes=5 NumCPUs=72 NumTasks=64 CPUs/Task=1 ReqB:S:C:T=0:0:*:*
   TRES=cpu=72,mem=138000M,node=6,billing=72
   Socks/Node=* NtasksPerN:B:S:C=0:0:*:* CoreSpec=*
   JOB_GRES=(null)
     Nodes=kelvin-n[039,045-048,097] CPU_IDs=0-11 Mem=23000 GRES=
   MinCPUsNode=1 MinMemoryNode=23000M MinTmpDiskNode=0
   Features=(null) DelayBoot=00:00:00
   OverSubscribe=NO Contiguous=0 Licenses=(null) Network=(null)
   Command=/home/users/mschpc/2019/zuoy/HPC/NeuralNetwork/parallel/scripts/script_PricingDefaultRisk_d100_b64_n64.sh
   WorkDir=/home/users/mschpc/2019/zuoy/HPC/NeuralNetwork/parallel
   StdErr=/home/users/mschpc/2019/zuoy/HPC/NeuralNetwork/parallel/output/slurm-22981.out
   StdIn=/dev/null
   StdOut=/home/users/mschpc/2019/zuoy/HPC/NeuralNetwork/parallel/output/slurm-22981.out
   Power=
   NtasksPerTRES:0


Disk quota details:
===================

Quota Type           Name  Filesystem     Usage in MB     Limit in MB    % Used
-------------------------------------------------------------------------------
USER                 zuoy       /home             131          51,200     0.26%

GROUP              mschpc   /projects             999          51,200     1.95%
GROUP          pi-dgolden   /projects               0          51,200     0.00%


SLURM Bank Statement:
=====================

User           Usage |        Account     Usage | Account Limit Available (CPU hrs)
---------- --------- + -------------- --------- + ------------- ---------
zuoy          25,905 |   HPC_21_01207    25,905 |       100,000    74,095


Acknowledgements:
=================

Note that usage of TCHPC Resources *must* be acknowledged in all publications.

Please see this page for details relevant to this cluster:

http://www.tchpc.tcd.ie/resources/acknowledgementpolicy

################################################################################
