Parallel Mode: Master-Slave
Dimension: 100
Total time: 1
Number of time intervals: 20
Learning rate: 0.01
y_init_range: 0, 1
Number of neurons in each hidden layer of each subnet: 110, 110, 
Epochs: 1000
Batch size: 64
Sample size: 1024
Logging frequency: 100
Model name: HJBLQ_parallel_
Number of processors: 32


Training:
Epoch:100
In training set, loss: 38.9757, Y0: 4.49821

Epoch:200
In training set, loss: 33.9684, Y0: 4.51137

Epoch:300
In training set, loss: 32.2474, Y0: 4.51552

Epoch:400
In training set, loss: 31.2362, Y0: 4.51721

Epoch:500
In training set, loss: 30.4223, Y0: 4.5181

Epoch:600
In training set, loss: 29.6809, Y0: 4.5187

Epoch:700
In training set, loss: 28.9765, Y0: 4.51918

Epoch:800
In training set, loss: 28.2974, Y0: 4.5196

Epoch:900
In training set, loss: 27.6393, Y0: 4.52

Epoch:1000
In training set, loss: 27.0003, Y0: 4.52038



###############################################################################
TCHPC Cluster: kelvin
Job 23328 (BSDE_job_4_procs) for User 'zuoy' in Account 'hpc_21_01207'
Finished at: Tue Nov 23 16:40:34 GMT 2021

Job efficiency estimates:
=========================

Job ID: 23328
Cluster: kelvin
User/Group: zuoy/zuoy
State: COMPLETED (exit code 0)
Nodes: 3
Cores per node: 12
CPU Utilized: 00:44:45
CPU Efficiency: 30.07% of 02:28:48 core-walltime
Job Wall-clock time: 00:04:08
Memory Utilized: 661.90 MB
Memory Efficiency: 0.96% of 67.38 GB

Job completion status:
======================

       JobID    JobName AllocCPUS NTasks NNodes     MaxRSS    MaxRSSNode  MaxDiskRead MaxDiskWrite    Elapsed      State ExitCode 
------------ ---------- --------- ------ ------ ---------- ------------- ------------ ------------ ---------- ---------- -------- 
23328        BSDE_job_+        36             3                                                      00:04:08  COMPLETED      0:0 
23328.batch       batch        12      1      1    677784K   kelvin-n061        0.87M        0.01M   00:04:08  COMPLETED      0:0 
23328.0           orted        24      2      2                                                      00:04:07  COMPLETED      0:0 


Job details:
============

JobId=23328 JobName=BSDE_job_4_procs
   UserId=zuoy(1582) GroupId=zuoy(1252) MCS_label=N/A
   Priority=10923710 Nice=0 Account=hpc_21_01207 QOS=normal
   JobState=COMPLETING Reason=None Dependency=(null)
   Requeue=0 Restarts=0 BatchFlag=1 Reboot=0 ExitCode=0:0
   DerivedExitCode=0:0
   RunTime=00:04:08 TimeLimit=23:00:00 TimeMin=N/A
   SubmitTime=2021-11-23T02:15:17 EligibleTime=2021-11-23T02:15:17
   AccrueTime=2021-11-23T02:15:17
   StartTime=2021-11-23T16:36:26 EndTime=2021-11-23T16:40:34 Deadline=N/A
   SuspendTime=None SecsPreSuspend=0 LastSchedEval=2021-11-23T16:36:26
   Partition=compute AllocNode:Sid=kelvin01:730
   ReqNodeList=(null) ExcNodeList=(null)
   NodeList=kelvin-n[065,070]
   BatchHost=kelvin-n061
   NumNodes=2 NumCPUs=36 NumTasks=32 CPUs/Task=1 ReqB:S:C:T=0:0:*:*
   TRES=cpu=36,mem=69000M,node=3,billing=36
   Socks/Node=* NtasksPerN:B:S:C=0:0:*:* CoreSpec=*
   JOB_GRES=(null)
     Nodes=kelvin-n[061,065,070] CPU_IDs=0-11 Mem=23000 GRES=
   MinCPUsNode=1 MinMemoryNode=23000M MinTmpDiskNode=0
   Features=(null) DelayBoot=00:00:00
   OverSubscribe=NO Contiguous=0 Licenses=(null) Network=(null)
   Command=/home/users/mschpc/2019/zuoy/HPC/NeuralNetwork/parallel/scripts/script_HJBLQ_d100_b64_n32.sh
   WorkDir=/home/users/mschpc/2019/zuoy/HPC/NeuralNetwork/parallel
   StdErr=/home/users/mschpc/2019/zuoy/HPC/NeuralNetwork/parallel/output/slurm-23328.out
   StdIn=/dev/null
   StdOut=/home/users/mschpc/2019/zuoy/HPC/NeuralNetwork/parallel/output/slurm-23328.out
   Power=
   NtasksPerTRES:0


Disk quota details:
===================

Quota Type           Name  Filesystem     Usage in MB     Limit in MB    % Used
-------------------------------------------------------------------------------
USER                 zuoy       /home             139          51,200     0.27%

GROUP              mschpc   /projects             999          51,200     1.95%
GROUP          pi-dgolden   /projects               0          51,200     0.00%


SLURM Bank Statement:
=====================

User           Usage |        Account     Usage | Account Limit Available (CPU hrs)
---------- --------- + -------------- --------- + ------------- ---------
zuoy          27,405 |   HPC_21_01207    27,405 |       100,000    72,595


Acknowledgements:
=================

Note that usage of TCHPC Resources *must* be acknowledged in all publications.

Please see this page for details relevant to this cluster:

http://www.tchpc.tcd.ie/resources/acknowledgementpolicy

################################################################################
