Parallel Mode: Master-Slave
Dimension: 100
Total time: 0.3
Number of time intervals: 20
Learning rate: 0.0005
y_init_range: 0.3, 0.5
Number of neurons in each hidden layer of each subnet: 110, 110, 
Epochs: 4000
Batch size: 64
Sample size: 1024
Logging frequency: 100
Model name: AllenCahn_parallel_
Number of processors: 8


Training:
Epoch:100
In training set, loss: 24.8932, Y0: 0.284936

Epoch:200
In training set, loss: 22.863, Y0: 0.270888

Epoch:300
In training set, loss: 21.0925, Y0: 0.257771

Epoch:400
In training set, loss: 19.5443, Y0: 0.245506

Epoch:500
In training set, loss: 18.1876, Y0: 0.234027

Epoch:600
In training set, loss: 16.9962, Y0: 0.223271

Epoch:700
In training set, loss: 15.9483, Y0: 0.213186

Epoch:800
In training set, loss: 15.025, Y0: 0.203721

Epoch:900
In training set, loss: 14.2104, Y0: 0.194834

Epoch:1000
In training set, loss: 13.4908, Y0: 0.186483

Epoch:1100
In training set, loss: 12.8544, Y0: 0.178632

Epoch:1200
In training set, loss: 12.291, Y0: 0.171247

Epoch:1300
In training set, loss: 11.7918, Y0: 0.164299

Epoch:1400
In training set, loss: 11.3491, Y0: 0.157759

Epoch:1500
In training set, loss: 10.9561, Y0: 0.1516

Epoch:1600
In training set, loss: 10.6071, Y0: 0.145799

Epoch:1700
In training set, loss: 10.2969, Y0: 0.140333

Epoch:1800
In training set, loss: 10.021, Y0: 0.135183

Epoch:1900
In training set, loss: 9.77547, Y0: 0.130328

Epoch:2000
In training set, loss: 9.55685, Y0: 0.12575

Epoch:2100
In training set, loss: 9.36205, Y0: 0.121434

Epoch:2200
In training set, loss: 9.18838, Y0: 0.117363

Epoch:2300
In training set, loss: 9.03348, Y0: 0.113523

Epoch:2400
In training set, loss: 8.89523, Y0: 0.109901

Epoch:2500
In training set, loss: 8.77178, Y0: 0.106483

Epoch:2600
In training set, loss: 8.66146, Y0: 0.103258

Epoch:2700
In training set, loss: 8.56283, Y0: 0.100214

Epoch:2800
In training set, loss: 8.47459, Y0: 0.0973415

Epoch:2900
In training set, loss: 8.39559, Y0: 0.0946302

Epoch:3000
In training set, loss: 8.32482, Y0: 0.0920708

Epoch:3100
In training set, loss: 8.26136, Y0: 0.0896546

Epoch:3200
In training set, loss: 8.20442, Y0: 0.0873735

Epoch:3300
In training set, loss: 8.15328, Y0: 0.0852197

Epoch:3400
In training set, loss: 8.10731, Y0: 0.0831861

Epoch:3500
In training set, loss: 8.06595, Y0: 0.0812659

Epoch:3600
In training set, loss: 8.02868, Y0: 0.0794526

Epoch:3700
In training set, loss: 7.99507, Y0: 0.0777402

Epoch:3800
In training set, loss: 7.96471, Y0: 0.076123

Epoch:3900
In training set, loss: 7.93726, Y0: 0.0745957

Epoch:4000
In training set, loss: 7.91239, Y0: 0.0731533



###############################################################################
TCHPC Cluster: kelvin
Job 22609 (BSDE_job_4_procs) for User 'zuoy' in Account 'hpc_21_01207'
Finished at: Sun Nov 21 15:49:09 GMT 2021

Job efficiency estimates:
=========================

Job ID: 22609
Cluster: kelvin
User/Group: zuoy/zuoy
State: COMPLETED (exit code 0)
Nodes: 1
Cores per node: 12
CPU Utilized: 02:54:33
CPU Efficiency: 66.62% of 04:22:00 core-walltime
Job Wall-clock time: 00:21:50
Memory Utilized: 422.55 MB
Memory Efficiency: 1.84% of 22.46 GB

Job completion status:
======================

       JobID    JobName AllocCPUS NTasks NNodes     MaxRSS    MaxRSSNode  MaxDiskRead MaxDiskWrite    Elapsed      State ExitCode 
------------ ---------- --------- ------ ------ ---------- ------------- ------------ ------------ ---------- ---------- -------- 
22609        BSDE_job_+        12             1                                                      00:21:50  COMPLETED      0:0 
22609.batch       batch        12      1      1    432692K   kelvin-n024        0.86M        0.01M   00:21:50  COMPLETED      0:0 


Job details:
============

JobId=22609 JobName=BSDE_job_4_procs
   UserId=zuoy(1582) GroupId=zuoy(1252) MCS_label=N/A
   Priority=11006381 Nice=0 Account=hpc_21_01207 QOS=normal
   JobState=COMPLETING Reason=None Dependency=(null)
   Requeue=0 Restarts=0 BatchFlag=1 Reboot=0 ExitCode=0:0
   DerivedExitCode=0:0
   RunTime=00:21:50 TimeLimit=23:00:00 TimeMin=N/A
   SubmitTime=2021-11-21T13:03:24 EligibleTime=2021-11-21T13:03:24
   AccrueTime=2021-11-21T13:03:24
   StartTime=2021-11-21T15:27:19 EndTime=2021-11-21T15:49:09 Deadline=N/A
   SuspendTime=None SecsPreSuspend=0 LastSchedEval=2021-11-21T15:27:19
   Partition=compute AllocNode:Sid=kelvin01:30506
   ReqNodeList=(null) ExcNodeList=(null)
   NodeList=
   BatchHost=kelvin-n024
   NumNodes=1 NumCPUs=12 NumTasks=8 CPUs/Task=1 ReqB:S:C:T=0:0:*:*
   TRES=cpu=12,mem=23000M,node=1,billing=12
   Socks/Node=* NtasksPerN:B:S:C=0:0:*:* CoreSpec=*
   JOB_GRES=(null)
     Nodes=kelvin-n024 CPU_IDs=0-11 Mem=23000 GRES=
   MinCPUsNode=1 MinMemoryNode=23000M MinTmpDiskNode=0
   Features=(null) DelayBoot=00:00:00
   OverSubscribe=NO Contiguous=0 Licenses=(null) Network=(null)
   Command=/home/users/mschpc/2019/zuoy/HPC/NeuralNetwork/parallel/scripts/script_AllenCahn_d100_b64_n8.sh
   WorkDir=/home/users/mschpc/2019/zuoy/HPC/NeuralNetwork/parallel
   StdErr=/home/users/mschpc/2019/zuoy/HPC/NeuralNetwork/parallel/output/slurm-22609.out
   StdIn=/dev/null
   StdOut=/home/users/mschpc/2019/zuoy/HPC/NeuralNetwork/parallel/output/slurm-22609.out
   Power=
   NtasksPerTRES:0


Disk quota details:
===================

Quota Type           Name  Filesystem     Usage in MB     Limit in MB    % Used
-------------------------------------------------------------------------------
USER                 zuoy       /home             126          51,200     0.25%

GROUP              mschpc   /projects             999          51,200     1.95%
GROUP          pi-dgolden   /projects               0          51,200     0.00%


SLURM Bank Statement:
=====================

User           Usage |        Account     Usage | Account Limit Available (CPU hrs)
---------- --------- + -------------- --------- + ------------- ---------
zuoy          19,349 |   HPC_21_01207    19,349 |       100,000    80,651


Acknowledgements:
=================

Note that usage of TCHPC Resources *must* be acknowledged in all publications.

Please see this page for details relevant to this cluster:

http://www.tchpc.tcd.ie/resources/acknowledgementpolicy

################################################################################
