Parallel Mode: Master-Slave
Dimension: 100
Total time: 1
Number of time intervals: 20
Learning rate: 0.01
y_init_range: 0, 1
Number of neurons in each hidden layer of each subnet: 110, 110, 
Epochs: 1000
Batch size: 1
Sample size: 1024
Logging frequency: 100
Model name: HJBLQ_parallel_
Number of processors: 4


Training:
Epoch:100
In training set, loss: 22.3256, Y0: 4.5374

Epoch:200
In training set, loss: 15.8194, Y0: 4.53948

Epoch:300
In training set, loss: 11.4812, Y0: 4.5408

Epoch:400
In training set, loss: 8.50878, Y0: 4.54164

Epoch:500
In training set, loss: 6.42074, Y0: 4.54219

Epoch:600
In training set, loss: 4.9206, Y0: 4.54253

Epoch:700
In training set, loss: 3.82107, Y0: 4.54275

Epoch:800
In training set, loss: 3.00088, Y0: 4.54287

Epoch:900
In training set, loss: 2.37959, Y0: 4.54293

Epoch:1000
In training set, loss: 1.90262, Y0: 4.54295



###############################################################################
TCHPC Cluster: kelvin
Job 22552 (BSDE_job_4_procs) for User 'zuoy' in Account 'hpc_21_01207'
Finished at: Sun Nov 21 13:40:53 GMT 2021

Job efficiency estimates:
=========================

Job ID: 22552
Cluster: kelvin
User/Group: zuoy/zuoy
State: COMPLETED (exit code 0)
Nodes: 1
Cores per node: 12
CPU Utilized: 00:52:43
CPU Efficiency: 33.28% of 02:38:24 core-walltime
Job Wall-clock time: 00:13:12
Memory Utilized: 213.27 MB
Memory Efficiency: 0.93% of 22.46 GB

Job completion status:
======================

       JobID    JobName AllocCPUS NTasks NNodes     MaxRSS    MaxRSSNode  MaxDiskRead MaxDiskWrite    Elapsed      State ExitCode 
------------ ---------- --------- ------ ------ ---------- ------------- ------------ ------------ ---------- ---------- -------- 
22552        BSDE_job_+        12             1                                                      00:13:12  COMPLETED      0:0 
22552.batch       batch        12      1      1    218384K   kelvin-n048        0.86M        0.01M   00:13:12  COMPLETED      0:0 


Job details:
============

JobId=22552 JobName=BSDE_job_4_procs
   UserId=zuoy(1582) GroupId=zuoy(1252) MCS_label=N/A
   Priority=11018154 Nice=0 Account=hpc_21_01207 QOS=normal
   JobState=COMPLETING Reason=None Dependency=(null)
   Requeue=0 Restarts=0 BatchFlag=1 Reboot=0 ExitCode=0:0
   DerivedExitCode=0:0
   RunTime=00:13:12 TimeLimit=23:00:00 TimeMin=N/A
   SubmitTime=2021-11-21T10:39:40 EligibleTime=2021-11-21T10:39:40
   AccrueTime=2021-11-21T10:39:40
   StartTime=2021-11-21T13:27:41 EndTime=2021-11-21T13:40:53 Deadline=N/A
   SuspendTime=None SecsPreSuspend=0 LastSchedEval=2021-11-21T13:27:41
   Partition=compute AllocNode:Sid=kelvin01:12117
   ReqNodeList=(null) ExcNodeList=(null)
   NodeList=
   BatchHost=kelvin-n048
   NumNodes=1 NumCPUs=12 NumTasks=4 CPUs/Task=1 ReqB:S:C:T=0:0:*:*
   TRES=cpu=12,mem=23000M,node=1,billing=12
   Socks/Node=* NtasksPerN:B:S:C=0:0:*:* CoreSpec=*
   JOB_GRES=(null)
     Nodes=kelvin-n048 CPU_IDs=0-11 Mem=23000 GRES=
   MinCPUsNode=1 MinMemoryNode=23000M MinTmpDiskNode=0
   Features=(null) DelayBoot=00:00:00
   OverSubscribe=NO Contiguous=0 Licenses=(null) Network=(null)
   Command=/home/users/mschpc/2019/zuoy/HPC/NeuralNetwork/parallel/scripts/script_HJBLQ_d100_b1_n4.sh
   WorkDir=/home/users/mschpc/2019/zuoy/HPC/NeuralNetwork/parallel
   StdErr=/home/users/mschpc/2019/zuoy/HPC/NeuralNetwork/parallel/output/slurm-22552.out
   StdIn=/dev/null
   StdOut=/home/users/mschpc/2019/zuoy/HPC/NeuralNetwork/parallel/output/slurm-22552.out
   Power=
   NtasksPerTRES:0


Disk quota details:
===================

Quota Type           Name  Filesystem     Usage in MB     Limit in MB    % Used
-------------------------------------------------------------------------------
USER                 zuoy       /home             124          51,200     0.24%

GROUP              mschpc   /projects             999          51,200     1.95%
GROUP          pi-dgolden   /projects               0          51,200     0.00%


SLURM Bank Statement:
=====================

User           Usage |        Account     Usage | Account Limit Available (CPU hrs)
---------- --------- + -------------- --------- + ------------- ---------
zuoy          18,399 |   HPC_21_01207    18,399 |       100,000    81,601


Acknowledgements:
=================

Note that usage of TCHPC Resources *must* be acknowledged in all publications.

Please see this page for details relevant to this cluster:

http://www.tchpc.tcd.ie/resources/acknowledgementpolicy

################################################################################
