Parallel Mode: Ring-Allreduce
Dimension: 100
Total time: 1
Number of time intervals: 20
Learning rate: 0.01
y_init_range: 0, 1
Number of neurons in each hidden layer of each subnet: 110, 110, 
Epochs: 1000
Batch size: 64
Sample size: 1024
Logging frequency: 100
Model name: HJBLQ_parallel_
Number of processors: 16


Training:
slurmstepd: error: *** JOB 22033 ON kelvin-n055 CANCELLED AT 2021-11-20T12:29:30 ***


###############################################################################
TCHPC Cluster: kelvin
Job 22033 (BSDE_job_4_procs) for User 'zuoy' in Account 'hpc_21_01207'
Finished at: Sat Nov 20 12:29:30 GMT 2021

Job efficiency estimates:
=========================

Job ID: 22033
Cluster: kelvin
User/Group: zuoy/zuoy
State: CANCELLED (exit code 0)
Nodes: 2
Cores per node: 12
CPU Utilized: 00:00:00
CPU Efficiency: 0.00% of 1-04:30:48 core-walltime
Job Wall-clock time: 01:11:17
Memory Utilized: 0.00 MB (estimated maximum)
Memory Efficiency: 0.00% of 44.92 GB (22.46 GB/node)

Job completion status:
======================

       JobID    JobName AllocCPUS NTasks NNodes     MaxRSS    MaxRSSNode  MaxDiskRead MaxDiskWrite    Elapsed      State ExitCode 
------------ ---------- --------- ------ ------ ---------- ------------- ------------ ------------ ---------- ---------- -------- 
22033        BSDE_job_+        24             2                                                      01:11:17 CANCELLED+      0:0 
22033.batch       batch        12      1      1                                                      01:11:17  CANCELLED      0:0 
22033.0           orted        12      1      1                                                      01:11:16  CANCELLED      0:0 


Job details:
============

JobId=22033 JobName=BSDE_job_4_procs
   UserId=zuoy(1582) GroupId=zuoy(1252) MCS_label=N/A
   Priority=11103161 Nice=0 Account=hpc_21_01207 QOS=normal
   JobState=COMPLETING Reason=None Dependency=(null)
   Requeue=0 Restarts=0 BatchFlag=1 Reboot=0 ExitCode=0:0
   DerivedExitCode=0:0
   RunTime=01:11:17 TimeLimit=23:00:00 TimeMin=N/A
   SubmitTime=2021-11-20T09:22:01 EligibleTime=2021-11-20T09:22:01
   AccrueTime=2021-11-20T09:22:01
   StartTime=2021-11-20T11:18:13 EndTime=2021-11-20T12:29:30 Deadline=N/A
   SuspendTime=None SecsPreSuspend=0 LastSchedEval=2021-11-20T11:18:13
   Partition=compute AllocNode:Sid=kelvin01:23606
   ReqNodeList=(null) ExcNodeList=(null)
   NodeList=kelvin-n[055,059]
   BatchHost=kelvin-n055
   NumNodes=2 NumCPUs=24 NumTasks=16 CPUs/Task=1 ReqB:S:C:T=0:0:*:*
   TRES=cpu=24,mem=46000M,node=2,billing=24
   Socks/Node=* NtasksPerN:B:S:C=0:0:*:* CoreSpec=*
   JOB_GRES=(null)
     Nodes=kelvin-n[055,059] CPU_IDs=0-11 Mem=23000 GRES=
   MinCPUsNode=1 MinMemoryNode=23000M MinTmpDiskNode=0
   Features=(null) DelayBoot=00:00:00
   OverSubscribe=NO Contiguous=0 Licenses=(null) Network=(null)
   Command=/home/users/mschpc/2019/zuoy/HPC/NeuralNetwork/parallel/scripts/script_HJBLQ_d100_b64_n16.sh
   WorkDir=/home/users/mschpc/2019/zuoy/HPC/NeuralNetwork/parallel
   StdErr=/home/users/mschpc/2019/zuoy/HPC/NeuralNetwork/parallel/output/slurm-22033.out
   StdIn=/dev/null
   StdOut=/home/users/mschpc/2019/zuoy/HPC/NeuralNetwork/parallel/output/slurm-22033.out
   Power=
   NtasksPerTRES:0


Disk quota details:
===================

Quota Type           Name  Filesystem     Usage in MB     Limit in MB    % Used
-------------------------------------------------------------------------------
USER                 zuoy       /home             111          51,200     0.22%

GROUP              mschpc   /projects             999          51,200     1.95%
GROUP          pi-dgolden   /projects               0          51,200     0.00%


SLURM Bank Statement:
=====================

User           Usage |        Account     Usage | Account Limit Available (CPU hrs)
---------- --------- + -------------- --------- + ------------- ---------
zuoy          13,005 |   HPC_21_01207    13,005 |       100,000    86,995


Acknowledgements:
=================

Note that usage of TCHPC Resources *must* be acknowledged in all publications.

Please see this page for details relevant to this cluster:

http://www.tchpc.tcd.ie/resources/acknowledgementpolicy

################################################################################
