Parallel Mode: Ring-Allreduce
Dimension: 100
Total time: 1
Number of time intervals: 20
Learning rate: 0.01
y_init_range: 0, 1
Number of neurons in each hidden layer of each subnet: 110, 110, 
Epochs: 1000
Batch size: 64
Sample size: 1024
Logging frequency: 100
Model name: HJBLQ_parallel_
Number of processors: 64


Training:
Epoch:100
In training set, loss: 6399.95, Y0: 1.00044

Epoch:200
In training set, loss: 3879.93, Y0: 1.7774

Epoch:300
In training set, loss: 2359.78, Y0: 2.3806

Epoch:400
In training set, loss: 1443.64, Y0: 2.8488

Epoch:500
In training set, loss: 891.908, Y0: 3.21217

Epoch:600
In training set, loss: 559.766, Y0: 3.49418

Epoch:700
In training set, loss: 359.824, Y0: 3.71308

Epoch:800
In training set, loss: 239.412, Y0: 3.88304

Epoch:900
In training set, loss: 166.817, Y0: 4.01506

Epoch:1000
In training set, loss: 122.962, Y0: 4.11765



###############################################################################
TCHPC Cluster: kelvin
Job 22039 (BSDE_job_4_procs) for User 'zuoy' in Account 'hpc_21_01207'
Finished at: Sat Nov 20 10:55:39 GMT 2021

Job efficiency estimates:
=========================

Job ID: 22039
Cluster: kelvin
User/Group: zuoy/zuoy
State: COMPLETED (exit code 0)
Nodes: 6
Cores per node: 12
CPU Utilized: 00:36:18
CPU Efficiency: 14.90% of 04:03:36 core-walltime
Job Wall-clock time: 00:03:23
Memory Utilized: 587.86 MB
Memory Efficiency: 0.43% of 134.77 GB

Job completion status:
======================

       JobID    JobName AllocCPUS NTasks NNodes     MaxRSS    MaxRSSNode  MaxDiskRead MaxDiskWrite    Elapsed      State ExitCode 
------------ ---------- --------- ------ ------ ---------- ------------- ------------ ------------ ---------- ---------- -------- 
22039        BSDE_job_+        72             6                                                      00:03:23  COMPLETED      0:0 
22039.batch       batch        12      1      1    601964K   kelvin-n050        0.86M        0.01M   00:03:23  COMPLETED      0:0 
22039.0           orted        60      5      5                                                      00:03:22  COMPLETED      0:0 


Job details:
============

JobId=22039 JobName=BSDE_job_4_procs
   UserId=zuoy(1582) GroupId=zuoy(1252) MCS_label=N/A
   Priority=11092617 Nice=0 Account=hpc_21_01207 QOS=normal
   JobState=COMPLETING Reason=None Dependency=(null)
   Requeue=0 Restarts=0 BatchFlag=1 Reboot=0 ExitCode=0:0
   DerivedExitCode=0:0
   RunTime=00:03:23 TimeLimit=23:00:00 TimeMin=N/A
   SubmitTime=2021-11-20T09:22:01 EligibleTime=2021-11-20T09:22:01
   AccrueTime=2021-11-20T09:22:01
   StartTime=2021-11-20T10:52:16 EndTime=2021-11-20T10:55:39 Deadline=N/A
   SuspendTime=None SecsPreSuspend=0 LastSchedEval=2021-11-20T10:52:16
   Partition=compute AllocNode:Sid=kelvin01:23606
   ReqNodeList=(null) ExcNodeList=(null)
   NodeList=kelvin-n[051,054-056,058]
   BatchHost=kelvin-n050
   NumNodes=5 NumCPUs=72 NumTasks=64 CPUs/Task=1 ReqB:S:C:T=0:0:*:*
   TRES=cpu=72,mem=138000M,node=6,billing=72
   Socks/Node=* NtasksPerN:B:S:C=0:0:*:* CoreSpec=*
   JOB_GRES=(null)
     Nodes=kelvin-n[050-051,054-056,058] CPU_IDs=0-11 Mem=23000 GRES=
   MinCPUsNode=1 MinMemoryNode=23000M MinTmpDiskNode=0
   Features=(null) DelayBoot=00:00:00
   OverSubscribe=NO Contiguous=0 Licenses=(null) Network=(null)
   Command=/home/users/mschpc/2019/zuoy/HPC/NeuralNetwork/parallel/scripts/script_HJBLQ_d100_b64_n64.sh
   WorkDir=/home/users/mschpc/2019/zuoy/HPC/NeuralNetwork/parallel
   StdErr=/home/users/mschpc/2019/zuoy/HPC/NeuralNetwork/parallel/output/slurm-22039.out
   StdIn=/dev/null
   StdOut=/home/users/mschpc/2019/zuoy/HPC/NeuralNetwork/parallel/output/slurm-22039.out
   Power=
   NtasksPerTRES:0


Disk quota details:
===================

Quota Type           Name  Filesystem     Usage in MB     Limit in MB    % Used
-------------------------------------------------------------------------------
USER                 zuoy       /home             111          51,200     0.22%

GROUP              mschpc   /projects             999          51,200     1.95%
GROUP          pi-dgolden   /projects               0          51,200     0.00%


SLURM Bank Statement:
=====================

User           Usage |        Account     Usage | Account Limit Available (CPU hrs)
---------- --------- + -------------- --------- + ------------- ---------
zuoy          12,789 |   HPC_21_01207    12,789 |       100,000    87,211


Acknowledgements:
=================

Note that usage of TCHPC Resources *must* be acknowledged in all publications.

Please see this page for details relevant to this cluster:

http://www.tchpc.tcd.ie/resources/acknowledgementpolicy

################################################################################
