Parallel Mode: Master-Slave
Dimension: 300
Total time: 1
Number of time intervals: 20
Learning rate: 0.01
y_init_range: 0, 1
Number of neurons in each hidden layer of each subnet: 110, 110, 
Epochs: 1000
Batch size: 64
Sample size: 1024
Logging frequency: 100
Model name: HJBLQ_parallel_
Number of processors: 64


Training:
Epoch:100
In training set, loss: 9815.96, Y0: 1.24405

Epoch:200
In training set, loss: 5880.43, Y0: 2.20573

Epoch:300
In training set, loss: 3526.49, Y0: 2.9482

Epoch:400
In training set, loss: 2123.38, Y0: 3.52087

Epoch:500
In training set, loss: 1289.44, Y0: 3.9623

Epoch:600
In training set, loss: 794.792, Y0: 4.30248

Epoch:700
In training set, loss: 501.709, Y0: 4.56469

Epoch:800
In training set, loss: 328.007, Y0: 4.76693

Epoch:900
In training set, loss: 224.862, Y0: 4.92307

Epoch:1000
In training set, loss: 163.351, Y0: 5.04382



###############################################################################
TCHPC Cluster: kelvin
Job 23057 (BSDE_job_4_procs) for User 'zuoy' in Account 'hpc_21_01207'
Finished at: Mon Nov 22 11:11:03 GMT 2021

Job efficiency estimates:
=========================

Job ID: 23057
Cluster: kelvin
User/Group: zuoy/zuoy
State: COMPLETED (exit code 0)
Nodes: 6
Cores per node: 12
CPU Utilized: 01:50:11
CPU Efficiency: 15.13% of 12:08:24 core-walltime
Job Wall-clock time: 00:10:07
Memory Utilized: 1.05 GB
Memory Efficiency: 0.78% of 134.77 GB

Job completion status:
======================

       JobID    JobName AllocCPUS NTasks NNodes     MaxRSS    MaxRSSNode  MaxDiskRead MaxDiskWrite    Elapsed      State ExitCode 
------------ ---------- --------- ------ ------ ---------- ------------- ------------ ------------ ---------- ---------- -------- 
23057        BSDE_job_+        72             6                                                      00:10:07  COMPLETED      0:0 
23057.batch       batch        12      1      1   1099716K   kelvin-n014        0.86M        0.01M   00:10:07  COMPLETED      0:0 
23057.0           orted        60      5      5                                                      00:10:05  COMPLETED      0:0 


Job details:
============

JobId=23057 JobName=BSDE_job_4_procs
   UserId=zuoy(1582) GroupId=zuoy(1252) MCS_label=N/A
   Priority=10527814 Nice=0 Account=hpc_21_01207 QOS=normal
   JobState=COMPLETING Reason=None Dependency=(null)
   Requeue=0 Restarts=0 BatchFlag=1 Reboot=0 ExitCode=0:0
   DerivedExitCode=0:0
   RunTime=00:10:07 TimeLimit=23:00:00 TimeMin=N/A
   SubmitTime=2021-11-22T10:01:58 EligibleTime=2021-11-22T10:01:58
   AccrueTime=2021-11-22T10:01:58
   StartTime=2021-11-22T11:00:56 EndTime=2021-11-22T11:11:03 Deadline=N/A
   SuspendTime=None SecsPreSuspend=0 LastSchedEval=2021-11-22T11:00:56
   Partition=compute AllocNode:Sid=kelvin01:10133
   ReqNodeList=(null) ExcNodeList=(null)
   NodeList=kelvin-n[015,018,020-022]
   BatchHost=kelvin-n014
   NumNodes=5 NumCPUs=72 NumTasks=64 CPUs/Task=1 ReqB:S:C:T=0:0:*:*
   TRES=cpu=72,mem=138000M,node=6,billing=72
   Socks/Node=* NtasksPerN:B:S:C=0:0:*:* CoreSpec=*
   JOB_GRES=(null)
     Nodes=kelvin-n[014-015,018,020-022] CPU_IDs=0-11 Mem=23000 GRES=
   MinCPUsNode=1 MinMemoryNode=23000M MinTmpDiskNode=0
   Features=(null) DelayBoot=00:00:00
   OverSubscribe=NO Contiguous=0 Licenses=(null) Network=(null)
   Command=/home/users/mschpc/2019/zuoy/HPC/NeuralNetwork/parallel/scripts/script_HJBLQ_d300_b64_n64.sh
   WorkDir=/home/users/mschpc/2019/zuoy/HPC/NeuralNetwork/parallel
   StdErr=/home/users/mschpc/2019/zuoy/HPC/NeuralNetwork/parallel/output/slurm-23057.out
   StdIn=/dev/null
   StdOut=/home/users/mschpc/2019/zuoy/HPC/NeuralNetwork/parallel/output/slurm-23057.out
   Power=
   NtasksPerTRES:0


Disk quota details:
===================

Quota Type           Name  Filesystem     Usage in MB     Limit in MB    % Used
-------------------------------------------------------------------------------
USER                 zuoy       /home             133          51,200     0.26%

GROUP              mschpc   /projects             999          51,200     1.95%
GROUP          pi-dgolden   /projects               0          51,200     0.00%


SLURM Bank Statement:
=====================

User           Usage |        Account     Usage | Account Limit Available (CPU hrs)
---------- --------- + -------------- --------- + ------------- ---------
zuoy          27,455 |   HPC_21_01207    27,455 |       100,000    72,545


Acknowledgements:
=================

Note that usage of TCHPC Resources *must* be acknowledged in all publications.

Please see this page for details relevant to this cluster:

http://www.tchpc.tcd.ie/resources/acknowledgementpolicy

################################################################################
