Parallel Mode: Master-Slave
Dimension: 100
Total time: 1
Number of time intervals: 20
Learning rate: 0.01
y_init_range: 0, 1
Number of neurons in each hidden layer of each subnet: 110, 110, 
Epochs: 1000
Batch size: 1
Sample size: 1024
Logging frequency: 100
Model name: HJBLQ_parallel_
Number of processors: 8


Training:
Epoch:100
In training set, loss: 29.4316, Y0: 4.55581

Epoch:200
In training set, loss: 24.4972, Y0: 4.55741

Epoch:300
In training set, loss: 20.5345, Y0: 4.55849

Epoch:400
In training set, loss: 17.3256, Y0: 4.5593

Epoch:500
In training set, loss: 14.7075, Y0: 4.55992

Epoch:600
In training set, loss: 12.5565, Y0: 4.56038

Epoch:700
In training set, loss: 10.777, Y0: 4.56073

Epoch:800
In training set, loss: 9.29547, Y0: 4.56099

Epoch:900
In training set, loss: 8.05436, Y0: 4.56117

Epoch:1000
In training set, loss: 7.00859, Y0: 4.5613



###############################################################################
TCHPC Cluster: kelvin
Job 22627 (BSDE_job_4_procs) for User 'zuoy' in Account 'hpc_21_01207'
Finished at: Sun Nov 21 16:36:14 GMT 2021

Job efficiency estimates:
=========================

Job ID: 22627
Cluster: kelvin
User/Group: zuoy/zuoy
State: COMPLETED (exit code 0)
Nodes: 1
Cores per node: 12
CPU Utilized: 01:18:29
CPU Efficiency: 66.40% of 01:58:12 core-walltime
Job Wall-clock time: 00:09:51
Memory Utilized: 420.37 MB
Memory Efficiency: 1.83% of 22.46 GB

Job completion status:
======================

       JobID    JobName AllocCPUS NTasks NNodes     MaxRSS    MaxRSSNode  MaxDiskRead MaxDiskWrite    Elapsed      State ExitCode 
------------ ---------- --------- ------ ------ ---------- ------------- ------------ ------------ ---------- ---------- -------- 
22627        BSDE_job_+        12             1                                                      00:09:51  COMPLETED      0:0 
22627.batch       batch        12      1      1    430456K   kelvin-n013        0.86M        0.01M   00:09:51  COMPLETED      0:0 


Job details:
============

JobId=22627 JobName=BSDE_job_4_procs
   UserId=zuoy(1582) GroupId=zuoy(1252) MCS_label=N/A
   Priority=11019501 Nice=0 Account=hpc_21_01207 QOS=normal
   JobState=COMPLETING Reason=None Dependency=(null)
   Requeue=0 Restarts=0 BatchFlag=1 Reboot=0 ExitCode=0:0
   DerivedExitCode=0:0
   RunTime=00:09:51 TimeLimit=23:00:00 TimeMin=N/A
   SubmitTime=2021-11-21T13:35:57 EligibleTime=2021-11-21T13:35:57
   AccrueTime=2021-11-21T13:35:57
   StartTime=2021-11-21T16:26:23 EndTime=2021-11-21T16:36:14 Deadline=N/A
   SuspendTime=None SecsPreSuspend=0 LastSchedEval=2021-11-21T16:26:23
   Partition=compute AllocNode:Sid=kelvin01:30506
   ReqNodeList=(null) ExcNodeList=(null)
   NodeList=
   BatchHost=kelvin-n013
   NumNodes=1 NumCPUs=12 NumTasks=8 CPUs/Task=1 ReqB:S:C:T=0:0:*:*
   TRES=cpu=12,mem=23000M,node=1,billing=12
   Socks/Node=* NtasksPerN:B:S:C=0:0:*:* CoreSpec=*
   JOB_GRES=(null)
     Nodes=kelvin-n013 CPU_IDs=0-11 Mem=23000 GRES=
   MinCPUsNode=1 MinMemoryNode=23000M MinTmpDiskNode=0
   Features=(null) DelayBoot=00:00:00
   OverSubscribe=NO Contiguous=0 Licenses=(null) Network=(null)
   Command=/home/users/mschpc/2019/zuoy/HPC/NeuralNetwork/parallel/scripts/script_HJBLQ_d100_b1_n8.sh
   WorkDir=/home/users/mschpc/2019/zuoy/HPC/NeuralNetwork/parallel
   StdErr=/home/users/mschpc/2019/zuoy/HPC/NeuralNetwork/parallel/output/slurm-22627.out
   StdIn=/dev/null
   StdOut=/home/users/mschpc/2019/zuoy/HPC/NeuralNetwork/parallel/output/slurm-22627.out
   Power=
   NtasksPerTRES:0


Disk quota details:
===================

Quota Type           Name  Filesystem     Usage in MB     Limit in MB    % Used
-------------------------------------------------------------------------------
USER                 zuoy       /home             126          51,200     0.25%

GROUP              mschpc   /projects             999          51,200     1.95%
GROUP          pi-dgolden   /projects               0          51,200     0.00%


SLURM Bank Statement:
=====================

User           Usage |        Account     Usage | Account Limit Available (CPU hrs)
---------- --------- + -------------- --------- + ------------- ---------
zuoy          19,704 |   HPC_21_01207    19,704 |       100,000    80,296


Acknowledgements:
=================

Note that usage of TCHPC Resources *must* be acknowledged in all publications.

Please see this page for details relevant to this cluster:

http://www.tchpc.tcd.ie/resources/acknowledgementpolicy

################################################################################
