Parallel Mode: Ring-Allreduce
Dimension: 100
Total time: 1
Number of time intervals: 20
Learning rate: 0.01
y_init_range: 0, 1
Number of neurons in each hidden layer of each subnet: 110, 110, 
Epochs: 3000
Batch size: 1
Sample size: 256
Logging frequency: 100
Model name: HJBLQ_parallel_
Number of processors: 64


Training:
Epoch:100
In training set, loss: 15.373, Y0: 4.3342

Epoch:200
In training set, loss: 11.252, Y0: 4.42997

Epoch:300
In training set, loss: 9.22087, Y0: 4.45192

Epoch:400
In training set, loss: 7.97226, Y0: 4.46612

Epoch:500
In training set, loss: 7.15613, Y0: 4.47601

Epoch:600
In training set, loss: 6.58852, Y0: 4.4831

Epoch:700
In training set, loss: 6.17002, Y0: 4.4883

Epoch:800
In training set, loss: 5.84506, Y0: 4.49218

Epoch:900
In training set, loss: 5.58155, Y0: 4.49513

Epoch:1000
In training set, loss: 5.3602, Y0: 4.49739

Epoch:1100
In training set, loss: 5.16897, Y0: 4.49916

Epoch:1200
In training set, loss: 5.00004, Y0: 4.50055

Epoch:1300
In training set, loss: 4.84816, Y0: 4.50165

Epoch:1400
In training set, loss: 4.70968, Y0: 4.50253

Epoch:1500
In training set, loss: 4.58196, Y0: 4.50324

Epoch:1600
In training set, loss: 4.46304, Y0: 4.50381

Epoch:1700
In training set, loss: 4.35149, Y0: 4.50428

Epoch:1800
In training set, loss: 4.24617, Y0: 4.50467

Epoch:1900
In training set, loss: 4.1462, Y0: 4.50498

Epoch:2000
In training set, loss: 4.0509, Y0: 4.50524

Epoch:2100
In training set, loss: 3.95969, Y0: 4.50546

Epoch:2200
In training set, loss: 3.87213, Y0: 4.50563

Epoch:2300
In training set, loss: 3.78784, Y0: 4.50578

Epoch:2400
In training set, loss: 3.70652, Y0: 4.50592

Epoch:2500
In training set, loss: 3.6279, Y0: 4.50602

Epoch:2600
In training set, loss: 3.55177, Y0: 4.50611

Epoch:2700
In training set, loss: 3.47794, Y0: 4.5062

Epoch:2800
In training set, loss: 3.40626, Y0: 4.50626

Epoch:2900
In training set, loss: 3.33659, Y0: 4.50632

Epoch:3000
In training set, loss: 3.2688, Y0: 4.50638



###############################################################################
TCHPC Cluster: kelvin
Job 21484 (BSDE_job_4_procs) for User 'zuoy' in Account 'hpc_21_01207'
Finished at: Fri Nov 19 01:26:29 GMT 2021

Job efficiency estimates:
=========================

Job ID: 21484
Cluster: kelvin
User/Group: zuoy/zuoy
State: COMPLETED (exit code 0)
Nodes: 6
Cores per node: 12
CPU Utilized: 01:11:41
CPU Efficiency: 14.97% of 07:58:48 core-walltime
Job Wall-clock time: 00:06:39
Memory Utilized: 444.01 MB
Memory Efficiency: 0.32% of 134.77 GB

Job completion status:
======================

       JobID    JobName AllocCPUS NTasks NNodes     MaxRSS    MaxRSSNode  MaxDiskRead MaxDiskWrite    Elapsed      State ExitCode 
------------ ---------- --------- ------ ------ ---------- ------------- ------------ ------------ ---------- ---------- -------- 
21484        BSDE_job_+        72             6                                                      00:06:39  COMPLETED      0:0 
21484.batch       batch        12      1      1    454664K   kelvin-n029        0.86M        0.01M   00:06:39  COMPLETED      0:0 
21484.0           orted        60      5      5                                                      00:06:38  COMPLETED      0:0 


Job details:
============

JobId=21484 JobName=BSDE_job_4_procs
   UserId=zuoy(1582) GroupId=zuoy(1252) MCS_label=N/A
   Priority=11135755 Nice=0 Account=hpc_21_01207 QOS=normal
   JobState=COMPLETING Reason=None Dependency=(null)
   Requeue=0 Restarts=0 BatchFlag=1 Reboot=0 ExitCode=0:0
   DerivedExitCode=0:0
   RunTime=00:06:39 TimeLimit=23:00:00 TimeMin=N/A
   SubmitTime=2021-11-18T22:23:03 EligibleTime=2021-11-18T22:23:03
   AccrueTime=2021-11-18T22:23:03
   StartTime=2021-11-19T01:19:50 EndTime=2021-11-19T01:26:29 Deadline=N/A
   SuspendTime=None SecsPreSuspend=0 LastSchedEval=2021-11-19T01:19:50
   Partition=compute AllocNode:Sid=kelvin01:15357
   ReqNodeList=(null) ExcNodeList=(null)
   NodeList=kelvin-n[032-033,039,041-042]
   BatchHost=kelvin-n029
   NumNodes=5 NumCPUs=72 NumTasks=64 CPUs/Task=1 ReqB:S:C:T=0:0:*:*
   TRES=cpu=72,mem=138000M,node=6,billing=72
   Socks/Node=* NtasksPerN:B:S:C=0:0:*:* CoreSpec=*
   JOB_GRES=(null)
     Nodes=kelvin-n[029,032-033,039,041-042] CPU_IDs=0-11 Mem=23000 GRES=
   MinCPUsNode=1 MinMemoryNode=23000M MinTmpDiskNode=0
   Features=(null) DelayBoot=00:00:00
   OverSubscribe=NO Contiguous=0 Licenses=(null) Network=(null)
   Command=/home/users/mschpc/2019/zuoy/HPC/NeuralNetwork/parallel/scripts/script_HJBLQ_d100_b1_n64.sh
   WorkDir=/home/users/mschpc/2019/zuoy/HPC/NeuralNetwork/parallel
   StdErr=/home/users/mschpc/2019/zuoy/HPC/NeuralNetwork/parallel/output/slurm-21484.out
   StdIn=/dev/null
   StdOut=/home/users/mschpc/2019/zuoy/HPC/NeuralNetwork/parallel/output/slurm-21484.out
   Power=
   NtasksPerTRES:0


Disk quota details:
===================

Quota Type           Name  Filesystem     Usage in MB     Limit in MB    % Used
-------------------------------------------------------------------------------
USER                 zuoy       /home             104          51,200     0.20%

GROUP              mschpc   /projects             999          51,200     1.95%
GROUP          pi-dgolden   /projects               0          51,200     0.00%


SLURM Bank Statement:
=====================

User           Usage |        Account     Usage | Account Limit Available (CPU hrs)
---------- --------- + -------------- --------- + ------------- ---------
zuoy           9,514 |   HPC_21_01207     9,514 |       100,000    90,486


Acknowledgements:
=================

Note that usage of TCHPC Resources *must* be acknowledged in all publications.

Please see this page for details relevant to this cluster:

http://www.tchpc.tcd.ie/resources/acknowledgementpolicy

################################################################################
