Parallel Mode: Master-Slave
Dimension: 100
Total time: 0.2
Number of time intervals: 20
Learning rate: 0.0005
y_init_range: 0.2, 0.5
Number of neurons in each hidden layer of each subnet: 110, 110, 
Epochs: 4000
Batch size: 1
Sample size: 1024
Logging frequency: 100
Model name: AllenCahn_parallel_
Number of processors: 4


Training:
Epoch:100
In training set, loss: 5.52761, Y0: 0.0699874

Epoch:200
In training set, loss: 5.28313, Y0: 0.0696904

Epoch:300
In training set, loss: 5.08017, Y0: 0.0694324

Epoch:400
In training set, loss: 4.91088, Y0: 0.0691923

Epoch:500
In training set, loss: 4.76897, Y0: 0.0689693

Epoch:600
In training set, loss: 4.64942, Y0: 0.0687625

Epoch:700
In training set, loss: 4.54815, Y0: 0.0685708

Epoch:800
In training set, loss: 4.4619, Y0: 0.0683935

Epoch:900
In training set, loss: 4.38799, Y0: 0.0682293

Epoch:1000
In training set, loss: 4.32428, Y0: 0.0680774

Epoch:1100
In training set, loss: 4.26897, Y0: 0.0679369

Epoch:1200
In training set, loss: 4.22064, Y0: 0.0678072

Epoch:1300
In training set, loss: 4.17811, Y0: 0.0676871

Epoch:1400
In training set, loss: 4.14039, Y0: 0.0675761

Epoch:1500
In training set, loss: 4.1067, Y0: 0.0674735

Epoch:1600
In training set, loss: 4.07637, Y0: 0.0673785

Epoch:1700
In training set, loss: 4.04886, Y0: 0.0672908

Epoch:1800
In training set, loss: 4.02371, Y0: 0.0672096

Epoch:1900
In training set, loss: 4.00055, Y0: 0.0671344

Epoch:2000
In training set, loss: 3.97907, Y0: 0.067065

Epoch:2100
In training set, loss: 3.95902, Y0: 0.0670006

Epoch:2200
In training set, loss: 3.94017, Y0: 0.066941

Epoch:2300
In training set, loss: 3.92235, Y0: 0.0668858

Epoch:2400
In training set, loss: 3.9054, Y0: 0.0668347

Epoch:2500
In training set, loss: 3.8892, Y0: 0.0667873

Epoch:2600
In training set, loss: 3.87364, Y0: 0.0667433

Epoch:2700
In training set, loss: 3.85862, Y0: 0.0667025

Epoch:2800
In training set, loss: 3.84409, Y0: 0.0666646

Epoch:2900
In training set, loss: 3.82997, Y0: 0.0666295

Epoch:3000
In training set, loss: 3.8162, Y0: 0.0665969

Epoch:3100
In training set, loss: 3.80275, Y0: 0.0665666

Epoch:3200
In training set, loss: 3.78957, Y0: 0.0665386

Epoch:3300
In training set, loss: 3.77664, Y0: 0.0665125

Epoch:3400
In training set, loss: 3.76392, Y0: 0.0664881

Epoch:3500
In training set, loss: 3.75139, Y0: 0.0664657

Epoch:3600
In training set, loss: 3.73903, Y0: 0.0664447

Epoch:3700
In training set, loss: 3.72682, Y0: 0.0664254

Epoch:3800
In training set, loss: 3.71475, Y0: 0.0664073

Epoch:3900
In training set, loss: 3.7028, Y0: 0.0663906

Epoch:4000
In training set, loss: 3.69097, Y0: 0.066375



###############################################################################
TCHPC Cluster: kelvin
Job 22590 (BSDE_job_4_procs) for User 'zuoy' in Account 'hpc_21_01207'
Finished at: Sun Nov 21 16:14:41 GMT 2021

Job efficiency estimates:
=========================

Job ID: 22590
Cluster: kelvin
User/Group: zuoy/zuoy
State: COMPLETED (exit code 0)
Nodes: 1
Cores per node: 12
CPU Utilized: 03:14:15
CPU Efficiency: 33.32% of 09:43:00 core-walltime
Job Wall-clock time: 00:48:35
Memory Utilized: 213.36 MB
Memory Efficiency: 0.93% of 22.46 GB

Job completion status:
======================

       JobID    JobName AllocCPUS NTasks NNodes     MaxRSS    MaxRSSNode  MaxDiskRead MaxDiskWrite    Elapsed      State ExitCode 
------------ ---------- --------- ------ ------ ---------- ------------- ------------ ------------ ---------- ---------- -------- 
22590        BSDE_job_+        12             1                                                      00:48:35  COMPLETED      0:0 
22590.batch       batch        12      1      1    218484K   kelvin-n001        0.86M        0.01M   00:48:35  COMPLETED      0:0 


Job details:
============

JobId=22590 JobName=BSDE_job_4_procs
   UserId=zuoy(1582) GroupId=zuoy(1252) MCS_label=N/A
   Priority=11005885 Nice=0 Account=hpc_21_01207 QOS=normal
   JobState=COMPLETING Reason=None Dependency=(null)
   Requeue=0 Restarts=0 BatchFlag=1 Reboot=0 ExitCode=0:0
   DerivedExitCode=0:0
   RunTime=00:48:35 TimeLimit=23:00:00 TimeMin=N/A
   SubmitTime=2021-11-21T13:03:24 EligibleTime=2021-11-21T13:03:24
   AccrueTime=2021-11-21T13:03:24
   StartTime=2021-11-21T15:26:06 EndTime=2021-11-21T16:14:41 Deadline=N/A
   SuspendTime=None SecsPreSuspend=0 LastSchedEval=2021-11-21T15:26:06
   Partition=compute AllocNode:Sid=kelvin01:30506
   ReqNodeList=(null) ExcNodeList=(null)
   NodeList=
   BatchHost=kelvin-n001
   NumNodes=1 NumCPUs=12 NumTasks=4 CPUs/Task=1 ReqB:S:C:T=0:0:*:*
   TRES=cpu=12,mem=23000M,node=1,billing=12
   Socks/Node=* NtasksPerN:B:S:C=0:0:*:* CoreSpec=*
   JOB_GRES=(null)
     Nodes=kelvin-n001 CPU_IDs=0-11 Mem=23000 GRES=
   MinCPUsNode=1 MinMemoryNode=23000M MinTmpDiskNode=0
   Features=(null) DelayBoot=00:00:00
   OverSubscribe=NO Contiguous=0 Licenses=(null) Network=(null)
   Command=/home/users/mschpc/2019/zuoy/HPC/NeuralNetwork/parallel/scripts/script_AllenCahn_d300_b1_n4.sh
   WorkDir=/home/users/mschpc/2019/zuoy/HPC/NeuralNetwork/parallel
   StdErr=/home/users/mschpc/2019/zuoy/HPC/NeuralNetwork/parallel/output/slurm-22590.out
   StdIn=/dev/null
   StdOut=/home/users/mschpc/2019/zuoy/HPC/NeuralNetwork/parallel/output/slurm-22590.out
   Power=
   NtasksPerTRES:0


Disk quota details:
===================

Quota Type           Name  Filesystem     Usage in MB     Limit in MB    % Used
-------------------------------------------------------------------------------
USER                 zuoy       /home             123          51,200     0.24%

GROUP              mschpc   /projects             999          51,200     1.95%
GROUP          pi-dgolden   /projects               0          51,200     0.00%


SLURM Bank Statement:
=====================

User           Usage |        Account     Usage | Account Limit Available (CPU hrs)
---------- --------- + -------------- --------- + ------------- ---------
zuoy          19,537 |   HPC_21_01207    19,537 |       100,000    80,463


Acknowledgements:
=================

Note that usage of TCHPC Resources *must* be acknowledged in all publications.

Please see this page for details relevant to this cluster:

http://www.tchpc.tcd.ie/resources/acknowledgementpolicy

################################################################################
