Parallel Mode: Ring-Allreduce
Dimension: 400
Total time: 1
Number of time intervals: 40
Learning rate: 0.01
y_init_range: 40, 50
Number of neurons in each hidden layer of each subnet: 110, 110, 
Epochs: 1000
Batch size: 1
Sample size: 256
Logging frequency: 100
Model name: pricing_default_risk_parallel_
Number of processors: 8


Training:
Epoch:100
In training set, loss: 630.37, Y0: 50.2062

Epoch:200
In training set, loss: 323.228, Y0: 50.2731

Epoch:300
In training set, loss: 197.916, Y0: 50.3194

Epoch:400
In training set, loss: 131.399, Y0: 50.3514

Epoch:500
In training set, loss: 91.294, Y0: 50.3731

Epoch:600
In training set, loss: 65.2939, Y0: 50.3881

Epoch:700
In training set, loss: 47.6912, Y0: 50.3985

Epoch:800
In training set, loss: 35.382, Y0: 50.4062

Epoch:900
In training set, loss: 26.592, Y0: 50.4119

Epoch:1000
In training set, loss: 20.201, Y0: 50.4165



###############################################################################
TCHPC Cluster: kelvin
Job 22121 (BSDE_job_4_procs) for User 'zuoy' in Account 'hpc_21_01207'
Finished at: Sat Nov 20 17:29:42 GMT 2021

Job efficiency estimates:
=========================

Job ID: 22121
Cluster: kelvin
User/Group: zuoy/zuoy
State: COMPLETED (exit code 0)
Nodes: 1
Cores per node: 12
CPU Utilized: 02:41:55
CPU Efficiency: 66.58% of 04:03:12 core-walltime
Job Wall-clock time: 00:20:16
Memory Utilized: 842.62 MB
Memory Efficiency: 3.66% of 22.46 GB

Job completion status:
======================

       JobID    JobName AllocCPUS NTasks NNodes     MaxRSS    MaxRSSNode  MaxDiskRead MaxDiskWrite    Elapsed      State ExitCode 
------------ ---------- --------- ------ ------ ---------- ------------- ------------ ------------ ---------- ---------- -------- 
22121        BSDE_job_+        12             1                                                      00:20:16  COMPLETED      0:0 
22121.batch       batch        12      1      1    862848K   kelvin-n091        0.86M        0.01M   00:20:16  COMPLETED      0:0 


Job details:
============

JobId=22121 JobName=BSDE_job_4_procs
   UserId=zuoy(1582) GroupId=zuoy(1252) MCS_label=N/A
   Priority=11184393 Nice=0 Account=hpc_21_01207 QOS=normal
   JobState=COMPLETING Reason=None Dependency=(null)
   Requeue=0 Restarts=0 BatchFlag=1 Reboot=0 ExitCode=0:0
   DerivedExitCode=0:0
   RunTime=00:20:16 TimeLimit=23:00:00 TimeMin=N/A
   SubmitTime=2021-11-20T12:28:04 EligibleTime=2021-11-20T12:28:04
   AccrueTime=2021-11-20T12:28:04
   StartTime=2021-11-20T17:09:26 EndTime=2021-11-20T17:29:42 Deadline=N/A
   SuspendTime=None SecsPreSuspend=0 LastSchedEval=2021-11-20T17:09:26
   Partition=compute AllocNode:Sid=kelvin01:28782
   ReqNodeList=(null) ExcNodeList=(null)
   NodeList=
   BatchHost=kelvin-n091
   NumNodes=1 NumCPUs=12 NumTasks=8 CPUs/Task=1 ReqB:S:C:T=0:0:*:*
   TRES=cpu=12,mem=23000M,node=1,billing=12
   Socks/Node=* NtasksPerN:B:S:C=0:0:*:* CoreSpec=*
   JOB_GRES=(null)
     Nodes=kelvin-n091 CPU_IDs=0-11 Mem=23000 GRES=
   MinCPUsNode=1 MinMemoryNode=23000M MinTmpDiskNode=0
   Features=(null) DelayBoot=00:00:00
   OverSubscribe=NO Contiguous=0 Licenses=(null) Network=(null)
   Command=/home/users/mschpc/2019/zuoy/HPC/NeuralNetwork/parallel/scripts/script_PricingDefaultRisk_d400_b1_n8.sh
   WorkDir=/home/users/mschpc/2019/zuoy/HPC/NeuralNetwork/parallel
   StdErr=/home/users/mschpc/2019/zuoy/HPC/NeuralNetwork/parallel/output/slurm-22121.out
   StdIn=/dev/null
   StdOut=/home/users/mschpc/2019/zuoy/HPC/NeuralNetwork/parallel/output/slurm-22121.out
   Power=
   NtasksPerTRES:0


Disk quota details:
===================

Quota Type           Name  Filesystem     Usage in MB     Limit in MB    % Used
-------------------------------------------------------------------------------
USER                 zuoy       /home             116          51,200     0.23%

GROUP              mschpc   /projects             999          51,200     1.95%
GROUP          pi-dgolden   /projects               0          51,200     0.00%


SLURM Bank Statement:
=====================

User           Usage |        Account     Usage | Account Limit Available (CPU hrs)
---------- --------- + -------------- --------- + ------------- ---------
zuoy          13,772 |   HPC_21_01207    13,772 |       100,000    86,228


Acknowledgements:
=================

Note that usage of TCHPC Resources *must* be acknowledged in all publications.

Please see this page for details relevant to this cluster:

http://www.tchpc.tcd.ie/resources/acknowledgementpolicy

################################################################################
