Parallel Mode: Ring-Allreduce
Dimension: 200
Total time: 1
Number of time intervals: 40
Learning rate: 0.01
y_init_range: 40, 50
Number of neurons in each hidden layer of each subnet: 110, 110, 
Epochs: 1000
Batch size: 1
Sample size: 256
Logging frequency: 100
Model name: pricing_default_risk_parallel_
Number of processors: 32


Training:
Epoch:100
In training set, loss: 2101.36, Y0: 53.9732

Epoch:200
In training set, loss: 1722.13, Y0: 53.9821

Epoch:300
In training set, loss: 1481.11, Y0: 53.9862

Epoch:400
In training set, loss: 1314.12, Y0: 53.9913

Epoch:500
In training set, loss: 1190.54, Y0: 53.9963

Epoch:600
In training set, loss: 1094.32, Y0: 54.0014

Epoch:700
In training set, loss: 1016.69, Y0: 54.0056

Epoch:800
In training set, loss: 952.386, Y0: 54.0092

Epoch:900
In training set, loss: 897.978, Y0: 54.0126

Epoch:1000
In training set, loss: 850.893, Y0: 54.0158



###############################################################################
TCHPC Cluster: kelvin
Job 21965 (BSDE_job_4_procs) for User 'zuoy' in Account 'hpc_21_01207'
Finished at: Sat Nov 20 10:27:29 GMT 2021

Job efficiency estimates:
=========================

Job ID: 21965
Cluster: kelvin
User/Group: zuoy/zuoy
State: COMPLETED (exit code 0)
Nodes: 3
Cores per node: 12
CPU Utilized: 01:00:53
CPU Efficiency: 30.02% of 03:22:48 core-walltime
Job Wall-clock time: 00:05:38
Memory Utilized: 772.60 MB
Memory Efficiency: 1.12% of 67.38 GB

Job completion status:
======================

       JobID    JobName AllocCPUS NTasks NNodes     MaxRSS    MaxRSSNode  MaxDiskRead MaxDiskWrite    Elapsed      State ExitCode 
------------ ---------- --------- ------ ------ ---------- ------------- ------------ ------------ ---------- ---------- -------- 
21965        BSDE_job_+        36             3                                                      00:05:38  COMPLETED      0:0 
21965.batch       batch        12      1      1    791140K   kelvin-n023        0.86M        0.01M   00:05:38  COMPLETED      0:0 
21965.0           orted        24      2      2                                                      00:05:36  COMPLETED      0:0 


Job details:
============

JobId=21965 JobName=BSDE_job_4_procs
   UserId=zuoy(1582) GroupId=zuoy(1252) MCS_label=N/A
   Priority=11076955 Nice=0 Account=hpc_21_01207 QOS=normal
   JobState=COMPLETING Reason=None Dependency=(null)
   Requeue=0 Restarts=0 BatchFlag=1 Reboot=0 ExitCode=0:0
   DerivedExitCode=0:0
   RunTime=00:05:38 TimeLimit=23:00:00 TimeMin=N/A
   SubmitTime=2021-11-20T09:20:02 EligibleTime=2021-11-20T09:20:02
   AccrueTime=2021-11-20T09:20:02
   StartTime=2021-11-20T10:21:51 EndTime=2021-11-20T10:27:29 Deadline=N/A
   SuspendTime=None SecsPreSuspend=0 LastSchedEval=2021-11-20T10:21:51
   Partition=compute AllocNode:Sid=kelvin01:23606
   ReqNodeList=(null) ExcNodeList=(null)
   NodeList=kelvin-n[024,052]
   BatchHost=kelvin-n023
   NumNodes=2 NumCPUs=36 NumTasks=32 CPUs/Task=1 ReqB:S:C:T=0:0:*:*
   TRES=cpu=36,mem=69000M,node=3,billing=36
   Socks/Node=* NtasksPerN:B:S:C=0:0:*:* CoreSpec=*
   JOB_GRES=(null)
     Nodes=kelvin-n[023-024,052] CPU_IDs=0-11 Mem=23000 GRES=
   MinCPUsNode=1 MinMemoryNode=23000M MinTmpDiskNode=0
   Features=(null) DelayBoot=00:00:00
   OverSubscribe=NO Contiguous=0 Licenses=(null) Network=(null)
   Command=/home/users/mschpc/2019/zuoy/HPC/NeuralNetwork/parallel/scripts/script_PricingDefaultRisk_d200_b1_n32.sh
   WorkDir=/home/users/mschpc/2019/zuoy/HPC/NeuralNetwork/parallel
   StdErr=/home/users/mschpc/2019/zuoy/HPC/NeuralNetwork/parallel/output/slurm-21965.out
   StdIn=/dev/null
   StdOut=/home/users/mschpc/2019/zuoy/HPC/NeuralNetwork/parallel/output/slurm-21965.out
   Power=
   NtasksPerTRES:0


Disk quota details:
===================

Quota Type           Name  Filesystem     Usage in MB     Limit in MB    % Used
-------------------------------------------------------------------------------
USER                 zuoy       /home             111          51,200     0.22%

GROUP              mschpc   /projects             999          51,200     1.95%
GROUP          pi-dgolden   /projects               0          51,200     0.00%


SLURM Bank Statement:
=====================

User           Usage |        Account     Usage | Account Limit Available (CPU hrs)
---------- --------- + -------------- --------- + ------------- ---------
zuoy          12,635 |   HPC_21_01207    12,635 |       100,000    87,365


Acknowledgements:
=================

Note that usage of TCHPC Resources *must* be acknowledged in all publications.

Please see this page for details relevant to this cluster:

http://www.tchpc.tcd.ie/resources/acknowledgementpolicy

################################################################################
