Parallel Mode: Ring-Allreduce
Dimension: 300
Total time: 1
Number of time intervals: 40
Learning rate: 0.01
y_init_range: 40, 50
Number of neurons in each hidden layer of each subnet: 110, 110, 
Epochs: 1000
Batch size: 64
Sample size: 256
Logging frequency: 100
Model name: pricing_default_risk_parallel_
Number of processors: 8


Training:
Epoch:100
In training set, loss: 1761.71, Y0: 51.886

Epoch:200
In training set, loss: 1479.64, Y0: 52.1505

Epoch:300
In training set, loss: 1278.27, Y0: 52.1775

Epoch:400
In training set, loss: 1125.84, Y0: 52.1968

Epoch:500
In training set, loss: 1006.89, Y0: 52.2138

Epoch:600
In training set, loss: 911.646, Y0: 52.2288

Epoch:700
In training set, loss: 833.801, Y0: 52.242

Epoch:800
In training set, loss: 768.883, Y0: 52.2537

Epoch:900
In training set, loss: 713.832, Y0: 52.264

Epoch:1000
In training set, loss: 666.532, Y0: 52.2733



###############################################################################
TCHPC Cluster: kelvin
Job 23916 (BSDE_job_4_procs) for User 'zuoy' in Account 'hpc_21_01207'
Finished at: Thu Nov 25 12:08:16 GMT 2021

Job efficiency estimates:
=========================

Job ID: 23916
Cluster: kelvin
User/Group: zuoy/zuoy
State: COMPLETED (exit code 0)
Nodes: 1
Cores per node: 12
CPU Utilized: 01:16:19
CPU Efficiency: 66.48% of 01:54:48 core-walltime
Job Wall-clock time: 00:09:34
Memory Utilized: 703.57 MB
Memory Efficiency: 3.06% of 22.46 GB

Job completion status:
======================

       JobID    JobName AllocCPUS NTasks NNodes     MaxRSS    MaxRSSNode  MaxDiskRead MaxDiskWrite    Elapsed      State ExitCode 
------------ ---------- --------- ------ ------ ---------- ------------- ------------ ------------ ---------- ---------- -------- 
23916        BSDE_job_+        12             1                                                      00:09:34  COMPLETED      0:0 
23916.batch       batch        12      1      1    720452K   kelvin-n032        0.86M        0.01M   00:09:34  COMPLETED      0:0 


Job details:
============

JobId=23916 JobName=BSDE_job_4_procs
   UserId=zuoy(1582) GroupId=zuoy(1252) MCS_label=N/A
   Priority=10556726 Nice=0 Account=hpc_21_01207 QOS=normal
   JobState=COMPLETING Reason=None Dependency=(null)
   Requeue=0 Restarts=0 BatchFlag=1 Reboot=0 ExitCode=0:0
   DerivedExitCode=0:0
   RunTime=00:09:34 TimeLimit=23:00:00 TimeMin=N/A
   SubmitTime=2021-11-25T09:54:45 EligibleTime=2021-11-25T09:54:45
   AccrueTime=2021-11-25T09:54:45
   StartTime=2021-11-25T11:58:42 EndTime=2021-11-25T12:08:16 Deadline=N/A
   SuspendTime=None SecsPreSuspend=0 LastSchedEval=2021-11-25T11:58:42
   Partition=compute AllocNode:Sid=kelvin01:29505
   ReqNodeList=(null) ExcNodeList=(null)
   NodeList=
   BatchHost=kelvin-n032
   NumNodes=1 NumCPUs=12 NumTasks=8 CPUs/Task=1 ReqB:S:C:T=0:0:*:*
   TRES=cpu=12,mem=23000M,node=1,billing=12
   Socks/Node=* NtasksPerN:B:S:C=0:0:*:* CoreSpec=*
   JOB_GRES=(null)
     Nodes=kelvin-n032 CPU_IDs=0-11 Mem=23000 GRES=
   MinCPUsNode=1 MinMemoryNode=23000M MinTmpDiskNode=0
   Features=(null) DelayBoot=00:00:00
   OverSubscribe=NO Contiguous=0 Licenses=(null) Network=(null)
   Command=/home/users/mschpc/2019/zuoy/HPC/NeuralNetwork/parallel/scripts/script_PricingDefaultRisk_d300_b64_n8.sh
   WorkDir=/home/users/mschpc/2019/zuoy/HPC/NeuralNetwork/parallel
   StdErr=/home/users/mschpc/2019/zuoy/HPC/NeuralNetwork/parallel/output/slurm-23916.out
   StdIn=/dev/null
   StdOut=/home/users/mschpc/2019/zuoy/HPC/NeuralNetwork/parallel/output/slurm-23916.out
   Power=
   NtasksPerTRES:0


Disk quota details:
===================

Quota Type           Name  Filesystem     Usage in MB     Limit in MB    % Used
-------------------------------------------------------------------------------
USER                 zuoy       /home             146          51,200     0.29%

GROUP              mschpc   /projects             999          51,200     1.95%
GROUP          pi-dgolden   /projects               0          51,200     0.00%


SLURM Bank Statement:
=====================

User           Usage |        Account     Usage | Account Limit Available (CPU hrs)
---------- --------- + -------------- --------- + ------------- ---------
zuoy          28,318 |   HPC_21_01207    28,318 |       100,000    71,682


Acknowledgements:
=================

Note that usage of TCHPC Resources *must* be acknowledged in all publications.

Please see this page for details relevant to this cluster:

http://www.tchpc.tcd.ie/resources/acknowledgementpolicy

################################################################################
