Parallel Mode: Ring-Allreduce
Dimension: 200
Total time: 1
Number of time intervals: 40
Learning rate: 0.01
y_init_range: 40, 50
Number of neurons in each hidden layer of each subnet: 110, 110, 
Epochs: 1000
Batch size: 1
Sample size: 256
Logging frequency: 100
Model name: pricing_default_risk_parallel_
Number of processors: 128


Training:
Epoch:100
In training set, loss: 3041.41, Y0: 51.872

Epoch:200
In training set, loss: 2438.05, Y0: 53.5593

Epoch:300
In training set, loss: 2286.84, Y0: 53.8222

Epoch:400
In training set, loss: 2163.78, Y0: 53.8674

Epoch:500
In training set, loss: 2055.85, Y0: 53.8789

Epoch:600
In training set, loss: 1960.68, Y0: 53.8849

Epoch:700
In training set, loss: 1876.16, Y0: 53.8897

Epoch:800
In training set, loss: 1800.55, Y0: 53.8942

Epoch:900
In training set, loss: 1732.7, Y0: 53.8983

Epoch:1000
In training set, loss: 1671.64, Y0: 53.9021



###############################################################################
TCHPC Cluster: kelvin
Job 21928 (BSDE_job_4_procs) for User 'zuoy' in Account 'hpc_21_01207'
Finished at: Sat Nov 20 05:19:25 GMT 2021

Job efficiency estimates:
=========================

Job ID: 21928
Cluster: kelvin
User/Group: zuoy/zuoy
State: COMPLETED (exit code 0)
Nodes: 11
Cores per node: 12
CPU Utilized: 01:29:48
CPU Efficiency: 8.87% of 16:52:00 core-walltime
Job Wall-clock time: 00:07:40
Memory Utilized: 846.41 MB
Memory Efficiency: 0.33% of 247.07 GB

Job completion status:
======================

       JobID    JobName AllocCPUS NTasks NNodes     MaxRSS    MaxRSSNode  MaxDiskRead MaxDiskWrite    Elapsed      State ExitCode 
------------ ---------- --------- ------ ------ ---------- ------------- ------------ ------------ ---------- ---------- -------- 
21928        BSDE_job_+       132            11                                                      00:07:40  COMPLETED      0:0 
21928.batch       batch        12      1      1    866728K   kelvin-n003        0.86M        0.01M   00:07:40  COMPLETED      0:0 
21928.0           orted       120     10     10                                                      00:07:39  COMPLETED      0:0 


Job details:
============

JobId=21928 JobName=BSDE_job_4_procs
   UserId=zuoy(1582) GroupId=zuoy(1252) MCS_label=N/A
   Priority=11100055 Nice=0 Account=hpc_21_01207 QOS=normal
   JobState=COMPLETING Reason=None Dependency=(null)
   Requeue=0 Restarts=0 BatchFlag=1 Reboot=0 ExitCode=0:0
   DerivedExitCode=0:0
   RunTime=00:07:40 TimeLimit=23:00:00 TimeMin=N/A
   SubmitTime=2021-11-20T03:31:57 EligibleTime=2021-11-20T03:31:57
   AccrueTime=2021-11-20T03:31:57
   StartTime=2021-11-20T05:11:45 EndTime=2021-11-20T05:19:25 Deadline=N/A
   SuspendTime=None SecsPreSuspend=0 LastSchedEval=2021-11-20T05:11:45
   Partition=compute AllocNode:Sid=kelvin01:26929
   ReqNodeList=(null) ExcNodeList=(null)
   NodeList=kelvin-n[019-020,022-023,054-055,089-090,092,096]
   BatchHost=kelvin-n003
   NumNodes=10 NumCPUs=132 NumTasks=128 CPUs/Task=1 ReqB:S:C:T=0:0:*:*
   TRES=cpu=132,mem=253000M,node=11,billing=132
   Socks/Node=* NtasksPerN:B:S:C=0:0:*:* CoreSpec=*
   JOB_GRES=(null)
     Nodes=kelvin-n[003,019-020,022-023,054-055,089-090,092,096] CPU_IDs=0-11 Mem=23000 GRES=
   MinCPUsNode=1 MinMemoryNode=23000M MinTmpDiskNode=0
   Features=(null) DelayBoot=00:00:00
   OverSubscribe=NO Contiguous=0 Licenses=(null) Network=(null)
   Command=/home/users/mschpc/2019/zuoy/HPC/NeuralNetwork/parallel/scripts/script_PricingDefaultRisk_d200_b1_n128.sh
   WorkDir=/home/users/mschpc/2019/zuoy/HPC/NeuralNetwork/parallel
   StdErr=/home/users/mschpc/2019/zuoy/HPC/NeuralNetwork/parallel/output/slurm-21928.out
   StdIn=/dev/null
   StdOut=/home/users/mschpc/2019/zuoy/HPC/NeuralNetwork/parallel/output/slurm-21928.out
   Power=
   NtasksPerTRES:0


Disk quota details:
===================

Quota Type           Name  Filesystem     Usage in MB     Limit in MB    % Used
-------------------------------------------------------------------------------
USER                 zuoy       /home             110          51,200     0.22%

GROUP              mschpc   /projects             999          51,200     1.95%
GROUP          pi-dgolden   /projects               0          51,200     0.00%


SLURM Bank Statement:
=====================

User           Usage |        Account     Usage | Account Limit Available (CPU hrs)
---------- --------- + -------------- --------- + ------------- ---------
zuoy          12,107 |   HPC_21_01207    12,107 |       100,000    87,893


Acknowledgements:
=================

Note that usage of TCHPC Resources *must* be acknowledged in all publications.

Please see this page for details relevant to this cluster:

http://www.tchpc.tcd.ie/resources/acknowledgementpolicy

################################################################################
