Parallel Mode: Master-Slave
Dimension: 100
Total time: 0.2
Number of time intervals: 20
Learning rate: 0.0005
y_init_range: 0.2, 0.5
Number of neurons in each hidden layer of each subnet: 110, 110, 
Epochs: 4000
Batch size: 1
Sample size: 1024
Logging frequency: 100
Model name: AllenCahn_parallel_
Number of processors: 128


Training:
Epoch:100
In training set, loss: 9.66119, Y0: 0.166209

Epoch:200
In training set, loss: 7.98442, Y0: 0.140825

Epoch:300
In training set, loss: 7.02651, Y0: 0.121674

Epoch:400
In training set, loss: 6.47471, Y0: 0.107188

Epoch:500
In training set, loss: 6.15423, Y0: 0.0962114

Epoch:600
In training set, loss: 5.96618, Y0: 0.0878842

Epoch:700
In training set, loss: 5.85421, Y0: 0.0815623

Epoch:800
In training set, loss: 5.78605, Y0: 0.0767603

Epoch:900
In training set, loss: 5.74318, Y0: 0.0731116

Epoch:1000
In training set, loss: 5.71492, Y0: 0.0703387

Epoch:1100
In training set, loss: 5.69512, Y0: 0.0682311

Epoch:1200
In training set, loss: 5.68023, Y0: 0.066629

Epoch:1300
In training set, loss: 5.66821, Y0: 0.0654112

Epoch:1400
In training set, loss: 5.65786, Y0: 0.0644858

Epoch:1500
In training set, loss: 5.6485, Y0: 0.0637824

Epoch:1600
In training set, loss: 5.63973, Y0: 0.0632479

Epoch:1700
In training set, loss: 5.63133, Y0: 0.0628421

Epoch:1800
In training set, loss: 5.62316, Y0: 0.062534

Epoch:1900
In training set, loss: 5.61514, Y0: 0.0623003

Epoch:2000
In training set, loss: 5.60724, Y0: 0.0621232

Epoch:2100
In training set, loss: 5.59941, Y0: 0.0619891

Epoch:2200
In training set, loss: 5.59165, Y0: 0.0618877

Epoch:2300
In training set, loss: 5.58396, Y0: 0.0618112

Epoch:2400
In training set, loss: 5.57631, Y0: 0.0617536

Epoch:2500
In training set, loss: 5.56872, Y0: 0.0617105

Epoch:2600
In training set, loss: 5.56118, Y0: 0.0616782

Epoch:2700
In training set, loss: 5.55368, Y0: 0.0616544

Epoch:2800
In training set, loss: 5.54623, Y0: 0.0616369

Epoch:2900
In training set, loss: 5.53882, Y0: 0.0616241

Epoch:3000
In training set, loss: 5.53146, Y0: 0.0616151

Epoch:3100
In training set, loss: 5.52415, Y0: 0.0616088

Epoch:3200
In training set, loss: 5.51688, Y0: 0.0616047

Epoch:3300
In training set, loss: 5.50965, Y0: 0.0616021

Epoch:3400
In training set, loss: 5.50247, Y0: 0.0616008

Epoch:3500
In training set, loss: 5.49533, Y0: 0.0616004

Epoch:3600
In training set, loss: 5.48824, Y0: 0.0616007

Epoch:3700
In training set, loss: 5.48118, Y0: 0.0616016

Epoch:3800
In training set, loss: 5.47417, Y0: 0.0616028

Epoch:3900
In training set, loss: 5.46721, Y0: 0.0616043

Epoch:4000
In training set, loss: 5.46028, Y0: 0.061606



###############################################################################
TCHPC Cluster: kelvin
Job 22677 (BSDE_job_4_procs) for User 'zuoy' in Account 'hpc_21_01207'
Finished at: Sun Nov 21 17:19:50 GMT 2021

Job efficiency estimates:
=========================

Job ID: 22677
Cluster: kelvin
User/Group: zuoy/zuoy
State: COMPLETED (exit code 0)
Nodes: 11
Cores per node: 12
CPU Utilized: 07:33:50
CPU Efficiency: 9.02% of 3-11:49:12 core-walltime
Job Wall-clock time: 00:38:06
Memory Utilized: 755.30 MB
Memory Efficiency: 0.30% of 247.07 GB

Job completion status:
======================

       JobID    JobName AllocCPUS NTasks NNodes     MaxRSS    MaxRSSNode  MaxDiskRead MaxDiskWrite    Elapsed      State ExitCode 
------------ ---------- --------- ------ ------ ---------- ------------- ------------ ------------ ---------- ---------- -------- 
22677        BSDE_job_+       132            11                                                      00:38:06  COMPLETED      0:0 
22677.batch       batch        12      1      1    773424K   kelvin-n013        0.86M        0.01M   00:38:06  COMPLETED      0:0 
22677.0           orted       120     10     10                                                      00:38:04  COMPLETED      0:0 


Job details:
============

JobId=22677 JobName=BSDE_job_4_procs
   UserId=zuoy(1582) GroupId=zuoy(1252) MCS_label=N/A
   Priority=10983155 Nice=0 Account=hpc_21_01207 QOS=normal
   JobState=COMPLETING Reason=None Dependency=(null)
   Requeue=0 Restarts=0 BatchFlag=1 Reboot=0 ExitCode=0:0
   DerivedExitCode=0:0
   RunTime=00:38:06 TimeLimit=23:00:00 TimeMin=N/A
   SubmitTime=2021-11-21T15:16:05 EligibleTime=2021-11-21T15:16:05
   AccrueTime=2021-11-21T15:16:05
   StartTime=2021-11-21T16:41:44 EndTime=2021-11-21T17:19:50 Deadline=N/A
   SuspendTime=None SecsPreSuspend=0 LastSchedEval=2021-11-21T16:41:44
   Partition=compute AllocNode:Sid=kelvin01:12189
   ReqNodeList=(null) ExcNodeList=(null)
   NodeList=kelvin-n[029,036-037,048,059,065,074,082,086,090]
   BatchHost=kelvin-n013
   NumNodes=10 NumCPUs=132 NumTasks=128 CPUs/Task=1 ReqB:S:C:T=0:0:*:*
   TRES=cpu=132,mem=253000M,node=11,billing=132
   Socks/Node=* NtasksPerN:B:S:C=0:0:*:* CoreSpec=*
   JOB_GRES=(null)
     Nodes=kelvin-n[013,029,036-037,048,059,065,074,082,086,090] CPU_IDs=0-11 Mem=23000 GRES=
   MinCPUsNode=1 MinMemoryNode=23000M MinTmpDiskNode=0
   Features=(null) DelayBoot=00:00:00
   OverSubscribe=NO Contiguous=0 Licenses=(null) Network=(null)
   Command=/home/users/mschpc/2019/zuoy/HPC/NeuralNetwork/parallel/scripts/script_AllenCahn_d300_b1_n128.sh
   WorkDir=/home/users/mschpc/2019/zuoy/HPC/NeuralNetwork/parallel
   StdErr=/home/users/mschpc/2019/zuoy/HPC/NeuralNetwork/parallel/output/slurm-22677.out
   StdIn=/dev/null
   StdOut=/home/users/mschpc/2019/zuoy/HPC/NeuralNetwork/parallel/output/slurm-22677.out
   Power=
   NtasksPerTRES:0


Disk quota details:
===================

Quota Type           Name  Filesystem     Usage in MB     Limit in MB    % Used
-------------------------------------------------------------------------------
USER                 zuoy       /home             124          51,200     0.24%

GROUP              mschpc   /projects             999          51,200     1.95%
GROUP          pi-dgolden   /projects               0          51,200     0.00%


SLURM Bank Statement:
=====================

User           Usage |        Account     Usage | Account Limit Available (CPU hrs)
---------- --------- + -------------- --------- + ------------- ---------
zuoy          20,027 |   HPC_21_01207    20,027 |       100,000    79,973


Acknowledgements:
=================

Note that usage of TCHPC Resources *must* be acknowledged in all publications.

Please see this page for details relevant to this cluster:

http://www.tchpc.tcd.ie/resources/acknowledgementpolicy

################################################################################
