Parallel Mode: Ring-Allreduce
Dimension: 200
Total time: 1
Number of time intervals: 40
Learning rate: 0.01
y_init_range: 40, 50
Number of neurons in each hidden layer of each subnet: 110, 110, 
Epochs: 1000
Batch size: 64
Sample size: 256
Logging frequency: 100
Model name: pricing_default_risk_parallel_
Number of processors: 16


Training:
Epoch:100
In training set, loss: 2311.5, Y0: 52.4589

Epoch:200
In training set, loss: 2034.84, Y0: 52.7502

Epoch:300
In training set, loss: 1830.85, Y0: 52.7791

Epoch:400
In training set, loss: 1671.72, Y0: 52.7993

Epoch:500
In training set, loss: 1544.24, Y0: 52.8174

Epoch:600
In training set, loss: 1439.63, Y0: 52.8337

Epoch:700
In training set, loss: 1352.09, Y0: 52.8486

Epoch:800
In training set, loss: 1277.66, Y0: 52.8617

Epoch:900
In training set, loss: 1213.5, Y0: 52.8735

Epoch:1000
In training set, loss: 1157.66, Y0: 52.8841



###############################################################################
TCHPC Cluster: kelvin
Job 23985 (BSDE_job_4_procs) for User 'zuoy' in Account 'hpc_21_01207'
Finished at: Thu Nov 25 13:16:35 GMT 2021

Job efficiency estimates:
=========================

Job ID: 23985
Cluster: kelvin
User/Group: zuoy/zuoy
State: COMPLETED (exit code 0)
Nodes: 2
Cores per node: 12
CPU Utilized: 00:39:06
CPU Efficiency: 33.02% of 01:58:24 core-walltime
Job Wall-clock time: 00:04:56
Memory Utilized: 561.04 MB
Memory Efficiency: 1.22% of 44.92 GB

Job completion status:
======================

       JobID    JobName AllocCPUS NTasks NNodes     MaxRSS    MaxRSSNode  MaxDiskRead MaxDiskWrite    Elapsed      State ExitCode 
------------ ---------- --------- ------ ------ ---------- ------------- ------------ ------------ ---------- ---------- -------- 
23985        BSDE_job_+        24             2                                                      00:04:56  COMPLETED      0:0 
23985.batch       batch        12      1      1    574500K   kelvin-n034        0.86M        0.01M   00:04:56  COMPLETED      0:0 
23985.0           orted        12      1      1                                                      00:04:55  COMPLETED      0:0 


Job details:
============

JobId=23985 JobName=BSDE_job_4_procs
   UserId=zuoy(1582) GroupId=zuoy(1252) MCS_label=N/A
   Priority=10541665 Nice=0 Account=hpc_21_01207 QOS=normal
   JobState=COMPLETING Reason=None Dependency=(null)
   Requeue=0 Restarts=0 BatchFlag=1 Reboot=0 ExitCode=0:0
   DerivedExitCode=0:0
   RunTime=00:04:56 TimeLimit=23:00:00 TimeMin=N/A
   SubmitTime=2021-11-25T11:39:18 EligibleTime=2021-11-25T11:39:18
   AccrueTime=2021-11-25T11:39:18
   StartTime=2021-11-25T13:11:39 EndTime=2021-11-25T13:16:35 Deadline=N/A
   SuspendTime=None SecsPreSuspend=0 LastSchedEval=2021-11-25T13:11:39
   Partition=compute AllocNode:Sid=kelvin01:29505
   ReqNodeList=(null) ExcNodeList=(null)
   NodeList=kelvin-n035
   BatchHost=kelvin-n034
   NumNodes=1 NumCPUs=24 NumTasks=16 CPUs/Task=1 ReqB:S:C:T=0:0:*:*
   TRES=cpu=24,mem=46000M,node=2,billing=24
   Socks/Node=* NtasksPerN:B:S:C=0:0:*:* CoreSpec=*
   JOB_GRES=(null)
     Nodes=kelvin-n[034-035] CPU_IDs=0-11 Mem=23000 GRES=
   MinCPUsNode=1 MinMemoryNode=23000M MinTmpDiskNode=0
   Features=(null) DelayBoot=00:00:00
   OverSubscribe=NO Contiguous=0 Licenses=(null) Network=(null)
   Command=/home/users/mschpc/2019/zuoy/HPC/NeuralNetwork/parallel/scripts/script_PricingDefaultRisk_d200_b64_n16.sh
   WorkDir=/home/users/mschpc/2019/zuoy/HPC/NeuralNetwork/parallel
   StdErr=/home/users/mschpc/2019/zuoy/HPC/NeuralNetwork/parallel/output/slurm-23985.out
   StdIn=/dev/null
   StdOut=/home/users/mschpc/2019/zuoy/HPC/NeuralNetwork/parallel/output/slurm-23985.out
   Power=
   NtasksPerTRES:0


Disk quota details:
===================

Quota Type           Name  Filesystem     Usage in MB     Limit in MB    % Used
-------------------------------------------------------------------------------
USER                 zuoy       /home             146          51,200     0.29%

GROUP              mschpc   /projects             999          51,200     1.95%
GROUP          pi-dgolden   /projects               0          51,200     0.00%


SLURM Bank Statement:
=====================

User           Usage |        Account     Usage | Account Limit Available (CPU hrs)
---------- --------- + -------------- --------- + ------------- ---------
zuoy          28,403 |   HPC_21_01207    28,403 |       100,000    71,597


Acknowledgements:
=================

Note that usage of TCHPC Resources *must* be acknowledged in all publications.

Please see this page for details relevant to this cluster:

http://www.tchpc.tcd.ie/resources/acknowledgementpolicy

################################################################################
