Parallel Mode: Ring-Allreduce
Dimension: 100
Total time: 0.2
Number of time intervals: 20
Learning rate: 0.0005
y_init_range: 0.2, 0.5
Number of neurons in each hidden layer of each subnet: 110, 110, 
Epochs: 4000
Batch size: 64
Sample size: 1024
Logging frequency: 100
Model name: AllenCahn_parallel_
Number of processors: 8


Training:
Epoch:100
In training set, loss: 11.1507, Y0: 0.191229

Epoch:200
In training set, loss: 10.4638, Y0: 0.18307

Epoch:300
In training set, loss: 9.86878, Y0: 0.175478

Epoch:400
In training set, loss: 9.35292, Y0: 0.168412

Epoch:500
In training set, loss: 8.90533, Y0: 0.161834

Epoch:600
In training set, loss: 8.51671, Y0: 0.155707

Epoch:700
In training set, loss: 8.17906, Y0: 0.15

Epoch:800
In training set, loss: 7.88552, Y0: 0.144682

Epoch:900
In training set, loss: 7.63017, Y0: 0.139726

Epoch:1000
In training set, loss: 7.40792, Y0: 0.135107

Epoch:1100
In training set, loss: 7.21436, Y0: 0.1308

Epoch:1200
In training set, loss: 7.04569, Y0: 0.126785

Epoch:1300
In training set, loss: 6.89863, Y0: 0.12304

Epoch:1400
In training set, loss: 6.77034, Y0: 0.119548

Epoch:1500
In training set, loss: 6.65833, Y0: 0.116291

Epoch:1600
In training set, loss: 6.5605, Y0: 0.113253

Epoch:1700
In training set, loss: 6.47496, Y0: 0.110419

Epoch:1800
In training set, loss: 6.40014, Y0: 0.107774

Epoch:1900
In training set, loss: 6.33462, Y0: 0.105307

Epoch:2000
In training set, loss: 6.2772, Y0: 0.103006

Epoch:2100
In training set, loss: 6.22683, Y0: 0.100858

Epoch:2200
In training set, loss: 6.18259, Y0: 0.0988533

Epoch:2300
In training set, loss: 6.14368, Y0: 0.0969828

Epoch:2400
In training set, loss: 6.10942, Y0: 0.0952372

Epoch:2500
In training set, loss: 6.07921, Y0: 0.0936081

Epoch:2600
In training set, loss: 6.05252, Y0: 0.0920878

Epoch:2700
In training set, loss: 6.02889, Y0: 0.0906688

Epoch:2800
In training set, loss: 6.00795, Y0: 0.0893444

Epoch:2900
In training set, loss: 5.98933, Y0: 0.0881082

Epoch:3000
In training set, loss: 5.97275, Y0: 0.0869545

Epoch:3100
In training set, loss: 5.95793, Y0: 0.0858776

Epoch:3200
In training set, loss: 5.94465, Y0: 0.0848724

Epoch:3300
In training set, loss: 5.93272, Y0: 0.0839342

Epoch:3400
In training set, loss: 5.92196, Y0: 0.0830584

Epoch:3500
In training set, loss: 5.91222, Y0: 0.082241

Epoch:3600
In training set, loss: 5.90337, Y0: 0.081478

Epoch:3700
In training set, loss: 5.89529, Y0: 0.0807658

Epoch:3800
In training set, loss: 5.8879, Y0: 0.080101

Epoch:3900
In training set, loss: 5.88109, Y0: 0.0794806

Epoch:4000
In training set, loss: 5.87481, Y0: 0.0789014



###############################################################################
TCHPC Cluster: kelvin
Job 22476 (BSDE_job_4_procs) for User 'zuoy' in Account 'hpc_21_01207'
Finished at: Sun Nov 21 07:59:01 GMT 2021

Job efficiency estimates:
=========================

Job ID: 22476
Cluster: kelvin
User/Group: zuoy/zuoy
State: COMPLETED (exit code 0)
Nodes: 1
Cores per node: 12
CPU Utilized: 02:54:37
CPU Efficiency: 66.60% of 04:22:12 core-walltime
Job Wall-clock time: 00:21:51
Memory Utilized: 417.94 MB
Memory Efficiency: 1.82% of 22.46 GB

Job completion status:
======================

       JobID    JobName AllocCPUS NTasks NNodes     MaxRSS    MaxRSSNode  MaxDiskRead MaxDiskWrite    Elapsed      State ExitCode 
------------ ---------- --------- ------ ------ ---------- ------------- ------------ ------------ ---------- ---------- -------- 
22476        BSDE_job_+        12             1                                                      00:21:51  COMPLETED      0:0 
22476.batch       batch        12      1      1    427968K   kelvin-n024        0.86M        0.01M   00:21:51  COMPLETED      0:0 


Job details:
============

JobId=22476 JobName=BSDE_job_4_procs
   UserId=zuoy(1582) GroupId=zuoy(1252) MCS_label=N/A
   Priority=11096503 Nice=0 Account=hpc_21_01207 QOS=normal
   JobState=COMPLETING Reason=None Dependency=(null)
   Requeue=0 Restarts=0 BatchFlag=1 Reboot=0 ExitCode=0:0
   DerivedExitCode=0:0
   RunTime=00:21:51 TimeLimit=23:00:00 TimeMin=N/A
   SubmitTime=2021-11-21T04:02:29 EligibleTime=2021-11-21T04:02:29
   AccrueTime=2021-11-21T04:02:29
   StartTime=2021-11-21T07:37:10 EndTime=2021-11-21T07:59:01 Deadline=N/A
   SuspendTime=None SecsPreSuspend=0 LastSchedEval=2021-11-21T07:37:10
   Partition=compute AllocNode:Sid=kelvin01:15042
   ReqNodeList=(null) ExcNodeList=(null)
   NodeList=
   BatchHost=kelvin-n024
   NumNodes=1 NumCPUs=12 NumTasks=8 CPUs/Task=1 ReqB:S:C:T=0:0:*:*
   TRES=cpu=12,mem=23000M,node=1,billing=12
   Socks/Node=* NtasksPerN:B:S:C=0:0:*:* CoreSpec=*
   JOB_GRES=(null)
     Nodes=kelvin-n024 CPU_IDs=0-11 Mem=23000 GRES=
   MinCPUsNode=1 MinMemoryNode=23000M MinTmpDiskNode=0
   Features=(null) DelayBoot=00:00:00
   OverSubscribe=NO Contiguous=0 Licenses=(null) Network=(null)
   Command=/home/users/mschpc/2019/zuoy/HPC/NeuralNetwork/parallel/scripts/script_AllenCahn_d300_b64_n8.sh
   WorkDir=/home/users/mschpc/2019/zuoy/HPC/NeuralNetwork/parallel
   StdErr=/home/users/mschpc/2019/zuoy/HPC/NeuralNetwork/parallel/output/slurm-22476.out
   StdIn=/dev/null
   StdOut=/home/users/mschpc/2019/zuoy/HPC/NeuralNetwork/parallel/output/slurm-22476.out
   Power=
   NtasksPerTRES:0


Disk quota details:
===================

Quota Type           Name  Filesystem     Usage in MB     Limit in MB    % Used
-------------------------------------------------------------------------------
USER                 zuoy       /home             122          51,200     0.24%

GROUP              mschpc   /projects             999          51,200     1.95%
GROUP          pi-dgolden   /projects               0          51,200     0.00%


SLURM Bank Statement:
=====================

User           Usage |        Account     Usage | Account Limit Available (CPU hrs)
---------- --------- + -------------- --------- + ------------- ---------
zuoy          17,052 |   HPC_21_01207    17,052 |       100,000    82,948


Acknowledgements:
=================

Note that usage of TCHPC Resources *must* be acknowledged in all publications.

Please see this page for details relevant to this cluster:

http://www.tchpc.tcd.ie/resources/acknowledgementpolicy

################################################################################
