Parallel Mode: Ring-Allreduce
Dimension: 100
Total time: 0.2
Number of time intervals: 20
Learning rate: 0.0005
y_init_range: 0.3, 0.5
Number of neurons in each hidden layer of each subnet: 110, 110, 
Epochs: 4000
Batch size: 1
Sample size: 256
Logging frequency: 100
Model name: AllenCahn_parallel_
Number of processors: 4


Training:
Epoch:100
In training set, loss: 1.21412, Y0: 0.0815974

Epoch:200
In training set, loss: 1.12206, Y0: 0.0582148

Epoch:300
In training set, loss: 1.093, Y0: 0.0556324

Epoch:400
In training set, loss: 1.06641, Y0: 0.0553743

Epoch:500
In training set, loss: 1.04141, Y0: 0.0553744

Epoch:600
In training set, loss: 1.01787, Y0: 0.0554008

Epoch:700
In training set, loss: 0.99567, Y0: 0.0554277

Epoch:800
In training set, loss: 0.974723, Y0: 0.0554523

Epoch:900
In training set, loss: 0.954934, Y0: 0.0554744

Epoch:1000
In training set, loss: 0.936221, Y0: 0.0554942

Epoch:1100
In training set, loss: 0.918507, Y0: 0.0555118

Epoch:1200
In training set, loss: 0.901721, Y0: 0.0555272

Epoch:1300
In training set, loss: 0.885798, Y0: 0.0555407

Epoch:1400
In training set, loss: 0.87068, Y0: 0.0555525

Epoch:1500
In training set, loss: 0.856313, Y0: 0.0555625

Epoch:1600
In training set, loss: 0.842645, Y0: 0.0555708

Epoch:1700
In training set, loss: 0.82963, Y0: 0.0555776

Epoch:1800
In training set, loss: 0.817227, Y0: 0.055583

Epoch:1900
In training set, loss: 0.805395, Y0: 0.0555871

Epoch:2000
In training set, loss: 0.794098, Y0: 0.0555898

Epoch:2100
In training set, loss: 0.783303, Y0: 0.0555914

Epoch:2200
In training set, loss: 0.772979, Y0: 0.0555919

Epoch:2300
In training set, loss: 0.763096, Y0: 0.0555913

Epoch:2400
In training set, loss: 0.753628, Y0: 0.0555898

Epoch:2500
In training set, loss: 0.74455, Y0: 0.0555874

Epoch:2600
In training set, loss: 0.735839, Y0: 0.0555841

Epoch:2700
In training set, loss: 0.727474, Y0: 0.05558

Epoch:2800
In training set, loss: 0.719435, Y0: 0.055575

Epoch:2900
In training set, loss: 0.711703, Y0: 0.0555694

Epoch:3000
In training set, loss: 0.704262, Y0: 0.0555631

Epoch:3100
In training set, loss: 0.697095, Y0: 0.0555562

Epoch:3200
In training set, loss: 0.690188, Y0: 0.0555487

Epoch:3300
In training set, loss: 0.683526, Y0: 0.0555405

Epoch:3400
In training set, loss: 0.677097, Y0: 0.0555319

Epoch:3500
In training set, loss: 0.670888, Y0: 0.0555228

Epoch:3600
In training set, loss: 0.664888, Y0: 0.0555132

Epoch:3700
In training set, loss: 0.659085, Y0: 0.0555032

Epoch:3800
In training set, loss: 0.65347, Y0: 0.0554929

Epoch:3900
In training set, loss: 0.648032, Y0: 0.0554821

Epoch:4000
In training set, loss: 0.642765, Y0: 0.055471



###############################################################################
TCHPC Cluster: kelvin
Job 21492 (BSDE_job_4_procs) for User 'zuoy' in Account 'hpc_21_01207'
Finished at: Fri Nov 19 03:12:17 GMT 2021

Job efficiency estimates:
=========================

Job ID: 21492
Cluster: kelvin
User/Group: zuoy/zuoy
State: COMPLETED (exit code 0)
Nodes: 1
Cores per node: 12
CPU Utilized: 00:49:22
CPU Efficiency: 33.27% of 02:28:24 core-walltime
Job Wall-clock time: 00:12:22
Memory Utilized: 157.92 MB
Memory Efficiency: 0.69% of 22.46 GB

Job completion status:
======================

       JobID    JobName AllocCPUS NTasks NNodes     MaxRSS    MaxRSSNode  MaxDiskRead MaxDiskWrite    Elapsed      State ExitCode 
------------ ---------- --------- ------ ------ ---------- ------------- ------------ ------------ ---------- ---------- -------- 
21492        BSDE_job_+        12             1                                                      00:12:22  COMPLETED      0:0 
21492.batch       batch        12      1      1    161712K   kelvin-n076        0.86M        0.01M   00:12:22  COMPLETED      0:0 


Job details:
============

JobId=21492 JobName=BSDE_job_4_procs
   UserId=zuoy(1582) GroupId=zuoy(1252) MCS_label=N/A
   Priority=11182392 Nice=0 Account=hpc_21_01207 QOS=normal
   JobState=COMPLETING Reason=None Dependency=(null)
   Requeue=0 Restarts=0 BatchFlag=1 Reboot=0 ExitCode=0:0
   DerivedExitCode=0:0
   RunTime=00:12:22 TimeLimit=23:00:00 TimeMin=N/A
   SubmitTime=2021-11-18T22:23:06 EligibleTime=2021-11-18T22:23:06
   AccrueTime=2021-11-18T22:23:06
   StartTime=2021-11-19T02:59:55 EndTime=2021-11-19T03:12:17 Deadline=N/A
   SuspendTime=None SecsPreSuspend=0 LastSchedEval=2021-11-19T02:59:55
   Partition=compute AllocNode:Sid=kelvin01:15357
   ReqNodeList=(null) ExcNodeList=(null)
   NodeList=
   BatchHost=kelvin-n076
   NumNodes=1 NumCPUs=12 NumTasks=4 CPUs/Task=1 ReqB:S:C:T=0:0:*:*
   TRES=cpu=12,mem=23000M,node=1,billing=12
   Socks/Node=* NtasksPerN:B:S:C=0:0:*:* CoreSpec=*
   JOB_GRES=(null)
     Nodes=kelvin-n076 CPU_IDs=0-11 Mem=23000 GRES=
   MinCPUsNode=1 MinMemoryNode=23000M MinTmpDiskNode=0
   Features=(null) DelayBoot=00:00:00
   OverSubscribe=NO Contiguous=0 Licenses=(null) Network=(null)
   Command=/home/users/mschpc/2019/zuoy/HPC/NeuralNetwork/parallel/scripts/script_AllenCahn_d300_b1_n4.sh
   WorkDir=/home/users/mschpc/2019/zuoy/HPC/NeuralNetwork/parallel
   StdErr=/home/users/mschpc/2019/zuoy/HPC/NeuralNetwork/parallel/output/slurm-21492.out
   StdIn=/dev/null
   StdOut=/home/users/mschpc/2019/zuoy/HPC/NeuralNetwork/parallel/output/slurm-21492.out
   Power=
   NtasksPerTRES:0


Disk quota details:
===================

Quota Type           Name  Filesystem     Usage in MB     Limit in MB    % Used
-------------------------------------------------------------------------------
USER                 zuoy       /home             106          51,200     0.21%

GROUP              mschpc   /projects             999          51,200     1.95%
GROUP          pi-dgolden   /projects               0          51,200     0.00%


SLURM Bank Statement:
=====================

User           Usage |        Account     Usage | Account Limit Available (CPU hrs)
---------- --------- + -------------- --------- + ------------- ---------
zuoy           9,726 |   HPC_21_01207     9,726 |       100,000    90,274


Acknowledgements:
=================

Note that usage of TCHPC Resources *must* be acknowledged in all publications.

Please see this page for details relevant to this cluster:

http://www.tchpc.tcd.ie/resources/acknowledgementpolicy

################################################################################
