Parallel Mode: Master-Slave
Dimension: 100
Total time: 1
Number of time intervals: 40
Learning rate: 0.01
y_init_range: 40, 50
Number of neurons in each hidden layer of each subnet: 110, 110, 
Epochs: 1000
Batch size: 64
Sample size: 256
Logging frequency: 100
Model name: pricing_default_risk_parallel_
Number of processors: 128


Training:
Epoch:100
In training set, loss: 4065.53, Y0: 54.0909

Epoch:200
In training set, loss: 3272.93, Y0: 56.2053

Epoch:300
In training set, loss: 3148.81, Y0: 56.5463

Epoch:400
In training set, loss: 3051.64, Y0: 56.6032

Epoch:500
In training set, loss: 2963.22, Y0: 56.6145

Epoch:600
In training set, loss: 2882.01, Y0: 56.6184

Epoch:700
In training set, loss: 2806.43, Y0: 56.6209

Epoch:800
In training set, loss: 2736.61, Y0: 56.6232

Epoch:900
In training set, loss: 2671.82, Y0: 56.6255

Epoch:1000
In training set, loss: 2611.18, Y0: 56.6277



###############################################################################
TCHPC Cluster: kelvin
Job 23472 (BSDE_job_4_procs) for User 'zuoy' in Account 'hpc_21_01207'
Finished at: Wed Nov 24 04:05:20 GMT 2021

Job efficiency estimates:
=========================

Job ID: 23472
Cluster: kelvin
User/Group: zuoy/zuoy
State: COMPLETED (exit code 0)
Nodes: 11
Cores per node: 12
CPU Utilized: 02:31:57
CPU Efficiency: 8.97% of 1-04:14:00 core-walltime
Job Wall-clock time: 00:12:50
Memory Utilized: 848.75 MB
Memory Efficiency: 0.34% of 247.07 GB

Job completion status:
======================

       JobID    JobName AllocCPUS NTasks NNodes     MaxRSS    MaxRSSNode  MaxDiskRead MaxDiskWrite    Elapsed      State ExitCode 
------------ ---------- --------- ------ ------ ---------- ------------- ------------ ------------ ---------- ---------- -------- 
23472        BSDE_job_+       132            11                                                      00:12:50  COMPLETED      0:0 
23472.batch       batch        12      1      1    869124K   kelvin-n029        0.86M        0.01M   00:12:50  COMPLETED      0:0 
23472.0           orted       120     10     10                                                      00:12:48  COMPLETED      0:0 


Job details:
============

JobId=23472 JobName=BSDE_job_4_procs
   UserId=zuoy(1582) GroupId=zuoy(1252) MCS_label=N/A
   Priority=10854805 Nice=0 Account=hpc_21_01207 QOS=normal
   JobState=COMPLETING Reason=None Dependency=(null)
   Requeue=0 Restarts=0 BatchFlag=1 Reboot=0 ExitCode=0:0
   DerivedExitCode=0:0
   RunTime=00:12:50 TimeLimit=23:00:00 TimeMin=N/A
   SubmitTime=2021-11-23T15:59:41 EligibleTime=2021-11-23T15:59:41
   AccrueTime=2021-11-23T15:59:41
   StartTime=2021-11-24T03:52:30 EndTime=2021-11-24T04:05:20 Deadline=N/A
   SuspendTime=None SecsPreSuspend=0 LastSchedEval=2021-11-24T03:52:30
   Partition=compute AllocNode:Sid=kelvin01:24748
   ReqNodeList=(null) ExcNodeList=(null)
   NodeList=kelvin-n[033,038,040,043,045-046,082-083,089,092]
   BatchHost=kelvin-n029
   NumNodes=10 NumCPUs=132 NumTasks=128 CPUs/Task=1 ReqB:S:C:T=0:0:*:*
   TRES=cpu=132,mem=253000M,node=11,billing=132
   Socks/Node=* NtasksPerN:B:S:C=0:0:*:* CoreSpec=*
   JOB_GRES=(null)
     Nodes=kelvin-n[029,033,038,040,043,045-046,082-083,089,092] CPU_IDs=0-11 Mem=23000 GRES=
   MinCPUsNode=1 MinMemoryNode=23000M MinTmpDiskNode=0
   Features=(null) DelayBoot=00:00:00
   OverSubscribe=NO Contiguous=0 Licenses=(null) Network=(null)
   Command=/home/users/mschpc/2019/zuoy/HPC/NeuralNetwork/parallel/scripts/script_PricingDefaultRisk_d100_b64_n128.sh
   WorkDir=/home/users/mschpc/2019/zuoy/HPC/NeuralNetwork/parallel
   StdErr=/home/users/mschpc/2019/zuoy/HPC/NeuralNetwork/parallel/output/slurm-23472.out
   StdIn=/dev/null
   StdOut=/home/users/mschpc/2019/zuoy/HPC/NeuralNetwork/parallel/output/slurm-23472.out
   Power=
   NtasksPerTRES:0


Disk quota details:
===================

Quota Type           Name  Filesystem     Usage in MB     Limit in MB    % Used
-------------------------------------------------------------------------------
USER                 zuoy       /home             138          51,200     0.27%

GROUP              mschpc   /projects             999          51,200     1.95%
GROUP          pi-dgolden   /projects               0          51,200     0.00%


SLURM Bank Statement:
=====================

User           Usage |        Account     Usage | Account Limit Available (CPU hrs)
---------- --------- + -------------- --------- + ------------- ---------
zuoy          27,930 |   HPC_21_01207    27,930 |       100,000    72,070


Acknowledgements:
=================

Note that usage of TCHPC Resources *must* be acknowledged in all publications.

Please see this page for details relevant to this cluster:

http://www.tchpc.tcd.ie/resources/acknowledgementpolicy

################################################################################
