Parallel Mode: Master-Slave
Dimension: 100
Total time: 1
Number of time intervals: 40
Learning rate: 0.01
y_init_range: 40, 50
Number of neurons in each hidden layer of each subnet: 110, 110, 
Epochs: 1000
Batch size: 64
Sample size: 256
Logging frequency: 100
Model name: pricing_default_risk_parallel_
Number of processors: 128


Training:
Epoch:100
In training set, loss: 4207.44, Y0: 54.6955

Epoch:200
In training set, loss: 3338.99, Y0: 56.9075

Epoch:300
In training set, loss: 3201.53, Y0: 57.2616

Epoch:400
In training set, loss: 3094.42, Y0: 57.3178

Epoch:500
In training set, loss: 2999.65, Y0: 57.3262

Epoch:600
In training set, loss: 2913.71, Y0: 57.3273

Epoch:700
In training set, loss: 2835.7, Y0: 57.3278

Epoch:800
In training set, loss: 2764.57, Y0: 57.3285

Epoch:900
In training set, loss: 2698.99, Y0: 57.3297

Epoch:1000
In training set, loss: 2638.71, Y0: 57.3313



###############################################################################
TCHPC Cluster: kelvin
Job 23403 (BSDE_job_4_procs) for User 'zuoy' in Account 'hpc_21_01207'
Finished at: Tue Nov 23 18:57:30 GMT 2021

Job efficiency estimates:
=========================

Job ID: 23403
Cluster: kelvin
User/Group: zuoy/zuoy
State: COMPLETED (exit code 0)
Nodes: 11
Cores per node: 12
CPU Utilized: 02:11:20
CPU Efficiency: 8.95% of 1-00:27:24 core-walltime
Job Wall-clock time: 00:11:07
Memory Utilized: 836.78 MB
Memory Efficiency: 0.33% of 247.07 GB

Job completion status:
======================

       JobID    JobName AllocCPUS NTasks NNodes     MaxRSS    MaxRSSNode  MaxDiskRead MaxDiskWrite    Elapsed      State ExitCode 
------------ ---------- --------- ------ ------ ---------- ------------- ------------ ------------ ---------- ---------- -------- 
23403        BSDE_job_+       132            11                                                      00:11:07  COMPLETED      0:0 
23403.batch       batch        12      1      1    856860K   kelvin-n003        0.86M        0.01M   00:11:07  COMPLETED      0:0 
23403.0           orted       120     10     10                                                      00:11:06  COMPLETED      0:0 


Job details:
============

JobId=23403 JobName=BSDE_job_4_procs
   UserId=zuoy(1582) GroupId=zuoy(1252) MCS_label=N/A
   Priority=10670289 Nice=0 Account=hpc_21_01207 QOS=normal
   JobState=COMPLETING Reason=None Dependency=(null)
   Requeue=0 Restarts=0 BatchFlag=1 Reboot=0 ExitCode=0:0
   DerivedExitCode=0:0
   RunTime=00:11:07 TimeLimit=23:00:00 TimeMin=N/A
   SubmitTime=2021-11-23T13:05:40 EligibleTime=2021-11-23T13:05:40
   AccrueTime=2021-11-23T13:05:40
   StartTime=2021-11-23T18:46:23 EndTime=2021-11-23T18:57:30 Deadline=N/A
   SuspendTime=None SecsPreSuspend=0 LastSchedEval=2021-11-23T18:46:23
   Partition=compute AllocNode:Sid=kelvin01:24539
   ReqNodeList=(null) ExcNodeList=(null)
   NodeList=kelvin-n[014-015,017-018,020-022,024,056,061]
   BatchHost=kelvin-n003
   NumNodes=10 NumCPUs=132 NumTasks=128 CPUs/Task=1 ReqB:S:C:T=0:0:*:*
   TRES=cpu=132,mem=253000M,node=11,billing=132
   Socks/Node=* NtasksPerN:B:S:C=0:0:*:* CoreSpec=*
   JOB_GRES=(null)
     Nodes=kelvin-n[003,014-015,017-018,020-022,024,056,061] CPU_IDs=0-11 Mem=23000 GRES=
   MinCPUsNode=1 MinMemoryNode=23000M MinTmpDiskNode=0
   Features=(null) DelayBoot=00:00:00
   OverSubscribe=NO Contiguous=0 Licenses=(null) Network=(null)
   Command=/home/users/mschpc/2019/zuoy/HPC/NeuralNetwork/parallel/scripts/script_PricingDefaultRisk_d100_b64_n128.sh
   WorkDir=/home/users/mschpc/2019/zuoy/HPC/NeuralNetwork/parallel
   StdErr=/home/users/mschpc/2019/zuoy/HPC/NeuralNetwork/parallel/output/slurm-23403.out
   StdIn=/dev/null
   StdOut=/home/users/mschpc/2019/zuoy/HPC/NeuralNetwork/parallel/output/slurm-23403.out
   Power=
   NtasksPerTRES:0


Disk quota details:
===================

Quota Type           Name  Filesystem     Usage in MB     Limit in MB    % Used
-------------------------------------------------------------------------------
USER                 zuoy       /home             138          51,200     0.27%

GROUP              mschpc   /projects             999          51,200     1.95%
GROUP          pi-dgolden   /projects               0          51,200     0.00%


SLURM Bank Statement:
=====================

User           Usage |        Account     Usage | Account Limit Available (CPU hrs)
---------- --------- + -------------- --------- + ------------- ---------
zuoy          27,781 |   HPC_21_01207    27,781 |       100,000    72,219


Acknowledgements:
=================

Note that usage of TCHPC Resources *must* be acknowledged in all publications.

Please see this page for details relevant to this cluster:

http://www.tchpc.tcd.ie/resources/acknowledgementpolicy

################################################################################
