Parallel Mode: Master-Slave
Dimension: 100
Total time: 0.2
Number of time intervals: 20
Learning rate: 0.0005
y_init_range: 0.2, 0.5
Number of neurons in each hidden layer of each subnet: 110, 110, 
Epochs: 4000
Batch size: 1
Sample size: 1024
Logging frequency: 100
Model name: AllenCahn_parallel_
Number of processors: 32


Training:
Epoch:100
In training set, loss: 6.29976, Y0: 0.107931

Epoch:200
In training set, loss: 5.60863, Y0: 0.0777875

Epoch:300
In training set, loss: 5.49633, Y0: 0.0677817

Epoch:400
In training set, loss: 5.44899, Y0: 0.0644695

Epoch:500
In training set, loss: 5.40977, Y0: 0.0633929

Epoch:600
In training set, loss: 5.37227, Y0: 0.0630639

Epoch:700
In training set, loss: 5.33576, Y0: 0.0629848

Epoch:800
In training set, loss: 5.30014, Y0: 0.062989

Epoch:900
In training set, loss: 5.26536, Y0: 0.0630207

Epoch:1000
In training set, loss: 5.23142, Y0: 0.0630613

Epoch:1100
In training set, loss: 5.19828, Y0: 0.0631044

Epoch:1200
In training set, loss: 5.16592, Y0: 0.063148

Epoch:1300
In training set, loss: 5.13433, Y0: 0.0631915

Epoch:1400
In training set, loss: 5.10348, Y0: 0.0632346

Epoch:1500
In training set, loss: 5.07335, Y0: 0.063277

Epoch:1600
In training set, loss: 5.04393, Y0: 0.0633189

Epoch:1700
In training set, loss: 5.01519, Y0: 0.0633605

Epoch:1800
In training set, loss: 4.98712, Y0: 0.0634014

Epoch:1900
In training set, loss: 4.95971, Y0: 0.0634418

Epoch:2000
In training set, loss: 4.93292, Y0: 0.0634818

Epoch:2100
In training set, loss: 4.90675, Y0: 0.0635213

Epoch:2200
In training set, loss: 4.88119, Y0: 0.0635602

Epoch:2300
In training set, loss: 4.85621, Y0: 0.0635988

Epoch:2400
In training set, loss: 4.8318, Y0: 0.0636368

Epoch:2500
In training set, loss: 4.80795, Y0: 0.0636744

Epoch:2600
In training set, loss: 4.78464, Y0: 0.0637117

Epoch:2700
In training set, loss: 4.76186, Y0: 0.0637484

Epoch:2800
In training set, loss: 4.73959, Y0: 0.0637845

Epoch:2900
In training set, loss: 4.71782, Y0: 0.0638204

Epoch:3000
In training set, loss: 4.69654, Y0: 0.0638559

Epoch:3100
In training set, loss: 4.67574, Y0: 0.0638909

Epoch:3200
In training set, loss: 4.6554, Y0: 0.0639255

Epoch:3300
In training set, loss: 4.63552, Y0: 0.0639597

Epoch:3400
In training set, loss: 4.61607, Y0: 0.0639936

Epoch:3500
In training set, loss: 4.59706, Y0: 0.0640269

Epoch:3600
In training set, loss: 4.57846, Y0: 0.06406

Epoch:3700
In training set, loss: 4.56027, Y0: 0.0640927

Epoch:3800
In training set, loss: 4.54248, Y0: 0.0641249

Epoch:3900
In training set, loss: 4.52508, Y0: 0.0641569

Epoch:4000
In training set, loss: 4.50805, Y0: 0.0641884



###############################################################################
TCHPC Cluster: kelvin
Job 22599 (BSDE_job_4_procs) for User 'zuoy' in Account 'hpc_21_01207'
Finished at: Sun Nov 21 15:29:05 GMT 2021

Job efficiency estimates:
=========================

Job ID: 22599
Cluster: kelvin
User/Group: zuoy/zuoy
State: COMPLETED (exit code 0)
Nodes: 3
Cores per node: 12
CPU Utilized: 03:57:12
CPU Efficiency: 30.34% of 13:01:48 core-walltime
Job Wall-clock time: 00:21:43
Memory Utilized: 649.13 MB
Memory Efficiency: 0.94% of 67.38 GB

Job completion status:
======================

       JobID    JobName AllocCPUS NTasks NNodes     MaxRSS    MaxRSSNode  MaxDiskRead MaxDiskWrite    Elapsed      State ExitCode 
------------ ---------- --------- ------ ------ ---------- ------------- ------------ ------------ ---------- ---------- -------- 
22599        BSDE_job_+        36             3                                                      00:21:43  COMPLETED      0:0 
22599.batch       batch        12      1      1    664712K   kelvin-n052        0.86M        0.01M   00:21:43  COMPLETED      0:0 
22599.0           orted        24      2      2                                                      00:21:42  COMPLETED      0:0 


Job details:
============

JobId=22599 JobName=BSDE_job_4_procs
   UserId=zuoy(1582) GroupId=zuoy(1252) MCS_label=N/A
   Priority=10997637 Nice=0 Account=hpc_21_01207 QOS=normal
   JobState=COMPLETING Reason=None Dependency=(null)
   Requeue=0 Restarts=0 BatchFlag=1 Reboot=0 ExitCode=0:0
   DerivedExitCode=0:0
   RunTime=00:21:43 TimeLimit=23:30:00 TimeMin=N/A
   SubmitTime=2021-11-21T13:03:24 EligibleTime=2021-11-21T13:03:24
   AccrueTime=2021-11-21T13:03:24
   StartTime=2021-11-21T15:07:22 EndTime=2021-11-21T15:29:05 Deadline=N/A
   SuspendTime=None SecsPreSuspend=0 LastSchedEval=2021-11-21T15:07:22
   Partition=compute AllocNode:Sid=kelvin01:30506
   ReqNodeList=(null) ExcNodeList=(null)
   NodeList=kelvin-n[054-055]
   BatchHost=kelvin-n052
   NumNodes=2 NumCPUs=36 NumTasks=32 CPUs/Task=1 ReqB:S:C:T=0:0:*:*
   TRES=cpu=36,mem=69000M,node=3,billing=36
   Socks/Node=* NtasksPerN:B:S:C=0:0:*:* CoreSpec=*
   JOB_GRES=(null)
     Nodes=kelvin-n[052,054-055] CPU_IDs=0-11 Mem=23000 GRES=
   MinCPUsNode=1 MinMemoryNode=23000M MinTmpDiskNode=0
   Features=(null) DelayBoot=00:00:00
   OverSubscribe=NO Contiguous=0 Licenses=(null) Network=(null)
   Command=/home/users/mschpc/2019/zuoy/HPC/NeuralNetwork/parallel/scripts/script_AllenCahn_d300_b1_n32.sh
   WorkDir=/home/users/mschpc/2019/zuoy/HPC/NeuralNetwork/parallel
   StdErr=/home/users/mschpc/2019/zuoy/HPC/NeuralNetwork/parallel/output/slurm-22599.out
   StdIn=/dev/null
   StdOut=/home/users/mschpc/2019/zuoy/HPC/NeuralNetwork/parallel/output/slurm-22599.out
   Power=
   NtasksPerTRES:0


Disk quota details:
===================

Quota Type           Name  Filesystem     Usage in MB     Limit in MB    % Used
-------------------------------------------------------------------------------
USER                 zuoy       /home             124          51,200     0.24%

GROUP              mschpc   /projects             999          51,200     1.95%
GROUP          pi-dgolden   /projects               0          51,200     0.00%


SLURM Bank Statement:
=====================

User           Usage |        Account     Usage | Account Limit Available (CPU hrs)
---------- --------- + -------------- --------- + ------------- ---------
zuoy          19,216 |   HPC_21_01207    19,216 |       100,000    80,784


Acknowledgements:
=================

Note that usage of TCHPC Resources *must* be acknowledged in all publications.

Please see this page for details relevant to this cluster:

http://www.tchpc.tcd.ie/resources/acknowledgementpolicy

################################################################################
