Parallel Mode: Ring-Allreduce
Dimension: 100
Total time: 1
Number of time intervals: 40
Learning rate: 0.01
y_init_range: 40, 50
Number of neurons in each hidden layer of each subnet: 110, 110, 
Epochs: 1000
Batch size: 1
Sample size: 256
Logging frequency: 100
Model name: pricing_default_risk_parallel_
Number of processors: 128


Training:
Epoch:100
In training set, loss: 4141.97, Y0: 54.3385

Epoch:200
In training set, loss: 3292.91, Y0: 56.481

Epoch:300
In training set, loss: 3138.53, Y0: 56.8222

Epoch:400
In training set, loss: 3018.2, Y0: 56.8753

Epoch:500
In training set, loss: 2912.04, Y0: 56.8822

Epoch:600
In training set, loss: 2817.27, Y0: 56.8823

Epoch:700
In training set, loss: 2732.05, Y0: 56.8811

Epoch:800
In training set, loss: 2655.04, Y0: 56.8796

Epoch:900
In training set, loss: 2585.12, Y0: 56.8783

Epoch:1000
In training set, loss: 2521.53, Y0: 56.8772



###############################################################################
TCHPC Cluster: kelvin
Job 21467 (BSDE_job_4_procs) for User 'zuoy' in Account 'hpc_21_01207'
Finished at: Thu Nov 18 22:30:24 GMT 2021

Job efficiency estimates:
=========================

Job ID: 21467
Cluster: kelvin
User/Group: zuoy/zuoy
State: COMPLETED (exit code 0)
Nodes: 11
Cores per node: 12
CPU Utilized: 01:25:17
CPU Efficiency: 8.87% of 16:01:24 core-walltime
Job Wall-clock time: 00:07:17
Memory Utilized: 631.41 MB
Memory Efficiency: 0.25% of 247.07 GB

Job completion status:
======================

       JobID    JobName AllocCPUS NTasks NNodes     MaxRSS    MaxRSSNode  MaxDiskRead MaxDiskWrite    Elapsed      State ExitCode 
------------ ---------- --------- ------ ------ ---------- ------------- ------------ ------------ ---------- ---------- -------- 
21467        BSDE_job_+       132            11                                                      00:07:17  COMPLETED      0:0 
21467.batch       batch        12      1      1    646564K   kelvin-n006        0.86M        0.01M   00:07:17  COMPLETED      0:0 
21467.0           orted       120     10     10                                                      00:07:15  COMPLETED      0:0 


Job details:
============

JobId=21467 JobName=BSDE_job_4_procs
   UserId=zuoy(1582) GroupId=zuoy(1252) MCS_label=N/A
   Priority=11050818 Nice=0 Account=hpc_21_01207 QOS=normal
   JobState=COMPLETING Reason=None Dependency=(null)
   Requeue=0 Restarts=0 BatchFlag=1 Reboot=0 ExitCode=0:0
   DerivedExitCode=0:0
   RunTime=00:07:17 TimeLimit=23:00:00 TimeMin=N/A
   SubmitTime=2021-11-18T22:22:58 EligibleTime=2021-11-18T22:22:58
   AccrueTime=2021-11-18T22:22:58
   StartTime=2021-11-18T22:23:07 EndTime=2021-11-18T22:30:24 Deadline=N/A
   SuspendTime=None SecsPreSuspend=0 LastSchedEval=2021-11-18T22:23:07
   Partition=compute AllocNode:Sid=kelvin01:15357
   ReqNodeList=(null) ExcNodeList=(null)
   NodeList=kelvin-n[008,014,022,024,029,032,039,042,050-051]
   BatchHost=kelvin-n006
   NumNodes=10 NumCPUs=132 NumTasks=128 CPUs/Task=1 ReqB:S:C:T=0:0:*:*
   TRES=cpu=132,mem=253000M,node=11,billing=132
   Socks/Node=* NtasksPerN:B:S:C=0:0:*:* CoreSpec=*
   JOB_GRES=(null)
     Nodes=kelvin-n[006,008,014,022,024,029,032,039,042,050-051] CPU_IDs=0-11 Mem=23000 GRES=
   MinCPUsNode=1 MinMemoryNode=23000M MinTmpDiskNode=0
   Features=(null) DelayBoot=00:00:00
   OverSubscribe=NO Contiguous=0 Licenses=(null) Network=(null)
   Command=/home/users/mschpc/2019/zuoy/HPC/NeuralNetwork/parallel/scripts/script_PricingDefaultRisk_d100_b1_n128.sh
   WorkDir=/home/users/mschpc/2019/zuoy/HPC/NeuralNetwork/parallel
   StdErr=/home/users/mschpc/2019/zuoy/HPC/NeuralNetwork/parallel/output/slurm-21467.out
   StdIn=/dev/null
   StdOut=/home/users/mschpc/2019/zuoy/HPC/NeuralNetwork/parallel/output/slurm-21467.out
   Power=
   NtasksPerTRES:0


Disk quota details:
===================

Quota Type           Name  Filesystem     Usage in MB     Limit in MB    % Used
-------------------------------------------------------------------------------
USER                 zuoy       /home             103          51,200     0.20%

GROUP              mschpc   /projects             999          51,200     1.95%
GROUP          pi-dgolden   /projects               0          51,200     0.00%


SLURM Bank Statement:
=====================

User           Usage |        Account     Usage | Account Limit Available (CPU hrs)
---------- --------- + -------------- --------- + ------------- ---------
zuoy           9,311 |   HPC_21_01207     9,311 |       100,000    90,689


Acknowledgements:
=================

Note that usage of TCHPC Resources *must* be acknowledged in all publications.

Please see this page for details relevant to this cluster:

http://www.tchpc.tcd.ie/resources/acknowledgementpolicy

################################################################################
