Parallel Mode: Ring-Allreduce
Dimension: 200
Total time: 1
Number of time intervals: 40
Learning rate: 0.01
y_init_range: 40, 50
Number of neurons in each hidden layer of each subnet: 110, 110, 
Epochs: 1000
Batch size: 1
Sample size: 256
Logging frequency: 100
Model name: pricing_default_risk_parallel_
Number of processors: 64


Training:
Epoch:100
In training set, loss: 2343.15, Y0: 53.6119

Epoch:200
In training set, loss: 2093.17, Y0: 53.9281

Epoch:300
In training set, loss: 1912.54, Y0: 53.9488

Epoch:400
In training set, loss: 1771.82, Y0: 53.9614

Epoch:500
In training set, loss: 1658.81, Y0: 53.9733

Epoch:600
In training set, loss: 1565.99, Y0: 53.9842

Epoch:700
In training set, loss: 1487.72, Y0: 53.9945

Epoch:800
In training set, loss: 1420.65, Y0: 54.0042

Epoch:900
In training set, loss: 1362.05, Y0: 54.0136

Epoch:1000
In training set, loss: 1310.26, Y0: 54.0224



###############################################################################
TCHPC Cluster: kelvin
Job 21862 (BSDE_job_4_procs) for User 'zuoy' in Account 'hpc_21_01207'
Finished at: Sat Nov 20 03:26:11 GMT 2021

Job efficiency estimates:
=========================

Job ID: 21862
Cluster: kelvin
User/Group: zuoy/zuoy
State: COMPLETED (exit code 0)
Nodes: 6
Cores per node: 12
CPU Utilized: 01:02:43
CPU Efficiency: 14.98% of 06:58:48 core-walltime
Job Wall-clock time: 00:05:49
Memory Utilized: 776.95 MB
Memory Efficiency: 0.56% of 134.77 GB

Job completion status:
======================

       JobID    JobName AllocCPUS NTasks NNodes     MaxRSS    MaxRSSNode  MaxDiskRead MaxDiskWrite    Elapsed      State ExitCode 
------------ ---------- --------- ------ ------ ---------- ------------- ------------ ------------ ---------- ---------- -------- 
21862        BSDE_job_+        72             6                                                      00:05:49  COMPLETED      0:0 
21862.batch       batch        12      1      1    795596K   kelvin-n033        0.87M        0.01M   00:05:49  COMPLETED      0:0 
21862.0           orted        60      5      5                                                      00:05:48  COMPLETED      0:0 


Job details:
============

JobId=21862 JobName=BSDE_job_4_procs
   UserId=zuoy(1582) GroupId=zuoy(1252) MCS_label=N/A
   Priority=11139475 Nice=0 Account=hpc_21_01207 QOS=normal
   JobState=COMPLETING Reason=None Dependency=(null)
   Requeue=0 Restarts=0 BatchFlag=1 Reboot=0 ExitCode=0:0
   DerivedExitCode=0:0
   RunTime=00:05:49 TimeLimit=23:00:00 TimeMin=N/A
   SubmitTime=2021-11-20T00:15:33 EligibleTime=2021-11-20T00:15:33
   AccrueTime=2021-11-20T00:15:33
   StartTime=2021-11-20T03:20:22 EndTime=2021-11-20T03:26:11 Deadline=N/A
   SuspendTime=None SecsPreSuspend=0 LastSchedEval=2021-11-20T03:20:22
   Partition=compute AllocNode:Sid=kelvin01:23080
   ReqNodeList=(null) ExcNodeList=(null)
   NodeList=kelvin-n[043,048,054,056,061]
   BatchHost=kelvin-n033
   NumNodes=5 NumCPUs=72 NumTasks=64 CPUs/Task=1 ReqB:S:C:T=0:0:*:*
   TRES=cpu=72,mem=138000M,node=6,billing=72
   Socks/Node=* NtasksPerN:B:S:C=0:0:*:* CoreSpec=*
   JOB_GRES=(null)
     Nodes=kelvin-n[033,043,048,054,056,061] CPU_IDs=0-11 Mem=23000 GRES=
   MinCPUsNode=1 MinMemoryNode=23000M MinTmpDiskNode=0
   Features=(null) DelayBoot=00:00:00
   OverSubscribe=NO Contiguous=0 Licenses=(null) Network=(null)
   Command=/home/users/mschpc/2019/zuoy/HPC/NeuralNetwork/parallel/scripts/script_PricingDefaultRisk_d200_b1_n64.sh
   WorkDir=/home/users/mschpc/2019/zuoy/HPC/NeuralNetwork/parallel
   StdErr=/home/users/mschpc/2019/zuoy/HPC/NeuralNetwork/parallel/output/slurm-21862.out
   StdIn=/dev/null
   StdOut=/home/users/mschpc/2019/zuoy/HPC/NeuralNetwork/parallel/output/slurm-21862.out
   Power=
   NtasksPerTRES:0


Disk quota details:
===================

Quota Type           Name  Filesystem     Usage in MB     Limit in MB    % Used
-------------------------------------------------------------------------------
USER                 zuoy       /home             109          51,200     0.21%

GROUP              mschpc   /projects             999          51,200     1.95%
GROUP          pi-dgolden   /projects               0          51,200     0.00%


SLURM Bank Statement:
=====================

User           Usage |        Account     Usage | Account Limit Available (CPU hrs)
---------- --------- + -------------- --------- + ------------- ---------
zuoy          11,786 |   HPC_21_01207    11,786 |       100,000    88,214


Acknowledgements:
=================

Note that usage of TCHPC Resources *must* be acknowledged in all publications.

Please see this page for details relevant to this cluster:

http://www.tchpc.tcd.ie/resources/acknowledgementpolicy

################################################################################
