Parallel Mode: Master-Slave
Dimension: 300
Total time: 1
Number of time intervals: 40
Learning rate: 0.01
y_init_range: 40, 50
Number of neurons in each hidden layer of each subnet: 110, 110, 
Epochs: 1000
Batch size: 64
Sample size: 256
Logging frequency: 100
Model name: pricing_default_risk_parallel_
Number of processors: 8


Training:
Epoch:100
In training set, loss: 1982.87, Y0: 51.3406

Epoch:200
In training set, loss: 1660.75, Y0: 51.5927

Epoch:300
In training set, loss: 1430.21, Y0: 51.619

Epoch:400
In training set, loss: 1255.68, Y0: 51.6365

Epoch:500
In training set, loss: 1119.35, Y0: 51.6508

Epoch:600
In training set, loss: 1009.77, Y0: 51.6622

Epoch:700
In training set, loss: 920.004, Y0: 51.6712

Epoch:800
In training set, loss: 845.048, Y0: 51.6782

Epoch:900
In training set, loss: 781.322, Y0: 51.6835

Epoch:1000
In training set, loss: 726.55, Y0: 51.6874



###############################################################################
TCHPC Cluster: kelvin
Job 23663 (BSDE_job_4_procs) for User 'zuoy' in Account 'hpc_21_01207'
Finished at: Thu Nov 25 09:27:50 GMT 2021

Job efficiency estimates:
=========================

Job ID: 23663
Cluster: kelvin
User/Group: zuoy/zuoy
State: COMPLETED (exit code 0)
Nodes: 1
Cores per node: 12
CPU Utilized: 01:17:20
CPU Efficiency: 66.44% of 01:56:24 core-walltime
Job Wall-clock time: 00:09:42
Memory Utilized: 700.17 MB
Memory Efficiency: 3.04% of 22.46 GB

Job completion status:
======================

       JobID    JobName AllocCPUS NTasks NNodes     MaxRSS    MaxRSSNode  MaxDiskRead MaxDiskWrite    Elapsed      State ExitCode 
------------ ---------- --------- ------ ------ ---------- ------------- ------------ ------------ ---------- ---------- -------- 
23663        BSDE_job_+        12             1                                                      00:09:42  COMPLETED      0:0 
23663.batch       batch        12      1      1    716976K   kelvin-n056        0.86M        0.01M   00:09:42  COMPLETED      0:0 


Job details:
============

JobId=23663 JobName=BSDE_job_4_procs
   UserId=zuoy(1582) GroupId=zuoy(1252) MCS_label=N/A
   Priority=11193921 Nice=0 Account=hpc_21_01207 QOS=normal
   JobState=COMPLETING Reason=None Dependency=(null)
   Requeue=0 Restarts=0 BatchFlag=1 Reboot=0 ExitCode=0:0
   DerivedExitCode=0:0
   RunTime=00:09:42 TimeLimit=23:00:00 TimeMin=N/A
   SubmitTime=2021-11-24T09:50:10 EligibleTime=2021-11-24T09:50:10
   AccrueTime=2021-11-24T09:50:10
   StartTime=2021-11-25T09:18:08 EndTime=2021-11-25T09:27:50 Deadline=N/A
   SuspendTime=None SecsPreSuspend=0 LastSchedEval=2021-11-25T09:18:08
   Partition=compute AllocNode:Sid=kelvin01:18898
   ReqNodeList=(null) ExcNodeList=(null)
   NodeList=
   BatchHost=kelvin-n056
   NumNodes=1 NumCPUs=12 NumTasks=8 CPUs/Task=1 ReqB:S:C:T=0:0:*:*
   TRES=cpu=12,mem=23000M,node=1,billing=12
   Socks/Node=* NtasksPerN:B:S:C=0:0:*:* CoreSpec=*
   JOB_GRES=(null)
     Nodes=kelvin-n056 CPU_IDs=0-11 Mem=23000 GRES=
   MinCPUsNode=1 MinMemoryNode=23000M MinTmpDiskNode=0
   Features=(null) DelayBoot=00:00:00
   OverSubscribe=NO Contiguous=0 Licenses=(null) Network=(null)
   Command=/home/users/mschpc/2019/zuoy/HPC/NeuralNetwork/parallel/scripts/script_PricingDefaultRisk_d300_b64_n8.sh
   WorkDir=/home/users/mschpc/2019/zuoy/HPC/NeuralNetwork/parallel
   StdErr=/home/users/mschpc/2019/zuoy/HPC/NeuralNetwork/parallel/output/slurm-23663.out
   StdIn=/dev/null
   StdOut=/home/users/mschpc/2019/zuoy/HPC/NeuralNetwork/parallel/output/slurm-23663.out
   Power=
   NtasksPerTRES:0


Disk quota details:
===================

Quota Type           Name  Filesystem     Usage in MB     Limit in MB    % Used
-------------------------------------------------------------------------------
USER                 zuoy       /home             141          51,200     0.28%

GROUP              mschpc   /projects             999          51,200     1.95%
GROUP          pi-dgolden   /projects               0          51,200     0.00%


SLURM Bank Statement:
=====================

User           Usage |        Account     Usage | Account Limit Available (CPU hrs)
---------- --------- + -------------- --------- + ------------- ---------
zuoy          27,953 |   HPC_21_01207    27,953 |       100,000    72,047


Acknowledgements:
=================

Note that usage of TCHPC Resources *must* be acknowledged in all publications.

Please see this page for details relevant to this cluster:

http://www.tchpc.tcd.ie/resources/acknowledgementpolicy

################################################################################
