Parallel Mode: Ring-Allreduce
Dimension: 300
Total time: 1
Number of time intervals: 40
Learning rate: 0.01
y_init_range: 40, 50
Number of neurons in each hidden layer of each subnet: 110, 110, 
Epochs: 1000
Batch size: 64
Sample size: 256
Logging frequency: 100
Model name: pricing_default_risk_parallel_
Number of processors: 32


Training:
Epoch:100
In training set, loss: 1932.22, Y0: 51.692

Epoch:200
In training set, loss: 1617.71, Y0: 51.9614

Epoch:300
In training set, loss: 1397.39, Y0: 51.9983

Epoch:400
In training set, loss: 1233.05, Y0: 52.0268

Epoch:500
In training set, loss: 1106.26, Y0: 52.0521

Epoch:600
In training set, loss: 1005.19, Y0: 52.0748

Epoch:700
In training set, loss: 922.686, Y0: 52.0949

Epoch:800
In training set, loss: 853.623, Y0: 52.1129

Epoch:900
In training set, loss: 794.882, Y0: 52.1287

Epoch:1000
In training set, loss: 744.157, Y0: 52.143



###############################################################################
TCHPC Cluster: kelvin
Job 23976 (BSDE_job_4_procs) for User 'zuoy' in Account 'hpc_21_01207'
Finished at: Thu Nov 25 13:01:18 GMT 2021

Job efficiency estimates:
=========================

Job ID: 23976
Cluster: kelvin
User/Group: zuoy/zuoy
State: COMPLETED (exit code 0)
Nodes: 3
Cores per node: 12
CPU Utilized: 01:15:10
CPU Efficiency: 30.19% of 04:09:00 core-walltime
Job Wall-clock time: 00:06:55
Memory Utilized: 970.11 MB
Memory Efficiency: 1.41% of 67.38 GB

Job completion status:
======================

       JobID    JobName AllocCPUS NTasks NNodes     MaxRSS    MaxRSSNode  MaxDiskRead MaxDiskWrite    Elapsed      State ExitCode 
------------ ---------- --------- ------ ------ ---------- ------------- ------------ ------------ ---------- ---------- -------- 
23976        BSDE_job_+        36             3                                                      00:06:55  COMPLETED      0:0 
23976.batch       batch        12      1      1    993396K   kelvin-n035        0.86M        0.01M   00:06:55  COMPLETED      0:0 
23976.0           orted        24      2      2                                                      00:06:54  COMPLETED      0:0 


Job details:
============

JobId=23976 JobName=BSDE_job_4_procs
   UserId=zuoy(1582) GroupId=zuoy(1252) MCS_label=N/A
   Priority=10539475 Nice=0 Account=hpc_21_01207 QOS=normal
   JobState=COMPLETING Reason=None Dependency=(null)
   Requeue=0 Restarts=0 BatchFlag=1 Reboot=0 ExitCode=0:0
   DerivedExitCode=0:0
   RunTime=00:06:55 TimeLimit=23:00:00 TimeMin=N/A
   SubmitTime=2021-11-25T11:27:54 EligibleTime=2021-11-25T11:27:54
   AccrueTime=2021-11-25T11:27:54
   StartTime=2021-11-25T12:54:23 EndTime=2021-11-25T13:01:18 Deadline=N/A
   SuspendTime=None SecsPreSuspend=0 LastSchedEval=2021-11-25T12:54:23
   Partition=compute AllocNode:Sid=kelvin01:29505
   ReqNodeList=(null) ExcNodeList=(null)
   NodeList=kelvin-n[036,041]
   BatchHost=kelvin-n035
   NumNodes=2 NumCPUs=36 NumTasks=32 CPUs/Task=1 ReqB:S:C:T=0:0:*:*
   TRES=cpu=36,mem=69000M,node=3,billing=36
   Socks/Node=* NtasksPerN:B:S:C=0:0:*:* CoreSpec=*
   JOB_GRES=(null)
     Nodes=kelvin-n[035-036,041] CPU_IDs=0-11 Mem=23000 GRES=
   MinCPUsNode=1 MinMemoryNode=23000M MinTmpDiskNode=0
   Features=(null) DelayBoot=00:00:00
   OverSubscribe=NO Contiguous=0 Licenses=(null) Network=(null)
   Command=/home/users/mschpc/2019/zuoy/HPC/NeuralNetwork/parallel/scripts/script_PricingDefaultRisk_d300_b64_n32.sh
   WorkDir=/home/users/mschpc/2019/zuoy/HPC/NeuralNetwork/parallel
   StdErr=/home/users/mschpc/2019/zuoy/HPC/NeuralNetwork/parallel/output/slurm-23976.out
   StdIn=/dev/null
   StdOut=/home/users/mschpc/2019/zuoy/HPC/NeuralNetwork/parallel/output/slurm-23976.out
   Power=
   NtasksPerTRES:0


Disk quota details:
===================

Quota Type           Name  Filesystem     Usage in MB     Limit in MB    % Used
-------------------------------------------------------------------------------
USER                 zuoy       /home             144          51,200     0.28%

GROUP              mschpc   /projects             999          51,200     1.95%
GROUP          pi-dgolden   /projects               0          51,200     0.00%


SLURM Bank Statement:
=====================

User           Usage |        Account     Usage | Account Limit Available (CPU hrs)
---------- --------- + -------------- --------- + ------------- ---------
zuoy          28,373 |   HPC_21_01207    28,373 |       100,000    71,627


Acknowledgements:
=================

Note that usage of TCHPC Resources *must* be acknowledged in all publications.

Please see this page for details relevant to this cluster:

http://www.tchpc.tcd.ie/resources/acknowledgementpolicy

################################################################################
