Parallel Mode: Ring-Allreduce
Dimension: 100
Total time: 0.3
Number of time intervals: 20
Learning rate: 0.0005
y_init_range: 0.3, 0.5
Number of neurons in each hidden layer of each subnet: 110, 110, 
Epochs: 4000
Batch size: 1
Sample size: 1024
Logging frequency: 100
Model name: AllenCahn_parallel_
Number of processors: 32


Training:
Epoch:100
In training set, loss: 10.8077, Y0: 0.143323

Epoch:200
In training set, loss: 8.31156, Y0: 0.0841952

Epoch:300
In training set, loss: 7.86656, Y0: 0.0607816

Epoch:400
In training set, loss: 7.74305, Y0: 0.0514194

Epoch:500
In training set, loss: 7.67271, Y0: 0.0476708

Epoch:600
In training set, loss: 7.61259, Y0: 0.0461747

Epoch:700
In training set, loss: 7.55572, Y0: 0.0455838

Epoch:800
In training set, loss: 7.50092, Y0: 0.0453567

Epoch:900
In training set, loss: 7.44793, Y0: 0.0452757

Epoch:1000
In training set, loss: 7.39666, Y0: 0.0452532

Epoch:1100
In training set, loss: 7.34705, Y0: 0.0452538

Epoch:1200
In training set, loss: 7.29904, Y0: 0.0452635

Epoch:1300
In training set, loss: 7.25255, Y0: 0.0452764

Epoch:1400
In training set, loss: 7.20755, Y0: 0.0452903

Epoch:1500
In training set, loss: 7.16397, Y0: 0.0453042

Epoch:1600
In training set, loss: 7.12177, Y0: 0.0453178

Epoch:1700
In training set, loss: 7.0809, Y0: 0.045331

Epoch:1800
In training set, loss: 7.04132, Y0: 0.0453438

Epoch:1900
In training set, loss: 7.00296, Y0: 0.0453561

Epoch:2000
In training set, loss: 6.9658, Y0: 0.0453679

Epoch:2100
In training set, loss: 6.92979, Y0: 0.0453793

Epoch:2200
In training set, loss: 6.89489, Y0: 0.0453903

Epoch:2300
In training set, loss: 6.86106, Y0: 0.0454008

Epoch:2400
In training set, loss: 6.82827, Y0: 0.0454109

Epoch:2500
In training set, loss: 6.79647, Y0: 0.0454207

Epoch:2600
In training set, loss: 6.76564, Y0: 0.0454299

Epoch:2700
In training set, loss: 6.73574, Y0: 0.0454389

Epoch:2800
In training set, loss: 6.70674, Y0: 0.0454475

Epoch:2900
In training set, loss: 6.67861, Y0: 0.0454557

Epoch:3000
In training set, loss: 6.65132, Y0: 0.0454637

Epoch:3100
In training set, loss: 6.62483, Y0: 0.0454712

Epoch:3200
In training set, loss: 6.59913, Y0: 0.0454785

Epoch:3300
In training set, loss: 6.57419, Y0: 0.0454855

Epoch:3400
In training set, loss: 6.54998, Y0: 0.0454921

Epoch:3500
In training set, loss: 6.52647, Y0: 0.0454985

Epoch:3600
In training set, loss: 6.50365, Y0: 0.0455045

Epoch:3700
In training set, loss: 6.48149, Y0: 0.0455104

Epoch:3800
In training set, loss: 6.45997, Y0: 0.045516

Epoch:3900
In training set, loss: 6.43907, Y0: 0.0455213

Epoch:4000
In training set, loss: 6.41876, Y0: 0.0455264



###############################################################################
TCHPC Cluster: kelvin
Job 22387 (BSDE_job_4_procs) for User 'zuoy' in Account 'hpc_21_01207'
Finished at: Sun Nov 21 04:17:24 GMT 2021

Job efficiency estimates:
=========================

Job ID: 22387
Cluster: kelvin
User/Group: zuoy/zuoy
State: COMPLETED (exit code 0)
Nodes: 3
Cores per node: 12
CPU Utilized: 03:25:41
CPU Efficiency: 30.39% of 11:16:48 core-walltime
Job Wall-clock time: 00:18:48
Memory Utilized: 586.95 MB
Memory Efficiency: 0.85% of 67.38 GB

Job completion status:
======================

       JobID    JobName AllocCPUS NTasks NNodes     MaxRSS    MaxRSSNode  MaxDiskRead MaxDiskWrite    Elapsed      State ExitCode 
------------ ---------- --------- ------ ------ ---------- ------------- ------------ ------------ ---------- ---------- -------- 
22387        BSDE_job_+        36             3                                                      00:18:48  COMPLETED      0:0 
22387.batch       batch        12      1      1    601036K   kelvin-n021        0.86M        0.01M   00:18:48  COMPLETED      0:0 
22387.0           orted        24      2      2                                                      00:18:47  COMPLETED      0:0 


Job details:
============

JobId=22387 JobName=BSDE_job_4_procs
   UserId=zuoy(1582) GroupId=zuoy(1252) MCS_label=N/A
   Priority=11045175 Nice=0 Account=hpc_21_01207 QOS=normal
   JobState=COMPLETING Reason=None Dependency=(null)
   Requeue=0 Restarts=0 BatchFlag=1 Reboot=0 ExitCode=0:0
   DerivedExitCode=0:0
   RunTime=00:18:48 TimeLimit=23:00:00 TimeMin=N/A
   SubmitTime=2021-11-21T02:09:20 EligibleTime=2021-11-21T02:09:20
   AccrueTime=2021-11-21T02:09:20
   StartTime=2021-11-21T03:58:36 EndTime=2021-11-21T04:17:24 Deadline=N/A
   SuspendTime=None SecsPreSuspend=0 LastSchedEval=2021-11-21T03:58:36
   Partition=compute AllocNode:Sid=kelvin01:32460
   ReqNodeList=(null) ExcNodeList=(null)
   NodeList=kelvin-n[022-023]
   BatchHost=kelvin-n021
   NumNodes=2 NumCPUs=36 NumTasks=32 CPUs/Task=1 ReqB:S:C:T=0:0:*:*
   TRES=cpu=36,mem=69000M,node=3,billing=36
   Socks/Node=* NtasksPerN:B:S:C=0:0:*:* CoreSpec=*
   JOB_GRES=(null)
     Nodes=kelvin-n[021-023] CPU_IDs=0-11 Mem=23000 GRES=
   MinCPUsNode=1 MinMemoryNode=23000M MinTmpDiskNode=0
   Features=(null) DelayBoot=00:00:00
   OverSubscribe=NO Contiguous=0 Licenses=(null) Network=(null)
   Command=/home/users/mschpc/2019/zuoy/HPC/NeuralNetwork/parallel/scripts/script_AllenCahn_d100_b1_n32.sh
   WorkDir=/home/users/mschpc/2019/zuoy/HPC/NeuralNetwork/parallel
   StdErr=/home/users/mschpc/2019/zuoy/HPC/NeuralNetwork/parallel/output/slurm-22387.out
   StdIn=/dev/null
   StdOut=/home/users/mschpc/2019/zuoy/HPC/NeuralNetwork/parallel/output/slurm-22387.out
   Power=
   NtasksPerTRES:0


Disk quota details:
===================

Quota Type           Name  Filesystem     Usage in MB     Limit in MB    % Used
-------------------------------------------------------------------------------
USER                 zuoy       /home             119          51,200     0.23%

GROUP              mschpc   /projects             999          51,200     1.95%
GROUP          pi-dgolden   /projects               0          51,200     0.00%


SLURM Bank Statement:
=====================

User           Usage |        Account     Usage | Account Limit Available (CPU hrs)
---------- --------- + -------------- --------- + ------------- ---------
zuoy          15,932 |   HPC_21_01207    15,932 |       100,000    84,068


Acknowledgements:
=================

Note that usage of TCHPC Resources *must* be acknowledged in all publications.

Please see this page for details relevant to this cluster:

http://www.tchpc.tcd.ie/resources/acknowledgementpolicy

################################################################################
