Parallel Mode: Ring-Allreduce
Dimension: 100
Total time: 0.25
Number of time intervals: 20
Learning rate: 0.0005
y_init_range: 0.25, 0.5
Number of neurons in each hidden layer of each subnet: 110, 110, 
Epochs: 4000
Batch size: 1
Sample size: 1024
Logging frequency: 100
Model name: AllenCahn_parallel_
Number of processors: 16


Training:
Epoch:100
In training set, loss: 7.045, Y0: 0.0798151

Epoch:200
In training set, loss: 6.72433, Y0: 0.0576238

Epoch:300
In training set, loss: 6.6187, Y0: 0.0546527

Epoch:400
In training set, loss: 6.52248, Y0: 0.0542813

Epoch:500
In training set, loss: 6.43152, Y0: 0.0542616

Epoch:600
In training set, loss: 6.34544, Y0: 0.0542881

Epoch:700
In training set, loss: 6.26392, Y0: 0.0543194

Epoch:800
In training set, loss: 6.1867, Y0: 0.0543499

Epoch:900
In training set, loss: 6.11351, Y0: 0.0543788

Epoch:1000
In training set, loss: 6.04412, Y0: 0.0544064

Epoch:1100
In training set, loss: 5.9783, Y0: 0.0544326

Epoch:1200
In training set, loss: 5.91583, Y0: 0.0544575

Epoch:1300
In training set, loss: 5.85653, Y0: 0.0544811

Epoch:1400
In training set, loss: 5.80021, Y0: 0.0545036

Epoch:1500
In training set, loss: 5.74668, Y0: 0.054525

Epoch:1600
In training set, loss: 5.69581, Y0: 0.0545454

Epoch:1700
In training set, loss: 5.64742, Y0: 0.0545647

Epoch:1800
In training set, loss: 5.60138, Y0: 0.0545832

Epoch:1900
In training set, loss: 5.55756, Y0: 0.0546008

Epoch:2000
In training set, loss: 5.51582, Y0: 0.0546177

Epoch:2100
In training set, loss: 5.47605, Y0: 0.0546336

Epoch:2200
In training set, loss: 5.43815, Y0: 0.054649

Epoch:2300
In training set, loss: 5.40201, Y0: 0.0546636

Epoch:2400
In training set, loss: 5.36753, Y0: 0.0546776

Epoch:2500
In training set, loss: 5.33461, Y0: 0.054691

Epoch:2600
In training set, loss: 5.30318, Y0: 0.0547038

Epoch:2700
In training set, loss: 5.27314, Y0: 0.0547161

Epoch:2800
In training set, loss: 5.24444, Y0: 0.0547279

Epoch:2900
In training set, loss: 5.21699, Y0: 0.0547392

Epoch:3000
In training set, loss: 5.19072, Y0: 0.0547501

Epoch:3100
In training set, loss: 5.16558, Y0: 0.0547606

Epoch:3200
In training set, loss: 5.1415, Y0: 0.0547706

Epoch:3300
In training set, loss: 5.11843, Y0: 0.0547803

Epoch:3400
In training set, loss: 5.09631, Y0: 0.0547896

Epoch:3500
In training set, loss: 5.07509, Y0: 0.0547985

Epoch:3600
In training set, loss: 5.05473, Y0: 0.0548071

Epoch:3700
In training set, loss: 5.03519, Y0: 0.0548155

Epoch:3800
In training set, loss: 5.01641, Y0: 0.0548235

Epoch:3900
In training set, loss: 4.99836, Y0: 0.0548313

Epoch:4000
In training set, loss: 4.981, Y0: 0.0548388



###############################################################################
TCHPC Cluster: kelvin
Job 22424 (BSDE_job_4_procs) for User 'zuoy' in Account 'hpc_21_01207'
Finished at: Sun Nov 21 06:16:13 GMT 2021

Job efficiency estimates:
=========================

Job ID: 22424
Cluster: kelvin
User/Group: zuoy/zuoy
State: COMPLETED (exit code 0)
Nodes: 2
Cores per node: 12
CPU Utilized: 02:50:55
CPU Efficiency: 33.25% of 08:34:00 core-walltime
Job Wall-clock time: 00:21:25
Memory Utilized: 426.66 MB
Memory Efficiency: 0.93% of 44.92 GB

Job completion status:
======================

       JobID    JobName AllocCPUS NTasks NNodes     MaxRSS    MaxRSSNode  MaxDiskRead MaxDiskWrite    Elapsed      State ExitCode 
------------ ---------- --------- ------ ------ ---------- ------------- ------------ ------------ ---------- ---------- -------- 
22424        BSDE_job_+        24             2                                                      00:21:25  COMPLETED      0:0 
22424.batch       batch        12      1      1    436904K   kelvin-n076        0.86M        0.01M   00:21:25  COMPLETED      0:0 
22424.0           orted        12      1      1                                                      00:21:24  COMPLETED      0:0 


Job details:
============

JobId=22424 JobName=BSDE_job_4_procs
   UserId=zuoy(1582) GroupId=zuoy(1252) MCS_label=N/A
   Priority=11071397 Nice=0 Account=hpc_21_01207 QOS=normal
   JobState=COMPLETING Reason=None Dependency=(null)
   Requeue=0 Restarts=0 BatchFlag=1 Reboot=0 ExitCode=0:0
   DerivedExitCode=0:0
   RunTime=00:21:25 TimeLimit=23:00:00 TimeMin=N/A
   SubmitTime=2021-11-21T03:11:17 EligibleTime=2021-11-21T03:11:17
   AccrueTime=2021-11-21T03:11:17
   StartTime=2021-11-21T05:54:48 EndTime=2021-11-21T06:16:13 Deadline=N/A
   SuspendTime=None SecsPreSuspend=0 LastSchedEval=2021-11-21T05:54:48
   Partition=compute AllocNode:Sid=kelvin01:16943
   ReqNodeList=(null) ExcNodeList=(null)
   NodeList=kelvin-n079
   BatchHost=kelvin-n076
   NumNodes=1 NumCPUs=24 NumTasks=16 CPUs/Task=1 ReqB:S:C:T=0:0:*:*
   TRES=cpu=24,mem=46000M,node=2,billing=24
   Socks/Node=* NtasksPerN:B:S:C=0:0:*:* CoreSpec=*
   JOB_GRES=(null)
     Nodes=kelvin-n[076,079] CPU_IDs=0-11 Mem=23000 GRES=
   MinCPUsNode=1 MinMemoryNode=23000M MinTmpDiskNode=0
   Features=(null) DelayBoot=00:00:00
   OverSubscribe=NO Contiguous=0 Licenses=(null) Network=(null)
   Command=/home/users/mschpc/2019/zuoy/HPC/NeuralNetwork/parallel/scripts/script_AllenCahn_d200_b1_n16.sh
   WorkDir=/home/users/mschpc/2019/zuoy/HPC/NeuralNetwork/parallel
   StdErr=/home/users/mschpc/2019/zuoy/HPC/NeuralNetwork/parallel/output/slurm-22424.out
   StdIn=/dev/null
   StdOut=/home/users/mschpc/2019/zuoy/HPC/NeuralNetwork/parallel/output/slurm-22424.out
   Power=
   NtasksPerTRES:0


Disk quota details:
===================

Quota Type           Name  Filesystem     Usage in MB     Limit in MB    % Used
-------------------------------------------------------------------------------
USER                 zuoy       /home             122          51,200     0.24%

GROUP              mschpc   /projects             999          51,200     1.95%
GROUP          pi-dgolden   /projects               0          51,200     0.00%


SLURM Bank Statement:
=====================

User           Usage |        Account     Usage | Account Limit Available (CPU hrs)
---------- --------- + -------------- --------- + ------------- ---------
zuoy          16,506 |   HPC_21_01207    16,506 |       100,000    83,494


Acknowledgements:
=================

Note that usage of TCHPC Resources *must* be acknowledged in all publications.

Please see this page for details relevant to this cluster:

http://www.tchpc.tcd.ie/resources/acknowledgementpolicy

################################################################################
