Parallel Mode: Master-Slave
Dimension: 400
Total time: 1
Number of time intervals: 40
Learning rate: 0.01
y_init_range: 40, 50
Number of neurons in each hidden layer of each subnet: 110, 110, 
Epochs: 1000
Batch size: 1
Sample size: 256
Logging frequency: 100
Model name: pricing_default_risk_parallel_
Number of processors: 16


Training:
Epoch:100
In training set, loss: 959.16, Y0: 51.0803

Epoch:200
In training set, loss: 570.849, Y0: 51.1808

Epoch:300
In training set, loss: 401.733, Y0: 51.2331

Epoch:400
In training set, loss: 304.072, Y0: 51.2619

Epoch:500
In training set, loss: 239.599, Y0: 51.2779

Epoch:600
In training set, loss: 193.86, Y0: 51.2866

Epoch:700
In training set, loss: 159.877, Y0: 51.2908

Epoch:800
In training set, loss: 133.776, Y0: 51.2922

Epoch:900
In training set, loss: 113.22, Y0: 51.2916

Epoch:1000
In training set, loss: 96.7346, Y0: 51.2897



###############################################################################
TCHPC Cluster: kelvin
Job 23014 (BSDE_job_4_procs) for User 'zuoy' in Account 'hpc_21_01207'
Finished at: Mon Nov 22 08:02:52 GMT 2021

Job efficiency estimates:
=========================

Job ID: 23014
Cluster: kelvin
User/Group: zuoy/zuoy
State: COMPLETED (exit code 0)
Nodes: 2
Cores per node: 12
CPU Utilized: 03:35:10
CPU Efficiency: 33.18% of 10:48:24 core-walltime
Job Wall-clock time: 00:27:01
Memory Utilized: 853.39 MB
Memory Efficiency: 1.86% of 44.92 GB

Job completion status:
======================

       JobID    JobName AllocCPUS NTasks NNodes     MaxRSS    MaxRSSNode  MaxDiskRead MaxDiskWrite    Elapsed      State ExitCode 
------------ ---------- --------- ------ ------ ---------- ------------- ------------ ------------ ---------- ---------- -------- 
23014        BSDE_job_+        24             2                                                      00:27:01  COMPLETED      0:0 
23014.batch       batch        12      1      1    873868K   kelvin-n076        0.86M        0.01M   00:27:01  COMPLETED      0:0 
23014.0           orted        12      1      1                                                      00:27:00  COMPLETED      0:0 


Job details:
============

JobId=23014 JobName=BSDE_job_4_procs
   UserId=zuoy(1582) GroupId=zuoy(1252) MCS_label=N/A
   Priority=10647559 Nice=0 Account=hpc_21_01207 QOS=normal
   JobState=COMPLETING Reason=None Dependency=(null)
   Requeue=0 Restarts=0 BatchFlag=1 Reboot=0 ExitCode=0:0
   DerivedExitCode=0:0
   RunTime=00:27:01 TimeLimit=23:00:00 TimeMin=N/A
   SubmitTime=2021-11-22T02:30:49 EligibleTime=2021-11-22T02:30:49
   AccrueTime=2021-11-22T02:30:49
   StartTime=2021-11-22T07:35:51 EndTime=2021-11-22T08:02:52 Deadline=N/A
   SuspendTime=None SecsPreSuspend=0 LastSchedEval=2021-11-22T07:35:51
   Partition=compute AllocNode:Sid=kelvin01:12189
   ReqNodeList=(null) ExcNodeList=(null)
   NodeList=kelvin-n077
   BatchHost=kelvin-n076
   NumNodes=1 NumCPUs=24 NumTasks=16 CPUs/Task=1 ReqB:S:C:T=0:0:*:*
   TRES=cpu=24,mem=46000M,node=2,billing=24
   Socks/Node=* NtasksPerN:B:S:C=0:0:*:* CoreSpec=*
   JOB_GRES=(null)
     Nodes=kelvin-n[076-077] CPU_IDs=0-11 Mem=23000 GRES=
   MinCPUsNode=1 MinMemoryNode=23000M MinTmpDiskNode=0
   Features=(null) DelayBoot=00:00:00
   OverSubscribe=NO Contiguous=0 Licenses=(null) Network=(null)
   Command=/home/users/mschpc/2019/zuoy/HPC/NeuralNetwork/parallel/scripts/script_PricingDefaultRisk_d400_b1_n16.sh
   WorkDir=/home/users/mschpc/2019/zuoy/HPC/NeuralNetwork/parallel
   StdErr=/home/users/mschpc/2019/zuoy/HPC/NeuralNetwork/parallel/output/slurm-23014.out
   StdIn=/dev/null
   StdOut=/home/users/mschpc/2019/zuoy/HPC/NeuralNetwork/parallel/output/slurm-23014.out
   Power=
   NtasksPerTRES:0


Disk quota details:
===================

Quota Type           Name  Filesystem     Usage in MB     Limit in MB    % Used
-------------------------------------------------------------------------------
USER                 zuoy       /home             131          51,200     0.26%

GROUP              mschpc   /projects             999          51,200     1.95%
GROUP          pi-dgolden   /projects               0          51,200     0.00%


SLURM Bank Statement:
=====================

User           Usage |        Account     Usage | Account Limit Available (CPU hrs)
---------- --------- + -------------- --------- + ------------- ---------
zuoy          26,334 |   HPC_21_01207    26,334 |       100,000    73,666


Acknowledgements:
=================

Note that usage of TCHPC Resources *must* be acknowledged in all publications.

Please see this page for details relevant to this cluster:

http://www.tchpc.tcd.ie/resources/acknowledgementpolicy

################################################################################
