Parallel Mode: Ring-Allreduce
Dimension: 100
Total time: 1
Number of time intervals: 40
Learning rate: 0.01
y_init_range: 40, 50
Number of neurons in each hidden layer of each subnet: 110, 110, 
Epochs: 1000
Batch size: 64
Sample size: 256
Logging frequency: 100
Model name: pricing_default_risk_parallel_
Number of processors: 4


Training:
Epoch:100
In training set, loss: 3480.38, Y0: 56.3409

Epoch:200
In training set, loss: 3200.84, Y0: 56.7621

Epoch:300
In training set, loss: 2989.61, Y0: 56.7931

Epoch:400
In training set, loss: 2815.75, Y0: 56.8111

Epoch:500
In training set, loss: 2669.55, Y0: 56.8268

Epoch:600
In training set, loss: 2545.12, Y0: 56.8403

Epoch:700
In training set, loss: 2437.6, Y0: 56.8519

Epoch:800
In training set, loss: 2343.3, Y0: 56.8619

Epoch:900
In training set, loss: 2259.35, Y0: 56.8706

Epoch:1000
In training set, loss: 2184.19, Y0: 56.8781



###############################################################################
TCHPC Cluster: kelvin
Job 23959 (BSDE_job_4_procs) for User 'zuoy' in Account 'hpc_21_01207'
Finished at: Thu Nov 25 12:41:58 GMT 2021

Job efficiency estimates:
=========================

Job ID: 23959
Cluster: kelvin
User/Group: zuoy/zuoy
State: COMPLETED (exit code 0)
Nodes: 1
Cores per node: 12
CPU Utilized: 00:34:56
CPU Efficiency: 33.27% of 01:45:00 core-walltime
Job Wall-clock time: 00:08:45
Memory Utilized: 208.72 MB
Memory Efficiency: 0.91% of 22.46 GB

Job completion status:
======================

       JobID    JobName AllocCPUS NTasks NNodes     MaxRSS    MaxRSSNode  MaxDiskRead MaxDiskWrite    Elapsed      State ExitCode 
------------ ---------- --------- ------ ------ ---------- ------------- ------------ ------------ ---------- ---------- -------- 
23959        BSDE_job_+        12             1                                                      00:08:45  COMPLETED      0:0 
23959.batch       batch        12      1      1    213732K   kelvin-n036        0.86M        0.01M   00:08:45  COMPLETED      0:0 


Job details:
============

JobId=23959 JobName=BSDE_job_4_procs
   UserId=zuoy(1582) GroupId=zuoy(1252) MCS_label=N/A
   Priority=10532264 Nice=0 Account=hpc_21_01207 QOS=normal
   JobState=COMPLETING Reason=None Dependency=(null)
   Requeue=0 Restarts=0 BatchFlag=1 Reboot=0 ExitCode=0:0
   DerivedExitCode=0:0
   RunTime=00:08:45 TimeLimit=23:00:00 TimeMin=N/A
   SubmitTime=2021-11-25T11:19:04 EligibleTime=2021-11-25T11:19:04
   AccrueTime=2021-11-25T11:19:04
   StartTime=2021-11-25T12:33:13 EndTime=2021-11-25T12:41:58 Deadline=N/A
   SuspendTime=None SecsPreSuspend=0 LastSchedEval=2021-11-25T12:33:13
   Partition=compute AllocNode:Sid=kelvin01:29505
   ReqNodeList=(null) ExcNodeList=(null)
   NodeList=
   BatchHost=kelvin-n036
   NumNodes=1 NumCPUs=12 NumTasks=4 CPUs/Task=1 ReqB:S:C:T=0:0:*:*
   TRES=cpu=12,mem=23000M,node=1,billing=12
   Socks/Node=* NtasksPerN:B:S:C=0:0:*:* CoreSpec=*
   JOB_GRES=(null)
     Nodes=kelvin-n036 CPU_IDs=0-11 Mem=23000 GRES=
   MinCPUsNode=1 MinMemoryNode=23000M MinTmpDiskNode=0
   Features=(null) DelayBoot=00:00:00
   OverSubscribe=NO Contiguous=0 Licenses=(null) Network=(null)
   Command=/home/users/mschpc/2019/zuoy/HPC/NeuralNetwork/parallel/scripts/script_PricingDefaultRisk_d100_b64_n4.sh
   WorkDir=/home/users/mschpc/2019/zuoy/HPC/NeuralNetwork/parallel
   StdErr=/home/users/mschpc/2019/zuoy/HPC/NeuralNetwork/parallel/output/slurm-23959.out
   StdIn=/dev/null
   StdOut=/home/users/mschpc/2019/zuoy/HPC/NeuralNetwork/parallel/output/slurm-23959.out
   Power=
   NtasksPerTRES:0


Disk quota details:
===================

Quota Type           Name  Filesystem     Usage in MB     Limit in MB    % Used
-------------------------------------------------------------------------------
USER                 zuoy       /home             146          51,200     0.29%

GROUP              mschpc   /projects             999          51,200     1.95%
GROUP          pi-dgolden   /projects               0          51,200     0.00%


SLURM Bank Statement:
=====================

User           Usage |        Account     Usage | Account Limit Available (CPU hrs)
---------- --------- + -------------- --------- + ------------- ---------
zuoy          28,350 |   HPC_21_01207    28,350 |       100,000    71,650


Acknowledgements:
=================

Note that usage of TCHPC Resources *must* be acknowledged in all publications.

Please see this page for details relevant to this cluster:

http://www.tchpc.tcd.ie/resources/acknowledgementpolicy

################################################################################
