Parallel Mode: Ring-Allreduce
Dimension: 500
Total time: 1
Number of time intervals: 40
Learning rate: 0.01
y_init_range: 40, 50
Number of neurons in each hidden layer of each subnet: 110, 110, 
Epochs: 1000
Batch size: 64
Sample size: 256
Logging frequency: 100
Model name: pricing_default_risk_parallel_
Number of processors: 32


Training:
Epoch:100
In training set, loss: 1364.53, Y0: 49.6008

Epoch:200
In training set, loss: 978.743, Y0: 49.7873

Epoch:300
In training set, loss: 735.284, Y0: 49.8209

Epoch:400
In training set, loss: 572.753, Y0: 49.8488

Epoch:500
In training set, loss: 459.188, Y0: 49.8729

Epoch:600
In training set, loss: 376.597, Y0: 49.8935

Epoch:700
In training set, loss: 314.511, Y0: 49.911

Epoch:800
In training set, loss: 266.553, Y0: 49.9261

Epoch:900
In training set, loss: 228.655, Y0: 49.9391

Epoch:1000
In training set, loss: 198.144, Y0: 49.9504



###############################################################################
TCHPC Cluster: kelvin
Job 24015 (BSDE_job_4_procs) for User 'zuoy' in Account 'hpc_21_01207'
Finished at: Thu Nov 25 13:31:48 GMT 2021

Job efficiency estimates:
=========================

Job ID: 24015
Cluster: kelvin
User/Group: zuoy/zuoy
State: COMPLETED (exit code 0)
Nodes: 3
Cores per node: 12
CPU Utilized: 01:32:38
CPU Efficiency: 30.10% of 05:07:48 core-walltime
Job Wall-clock time: 00:08:33
Memory Utilized: 1.33 GB
Memory Efficiency: 1.98% of 67.38 GB

Job completion status:
======================

       JobID    JobName AllocCPUS NTasks NNodes     MaxRSS    MaxRSSNode  MaxDiskRead MaxDiskWrite    Elapsed      State ExitCode 
------------ ---------- --------- ------ ------ ---------- ------------- ------------ ------------ ---------- ---------- -------- 
24015        BSDE_job_+        36             3                                                      00:08:33  COMPLETED      0:0 
24015.batch       batch        12      1      1   1396756K   kelvin-n056        0.86M        0.01M   00:08:33  COMPLETED      0:0 
24015.0           orted        24      2      2                                                      00:08:31  COMPLETED      0:0 


Job details:
============

JobId=24015 JobName=BSDE_job_4_procs
   UserId=zuoy(1582) GroupId=zuoy(1252) MCS_label=N/A
   Priority=10538285 Nice=0 Account=hpc_21_01207 QOS=normal
   JobState=COMPLETING Reason=None Dependency=(null)
   Requeue=0 Restarts=0 BatchFlag=1 Reboot=0 ExitCode=0:0
   DerivedExitCode=0:0
   RunTime=00:08:33 TimeLimit=23:00:00 TimeMin=N/A
   SubmitTime=2021-11-25T11:59:18 EligibleTime=2021-11-25T11:59:18
   AccrueTime=2021-11-25T11:59:18
   StartTime=2021-11-25T13:23:15 EndTime=2021-11-25T13:31:48 Deadline=N/A
   SuspendTime=None SecsPreSuspend=0 LastSchedEval=2021-11-25T13:23:15
   Partition=compute AllocNode:Sid=kelvin01:17031
   ReqNodeList=(null) ExcNodeList=(null)
   NodeList=kelvin-n[081,084]
   BatchHost=kelvin-n056
   NumNodes=2 NumCPUs=36 NumTasks=32 CPUs/Task=1 ReqB:S:C:T=0:0:*:*
   TRES=cpu=36,mem=69000M,node=3,billing=36
   Socks/Node=* NtasksPerN:B:S:C=0:0:*:* CoreSpec=*
   JOB_GRES=(null)
     Nodes=kelvin-n[056,081,084] CPU_IDs=0-11 Mem=23000 GRES=
   MinCPUsNode=1 MinMemoryNode=23000M MinTmpDiskNode=0
   Features=(null) DelayBoot=00:00:00
   OverSubscribe=NO Contiguous=0 Licenses=(null) Network=(null)
   Command=/home/users/mschpc/2019/zuoy/HPC/NeuralNetwork/parallel/scripts/script_PricingDefaultRisk_d500_b64_n32.sh
   WorkDir=/home/users/mschpc/2019/zuoy/HPC/NeuralNetwork/parallel
   StdErr=/home/users/mschpc/2019/zuoy/HPC/NeuralNetwork/parallel/output/slurm-24015.out
   StdIn=/dev/null
   StdOut=/home/users/mschpc/2019/zuoy/HPC/NeuralNetwork/parallel/output/slurm-24015.out
   Power=
   NtasksPerTRES:0


Disk quota details:
===================

Quota Type           Name  Filesystem     Usage in MB     Limit in MB    % Used
-------------------------------------------------------------------------------
USER                 zuoy       /home             146          51,200     0.29%

GROUP              mschpc   /projects             999          51,200     1.95%
GROUP          pi-dgolden   /projects               0          51,200     0.00%


SLURM Bank Statement:
=====================

User           Usage |        Account     Usage | Account Limit Available (CPU hrs)
---------- --------- + -------------- --------- + ------------- ---------
zuoy          28,462 |   HPC_21_01207    28,462 |       100,000    71,538


Acknowledgements:
=================

Note that usage of TCHPC Resources *must* be acknowledged in all publications.

Please see this page for details relevant to this cluster:

http://www.tchpc.tcd.ie/resources/acknowledgementpolicy

################################################################################
