Parallel Mode: Master-Slave
Dimension: 100
Total time: 1
Number of time intervals: 20
Learning rate: 0.01
y_init_range: 0, 1
Number of neurons in each hidden layer of each subnet: 110, 110, 
Epochs: 1000
Batch size: 64
Sample size: 1024
Logging frequency: 100
Model name: HJBLQ_parallel_
Number of processors: 16


Training:
Epoch:100
In training set, loss: 1465.13, Y0: 2.86095

Epoch:200
In training set, loss: 239.526, Y0: 3.90112

Epoch:300
In training set, loss: 77.1079, Y0: 4.28016

Epoch:400
In training set, loss: 54.1374, Y0: 4.41992

Epoch:500
In training set, loss: 49.5663, Y0: 4.47301

Epoch:600
In training set, loss: 47.5639, Y0: 4.49455

Epoch:700
In training set, loss: 46.0414, Y0: 4.50449

Epoch:800
In training set, loss: 44.7085, Y0: 4.51004

Epoch:900
In training set, loss: 43.5128, Y0: 4.51383

Epoch:1000
In training set, loss: 42.435, Y0: 4.51684



###############################################################################
TCHPC Cluster: kelvin
Job 22576 (BSDE_job_4_procs) for User 'zuoy' in Account 'hpc_21_01207'
Finished at: Sun Nov 21 13:30:09 GMT 2021

Job efficiency estimates:
=========================

Job ID: 22576
Cluster: kelvin
User/Group: zuoy/zuoy
State: COMPLETED (exit code 0)
Nodes: 2
Cores per node: 12
CPU Utilized: 00:31:11
CPU Efficiency: 32.76% of 01:35:12 core-walltime
Job Wall-clock time: 00:03:58
Memory Utilized: 430.48 MB
Memory Efficiency: 0.94% of 44.92 GB

Job completion status:
======================

       JobID    JobName AllocCPUS NTasks NNodes     MaxRSS    MaxRSSNode  MaxDiskRead MaxDiskWrite    Elapsed      State ExitCode 
------------ ---------- --------- ------ ------ ---------- ------------- ------------ ------------ ---------- ---------- -------- 
22576        BSDE_job_+        24             2                                                      00:03:58  COMPLETED      0:0 
22576.batch       batch        12      1      1    440808K   kelvin-n082        0.86M        0.01M   00:03:58  COMPLETED      0:0 
22576.0           orted        12      1      1                                                      00:03:57  COMPLETED      0:0 


Job details:
============

JobId=22576 JobName=BSDE_job_4_procs
   UserId=zuoy(1582) GroupId=zuoy(1252) MCS_label=N/A
   Priority=11018238 Nice=0 Account=hpc_21_01207 QOS=normal
   JobState=COMPLETING Reason=None Dependency=(null)
   Requeue=0 Restarts=0 BatchFlag=1 Reboot=0 ExitCode=0:0
   DerivedExitCode=0:0
   RunTime=00:03:58 TimeLimit=23:00:00 TimeMin=N/A
   SubmitTime=2021-11-21T10:39:41 EligibleTime=2021-11-21T10:39:41
   AccrueTime=2021-11-21T10:39:41
   StartTime=2021-11-21T13:26:11 EndTime=2021-11-21T13:30:09 Deadline=N/A
   SuspendTime=None SecsPreSuspend=0 LastSchedEval=2021-11-21T13:26:11
   Partition=compute AllocNode:Sid=kelvin01:12117
   ReqNodeList=(null) ExcNodeList=(null)
   NodeList=kelvin-n086
   BatchHost=kelvin-n082
   NumNodes=1 NumCPUs=24 NumTasks=16 CPUs/Task=1 ReqB:S:C:T=0:0:*:*
   TRES=cpu=24,mem=46000M,node=2,billing=24
   Socks/Node=* NtasksPerN:B:S:C=0:0:*:* CoreSpec=*
   JOB_GRES=(null)
     Nodes=kelvin-n[082,086] CPU_IDs=0-11 Mem=23000 GRES=
   MinCPUsNode=1 MinMemoryNode=23000M MinTmpDiskNode=0
   Features=(null) DelayBoot=00:00:00
   OverSubscribe=NO Contiguous=0 Licenses=(null) Network=(null)
   Command=/home/users/mschpc/2019/zuoy/HPC/NeuralNetwork/parallel/scripts/script_HJBLQ_d100_b64_n16.sh
   WorkDir=/home/users/mschpc/2019/zuoy/HPC/NeuralNetwork/parallel
   StdErr=/home/users/mschpc/2019/zuoy/HPC/NeuralNetwork/parallel/output/slurm-22576.out
   StdIn=/dev/null
   StdOut=/home/users/mschpc/2019/zuoy/HPC/NeuralNetwork/parallel/output/slurm-22576.out
   Power=
   NtasksPerTRES:0


Disk quota details:
===================

Quota Type           Name  Filesystem     Usage in MB     Limit in MB    % Used
-------------------------------------------------------------------------------
USER                 zuoy       /home             125          51,200     0.24%

GROUP              mschpc   /projects             999          51,200     1.95%
GROUP          pi-dgolden   /projects               0          51,200     0.00%


SLURM Bank Statement:
=====================

User           Usage |        Account     Usage | Account Limit Available (CPU hrs)
---------- --------- + -------------- --------- + ------------- ---------
zuoy          18,337 |   HPC_21_01207    18,337 |       100,000    81,663


Acknowledgements:
=================

Note that usage of TCHPC Resources *must* be acknowledged in all publications.

Please see this page for details relevant to this cluster:

http://www.tchpc.tcd.ie/resources/acknowledgementpolicy

################################################################################
