Parallel Mode: Master-Slave
Dimension: 300
Total time: 1
Number of time intervals: 40
Learning rate: 0.01
y_init_range: 40, 50
Number of neurons in each hidden layer of each subnet: 110, 110, 
Epochs: 1000
Batch size: 64
Sample size: 256
Logging frequency: 100
Model name: pricing_default_risk_parallel_
Number of processors: 64


Training:
Epoch:100
In training set, loss: 2289.01, Y0: 51.2319

Epoch:200
In training set, loss: 1874.33, Y0: 51.4399

Epoch:300
In training set, loss: 1581.16, Y0: 51.4387

Epoch:400
In training set, loss: 1362.99, Y0: 51.4374

Epoch:500
In training set, loss: 1195.78, Y0: 51.4386

Epoch:600
In training set, loss: 1064.51, Y0: 51.4411

Epoch:700
In training set, loss: 958.916, Y0: 51.4441

Epoch:800
In training set, loss: 872.395, Y0: 51.4473

Epoch:900
In training set, loss: 800.21, Y0: 51.4504

Epoch:1000
In training set, loss: 738.979, Y0: 51.4533



###############################################################################
TCHPC Cluster: kelvin
Job 23503 (BSDE_job_4_procs) for User 'zuoy' in Account 'hpc_21_01207'
Finished at: Wed Nov 24 07:14:52 GMT 2021

Job efficiency estimates:
=========================

Job ID: 23503
Cluster: kelvin
User/Group: zuoy/zuoy
State: RUNNING
Nodes: 6
Cores per node: 12
CPU Utilized: 02:42:15
CPU Efficiency: 15.09% of 17:55:12 core-walltime
Job Wall-clock time: 00:14:56
Memory Utilized: 1.08 GB
Memory Efficiency: 0.80% of 134.77 GB
WARNING: Efficiency statistics may be misleading for RUNNING jobs.

Job completion status:
======================

       JobID    JobName AllocCPUS NTasks NNodes     MaxRSS    MaxRSSNode  MaxDiskRead MaxDiskWrite    Elapsed      State ExitCode 
------------ ---------- --------- ------ ------ ---------- ------------- ------------ ------------ ---------- ---------- -------- 
23503        BSDE_job_+        72             6                                                      00:14:56  COMPLETED      0:0 
23503.batch       batch        12      1      1   1137420K   kelvin-n022        0.86M        0.01M   00:14:56  COMPLETED      0:0 
23503.0           orted        60      5      5                                                      00:14:55  COMPLETED      0:0 


Job details:
============

JobId=23503 JobName=BSDE_job_4_procs
   UserId=zuoy(1582) GroupId=zuoy(1252) MCS_label=N/A
   Priority=10926020 Nice=0 Account=hpc_21_01207 QOS=normal
   JobState=COMPLETING Reason=None Dependency=(null)
   Requeue=0 Restarts=0 BatchFlag=1 Reboot=0 ExitCode=0:0
   DerivedExitCode=0:0
   RunTime=00:14:56 TimeLimit=23:00:00 TimeMin=N/A
   SubmitTime=2021-11-23T16:38:11 EligibleTime=2021-11-23T16:38:11
   AccrueTime=2021-11-23T16:38:11
   StartTime=2021-11-24T06:59:56 EndTime=2021-11-24T07:14:52 Deadline=N/A
   SuspendTime=None SecsPreSuspend=0 LastSchedEval=2021-11-24T06:59:56
   Partition=compute AllocNode:Sid=kelvin01:24748
   ReqNodeList=(null) ExcNodeList=(null)
   NodeList=kelvin-n[024,082-083,089,092]
   BatchHost=kelvin-n022
   NumNodes=5 NumCPUs=72 NumTasks=64 CPUs/Task=1 ReqB:S:C:T=0:0:*:*
   TRES=cpu=72,mem=138000M,node=6,billing=72
   Socks/Node=* NtasksPerN:B:S:C=0:0:*:* CoreSpec=*
   JOB_GRES=(null)
     Nodes=kelvin-n[022,024,082-083,089,092] CPU_IDs=0-11 Mem=23000 GRES=
   MinCPUsNode=1 MinMemoryNode=23000M MinTmpDiskNode=0
   Features=(null) DelayBoot=00:00:00
   OverSubscribe=NO Contiguous=0 Licenses=(null) Network=(null)
   Command=/home/users/mschpc/2019/zuoy/HPC/NeuralNetwork/parallel/scripts/script_PricingDefaultRisk_d300_b64_n64.sh
   WorkDir=/home/users/mschpc/2019/zuoy/HPC/NeuralNetwork/parallel
   StdErr=/home/users/mschpc/2019/zuoy/HPC/NeuralNetwork/parallel/output/slurm-23503.out
   StdIn=/dev/null
   StdOut=/home/users/mschpc/2019/zuoy/HPC/NeuralNetwork/parallel/output/slurm-23503.out
   Power=
   NtasksPerTRES:0


Disk quota details:
===================

Quota Type           Name  Filesystem     Usage in MB     Limit in MB    % Used
-------------------------------------------------------------------------------
USER                 zuoy       /home             139          51,200     0.27%

GROUP              mschpc   /projects             999          51,200     1.95%
GROUP          pi-dgolden   /projects               0          51,200     0.00%


SLURM Bank Statement:
=====================

User           Usage |        Account     Usage | Account Limit Available (CPU hrs)
---------- --------- + -------------- --------- + ------------- ---------
zuoy          28,585 |   HPC_21_01207    28,585 |       100,000    71,415


Acknowledgements:
=================

Note that usage of TCHPC Resources *must* be acknowledged in all publications.

Please see this page for details relevant to this cluster:

http://www.tchpc.tcd.ie/resources/acknowledgementpolicy

################################################################################
