Parallel Mode: Ring-Allreduce
Dimension: 100
Total time: 1
Number of time intervals: 40
Learning rate: 0.01
y_init_range: 40, 50
Number of neurons in each hidden layer of each subnet: 110, 110, 
Epochs: 1000
Batch size: 1
Sample size: 256
Logging frequency: 100
Model name: pricing_default_risk_parallel_
Number of processors: 8


Training:
Epoch:100
In training set, loss: 2189.64, Y0: 56.9293

Epoch:200
In training set, loss: 1731.26, Y0: 57.0372

Epoch:300
In training set, loss: 1466.05, Y0: 57.1077

Epoch:400
In training set, loss: 1268.46, Y0: 57.1552

Epoch:500
In training set, loss: 1106.78, Y0: 57.1871

Epoch:600
In training set, loss: 968.303, Y0: 57.2099

Epoch:700
In training set, loss: 847.356, Y0: 57.2276

Epoch:800
In training set, loss: 741.353, Y0: 57.2418

Epoch:900
In training set, loss: 647.867, Y0: 57.2532

Epoch:1000
In training set, loss: 565.866, Y0: 57.2632



###############################################################################
TCHPC Cluster: kelvin
Job 22118 (BSDE_job_4_procs) for User 'zuoy' in Account 'hpc_21_01207'
Finished at: Sat Nov 20 17:11:55 GMT 2021

Job efficiency estimates:
=========================

Job ID: 22118
Cluster: kelvin
User/Group: zuoy/zuoy
State: COMPLETED (exit code 0)
Nodes: 1
Cores per node: 12
CPU Utilized: 01:01:24
CPU Efficiency: 66.45% of 01:32:24 core-walltime
Job Wall-clock time: 00:07:42
Memory Utilized: 411.33 MB
Memory Efficiency: 1.79% of 22.46 GB

Job completion status:
======================

       JobID    JobName AllocCPUS NTasks NNodes     MaxRSS    MaxRSSNode  MaxDiskRead MaxDiskWrite    Elapsed      State ExitCode 
------------ ---------- --------- ------ ------ ---------- ------------- ------------ ------------ ---------- ---------- -------- 
22118        BSDE_job_+        12             1                                                      00:07:42  COMPLETED      0:0 
22118.batch       batch        12      1      1    421200K   kelvin-n082        0.86M        0.01M   00:07:42  COMPLETED      0:0 


Job details:
============

JobId=22118 JobName=BSDE_job_4_procs
   UserId=zuoy(1582) GroupId=zuoy(1252) MCS_label=N/A
   Priority=11181913 Nice=0 Account=hpc_21_01207 QOS=normal
   JobState=COMPLETING Reason=None Dependency=(null)
   Requeue=0 Restarts=0 BatchFlag=1 Reboot=0 ExitCode=0:0
   DerivedExitCode=0:0
   RunTime=00:07:42 TimeLimit=23:00:00 TimeMin=N/A
   SubmitTime=2021-11-20T12:28:04 EligibleTime=2021-11-20T12:28:04
   AccrueTime=2021-11-20T12:28:04
   StartTime=2021-11-20T17:04:13 EndTime=2021-11-20T17:11:55 Deadline=N/A
   SuspendTime=None SecsPreSuspend=0 LastSchedEval=2021-11-20T17:04:13
   Partition=compute AllocNode:Sid=kelvin01:28782
   ReqNodeList=(null) ExcNodeList=(null)
   NodeList=
   BatchHost=kelvin-n082
   NumNodes=1 NumCPUs=12 NumTasks=8 CPUs/Task=1 ReqB:S:C:T=0:0:*:*
   TRES=cpu=12,mem=23000M,node=1,billing=12
   Socks/Node=* NtasksPerN:B:S:C=0:0:*:* CoreSpec=*
   JOB_GRES=(null)
     Nodes=kelvin-n082 CPU_IDs=0-11 Mem=23000 GRES=
   MinCPUsNode=1 MinMemoryNode=23000M MinTmpDiskNode=0
   Features=(null) DelayBoot=00:00:00
   OverSubscribe=NO Contiguous=0 Licenses=(null) Network=(null)
   Command=/home/users/mschpc/2019/zuoy/HPC/NeuralNetwork/parallel/scripts/script_PricingDefaultRisk_d100_b1_n8.sh
   WorkDir=/home/users/mschpc/2019/zuoy/HPC/NeuralNetwork/parallel
   StdErr=/home/users/mschpc/2019/zuoy/HPC/NeuralNetwork/parallel/output/slurm-22118.out
   StdIn=/dev/null
   StdOut=/home/users/mschpc/2019/zuoy/HPC/NeuralNetwork/parallel/output/slurm-22118.out
   Power=
   NtasksPerTRES:0


Disk quota details:
===================

Quota Type           Name  Filesystem     Usage in MB     Limit in MB    % Used
-------------------------------------------------------------------------------
USER                 zuoy       /home             116          51,200     0.23%

GROUP              mschpc   /projects             999          51,200     1.95%
GROUP          pi-dgolden   /projects               0          51,200     0.00%


SLURM Bank Statement:
=====================

User           Usage |        Account     Usage | Account Limit Available (CPU hrs)
---------- --------- + -------------- --------- + ------------- ---------
zuoy          13,740 |   HPC_21_01207    13,740 |       100,000    86,260


Acknowledgements:
=================

Note that usage of TCHPC Resources *must* be acknowledged in all publications.

Please see this page for details relevant to this cluster:

http://www.tchpc.tcd.ie/resources/acknowledgementpolicy

################################################################################
