Parallel Mode: Ring-Allreduce
Dimension: 300
Total time: 1
Number of time intervals: 40
Learning rate: 0.01
y_init_range: 40, 50
Number of neurons in each hidden layer of each subnet: 110, 110, 
Epochs: 1000
Batch size: 64
Sample size: 256
Logging frequency: 100
Model name: pricing_default_risk_parallel_
Number of processors: 32


Training:
Epoch:100
In training set, loss: 16537.1, Y0: 41.4339

Epoch:200
In training set, loss: 12943.2, Y0: 42.6797

Epoch:300
In training set, loss: 10227, Y0: 43.7624

Epoch:400
In training set, loss: 8172.89, Y0: 44.7036

Epoch:500
In training set, loss: 6618.52, Y0: 45.5215

Epoch:600
In training set, loss: 5450.3, Y0: 46.2331

Epoch:700
In training set, loss: 4580.52, Y0: 46.8543

Epoch:800
In training set, loss: 3927.76, Y0: 47.3981

Epoch:900
In training set, loss: 3433.27, Y0: 47.8754

Epoch:1000
In training set, loss: 3055.67, Y0: 48.2953



###############################################################################
TCHPC Cluster: kelvin
Job 21888 (BSDE_job_4_procs) for User 'zuoy' in Account 'hpc_21_01207'
Finished at: Sat Nov 20 03:44:02 GMT 2021

Job efficiency estimates:
=========================

Job ID: 21888
Cluster: kelvin
User/Group: zuoy/zuoy
State: COMPLETED (exit code 0)
Nodes: 3
Cores per node: 12
CPU Utilized: 01:04:56
CPU Efficiency: 30.06% of 03:36:00 core-walltime
Job Wall-clock time: 00:06:00
Memory Utilized: 978.06 MB
Memory Efficiency: 1.42% of 67.38 GB

Job completion status:
======================

       JobID    JobName AllocCPUS NTasks NNodes     MaxRSS    MaxRSSNode  MaxDiskRead MaxDiskWrite    Elapsed      State ExitCode 
------------ ---------- --------- ------ ------ ---------- ------------- ------------ ------------ ---------- ---------- -------- 
21888        BSDE_job_+        36             3                                                      00:06:00  COMPLETED      0:0 
21888.batch       batch        12      1      1   1001532K   kelvin-n017        0.87M        0.01M   00:06:00  COMPLETED      0:0 
21888.0           orted        24      2      2                                                      00:05:59  COMPLETED      0:0 


Job details:
============

JobId=21888 JobName=BSDE_job_4_procs
   UserId=zuoy(1582) GroupId=zuoy(1252) MCS_label=N/A
   Priority=11146631 Nice=0 Account=hpc_21_01207 QOS=normal
   JobState=COMPLETING Reason=None Dependency=(null)
   Requeue=0 Restarts=0 BatchFlag=1 Reboot=0 ExitCode=0:0
   DerivedExitCode=0:0
   RunTime=00:06:00 TimeLimit=23:00:00 TimeMin=N/A
   SubmitTime=2021-11-20T00:15:34 EligibleTime=2021-11-20T00:15:34
   AccrueTime=2021-11-20T00:15:34
   StartTime=2021-11-20T03:38:02 EndTime=2021-11-20T03:44:02 Deadline=N/A
   SuspendTime=None SecsPreSuspend=0 LastSchedEval=2021-11-20T03:38:02
   Partition=compute AllocNode:Sid=kelvin01:23080
   ReqNodeList=(null) ExcNodeList=(null)
   NodeList=kelvin-n[018-019]
   BatchHost=kelvin-n017
   NumNodes=2 NumCPUs=36 NumTasks=32 CPUs/Task=1 ReqB:S:C:T=0:0:*:*
   TRES=cpu=36,mem=69000M,node=3,billing=36
   Socks/Node=* NtasksPerN:B:S:C=0:0:*:* CoreSpec=*
   JOB_GRES=(null)
     Nodes=kelvin-n[017-019] CPU_IDs=0-11 Mem=23000 GRES=
   MinCPUsNode=1 MinMemoryNode=23000M MinTmpDiskNode=0
   Features=(null) DelayBoot=00:00:00
   OverSubscribe=NO Contiguous=0 Licenses=(null) Network=(null)
   Command=/home/users/mschpc/2019/zuoy/HPC/NeuralNetwork/parallel/scripts/script_PricingDefaultRisk_d300_b64_n32.sh
   WorkDir=/home/users/mschpc/2019/zuoy/HPC/NeuralNetwork/parallel
   StdErr=/home/users/mschpc/2019/zuoy/HPC/NeuralNetwork/parallel/output/slurm-21888.out
   StdIn=/dev/null
   StdOut=/home/users/mschpc/2019/zuoy/HPC/NeuralNetwork/parallel/output/slurm-21888.out
   Power=
   NtasksPerTRES:0


Disk quota details:
===================

Quota Type           Name  Filesystem     Usage in MB     Limit in MB    % Used
-------------------------------------------------------------------------------
USER                 zuoy       /home             109          51,200     0.21%

GROUP              mschpc   /projects             999          51,200     1.95%
GROUP          pi-dgolden   /projects               0          51,200     0.00%


SLURM Bank Statement:
=====================

User           Usage |        Account     Usage | Account Limit Available (CPU hrs)
---------- --------- + -------------- --------- + ------------- ---------
zuoy          11,848 |   HPC_21_01207    11,848 |       100,000    88,152


Acknowledgements:
=================

Note that usage of TCHPC Resources *must* be acknowledged in all publications.

Please see this page for details relevant to this cluster:

http://www.tchpc.tcd.ie/resources/acknowledgementpolicy

################################################################################
