Parallel Mode: Master-Slave
Dimension: 100
Total time: 1
Number of time intervals: 40
Learning rate: 0.01
y_init_range: 40, 50
Number of neurons in each hidden layer of each subnet: 110, 110, 
Epochs: 1000
Batch size: 64
Sample size: 256
Logging frequency: 100
Model name: pricing_default_risk_parallel_
Number of processors: 8


Training:
Epoch:100
In training set, loss: 3047.62, Y0: 56.571

Epoch:200
In training set, loss: 2800.51, Y0: 57.0115

Epoch:300
In training set, loss: 2617.49, Y0: 57.0548

Epoch:400
In training set, loss: 2466.3, Y0: 57.0845

Epoch:500
In training set, loss: 2338.23, Y0: 57.1117

Epoch:600
In training set, loss: 2229.51, Y0: 57.1366

Epoch:700
In training set, loss: 2135.17, Y0: 57.1599

Epoch:800
In training set, loss: 2052.68, Y0: 57.1809

Epoch:900
In training set, loss: 1979.47, Y0: 57.2004

Epoch:1000
In training set, loss: 1914.13, Y0: 57.2183



###############################################################################
TCHPC Cluster: kelvin
Job 23651 (BSDE_job_4_procs) for User 'zuoy' in Account 'hpc_21_01207'
Finished at: Thu Nov 25 03:31:34 GMT 2021

Job efficiency estimates:
=========================

Job ID: 23651
Cluster: kelvin
User/Group: zuoy/zuoy
State: COMPLETED (exit code 0)
Nodes: 1
Cores per node: 12
CPU Utilized: 00:40:03
CPU Efficiency: 66.09% of 01:00:36 core-walltime
Job Wall-clock time: 00:05:03
Memory Utilized: 411.71 MB
Memory Efficiency: 1.79% of 22.46 GB

Job completion status:
======================

       JobID    JobName AllocCPUS NTasks NNodes     MaxRSS    MaxRSSNode  MaxDiskRead MaxDiskWrite    Elapsed      State ExitCode 
------------ ---------- --------- ------ ------ ---------- ------------- ------------ ------------ ---------- ---------- -------- 
23651        BSDE_job_+        12             1                                                      00:05:03  COMPLETED      0:0 
23651.batch       batch        12      1      1    421596K   kelvin-n086        0.86M        0.01M   00:05:03  COMPLETED      0:0 


Job details:
============

JobId=23651 JobName=BSDE_job_4_procs
   UserId=zuoy(1582) GroupId=zuoy(1252) MCS_label=N/A
   Priority=11019350 Nice=0 Account=hpc_21_01207 QOS=normal
   JobState=COMPLETING Reason=None Dependency=(null)
   Requeue=0 Restarts=0 BatchFlag=1 Reboot=0 ExitCode=0:0
   DerivedExitCode=0:0
   RunTime=00:05:03 TimeLimit=23:00:00 TimeMin=N/A
   SubmitTime=2021-11-24T09:50:06 EligibleTime=2021-11-24T09:50:06
   AccrueTime=2021-11-24T09:50:06
   StartTime=2021-11-25T03:26:31 EndTime=2021-11-25T03:31:34 Deadline=N/A
   SuspendTime=None SecsPreSuspend=0 LastSchedEval=2021-11-25T03:26:31
   Partition=compute AllocNode:Sid=kelvin01:18898
   ReqNodeList=(null) ExcNodeList=(null)
   NodeList=
   BatchHost=kelvin-n086
   NumNodes=1 NumCPUs=12 NumTasks=8 CPUs/Task=1 ReqB:S:C:T=0:0:*:*
   TRES=cpu=12,mem=23000M,node=1,billing=12
   Socks/Node=* NtasksPerN:B:S:C=0:0:*:* CoreSpec=*
   JOB_GRES=(null)
     Nodes=kelvin-n086 CPU_IDs=0-11 Mem=23000 GRES=
   MinCPUsNode=1 MinMemoryNode=23000M MinTmpDiskNode=0
   Features=(null) DelayBoot=00:00:00
   OverSubscribe=NO Contiguous=0 Licenses=(null) Network=(null)
   Command=/home/users/mschpc/2019/zuoy/HPC/NeuralNetwork/parallel/scripts/script_PricingDefaultRisk_d100_b64_n8.sh
   WorkDir=/home/users/mschpc/2019/zuoy/HPC/NeuralNetwork/parallel
   StdErr=/home/users/mschpc/2019/zuoy/HPC/NeuralNetwork/parallel/output/slurm-23651.out
   StdIn=/dev/null
   StdOut=/home/users/mschpc/2019/zuoy/HPC/NeuralNetwork/parallel/output/slurm-23651.out
   Power=
   NtasksPerTRES:0


Disk quota details:
===================

Quota Type           Name  Filesystem     Usage in MB     Limit in MB    % Used
-------------------------------------------------------------------------------
USER                 zuoy       /home             140          51,200     0.27%

GROUP              mschpc   /projects             999          51,200     1.95%
GROUP          pi-dgolden   /projects               0          51,200     0.00%


SLURM Bank Statement:
=====================

User           Usage |        Account     Usage | Account Limit Available (CPU hrs)
---------- --------- + -------------- --------- + ------------- ---------
zuoy          28,250 |   HPC_21_01207    28,250 |       100,000    71,750


Acknowledgements:
=================

Note that usage of TCHPC Resources *must* be acknowledged in all publications.

Please see this page for details relevant to this cluster:

http://www.tchpc.tcd.ie/resources/acknowledgementpolicy

################################################################################
