Parallel Mode: Ring-Allreduce
Dimension: 200
Total time: 1
Number of time intervals: 40
Learning rate: 0.01
y_init_range: 40, 50
Number of neurons in each hidden layer of each subnet: 110, 110, 
Epochs: 1000
Batch size: 64
Sample size: 256
Logging frequency: 100
Model name: pricing_default_risk_parallel_
Number of processors: 128


Training:
Epoch:100
In training set, loss: 27871.2, Y0: 40.4492

Epoch:200
In training set, loss: 26139.9, Y0: 40.883

Epoch:300
In training set, loss: 24528.2, Y0: 41.3019

Epoch:400
In training set, loss: 23027.5, Y0: 41.7063

Epoch:500
In training set, loss: 21627.3, Y0: 42.0971

Epoch:600
In training set, loss: 20322.6, Y0: 42.4743

Epoch:700
In training set, loss: 19105.7, Y0: 42.8386

Epoch:800
In training set, loss: 17971.1, Y0: 43.1903

Epoch:900
In training set, loss: 16911.7, Y0: 43.5304

Epoch:1000
In training set, loss: 15924.3, Y0: 43.8586



###############################################################################
TCHPC Cluster: kelvin
Job 22251 (BSDE_job_4_procs) for User 'zuoy' in Account 'hpc_21_01207'
Finished at: Sun Nov 21 00:31:53 GMT 2021

Job efficiency estimates:
=========================

Job ID: 22251
Cluster: kelvin
User/Group: zuoy/zuoy
State: COMPLETED (exit code 0)
Nodes: 11
Cores per node: 12
CPU Utilized: 01:31:55
CPU Efficiency: 8.89% of 17:14:00 core-walltime
Job Wall-clock time: 00:07:50
Memory Utilized: 844.32 MB
Memory Efficiency: 0.33% of 247.07 GB

Job completion status:
======================

       JobID    JobName AllocCPUS NTasks NNodes     MaxRSS    MaxRSSNode  MaxDiskRead MaxDiskWrite    Elapsed      State ExitCode 
------------ ---------- --------- ------ ------ ---------- ------------- ------------ ------------ ---------- ---------- -------- 
22251        BSDE_job_+       132            11                                                      00:07:50  COMPLETED      0:0 
22251.batch       batch        12      1      1    864588K   kelvin-n032        0.86M        0.01M   00:07:50  COMPLETED      0:0 
22251.0           orted       120     10     10                                                      00:07:49  COMPLETED      0:0 


Job details:
============

JobId=22251 JobName=BSDE_job_4_procs
   UserId=zuoy(1582) GroupId=zuoy(1252) MCS_label=N/A
   Priority=11253015 Nice=0 Account=hpc_21_01207 QOS=normal
   JobState=COMPLETING Reason=None Dependency=(null)
   Requeue=0 Restarts=0 BatchFlag=1 Reboot=0 ExitCode=0:0
   DerivedExitCode=0:0
   RunTime=00:07:50 TimeLimit=23:00:00 TimeMin=N/A
   SubmitTime=2021-11-20T17:36:35 EligibleTime=2021-11-20T17:36:35
   AccrueTime=2021-11-20T17:36:35
   StartTime=2021-11-21T00:24:03 EndTime=2021-11-21T00:31:53 Deadline=N/A
   SuspendTime=None SecsPreSuspend=0 LastSchedEval=2021-11-21T00:24:03
   Partition=compute AllocNode:Sid=kelvin01:32460
   ReqNodeList=(null) ExcNodeList=(null)
   NodeList=kelvin-n[048,058,074,076,079,081,086,089-091]
   BatchHost=kelvin-n032
   NumNodes=10 NumCPUs=132 NumTasks=128 CPUs/Task=1 ReqB:S:C:T=0:0:*:*
   TRES=cpu=132,mem=253000M,node=11,billing=132
   Socks/Node=* NtasksPerN:B:S:C=0:0:*:* CoreSpec=*
   JOB_GRES=(null)
     Nodes=kelvin-n[032,048,058,074,076,079,081,086,089-091] CPU_IDs=0-11 Mem=23000 GRES=
   MinCPUsNode=1 MinMemoryNode=23000M MinTmpDiskNode=0
   Features=(null) DelayBoot=00:00:00
   OverSubscribe=NO Contiguous=0 Licenses=(null) Network=(null)
   Command=/home/users/mschpc/2019/zuoy/HPC/NeuralNetwork/parallel/scripts/script_PricingDefaultRisk_d200_b64_n128.sh
   WorkDir=/home/users/mschpc/2019/zuoy/HPC/NeuralNetwork/parallel
   StdErr=/home/users/mschpc/2019/zuoy/HPC/NeuralNetwork/parallel/output/slurm-22251.out
   StdIn=/dev/null
   StdOut=/home/users/mschpc/2019/zuoy/HPC/NeuralNetwork/parallel/output/slurm-22251.out
   Power=
   NtasksPerTRES:0


Disk quota details:
===================

Quota Type           Name  Filesystem     Usage in MB     Limit in MB    % Used
-------------------------------------------------------------------------------
USER                 zuoy       /home             115          51,200     0.23%

GROUP              mschpc   /projects             999          51,200     1.95%
GROUP          pi-dgolden   /projects               0          51,200     0.00%


SLURM Bank Statement:
=====================

User           Usage |        Account     Usage | Account Limit Available (CPU hrs)
---------- --------- + -------------- --------- + ------------- ---------
zuoy          14,927 |   HPC_21_01207    14,927 |       100,000    85,073


Acknowledgements:
=================

Note that usage of TCHPC Resources *must* be acknowledged in all publications.

Please see this page for details relevant to this cluster:

http://www.tchpc.tcd.ie/resources/acknowledgementpolicy

################################################################################
