Parallel Mode: Master-Slave
Dimension: 100
Total time: 1
Number of time intervals: 40
Learning rate: 0.01
y_init_range: 40, 50
Number of neurons in each hidden layer of each subnet: 110, 110, 
Epochs: 1000
Batch size: 1
Sample size: 256
Logging frequency: 100
Model name: pricing_default_risk_parallel_
Number of processors: 128


Training:
Epoch:100
In training set, loss: 4405.39, Y0: 53.7948

Epoch:200
In training set, loss: 3625.47, Y0: 55.8599

Epoch:300
In training set, loss: 3483.92, Y0: 56.1948

Epoch:400
In training set, loss: 3371.6, Y0: 56.2535

Epoch:500
In training set, loss: 3270, Y0: 56.2672

Epoch:600
In training set, loss: 3178.3, Y0: 56.2731

Epoch:700
In training set, loss: 3094.19, Y0: 56.2781

Epoch:800
In training set, loss: 3017.22, Y0: 56.2829

Epoch:900
In training set, loss: 2946.55, Y0: 56.2874

Epoch:1000
In training set, loss: 2881.13, Y0: 56.2916



###############################################################################
TCHPC Cluster: kelvin
Job 21151 (BSDE_job_4_procs) for User 'zuoy' in Account 'hpc_21_01207'
Finished at: Wed Nov 17 22:08:58 GMT 2021

Job efficiency estimates:
=========================

Job ID: 21151
Cluster: kelvin
User/Group: zuoy/zuoy
State: COMPLETED (exit code 0)
Nodes: 11
Cores per node: 12
CPU Utilized: 03:49:46
CPU Efficiency: 9.00% of 1-18:34:12 core-walltime
Job Wall-clock time: 00:19:21
Memory Utilized: 842.73 MB
Memory Efficiency: 0.33% of 247.07 GB

Job completion status:
======================

       JobID    JobName AllocCPUS NTasks NNodes     MaxRSS    MaxRSSNode  MaxDiskRead MaxDiskWrite    Elapsed      State ExitCode 
------------ ---------- --------- ------ ------ ---------- ------------- ------------ ------------ ---------- ---------- -------- 
21151        BSDE_job_+       132            11                                                      00:19:21  COMPLETED      0:0 
21151.batch       batch        12      1      1    862960K   kelvin-n006        0.87M        0.01M   00:19:21  COMPLETED      0:0 
21151.0           orted       120     10     10                                                      00:19:19  COMPLETED      0:0 


Job details:
============

JobId=21151 JobName=BSDE_job_4_procs
   UserId=zuoy(1582) GroupId=zuoy(1252) MCS_label=N/A
   Priority=11765104 Nice=0 Account=hpc_21_01207 QOS=normal
   JobState=COMPLETING Reason=None Dependency=(null)
   Requeue=0 Restarts=0 BatchFlag=1 Reboot=0 ExitCode=0:0
   DerivedExitCode=0:0
   RunTime=00:19:21 TimeLimit=23:00:00 TimeMin=N/A
   SubmitTime=2021-11-17T21:49:36 EligibleTime=2021-11-17T21:49:36
   AccrueTime=2021-11-17T21:49:36
   StartTime=2021-11-17T21:49:37 EndTime=2021-11-17T22:08:58 Deadline=N/A
   SuspendTime=None SecsPreSuspend=0 LastSchedEval=2021-11-17T21:49:37
   Partition=compute AllocNode:Sid=kelvin01:6170
   ReqNodeList=(null) ExcNodeList=(null)
   NodeList=kelvin-n[008,030,036-037,040-044,048]
   BatchHost=kelvin-n006
   NumNodes=10 NumCPUs=132 NumTasks=128 CPUs/Task=1 ReqB:S:C:T=0:0:*:*
   TRES=cpu=132,mem=253000M,node=11,billing=132
   Socks/Node=* NtasksPerN:B:S:C=0:0:*:* CoreSpec=*
   JOB_GRES=(null)
     Nodes=kelvin-n[006,008,030,036-037,040-044,048] CPU_IDs=0-11 Mem=23000 GRES=
   MinCPUsNode=1 MinMemoryNode=23000M MinTmpDiskNode=0
   Features=(null) DelayBoot=00:00:00
   OverSubscribe=NO Contiguous=0 Licenses=(null) Network=(null)
   Command=/home/users/mschpc/2019/zuoy/HPC/NeuralNetwork/parallel/scripts/script_PricingDefaultRisk_d100_b1_n128.sh
   WorkDir=/home/users/mschpc/2019/zuoy/HPC/NeuralNetwork/parallel
   StdErr=/home/users/mschpc/2019/zuoy/HPC/NeuralNetwork/parallel/output/slurm-21151.out
   StdIn=/dev/null
   StdOut=/home/users/mschpc/2019/zuoy/HPC/NeuralNetwork/parallel/output/slurm-21151.out
   Power=
   NtasksPerTRES:0


Disk quota details:
===================

Quota Type           Name  Filesystem     Usage in MB     Limit in MB    % Used
-------------------------------------------------------------------------------
USER                 zuoy       /home             100          51,200     0.20%

GROUP              mschpc   /projects             999          51,200     1.95%
GROUP          pi-dgolden   /projects               0          51,200     0.00%


SLURM Bank Statement:
=====================

User           Usage |        Account     Usage | Account Limit Available (CPU hrs)
---------- --------- + -------------- --------- + ------------- ---------
zuoy           6,458 |   HPC_21_01207     6,458 |       100,000    93,542


Acknowledgements:
=================

Note that usage of TCHPC Resources *must* be acknowledged in all publications.

Please see this page for details relevant to this cluster:

http://www.tchpc.tcd.ie/resources/acknowledgementpolicy

################################################################################
