Parallel Mode: Master-Slave
Dimension: 400
Total time: 1
Number of time intervals: 40
Learning rate: 0.01
y_init_range: 40, 50
Number of neurons in each hidden layer of each subnet: 110, 110, 
Epochs: 1000
Batch size: 1
Sample size: 256
Logging frequency: 100
Model name: pricing_default_risk_parallel_
Number of processors: 32


Training:
Epoch:100
In training set, loss: 1387.73, Y0: 50.61

Epoch:200
In training set, loss: 958.065, Y0: 50.6463

Epoch:300
In training set, loss: 715.689, Y0: 50.6724

Epoch:400
In training set, loss: 562.755, Y0: 50.6914

Epoch:500
In training set, loss: 457.79, Y0: 50.7056

Epoch:600
In training set, loss: 381.25, Y0: 50.7167

Epoch:700
In training set, loss: 322.993, Y0: 50.726

Epoch:800
In training set, loss: 277.212, Y0: 50.7339

Epoch:900
In training set, loss: 240.495, Y0: 50.7413

Epoch:1000
In training set, loss: 210.454, Y0: 50.7482



###############################################################################
TCHPC Cluster: kelvin
Job 23082 (BSDE_job_4_procs) for User 'zuoy' in Account 'hpc_21_01207'
Finished at: Mon Nov 22 13:43:40 GMT 2021

Job efficiency estimates:
=========================

Job ID: 23082
Cluster: kelvin
User/Group: zuoy/zuoy
State: COMPLETED (exit code 0)
Nodes: 3
Cores per node: 12
CPU Utilized: 02:33:32
CPU Efficiency: 30.10% of 08:30:00 core-walltime
Job Wall-clock time: 00:14:10
Memory Utilized: 1.18 GB
Memory Efficiency: 1.75% of 67.38 GB

Job completion status:
======================

       JobID    JobName AllocCPUS NTasks NNodes     MaxRSS    MaxRSSNode  MaxDiskRead MaxDiskWrite    Elapsed      State ExitCode 
------------ ---------- --------- ------ ------ ---------- ------------- ------------ ------------ ---------- ---------- -------- 
23082        BSDE_job_+        36             3                                                      00:14:10  COMPLETED      0:0 
23082.batch       batch        12      1      1   1239724K   kelvin-n011        0.86M        0.01M   00:14:10  COMPLETED      0:0 
23082.0           orted        24      2      2                                                      00:14:08  COMPLETED      0:0 


Job details:
============

JobId=23082 JobName=BSDE_job_4_procs
   UserId=zuoy(1582) GroupId=zuoy(1252) MCS_label=N/A
   Priority=10559399 Nice=0 Account=hpc_21_01207 QOS=normal
   JobState=COMPLETING Reason=None Dependency=(null)
   Requeue=0 Restarts=0 BatchFlag=1 Reboot=0 ExitCode=0:0
   DerivedExitCode=0:0
   RunTime=00:14:10 TimeLimit=23:00:00 TimeMin=N/A
   SubmitTime=2021-11-22T11:22:44 EligibleTime=2021-11-22T11:22:44
   AccrueTime=2021-11-22T11:22:44
   StartTime=2021-11-22T13:29:30 EndTime=2021-11-22T13:43:40 Deadline=N/A
   SuspendTime=None SecsPreSuspend=0 LastSchedEval=2021-11-22T13:29:30
   Partition=compute AllocNode:Sid=kelvin01:10133
   ReqNodeList=(null) ExcNodeList=(null)
   NodeList=kelvin-n[020,074]
   BatchHost=kelvin-n011
   NumNodes=2 NumCPUs=36 NumTasks=32 CPUs/Task=1 ReqB:S:C:T=0:0:*:*
   TRES=cpu=36,mem=69000M,node=3,billing=36
   Socks/Node=* NtasksPerN:B:S:C=0:0:*:* CoreSpec=*
   JOB_GRES=(null)
     Nodes=kelvin-n[011,020,074] CPU_IDs=0-11 Mem=23000 GRES=
   MinCPUsNode=1 MinMemoryNode=23000M MinTmpDiskNode=0
   Features=(null) DelayBoot=00:00:00
   OverSubscribe=NO Contiguous=0 Licenses=(null) Network=(null)
   Command=/home/users/mschpc/2019/zuoy/HPC/NeuralNetwork/parallel/scripts/script_PricingDefaultRisk_d400_b1_n32.sh
   WorkDir=/home/users/mschpc/2019/zuoy/HPC/NeuralNetwork/parallel
   StdErr=/home/users/mschpc/2019/zuoy/HPC/NeuralNetwork/parallel/output/slurm-23082.out
   StdIn=/dev/null
   StdOut=/home/users/mschpc/2019/zuoy/HPC/NeuralNetwork/parallel/output/slurm-23082.out
   Power=
   NtasksPerTRES:0


Disk quota details:
===================

Quota Type           Name  Filesystem     Usage in MB     Limit in MB    % Used
-------------------------------------------------------------------------------
USER                 zuoy       /home             136          51,200     0.27%

GROUP              mschpc   /projects             999          51,200     1.95%
GROUP          pi-dgolden   /projects               0          51,200     0.00%


SLURM Bank Statement:
=====================

User           Usage |        Account     Usage | Account Limit Available (CPU hrs)
---------- --------- + -------------- --------- + ------------- ---------
zuoy          28,276 |   HPC_21_01207    28,276 |       100,000    71,724


Acknowledgements:
=================

Note that usage of TCHPC Resources *must* be acknowledged in all publications.

Please see this page for details relevant to this cluster:

http://www.tchpc.tcd.ie/resources/acknowledgementpolicy

################################################################################
