Parallel Mode: Ring-Allreduce
Dimension: 100
Total time: 1
Number of time intervals: 20
Learning rate: 0.01
y_init_range: 0, 1
Number of neurons in each hidden layer of each subnet: 110, 110, 
Epochs: 1000
Batch size: 1
Sample size: 1024
Logging frequency: 100
Model name: HJBLQ_parallel_
Number of processors: 32


Training:
Epoch:100
In training set, loss: 34.5181, Y0: 4.53369

Epoch:200
In training set, loss: 31.5348, Y0: 4.54087

Epoch:300
In training set, loss: 29.8812, Y0: 4.54256

Epoch:400
In training set, loss: 28.4264, Y0: 4.5433

Epoch:500
In training set, loss: 27.0675, Y0: 4.54377

Epoch:600
In training set, loss: 25.7873, Y0: 4.54415

Epoch:700
In training set, loss: 24.5791, Y0: 4.54449

Epoch:800
In training set, loss: 23.4381, Y0: 4.54479

Epoch:900
In training set, loss: 22.36, Y0: 4.54507

Epoch:1000
In training set, loss: 21.341, Y0: 4.54532



###############################################################################
TCHPC Cluster: kelvin
Job 22208 (BSDE_job_4_procs) for User 'zuoy' in Account 'hpc_21_01207'
Finished at: Sat Nov 20 23:18:12 GMT 2021

Job efficiency estimates:
=========================

Job ID: 22208
Cluster: kelvin
User/Group: zuoy/zuoy
State: COMPLETED (exit code 0)
Nodes: 3
Cores per node: 12
CPU Utilized: 00:51:23
CPU Efficiency: 30.15% of 02:50:24 core-walltime
Job Wall-clock time: 00:04:44
Memory Utilized: 588.79 MB
Memory Efficiency: 0.85% of 67.38 GB

Job completion status:
======================

       JobID    JobName AllocCPUS NTasks NNodes     MaxRSS    MaxRSSNode  MaxDiskRead MaxDiskWrite    Elapsed      State ExitCode 
------------ ---------- --------- ------ ------ ---------- ------------- ------------ ------------ ---------- ---------- -------- 
22208        BSDE_job_+        36             3                                                      00:04:44  COMPLETED      0:0 
22208.batch       batch        12      1      1    602916K   kelvin-n029        0.86M        0.01M   00:04:44  COMPLETED      0:0 
22208.0           orted        24      2      2                                                      00:04:43  COMPLETED      0:0 


Job details:
============

JobId=22208 JobName=BSDE_job_4_procs
   UserId=zuoy(1582) GroupId=zuoy(1252) MCS_label=N/A
   Priority=11232601 Nice=0 Account=hpc_21_01207 QOS=normal
   JobState=COMPLETING Reason=None Dependency=(null)
   Requeue=0 Restarts=0 BatchFlag=1 Reboot=0 ExitCode=0:0
   DerivedExitCode=0:0
   RunTime=00:04:44 TimeLimit=23:00:00 TimeMin=N/A
   SubmitTime=2021-11-20T16:57:15 EligibleTime=2021-11-20T16:57:15
   AccrueTime=2021-11-20T16:57:15
   StartTime=2021-11-20T23:13:28 EndTime=2021-11-20T23:18:12 Deadline=N/A
   SuspendTime=None SecsPreSuspend=0 LastSchedEval=2021-11-20T23:13:28
   Partition=compute AllocNode:Sid=kelvin01:32460
   ReqNodeList=(null) ExcNodeList=(null)
   NodeList=kelvin-n[032,048]
   BatchHost=kelvin-n029
   NumNodes=2 NumCPUs=36 NumTasks=32 CPUs/Task=1 ReqB:S:C:T=0:0:*:*
   TRES=cpu=36,mem=69000M,node=3,billing=36
   Socks/Node=* NtasksPerN:B:S:C=0:0:*:* CoreSpec=*
   JOB_GRES=(null)
     Nodes=kelvin-n[029,032,048] CPU_IDs=0-11 Mem=23000 GRES=
   MinCPUsNode=1 MinMemoryNode=23000M MinTmpDiskNode=0
   Features=(null) DelayBoot=00:00:00
   OverSubscribe=NO Contiguous=0 Licenses=(null) Network=(null)
   Command=/home/users/mschpc/2019/zuoy/HPC/NeuralNetwork/parallel/scripts/script_HJBLQ_d100_b1_n32.sh
   WorkDir=/home/users/mschpc/2019/zuoy/HPC/NeuralNetwork/parallel
   StdErr=/home/users/mschpc/2019/zuoy/HPC/NeuralNetwork/parallel/output/slurm-22208.out
   StdIn=/dev/null
   StdOut=/home/users/mschpc/2019/zuoy/HPC/NeuralNetwork/parallel/output/slurm-22208.out
   Power=
   NtasksPerTRES:0


Disk quota details:
===================

Quota Type           Name  Filesystem     Usage in MB     Limit in MB    % Used
-------------------------------------------------------------------------------
USER                 zuoy       /home             116          51,200     0.23%

GROUP              mschpc   /projects             999          51,200     1.95%
GROUP          pi-dgolden   /projects               0          51,200     0.00%


SLURM Bank Statement:
=====================

User           Usage |        Account     Usage | Account Limit Available (CPU hrs)
---------- --------- + -------------- --------- + ------------- ---------
zuoy          14,724 |   HPC_21_01207    14,724 |       100,000    85,276


Acknowledgements:
=================

Note that usage of TCHPC Resources *must* be acknowledged in all publications.

Please see this page for details relevant to this cluster:

http://www.tchpc.tcd.ie/resources/acknowledgementpolicy

################################################################################
