Parallel Mode: Master-Slave
Dimension: 200
Total time: 1
Number of time intervals: 40
Learning rate: 0.01
y_init_range: 40, 50
Number of neurons in each hidden layer of each subnet: 110, 110, 
Epochs: 1000
Batch size: 1
Sample size: 256
Logging frequency: 100
Model name: pricing_default_risk_parallel_
Number of processors: 32


Training:
Epoch:100
In training set, loss: 2028.59, Y0: 53.4114

Epoch:200
In training set, loss: 1705.76, Y0: 53.4251

Epoch:300
In training set, loss: 1500.25, Y0: 53.431

Epoch:400
In training set, loss: 1355.42, Y0: 53.4363

Epoch:500
In training set, loss: 1246.61, Y0: 53.4408

Epoch:600
In training set, loss: 1160.43, Y0: 53.445

Epoch:700
In training set, loss: 1089.35, Y0: 53.4484

Epoch:800
In training set, loss: 1029.19, Y0: 53.4517

Epoch:900
In training set, loss: 976.985, Y0: 53.4541

Epoch:1000
In training set, loss: 931.068, Y0: 53.4566



###############################################################################
TCHPC Cluster: kelvin
Job 21240 (BSDE_job_4_procs) for User 'zuoy' in Account 'hpc_21_01207'
Finished at: Thu Nov 18 13:30:04 GMT 2021

Job efficiency estimates:
=========================

Job ID: 21240
Cluster: kelvin
User/Group: zuoy/zuoy
State: COMPLETED (exit code 0)
Nodes: 3
Cores per node: 12
CPU Utilized: 01:23:20
CPU Efficiency: 30.13% of 04:36:36 core-walltime
Job Wall-clock time: 00:07:41
Memory Utilized: 788.70 MB
Memory Efficiency: 1.14% of 67.38 GB

Job completion status:
======================

       JobID    JobName AllocCPUS NTasks NNodes     MaxRSS    MaxRSSNode  MaxDiskRead MaxDiskWrite    Elapsed      State ExitCode 
------------ ---------- --------- ------ ------ ---------- ------------- ------------ ------------ ---------- ---------- -------- 
21240        BSDE_job_+        36             3                                                      00:07:41  COMPLETED      0:0 
21240.batch       batch        12      1      1    807624K   kelvin-n002        0.86M        0.01M   00:07:41  COMPLETED      0:0 
21240.0           orted        24      2      2                                                      00:07:40  COMPLETED      0:0 


Job details:
============

JobId=21240 JobName=BSDE_job_4_procs
   UserId=zuoy(1582) GroupId=zuoy(1252) MCS_label=N/A
   Priority=11161192 Nice=0 Account=hpc_21_01207 QOS=normal
   JobState=COMPLETING Reason=None Dependency=(null)
   Requeue=0 Restarts=0 BatchFlag=1 Reboot=0 ExitCode=0:0
   DerivedExitCode=0:0
   RunTime=00:07:41 TimeLimit=23:00:00 TimeMin=N/A
   SubmitTime=2021-11-18T13:11:45 EligibleTime=2021-11-18T13:11:45
   AccrueTime=2021-11-18T13:11:45
   StartTime=2021-11-18T13:22:23 EndTime=2021-11-18T13:30:04 Deadline=N/A
   SuspendTime=None SecsPreSuspend=0 LastSchedEval=2021-11-18T13:22:23
   Partition=compute AllocNode:Sid=kelvin01:5317
   ReqNodeList=(null) ExcNodeList=(null)
   NodeList=kelvin-n[013,044]
   BatchHost=kelvin-n002
   NumNodes=2 NumCPUs=36 NumTasks=32 CPUs/Task=1 ReqB:S:C:T=0:0:*:*
   TRES=cpu=36,mem=69000M,node=3,billing=36
   Socks/Node=* NtasksPerN:B:S:C=0:0:*:* CoreSpec=*
   JOB_GRES=(null)
     Nodes=kelvin-n[002,013,044] CPU_IDs=0-11 Mem=23000 GRES=
   MinCPUsNode=1 MinMemoryNode=23000M MinTmpDiskNode=0
   Features=(null) DelayBoot=00:00:00
   OverSubscribe=NO Contiguous=0 Licenses=(null) Network=(null)
   Command=/home/users/mschpc/2019/zuoy/HPC/NeuralNetwork/parallel/scripts/script_PricingDefaultRisk_d200_b1_n32.sh
   WorkDir=/home/users/mschpc/2019/zuoy/HPC/NeuralNetwork/parallel
   StdErr=/home/users/mschpc/2019/zuoy/HPC/NeuralNetwork/parallel/output/slurm-21240.out
   StdIn=/dev/null
   StdOut=/home/users/mschpc/2019/zuoy/HPC/NeuralNetwork/parallel/output/slurm-21240.out
   Power=
   NtasksPerTRES:0


Disk quota details:
===================

Quota Type           Name  Filesystem     Usage in MB     Limit in MB    % Used
-------------------------------------------------------------------------------
USER                 zuoy       /home             102          51,200     0.20%

GROUP              mschpc   /projects             999          51,200     1.95%
GROUP          pi-dgolden   /projects               0          51,200     0.00%


SLURM Bank Statement:
=====================

User           Usage |        Account     Usage | Account Limit Available (CPU hrs)
---------- --------- + -------------- --------- + ------------- ---------
zuoy           8,761 |   HPC_21_01207     8,761 |       100,000    91,239


Acknowledgements:
=================

Note that usage of TCHPC Resources *must* be acknowledged in all publications.

Please see this page for details relevant to this cluster:

http://www.tchpc.tcd.ie/resources/acknowledgementpolicy

################################################################################
