Parallel Mode: Ring-Allreduce
Dimension: 100
Total time: 1
Number of time intervals: 20
Learning rate: 0.01
y_init_range: 0, 1
Number of neurons in each hidden layer of each subnet: 110, 110, 
Epochs: 3000
Batch size: 1
Sample size: 256
Logging frequency: 100
Model name: HJBLQ_parallel_
Number of processors: 128


Training:
Epoch:100
In training set, loss: 58.1836, Y0: 3.86816

Epoch:200
In training set, loss: 15.0537, Y0: 4.35529

Epoch:300
In training set, loss: 13.0114, Y0: 4.42639

Epoch:400
In training set, loss: 11.8816, Y0: 4.44514

Epoch:500
In training set, loss: 10.9897, Y0: 4.45593

Epoch:600
In training set, loss: 10.2693, Y0: 4.46444

Epoch:700
In training set, loss: 9.67904, Y0: 4.47162

Epoch:800
In training set, loss: 9.18896, Y0: 4.47778

Epoch:900
In training set, loss: 8.77688, Y0: 4.48311

Epoch:1000
In training set, loss: 8.42623, Y0: 4.48775

Epoch:1100
In training set, loss: 8.12452, Y0: 4.49181

Epoch:1200
In training set, loss: 7.8622, Y0: 4.49538

Epoch:1300
In training set, loss: 7.63188, Y0: 4.49853

Epoch:1400
In training set, loss: 7.4278, Y0: 4.50134

Epoch:1500
In training set, loss: 7.24542, Y0: 4.50383

Epoch:1600
In training set, loss: 7.08115, Y0: 4.50607

Epoch:1700
In training set, loss: 6.93207, Y0: 4.50807

Epoch:1800
In training set, loss: 6.79585, Y0: 4.50988

Epoch:1900
In training set, loss: 6.67057, Y0: 4.51152

Epoch:2000
In training set, loss: 6.55468, Y0: 4.51301

Epoch:2100
In training set, loss: 6.44687, Y0: 4.51436

Epoch:2200
In training set, loss: 6.34608, Y0: 4.51559

Epoch:2300
In training set, loss: 6.25141, Y0: 4.51672

Epoch:2400
In training set, loss: 6.16213, Y0: 4.51775

Epoch:2500
In training set, loss: 6.07757, Y0: 4.5187

Epoch:2600
In training set, loss: 5.99722, Y0: 4.51957

Epoch:2700
In training set, loss: 5.9206, Y0: 4.52038

Epoch:2800
In training set, loss: 5.84733, Y0: 4.52113

Epoch:2900
In training set, loss: 5.77707, Y0: 4.52182

Epoch:3000
In training set, loss: 5.70953, Y0: 4.52246



###############################################################################
TCHPC Cluster: kelvin
Job 21487 (BSDE_job_4_procs) for User 'zuoy' in Account 'hpc_21_01207'
Finished at: Thu Nov 18 23:50:53 GMT 2021

Job efficiency estimates:
=========================

Job ID: 21487
Cluster: kelvin
User/Group: zuoy/zuoy
State: COMPLETED (exit code 0)
Nodes: 11
Cores per node: 12
CPU Utilized: 02:04:21
CPU Efficiency: 8.93% of 23:12:36 core-walltime
Job Wall-clock time: 00:10:33
Memory Utilized: 483.11 MB
Memory Efficiency: 0.19% of 247.07 GB

Job completion status:
======================

       JobID    JobName AllocCPUS NTasks NNodes     MaxRSS    MaxRSSNode  MaxDiskRead MaxDiskWrite    Elapsed      State ExitCode 
------------ ---------- --------- ------ ------ ---------- ------------- ------------ ------------ ---------- ---------- -------- 
21487        BSDE_job_+       132            11                                                      00:10:33  COMPLETED      0:0 
21487.batch       batch        12      1      1    494704K   kelvin-n006        0.86M        0.01M   00:10:33  COMPLETED      0:0 
21487.0           orted       120     10     10                                                      00:10:32  COMPLETED      0:0 


Job details:
============

JobId=21487 JobName=BSDE_job_4_procs
   UserId=zuoy(1582) GroupId=zuoy(1252) MCS_label=N/A
   Priority=11089093 Nice=0 Account=hpc_21_01207 QOS=normal
   JobState=COMPLETING Reason=None Dependency=(null)
   Requeue=0 Restarts=0 BatchFlag=1 Reboot=0 ExitCode=0:0
   DerivedExitCode=0:0
   RunTime=00:10:33 TimeLimit=23:00:00 TimeMin=N/A
   SubmitTime=2021-11-18T22:23:03 EligibleTime=2021-11-18T22:23:03
   AccrueTime=2021-11-18T22:23:03
   StartTime=2021-11-18T23:40:20 EndTime=2021-11-18T23:50:53 Deadline=N/A
   SuspendTime=None SecsPreSuspend=0 LastSchedEval=2021-11-18T23:40:20
   Partition=compute AllocNode:Sid=kelvin01:15357
   ReqNodeList=(null) ExcNodeList=(null)
   NodeList=kelvin-n[008,014,022,024,029,032-033,039,041-042]
   BatchHost=kelvin-n006
   NumNodes=10 NumCPUs=132 NumTasks=128 CPUs/Task=1 ReqB:S:C:T=0:0:*:*
   TRES=cpu=132,mem=253000M,node=11,billing=132
   Socks/Node=* NtasksPerN:B:S:C=0:0:*:* CoreSpec=*
   JOB_GRES=(null)
     Nodes=kelvin-n[006,008,014,022,024,029,032-033,039,041-042] CPU_IDs=0-11 Mem=23000 GRES=
   MinCPUsNode=1 MinMemoryNode=23000M MinTmpDiskNode=0
   Features=(null) DelayBoot=00:00:00
   OverSubscribe=NO Contiguous=0 Licenses=(null) Network=(null)
   Command=/home/users/mschpc/2019/zuoy/HPC/NeuralNetwork/parallel/scripts/script_HJBLQ_d100_b1_n128.sh
   WorkDir=/home/users/mschpc/2019/zuoy/HPC/NeuralNetwork/parallel
   StdErr=/home/users/mschpc/2019/zuoy/HPC/NeuralNetwork/parallel/output/slurm-21487.out
   StdIn=/dev/null
   StdOut=/home/users/mschpc/2019/zuoy/HPC/NeuralNetwork/parallel/output/slurm-21487.out
   Power=
   NtasksPerTRES:0


Disk quota details:
===================

Quota Type           Name  Filesystem     Usage in MB     Limit in MB    % Used
-------------------------------------------------------------------------------
USER                 zuoy       /home             103          51,200     0.20%

GROUP              mschpc   /projects             999          51,200     1.95%
GROUP          pi-dgolden   /projects               0          51,200     0.00%


SLURM Bank Statement:
=====================

User           Usage |        Account     Usage | Account Limit Available (CPU hrs)
---------- --------- + -------------- --------- + ------------- ---------
zuoy           9,387 |   HPC_21_01207     9,387 |       100,000    90,613


Acknowledgements:
=================

Note that usage of TCHPC Resources *must* be acknowledged in all publications.

Please see this page for details relevant to this cluster:

http://www.tchpc.tcd.ie/resources/acknowledgementpolicy

################################################################################
