Parallel Mode: Ring-Allreduce
Dimension: 100
Total time: 1
Number of time intervals: 20
Learning rate: 0.01
y_init_range: 0, 1
Number of neurons in each hidden layer of each subnet: 110, 110, 
Epochs: 1000
Batch size: 1
Sample size: 1024
Logging frequency: 100
Model name: HJBLQ_parallel_
Number of processors: 4


Training:
Epoch:100
In training set, loss: 23.3607, Y0: 4.53257

Epoch:200
In training set, loss: 16.487, Y0: 4.53564

Epoch:300
In training set, loss: 11.9149, Y0: 4.53769

Epoch:400
In training set, loss: 8.789, Y0: 4.53909

Epoch:500
In training set, loss: 6.59841, Y0: 4.54005

Epoch:600
In training set, loss: 5.02924, Y0: 4.54071

Epoch:700
In training set, loss: 3.88324, Y0: 4.54117

Epoch:800
In training set, loss: 3.03202, Y0: 4.54148

Epoch:900
In training set, loss: 2.39032, Y0: 4.54169

Epoch:1000
In training set, loss: 1.90029, Y0: 4.54183



###############################################################################
TCHPC Cluster: kelvin
Job 22199 (BSDE_job_4_procs) for User 'zuoy' in Account 'hpc_21_01207'
Finished at: Sat Nov 20 23:36:12 GMT 2021

Job efficiency estimates:
=========================

Job ID: 22199
Cluster: kelvin
User/Group: zuoy/zuoy
State: COMPLETED (exit code 0)
Nodes: 1
Cores per node: 12
CPU Utilized: 00:48:32
CPU Efficiency: 33.24% of 02:26:00 core-walltime
Job Wall-clock time: 00:12:10
Memory Utilized: 212.97 MB
Memory Efficiency: 0.93% of 22.46 GB

Job completion status:
======================

       JobID    JobName AllocCPUS NTasks NNodes     MaxRSS    MaxRSSNode  MaxDiskRead MaxDiskWrite    Elapsed      State ExitCode 
------------ ---------- --------- ------ ------ ---------- ------------- ------------ ------------ ---------- ---------- -------- 
22199        BSDE_job_+        12             1                                                      00:12:10  COMPLETED      0:0 
22199.batch       batch        12      1      1    218080K   kelvin-n058        0.86M        0.01M   00:12:10  COMPLETED      0:0 


Job details:
============

JobId=22199 JobName=BSDE_job_4_procs
   UserId=zuoy(1582) GroupId=zuoy(1252) MCS_label=N/A
   Priority=11236881 Nice=0 Account=hpc_21_01207 QOS=normal
   JobState=COMPLETING Reason=None Dependency=(null)
   Requeue=0 Restarts=0 BatchFlag=1 Reboot=0 ExitCode=0:0
   DerivedExitCode=0:0
   RunTime=00:12:10 TimeLimit=23:00:00 TimeMin=N/A
   SubmitTime=2021-11-20T16:57:15 EligibleTime=2021-11-20T16:57:15
   AccrueTime=2021-11-20T16:57:15
   StartTime=2021-11-20T23:24:02 EndTime=2021-11-20T23:36:12 Deadline=N/A
   SuspendTime=None SecsPreSuspend=0 LastSchedEval=2021-11-20T23:24:02
   Partition=compute AllocNode:Sid=kelvin01:32460
   ReqNodeList=(null) ExcNodeList=(null)
   NodeList=
   BatchHost=kelvin-n058
   NumNodes=1 NumCPUs=12 NumTasks=4 CPUs/Task=1 ReqB:S:C:T=0:0:*:*
   TRES=cpu=12,mem=23000M,node=1,billing=12
   Socks/Node=* NtasksPerN:B:S:C=0:0:*:* CoreSpec=*
   JOB_GRES=(null)
     Nodes=kelvin-n058 CPU_IDs=0-11 Mem=23000 GRES=
   MinCPUsNode=1 MinMemoryNode=23000M MinTmpDiskNode=0
   Features=(null) DelayBoot=00:00:00
   OverSubscribe=NO Contiguous=0 Licenses=(null) Network=(null)
   Command=/home/users/mschpc/2019/zuoy/HPC/NeuralNetwork/parallel/scripts/script_HJBLQ_d100_b1_n4.sh
   WorkDir=/home/users/mschpc/2019/zuoy/HPC/NeuralNetwork/parallel
   StdErr=/home/users/mschpc/2019/zuoy/HPC/NeuralNetwork/parallel/output/slurm-22199.out
   StdIn=/dev/null
   StdOut=/home/users/mschpc/2019/zuoy/HPC/NeuralNetwork/parallel/output/slurm-22199.out
   Power=
   NtasksPerTRES:0


Disk quota details:
===================

Quota Type           Name  Filesystem     Usage in MB     Limit in MB    % Used
-------------------------------------------------------------------------------
USER                 zuoy       /home             117          51,200     0.23%

GROUP              mschpc   /projects             999          51,200     1.95%
GROUP          pi-dgolden   /projects               0          51,200     0.00%


SLURM Bank Statement:
=====================

User           Usage |        Account     Usage | Account Limit Available (CPU hrs)
---------- --------- + -------------- --------- + ------------- ---------
zuoy          14,786 |   HPC_21_01207    14,786 |       100,000    85,214


Acknowledgements:
=================

Note that usage of TCHPC Resources *must* be acknowledged in all publications.

Please see this page for details relevant to this cluster:

http://www.tchpc.tcd.ie/resources/acknowledgementpolicy

################################################################################
