Parallel Mode: Ring-Allreduce
Dimension: 100
Total time: 1
Number of time intervals: 40
Learning rate: 0.01
y_init_range: 40, 50
Number of neurons in each hidden layer of each subnet: 110, 110, 
Epochs: 1000
Batch size: 64
Sample size: 256
Logging frequency: 100
Model name: pricing_default_risk_parallel_
Number of processors: 8


Training:
Epoch:100
In training set, loss: 2885.54, Y0: 56.5886

Epoch:200
In training set, loss: 2665.56, Y0: 56.9983

Epoch:300
In training set, loss: 2503.97, Y0: 57.0141

Epoch:400
In training set, loss: 2370.85, Y0: 57.0191

Epoch:500
In training set, loss: 2259.48, Y0: 57.0238

Epoch:600
In training set, loss: 2164.49, Y0: 57.0282

Epoch:700
In training set, loss: 2081.98, Y0: 57.0323

Epoch:800
In training set, loss: 2009.05, Y0: 57.0359

Epoch:900
In training set, loss: 1944.3, Y0: 57.0391

Epoch:1000
In training set, loss: 1885.88, Y0: 57.0417



###############################################################################
TCHPC Cluster: kelvin
Job 24108 (BSDE_job_4_procs) for User 'zuoy' in Account 'hpc_21_01207'
Finished at: Thu Nov 25 17:56:55 GMT 2021

Job efficiency estimates:
=========================

Job ID: 24108
Cluster: kelvin
User/Group: zuoy/zuoy
State: RUNNING
Nodes: 1
Cores per node: 12
CPU Utilized: 00:40:16
CPU Efficiency: 66.23% of 01:00:48 core-walltime
Job Wall-clock time: 00:05:04
Memory Utilized: 411.34 MB
Memory Efficiency: 1.79% of 22.46 GB
WARNING: Efficiency statistics may be misleading for RUNNING jobs.

Job completion status:
======================

       JobID    JobName AllocCPUS NTasks NNodes     MaxRSS    MaxRSSNode  MaxDiskRead MaxDiskWrite    Elapsed      State ExitCode 
------------ ---------- --------- ------ ------ ---------- ------------- ------------ ------------ ---------- ---------- -------- 
24108        BSDE_job_+        12             1                                                      00:05:04  COMPLETED      0:0 
24108.batch       batch        12      1      1    421216K   kelvin-n084        0.86M        0.01M   00:05:04  COMPLETED      0:0 


Job details:
============

JobId=24108 JobName=BSDE_job_4_procs
   UserId=zuoy(1582) GroupId=zuoy(1252) MCS_label=N/A
   Priority=10580594 Nice=0 Account=hpc_21_01207 QOS=normal
   JobState=COMPLETING Reason=None Dependency=(null)
   Requeue=0 Restarts=0 BatchFlag=1 Reboot=0 ExitCode=0:0
   DerivedExitCode=0:0
   RunTime=00:05:04 TimeLimit=23:00:00 TimeMin=N/A
   SubmitTime=2021-11-25T15:00:38 EligibleTime=2021-11-25T15:00:38
   AccrueTime=2021-11-25T15:00:38
   StartTime=2021-11-25T17:51:51 EndTime=2021-11-25T17:56:55 Deadline=N/A
   SuspendTime=None SecsPreSuspend=0 LastSchedEval=2021-11-25T17:51:51
   Partition=compute AllocNode:Sid=kelvin01:17031
   ReqNodeList=(null) ExcNodeList=(null)
   NodeList=
   BatchHost=kelvin-n084
   NumNodes=1 NumCPUs=12 NumTasks=8 CPUs/Task=1 ReqB:S:C:T=0:0:*:*
   TRES=cpu=12,mem=23000M,node=1,billing=12
   Socks/Node=* NtasksPerN:B:S:C=0:0:*:* CoreSpec=*
   JOB_GRES=(null)
     Nodes=kelvin-n084 CPU_IDs=0-11 Mem=23000 GRES=
   MinCPUsNode=1 MinMemoryNode=23000M MinTmpDiskNode=0
   Features=(null) DelayBoot=00:00:00
   OverSubscribe=NO Contiguous=0 Licenses=(null) Network=(null)
   Command=/home/users/mschpc/2019/zuoy/HPC/NeuralNetwork/parallel/scripts/script_PricingDefaultRisk_d100_b64_n8.sh
   WorkDir=/home/users/mschpc/2019/zuoy/HPC/NeuralNetwork/parallel
   StdErr=/home/users/mschpc/2019/zuoy/HPC/NeuralNetwork/parallel/output/slurm-24108.out
   StdIn=/dev/null
   StdOut=/home/users/mschpc/2019/zuoy/HPC/NeuralNetwork/parallel/output/slurm-24108.out
   Power=
   NtasksPerTRES:0


Disk quota details:
===================

Quota Type           Name  Filesystem     Usage in MB     Limit in MB    % Used
-------------------------------------------------------------------------------
USER                 zuoy       /home             147          51,200     0.29%

GROUP              mschpc   /projects             999          51,200     1.95%
GROUP          pi-dgolden   /projects               0          51,200     0.00%


SLURM Bank Statement:
=====================

User           Usage |        Account     Usage | Account Limit Available (CPU hrs)
---------- --------- + -------------- --------- + ------------- ---------
zuoy          28,938 |   HPC_21_01207    28,938 |       100,000    71,062


Acknowledgements:
=================

Note that usage of TCHPC Resources *must* be acknowledged in all publications.

Please see this page for details relevant to this cluster:

http://www.tchpc.tcd.ie/resources/acknowledgementpolicy

################################################################################
