Parallel Mode: Ring-Allreduce
Dimension: 500
Total time: 1
Number of time intervals: 40
Learning rate: 0.01
y_init_range: 40, 50
Number of neurons in each hidden layer of each subnet: 110, 110, 
Epochs: 1000
Batch size: 64
Sample size: 256
Logging frequency: 100
Model name: pricing_default_risk_parallel_
Number of processors: 128


Training:
Epoch:100
In training set, loss: 14754.5, Y0: 40.3137

Epoch:200
In training set, loss: 13890.7, Y0: 40.6163

Epoch:300
In training set, loss: 13086.9, Y0: 40.9084

Epoch:400
In training set, loss: 12338.4, Y0: 41.1902

Epoch:500
In training set, loss: 11641.3, Y0: 41.4621

Epoch:600
In training set, loss: 10991.7, Y0: 41.7246

Epoch:700
In training set, loss: 10386.3, Y0: 41.9779

Epoch:800
In training set, loss: 9822.08, Y0: 42.2223

Epoch:900
In training set, loss: 9296.37, Y0: 42.4582

Epoch:1000
In training set, loss: 8806.4, Y0: 42.6859



###############################################################################
TCHPC Cluster: kelvin
Job 22377 (BSDE_job_4_procs) for User 'zuoy' in Account 'hpc_21_01207'
Finished at: Sun Nov 21 03:19:41 GMT 2021

Job efficiency estimates:
=========================

Job ID: 22377
Cluster: kelvin
User/Group: zuoy/zuoy
State: COMPLETED (exit code 0)
Nodes: 11
Cores per node: 12
CPU Utilized: 02:00:47
CPU Efficiency: 8.94% of 22:30:48 core-walltime
Job Wall-clock time: 00:10:14
Memory Utilized: 1.46 GB
Memory Efficiency: 0.59% of 247.07 GB

Job completion status:
======================

       JobID    JobName AllocCPUS NTasks NNodes     MaxRSS    MaxRSSNode  MaxDiskRead MaxDiskWrite    Elapsed      State ExitCode 
------------ ---------- --------- ------ ------ ---------- ------------- ------------ ------------ ---------- ---------- -------- 
22377        BSDE_job_+       132            11                                                      00:10:14  COMPLETED      0:0 
22377.batch       batch        12      1      1   1529676K   kelvin-n011        0.86M        0.01M   00:10:14  COMPLETED      0:0 
22377.0           orted       120     10     10                                                      00:10:12  COMPLETED      0:0 


Job details:
============

JobId=22377 JobName=BSDE_job_4_procs
   UserId=zuoy(1582) GroupId=zuoy(1252) MCS_label=N/A
   Priority=11040365 Nice=0 Account=hpc_21_01207 QOS=normal
   JobState=COMPLETING Reason=None Dependency=(null)
   Requeue=0 Restarts=0 BatchFlag=1 Reboot=0 ExitCode=0:0
   DerivedExitCode=0:0
   RunTime=00:10:14 TimeLimit=23:00:00 TimeMin=N/A
   SubmitTime=2021-11-21T01:39:31 EligibleTime=2021-11-21T01:39:31
   AccrueTime=2021-11-21T01:39:31
   StartTime=2021-11-21T03:09:27 EndTime=2021-11-21T03:19:41 Deadline=N/A
   SuspendTime=None SecsPreSuspend=0 LastSchedEval=2021-11-21T03:09:27
   Partition=compute AllocNode:Sid=kelvin01:32460
   ReqNodeList=(null) ExcNodeList=(null)
   NodeList=kelvin-n[024,029,032,048,082,084,086,090-092]
   BatchHost=kelvin-n011
   NumNodes=10 NumCPUs=132 NumTasks=128 CPUs/Task=1 ReqB:S:C:T=0:0:*:*
   TRES=cpu=132,mem=253000M,node=11,billing=132
   Socks/Node=* NtasksPerN:B:S:C=0:0:*:* CoreSpec=*
   JOB_GRES=(null)
     Nodes=kelvin-n[011,024,029,032,048,082,084,086,090-092] CPU_IDs=0-11 Mem=23000 GRES=
   MinCPUsNode=1 MinMemoryNode=23000M MinTmpDiskNode=0
   Features=(null) DelayBoot=00:00:00
   OverSubscribe=NO Contiguous=0 Licenses=(null) Network=(null)
   Command=/home/users/mschpc/2019/zuoy/HPC/NeuralNetwork/parallel/scripts/script_PricingDefaultRisk_d500_b64_n128.sh
   WorkDir=/home/users/mschpc/2019/zuoy/HPC/NeuralNetwork/parallel
   StdErr=/home/users/mschpc/2019/zuoy/HPC/NeuralNetwork/parallel/output/slurm-22377.out
   StdIn=/dev/null
   StdOut=/home/users/mschpc/2019/zuoy/HPC/NeuralNetwork/parallel/output/slurm-22377.out
   Power=
   NtasksPerTRES:0


Disk quota details:
===================

Quota Type           Name  Filesystem     Usage in MB     Limit in MB    % Used
-------------------------------------------------------------------------------
USER                 zuoy       /home             118          51,200     0.23%

GROUP              mschpc   /projects             999          51,200     1.95%
GROUP          pi-dgolden   /projects               0          51,200     0.00%


SLURM Bank Statement:
=====================

User           Usage |        Account     Usage | Account Limit Available (CPU hrs)
---------- --------- + -------------- --------- + ------------- ---------
zuoy          15,560 |   HPC_21_01207    15,560 |       100,000    84,440


Acknowledgements:
=================

Note that usage of TCHPC Resources *must* be acknowledged in all publications.

Please see this page for details relevant to this cluster:

http://www.tchpc.tcd.ie/resources/acknowledgementpolicy

################################################################################
