Parallel Mode: Ring-Allreduce
Dimension: 100
Total time: 0.2
Number of time intervals: 20
Learning rate: 0.0005
y_init_range: 0.3, 0.5
Number of neurons in each hidden layer of each subnet: 110, 110, 
Epochs: 4000
Batch size: 1
Sample size: 256
Logging frequency: 100
Model name: AllenCahn_parallel_
Number of processors: 64


Training:
Epoch:100
In training set, loss: 5.16218, Y0: 0.267887

Epoch:200
In training set, loss: 4.18587, Y0: 0.24042

Epoch:300
In training set, loss: 3.46506, Y0: 0.216828

Epoch:400
In training set, loss: 2.92936, Y0: 0.1965

Epoch:500
In training set, loss: 2.52915, Y0: 0.178942

Epoch:600
In training set, loss: 2.22891, Y0: 0.163748

Epoch:700
In training set, loss: 2.0029, Y0: 0.150581

Epoch:800
In training set, loss: 1.83224, Y0: 0.139158

Epoch:900
In training set, loss: 1.70303, Y0: 0.129239

Epoch:1000
In training set, loss: 1.60494, Y0: 0.12062

Epoch:1100
In training set, loss: 1.53028, Y0: 0.113126

Epoch:1200
In training set, loss: 1.47328, Y0: 0.106608

Epoch:1300
In training set, loss: 1.42961, Y0: 0.100937

Epoch:1400
In training set, loss: 1.39602, Y0: 0.0960009

Epoch:1500
In training set, loss: 1.37006, Y0: 0.0917036

Epoch:1600
In training set, loss: 1.34988, Y0: 0.0879621

Epoch:1700
In training set, loss: 1.33408, Y0: 0.0847038

Epoch:1800
In training set, loss: 1.32161, Y0: 0.0818662

Epoch:1900
In training set, loss: 1.31166, Y0: 0.0793948

Epoch:2000
In training set, loss: 1.30362, Y0: 0.0772421

Epoch:2100
In training set, loss: 1.29703, Y0: 0.0753668

Epoch:2200
In training set, loss: 1.29156, Y0: 0.0737335

Epoch:2300
In training set, loss: 1.28693, Y0: 0.0723107

Epoch:2400
In training set, loss: 1.28293, Y0: 0.0710713

Epoch:2500
In training set, loss: 1.27943, Y0: 0.0699919

Epoch:2600
In training set, loss: 1.27631, Y0: 0.0690519

Epoch:2700
In training set, loss: 1.27346, Y0: 0.0682333

Epoch:2800
In training set, loss: 1.27084, Y0: 0.0675205

Epoch:2900
In training set, loss: 1.26839, Y0: 0.0668999

Epoch:3000
In training set, loss: 1.26606, Y0: 0.0663597

Epoch:3100
In training set, loss: 1.26384, Y0: 0.0658895

Epoch:3200
In training set, loss: 1.26169, Y0: 0.0654805

Epoch:3300
In training set, loss: 1.25961, Y0: 0.0651248

Epoch:3400
In training set, loss: 1.25757, Y0: 0.0648154

Epoch:3500
In training set, loss: 1.25558, Y0: 0.0645464

Epoch:3600
In training set, loss: 1.25361, Y0: 0.0643127

Epoch:3700
In training set, loss: 1.25167, Y0: 0.0641098

Epoch:3800
In training set, loss: 1.24976, Y0: 0.0639337

Epoch:3900
In training set, loss: 1.24786, Y0: 0.0637809

Epoch:4000
In training set, loss: 1.24597, Y0: 0.0636485



###############################################################################
TCHPC Cluster: kelvin
Job 21504 (BSDE_job_4_procs) for User 'zuoy' in Account 'hpc_21_01207'
Finished at: Fri Nov 19 01:50:24 GMT 2021

Job efficiency estimates:
=========================

Job ID: 21504
Cluster: kelvin
User/Group: zuoy/zuoy
State: COMPLETED (exit code 0)
Nodes: 6
Cores per node: 12
CPU Utilized: 01:38:43
CPU Efficiency: 15.15% of 10:51:36 core-walltime
Job Wall-clock time: 00:09:03
Memory Utilized: 444.04 MB
Memory Efficiency: 0.32% of 134.77 GB

Job completion status:
======================

       JobID    JobName AllocCPUS NTasks NNodes     MaxRSS    MaxRSSNode  MaxDiskRead MaxDiskWrite    Elapsed      State ExitCode 
------------ ---------- --------- ------ ------ ---------- ------------- ------------ ------------ ---------- ---------- -------- 
21504        BSDE_job_+        72             6                                                      00:09:03  COMPLETED      0:0 
21504.batch       batch        12      1      1    454696K   kelvin-n029        0.86M        0.01M   00:09:03  COMPLETED      0:0 
21504.0           orted        60      5      5                                                      00:09:02  COMPLETED      0:0 


Job details:
============

JobId=21504 JobName=BSDE_job_4_procs
   UserId=zuoy(1582) GroupId=zuoy(1252) MCS_label=N/A
   Priority=11146147 Nice=0 Account=hpc_21_01207 QOS=normal
   JobState=COMPLETING Reason=None Dependency=(null)
   Requeue=0 Restarts=0 BatchFlag=1 Reboot=0 ExitCode=0:0
   DerivedExitCode=0:0
   RunTime=00:09:03 TimeLimit=23:00:00 TimeMin=N/A
   SubmitTime=2021-11-18T22:23:06 EligibleTime=2021-11-18T22:23:06
   AccrueTime=2021-11-18T22:23:06
   StartTime=2021-11-19T01:41:21 EndTime=2021-11-19T01:50:24 Deadline=N/A
   SuspendTime=None SecsPreSuspend=0 LastSchedEval=2021-11-19T01:41:21
   Partition=compute AllocNode:Sid=kelvin01:15357
   ReqNodeList=(null) ExcNodeList=(null)
   NodeList=kelvin-n[032-033,039,041-042]
   BatchHost=kelvin-n029
   NumNodes=5 NumCPUs=72 NumTasks=64 CPUs/Task=1 ReqB:S:C:T=0:0:*:*
   TRES=cpu=72,mem=138000M,node=6,billing=72
   Socks/Node=* NtasksPerN:B:S:C=0:0:*:* CoreSpec=*
   JOB_GRES=(null)
     Nodes=kelvin-n[029,032-033,039,041-042] CPU_IDs=0-11 Mem=23000 GRES=
   MinCPUsNode=1 MinMemoryNode=23000M MinTmpDiskNode=0
   Features=(null) DelayBoot=00:00:00
   OverSubscribe=NO Contiguous=0 Licenses=(null) Network=(null)
   Command=/home/users/mschpc/2019/zuoy/HPC/NeuralNetwork/parallel/scripts/script_AllenCahn_d300_b1_n64.sh
   WorkDir=/home/users/mschpc/2019/zuoy/HPC/NeuralNetwork/parallel
   StdErr=/home/users/mschpc/2019/zuoy/HPC/NeuralNetwork/parallel/output/slurm-21504.out
   StdIn=/dev/null
   StdOut=/home/users/mschpc/2019/zuoy/HPC/NeuralNetwork/parallel/output/slurm-21504.out
   Power=
   NtasksPerTRES:0


Disk quota details:
===================

Quota Type           Name  Filesystem     Usage in MB     Limit in MB    % Used
-------------------------------------------------------------------------------
USER                 zuoy       /home             104          51,200     0.20%

GROUP              mschpc   /projects             999          51,200     1.95%
GROUP          pi-dgolden   /projects               0          51,200     0.00%


SLURM Bank Statement:
=====================

User           Usage |        Account     Usage | Account Limit Available (CPU hrs)
---------- --------- + -------------- --------- + ------------- ---------
zuoy           9,560 |   HPC_21_01207     9,560 |       100,000    90,440


Acknowledgements:
=================

Note that usage of TCHPC Resources *must* be acknowledged in all publications.

Please see this page for details relevant to this cluster:

http://www.tchpc.tcd.ie/resources/acknowledgementpolicy

################################################################################
