Parallel Mode: Ring-Allreduce
Dimension: 100
Total time: 1
Number of time intervals: 40
Learning rate: 0.01
y_init_range: 40, 50
Number of neurons in each hidden layer of each subnet: 110, 110, 
Epochs: 1000
Batch size: 64
Sample size: 256
Logging frequency: 100
Model name: pricing_default_risk_parallel_
Number of processors: 16


Training:
Epoch:100
In training set, loss: 2471.15, Y0: 56.7748

Epoch:200
In training set, loss: 2294.56, Y0: 57.2005

Epoch:300
In training set, loss: 2165.85, Y0: 57.2238

Epoch:400
In training set, loss: 2057.88, Y0: 57.2366

Epoch:500
In training set, loss: 1965.3, Y0: 57.2486

Epoch:600
In training set, loss: 1884.84, Y0: 57.2604

Epoch:700
In training set, loss: 1814.48, Y0: 57.2714

Epoch:800
In training set, loss: 1751.99, Y0: 57.282

Epoch:900
In training set, loss: 1695.93, Y0: 57.292

Epoch:1000
In training set, loss: 1644.76, Y0: 57.3015



###############################################################################
TCHPC Cluster: kelvin
Job 23996 (BSDE_job_4_procs) for User 'zuoy' in Account 'hpc_21_01207'
Finished at: Thu Nov 25 13:20:45 GMT 2021

Job efficiency estimates:
=========================

Job ID: 23996
Cluster: kelvin
User/Group: zuoy/zuoy
State: COMPLETED (exit code 0)
Nodes: 2
Cores per node: 12
CPU Utilized: 00:27:26
CPU Efficiency: 32.66% of 01:24:00 core-walltime
Job Wall-clock time: 00:03:30
Memory Utilized: 421.92 MB
Memory Efficiency: 0.92% of 44.92 GB

Job completion status:
======================

       JobID    JobName AllocCPUS NTasks NNodes     MaxRSS    MaxRSSNode  MaxDiskRead MaxDiskWrite    Elapsed      State ExitCode 
------------ ---------- --------- ------ ------ ---------- ------------- ------------ ------------ ---------- ---------- -------- 
23996        BSDE_job_+        24             2                                                      00:03:30  COMPLETED      0:0 
23996.batch       batch        12      1      1    432048K   kelvin-n066        0.86M        0.01M   00:03:30  COMPLETED      0:0 
23996.0           orted        12      1      1                                                      00:03:28  COMPLETED      0:0 


Job details:
============

JobId=23996 JobName=BSDE_job_4_procs
   UserId=zuoy(1582) GroupId=zuoy(1252) MCS_label=N/A
   Priority=10540491 Nice=0 Account=hpc_21_01207 QOS=normal
   JobState=COMPLETING Reason=None Dependency=(null)
   Requeue=0 Restarts=0 BatchFlag=1 Reboot=0 ExitCode=0:0
   DerivedExitCode=0:0
   RunTime=00:03:30 TimeLimit=23:00:00 TimeMin=N/A
   SubmitTime=2021-11-25T11:47:40 EligibleTime=2021-11-25T11:47:40
   AccrueTime=2021-11-25T11:47:40
   StartTime=2021-11-25T13:17:15 EndTime=2021-11-25T13:20:45 Deadline=N/A
   SuspendTime=None SecsPreSuspend=0 LastSchedEval=2021-11-25T13:17:15
   Partition=compute AllocNode:Sid=kelvin01:17031
   ReqNodeList=(null) ExcNodeList=(null)
   NodeList=kelvin-n068
   BatchHost=kelvin-n066
   NumNodes=1 NumCPUs=24 NumTasks=16 CPUs/Task=1 ReqB:S:C:T=0:0:*:*
   TRES=cpu=24,mem=46000M,node=2,billing=24
   Socks/Node=* NtasksPerN:B:S:C=0:0:*:* CoreSpec=*
   JOB_GRES=(null)
     Nodes=kelvin-n[066,068] CPU_IDs=0-11 Mem=23000 GRES=
   MinCPUsNode=1 MinMemoryNode=23000M MinTmpDiskNode=0
   Features=(null) DelayBoot=00:00:00
   OverSubscribe=NO Contiguous=0 Licenses=(null) Network=(null)
   Command=/home/users/mschpc/2019/zuoy/HPC/NeuralNetwork/parallel/scripts/script_PricingDefaultRisk_d100_b64_n16.sh
   WorkDir=/home/users/mschpc/2019/zuoy/HPC/NeuralNetwork/parallel
   StdErr=/home/users/mschpc/2019/zuoy/HPC/NeuralNetwork/parallel/output/slurm-23996.out
   StdIn=/dev/null
   StdOut=/home/users/mschpc/2019/zuoy/HPC/NeuralNetwork/parallel/output/slurm-23996.out
   Power=
   NtasksPerTRES:0


Disk quota details:
===================

Quota Type           Name  Filesystem     Usage in MB     Limit in MB    % Used
-------------------------------------------------------------------------------
USER                 zuoy       /home             146          51,200     0.29%

GROUP              mschpc   /projects             999          51,200     1.95%
GROUP          pi-dgolden   /projects               0          51,200     0.00%


SLURM Bank Statement:
=====================

User           Usage |        Account     Usage | Account Limit Available (CPU hrs)
---------- --------- + -------------- --------- + ------------- ---------
zuoy          28,420 |   HPC_21_01207    28,420 |       100,000    71,580


Acknowledgements:
=================

Note that usage of TCHPC Resources *must* be acknowledged in all publications.

Please see this page for details relevant to this cluster:

http://www.tchpc.tcd.ie/resources/acknowledgementpolicy

################################################################################
