Parallel Mode: Master-Slave
Dimension: 200
Total time: 0.3
Number of time intervals: 20
Learning rate: 0.0005
y_init_range: 0.3, 0.5
Number of neurons in each hidden layer of each subnet: 110, 110, 
Epochs: 4000
Batch size: 1
Sample size: 256
Logging frequency: 100
Model name: AllenCahn_parallel_
Number of processors: 64


Training:
Epoch:100
In training set, loss: 5.62774, Y0: 0.268031

Epoch:200
In training set, loss: 4.61571, Y0: 0.240229

Epoch:300
In training set, loss: 3.84073, Y0: 0.215918

Epoch:400
In training set, loss: 3.242, Y0: 0.19457

Epoch:500
In training set, loss: 2.77619, Y0: 0.175765

Epoch:600
In training set, loss: 2.41173, Y0: 0.159156

Epoch:700
In training set, loss: 2.1252, Y0: 0.144459

Epoch:800
In training set, loss: 1.89902, Y0: 0.131434

Epoch:900
In training set, loss: 1.71981, Y0: 0.119875

Epoch:1000
In training set, loss: 1.57733, Y0: 0.109609

Epoch:1100
In training set, loss: 1.46365, Y0: 0.100482

Epoch:1200
In training set, loss: 1.37263, Y0: 0.0923632

Epoch:1300
In training set, loss: 1.29948, Y0: 0.0851376

Epoch:1400
In training set, loss: 1.24044, Y0: 0.078704

Epoch:1500
In training set, loss: 1.19257, Y0: 0.0729736

Epoch:1600
In training set, loss: 1.15355, Y0: 0.0678681

Epoch:1700
In training set, loss: 1.12154, Y0: 0.0633181

Epoch:1800
In training set, loss: 1.09511, Y0: 0.0592624

Epoch:1900
In training set, loss: 1.07311, Y0: 0.0556467

Epoch:2000
In training set, loss: 1.05463, Y0: 0.0524228

Epoch:2100
In training set, loss: 1.03895, Y0: 0.0495479

Epoch:2200
In training set, loss: 1.02551, Y0: 0.0469839

Epoch:2300
In training set, loss: 1.01386, Y0: 0.0446969

Epoch:2400
In training set, loss: 1.00363, Y0: 0.042657

Epoch:2500
In training set, loss: 0.994551, Y0: 0.0408373

Epoch:2600
In training set, loss: 0.986383, Y0: 0.0392138

Epoch:2700
In training set, loss: 0.97895, Y0: 0.0377654

Epoch:2800
In training set, loss: 0.972109, Y0: 0.0364731

Epoch:2900
In training set, loss: 0.965746, Y0: 0.0353201

Epoch:3000
In training set, loss: 0.959771, Y0: 0.0342912

Epoch:3100
In training set, loss: 0.95411, Y0: 0.0333731

Epoch:3200
In training set, loss: 0.948707, Y0: 0.0325537

Epoch:3300
In training set, loss: 0.943516, Y0: 0.0318226

Epoch:3400
In training set, loss: 0.9385, Y0: 0.03117

Epoch:3500
In training set, loss: 0.933631, Y0: 0.0305877

Epoch:3600
In training set, loss: 0.928884, Y0: 0.030068

Epoch:3700
In training set, loss: 0.924241, Y0: 0.0296041

Epoch:3800
In training set, loss: 0.919688, Y0: 0.02919

Epoch:3900
In training set, loss: 0.915213, Y0: 0.0288205

Epoch:4000
In training set, loss: 0.910806, Y0: 0.0284906



###############################################################################
TCHPC Cluster: kelvin
Job 21193 (BSDE_job_4_procs) for User 'zuoy' in Account 'hpc_21_01207'
Finished at: Thu Nov 18 03:15:38 GMT 2021

Job efficiency estimates:
=========================

Job ID: 21193
Cluster: kelvin
User/Group: zuoy/zuoy
State: COMPLETED (exit code 0)
Nodes: 6
Cores per node: 12
CPU Utilized: 06:53:16
CPU Efficiency: 15.20% of 1-21:18:00 core-walltime
Job Wall-clock time: 00:37:45
Memory Utilized: 681.26 MB
Memory Efficiency: 0.49% of 134.77 GB

Job completion status:
======================

       JobID    JobName AllocCPUS NTasks NNodes     MaxRSS    MaxRSSNode  MaxDiskRead MaxDiskWrite    Elapsed      State ExitCode 
------------ ---------- --------- ------ ------ ---------- ------------- ------------ ------------ ---------- ---------- -------- 
21193        BSDE_job_+        72             6                                                      00:37:45  COMPLETED      0:0 
21193.batch       batch        12      1      1    697608K   kelvin-n030        0.87M        0.01M   00:37:45  COMPLETED      0:0 
21193.0           orted        60      5      5                                                      00:37:44  COMPLETED      0:0 


Job details:
============

JobId=21193 JobName=BSDE_job_4_procs
   UserId=zuoy(1582) GroupId=zuoy(1252) MCS_label=N/A
   Priority=11353864 Nice=0 Account=hpc_21_01207 QOS=normal
   JobState=COMPLETING Reason=None Dependency=(null)
   Requeue=0 Restarts=0 BatchFlag=1 Reboot=0 ExitCode=0:0
   DerivedExitCode=0:0
   RunTime=00:37:45 TimeLimit=23:00:00 TimeMin=N/A
   SubmitTime=2021-11-17T21:53:39 EligibleTime=2021-11-17T21:53:39
   AccrueTime=2021-11-17T21:53:39
   StartTime=2021-11-18T02:37:53 EndTime=2021-11-18T03:15:38 Deadline=N/A
   SuspendTime=None SecsPreSuspend=0 LastSchedEval=2021-11-18T02:37:53
   Partition=compute AllocNode:Sid=kelvin01:6170
   ReqNodeList=(null) ExcNodeList=(null)
   NodeList=kelvin-n[034,036-038,040]
   BatchHost=kelvin-n030
   NumNodes=5 NumCPUs=72 NumTasks=64 CPUs/Task=1 ReqB:S:C:T=0:0:*:*
   TRES=cpu=72,mem=138000M,node=6,billing=72
   Socks/Node=* NtasksPerN:B:S:C=0:0:*:* CoreSpec=*
   JOB_GRES=(null)
     Nodes=kelvin-n[030,034,036-038,040] CPU_IDs=0-11 Mem=23000 GRES=
   MinCPUsNode=1 MinMemoryNode=23000M MinTmpDiskNode=0
   Features=(null) DelayBoot=00:00:00
   OverSubscribe=NO Contiguous=0 Licenses=(null) Network=(null)
   Command=/home/users/mschpc/2019/zuoy/HPC/NeuralNetwork/parallel/scripts/script_AllenCahn_d200_b1_n64.sh
   WorkDir=/home/users/mschpc/2019/zuoy/HPC/NeuralNetwork/parallel
   StdErr=/home/users/mschpc/2019/zuoy/HPC/NeuralNetwork/parallel/output/slurm-21193.out
   StdIn=/dev/null
   StdOut=/home/users/mschpc/2019/zuoy/HPC/NeuralNetwork/parallel/output/slurm-21193.out
   Power=
   NtasksPerTRES:0


Disk quota details:
===================

Quota Type           Name  Filesystem     Usage in MB     Limit in MB    % Used
-------------------------------------------------------------------------------
USER                 zuoy       /home             103          51,200     0.20%

GROUP              mschpc   /projects             999          51,200     1.95%
GROUP          pi-dgolden   /projects               0          51,200     0.00%


SLURM Bank Statement:
=====================

User           Usage |        Account     Usage | Account Limit Available (CPU hrs)
---------- --------- + -------------- --------- + ------------- ---------
zuoy           7,673 |   HPC_21_01207     7,673 |       100,000    92,327


Acknowledgements:
=================

Note that usage of TCHPC Resources *must* be acknowledged in all publications.

Please see this page for details relevant to this cluster:

http://www.tchpc.tcd.ie/resources/acknowledgementpolicy

################################################################################
