Parallel Mode: Master-Slave
Dimension: 500
Total time: 1
Number of time intervals: 40
Learning rate: 0.01
y_init_range: 40, 50
Number of neurons in each hidden layer of each subnet: 110, 110, 
Epochs: 1000
Batch size: 64
Sample size: 256
Logging frequency: 100
Model name: pricing_default_risk_parallel_
Number of processors: 64


Training:
Epoch:100
In training set, loss: 14428.8, Y0: 40.636

Epoch:200
In training set, loss: 12773, Y0: 41.228

Epoch:300
In training set, loss: 11337.5, Y0: 41.7792

Epoch:400
In training set, loss: 10091.8, Y0: 42.2924

Epoch:500
In training set, loss: 9010.6, Y0: 42.7703

Epoch:600
In training set, loss: 8071.84, Y0: 43.2154

Epoch:700
In training set, loss: 7256.52, Y0: 43.6298

Epoch:800
In training set, loss: 6548.35, Y0: 44.0157

Epoch:900
In training set, loss: 5932.77, Y0: 44.3751

Epoch:1000
In training set, loss: 5397.78, Y0: 44.7098



###############################################################################
TCHPC Cluster: kelvin
Job 23038 (BSDE_job_4_procs) for User 'zuoy' in Account 'hpc_21_01207'
Finished at: Mon Nov 22 09:47:36 GMT 2021

Job efficiency estimates:
=========================

Job ID: 23038
Cluster: kelvin
User/Group: zuoy/zuoy
State: COMPLETED (exit code 0)
Nodes: 6
Cores per node: 12
CPU Utilized: 03:47:17
CPU Efficiency: 15.13% of 1-01:02:24 core-walltime
Job Wall-clock time: 00:20:52
Memory Utilized: 1.43 GB
Memory Efficiency: 1.06% of 134.77 GB

Job completion status:
======================

       JobID    JobName AllocCPUS NTasks NNodes     MaxRSS    MaxRSSNode  MaxDiskRead MaxDiskWrite    Elapsed      State ExitCode 
------------ ---------- --------- ------ ------ ---------- ------------- ------------ ------------ ---------- ---------- -------- 
23038        BSDE_job_+        72             6                                                      00:20:52  COMPLETED      0:0 
23038.batch       batch        12      1      1   1504452K   kelvin-n047        0.86M        0.01M   00:20:52  COMPLETED      0:0 
23038.0           orted        60      5      5                                                      00:20:51  COMPLETED      0:0 


Job details:
============

JobId=23038 JobName=BSDE_job_4_procs
   UserId=zuoy(1582) GroupId=zuoy(1252) MCS_label=N/A
   Priority=10634651 Nice=0 Account=hpc_21_01207 QOS=normal
   JobState=COMPLETING Reason=None Dependency=(null)
   Requeue=0 Restarts=0 BatchFlag=1 Reboot=0 ExitCode=0:0
   DerivedExitCode=0:0
   RunTime=00:20:52 TimeLimit=23:00:00 TimeMin=N/A
   SubmitTime=2021-11-22T04:51:35 EligibleTime=2021-11-22T04:51:35
   AccrueTime=2021-11-22T04:51:35
   StartTime=2021-11-22T09:26:44 EndTime=2021-11-22T09:47:36 Deadline=N/A
   SuspendTime=None SecsPreSuspend=0 LastSchedEval=2021-11-22T09:26:44
   Partition=compute AllocNode:Sid=kelvin01:2449
   ReqNodeList=(null) ExcNodeList=(null)
   NodeList=kelvin-n[048,076-079]
   BatchHost=kelvin-n047
   NumNodes=5 NumCPUs=72 NumTasks=64 CPUs/Task=1 ReqB:S:C:T=0:0:*:*
   TRES=cpu=72,mem=138000M,node=6,billing=72
   Socks/Node=* NtasksPerN:B:S:C=0:0:*:* CoreSpec=*
   JOB_GRES=(null)
     Nodes=kelvin-n[047-048,076-079] CPU_IDs=0-11 Mem=23000 GRES=
   MinCPUsNode=1 MinMemoryNode=23000M MinTmpDiskNode=0
   Features=(null) DelayBoot=00:00:00
   OverSubscribe=NO Contiguous=0 Licenses=(null) Network=(null)
   Command=/home/users/mschpc/2019/zuoy/HPC/NeuralNetwork/parallel/scripts/script_PricingDefaultRisk_d500_b64_n64.sh
   WorkDir=/home/users/mschpc/2019/zuoy/HPC/NeuralNetwork/parallel
   StdErr=/home/users/mschpc/2019/zuoy/HPC/NeuralNetwork/parallel/output/slurm-23038.out
   StdIn=/dev/null
   StdOut=/home/users/mschpc/2019/zuoy/HPC/NeuralNetwork/parallel/output/slurm-23038.out
   Power=
   NtasksPerTRES:0


Disk quota details:
===================

Quota Type           Name  Filesystem     Usage in MB     Limit in MB    % Used
-------------------------------------------------------------------------------
USER                 zuoy       /home             130          51,200     0.26%

GROUP              mschpc   /projects             999          51,200     1.95%
GROUP          pi-dgolden   /projects               0          51,200     0.00%


SLURM Bank Statement:
=====================

User           Usage |        Account     Usage | Account Limit Available (CPU hrs)
---------- --------- + -------------- --------- + ------------- ---------
zuoy          27,112 |   HPC_21_01207    27,112 |       100,000    72,888


Acknowledgements:
=================

Note that usage of TCHPC Resources *must* be acknowledged in all publications.

Please see this page for details relevant to this cluster:

http://www.tchpc.tcd.ie/resources/acknowledgementpolicy

################################################################################
