Parallel Mode: Master-Slave
Dimension: 300
Total time: 1
Number of time intervals: 20
Learning rate: 0.01
y_init_range: 0, 1
Number of neurons in each hidden layer of each subnet: 110, 110, 
Epochs: 1000
Batch size: 64
Sample size: 1024
Logging frequency: 100
Model name: HJBLQ_parallel_
Number of processors: 128


Training:
Epoch:100
In training set, loss: 45.6565, Y0: 5.50389

Epoch:200
In training set, loss: 24.7134, Y0: 5.57084

Epoch:300
In training set, loss: 15.9214, Y0: 5.60741

Epoch:400
In training set, loss: 11.6998, Y0: 5.62975

Epoch:500
In training set, loss: 9.44337, Y0: 5.64435

Epoch:600
In training set, loss: 8.13423, Y0: 5.65438

Epoch:700
In training set, loss: 7.32571, Y0: 5.66153

Epoch:800
In training set, loss: 6.80155, Y0: 5.66677

Epoch:900
In training set, loss: 6.44823, Y0: 5.67071

Epoch:1000
In training set, loss: 6.20215, Y0: 5.67372



###############################################################################
TCHPC Cluster: kelvin
Job 23418 (BSDE_job_4_procs) for User 'zuoy' in Account 'hpc_21_01207'
Finished at: Wed Nov 24 04:04:32 GMT 2021

Job efficiency estimates:
=========================

Job ID: 23418
Cluster: kelvin
User/Group: zuoy/zuoy
State: COMPLETED (exit code 0)
Nodes: 11
Cores per node: 12
CPU Utilized: 02:59:45
CPU Efficiency: 8.98% of 1-09:22:00 core-walltime
Job Wall-clock time: 00:15:10
Memory Utilized: 1.35 GB
Memory Efficiency: 0.55% of 247.07 GB

Job completion status:
======================

       JobID    JobName AllocCPUS NTasks NNodes     MaxRSS    MaxRSSNode  MaxDiskRead MaxDiskWrite    Elapsed      State ExitCode 
------------ ---------- --------- ------ ------ ---------- ------------- ------------ ------------ ---------- ---------- -------- 
23418        BSDE_job_+       132            11                                                      00:15:10  COMPLETED      0:0 
23418.batch       batch        12      1      1   1419356K   kelvin-n022        0.86M        0.01M   00:15:10  COMPLETED      0:0 
23418.0           orted       120     10     10                                                      00:15:09  COMPLETED      0:0 


Job details:
============

JobId=23418 JobName=BSDE_job_4_procs
   UserId=zuoy(1582) GroupId=zuoy(1252) MCS_label=N/A
   Priority=10923149 Nice=0 Account=hpc_21_01207 QOS=normal
   JobState=COMPLETING Reason=None Dependency=(null)
   Requeue=0 Restarts=0 BatchFlag=1 Reboot=0 ExitCode=0:0
   DerivedExitCode=0:0
   RunTime=00:15:10 TimeLimit=23:00:00 TimeMin=N/A
   SubmitTime=2021-11-23T13:38:54 EligibleTime=2021-11-23T13:38:54
   AccrueTime=2021-11-23T13:38:54
   StartTime=2021-11-24T03:49:22 EndTime=2021-11-24T04:04:32 Deadline=N/A
   SuspendTime=None SecsPreSuspend=0 LastSchedEval=2021-11-24T03:49:22
   Partition=compute AllocNode:Sid=kelvin01:24539
   ReqNodeList=(null) ExcNodeList=(null)
   NodeList=kelvin-n[051,054,056,059,061,063-065,070-071]
   BatchHost=kelvin-n022
   NumNodes=10 NumCPUs=132 NumTasks=128 CPUs/Task=1 ReqB:S:C:T=0:0:*:*
   TRES=cpu=132,mem=253000M,node=11,billing=132
   Socks/Node=* NtasksPerN:B:S:C=0:0:*:* CoreSpec=*
   JOB_GRES=(null)
     Nodes=kelvin-n[022,051,054,056,059,061,063-065,070-071] CPU_IDs=0-11 Mem=23000 GRES=
   MinCPUsNode=1 MinMemoryNode=23000M MinTmpDiskNode=0
   Features=(null) DelayBoot=00:00:00
   OverSubscribe=NO Contiguous=0 Licenses=(null) Network=(null)
   Command=/home/users/mschpc/2019/zuoy/HPC/NeuralNetwork/parallel/scripts/script_HJBLQ_d300_b64_n128.sh
   WorkDir=/home/users/mschpc/2019/zuoy/HPC/NeuralNetwork/parallel
   StdErr=/home/users/mschpc/2019/zuoy/HPC/NeuralNetwork/parallel/output/slurm-23418.out
   StdIn=/dev/null
   StdOut=/home/users/mschpc/2019/zuoy/HPC/NeuralNetwork/parallel/output/slurm-23418.out
   Power=
   NtasksPerTRES:0


Disk quota details:
===================

Quota Type           Name  Filesystem     Usage in MB     Limit in MB    % Used
-------------------------------------------------------------------------------
USER                 zuoy       /home             138          51,200     0.27%

GROUP              mschpc   /projects             999          51,200     1.95%
GROUP          pi-dgolden   /projects               0          51,200     0.00%


SLURM Bank Statement:
=====================

User           Usage |        Account     Usage | Account Limit Available (CPU hrs)
---------- --------- + -------------- --------- + ------------- ---------
zuoy          27,927 |   HPC_21_01207    27,927 |       100,000    72,073


Acknowledgements:
=================

Note that usage of TCHPC Resources *must* be acknowledged in all publications.

Please see this page for details relevant to this cluster:

http://www.tchpc.tcd.ie/resources/acknowledgementpolicy

################################################################################
