Parallel Mode: Ring-Allreduce
Dimension: 500
Total time: 1
Number of time intervals: 40
Learning rate: 0.01
y_init_range: 40, 50
Number of neurons in each hidden layer of each subnet: 110, 110, 
Epochs: 1000
Batch size: 1
Sample size: 256
Logging frequency: 100
Model name: pricing_default_risk_parallel_
Number of processors: 32


Training:
Epoch:100
In training set, loss: 968.84, Y0: 49.6646

Epoch:200
In training set, loss: 589.324, Y0: 49.7579

Epoch:300
In training set, loss: 402.216, Y0: 49.8254

Epoch:400
In training set, loss: 296.147, Y0: 49.8747

Epoch:500
In training set, loss: 229.087, Y0: 49.9115

Epoch:600
In training set, loss: 182.995, Y0: 49.9397

Epoch:700
In training set, loss: 149.476, Y0: 49.9617

Epoch:800
In training set, loss: 124.06, Y0: 49.9794

Epoch:900
In training set, loss: 104.196, Y0: 49.9939

Epoch:1000
In training set, loss: 88.3005, Y0: 50.006



###############################################################################
TCHPC Cluster: kelvin
Job 21308 (BSDE_job_4_procs) for User 'zuoy' in Account 'hpc_21_01207'
Finished at: Thu Nov 18 19:35:03 GMT 2021

Job efficiency estimates:
=========================

Job ID: 21308
Cluster: kelvin
User/Group: zuoy/zuoy
State: COMPLETED (exit code 0)
Nodes: 3
Cores per node: 12
CPU Utilized: 02:08:48
CPU Efficiency: 30.28% of 07:05:24 core-walltime
Job Wall-clock time: 00:11:49
Memory Utilized: 1.33 GB
Memory Efficiency: 1.98% of 67.38 GB

Job completion status:
======================

       JobID    JobName AllocCPUS NTasks NNodes     MaxRSS    MaxRSSNode  MaxDiskRead MaxDiskWrite    Elapsed      State ExitCode 
------------ ---------- --------- ------ ------ ---------- ------------- ------------ ------------ ---------- ---------- -------- 
21308        BSDE_job_+        36             3                                                      00:11:49  COMPLETED      0:0 
21308.batch       batch        12      1      1   1397232K   kelvin-n019        0.86M        0.01M   00:11:49  COMPLETED      0:0 
21308.0           orted        24      2      2                                                      00:11:48  COMPLETED      0:0 


Job details:
============

JobId=21308 JobName=BSDE_job_4_procs
   UserId=zuoy(1582) GroupId=zuoy(1252) MCS_label=N/A
   Priority=11204873 Nice=0 Account=hpc_21_01207 QOS=normal
   JobState=COMPLETING Reason=None Dependency=(null)
   Requeue=0 Restarts=0 BatchFlag=1 Reboot=0 ExitCode=0:0
   DerivedExitCode=0:0
   RunTime=00:11:49 TimeLimit=23:00:00 TimeMin=N/A
   SubmitTime=2021-11-18T14:03:09 EligibleTime=2021-11-18T14:03:09
   AccrueTime=2021-11-18T14:03:09
   StartTime=2021-11-18T19:23:14 EndTime=2021-11-18T19:35:03 Deadline=N/A
   SuspendTime=None SecsPreSuspend=0 LastSchedEval=2021-11-18T19:23:14
   Partition=compute AllocNode:Sid=kelvin01:471
   ReqNodeList=(null) ExcNodeList=(null)
   NodeList=kelvin-n[020-021]
   BatchHost=kelvin-n019
   NumNodes=2 NumCPUs=36 NumTasks=32 CPUs/Task=1 ReqB:S:C:T=0:0:*:*
   TRES=cpu=36,mem=69000M,node=3,billing=36
   Socks/Node=* NtasksPerN:B:S:C=0:0:*:* CoreSpec=*
   JOB_GRES=(null)
     Nodes=kelvin-n[019-021] CPU_IDs=0-11 Mem=23000 GRES=
   MinCPUsNode=1 MinMemoryNode=23000M MinTmpDiskNode=0
   Features=(null) DelayBoot=00:00:00
   OverSubscribe=NO Contiguous=0 Licenses=(null) Network=(null)
   Command=/home/users/mschpc/2019/zuoy/HPC/NeuralNetwork/parallel/scripts/script_PricingDefaultRisk_d500_b1_n32.sh
   WorkDir=/home/users/mschpc/2019/zuoy/HPC/NeuralNetwork/parallel
   StdErr=/home/users/mschpc/2019/zuoy/HPC/NeuralNetwork/parallel/output/slurm-21308.out
   StdIn=/dev/null
   StdOut=/home/users/mschpc/2019/zuoy/HPC/NeuralNetwork/parallel/output/slurm-21308.out
   Power=
   NtasksPerTRES:0


Disk quota details:
===================

Quota Type           Name  Filesystem     Usage in MB     Limit in MB    % Used
-------------------------------------------------------------------------------
USER                 zuoy       /home             104          51,200     0.20%

GROUP              mschpc   /projects             999          51,200     1.95%
GROUP          pi-dgolden   /projects               0          51,200     0.00%


SLURM Bank Statement:
=====================

User           Usage |        Account     Usage | Account Limit Available (CPU hrs)
---------- --------- + -------------- --------- + ------------- ---------
zuoy           9,118 |   HPC_21_01207     9,118 |       100,000    90,882


Acknowledgements:
=================

Note that usage of TCHPC Resources *must* be acknowledged in all publications.

Please see this page for details relevant to this cluster:

http://www.tchpc.tcd.ie/resources/acknowledgementpolicy

################################################################################
