Parallel Mode: Ring-Allreduce
Dimension: 100
Total time: 0.3
Number of time intervals: 20
Learning rate: 0.0005
y_init_range: 0.3, 0.5
Number of neurons in each hidden layer of each subnet: 110, 110, 
Epochs: 4000
Batch size: 1
Sample size: 256
Logging frequency: 100
Model name: AllenCahn_parallel_
Number of processors: 64


Training:
Epoch:100
In training set, loss: 5.15564, Y0: 0.272751

Epoch:200
In training set, loss: 4.42239, Y0: 0.248986

Epoch:300
In training set, loss: 3.85903, Y0: 0.228166

Epoch:400
In training set, loss: 3.42305, Y0: 0.209864

Epoch:500
In training set, loss: 3.08368, Y0: 0.193733

Epoch:600
In training set, loss: 2.81825, Y0: 0.179485

Epoch:700
In training set, loss: 2.6098, Y0: 0.166878

Epoch:800
In training set, loss: 2.4455, Y0: 0.155708

Epoch:900
In training set, loss: 2.3156, Y0: 0.145801

Epoch:1000
In training set, loss: 2.21257, Y0: 0.137004

Epoch:1100
In training set, loss: 2.13062, Y0: 0.129189

Epoch:1200
In training set, loss: 2.06522, Y0: 0.122242

Epoch:1300
In training set, loss: 2.01286, Y0: 0.116062

Epoch:1400
In training set, loss: 1.97078, Y0: 0.110563

Epoch:1500
In training set, loss: 1.93683, Y0: 0.105668

Epoch:1600
In training set, loss: 1.9093, Y0: 0.101309

Epoch:1700
In training set, loss: 1.88686, Y0: 0.0974271

Epoch:1800
In training set, loss: 1.86846, Y0: 0.093969

Epoch:1900
In training set, loss: 1.85325, Y0: 0.0908875

Epoch:2000
In training set, loss: 1.84058, Y0: 0.0881413

Epoch:2100
In training set, loss: 1.82992, Y0: 0.0856939

Epoch:2200
In training set, loss: 1.82087, Y0: 0.0835121

Epoch:2300
In training set, loss: 1.8131, Y0: 0.0815671

Epoch:2400
In training set, loss: 1.80634, Y0: 0.0798329

Epoch:2500
In training set, loss: 1.80039, Y0: 0.0782864

Epoch:2600
In training set, loss: 1.79509, Y0: 0.0769076

Epoch:2700
In training set, loss: 1.79031, Y0: 0.0756778

Epoch:2800
In training set, loss: 1.78593, Y0: 0.074581

Epoch:2900
In training set, loss: 1.78189, Y0: 0.0736027

Epoch:3000
In training set, loss: 1.77812, Y0: 0.0727302

Epoch:3100
In training set, loss: 1.77456, Y0: 0.0719518

Epoch:3200
In training set, loss: 1.77117, Y0: 0.0712578

Epoch:3300
In training set, loss: 1.76793, Y0: 0.0706385

Epoch:3400
In training set, loss: 1.7648, Y0: 0.0700859

Epoch:3500
In training set, loss: 1.76176, Y0: 0.0695928

Epoch:3600
In training set, loss: 1.7588, Y0: 0.0691527

Epoch:3700
In training set, loss: 1.7559, Y0: 0.0687599

Epoch:3800
In training set, loss: 1.75306, Y0: 0.0684096

Epoch:3900
In training set, loss: 1.75026, Y0: 0.0680969

Epoch:4000
In training set, loss: 1.74751, Y0: 0.0678178



###############################################################################
TCHPC Cluster: kelvin
Job 21502 (BSDE_job_4_procs) for User 'zuoy' in Account 'hpc_21_01207'
Finished at: Fri Nov 19 01:41:20 GMT 2021

Job efficiency estimates:
=========================

Job ID: 21502
Cluster: kelvin
User/Group: zuoy/zuoy
State: COMPLETED (exit code 0)
Nodes: 6
Cores per node: 12
CPU Utilized: 01:20:41
CPU Efficiency: 14.94% of 09:00:00 core-walltime
Job Wall-clock time: 00:07:30
Memory Utilized: 439.99 MB
Memory Efficiency: 0.32% of 134.77 GB

Job completion status:
======================

       JobID    JobName AllocCPUS NTasks NNodes     MaxRSS    MaxRSSNode  MaxDiskRead MaxDiskWrite    Elapsed      State ExitCode 
------------ ---------- --------- ------ ------ ---------- ------------- ------------ ------------ ---------- ---------- -------- 
21502        BSDE_job_+        72             6                                                      00:07:30  COMPLETED      0:0 
21502.batch       batch        12      1      1    450548K   kelvin-n029        0.86M        0.01M   00:07:30  COMPLETED      0:0 
21502.0           orted        60      5      5                                                      00:07:29  COMPLETED      0:0 


Job details:
============

JobId=21502 JobName=BSDE_job_4_procs
   UserId=zuoy(1582) GroupId=zuoy(1252) MCS_label=N/A
   Priority=11142675 Nice=0 Account=hpc_21_01207 QOS=normal
   JobState=COMPLETING Reason=None Dependency=(null)
   Requeue=0 Restarts=0 BatchFlag=1 Reboot=0 ExitCode=0:0
   DerivedExitCode=0:0
   RunTime=00:07:30 TimeLimit=23:00:00 TimeMin=N/A
   SubmitTime=2021-11-18T22:23:06 EligibleTime=2021-11-18T22:23:06
   AccrueTime=2021-11-18T22:23:06
   StartTime=2021-11-19T01:33:50 EndTime=2021-11-19T01:41:20 Deadline=N/A
   SuspendTime=None SecsPreSuspend=0 LastSchedEval=2021-11-19T01:33:50
   Partition=compute AllocNode:Sid=kelvin01:15357
   ReqNodeList=(null) ExcNodeList=(null)
   NodeList=kelvin-n[032-033,039,041-042]
   BatchHost=kelvin-n029
   NumNodes=5 NumCPUs=72 NumTasks=64 CPUs/Task=1 ReqB:S:C:T=0:0:*:*
   TRES=cpu=72,mem=138000M,node=6,billing=72
   Socks/Node=* NtasksPerN:B:S:C=0:0:*:* CoreSpec=*
   JOB_GRES=(null)
     Nodes=kelvin-n[029,032-033,039,041-042] CPU_IDs=0-11 Mem=23000 GRES=
   MinCPUsNode=1 MinMemoryNode=23000M MinTmpDiskNode=0
   Features=(null) DelayBoot=00:00:00
   OverSubscribe=NO Contiguous=0 Licenses=(null) Network=(null)
   Command=/home/users/mschpc/2019/zuoy/HPC/NeuralNetwork/parallel/scripts/script_AllenCahn_d100_b1_n64.sh
   WorkDir=/home/users/mschpc/2019/zuoy/HPC/NeuralNetwork/parallel
   StdErr=/home/users/mschpc/2019/zuoy/HPC/NeuralNetwork/parallel/output/slurm-21502.out
   StdIn=/dev/null
   StdOut=/home/users/mschpc/2019/zuoy/HPC/NeuralNetwork/parallel/output/slurm-21502.out
   Power=
   NtasksPerTRES:0


Disk quota details:
===================

Quota Type           Name  Filesystem     Usage in MB     Limit in MB    % Used
-------------------------------------------------------------------------------
USER                 zuoy       /home             104          51,200     0.20%

GROUP              mschpc   /projects             999          51,200     1.95%
GROUP          pi-dgolden   /projects               0          51,200     0.00%


SLURM Bank Statement:
=====================

User           Usage |        Account     Usage | Account Limit Available (CPU hrs)
---------- --------- + -------------- --------- + ------------- ---------
zuoy           9,542 |   HPC_21_01207     9,542 |       100,000    90,458


Acknowledgements:
=================

Note that usage of TCHPC Resources *must* be acknowledged in all publications.

Please see this page for details relevant to this cluster:

http://www.tchpc.tcd.ie/resources/acknowledgementpolicy

################################################################################
