Parallel Mode: Ring-Allreduce
Dimension: 400
Total time: 1
Number of time intervals: 40
Learning rate: 0.01
y_init_range: 40, 50
Number of neurons in each hidden layer of each subnet: 110, 110, 
Epochs: 1000
Batch size: 1
Sample size: 256
Logging frequency: 100
Model name: pricing_default_risk_parallel_
Number of processors: 4


Training:
Epoch:100
In training set, loss: 273.498, Y0: 51.0381

Epoch:200
In training set, loss: 110.111, Y0: 51.1473

Epoch:300
In training set, loss: 56.926, Y0: 51.1963

Epoch:400
In training set, loss: 32.6486, Y0: 51.2257

Epoch:500
In training set, loss: 19.8391, Y0: 51.2466

Epoch:600
In training set, loss: 12.5048, Y0: 51.2624

Epoch:700
In training set, loss: 8.09253, Y0: 51.2748

Epoch:800
In training set, loss: 5.33617, Y0: 51.2847

Epoch:900
In training set, loss: 3.56652, Y0: 51.2926

Epoch:1000
In training set, loss: 2.41054, Y0: 51.2989



###############################################################################
TCHPC Cluster: kelvin
Job 21292 (BSDE_job_4_procs) for User 'zuoy' in Account 'hpc_21_01207'
Finished at: Thu Nov 18 20:12:25 GMT 2021

Job efficiency estimates:
=========================

Job ID: 21292
Cluster: kelvin
User/Group: zuoy/zuoy
State: COMPLETED (exit code 0)
Nodes: 1
Cores per node: 12
CPU Utilized: 02:05:15
CPU Efficiency: 33.29% of 06:16:12 core-walltime
Job Wall-clock time: 00:31:21
Memory Utilized: 423.33 MB
Memory Efficiency: 1.84% of 22.46 GB

Job completion status:
======================

       JobID    JobName AllocCPUS NTasks NNodes     MaxRSS    MaxRSSNode  MaxDiskRead MaxDiskWrite    Elapsed      State ExitCode 
------------ ---------- --------- ------ ------ ---------- ------------- ------------ ------------ ---------- ---------- -------- 
21292        BSDE_job_+        12             1                                                      00:31:21  COMPLETED      0:0 
21292.batch       batch        12      1      1    433492K   kelvin-n018        0.86M        0.01M   00:31:21  COMPLETED      0:0 


Job details:
============

JobId=21292 JobName=BSDE_job_4_procs
   UserId=zuoy(1582) GroupId=zuoy(1252) MCS_label=N/A
   Priority=11212634 Nice=0 Account=hpc_21_01207 QOS=normal
   JobState=COMPLETING Reason=None Dependency=(null)
   Requeue=0 Restarts=0 BatchFlag=1 Reboot=0 ExitCode=0:0
   DerivedExitCode=0:0
   RunTime=00:31:21 TimeLimit=23:00:00 TimeMin=N/A
   SubmitTime=2021-11-18T14:03:08 EligibleTime=2021-11-18T14:03:08
   AccrueTime=2021-11-18T14:03:08
   StartTime=2021-11-18T19:41:04 EndTime=2021-11-18T20:12:25 Deadline=N/A
   SuspendTime=None SecsPreSuspend=0 LastSchedEval=2021-11-18T19:41:04
   Partition=compute AllocNode:Sid=kelvin01:471
   ReqNodeList=(null) ExcNodeList=(null)
   NodeList=
   BatchHost=kelvin-n018
   NumNodes=1 NumCPUs=12 NumTasks=4 CPUs/Task=1 ReqB:S:C:T=0:0:*:*
   TRES=cpu=12,mem=23000M,node=1,billing=12
   Socks/Node=* NtasksPerN:B:S:C=0:0:*:* CoreSpec=*
   JOB_GRES=(null)
     Nodes=kelvin-n018 CPU_IDs=0-11 Mem=23000 GRES=
   MinCPUsNode=1 MinMemoryNode=23000M MinTmpDiskNode=0
   Features=(null) DelayBoot=00:00:00
   OverSubscribe=NO Contiguous=0 Licenses=(null) Network=(null)
   Command=/home/users/mschpc/2019/zuoy/HPC/NeuralNetwork/parallel/scripts/script_PricingDefaultRisk_d400_b1_n4.sh
   WorkDir=/home/users/mschpc/2019/zuoy/HPC/NeuralNetwork/parallel
   StdErr=/home/users/mschpc/2019/zuoy/HPC/NeuralNetwork/parallel/output/slurm-21292.out
   StdIn=/dev/null
   StdOut=/home/users/mschpc/2019/zuoy/HPC/NeuralNetwork/parallel/output/slurm-21292.out
   Power=
   NtasksPerTRES:0


Disk quota details:
===================

Quota Type           Name  Filesystem     Usage in MB     Limit in MB    % Used
-------------------------------------------------------------------------------
USER                 zuoy       /home             105          51,200     0.21%

GROUP              mschpc   /projects             999          51,200     1.95%
GROUP          pi-dgolden   /projects               0          51,200     0.00%


SLURM Bank Statement:
=====================

User           Usage |        Account     Usage | Account Limit Available (CPU hrs)
---------- --------- + -------------- --------- + ------------- ---------
zuoy           9,300 |   HPC_21_01207     9,300 |       100,000    90,700


Acknowledgements:
=================

Note that usage of TCHPC Resources *must* be acknowledged in all publications.

Please see this page for details relevant to this cluster:

http://www.tchpc.tcd.ie/resources/acknowledgementpolicy

################################################################################
