Parallel Mode: Ring-Allreduce
Dimension: 500
Total time: 1
Number of time intervals: 40
Learning rate: 0.01
y_init_range: 40, 50
Number of neurons in each hidden layer of each subnet: 110, 110, 
Epochs: 1000
Batch size: 64
Sample size: 256
Logging frequency: 100
Model name: pricing_default_risk_parallel_
Number of processors: 16


Training:
Epoch:100
In training set, loss: 10105.6, Y0: 42.3132

Epoch:200
In training set, loss: 6492.19, Y0: 44.0509

Epoch:300
In training set, loss: 4435.35, Y0: 45.3568

Epoch:400
In training set, loss: 3268.67, Y0: 46.3403

Epoch:500
In training set, loss: 2605.6, Y0: 47.0869

Epoch:600
In training set, loss: 2215.01, Y0: 47.6579

Epoch:700
In training set, loss: 1975.65, Y0: 48.0976

Epoch:800
In training set, loss: 1822.28, Y0: 48.4377

Epoch:900
In training set, loss: 1718.7, Y0: 48.7019

Epoch:1000
In training set, loss: 1644.46, Y0: 48.908



###############################################################################
TCHPC Cluster: kelvin
Job 22239 (BSDE_job_4_procs) for User 'zuoy' in Account 'hpc_21_01207'
Finished at: Sun Nov 21 01:23:43 GMT 2021

Job efficiency estimates:
=========================

Job ID: 22239
Cluster: kelvin
User/Group: zuoy/zuoy
State: COMPLETED (exit code 0)
Nodes: 2
Cores per node: 12
CPU Utilized: 01:19:55
CPU Efficiency: 32.70% of 04:04:24 core-walltime
Job Wall-clock time: 00:10:11
Memory Utilized: 991.94 MB
Memory Efficiency: 2.16% of 44.92 GB

Job completion status:
======================

       JobID    JobName AllocCPUS NTasks NNodes     MaxRSS    MaxRSSNode  MaxDiskRead MaxDiskWrite    Elapsed      State ExitCode 
------------ ---------- --------- ------ ------ ---------- ------------- ------------ ------------ ---------- ---------- -------- 
22239        BSDE_job_+        24             2                                                      00:10:11  COMPLETED      0:0 
22239.batch       batch        12      1      1   1015744K   kelvin-n082        0.86M        0.01M   00:10:11  COMPLETED      0:0 
22239.0           orted        12      1      1                                                      00:10:10  COMPLETED      0:0 


Job details:
============

JobId=22239 JobName=BSDE_job_4_procs
   UserId=zuoy(1582) GroupId=zuoy(1252) MCS_label=N/A
   Priority=11272026 Nice=0 Account=hpc_21_01207 QOS=normal
   JobState=COMPLETING Reason=None Dependency=(null)
   Requeue=0 Restarts=0 BatchFlag=1 Reboot=0 ExitCode=0:0
   DerivedExitCode=0:0
   RunTime=00:10:11 TimeLimit=23:00:00 TimeMin=N/A
   SubmitTime=2021-11-20T17:36:35 EligibleTime=2021-11-20T17:36:35
   AccrueTime=2021-11-20T17:36:35
   StartTime=2021-11-21T01:13:32 EndTime=2021-11-21T01:23:43 Deadline=N/A
   SuspendTime=None SecsPreSuspend=0 LastSchedEval=2021-11-21T01:13:32
   Partition=compute AllocNode:Sid=kelvin01:32460
   ReqNodeList=(null) ExcNodeList=(null)
   NodeList=kelvin-n086
   BatchHost=kelvin-n082
   NumNodes=1 NumCPUs=24 NumTasks=16 CPUs/Task=1 ReqB:S:C:T=0:0:*:*
   TRES=cpu=24,mem=46000M,node=2,billing=24
   Socks/Node=* NtasksPerN:B:S:C=0:0:*:* CoreSpec=*
   JOB_GRES=(null)
     Nodes=kelvin-n[082,086] CPU_IDs=0-11 Mem=23000 GRES=
   MinCPUsNode=1 MinMemoryNode=23000M MinTmpDiskNode=0
   Features=(null) DelayBoot=00:00:00
   OverSubscribe=NO Contiguous=0 Licenses=(null) Network=(null)
   Command=/home/users/mschpc/2019/zuoy/HPC/NeuralNetwork/parallel/scripts/script_PricingDefaultRisk_d500_b64_n16.sh
   WorkDir=/home/users/mschpc/2019/zuoy/HPC/NeuralNetwork/parallel
   StdErr=/home/users/mschpc/2019/zuoy/HPC/NeuralNetwork/parallel/output/slurm-22239.out
   StdIn=/dev/null
   StdOut=/home/users/mschpc/2019/zuoy/HPC/NeuralNetwork/parallel/output/slurm-22239.out
   Power=
   NtasksPerTRES:0


Disk quota details:
===================

Quota Type           Name  Filesystem     Usage in MB     Limit in MB    % Used
-------------------------------------------------------------------------------
USER                 zuoy       /home             116          51,200     0.23%

GROUP              mschpc   /projects             999          51,200     1.95%
GROUP          pi-dgolden   /projects               0          51,200     0.00%


SLURM Bank Statement:
=====================

User           Usage |        Account     Usage | Account Limit Available (CPU hrs)
---------- --------- + -------------- --------- + ------------- ---------
zuoy          15,055 |   HPC_21_01207    15,055 |       100,000    84,945


Acknowledgements:
=================

Note that usage of TCHPC Resources *must* be acknowledged in all publications.

Please see this page for details relevant to this cluster:

http://www.tchpc.tcd.ie/resources/acknowledgementpolicy

################################################################################
