Parallel Mode: Master-Slave
Dimension: 200
Total time: 1
Number of time intervals: 40
Learning rate: 0.01
y_init_range: 40, 50
Number of neurons in each hidden layer of each subnet: 110, 110, 
Epochs: 1000
Batch size: 64
Sample size: 256
Logging frequency: 100
Model name: pricing_default_risk_parallel_
Number of processors: 128


Training:
Epoch:100
In training set, loss: 25227.4, Y0: 40.4233

Epoch:200
In training set, loss: 23685.3, Y0: 40.8319

Epoch:300
In training set, loss: 22251.3, Y0: 41.2264

Epoch:400
In training set, loss: 20916.4, Y0: 41.6073

Epoch:500
In training set, loss: 19672.8, Y0: 41.9751

Epoch:600
In training set, loss: 18513.8, Y0: 42.3304

Epoch:700
In training set, loss: 17433.1, Y0: 42.6733

Epoch:800
In training set, loss: 16425.6, Y0: 43.0046

Epoch:900
In training set, loss: 15486.5, Y0: 43.3244

Epoch:1000
In training set, loss: 14610.7, Y0: 43.6332



###############################################################################
TCHPC Cluster: kelvin
Job 22951 (BSDE_job_4_procs) for User 'zuoy' in Account 'hpc_21_01207'
Finished at: Mon Nov 22 04:15:42 GMT 2021

Job efficiency estimates:
=========================

Job ID: 22951
Cluster: kelvin
User/Group: zuoy/zuoy
State: RUNNING
Nodes: 11
Cores per node: 12
CPU Utilized: 06:02:16
CPU Efficiency: 9.02% of 2-18:57:12 core-walltime
Job Wall-clock time: 00:30:26
Memory Utilized: 1.16 GB
Memory Efficiency: 0.47% of 247.07 GB
WARNING: Efficiency statistics may be misleading for RUNNING jobs.

Job completion status:
======================

       JobID    JobName AllocCPUS NTasks NNodes     MaxRSS    MaxRSSNode  MaxDiskRead MaxDiskWrite    Elapsed      State ExitCode 
------------ ---------- --------- ------ ------ ---------- ------------- ------------ ------------ ---------- ---------- -------- 
22951        BSDE_job_+       132            11                                                      00:30:26  COMPLETED      0:0 
22951.batch       batch        12      1      1   1219888K   kelvin-n008        0.86M        0.01M   00:30:26  COMPLETED      0:0 
22951.0           orted       120     10     10                                                      00:30:25  COMPLETED      0:0 


Job details:
============

JobId=22951 JobName=BSDE_job_4_procs
   UserId=zuoy(1582) GroupId=zuoy(1252) MCS_label=N/A
   Priority=10589146 Nice=0 Account=hpc_21_01207 QOS=normal
   JobState=COMPLETING Reason=None Dependency=(null)
   Requeue=0 Restarts=0 BatchFlag=1 Reboot=0 ExitCode=0:0
   DerivedExitCode=0:0
   RunTime=00:30:26 TimeLimit=23:00:00 TimeMin=N/A
   SubmitTime=2021-11-22T00:48:15 EligibleTime=2021-11-22T00:48:15
   AccrueTime=2021-11-22T00:48:15
   StartTime=2021-11-22T03:45:16 EndTime=2021-11-22T04:15:42 Deadline=N/A
   SuspendTime=None SecsPreSuspend=0 LastSchedEval=2021-11-22T03:45:16
   Partition=compute AllocNode:Sid=kelvin01:12189
   ReqNodeList=(null) ExcNodeList=(null)
   NodeList=kelvin-n[009-011,030-032,034,039-041]
   BatchHost=kelvin-n008
   NumNodes=10 NumCPUs=132 NumTasks=128 CPUs/Task=1 ReqB:S:C:T=0:0:*:*
   TRES=cpu=132,mem=253000M,node=11,billing=132
   Socks/Node=* NtasksPerN:B:S:C=0:0:*:* CoreSpec=*
   JOB_GRES=(null)
     Nodes=kelvin-n[008-011,030-032,034,039-041] CPU_IDs=0-11 Mem=23000 GRES=
   MinCPUsNode=1 MinMemoryNode=23000M MinTmpDiskNode=0
   Features=(null) DelayBoot=00:00:00
   OverSubscribe=NO Contiguous=0 Licenses=(null) Network=(null)
   Command=/home/users/mschpc/2019/zuoy/HPC/NeuralNetwork/parallel/scripts/script_PricingDefaultRisk_d200_b64_n128.sh
   WorkDir=/home/users/mschpc/2019/zuoy/HPC/NeuralNetwork/parallel
   StdErr=/home/users/mschpc/2019/zuoy/HPC/NeuralNetwork/parallel/output/slurm-22951.out
   StdIn=/dev/null
   StdOut=/home/users/mschpc/2019/zuoy/HPC/NeuralNetwork/parallel/output/slurm-22951.out
   Power=
   NtasksPerTRES:0


Disk quota details:
===================

Quota Type           Name  Filesystem     Usage in MB     Limit in MB    % Used
-------------------------------------------------------------------------------
USER                 zuoy       /home             130          51,200     0.25%

GROUP              mschpc   /projects             999          51,200     1.95%
GROUP          pi-dgolden   /projects               0          51,200     0.00%


SLURM Bank Statement:
=====================

User           Usage |        Account     Usage | Account Limit Available (CPU hrs)
---------- --------- + -------------- --------- + ------------- ---------
zuoy          24,559 |   HPC_21_01207    24,559 |       100,000    75,441


Acknowledgements:
=================

Note that usage of TCHPC Resources *must* be acknowledged in all publications.

Please see this page for details relevant to this cluster:

http://www.tchpc.tcd.ie/resources/acknowledgementpolicy

################################################################################
