Parallel Mode: Master-Slave
Dimension: 200
Total time: 1
Number of time intervals: 20
Learning rate: 0.01
y_init_range: 0, 1
Number of neurons in each hidden layer of each subnet: 110, 110, 
Epochs: 1000
Batch size: 64
Sample size: 1024
Logging frequency: 100
Model name: HJBLQ_parallel_
Number of processors: 64


Training:
Epoch:100
In training set, loss: 8503.53, Y0: 1.15654

Epoch:200
In training set, loss: 5119.69, Y0: 2.05261

Epoch:300
In training set, loss: 3087.61, Y0: 2.74634

Epoch:400
In training set, loss: 1869.92, Y0: 3.28313

Epoch:500
In training set, loss: 1141.48, Y0: 3.69835

Epoch:600
In training set, loss: 706.212, Y0: 4.01953

Epoch:700
In training set, loss: 446.222, Y0: 4.268

Epoch:800
In training set, loss: 290.836, Y0: 4.46035

Epoch:900
In training set, loss: 197.797, Y0: 4.60936

Epoch:1000
In training set, loss: 141.881, Y0: 4.72495



###############################################################################
TCHPC Cluster: kelvin
Job 22923 (BSDE_job_4_procs) for User 'zuoy' in Account 'hpc_21_01207'
Finished at: Mon Nov 22 03:05:05 GMT 2021

Job efficiency estimates:
=========================

Job ID: 22923
Cluster: kelvin
User/Group: zuoy/zuoy
State: COMPLETED (exit code 0)
Nodes: 6
Cores per node: 12
CPU Utilized: 01:23:44
CPU Efficiency: 15.07% of 09:15:36 core-walltime
Job Wall-clock time: 00:07:43
Memory Utilized: 955.12 MB
Memory Efficiency: 0.69% of 134.77 GB

Job completion status:
======================

       JobID    JobName AllocCPUS NTasks NNodes     MaxRSS    MaxRSSNode  MaxDiskRead MaxDiskWrite    Elapsed      State ExitCode 
------------ ---------- --------- ------ ------ ---------- ------------- ------------ ------------ ---------- ---------- -------- 
22923        BSDE_job_+        72             6                                                      00:07:43  COMPLETED      0:0 
22923.batch       batch        12      1      1    978048K   kelvin-n042        0.86M        0.01M   00:07:43  COMPLETED      0:0 
22923.0           orted        60      5      5                                                      00:07:41  COMPLETED      0:0 


Job details:
============

JobId=22923 JobName=BSDE_job_4_procs
   UserId=zuoy(1582) GroupId=zuoy(1252) MCS_label=N/A
   Priority=10573656 Nice=0 Account=hpc_21_01207 QOS=normal
   JobState=COMPLETING Reason=None Dependency=(null)
   Requeue=0 Restarts=0 BatchFlag=1 Reboot=0 ExitCode=0:0
   DerivedExitCode=0:0
   RunTime=00:07:43 TimeLimit=23:00:00 TimeMin=N/A
   SubmitTime=2021-11-22T00:25:33 EligibleTime=2021-11-22T00:25:33
   AccrueTime=2021-11-22T00:25:33
   StartTime=2021-11-22T02:57:22 EndTime=2021-11-22T03:05:05 Deadline=N/A
   SuspendTime=None SecsPreSuspend=0 LastSchedEval=2021-11-22T02:57:22
   Partition=compute AllocNode:Sid=kelvin01:12189
   ReqNodeList=(null) ExcNodeList=(null)
   NodeList=kelvin-n[044-048]
   BatchHost=kelvin-n042
   NumNodes=5 NumCPUs=72 NumTasks=64 CPUs/Task=1 ReqB:S:C:T=0:0:*:*
   TRES=cpu=72,mem=138000M,node=6,billing=72
   Socks/Node=* NtasksPerN:B:S:C=0:0:*:* CoreSpec=*
   JOB_GRES=(null)
     Nodes=kelvin-n[042,044-048] CPU_IDs=0-11 Mem=23000 GRES=
   MinCPUsNode=1 MinMemoryNode=23000M MinTmpDiskNode=0
   Features=(null) DelayBoot=00:00:00
   OverSubscribe=NO Contiguous=0 Licenses=(null) Network=(null)
   Command=/home/users/mschpc/2019/zuoy/HPC/NeuralNetwork/parallel/scripts/script_HJBLQ_d200_b64_n64.sh
   WorkDir=/home/users/mschpc/2019/zuoy/HPC/NeuralNetwork/parallel
   StdErr=/home/users/mschpc/2019/zuoy/HPC/NeuralNetwork/parallel/output/slurm-22923.out
   StdIn=/dev/null
   StdOut=/home/users/mschpc/2019/zuoy/HPC/NeuralNetwork/parallel/output/slurm-22923.out
   Power=
   NtasksPerTRES:0


Disk quota details:
===================

Quota Type           Name  Filesystem     Usage in MB     Limit in MB    % Used
-------------------------------------------------------------------------------
USER                 zuoy       /home             129          51,200     0.25%

GROUP              mschpc   /projects             999          51,200     1.95%
GROUP          pi-dgolden   /projects               0          51,200     0.00%


SLURM Bank Statement:
=====================

User           Usage |        Account     Usage | Account Limit Available (CPU hrs)
---------- --------- + -------------- --------- + ------------- ---------
zuoy          24,012 |   HPC_21_01207    24,012 |       100,000    75,988


Acknowledgements:
=================

Note that usage of TCHPC Resources *must* be acknowledged in all publications.

Please see this page for details relevant to this cluster:

http://www.tchpc.tcd.ie/resources/acknowledgementpolicy

################################################################################
