Parallel Mode: Master-Slave
Dimension: 200
Total time: 1
Number of time intervals: 40
Learning rate: 0.01
y_init_range: 40, 50
Number of neurons in each hidden layer of each subnet: 110, 110, 
Epochs: 1000
Batch size: 64
Sample size: 256
Logging frequency: 100
Model name: pricing_default_risk_parallel_
Number of processors: 32


Training:
Epoch:100
In training set, loss: 2102.39, Y0: 53.5512

Epoch:200
In training set, loss: 1879.95, Y0: 53.8732

Epoch:300
In training set, loss: 1718.58, Y0: 53.9001

Epoch:400
In training set, loss: 1591.74, Y0: 53.9192

Epoch:500
In training set, loss: 1489.58, Y0: 53.9376

Epoch:600
In training set, loss: 1405.13, Y0: 53.9554

Epoch:700
In training set, loss: 1333.73, Y0: 53.9724

Epoch:800
In training set, loss: 1272.42, Y0: 53.9886

Epoch:900
In training set, loss: 1219.06, Y0: 54.0038

Epoch:1000
In training set, loss: 1171.9, Y0: 54.018



###############################################################################
TCHPC Cluster: kelvin
Job 23611 (BSDE_job_4_procs) for User 'zuoy' in Account 'hpc_21_01207'
Finished at: Wed Nov 24 09:44:33 GMT 2021

Job efficiency estimates:
=========================

Job ID: 23611
Cluster: kelvin
User/Group: zuoy/zuoy
State: COMPLETED (exit code 0)
Nodes: 3
Cores per node: 12
CPU Utilized: 01:22:18
CPU Efficiency: 30.15% of 04:33:00 core-walltime
Job Wall-clock time: 00:07:35
Memory Utilized: 782.92 MB
Memory Efficiency: 1.13% of 67.38 GB

Job completion status:
======================

       JobID    JobName AllocCPUS NTasks NNodes     MaxRSS    MaxRSSNode  MaxDiskRead MaxDiskWrite    Elapsed      State ExitCode 
------------ ---------- --------- ------ ------ ---------- ------------- ------------ ------------ ---------- ---------- -------- 
23611        BSDE_job_+        36             3                                                      00:07:35  COMPLETED      0:0 
23611.batch       batch        12      1      1    801708K   kelvin-n043        0.86M        0.01M   00:07:35  COMPLETED      0:0 
23611.0           orted        24      2      2                                                      00:07:34  COMPLETED      0:0 


Job details:
============

JobId=23611 JobName=BSDE_job_4_procs
   UserId=zuoy(1582) GroupId=zuoy(1252) MCS_label=N/A
   Priority=10898536 Nice=0 Account=hpc_21_01207 QOS=normal
   JobState=COMPLETING Reason=None Dependency=(null)
   Requeue=0 Restarts=0 BatchFlag=1 Reboot=0 ExitCode=0:0
   DerivedExitCode=0:0
   RunTime=00:07:35 TimeLimit=23:00:00 TimeMin=N/A
   SubmitTime=2021-11-23T20:07:02 EligibleTime=2021-11-23T20:07:02
   AccrueTime=2021-11-23T20:07:02
   StartTime=2021-11-24T09:36:58 EndTime=2021-11-24T09:44:33 Deadline=N/A
   SuspendTime=None SecsPreSuspend=0 LastSchedEval=2021-11-24T09:36:58
   Partition=compute AllocNode:Sid=kelvin01:24748
   ReqNodeList=(null) ExcNodeList=(null)
   NodeList=kelvin-n[064-065]
   BatchHost=kelvin-n043
   NumNodes=2 NumCPUs=36 NumTasks=32 CPUs/Task=1 ReqB:S:C:T=0:0:*:*
   TRES=cpu=36,mem=69000M,node=3,billing=36
   Socks/Node=* NtasksPerN:B:S:C=0:0:*:* CoreSpec=*
   JOB_GRES=(null)
     Nodes=kelvin-n[043,064-065] CPU_IDs=0-11 Mem=23000 GRES=
   MinCPUsNode=1 MinMemoryNode=23000M MinTmpDiskNode=0
   Features=(null) DelayBoot=00:00:00
   OverSubscribe=NO Contiguous=0 Licenses=(null) Network=(null)
   Command=/home/users/mschpc/2019/zuoy/HPC/NeuralNetwork/parallel/scripts/script_PricingDefaultRisk_d200_b64_n32.sh
   WorkDir=/home/users/mschpc/2019/zuoy/HPC/NeuralNetwork/parallel
   StdErr=/home/users/mschpc/2019/zuoy/HPC/NeuralNetwork/parallel/output/slurm-23611.out
   StdIn=/dev/null
   StdOut=/home/users/mschpc/2019/zuoy/HPC/NeuralNetwork/parallel/output/slurm-23611.out
   Power=
   NtasksPerTRES:0


Disk quota details:
===================

Quota Type           Name  Filesystem     Usage in MB     Limit in MB    % Used
-------------------------------------------------------------------------------
USER                 zuoy       /home             141          51,200     0.28%

GROUP              mschpc   /projects             999          51,200     1.95%
GROUP          pi-dgolden   /projects               0          51,200     0.00%


SLURM Bank Statement:
=====================

User           Usage |        Account     Usage | Account Limit Available (CPU hrs)
---------- --------- + -------------- --------- + ------------- ---------
zuoy          29,141 |   HPC_21_01207    29,141 |       100,000    70,859


Acknowledgements:
=================

Note that usage of TCHPC Resources *must* be acknowledged in all publications.

Please see this page for details relevant to this cluster:

http://www.tchpc.tcd.ie/resources/acknowledgementpolicy

################################################################################
