Parallel Mode: Ring-Allreduce
Dimension: 100
Total time: 0.3
Number of time intervals: 20
Learning rate: 0.0005
y_init_range: 0.3, 0.5
Number of neurons in each hidden layer of each subnet: 110, 110, 
Epochs: 4000
Batch size: 1
Sample size: 256
Logging frequency: 100
Model name: AllenCahn_parallel_
Number of processors: 32


Training:
Epoch:100
In training set, loss: 4.99532, Y0: 0.245242

Epoch:200
In training set, loss: 3.84597, Y0: 0.203387

Epoch:300
In training set, loss: 3.15219, Y0: 0.17095

Epoch:400
In training set, loss: 2.72486, Y0: 0.145596

Epoch:500
In training set, loss: 2.45755, Y0: 0.125672

Epoch:600
In training set, loss: 2.288, Y0: 0.10996

Epoch:700
In training set, loss: 2.17883, Y0: 0.0975422

Epoch:800
In training set, loss: 2.10724, Y0: 0.0877127

Epoch:900
In training set, loss: 2.05919, Y0: 0.0799249

Epoch:1000
In training set, loss: 2.02592, Y0: 0.0737509

Epoch:1100
In training set, loss: 2.00198, Y0: 0.0688549

Epoch:1200
In training set, loss: 1.98396, Y0: 0.0649721

Epoch:1300
In training set, loss: 1.96968, Y0: 0.061893

Epoch:1400
In training set, loss: 1.95781, Y0: 0.0594522

Epoch:1500
In training set, loss: 1.94749, Y0: 0.0575182

Epoch:1600
In training set, loss: 1.93818, Y0: 0.055987

Epoch:1700
In training set, loss: 1.92954, Y0: 0.054776

Epoch:1800
In training set, loss: 1.92134, Y0: 0.0538194

Epoch:1900
In training set, loss: 1.91347, Y0: 0.053065

Epoch:2000
In training set, loss: 1.90582, Y0: 0.0524714

Epoch:2100
In training set, loss: 1.89835, Y0: 0.0520058

Epoch:2200
In training set, loss: 1.89101, Y0: 0.0516419

Epoch:2300
In training set, loss: 1.88379, Y0: 0.0513588

Epoch:2400
In training set, loss: 1.87667, Y0: 0.05114

Epoch:2500
In training set, loss: 1.86963, Y0: 0.0509722

Epoch:2600
In training set, loss: 1.86269, Y0: 0.050845

Epoch:2700
In training set, loss: 1.85582, Y0: 0.0507501

Epoch:2800
In training set, loss: 1.84903, Y0: 0.0506808

Epoch:2900
In training set, loss: 1.84231, Y0: 0.0506317

Epoch:3000
In training set, loss: 1.83566, Y0: 0.0505989

Epoch:3100
In training set, loss: 1.82909, Y0: 0.0505788

Epoch:3200
In training set, loss: 1.82258, Y0: 0.0505688

Epoch:3300
In training set, loss: 1.81615, Y0: 0.0505668

Epoch:3400
In training set, loss: 1.80978, Y0: 0.0505711

Epoch:3500
In training set, loss: 1.80348, Y0: 0.0505805

Epoch:3600
In training set, loss: 1.79724, Y0: 0.0505937

Epoch:3700
In training set, loss: 1.79107, Y0: 0.05061

Epoch:3800
In training set, loss: 1.78496, Y0: 0.0506287

Epoch:3900
In training set, loss: 1.77892, Y0: 0.0506493

Epoch:4000
In training set, loss: 1.77293, Y0: 0.0506712



###############################################################################
TCHPC Cluster: kelvin
Job 21346 (BSDE_job_4_procs) for User 'zuoy' in Account 'hpc_21_01207'
Finished at: Thu Nov 18 19:35:46 GMT 2021

Job efficiency estimates:
=========================

Job ID: 21346
Cluster: kelvin
User/Group: zuoy/zuoy
State: COMPLETED (exit code 0)
Nodes: 3
Cores per node: 12
CPU Utilized: 01:20:37
CPU Efficiency: 30.06% of 04:28:12 core-walltime
Job Wall-clock time: 00:07:27
Memory Utilized: 441.00 MB
Memory Efficiency: 0.64% of 67.38 GB

Job completion status:
======================

       JobID    JobName AllocCPUS NTasks NNodes     MaxRSS    MaxRSSNode  MaxDiskRead MaxDiskWrite    Elapsed      State ExitCode 
------------ ---------- --------- ------ ------ ---------- ------------- ------------ ------------ ---------- ---------- -------- 
21346        BSDE_job_+        36             3                                                      00:07:27  COMPLETED      0:0 
21346.batch       batch        12      1      1    451588K   kelvin-n082        0.86M        0.01M   00:07:27  COMPLETED      0:0 
21346.0           orted        24      2      2                                                      00:07:26  COMPLETED      0:0 


Job details:
============

JobId=21346 JobName=BSDE_job_4_procs
   UserId=zuoy(1582) GroupId=zuoy(1252) MCS_label=N/A
   Priority=11207296 Nice=0 Account=hpc_21_01207 QOS=normal
   JobState=COMPLETING Reason=None Dependency=(null)
   Requeue=0 Restarts=0 BatchFlag=1 Reboot=0 ExitCode=0:0
   DerivedExitCode=0:0
   RunTime=00:07:27 TimeLimit=23:00:00 TimeMin=N/A
   SubmitTime=2021-11-18T14:03:16 EligibleTime=2021-11-18T14:03:16
   AccrueTime=2021-11-18T14:03:16
   StartTime=2021-11-18T19:28:19 EndTime=2021-11-18T19:35:46 Deadline=N/A
   SuspendTime=None SecsPreSuspend=0 LastSchedEval=2021-11-18T19:28:19
   Partition=compute AllocNode:Sid=kelvin01:471
   ReqNodeList=(null) ExcNodeList=(null)
   NodeList=kelvin-n[083-084]
   BatchHost=kelvin-n082
   NumNodes=2 NumCPUs=36 NumTasks=32 CPUs/Task=1 ReqB:S:C:T=0:0:*:*
   TRES=cpu=36,mem=69000M,node=3,billing=36
   Socks/Node=* NtasksPerN:B:S:C=0:0:*:* CoreSpec=*
   JOB_GRES=(null)
     Nodes=kelvin-n[082-084] CPU_IDs=0-11 Mem=23000 GRES=
   MinCPUsNode=1 MinMemoryNode=23000M MinTmpDiskNode=0
   Features=(null) DelayBoot=00:00:00
   OverSubscribe=NO Contiguous=0 Licenses=(null) Network=(null)
   Command=/home/users/mschpc/2019/zuoy/HPC/NeuralNetwork/parallel/scripts/script_AllenCahn_d100_b1_n32.sh
   WorkDir=/home/users/mschpc/2019/zuoy/HPC/NeuralNetwork/parallel
   StdErr=/home/users/mschpc/2019/zuoy/HPC/NeuralNetwork/parallel/output/slurm-21346.out
   StdIn=/dev/null
   StdOut=/home/users/mschpc/2019/zuoy/HPC/NeuralNetwork/parallel/output/slurm-21346.out
   Power=
   NtasksPerTRES:0


Disk quota details:
===================

Quota Type           Name  Filesystem     Usage in MB     Limit in MB    % Used
-------------------------------------------------------------------------------
USER                 zuoy       /home             104          51,200     0.20%

GROUP              mschpc   /projects             999          51,200     1.95%
GROUP          pi-dgolden   /projects               0          51,200     0.00%


SLURM Bank Statement:
=====================

User           Usage |        Account     Usage | Account Limit Available (CPU hrs)
---------- --------- + -------------- --------- + ------------- ---------
zuoy           9,118 |   HPC_21_01207     9,118 |       100,000    90,882


Acknowledgements:
=================

Note that usage of TCHPC Resources *must* be acknowledged in all publications.

Please see this page for details relevant to this cluster:

http://www.tchpc.tcd.ie/resources/acknowledgementpolicy

################################################################################
