Parallel Mode: Ring-Allreduce
Dimension: 300
Total time: 1
Number of time intervals: 40
Learning rate: 0.01
y_init_range: 40, 50
Number of neurons in each hidden layer of each subnet: 110, 110, 
Epochs: 1000
Batch size: 64
Sample size: 256
Logging frequency: 100
Model name: pricing_default_risk_parallel_
Number of processors: 16


Training:
Epoch:100
In training set, loss: 13544.7, Y0: 42.7161

Epoch:200
In training set, loss: 8623.08, Y0: 44.7656

Epoch:300
In training set, loss: 5818.52, Y0: 46.3137

Epoch:400
In training set, loss: 4253.18, Y0: 47.4924

Epoch:500
In training set, loss: 3355.92, Y0: 48.4002

Epoch:600
In training set, loss: 2823.8, Y0: 49.1056

Epoch:700
In training set, loss: 2497.37, Y0: 49.6571

Epoch:800
In training set, loss: 2289.15, Y0: 50.0898

Epoch:900
In training set, loss: 2151.81, Y0: 50.4301

Epoch:1000
In training set, loss: 2057.77, Y0: 50.698



###############################################################################
TCHPC Cluster: kelvin
Job 22237 (BSDE_job_4_procs) for User 'zuoy' in Account 'hpc_21_01207'
Finished at: Sun Nov 21 01:19:58 GMT 2021

Job efficiency estimates:
=========================

Job ID: 22237
Cluster: kelvin
User/Group: zuoy/zuoy
State: COMPLETED (exit code 0)
Nodes: 2
Cores per node: 12
CPU Utilized: 00:51:03
CPU Efficiency: 33.06% of 02:34:24 core-walltime
Job Wall-clock time: 00:06:26
Memory Utilized: 708.25 MB
Memory Efficiency: 1.54% of 44.92 GB

Job completion status:
======================

       JobID    JobName AllocCPUS NTasks NNodes     MaxRSS    MaxRSSNode  MaxDiskRead MaxDiskWrite    Elapsed      State ExitCode 
------------ ---------- --------- ------ ------ ---------- ------------- ------------ ------------ ---------- ---------- -------- 
22237        BSDE_job_+        24             2                                                      00:06:26  COMPLETED      0:0 
22237.batch       batch        12      1      1    725244K   kelvin-n074        0.86M        0.01M   00:06:26  COMPLETED      0:0 
22237.0           orted        12      1      1                                                      00:06:25  COMPLETED      0:0 


Job details:
============

JobId=22237 JobName=BSDE_job_4_procs
   UserId=zuoy(1582) GroupId=zuoy(1252) MCS_label=N/A
   Priority=11272026 Nice=0 Account=hpc_21_01207 QOS=normal
   JobState=COMPLETING Reason=None Dependency=(null)
   Requeue=0 Restarts=0 BatchFlag=1 Reboot=0 ExitCode=0:0
   DerivedExitCode=0:0
   RunTime=00:06:26 TimeLimit=23:00:00 TimeMin=N/A
   SubmitTime=2021-11-20T17:36:35 EligibleTime=2021-11-20T17:36:35
   AccrueTime=2021-11-20T17:36:35
   StartTime=2021-11-21T01:13:32 EndTime=2021-11-21T01:19:58 Deadline=N/A
   SuspendTime=None SecsPreSuspend=0 LastSchedEval=2021-11-21T01:13:32
   Partition=compute AllocNode:Sid=kelvin01:32460
   ReqNodeList=(null) ExcNodeList=(null)
   NodeList=kelvin-n076
   BatchHost=kelvin-n074
   NumNodes=1 NumCPUs=24 NumTasks=16 CPUs/Task=1 ReqB:S:C:T=0:0:*:*
   TRES=cpu=24,mem=46000M,node=2,billing=24
   Socks/Node=* NtasksPerN:B:S:C=0:0:*:* CoreSpec=*
   JOB_GRES=(null)
     Nodes=kelvin-n[074,076] CPU_IDs=0-11 Mem=23000 GRES=
   MinCPUsNode=1 MinMemoryNode=23000M MinTmpDiskNode=0
   Features=(null) DelayBoot=00:00:00
   OverSubscribe=NO Contiguous=0 Licenses=(null) Network=(null)
   Command=/home/users/mschpc/2019/zuoy/HPC/NeuralNetwork/parallel/scripts/script_PricingDefaultRisk_d300_b64_n16.sh
   WorkDir=/home/users/mschpc/2019/zuoy/HPC/NeuralNetwork/parallel
   StdErr=/home/users/mschpc/2019/zuoy/HPC/NeuralNetwork/parallel/output/slurm-22237.out
   StdIn=/dev/null
   StdOut=/home/users/mschpc/2019/zuoy/HPC/NeuralNetwork/parallel/output/slurm-22237.out
   Power=
   NtasksPerTRES:0


Disk quota details:
===================

Quota Type           Name  Filesystem     Usage in MB     Limit in MB    % Used
-------------------------------------------------------------------------------
USER                 zuoy       /home             117          51,200     0.23%

GROUP              mschpc   /projects             999          51,200     1.95%
GROUP          pi-dgolden   /projects               0          51,200     0.00%


SLURM Bank Statement:
=====================

User           Usage |        Account     Usage | Account Limit Available (CPU hrs)
---------- --------- + -------------- --------- + ------------- ---------
zuoy          15,047 |   HPC_21_01207    15,047 |       100,000    84,953


Acknowledgements:
=================

Note that usage of TCHPC Resources *must* be acknowledged in all publications.

Please see this page for details relevant to this cluster:

http://www.tchpc.tcd.ie/resources/acknowledgementpolicy

################################################################################
