Parallel Mode: Master-Slave
Dimension: 100
Total time: 0.2
Number of time intervals: 20
Learning rate: 0.0005
y_init_range: 0.2, 0.5
Number of neurons in each hidden layer of each subnet: 110, 110, 
Epochs: 4000
Batch size: 1
Sample size: 1024
Logging frequency: 100
Model name: AllenCahn_parallel_
Number of processors: 16


Training:
Epoch:100
In training set, loss: 5.42603, Y0: 0.0804114

Epoch:200
In training set, loss: 5.28598, Y0: 0.0672171

Epoch:300
In training set, loss: 5.22589, Y0: 0.065713

Epoch:400
In training set, loss: 5.1696, Y0: 0.065521

Epoch:500
In training set, loss: 5.11602, Y0: 0.0654769

Epoch:600
In training set, loss: 5.06497, Y0: 0.0654498

Epoch:700
In training set, loss: 5.01634, Y0: 0.0654247

Epoch:800
In training set, loss: 4.96997, Y0: 0.0654004

Epoch:900
In training set, loss: 4.92576, Y0: 0.0653764

Epoch:1000
In training set, loss: 4.88359, Y0: 0.0653528

Epoch:1100
In training set, loss: 4.84336, Y0: 0.0653295

Epoch:1200
In training set, loss: 4.80495, Y0: 0.0653066

Epoch:1300
In training set, loss: 4.76828, Y0: 0.0652841

Epoch:1400
In training set, loss: 4.73326, Y0: 0.065262

Epoch:1500
In training set, loss: 4.6998, Y0: 0.0652403

Epoch:1600
In training set, loss: 4.66781, Y0: 0.0652189

Epoch:1700
In training set, loss: 4.63723, Y0: 0.065198

Epoch:1800
In training set, loss: 4.60798, Y0: 0.0651774

Epoch:1900
In training set, loss: 4.57998, Y0: 0.0651571

Epoch:2000
In training set, loss: 4.55318, Y0: 0.0651374

Epoch:2100
In training set, loss: 4.52753, Y0: 0.0651179

Epoch:2200
In training set, loss: 4.50295, Y0: 0.0650988

Epoch:2300
In training set, loss: 4.4794, Y0: 0.0650801

Epoch:2400
In training set, loss: 4.45682, Y0: 0.0650618

Epoch:2500
In training set, loss: 4.43516, Y0: 0.0650438

Epoch:2600
In training set, loss: 4.41439, Y0: 0.0650261

Epoch:2700
In training set, loss: 4.39446, Y0: 0.065009

Epoch:2800
In training set, loss: 4.37532, Y0: 0.0649921

Epoch:2900
In training set, loss: 4.35693, Y0: 0.0649755

Epoch:3000
In training set, loss: 4.33927, Y0: 0.0649593

Epoch:3100
In training set, loss: 4.32229, Y0: 0.0649435

Epoch:3200
In training set, loss: 4.30596, Y0: 0.064928

Epoch:3300
In training set, loss: 4.29025, Y0: 0.0649127

Epoch:3400
In training set, loss: 4.27514, Y0: 0.0648978

Epoch:3500
In training set, loss: 4.26058, Y0: 0.0648832

Epoch:3600
In training set, loss: 4.24656, Y0: 0.064869

Epoch:3700
In training set, loss: 4.23305, Y0: 0.0648551

Epoch:3800
In training set, loss: 4.22002, Y0: 0.0648415

Epoch:3900
In training set, loss: 4.20746, Y0: 0.0648281

Epoch:4000
In training set, loss: 4.19534, Y0: 0.0648151



###############################################################################
TCHPC Cluster: kelvin
Job 22668 (BSDE_job_4_procs) for User 'zuoy' in Account 'hpc_21_01207'
Finished at: Sun Nov 21 18:18:30 GMT 2021

Job efficiency estimates:
=========================

Job ID: 22668
Cluster: kelvin
User/Group: zuoy/zuoy
State: COMPLETED (exit code 0)
Nodes: 2
Cores per node: 12
CPU Utilized: 03:05:39
CPU Efficiency: 33.25% of 09:18:24 core-walltime
Job Wall-clock time: 00:23:16
Memory Utilized: 427.07 MB
Memory Efficiency: 0.93% of 44.92 GB

Job completion status:
======================

       JobID    JobName AllocCPUS NTasks NNodes     MaxRSS    MaxRSSNode  MaxDiskRead MaxDiskWrite    Elapsed      State ExitCode 
------------ ---------- --------- ------ ------ ---------- ------------- ------------ ------------ ---------- ---------- -------- 
22668        BSDE_job_+        24             2                                                      00:23:16  COMPLETED      0:0 
22668.batch       batch        12      1      1    437316K   kelvin-n034        0.86M        0.01M   00:23:16  COMPLETED      0:0 
22668.0           orted        12      1      1                                                      00:23:15  COMPLETED      0:0 


Job details:
============

JobId=22668 JobName=BSDE_job_4_procs
   UserId=zuoy(1582) GroupId=zuoy(1252) MCS_label=N/A
   Priority=10629952 Nice=0 Account=hpc_21_01207 QOS=normal
   JobState=COMPLETING Reason=None Dependency=(null)
   Requeue=0 Restarts=0 BatchFlag=1 Reboot=0 ExitCode=0:0
   DerivedExitCode=0:0
   RunTime=00:23:16 TimeLimit=23:00:00 TimeMin=N/A
   SubmitTime=2021-11-21T15:16:05 EligibleTime=2021-11-21T15:16:05
   AccrueTime=2021-11-21T15:16:05
   StartTime=2021-11-21T17:55:14 EndTime=2021-11-21T18:18:30 Deadline=N/A
   SuspendTime=None SecsPreSuspend=0 LastSchedEval=2021-11-21T17:55:14
   Partition=compute AllocNode:Sid=kelvin01:12189
   ReqNodeList=(null) ExcNodeList=(null)
   NodeList=kelvin-n035
   BatchHost=kelvin-n034
   NumNodes=1 NumCPUs=24 NumTasks=16 CPUs/Task=1 ReqB:S:C:T=0:0:*:*
   TRES=cpu=24,mem=46000M,node=2,billing=24
   Socks/Node=* NtasksPerN:B:S:C=0:0:*:* CoreSpec=*
   JOB_GRES=(null)
     Nodes=kelvin-n[034-035] CPU_IDs=0-11 Mem=23000 GRES=
   MinCPUsNode=1 MinMemoryNode=23000M MinTmpDiskNode=0
   Features=(null) DelayBoot=00:00:00
   OverSubscribe=NO Contiguous=0 Licenses=(null) Network=(null)
   Command=/home/users/mschpc/2019/zuoy/HPC/NeuralNetwork/parallel/scripts/script_AllenCahn_d300_b1_n16.sh
   WorkDir=/home/users/mschpc/2019/zuoy/HPC/NeuralNetwork/parallel
   StdErr=/home/users/mschpc/2019/zuoy/HPC/NeuralNetwork/parallel/output/slurm-22668.out
   StdIn=/dev/null
   StdOut=/home/users/mschpc/2019/zuoy/HPC/NeuralNetwork/parallel/output/slurm-22668.out
   Power=
   NtasksPerTRES:0


Disk quota details:
===================

Quota Type           Name  Filesystem     Usage in MB     Limit in MB    % Used
-------------------------------------------------------------------------------
USER                 zuoy       /home             128          51,200     0.25%

GROUP              mschpc   /projects             999          51,200     1.95%
GROUP          pi-dgolden   /projects               0          51,200     0.00%


SLURM Bank Statement:
=====================

User           Usage |        Account     Usage | Account Limit Available (CPU hrs)
---------- --------- + -------------- --------- + ------------- ---------
zuoy          20,448 |   HPC_21_01207    20,448 |       100,000    79,552


Acknowledgements:
=================

Note that usage of TCHPC Resources *must* be acknowledged in all publications.

Please see this page for details relevant to this cluster:

http://www.tchpc.tcd.ie/resources/acknowledgementpolicy

################################################################################
