Parallel Mode: Master-Slave
Dimension: 300
Total time: 0.3
Number of time intervals: 20
Learning rate: 0.0005
y_init_range: 0.3, 0.5
Number of neurons in each hidden layer of each subnet: 110, 110, 
Epochs: 4000
Batch size: 1
Sample size: 256
Logging frequency: 100
Model name: AllenCahn_parallel_
Number of processors: 64


Training:
Epoch:100
In training set, loss: 6.57313, Y0: 0.265179

Epoch:200
In training set, loss: 5.37422, Y0: 0.235069

Epoch:300
In training set, loss: 4.46401, Y0: 0.20886

Epoch:400
In training set, loss: 3.76567, Y0: 0.185934

Epoch:500
In training set, loss: 3.22546, Y0: 0.165804

Epoch:600
In training set, loss: 2.80479, Y0: 0.148078

Epoch:700
In training set, loss: 2.47539, Y0: 0.132435

Epoch:800
In training set, loss: 2.2162, Y0: 0.118605

Epoch:900
In training set, loss: 2.01138, Y0: 0.106361

Epoch:1000
In training set, loss: 1.84884, Y0: 0.0955103

Epoch:1100
In training set, loss: 1.71932, Y0: 0.0858856

Epoch:1200
In training set, loss: 1.61565, Y0: 0.0773423

Epoch:1300
In training set, loss: 1.5323, Y0: 0.0697548

Epoch:1400
In training set, loss: 1.46493, Y0: 0.0630133

Epoch:1500
In training set, loss: 1.41016, Y0: 0.0570212

Epoch:1600
In training set, loss: 1.36534, Y0: 0.0516939

Epoch:1700
In training set, loss: 1.32839, Y0: 0.0469564

Epoch:1800
In training set, loss: 1.29766, Y0: 0.0427427

Epoch:1900
In training set, loss: 1.27186, Y0: 0.0389943

Epoch:2000
In training set, loss: 1.24998, Y0: 0.0356596

Epoch:2100
In training set, loss: 1.23122, Y0: 0.0326925

Epoch:2200
In training set, loss: 1.21493, Y0: 0.0300526

Epoch:2300
In training set, loss: 1.20061, Y0: 0.0277035

Epoch:2400
In training set, loss: 1.18787, Y0: 0.0256132

Epoch:2500
In training set, loss: 1.17639, Y0: 0.0237533

Epoch:2600
In training set, loss: 1.16592, Y0: 0.0220984

Epoch:2700
In training set, loss: 1.15626, Y0: 0.0206259

Epoch:2800
In training set, loss: 1.14726, Y0: 0.0193158

Epoch:2900
In training set, loss: 1.13878, Y0: 0.0181504

Epoch:3000
In training set, loss: 1.13075, Y0: 0.0171136

Epoch:3100
In training set, loss: 1.12306, Y0: 0.0161915

Epoch:3200
In training set, loss: 1.11567, Y0: 0.0153715

Epoch:3300
In training set, loss: 1.10852, Y0: 0.0146424

Epoch:3400
In training set, loss: 1.10157, Y0: 0.0139942

Epoch:3500
In training set, loss: 1.0948, Y0: 0.0134181

Epoch:3600
In training set, loss: 1.08817, Y0: 0.0129062

Epoch:3700
In training set, loss: 1.08167, Y0: 0.0124516

Epoch:3800
In training set, loss: 1.07528, Y0: 0.0120478

Epoch:3900
In training set, loss: 1.06899, Y0: 0.0116895

Epoch:4000
In training set, loss: 1.06279, Y0: 0.0113715



###############################################################################
TCHPC Cluster: kelvin
Job 21194 (BSDE_job_4_procs) for User 'zuoy' in Account 'hpc_21_01207'
Finished at: Thu Nov 18 03:07:59 GMT 2021

Job efficiency estimates:
=========================

Job ID: 21194
Cluster: kelvin
User/Group: zuoy/zuoy
State: COMPLETED (exit code 0)
Nodes: 6
Cores per node: 12
CPU Utilized: 04:17:22
CPU Efficiency: 15.14% of 1-04:20:24 core-walltime
Job Wall-clock time: 00:23:37
Memory Utilized: 682.43 MB
Memory Efficiency: 0.49% of 134.77 GB

Job completion status:
======================

       JobID    JobName AllocCPUS NTasks NNodes     MaxRSS    MaxRSSNode  MaxDiskRead MaxDiskWrite    Elapsed      State ExitCode 
------------ ---------- --------- ------ ------ ---------- ------------- ------------ ------------ ---------- ---------- -------- 
21194        BSDE_job_+        72             6                                                      00:23:37  COMPLETED      0:0 
21194.batch       batch        12      1      1    698812K   kelvin-n052        0.87M        0.01M   00:23:37  COMPLETED      0:0 
21194.0           orted        60      5      5                                                      00:23:36  COMPLETED      0:0 


Job details:
============

JobId=21194 JobName=BSDE_job_4_procs
   UserId=zuoy(1582) GroupId=zuoy(1252) MCS_label=N/A
   Priority=11356840 Nice=0 Account=hpc_21_01207 QOS=normal
   JobState=COMPLETING Reason=None Dependency=(null)
   Requeue=0 Restarts=0 BatchFlag=1 Reboot=0 ExitCode=0:0
   DerivedExitCode=0:0
   RunTime=00:23:37 TimeLimit=23:00:00 TimeMin=N/A
   SubmitTime=2021-11-17T21:53:39 EligibleTime=2021-11-17T21:53:39
   AccrueTime=2021-11-17T21:53:39
   StartTime=2021-11-18T02:44:22 EndTime=2021-11-18T03:07:59 Deadline=N/A
   SuspendTime=None SecsPreSuspend=0 LastSchedEval=2021-11-18T02:44:22
   Partition=compute AllocNode:Sid=kelvin01:6170
   ReqNodeList=(null) ExcNodeList=(null)
   NodeList=kelvin-n[054-055,062,066,068]
   BatchHost=kelvin-n052
   NumNodes=5 NumCPUs=72 NumTasks=64 CPUs/Task=1 ReqB:S:C:T=0:0:*:*
   TRES=cpu=72,mem=138000M,node=6,billing=72
   Socks/Node=* NtasksPerN:B:S:C=0:0:*:* CoreSpec=*
   JOB_GRES=(null)
     Nodes=kelvin-n[052,054-055,062,066,068] CPU_IDs=0-11 Mem=23000 GRES=
   MinCPUsNode=1 MinMemoryNode=23000M MinTmpDiskNode=0
   Features=(null) DelayBoot=00:00:00
   OverSubscribe=NO Contiguous=0 Licenses=(null) Network=(null)
   Command=/home/users/mschpc/2019/zuoy/HPC/NeuralNetwork/parallel/scripts/script_AllenCahn_d300_b1_n64.sh
   WorkDir=/home/users/mschpc/2019/zuoy/HPC/NeuralNetwork/parallel
   StdErr=/home/users/mschpc/2019/zuoy/HPC/NeuralNetwork/parallel/output/slurm-21194.out
   StdIn=/dev/null
   StdOut=/home/users/mschpc/2019/zuoy/HPC/NeuralNetwork/parallel/output/slurm-21194.out
   Power=
   NtasksPerTRES:0


Disk quota details:
===================

Quota Type           Name  Filesystem     Usage in MB     Limit in MB    % Used
-------------------------------------------------------------------------------
USER                 zuoy       /home             102          51,200     0.20%

GROUP              mschpc   /projects             999          51,200     1.95%
GROUP          pi-dgolden   /projects               0          51,200     0.00%


SLURM Bank Statement:
=====================

User           Usage |        Account     Usage | Account Limit Available (CPU hrs)
---------- --------- + -------------- --------- + ------------- ---------
zuoy           7,631 |   HPC_21_01207     7,631 |       100,000    92,369


Acknowledgements:
=================

Note that usage of TCHPC Resources *must* be acknowledged in all publications.

Please see this page for details relevant to this cluster:

http://www.tchpc.tcd.ie/resources/acknowledgementpolicy

################################################################################
