Parallel Mode: Ring-Allreduce
Dimension: 300
Total time: 1
Number of time intervals: 20
Learning rate: 0.01
y_init_range: 0, 1
Number of neurons in each hidden layer of each subnet: 110, 110, 
Epochs: 1000
Batch size: 64
Sample size: 1024
Logging frequency: 100
Model name: HJBLQ_parallel_
Number of processors: 64


Training:
Epoch:100
In training set, loss: 25.0099, Y0: 5.57535

Epoch:200
In training set, loss: 12.0464, Y0: 5.6328

Epoch:300
In training set, loss: 8.62862, Y0: 5.65573

Epoch:400
In training set, loss: 7.34433, Y0: 5.66695

Epoch:500
In training set, loss: 6.75727, Y0: 5.67311

Epoch:600
In training set, loss: 6.45215, Y0: 5.67676

Epoch:700
In training set, loss: 6.2762, Y0: 5.67902

Epoch:800
In training set, loss: 6.16431, Y0: 5.68048

Epoch:900
In training set, loss: 6.08591, Y0: 5.68146

Epoch:1000
In training set, loss: 6.02575, Y0: 5.68211



###############################################################################
TCHPC Cluster: kelvin
Job 23701 (BSDE_job_4_procs) for User 'zuoy' in Account 'hpc_21_01207'
Finished at: Thu Nov 25 10:51:51 GMT 2021

Job efficiency estimates:
=========================

Job ID: 23701
Cluster: kelvin
User/Group: zuoy/zuoy
State: COMPLETED (exit code 0)
Nodes: 6
Cores per node: 12
CPU Utilized: 01:17:09
CPU Efficiency: 15.09% of 08:31:12 core-walltime
Job Wall-clock time: 00:07:06
Memory Utilized: 1.03 GB
Memory Efficiency: 0.76% of 134.77 GB

Job completion status:
======================

       JobID    JobName AllocCPUS NTasks NNodes     MaxRSS    MaxRSSNode  MaxDiskRead MaxDiskWrite    Elapsed      State ExitCode 
------------ ---------- --------- ------ ------ ---------- ------------- ------------ ------------ ---------- ---------- -------- 
23701        BSDE_job_+        72             6                                                      00:07:06  COMPLETED      0:0 
23701.batch       batch        12      1      1   1078388K   kelvin-n030        0.86M        0.01M   00:07:06  COMPLETED      0:0 
23701.0           orted        60      5      5                                                      00:07:05  COMPLETED      0:0 


Job details:
============

JobId=23701 JobName=BSDE_job_4_procs
   UserId=zuoy(1582) GroupId=zuoy(1252) MCS_label=N/A
   Priority=11233461 Nice=0 Account=hpc_21_01207 QOS=normal
   JobState=COMPLETING Reason=None Dependency=(null)
   Requeue=0 Restarts=0 BatchFlag=1 Reboot=0 ExitCode=0:0
   DerivedExitCode=0:0
   RunTime=00:07:06 TimeLimit=23:00:00 TimeMin=N/A
   SubmitTime=2021-11-24T10:02:23 EligibleTime=2021-11-24T10:02:23
   AccrueTime=2021-11-24T10:02:23
   StartTime=2021-11-25T10:44:45 EndTime=2021-11-25T10:51:51 Deadline=N/A
   SuspendTime=None SecsPreSuspend=0 LastSchedEval=2021-11-25T10:44:45
   Partition=compute AllocNode:Sid=kelvin01:18898
   ReqNodeList=(null) ExcNodeList=(null)
   NodeList=kelvin-n[031-032,034-036]
   BatchHost=kelvin-n030
   NumNodes=5 NumCPUs=72 NumTasks=64 CPUs/Task=1 ReqB:S:C:T=0:0:*:*
   TRES=cpu=72,mem=138000M,node=6,billing=72
   Socks/Node=* NtasksPerN:B:S:C=0:0:*:* CoreSpec=*
   JOB_GRES=(null)
     Nodes=kelvin-n[030-032,034-036] CPU_IDs=0-11 Mem=23000 GRES=
   MinCPUsNode=1 MinMemoryNode=23000M MinTmpDiskNode=0
   Features=(null) DelayBoot=00:00:00
   OverSubscribe=NO Contiguous=0 Licenses=(null) Network=(null)
   Command=/home/users/mschpc/2019/zuoy/HPC/NeuralNetwork/parallel/scripts/script_HJBLQ_d300_b64_n64.sh
   WorkDir=/home/users/mschpc/2019/zuoy/HPC/NeuralNetwork/parallel
   StdErr=/home/users/mschpc/2019/zuoy/HPC/NeuralNetwork/parallel/output/slurm-23701.out
   StdIn=/dev/null
   StdOut=/home/users/mschpc/2019/zuoy/HPC/NeuralNetwork/parallel/output/slurm-23701.out
   Power=
   NtasksPerTRES:0


Disk quota details:
===================

Quota Type           Name  Filesystem     Usage in MB     Limit in MB    % Used
-------------------------------------------------------------------------------
USER                 zuoy       /home             142          51,200     0.28%

GROUP              mschpc   /projects             999          51,200     1.95%
GROUP          pi-dgolden   /projects               0          51,200     0.00%


SLURM Bank Statement:
=====================

User           Usage |        Account     Usage | Account Limit Available (CPU hrs)
---------- --------- + -------------- --------- + ------------- ---------
zuoy          28,169 |   HPC_21_01207    28,169 |       100,000    71,831


Acknowledgements:
=================

Note that usage of TCHPC Resources *must* be acknowledged in all publications.

Please see this page for details relevant to this cluster:

http://www.tchpc.tcd.ie/resources/acknowledgementpolicy

################################################################################
