Parallel Mode: Ring-Allreduce
Dimension: 100
Total time: 1
Number of time intervals: 20
Learning rate: 0.01
y_init_range: 0, 1
Number of neurons in each hidden layer of each subnet: 110, 110, 
Epochs: 1000
Batch size: 64
Sample size: 1024
Logging frequency: 100
Model name: HJBLQ_parallel_
Number of processors: 16


Training:
Epoch:100
In training set, loss: 39.1263, Y0: 4.51908

Epoch:200
In training set, loss: 33.515, Y0: 4.53384

Epoch:300
In training set, loss: 31.7845, Y0: 4.53803

Epoch:400
In training set, loss: 30.8089, Y0: 4.53951

Epoch:500
In training set, loss: 30.0221, Y0: 4.54019

Epoch:600
In training set, loss: 29.3003, Y0: 4.54061

Epoch:700
In training set, loss: 28.6116, Y0: 4.54094

Epoch:800
In training set, loss: 27.9461, Y0: 4.54125

Epoch:900
In training set, loss: 27.3005, Y0: 4.54155

Epoch:1000
In training set, loss: 26.6733, Y0: 4.54185



###############################################################################
TCHPC Cluster: kelvin
Job 23845 (BSDE_job_4_procs) for User 'zuoy' in Account 'hpc_21_01207'
Finished at: Thu Nov 25 11:32:18 GMT 2021

Job efficiency estimates:
=========================

Job ID: 23845
Cluster: kelvin
User/Group: zuoy/zuoy
State: COMPLETED (exit code 0)
Nodes: 2
Cores per node: 12
CPU Utilized: 00:27:54
CPU Efficiency: 32.75% of 01:25:12 core-walltime
Job Wall-clock time: 00:03:33
Memory Utilized: 424.59 MB
Memory Efficiency: 0.92% of 44.92 GB

Job completion status:
======================

       JobID    JobName AllocCPUS NTasks NNodes     MaxRSS    MaxRSSNode  MaxDiskRead MaxDiskWrite    Elapsed      State ExitCode 
------------ ---------- --------- ------ ------ ---------- ------------- ------------ ------------ ---------- ---------- -------- 
23845        BSDE_job_+        24             2                                                      00:03:33  COMPLETED      0:0 
23845.batch       batch        12      1      1    434780K   kelvin-n013        0.86M        0.01M   00:03:33  COMPLETED      0:0 
23845.0           orted        12      1      1                                                      00:03:31  COMPLETED      0:0 


Job details:
============

JobId=23845 JobName=BSDE_job_4_procs
   UserId=zuoy(1582) GroupId=zuoy(1252) MCS_label=N/A
   Priority=10873188 Nice=0 Account=hpc_21_01207 QOS=normal
   JobState=COMPLETING Reason=None Dependency=(null)
   Requeue=0 Restarts=0 BatchFlag=1 Reboot=0 ExitCode=0:0
   DerivedExitCode=0:0
   RunTime=00:03:33 TimeLimit=23:00:00 TimeMin=N/A
   SubmitTime=2021-11-24T22:47:57 EligibleTime=2021-11-24T22:47:57
   AccrueTime=2021-11-24T22:47:57
   StartTime=2021-11-25T11:28:45 EndTime=2021-11-25T11:32:18 Deadline=N/A
   SuspendTime=None SecsPreSuspend=0 LastSchedEval=2021-11-25T11:28:45
   Partition=compute AllocNode:Sid=kelvin01:6560
   ReqNodeList=(null) ExcNodeList=(null)
   NodeList=kelvin-n019
   BatchHost=kelvin-n013
   NumNodes=1 NumCPUs=24 NumTasks=16 CPUs/Task=1 ReqB:S:C:T=0:0:*:*
   TRES=cpu=24,mem=46000M,node=2,billing=24
   Socks/Node=* NtasksPerN:B:S:C=0:0:*:* CoreSpec=*
   JOB_GRES=(null)
     Nodes=kelvin-n[013,019] CPU_IDs=0-11 Mem=23000 GRES=
   MinCPUsNode=1 MinMemoryNode=23000M MinTmpDiskNode=0
   Features=(null) DelayBoot=00:00:00
   OverSubscribe=NO Contiguous=0 Licenses=(null) Network=(null)
   Command=/home/users/mschpc/2019/zuoy/HPC/NeuralNetwork/parallel/scripts/script_HJBLQ_d100_b64_n16.sh
   WorkDir=/home/users/mschpc/2019/zuoy/HPC/NeuralNetwork/parallel
   StdErr=/home/users/mschpc/2019/zuoy/HPC/NeuralNetwork/parallel/output/slurm-23845.out
   StdIn=/dev/null
   StdOut=/home/users/mschpc/2019/zuoy/HPC/NeuralNetwork/parallel/output/slurm-23845.out
   Power=
   NtasksPerTRES:0


Disk quota details:
===================

Quota Type           Name  Filesystem     Usage in MB     Limit in MB    % Used
-------------------------------------------------------------------------------
USER                 zuoy       /home             143          51,200     0.28%

GROUP              mschpc   /projects             999          51,200     1.95%
GROUP          pi-dgolden   /projects               0          51,200     0.00%


SLURM Bank Statement:
=====================

User           Usage |        Account     Usage | Account Limit Available (CPU hrs)
---------- --------- + -------------- --------- + ------------- ---------
zuoy          28,241 |   HPC_21_01207    28,241 |       100,000    71,759


Acknowledgements:
=================

Note that usage of TCHPC Resources *must* be acknowledged in all publications.

Please see this page for details relevant to this cluster:

http://www.tchpc.tcd.ie/resources/acknowledgementpolicy

################################################################################
