Parallel Mode: Ring-Allreduce
Dimension: 300
Total time: 1
Number of time intervals: 20
Learning rate: 0.01
y_init_range: 0, 1
Number of neurons in each hidden layer of each subnet: 110, 110, 
Epochs: 1000
Batch size: 1
Sample size: 1024
Logging frequency: 100
Model name: HJBLQ_parallel_
Number of processors: 128


Training:
Epoch:100
In training set, loss: 43.2535, Y0: 5.50884

Epoch:200
In training set, loss: 24.4845, Y0: 5.56871

Epoch:300
In training set, loss: 16.4094, Y0: 5.60236

Epoch:400
In training set, loss: 12.4223, Y0: 5.62347

Epoch:500
In training set, loss: 10.2405, Y0: 5.63754

Epoch:600
In training set, loss: 8.953, Y0: 5.64733

Epoch:700
In training set, loss: 8.14917, Y0: 5.65435

Epoch:800
In training set, loss: 7.62469, Y0: 5.65951

Epoch:900
In training set, loss: 7.27014, Y0: 5.66338

Epoch:1000
In training set, loss: 7.02317, Y0: 5.66634



###############################################################################
TCHPC Cluster: kelvin
Job 22026 (BSDE_job_4_procs) for User 'zuoy' in Account 'hpc_21_01207'
Finished at: Sat Nov 20 10:31:00 GMT 2021

Job efficiency estimates:
=========================

Job ID: 22026
Cluster: kelvin
User/Group: zuoy/zuoy
State: COMPLETED (exit code 0)
Nodes: 11
Cores per node: 12
CPU Utilized: 01:05:55
CPU Efficiency: 8.92% of 12:19:12 core-walltime
Job Wall-clock time: 00:05:36
Memory Utilized: 1.12 GB
Memory Efficiency: 0.45% of 247.07 GB

Job completion status:
======================

       JobID    JobName AllocCPUS NTasks NNodes     MaxRSS    MaxRSSNode  MaxDiskRead MaxDiskWrite    Elapsed      State ExitCode 
------------ ---------- --------- ------ ------ ---------- ------------- ------------ ------------ ---------- ---------- -------- 
22026        BSDE_job_+       132            11                                                      00:05:36  COMPLETED      0:0 
22026.batch       batch        12      1      1   1175104K   kelvin-n001        0.86M        0.01M   00:05:36  COMPLETED      0:0 
22026.0           orted       120     10     10                                                      00:05:35  COMPLETED      0:0 


Job details:
============

JobId=22026 JobName=BSDE_job_4_procs
   UserId=zuoy(1582) GroupId=zuoy(1252) MCS_label=N/A
   Priority=11082165 Nice=0 Account=hpc_21_01207 QOS=normal
   JobState=COMPLETING Reason=None Dependency=(null)
   Requeue=0 Restarts=0 BatchFlag=1 Reboot=0 ExitCode=0:0
   DerivedExitCode=0:0
   RunTime=00:05:36 TimeLimit=23:00:00 TimeMin=N/A
   SubmitTime=2021-11-20T09:22:01 EligibleTime=2021-11-20T09:22:01
   AccrueTime=2021-11-20T09:22:01
   StartTime=2021-11-20T10:25:24 EndTime=2021-11-20T10:31:00 Deadline=N/A
   SuspendTime=None SecsPreSuspend=0 LastSchedEval=2021-11-20T10:25:24
   Partition=compute AllocNode:Sid=kelvin01:23606
   ReqNodeList=(null) ExcNodeList=(null)
   NodeList=kelvin-n[020,075-076,079,082,089-092,096]
   BatchHost=kelvin-n001
   NumNodes=10 NumCPUs=132 NumTasks=128 CPUs/Task=1 ReqB:S:C:T=0:0:*:*
   TRES=cpu=132,mem=253000M,node=11,billing=132
   Socks/Node=* NtasksPerN:B:S:C=0:0:*:* CoreSpec=*
   JOB_GRES=(null)
     Nodes=kelvin-n[001,020,075-076,079,082,089-092,096] CPU_IDs=0-11 Mem=23000 GRES=
   MinCPUsNode=1 MinMemoryNode=23000M MinTmpDiskNode=0
   Features=(null) DelayBoot=00:00:00
   OverSubscribe=NO Contiguous=0 Licenses=(null) Network=(null)
   Command=/home/users/mschpc/2019/zuoy/HPC/NeuralNetwork/parallel/scripts/script_HJBLQ_d300_b1_n128.sh
   WorkDir=/home/users/mschpc/2019/zuoy/HPC/NeuralNetwork/parallel
   StdErr=/home/users/mschpc/2019/zuoy/HPC/NeuralNetwork/parallel/output/slurm-22026.out
   StdIn=/dev/null
   StdOut=/home/users/mschpc/2019/zuoy/HPC/NeuralNetwork/parallel/output/slurm-22026.out
   Power=
   NtasksPerTRES:0


Disk quota details:
===================

Quota Type           Name  Filesystem     Usage in MB     Limit in MB    % Used
-------------------------------------------------------------------------------
USER                 zuoy       /home             110          51,200     0.22%

GROUP              mschpc   /projects             999          51,200     1.95%
GROUP          pi-dgolden   /projects               0          51,200     0.00%


SLURM Bank Statement:
=====================

User           Usage |        Account     Usage | Account Limit Available (CPU hrs)
---------- --------- + -------------- --------- + ------------- ---------
zuoy          12,657 |   HPC_21_01207    12,657 |       100,000    87,343


Acknowledgements:
=================

Note that usage of TCHPC Resources *must* be acknowledged in all publications.

Please see this page for details relevant to this cluster:

http://www.tchpc.tcd.ie/resources/acknowledgementpolicy

################################################################################
