Parallel Mode: Ring-Allreduce
Dimension: 100
Total time: 1
Number of time intervals: 40
Learning rate: 0.01
y_init_range: 40, 50
Number of neurons in each hidden layer of each subnet: 110, 110, 
Epochs: 1000
Batch size: 1
Sample size: 256
Logging frequency: 100
Model name: pricing_default_risk_parallel_
Number of processors: 32


Training:
Epoch:100
In training set, loss: 2670.24, Y0: 57.2025

Epoch:200
In training set, loss: 2420.68, Y0: 57.2511

Epoch:300
In training set, loss: 2240.12, Y0: 57.282

Epoch:400
In training set, loss: 2100.86, Y0: 57.3085

Epoch:500
In training set, loss: 1986.82, Y0: 57.3316

Epoch:600
In training set, loss: 1890.16, Y0: 57.3505

Epoch:700
In training set, loss: 1805.81, Y0: 57.3669

Epoch:800
In training set, loss: 1730.33, Y0: 57.3811

Epoch:900
In training set, loss: 1661.96, Y0: 57.3937

Epoch:1000
In training set, loss: 1598.43, Y0: 57.4048



###############################################################################
TCHPC Cluster: kelvin
Job 21437 (BSDE_job_4_procs) for User 'zuoy' in Account 'hpc_21_01207'
Finished at: Thu Nov 18 21:25:06 GMT 2021

Job efficiency estimates:
=========================

Job ID: 21437
Cluster: kelvin
User/Group: zuoy/zuoy
State: COMPLETED (exit code 0)
Nodes: 3
Cores per node: 12
CPU Utilized: 00:48:02
CPU Efficiency: 29.98% of 02:40:12 core-walltime
Job Wall-clock time: 00:04:27
Memory Utilized: 573.12 MB
Memory Efficiency: 0.83% of 67.38 GB

Job completion status:
======================

       JobID    JobName AllocCPUS NTasks NNodes     MaxRSS    MaxRSSNode  MaxDiskRead MaxDiskWrite    Elapsed      State ExitCode 
------------ ---------- --------- ------ ------ ---------- ------------- ------------ ------------ ---------- ---------- -------- 
21437        BSDE_job_+        36             3                                                      00:04:27  COMPLETED      0:0 
21437.batch       batch        12      1      1    586880K   kelvin-n014        0.86M        0.01M   00:04:27  COMPLETED      0:0 
21437.0           orted        24      2      2                                                      00:04:25  COMPLETED      0:0 


Job details:
============

JobId=21437 JobName=BSDE_job_4_procs
   UserId=zuoy(1582) GroupId=zuoy(1252) MCS_label=N/A
   Priority=11075161 Nice=0 Account=hpc_21_01207 QOS=normal
   JobState=COMPLETING Reason=None Dependency=(null)
   Requeue=0 Restarts=0 BatchFlag=1 Reboot=0 ExitCode=0:0
   DerivedExitCode=0:0
   RunTime=00:04:27 TimeLimit=23:00:00 TimeMin=N/A
   SubmitTime=2021-11-18T20:21:39 EligibleTime=2021-11-18T20:21:39
   AccrueTime=2021-11-18T20:21:39
   StartTime=2021-11-18T21:20:39 EndTime=2021-11-18T21:25:06 Deadline=N/A
   SuspendTime=None SecsPreSuspend=0 LastSchedEval=2021-11-18T21:20:39
   Partition=compute AllocNode:Sid=kelvin01:10771
   ReqNodeList=(null) ExcNodeList=(null)
   NodeList=kelvin-n[059,084]
   BatchHost=kelvin-n014
   NumNodes=2 NumCPUs=36 NumTasks=32 CPUs/Task=1 ReqB:S:C:T=0:0:*:*
   TRES=cpu=36,mem=69000M,node=3,billing=36
   Socks/Node=* NtasksPerN:B:S:C=0:0:*:* CoreSpec=*
   JOB_GRES=(null)
     Nodes=kelvin-n[014,059,084] CPU_IDs=0-11 Mem=23000 GRES=
   MinCPUsNode=1 MinMemoryNode=23000M MinTmpDiskNode=0
   Features=(null) DelayBoot=00:00:00
   OverSubscribe=NO Contiguous=0 Licenses=(null) Network=(null)
   Command=/home/users/mschpc/2019/zuoy/HPC/NeuralNetwork/parallel/scripts/script_PricingDefaultRisk_d100_b1_n32.sh
   WorkDir=/home/users/mschpc/2019/zuoy/HPC/NeuralNetwork/parallel
   StdErr=/home/users/mschpc/2019/zuoy/HPC/NeuralNetwork/parallel/output/slurm-21437.out
   StdIn=/dev/null
   StdOut=/home/users/mschpc/2019/zuoy/HPC/NeuralNetwork/parallel/output/slurm-21437.out
   Power=
   NtasksPerTRES:0


Disk quota details:
===================

Quota Type           Name  Filesystem     Usage in MB     Limit in MB    % Used
-------------------------------------------------------------------------------
USER                 zuoy       /home             103          51,200     0.20%

GROUP              mschpc   /projects             999          51,200     1.95%
GROUP          pi-dgolden   /projects               0          51,200     0.00%


SLURM Bank Statement:
=====================

User           Usage |        Account     Usage | Account Limit Available (CPU hrs)
---------- --------- + -------------- --------- + ------------- ---------
zuoy           9,307 |   HPC_21_01207     9,307 |       100,000    90,693


Acknowledgements:
=================

Note that usage of TCHPC Resources *must* be acknowledged in all publications.

Please see this page for details relevant to this cluster:

http://www.tchpc.tcd.ie/resources/acknowledgementpolicy

################################################################################
