Parallel Mode: Master-Slave
Dimension: 100
Total time: 0.3
Number of time intervals: 20
Learning rate: 0.0005
y_init_range: 0.3, 0.5
Number of neurons in each hidden layer of each subnet: 110, 110, 
Epochs: 4000
Batch size: 1
Sample size: 1024
Logging frequency: 100
Model name: AllenCahn_parallel_
Number of processors: 64


Training:
Epoch:100
In training set, loss: 14.5396, Y0: 0.202436

Epoch:200
In training set, loss: 9.99327, Y0: 0.143848

Epoch:300
In training set, loss: 8.23546, Y0: 0.107579

Epoch:400
In training set, loss: 7.52729, Y0: 0.0848402

Epoch:500
In training set, loss: 7.22846, Y0: 0.0705014

Epoch:600
In training set, loss: 7.09195, Y0: 0.0614333

Epoch:700
In training set, loss: 7.02049, Y0: 0.0556895

Epoch:800
In training set, loss: 6.97534, Y0: 0.0520477

Epoch:900
In training set, loss: 6.94103, Y0: 0.0497371

Epoch:1000
In training set, loss: 6.91133, Y0: 0.0482702

Epoch:1100
In training set, loss: 6.88374, Y0: 0.0473382

Epoch:1200
In training set, loss: 6.85724, Y0: 0.0467456

Epoch:1300
In training set, loss: 6.83143, Y0: 0.0463683

Epoch:1400
In training set, loss: 6.80614, Y0: 0.0461277

Epoch:1500
In training set, loss: 6.78129, Y0: 0.0459737

Epoch:1600
In training set, loss: 6.75685, Y0: 0.0458747

Epoch:1700
In training set, loss: 6.73281, Y0: 0.0458107

Epoch:1800
In training set, loss: 6.70915, Y0: 0.0457688

Epoch:1900
In training set, loss: 6.68587, Y0: 0.0457409

Epoch:2000
In training set, loss: 6.66295, Y0: 0.0457219

Epoch:2100
In training set, loss: 6.64038, Y0: 0.0457086

Epoch:2200
In training set, loss: 6.61817, Y0: 0.0456987

Epoch:2300
In training set, loss: 6.59631, Y0: 0.0456912

Epoch:2400
In training set, loss: 6.57478, Y0: 0.0456849

Epoch:2500
In training set, loss: 6.55359, Y0: 0.0456796

Epoch:2600
In training set, loss: 6.53272, Y0: 0.0456748

Epoch:2700
In training set, loss: 6.51217, Y0: 0.0456703

Epoch:2800
In training set, loss: 6.49194, Y0: 0.0456659

Epoch:2900
In training set, loss: 6.47202, Y0: 0.0456617

Epoch:3000
In training set, loss: 6.45241, Y0: 0.0456575

Epoch:3100
In training set, loss: 6.43309, Y0: 0.0456533

Epoch:3200
In training set, loss: 6.41408, Y0: 0.0456491

Epoch:3300
In training set, loss: 6.39535, Y0: 0.0456449

Epoch:3400
In training set, loss: 6.3769, Y0: 0.0456406

Epoch:3500
In training set, loss: 6.35873, Y0: 0.0456364

Epoch:3600
In training set, loss: 6.34084, Y0: 0.0456321

Epoch:3700
In training set, loss: 6.32321, Y0: 0.0456277

Epoch:3800
In training set, loss: 6.30585, Y0: 0.0456233

Epoch:3900
In training set, loss: 6.28875, Y0: 0.0456189

Epoch:4000
In training set, loss: 6.27191, Y0: 0.0456144



###############################################################################
TCHPC Cluster: kelvin
Job 22829 (BSDE_job_4_procs) for User 'zuoy' in Account 'hpc_21_01207'
Finished at: Sun Nov 21 23:29:47 GMT 2021

Job efficiency estimates:
=========================

Job ID: 22829
Cluster: kelvin
User/Group: zuoy/zuoy
State: COMPLETED (exit code 0)
Nodes: 6
Cores per node: 12
CPU Utilized: 04:08:39
CPU Efficiency: 15.17% of 1-03:19:12 core-walltime
Job Wall-clock time: 00:22:46
Memory Utilized: 666.70 MB
Memory Efficiency: 0.48% of 134.77 GB

Job completion status:
======================

       JobID    JobName AllocCPUS NTasks NNodes     MaxRSS    MaxRSSNode  MaxDiskRead MaxDiskWrite    Elapsed      State ExitCode 
------------ ---------- --------- ------ ------ ---------- ------------- ------------ ------------ ---------- ---------- -------- 
22829        BSDE_job_+        72             6                                                      00:22:46  COMPLETED      0:0 
22829.batch       batch        12      1      1    682700K   kelvin-n074        0.86M        0.01M   00:22:46  COMPLETED      0:0 
22829.0           orted        60      5      5                                                      00:22:45  COMPLETED      0:0 


Job details:
============

JobId=22829 JobName=BSDE_job_4_procs
   UserId=zuoy(1582) GroupId=zuoy(1252) MCS_label=N/A
   Priority=10533932 Nice=0 Account=hpc_21_01207 QOS=normal
   JobState=COMPLETING Reason=None Dependency=(null)
   Requeue=0 Restarts=0 BatchFlag=1 Reboot=0 ExitCode=0:0
   DerivedExitCode=0:0
   RunTime=00:22:46 TimeLimit=23:00:00 TimeMin=N/A
   SubmitTime=2021-11-21T21:55:38 EligibleTime=2021-11-21T21:55:38
   AccrueTime=2021-11-21T21:55:38
   StartTime=2021-11-21T23:07:01 EndTime=2021-11-21T23:29:47 Deadline=N/A
   SuspendTime=None SecsPreSuspend=0 LastSchedEval=2021-11-21T23:07:01
   Partition=compute AllocNode:Sid=kelvin01:12189
   ReqNodeList=(null) ExcNodeList=(null)
   NodeList=kelvin-n[075,078-079,084,090]
   BatchHost=kelvin-n074
   NumNodes=5 NumCPUs=72 NumTasks=64 CPUs/Task=1 ReqB:S:C:T=0:0:*:*
   TRES=cpu=72,mem=138000M,node=6,billing=72
   Socks/Node=* NtasksPerN:B:S:C=0:0:*:* CoreSpec=*
   JOB_GRES=(null)
     Nodes=kelvin-n[074-075,078-079,084,090] CPU_IDs=0-11 Mem=23000 GRES=
   MinCPUsNode=1 MinMemoryNode=23000M MinTmpDiskNode=0
   Features=(null) DelayBoot=00:00:00
   OverSubscribe=NO Contiguous=0 Licenses=(null) Network=(null)
   Command=/home/users/mschpc/2019/zuoy/HPC/NeuralNetwork/parallel/scripts/script_AllenCahn_d100_b1_n64.sh
   WorkDir=/home/users/mschpc/2019/zuoy/HPC/NeuralNetwork/parallel
   StdErr=/home/users/mschpc/2019/zuoy/HPC/NeuralNetwork/parallel/output/slurm-22829.out
   StdIn=/dev/null
   StdOut=/home/users/mschpc/2019/zuoy/HPC/NeuralNetwork/parallel/output/slurm-22829.out
   Power=
   NtasksPerTRES:0


Disk quota details:
===================

Quota Type           Name  Filesystem     Usage in MB     Limit in MB    % Used
-------------------------------------------------------------------------------
USER                 zuoy       /home             128          51,200     0.25%

GROUP              mschpc   /projects             999          51,200     1.95%
GROUP          pi-dgolden   /projects               0          51,200     0.00%


SLURM Bank Statement:
=====================

User           Usage |        Account     Usage | Account Limit Available (CPU hrs)
---------- --------- + -------------- --------- + ------------- ---------
zuoy          22,426 |   HPC_21_01207    22,426 |       100,000    77,574


Acknowledgements:
=================

Note that usage of TCHPC Resources *must* be acknowledged in all publications.

Please see this page for details relevant to this cluster:

http://www.tchpc.tcd.ie/resources/acknowledgementpolicy

################################################################################
