Parallel Mode: Master-Slave
Dimension: 100
Total time: 1
Number of time intervals: 20
Learning rate: 0.01
y_init_range: 0, 1
Number of neurons in each hidden layer of each subnet: 110, 110, 
Epochs: 1000
Batch size: 64
Sample size: 1024
Logging frequency: 100
Model name: HJBLQ_parallel_
Number of processors: 4


Training:
Epoch:100
In training set, loss: 52.2922, Y0: 4.40695

Epoch:200
In training set, loss: 43.7741, Y0: 4.49398

Epoch:300
In training set, loss: 40.3431, Y0: 4.50276

Epoch:400
In training set, loss: 38.0407, Y0: 4.50787

Epoch:500
In training set, loss: 36.4547, Y0: 4.51137

Epoch:600
In training set, loss: 35.329, Y0: 4.51382

Epoch:700
In training set, loss: 34.5033, Y0: 4.51555

Epoch:800
In training set, loss: 33.8754, Y0: 4.51678

Epoch:900
In training set, loss: 33.3802, Y0: 4.51768

Epoch:1000
In training set, loss: 32.9751, Y0: 4.51833



###############################################################################
TCHPC Cluster: kelvin
Job 22642 (BSDE_job_4_procs) for User 'zuoy' in Account 'hpc_21_01207'
Finished at: Sun Nov 21 16:35:56 GMT 2021

Job efficiency estimates:
=========================

Job ID: 22642
Cluster: kelvin
User/Group: zuoy/zuoy
State: COMPLETED (exit code 0)
Nodes: 1
Cores per node: 12
CPU Utilized: 00:37:51
CPU Efficiency: 33.26% of 01:53:48 core-walltime
Job Wall-clock time: 00:09:29
Memory Utilized: 211.25 MB
Memory Efficiency: 0.92% of 22.46 GB

Job completion status:
======================

       JobID    JobName AllocCPUS NTasks NNodes     MaxRSS    MaxRSSNode  MaxDiskRead MaxDiskWrite    Elapsed      State ExitCode 
------------ ---------- --------- ------ ------ ---------- ------------- ------------ ------------ ---------- ---------- -------- 
22642        BSDE_job_+        12             1                                                      00:09:29  COMPLETED      0:0 
22642.batch       batch        12      1      1    216320K   kelvin-n048        0.86M        0.01M   00:09:29  COMPLETED      0:0 


Job details:
============

JobId=22642 JobName=BSDE_job_4_procs
   UserId=zuoy(1582) GroupId=zuoy(1252) MCS_label=N/A
   Priority=11019501 Nice=0 Account=hpc_21_01207 QOS=normal
   JobState=COMPLETING Reason=None Dependency=(null)
   Requeue=0 Restarts=0 BatchFlag=1 Reboot=0 ExitCode=0:0
   DerivedExitCode=0:0
   RunTime=00:09:29 TimeLimit=23:00:00 TimeMin=N/A
   SubmitTime=2021-11-21T13:35:57 EligibleTime=2021-11-21T13:35:57
   AccrueTime=2021-11-21T13:35:57
   StartTime=2021-11-21T16:26:27 EndTime=2021-11-21T16:35:56 Deadline=N/A
   SuspendTime=None SecsPreSuspend=0 LastSchedEval=2021-11-21T16:26:27
   Partition=compute AllocNode:Sid=kelvin01:30506
   ReqNodeList=(null) ExcNodeList=(null)
   NodeList=
   BatchHost=kelvin-n048
   NumNodes=1 NumCPUs=12 NumTasks=4 CPUs/Task=1 ReqB:S:C:T=0:0:*:*
   TRES=cpu=12,mem=23000M,node=1,billing=12
   Socks/Node=* NtasksPerN:B:S:C=0:0:*:* CoreSpec=*
   JOB_GRES=(null)
     Nodes=kelvin-n048 CPU_IDs=0-11 Mem=23000 GRES=
   MinCPUsNode=1 MinMemoryNode=23000M MinTmpDiskNode=0
   Features=(null) DelayBoot=00:00:00
   OverSubscribe=NO Contiguous=0 Licenses=(null) Network=(null)
   Command=/home/users/mschpc/2019/zuoy/HPC/NeuralNetwork/parallel/scripts/script_HJBLQ_d100_b64_n4.sh
   WorkDir=/home/users/mschpc/2019/zuoy/HPC/NeuralNetwork/parallel
   StdErr=/home/users/mschpc/2019/zuoy/HPC/NeuralNetwork/parallel/output/slurm-22642.out
   StdIn=/dev/null
   StdOut=/home/users/mschpc/2019/zuoy/HPC/NeuralNetwork/parallel/output/slurm-22642.out
   Power=
   NtasksPerTRES:0


Disk quota details:
===================

Quota Type           Name  Filesystem     Usage in MB     Limit in MB    % Used
-------------------------------------------------------------------------------
USER                 zuoy       /home             126          51,200     0.25%

GROUP              mschpc   /projects             999          51,200     1.95%
GROUP          pi-dgolden   /projects               0          51,200     0.00%


SLURM Bank Statement:
=====================

User           Usage |        Account     Usage | Account Limit Available (CPU hrs)
---------- --------- + -------------- --------- + ------------- ---------
zuoy          19,704 |   HPC_21_01207    19,704 |       100,000    80,296


Acknowledgements:
=================

Note that usage of TCHPC Resources *must* be acknowledged in all publications.

Please see this page for details relevant to this cluster:

http://www.tchpc.tcd.ie/resources/acknowledgementpolicy

################################################################################
