Parallel Mode: Ring-Allreduce
Dimension: 100
Total time: 1
Number of time intervals: 40
Learning rate: 0.01
y_init_range: 40, 50
Number of neurons in each hidden layer of each subnet: 110, 110, 
Epochs: 1000
Batch size: 1
Sample size: 256
Logging frequency: 100
Model name: pricing_default_risk_parallel_
Number of processors: 8


Training:
Epoch:100
In training set, loss: 2229.45, Y0: 57.2688

Epoch:200
In training set, loss: 1838.09, Y0: 57.3378

Epoch:300
In training set, loss: 1579.72, Y0: 57.3757

Epoch:400
In training set, loss: 1374.38, Y0: 57.3974

Epoch:500
In training set, loss: 1202.2, Y0: 57.4118

Epoch:600
In training set, loss: 1053.29, Y0: 57.4208

Epoch:700
In training set, loss: 922.454, Y0: 57.4268

Epoch:800
In training set, loss: 807.661, Y0: 57.4314

Epoch:900
In training set, loss: 706.561, Y0: 57.4349

Epoch:1000
In training set, loss: 617.454, Y0: 57.4372



###############################################################################
TCHPC Cluster: kelvin
Job 21906 (BSDE_job_4_procs) for User 'zuoy' in Account 'hpc_21_01207'
Finished at: Sat Nov 20 05:08:49 GMT 2021

Job efficiency estimates:
=========================

Job ID: 21906
Cluster: kelvin
User/Group: zuoy/zuoy
State: COMPLETED (exit code 0)
Nodes: 1
Cores per node: 12
CPU Utilized: 01:01:32
CPU Efficiency: 66.45% of 01:32:36 core-walltime
Job Wall-clock time: 00:07:43
Memory Utilized: 417.34 MB
Memory Efficiency: 1.81% of 22.46 GB

Job completion status:
======================

       JobID    JobName AllocCPUS NTasks NNodes     MaxRSS    MaxRSSNode  MaxDiskRead MaxDiskWrite    Elapsed      State ExitCode 
------------ ---------- --------- ------ ------ ---------- ------------- ------------ ------------ ---------- ---------- -------- 
21906        BSDE_job_+        12             1                                                      00:07:43  COMPLETED      0:0 
21906.batch       batch        12      1      1    427352K   kelvin-n003        0.87M        0.01M   00:07:43  COMPLETED      0:0 


Job details:
============

JobId=21906 JobName=BSDE_job_4_procs
   UserId=zuoy(1582) GroupId=zuoy(1252) MCS_label=N/A
   Priority=11165196 Nice=0 Account=hpc_21_01207 QOS=normal
   JobState=COMPLETING Reason=None Dependency=(null)
   Requeue=0 Restarts=0 BatchFlag=1 Reboot=0 ExitCode=0:0
   DerivedExitCode=0:0
   RunTime=00:07:43 TimeLimit=23:00:00 TimeMin=N/A
   SubmitTime=2021-11-20T00:58:46 EligibleTime=2021-11-20T00:58:46
   AccrueTime=2021-11-20T00:58:46
   StartTime=2021-11-20T05:01:06 EndTime=2021-11-20T05:08:49 Deadline=N/A
   SuspendTime=None SecsPreSuspend=0 LastSchedEval=2021-11-20T05:01:06
   Partition=compute AllocNode:Sid=kelvin01:23080
   ReqNodeList=(null) ExcNodeList=(null)
   NodeList=
   BatchHost=kelvin-n003
   NumNodes=1 NumCPUs=12 NumTasks=8 CPUs/Task=1 ReqB:S:C:T=0:0:*:*
   TRES=cpu=12,mem=23000M,node=1,billing=12
   Socks/Node=* NtasksPerN:B:S:C=0:0:*:* CoreSpec=*
   JOB_GRES=(null)
     Nodes=kelvin-n003 CPU_IDs=0-11 Mem=23000 GRES=
   MinCPUsNode=1 MinMemoryNode=23000M MinTmpDiskNode=0
   Features=(null) DelayBoot=00:00:00
   OverSubscribe=NO Contiguous=0 Licenses=(null) Network=(null)
   Command=/home/users/mschpc/2019/zuoy/HPC/NeuralNetwork/parallel/scripts/script_PricingDefaultRisk_d100_b1_n8.sh
   WorkDir=/home/users/mschpc/2019/zuoy/HPC/NeuralNetwork/parallel
   StdErr=/home/users/mschpc/2019/zuoy/HPC/NeuralNetwork/parallel/output/slurm-21906.out
   StdIn=/dev/null
   StdOut=/home/users/mschpc/2019/zuoy/HPC/NeuralNetwork/parallel/output/slurm-21906.out
   Power=
   NtasksPerTRES:0


Disk quota details:
===================

Quota Type           Name  Filesystem     Usage in MB     Limit in MB    % Used
-------------------------------------------------------------------------------
USER                 zuoy       /home             110          51,200     0.22%

GROUP              mschpc   /projects             999          51,200     1.95%
GROUP          pi-dgolden   /projects               0          51,200     0.00%


SLURM Bank Statement:
=====================

User           Usage |        Account     Usage | Account Limit Available (CPU hrs)
---------- --------- + -------------- --------- + ------------- ---------
zuoy          12,077 |   HPC_21_01207    12,077 |       100,000    87,923


Acknowledgements:
=================

Note that usage of TCHPC Resources *must* be acknowledged in all publications.

Please see this page for details relevant to this cluster:

http://www.tchpc.tcd.ie/resources/acknowledgementpolicy

################################################################################
