Parallel Mode: Master-Slave
Dimension: 100
Total time: 0.25
Number of time intervals: 20
Learning rate: 0.0005
y_init_range: 0.25, 0.5
Number of neurons in each hidden layer of each subnet: 110, 110, 
Epochs: 4000
Batch size: 1
Sample size: 1024
Logging frequency: 100
Model name: AllenCahn_parallel_
Number of processors: 64


Training:
Epoch:100
In training set, loss: 10.7947, Y0: 0.173609

Epoch:200
In training set, loss: 8.11024, Y0: 0.128697

Epoch:300
In training set, loss: 7.13428, Y0: 0.101825

Epoch:400
In training set, loss: 6.76441, Y0: 0.0856266

Epoch:500
In training set, loss: 6.61406, Y0: 0.0758304

Epoch:600
In training set, loss: 6.54407, Y0: 0.0698969

Epoch:700
In training set, loss: 6.50377, Y0: 0.0663012

Epoch:800
In training set, loss: 6.47458, Y0: 0.0641224

Epoch:900
In training set, loss: 6.44967, Y0: 0.0628034

Epoch:1000
In training set, loss: 6.42652, Y0: 0.0620062

Epoch:1100
In training set, loss: 6.40421, Y0: 0.0615259

Epoch:1200
In training set, loss: 6.38239, Y0: 0.0612379

Epoch:1300
In training set, loss: 6.36093, Y0: 0.0610668

Epoch:1400
In training set, loss: 6.33978, Y0: 0.0609666

Epoch:1500
In training set, loss: 6.31891, Y0: 0.0609096

Epoch:1600
In training set, loss: 6.29832, Y0: 0.0608786

Epoch:1700
In training set, loss: 6.278, Y0: 0.0608636

Epoch:1800
In training set, loss: 6.25795, Y0: 0.0608581

Epoch:1900
In training set, loss: 6.23816, Y0: 0.0608585

Epoch:2000
In training set, loss: 6.21862, Y0: 0.0608623

Epoch:2100
In training set, loss: 6.19934, Y0: 0.0608683

Epoch:2200
In training set, loss: 6.18032, Y0: 0.0608755

Epoch:2300
In training set, loss: 6.16153, Y0: 0.0608834

Epoch:2400
In training set, loss: 6.14299, Y0: 0.0608917

Epoch:2500
In training set, loss: 6.12469, Y0: 0.0609003

Epoch:2600
In training set, loss: 6.10662, Y0: 0.0609089

Epoch:2700
In training set, loss: 6.08879, Y0: 0.0609176

Epoch:2800
In training set, loss: 6.07118, Y0: 0.0609262

Epoch:2900
In training set, loss: 6.0538, Y0: 0.0609348

Epoch:3000
In training set, loss: 6.03664, Y0: 0.0609434

Epoch:3100
In training set, loss: 6.0197, Y0: 0.0609519

Epoch:3200
In training set, loss: 6.00298, Y0: 0.0609603

Epoch:3300
In training set, loss: 5.98647, Y0: 0.0609686

Epoch:3400
In training set, loss: 5.97017, Y0: 0.0609769

Epoch:3500
In training set, loss: 5.95408, Y0: 0.0609852

Epoch:3600
In training set, loss: 5.93819, Y0: 0.0609934

Epoch:3700
In training set, loss: 5.9225, Y0: 0.0610015

Epoch:3800
In training set, loss: 5.90701, Y0: 0.0610096

Epoch:3900
In training set, loss: 5.89172, Y0: 0.0610176

Epoch:4000
In training set, loss: 5.87662, Y0: 0.0610255



###############################################################################
TCHPC Cluster: kelvin
Job 22830 (BSDE_job_4_procs) for User 'zuoy' in Account 'hpc_21_01207'
Finished at: Sun Nov 21 23:30:35 GMT 2021

Job efficiency estimates:
=========================

Job ID: 22830
Cluster: kelvin
User/Group: zuoy/zuoy
State: COMPLETED (exit code 0)
Nodes: 6
Cores per node: 12
CPU Utilized: 04:17:54
CPU Efficiency: 15.20% of 1-04:16:48 core-walltime
Job Wall-clock time: 00:23:34
Memory Utilized: 685.91 MB
Memory Efficiency: 0.50% of 134.77 GB

Job completion status:
======================

       JobID    JobName AllocCPUS NTasks NNodes     MaxRSS    MaxRSSNode  MaxDiskRead MaxDiskWrite    Elapsed      State ExitCode 
------------ ---------- --------- ------ ------ ---------- ------------- ------------ ------------ ---------- ---------- -------- 
22830        BSDE_job_+        72             6                                                      00:23:34  COMPLETED      0:0 
22830.batch       batch        12      1      1    702376K   kelvin-n052        0.86M        0.01M   00:23:34  COMPLETED      0:0 
22830.0           orted        60      5      5                                                      00:23:33  COMPLETED      0:0 


Job details:
============

JobId=22830 JobName=BSDE_job_4_procs
   UserId=zuoy(1582) GroupId=zuoy(1252) MCS_label=N/A
   Priority=10533932 Nice=0 Account=hpc_21_01207 QOS=normal
   JobState=COMPLETING Reason=None Dependency=(null)
   Requeue=0 Restarts=0 BatchFlag=1 Reboot=0 ExitCode=0:0
   DerivedExitCode=0:0
   RunTime=00:23:34 TimeLimit=23:00:00 TimeMin=N/A
   SubmitTime=2021-11-21T21:55:38 EligibleTime=2021-11-21T21:55:38
   AccrueTime=2021-11-21T21:55:38
   StartTime=2021-11-21T23:07:01 EndTime=2021-11-21T23:30:35 Deadline=N/A
   SuspendTime=None SecsPreSuspend=0 LastSchedEval=2021-11-21T23:07:01
   Partition=compute AllocNode:Sid=kelvin01:12189
   ReqNodeList=(null) ExcNodeList=(null)
   NodeList=kelvin-n[055,058,061,091-092]
   BatchHost=kelvin-n052
   NumNodes=5 NumCPUs=72 NumTasks=64 CPUs/Task=1 ReqB:S:C:T=0:0:*:*
   TRES=cpu=72,mem=138000M,node=6,billing=72
   Socks/Node=* NtasksPerN:B:S:C=0:0:*:* CoreSpec=*
   JOB_GRES=(null)
     Nodes=kelvin-n[052,055,058,061,091-092] CPU_IDs=0-11 Mem=23000 GRES=
   MinCPUsNode=1 MinMemoryNode=23000M MinTmpDiskNode=0
   Features=(null) DelayBoot=00:00:00
   OverSubscribe=NO Contiguous=0 Licenses=(null) Network=(null)
   Command=/home/users/mschpc/2019/zuoy/HPC/NeuralNetwork/parallel/scripts/script_AllenCahn_d200_b1_n64.sh
   WorkDir=/home/users/mschpc/2019/zuoy/HPC/NeuralNetwork/parallel
   StdErr=/home/users/mschpc/2019/zuoy/HPC/NeuralNetwork/parallel/output/slurm-22830.out
   StdIn=/dev/null
   StdOut=/home/users/mschpc/2019/zuoy/HPC/NeuralNetwork/parallel/output/slurm-22830.out
   Power=
   NtasksPerTRES:0


Disk quota details:
===================

Quota Type           Name  Filesystem     Usage in MB     Limit in MB    % Used
-------------------------------------------------------------------------------
USER                 zuoy       /home             128          51,200     0.25%

GROUP              mschpc   /projects             999          51,200     1.95%
GROUP          pi-dgolden   /projects               0          51,200     0.00%


SLURM Bank Statement:
=====================

User           Usage |        Account     Usage | Account Limit Available (CPU hrs)
---------- --------- + -------------- --------- + ------------- ---------
zuoy          22,432 |   HPC_21_01207    22,432 |       100,000    77,568


Acknowledgements:
=================

Note that usage of TCHPC Resources *must* be acknowledged in all publications.

Please see this page for details relevant to this cluster:

http://www.tchpc.tcd.ie/resources/acknowledgementpolicy

################################################################################
