Parallel Mode: Master-Slave
Dimension: 100
Total time: 1
Number of time intervals: 20
Learning rate: 0.01
y_init_range: 0, 1
Number of neurons in each hidden layer of each subnet: 110, 110, 
Epochs: 1000
Batch size: 64
Sample size: 1024
Logging frequency: 100
Model name: HJBLQ_parallel_
Number of processors: 128


Training:
Epoch:100
In training set, loss: 46.637, Y0: 4.50369

Epoch:200
In training set, loss: 39.2483, Y0: 4.52199

Epoch:300
In training set, loss: 35.902, Y0: 4.53004

Epoch:400
In training set, loss: 34.1918, Y0: 4.53406

Epoch:500
In training set, loss: 33.1796, Y0: 4.53619

Epoch:600
In training set, loss: 32.4829, Y0: 4.53738

Epoch:700
In training set, loss: 31.9379, Y0: 4.53809

Epoch:800
In training set, loss: 31.4707, Y0: 4.53855

Epoch:900
In training set, loss: 31.0462, Y0: 4.53887

Epoch:1000
In training set, loss: 30.6471, Y0: 4.53912



###############################################################################
TCHPC Cluster: kelvin
Job 23352 (BSDE_job_4_procs) for User 'zuoy' in Account 'hpc_21_01207'
Finished at: Tue Nov 23 15:38:27 GMT 2021

Job efficiency estimates:
=========================

Job ID: 23352
Cluster: kelvin
User/Group: zuoy/zuoy
State: COMPLETED (exit code 0)
Nodes: 11
Cores per node: 12
CPU Utilized: 01:35:39
CPU Efficiency: 8.95% of 17:49:12 core-walltime
Job Wall-clock time: 00:08:06
Memory Utilized: 739.54 MB
Memory Efficiency: 0.29% of 247.07 GB

Job completion status:
======================

       JobID    JobName AllocCPUS NTasks NNodes     MaxRSS    MaxRSSNode  MaxDiskRead MaxDiskWrite    Elapsed      State ExitCode 
------------ ---------- --------- ------ ------ ---------- ------------- ------------ ------------ ---------- ---------- -------- 
23352        BSDE_job_+       132            11                                                      00:08:06  COMPLETED      0:0 
23352.batch       batch        12      1      1    757288K   kelvin-n014        0.87M        0.01M   00:08:06  COMPLETED      0:0 
23352.0           orted       120     10     10                                                      00:08:04  COMPLETED      0:0 


Job details:
============

JobId=23352 JobName=BSDE_job_4_procs
   UserId=zuoy(1582) GroupId=zuoy(1252) MCS_label=N/A
   Priority=10895661 Nice=0 Account=hpc_21_01207 QOS=normal
   JobState=COMPLETING Reason=None Dependency=(null)
   Requeue=0 Restarts=0 BatchFlag=1 Reboot=0 ExitCode=0:0
   DerivedExitCode=0:0
   RunTime=00:08:06 TimeLimit=23:00:00 TimeMin=N/A
   SubmitTime=2021-11-23T02:15:19 EligibleTime=2021-11-23T02:15:19
   AccrueTime=2021-11-23T02:15:19
   StartTime=2021-11-23T15:30:21 EndTime=2021-11-23T15:38:27 Deadline=N/A
   SuspendTime=None SecsPreSuspend=0 LastSchedEval=2021-11-23T15:30:21
   Partition=compute AllocNode:Sid=kelvin01:730
   ReqNodeList=(null) ExcNodeList=(null)
   NodeList=kelvin-n[015,018,020-023,063-064,070-071]
   BatchHost=kelvin-n014
   NumNodes=10 NumCPUs=132 NumTasks=128 CPUs/Task=1 ReqB:S:C:T=0:0:*:*
   TRES=cpu=132,mem=253000M,node=11,billing=132
   Socks/Node=* NtasksPerN:B:S:C=0:0:*:* CoreSpec=*
   JOB_GRES=(null)
     Nodes=kelvin-n[014-015,018,020-023,063-064,070-071] CPU_IDs=0-11 Mem=23000 GRES=
   MinCPUsNode=1 MinMemoryNode=23000M MinTmpDiskNode=0
   Features=(null) DelayBoot=00:00:00
   OverSubscribe=NO Contiguous=0 Licenses=(null) Network=(null)
   Command=/home/users/mschpc/2019/zuoy/HPC/NeuralNetwork/parallel/scripts/script_HJBLQ_d100_b64_n128.sh
   WorkDir=/home/users/mschpc/2019/zuoy/HPC/NeuralNetwork/parallel
   StdErr=/home/users/mschpc/2019/zuoy/HPC/NeuralNetwork/parallel/output/slurm-23352.out
   StdIn=/dev/null
   StdOut=/home/users/mschpc/2019/zuoy/HPC/NeuralNetwork/parallel/output/slurm-23352.out
   Power=
   NtasksPerTRES:0


Disk quota details:
===================

Quota Type           Name  Filesystem     Usage in MB     Limit in MB    % Used
-------------------------------------------------------------------------------
USER                 zuoy       /home             135          51,200     0.27%

GROUP              mschpc   /projects             999          51,200     1.95%
GROUP          pi-dgolden   /projects               0          51,200     0.00%


SLURM Bank Statement:
=====================

User           Usage |        Account     Usage | Account Limit Available (CPU hrs)
---------- --------- + -------------- --------- + ------------- ---------
zuoy          27,172 |   HPC_21_01207    27,172 |       100,000    72,828


Acknowledgements:
=================

Note that usage of TCHPC Resources *must* be acknowledged in all publications.

Please see this page for details relevant to this cluster:

http://www.tchpc.tcd.ie/resources/acknowledgementpolicy

################################################################################
