Parallel Mode: Ring-Allreduce
Dimension: 300
Total time: 1
Number of time intervals: 40
Learning rate: 0.01
y_init_range: 40, 50
Number of neurons in each hidden layer of each subnet: 110, 110, 
Epochs: 1000
Batch size: 1
Sample size: 256
Logging frequency: 100
Model name: pricing_default_risk_parallel_
Number of processors: 128


Training:
Epoch:100
In training set, loss: 2404.46, Y0: 50.053

Epoch:200
In training set, loss: 1916.72, Y0: 51.4149

Epoch:300
In training set, loss: 1743.97, Y0: 51.6292

Epoch:400
In training set, loss: 1603.89, Y0: 51.672

Epoch:500
In training set, loss: 1485.11, Y0: 51.6879

Epoch:600
In training set, loss: 1383.24, Y0: 51.6986

Epoch:700
In training set, loss: 1295.03, Y0: 51.7073

Epoch:800
In training set, loss: 1218.04, Y0: 51.7148

Epoch:900
In training set, loss: 1150.32, Y0: 51.7212

Epoch:1000
In training set, loss: 1090.38, Y0: 51.7266



###############################################################################
TCHPC Cluster: kelvin
Job 22080 (BSDE_job_4_procs) for User 'zuoy' in Account 'hpc_21_01207'
Finished at: Sat Nov 20 12:43:55 GMT 2021

Job efficiency estimates:
=========================

Job ID: 22080
Cluster: kelvin
User/Group: zuoy/zuoy
State: COMPLETED (exit code 0)
Nodes: 11
Cores per node: 12
CPU Utilized: 01:38:22
CPU Efficiency: 8.92% of 18:22:12 core-walltime
Job Wall-clock time: 00:08:21
Memory Utilized: 1.04 GB
Memory Efficiency: 0.42% of 247.07 GB

Job completion status:
======================

       JobID    JobName AllocCPUS NTasks NNodes     MaxRSS    MaxRSSNode  MaxDiskRead MaxDiskWrite    Elapsed      State ExitCode 
------------ ---------- --------- ------ ------ ---------- ------------- ------------ ------------ ---------- ---------- -------- 
22080        BSDE_job_+       132            11                                                      00:08:21  COMPLETED      0:0 
22080.batch       batch        12      1      1   1090952K   kelvin-n001        0.86M        0.01M   00:08:21  COMPLETED      0:0 
22080.0           orted       120     10     10                                                      00:08:20  COMPLETED      0:0 


Job details:
============

JobId=22080 JobName=BSDE_job_4_procs
   UserId=zuoy(1582) GroupId=zuoy(1252) MCS_label=N/A
   Priority=11054420 Nice=0 Account=hpc_21_01207 QOS=normal
   JobState=COMPLETING Reason=None Dependency=(null)
   Requeue=0 Restarts=0 BatchFlag=1 Reboot=0 ExitCode=0:0
   DerivedExitCode=0:0
   RunTime=00:08:21 TimeLimit=23:00:00 TimeMin=N/A
   SubmitTime=2021-11-20T12:27:57 EligibleTime=2021-11-20T12:27:57
   AccrueTime=2021-11-20T12:27:57
   StartTime=2021-11-20T12:35:34 EndTime=2021-11-20T12:43:55 Deadline=N/A
   SuspendTime=None SecsPreSuspend=0 LastSchedEval=2021-11-20T12:35:34
   Partition=compute AllocNode:Sid=kelvin01:28782
   ReqNodeList=(null) ExcNodeList=(null)
   NodeList=kelvin-n[020-023,052,054-056,058-059]
   BatchHost=kelvin-n001
   NumNodes=10 NumCPUs=132 NumTasks=128 CPUs/Task=1 ReqB:S:C:T=0:0:*:*
   TRES=cpu=132,mem=253000M,node=11,billing=132
   Socks/Node=* NtasksPerN:B:S:C=0:0:*:* CoreSpec=*
   JOB_GRES=(null)
     Nodes=kelvin-n[001,020-023,052,054-056,058-059] CPU_IDs=0-11 Mem=23000 GRES=
   MinCPUsNode=1 MinMemoryNode=23000M MinTmpDiskNode=0
   Features=(null) DelayBoot=00:00:00
   OverSubscribe=NO Contiguous=0 Licenses=(null) Network=(null)
   Command=/home/users/mschpc/2019/zuoy/HPC/NeuralNetwork/parallel/scripts/script_PricingDefaultRisk_d300_b1_n128.sh
   WorkDir=/home/users/mschpc/2019/zuoy/HPC/NeuralNetwork/parallel
   StdErr=/home/users/mschpc/2019/zuoy/HPC/NeuralNetwork/parallel/output/slurm-22080.out
   StdIn=/dev/null
   StdOut=/home/users/mschpc/2019/zuoy/HPC/NeuralNetwork/parallel/output/slurm-22080.out
   Power=
   NtasksPerTRES:0


Disk quota details:
===================

Quota Type           Name  Filesystem     Usage in MB     Limit in MB    % Used
-------------------------------------------------------------------------------
USER                 zuoy       /home             113          51,200     0.22%

GROUP              mschpc   /projects             999          51,200     1.95%
GROUP          pi-dgolden   /projects               0          51,200     0.00%


SLURM Bank Statement:
=====================

User           Usage |        Account     Usage | Account Limit Available (CPU hrs)
---------- --------- + -------------- --------- + ------------- ---------
zuoy          13,078 |   HPC_21_01207    13,078 |       100,000    86,922


Acknowledgements:
=================

Note that usage of TCHPC Resources *must* be acknowledged in all publications.

Please see this page for details relevant to this cluster:

http://www.tchpc.tcd.ie/resources/acknowledgementpolicy

################################################################################
