Parallel Mode: Ring-Allreduce
Dimension: 100
Total time: 0.3
Number of time intervals: 20
Learning rate: 0.0005
y_init_range: 0.3, 0.5
Number of neurons in each hidden layer of each subnet: 110, 110, 
Epochs: 4000
Batch size: 64
Sample size: 1024
Logging frequency: 100
Model name: AllenCahn_parallel_
Number of processors: 4


Training:
Epoch:100
In training set, loss: 21.8246, Y0: 0.271259

Epoch:200
In training set, loss: 18.5851, Y0: 0.246196

Epoch:300
In training set, loss: 16.097, Y0: 0.224238

Epoch:400
In training set, loss: 14.1716, Y0: 0.204928

Epoch:500
In training set, loss: 12.6729, Y0: 0.187901

Epoch:600
In training set, loss: 11.5007, Y0: 0.172852

Epoch:700
In training set, loss: 10.5803, Y0: 0.159528

Epoch:800
In training set, loss: 9.85524, Y0: 0.147715

Epoch:900
In training set, loss: 9.28243, Y0: 0.137229

Epoch:1000
In training set, loss: 8.82876, Y0: 0.127912

Epoch:1100
In training set, loss: 8.4686, Y0: 0.119628

Epoch:1200
In training set, loss: 8.18202, Y0: 0.112258

Epoch:1300
In training set, loss: 7.95347, Y0: 0.105697

Epoch:1400
In training set, loss: 7.77076, Y0: 0.0998551

Epoch:1500
In training set, loss: 7.6243, Y0: 0.0946504

Epoch:1600
In training set, loss: 7.50654, Y0: 0.0900123

Epoch:1700
In training set, loss: 7.41156, Y0: 0.0858784

Epoch:1800
In training set, loss: 7.33463, Y0: 0.0821929

Epoch:1900
In training set, loss: 7.27203, Y0: 0.0789066

Epoch:2000
In training set, loss: 7.22084, Y0: 0.0759758

Epoch:2100
In training set, loss: 7.1787, Y0: 0.0733617

Epoch:2200
In training set, loss: 7.14377, Y0: 0.0710298

Epoch:2300
In training set, loss: 7.11457, Y0: 0.0689495

Epoch:2400
In training set, loss: 7.08995, Y0: 0.0670936

Epoch:2500
In training set, loss: 7.06896, Y0: 0.0654375

Epoch:2600
In training set, loss: 7.05087, Y0: 0.0639598

Epoch:2700
In training set, loss: 7.03509, Y0: 0.0626411

Epoch:2800
In training set, loss: 7.02116, Y0: 0.0614642

Epoch:2900
In training set, loss: 7.00871, Y0: 0.0604139

Epoch:3000
In training set, loss: 6.99745, Y0: 0.0594765

Epoch:3100
In training set, loss: 6.98712, Y0: 0.0586399

Epoch:3200
In training set, loss: 6.97756, Y0: 0.0578931

Epoch:3300
In training set, loss: 6.96861, Y0: 0.0572264

Epoch:3400
In training set, loss: 6.96015, Y0: 0.0566314

Epoch:3500
In training set, loss: 6.95209, Y0: 0.0561002

Epoch:3600
In training set, loss: 6.94435, Y0: 0.055626

Epoch:3700
In training set, loss: 6.93688, Y0: 0.0552026

Epoch:3800
In training set, loss: 6.92962, Y0: 0.0548246

Epoch:3900
In training set, loss: 6.92253, Y0: 0.0544872

Epoch:4000
In training set, loss: 6.91559, Y0: 0.0541859



###############################################################################
TCHPC Cluster: kelvin
Job 22471 (BSDE_job_4_procs) for User 'zuoy' in Account 'hpc_21_01207'
Finished at: Sun Nov 21 08:10:48 GMT 2021

Job efficiency estimates:
=========================

Job ID: 22471
Cluster: kelvin
User/Group: zuoy/zuoy
State: COMPLETED (exit code 0)
Nodes: 1
Cores per node: 12
CPU Utilized: 02:17:46
CPU Efficiency: 33.31% of 06:53:36 core-walltime
Job Wall-clock time: 00:34:28
Memory Utilized: 210.98 MB
Memory Efficiency: 0.92% of 22.46 GB

Job completion status:
======================

       JobID    JobName AllocCPUS NTasks NNodes     MaxRSS    MaxRSSNode  MaxDiskRead MaxDiskWrite    Elapsed      State ExitCode 
------------ ---------- --------- ------ ------ ---------- ------------- ------------ ------------ ---------- ---------- -------- 
22471        BSDE_job_+        12             1                                                      00:34:28  COMPLETED      0:0 
22471.batch       batch        12      1      1    216040K   kelvin-n075        0.86M        0.01M   00:34:28  COMPLETED      0:0 


Job details:
============

JobId=22471 JobName=BSDE_job_4_procs
   UserId=zuoy(1582) GroupId=zuoy(1252) MCS_label=N/A
   Priority=11096007 Nice=0 Account=hpc_21_01207 QOS=normal
   JobState=COMPLETING Reason=None Dependency=(null)
   Requeue=0 Restarts=0 BatchFlag=1 Reboot=0 ExitCode=0:0
   DerivedExitCode=0:0
   RunTime=00:34:28 TimeLimit=23:00:00 TimeMin=N/A
   SubmitTime=2021-11-21T04:02:29 EligibleTime=2021-11-21T04:02:29
   AccrueTime=2021-11-21T04:02:29
   StartTime=2021-11-21T07:36:20 EndTime=2021-11-21T08:10:48 Deadline=N/A
   SuspendTime=None SecsPreSuspend=0 LastSchedEval=2021-11-21T07:36:20
   Partition=compute AllocNode:Sid=kelvin01:15042
   ReqNodeList=(null) ExcNodeList=(null)
   NodeList=
   BatchHost=kelvin-n075
   NumNodes=1 NumCPUs=12 NumTasks=4 CPUs/Task=1 ReqB:S:C:T=0:0:*:*
   TRES=cpu=12,mem=23000M,node=1,billing=12
   Socks/Node=* NtasksPerN:B:S:C=0:0:*:* CoreSpec=*
   JOB_GRES=(null)
     Nodes=kelvin-n075 CPU_IDs=0-11 Mem=23000 GRES=
   MinCPUsNode=1 MinMemoryNode=23000M MinTmpDiskNode=0
   Features=(null) DelayBoot=00:00:00
   OverSubscribe=NO Contiguous=0 Licenses=(null) Network=(null)
   Command=/home/users/mschpc/2019/zuoy/HPC/NeuralNetwork/parallel/scripts/script_AllenCahn_d100_b64_n4.sh
   WorkDir=/home/users/mschpc/2019/zuoy/HPC/NeuralNetwork/parallel
   StdErr=/home/users/mschpc/2019/zuoy/HPC/NeuralNetwork/parallel/output/slurm-22471.out
   StdIn=/dev/null
   StdOut=/home/users/mschpc/2019/zuoy/HPC/NeuralNetwork/parallel/output/slurm-22471.out
   Power=
   NtasksPerTRES:0


Disk quota details:
===================

Quota Type           Name  Filesystem     Usage in MB     Limit in MB    % Used
-------------------------------------------------------------------------------
USER                 zuoy       /home             121          51,200     0.24%

GROUP              mschpc   /projects             999          51,200     1.95%
GROUP          pi-dgolden   /projects               0          51,200     0.00%


SLURM Bank Statement:
=====================

User           Usage |        Account     Usage | Account Limit Available (CPU hrs)
---------- --------- + -------------- --------- + ------------- ---------
zuoy          17,074 |   HPC_21_01207    17,074 |       100,000    82,926


Acknowledgements:
=================

Note that usage of TCHPC Resources *must* be acknowledged in all publications.

Please see this page for details relevant to this cluster:

http://www.tchpc.tcd.ie/resources/acknowledgementpolicy

################################################################################
