Parallel Mode: Master-Slave
Dimension: 200
Total time: 1
Number of time intervals: 20
Learning rate: 0.01
y_init_range: 0, 1
Number of neurons in each hidden layer of each subnet: 110, 110, 
Epochs: 1000
Batch size: 64
Sample size: 1024
Logging frequency: 100
Model name: HJBLQ_parallel_
Number of processors: 16


Training:
Epoch:100
In training set, loss: 23.448, Y0: 5.20379

Epoch:200
In training set, loss: 14.0918, Y0: 5.24306

Epoch:300
In training set, loss: 11.6624, Y0: 5.25741

Epoch:400
In training set, loss: 10.7836, Y0: 5.26374

Epoch:500
In training set, loss: 10.377, Y0: 5.2669

Epoch:600
In training set, loss: 10.1444, Y0: 5.26864

Epoch:700
In training set, loss: 9.98421, Y0: 5.26965

Epoch:800
In training set, loss: 9.85671, Y0: 5.27029

Epoch:900
In training set, loss: 9.74509, Y0: 5.27069

Epoch:1000
In training set, loss: 9.64168, Y0: 5.27097



###############################################################################
TCHPC Cluster: kelvin
Job 23344 (BSDE_job_4_procs) for User 'zuoy' in Account 'hpc_21_01207'
Finished at: Tue Nov 23 16:52:39 GMT 2021

Job efficiency estimates:
=========================

Job ID: 23344
Cluster: kelvin
User/Group: zuoy/zuoy
State: COMPLETED (exit code 0)
Nodes: 2
Cores per node: 12
CPU Utilized: 00:51:15
CPU Efficiency: 33.02% of 02:35:12 core-walltime
Job Wall-clock time: 00:06:28
Memory Utilized: 602.38 MB
Memory Efficiency: 1.31% of 44.92 GB

Job completion status:
======================

       JobID    JobName AllocCPUS NTasks NNodes     MaxRSS    MaxRSSNode  MaxDiskRead MaxDiskWrite    Elapsed      State ExitCode 
------------ ---------- --------- ------ ------ ---------- ------------- ------------ ------------ ---------- ---------- -------- 
23344        BSDE_job_+        24             2                                                      00:06:28  COMPLETED      0:0 
23344.batch       batch        12      1      1    616832K   kelvin-n051        0.87M        0.01M   00:06:28  COMPLETED      0:0 
23344.0           orted        12      1      1                                                      00:06:27  COMPLETED      0:0 


Job details:
============

JobId=23344 JobName=BSDE_job_4_procs
   UserId=zuoy(1582) GroupId=zuoy(1252) MCS_label=N/A
   Priority=10928065 Nice=0 Account=hpc_21_01207 QOS=normal
   JobState=COMPLETING Reason=None Dependency=(null)
   Requeue=0 Restarts=0 BatchFlag=1 Reboot=0 ExitCode=0:0
   DerivedExitCode=0:0
   RunTime=00:06:28 TimeLimit=23:00:00 TimeMin=N/A
   SubmitTime=2021-11-23T02:15:19 EligibleTime=2021-11-23T02:15:19
   AccrueTime=2021-11-23T02:15:19
   StartTime=2021-11-23T16:46:11 EndTime=2021-11-23T16:52:39 Deadline=N/A
   SuspendTime=None SecsPreSuspend=0 LastSchedEval=2021-11-23T16:46:11
   Partition=compute AllocNode:Sid=kelvin01:730
   ReqNodeList=(null) ExcNodeList=(null)
   NodeList=kelvin-n054
   BatchHost=kelvin-n051
   NumNodes=1 NumCPUs=24 NumTasks=16 CPUs/Task=1 ReqB:S:C:T=0:0:*:*
   TRES=cpu=24,mem=46000M,node=2,billing=24
   Socks/Node=* NtasksPerN:B:S:C=0:0:*:* CoreSpec=*
   JOB_GRES=(null)
     Nodes=kelvin-n[051,054] CPU_IDs=0-11 Mem=23000 GRES=
   MinCPUsNode=1 MinMemoryNode=23000M MinTmpDiskNode=0
   Features=(null) DelayBoot=00:00:00
   OverSubscribe=NO Contiguous=0 Licenses=(null) Network=(null)
   Command=/home/users/mschpc/2019/zuoy/HPC/NeuralNetwork/parallel/scripts/script_HJBLQ_d200_b64_n16.sh
   WorkDir=/home/users/mschpc/2019/zuoy/HPC/NeuralNetwork/parallel
   StdErr=/home/users/mschpc/2019/zuoy/HPC/NeuralNetwork/parallel/output/slurm-23344.out
   StdIn=/dev/null
   StdOut=/home/users/mschpc/2019/zuoy/HPC/NeuralNetwork/parallel/output/slurm-23344.out
   Power=
   NtasksPerTRES:0


Disk quota details:
===================

Quota Type           Name  Filesystem     Usage in MB     Limit in MB    % Used
-------------------------------------------------------------------------------
USER                 zuoy       /home             139          51,200     0.27%

GROUP              mschpc   /projects             999          51,200     1.95%
GROUP          pi-dgolden   /projects               0          51,200     0.00%


SLURM Bank Statement:
=====================

User           Usage |        Account     Usage | Account Limit Available (CPU hrs)
---------- --------- + -------------- --------- + ------------- ---------
zuoy          27,472 |   HPC_21_01207    27,472 |       100,000    72,528


Acknowledgements:
=================

Note that usage of TCHPC Resources *must* be acknowledged in all publications.

Please see this page for details relevant to this cluster:

http://www.tchpc.tcd.ie/resources/acknowledgementpolicy

################################################################################
