Parallel Mode: Ring-Allreduce
Dimension: 200
Total time: 1
Number of time intervals: 20
Learning rate: 0.01
y_init_range: 0, 1
Number of neurons in each hidden layer of each subnet: 110, 110, 
Epochs: 1000
Batch size: 64
Sample size: 1024
Logging frequency: 100
Model name: HJBLQ_parallel_
Number of processors: 32


Training:
Epoch:100
In training set, loss: 5121.98, Y0: 2.05068

Epoch:200
In training set, loss: 1868.84, Y0: 3.27988

Epoch:300
In training set, loss: 704.06, Y0: 4.01529

Epoch:400
In training set, loss: 288.497, Y0: 4.45533

Epoch:500
In training set, loss: 139.663, Y0: 4.71926

Epoch:600
In training set, loss: 85.3909, Y0: 4.8784

Epoch:700
In training set, loss: 64.6259, Y0: 4.97518

Epoch:800
In training set, loss: 55.7854, Y0: 5.03484

Epoch:900
In training set, loss: 51.2492, Y0: 5.07237

Epoch:1000
In training set, loss: 48.3212, Y0: 5.09666



###############################################################################
TCHPC Cluster: kelvin
Job 22291 (BSDE_job_4_procs) for User 'zuoy' in Account 'hpc_21_01207'
Finished at: Sun Nov 21 01:54:24 GMT 2021

Job efficiency estimates:
=========================

Job ID: 22291
Cluster: kelvin
User/Group: zuoy/zuoy
State: COMPLETED (exit code 0)
Nodes: 3
Cores per node: 12
CPU Utilized: 01:01:18
CPU Efficiency: 30.23% of 03:22:48 core-walltime
Job Wall-clock time: 00:05:38
Memory Utilized: 815.16 MB
Memory Efficiency: 1.18% of 67.38 GB

Job completion status:
======================

       JobID    JobName AllocCPUS NTasks NNodes     MaxRSS    MaxRSSNode  MaxDiskRead MaxDiskWrite    Elapsed      State ExitCode 
------------ ---------- --------- ------ ------ ---------- ------------- ------------ ------------ ---------- ---------- -------- 
22291        BSDE_job_+        36             3                                                      00:05:38  COMPLETED      0:0 
22291.batch       batch        12      1      1    834724K   kelvin-n014        0.86M        0.01M   00:05:38  COMPLETED      0:0 
22291.0           orted        24      2      2                                                      00:05:37  COMPLETED      0:0 


Job details:
============

JobId=22291 JobName=BSDE_job_4_procs
   UserId=zuoy(1582) GroupId=zuoy(1252) MCS_label=N/A
   Priority=11080294 Nice=0 Account=hpc_21_01207 QOS=normal
   JobState=COMPLETING Reason=None Dependency=(null)
   Requeue=0 Restarts=0 BatchFlag=1 Reboot=0 ExitCode=0:0
   DerivedExitCode=0:0
   RunTime=00:05:38 TimeLimit=23:00:00 TimeMin=N/A
   SubmitTime=2021-11-20T22:48:32 EligibleTime=2021-11-20T22:48:32
   AccrueTime=2021-11-20T22:48:32
   StartTime=2021-11-21T01:48:46 EndTime=2021-11-21T01:54:24 Deadline=N/A
   SuspendTime=None SecsPreSuspend=0 LastSchedEval=2021-11-21T01:48:46
   Partition=compute AllocNode:Sid=kelvin01:32460
   ReqNodeList=(null) ExcNodeList=(null)
   NodeList=kelvin-n[021,024]
   BatchHost=kelvin-n014
   NumNodes=2 NumCPUs=36 NumTasks=32 CPUs/Task=1 ReqB:S:C:T=0:0:*:*
   TRES=cpu=36,mem=69000M,node=3,billing=36
   Socks/Node=* NtasksPerN:B:S:C=0:0:*:* CoreSpec=*
   JOB_GRES=(null)
     Nodes=kelvin-n[014,021,024] CPU_IDs=0-11 Mem=23000 GRES=
   MinCPUsNode=1 MinMemoryNode=23000M MinTmpDiskNode=0
   Features=(null) DelayBoot=00:00:00
   OverSubscribe=NO Contiguous=0 Licenses=(null) Network=(null)
   Command=/home/users/mschpc/2019/zuoy/HPC/NeuralNetwork/parallel/scripts/script_HJBLQ_d200_b64_n32.sh
   WorkDir=/home/users/mschpc/2019/zuoy/HPC/NeuralNetwork/parallel
   StdErr=/home/users/mschpc/2019/zuoy/HPC/NeuralNetwork/parallel/output/slurm-22291.out
   StdIn=/dev/null
   StdOut=/home/users/mschpc/2019/zuoy/HPC/NeuralNetwork/parallel/output/slurm-22291.out
   Power=
   NtasksPerTRES:0


Disk quota details:
===================

Quota Type           Name  Filesystem     Usage in MB     Limit in MB    % Used
-------------------------------------------------------------------------------
USER                 zuoy       /home             117          51,200     0.23%

GROUP              mschpc   /projects             999          51,200     1.95%
GROUP          pi-dgolden   /projects               0          51,200     0.00%


SLURM Bank Statement:
=====================

User           Usage |        Account     Usage | Account Limit Available (CPU hrs)
---------- --------- + -------------- --------- + ------------- ---------
zuoy          15,161 |   HPC_21_01207    15,161 |       100,000    84,839


Acknowledgements:
=================

Note that usage of TCHPC Resources *must* be acknowledged in all publications.

Please see this page for details relevant to this cluster:

http://www.tchpc.tcd.ie/resources/acknowledgementpolicy

################################################################################
