Parallel Mode: Ring-Allreduce
Dimension: 100
Total time: 0.25
Number of time intervals: 20
Learning rate: 0.0005
y_init_range: 0.3, 0.5
Number of neurons in each hidden layer of each subnet: 110, 110, 
Epochs: 4000
Batch size: 1
Sample size: 256
Logging frequency: 100
Model name: AllenCahn_parallel_
Number of processors: 8


Training:
Epoch:100
In training set, loss: 2.2681, Y0: 0.13591

Epoch:200
In training set, loss: 1.66254, Y0: 0.0789736

Epoch:300
In training set, loss: 1.55772, Y0: 0.0583659

Epoch:400
In training set, loss: 1.51973, Y0: 0.0508949

Epoch:500
In training set, loss: 1.49166, Y0: 0.0482349

Epoch:600
In training set, loss: 1.46582, Y0: 0.047342

Epoch:700
In training set, loss: 1.44112, Y0: 0.0470978

Epoch:800
In training set, loss: 1.41739, Y0: 0.0470907

Epoch:900
In training set, loss: 1.39455, Y0: 0.047169

Epoch:1000
In training set, loss: 1.37256, Y0: 0.0472768

Epoch:1100
In training set, loss: 1.3514, Y0: 0.0473935

Epoch:1200
In training set, loss: 1.331, Y0: 0.0475117

Epoch:1300
In training set, loss: 1.31136, Y0: 0.0476287

Epoch:1400
In training set, loss: 1.29242, Y0: 0.0477434

Epoch:1500
In training set, loss: 1.27417, Y0: 0.0478556

Epoch:1600
In training set, loss: 1.25656, Y0: 0.0479653

Epoch:1700
In training set, loss: 1.23958, Y0: 0.0480724

Epoch:1800
In training set, loss: 1.22319, Y0: 0.048177

Epoch:1900
In training set, loss: 1.20737, Y0: 0.0482791

Epoch:2000
In training set, loss: 1.1921, Y0: 0.0483789

Epoch:2100
In training set, loss: 1.17734, Y0: 0.0484763

Epoch:2200
In training set, loss: 1.16309, Y0: 0.0485715

Epoch:2300
In training set, loss: 1.14931, Y0: 0.0486646

Epoch:2400
In training set, loss: 1.136, Y0: 0.0487555

Epoch:2500
In training set, loss: 1.12312, Y0: 0.0488443

Epoch:2600
In training set, loss: 1.11066, Y0: 0.0489311

Epoch:2700
In training set, loss: 1.09861, Y0: 0.049016

Epoch:2800
In training set, loss: 1.08695, Y0: 0.049099

Epoch:2900
In training set, loss: 1.07565, Y0: 0.0491802

Epoch:3000
In training set, loss: 1.06472, Y0: 0.0492596

Epoch:3100
In training set, loss: 1.05412, Y0: 0.0493373

Epoch:3200
In training set, loss: 1.04385, Y0: 0.0494132

Epoch:3300
In training set, loss: 1.0339, Y0: 0.0494875

Epoch:3400
In training set, loss: 1.02425, Y0: 0.0495602

Epoch:3500
In training set, loss: 1.01489, Y0: 0.0496314

Epoch:3600
In training set, loss: 1.00581, Y0: 0.049701

Epoch:3700
In training set, loss: 0.997002, Y0: 0.0497691

Epoch:3800
In training set, loss: 0.988449, Y0: 0.0498359

Epoch:3900
In training set, loss: 0.980146, Y0: 0.0499012

Epoch:4000
In training set, loss: 0.972081, Y0: 0.0499651



###############################################################################
TCHPC Cluster: kelvin
Job 21494 (BSDE_job_4_procs) for User 'zuoy' in Account 'hpc_21_01207'
Finished at: Fri Nov 19 03:14:34 GMT 2021

Job efficiency estimates:
=========================

Job ID: 21494
Cluster: kelvin
User/Group: zuoy/zuoy
State: COMPLETED (exit code 0)
Nodes: 1
Cores per node: 12
CPU Utilized: 01:24:53
CPU Efficiency: 66.52% of 02:07:36 core-walltime
Job Wall-clock time: 00:10:38
Memory Utilized: 311.82 MB
Memory Efficiency: 1.36% of 22.46 GB

Job completion status:
======================

       JobID    JobName AllocCPUS NTasks NNodes     MaxRSS    MaxRSSNode  MaxDiskRead MaxDiskWrite    Elapsed      State ExitCode 
------------ ---------- --------- ------ ------ ---------- ------------- ------------ ------------ ---------- ---------- -------- 
21494        BSDE_job_+        12             1                                                      00:10:38  COMPLETED      0:0 
21494.batch       batch        12      1      1    319304K   kelvin-n041        0.86M        0.01M   00:10:38  COMPLETED      0:0 


Job details:
============

JobId=21494 JobName=BSDE_job_4_procs
   UserId=zuoy(1582) GroupId=zuoy(1252) MCS_label=N/A
   Priority=11184376 Nice=0 Account=hpc_21_01207 QOS=normal
   JobState=COMPLETING Reason=None Dependency=(null)
   Requeue=0 Restarts=0 BatchFlag=1 Reboot=0 ExitCode=0:0
   DerivedExitCode=0:0
   RunTime=00:10:38 TimeLimit=23:00:00 TimeMin=N/A
   SubmitTime=2021-11-18T22:23:06 EligibleTime=2021-11-18T22:23:06
   AccrueTime=2021-11-18T22:23:06
   StartTime=2021-11-19T03:03:56 EndTime=2021-11-19T03:14:34 Deadline=N/A
   SuspendTime=None SecsPreSuspend=0 LastSchedEval=2021-11-19T03:03:56
   Partition=compute AllocNode:Sid=kelvin01:15357
   ReqNodeList=(null) ExcNodeList=(null)
   NodeList=
   BatchHost=kelvin-n041
   NumNodes=1 NumCPUs=12 NumTasks=8 CPUs/Task=1 ReqB:S:C:T=0:0:*:*
   TRES=cpu=12,mem=23000M,node=1,billing=12
   Socks/Node=* NtasksPerN:B:S:C=0:0:*:* CoreSpec=*
   JOB_GRES=(null)
     Nodes=kelvin-n041 CPU_IDs=0-11 Mem=23000 GRES=
   MinCPUsNode=1 MinMemoryNode=23000M MinTmpDiskNode=0
   Features=(null) DelayBoot=00:00:00
   OverSubscribe=NO Contiguous=0 Licenses=(null) Network=(null)
   Command=/home/users/mschpc/2019/zuoy/HPC/NeuralNetwork/parallel/scripts/script_AllenCahn_d200_b1_n8.sh
   WorkDir=/home/users/mschpc/2019/zuoy/HPC/NeuralNetwork/parallel
   StdErr=/home/users/mschpc/2019/zuoy/HPC/NeuralNetwork/parallel/output/slurm-21494.out
   StdIn=/dev/null
   StdOut=/home/users/mschpc/2019/zuoy/HPC/NeuralNetwork/parallel/output/slurm-21494.out
   Power=
   NtasksPerTRES:0


Disk quota details:
===================

Quota Type           Name  Filesystem     Usage in MB     Limit in MB    % Used
-------------------------------------------------------------------------------
USER                 zuoy       /home             106          51,200     0.21%

GROUP              mschpc   /projects             999          51,200     1.95%
GROUP          pi-dgolden   /projects               0          51,200     0.00%


SLURM Bank Statement:
=====================

User           Usage |        Account     Usage | Account Limit Available (CPU hrs)
---------- --------- + -------------- --------- + ------------- ---------
zuoy           9,730 |   HPC_21_01207     9,730 |       100,000    90,270


Acknowledgements:
=================

Note that usage of TCHPC Resources *must* be acknowledged in all publications.

Please see this page for details relevant to this cluster:

http://www.tchpc.tcd.ie/resources/acknowledgementpolicy

################################################################################
