Parallel Mode: Master-Slave
Dimension: 200
Total time: 1
Number of time intervals: 40
Learning rate: 0.01
y_init_range: 40, 50
Number of neurons in each hidden layer of each subnet: 110, 110, 
Epochs: 1000
Batch size: 64
Sample size: 256
Logging frequency: 100
Model name: pricing_default_risk_parallel_
Number of processors: 16


Training:
Epoch:100
In training set, loss: 2169.45, Y0: 53.2951

Epoch:200
In training set, loss: 1912.99, Y0: 53.5999

Epoch:300
In training set, loss: 1724.73, Y0: 53.6185

Epoch:400
In training set, loss: 1576.78, Y0: 53.627

Epoch:500
In training set, loss: 1458.07, Y0: 53.6326

Epoch:600
In training set, loss: 1361.07, Y0: 53.636

Epoch:700
In training set, loss: 1280.05, Y0: 53.6378

Epoch:800
In training set, loss: 1211.21, Y0: 53.6382

Epoch:900
In training set, loss: 1152.28, Y0: 53.6374

Epoch:1000
In training set, loss: 1100.79, Y0: 53.636



###############################################################################
TCHPC Cluster: kelvin
Job 23606 (BSDE_job_4_procs) for User 'zuoy' in Account 'hpc_21_01207'
Finished at: Wed Nov 24 09:50:47 GMT 2021

Job efficiency estimates:
=========================

Job ID: 23606
Cluster: kelvin
User/Group: zuoy/zuoy
State: COMPLETED (exit code 0)
Nodes: 2
Cores per node: 12
CPU Utilized: 00:48:49
CPU Efficiency: 32.81% of 02:28:48 core-walltime
Job Wall-clock time: 00:06:12
Memory Utilized: 578.43 MB
Memory Efficiency: 1.26% of 44.92 GB

Job completion status:
======================

       JobID    JobName AllocCPUS NTasks NNodes     MaxRSS    MaxRSSNode  MaxDiskRead MaxDiskWrite    Elapsed      State ExitCode 
------------ ---------- --------- ------ ------ ---------- ------------- ------------ ------------ ---------- ---------- -------- 
23606        BSDE_job_+        24             2                                                      00:06:12  COMPLETED      0:0 
23606.batch       batch        12      1      1    592308K   kelvin-n064        0.86M        0.01M   00:06:12  COMPLETED      0:0 
23606.0           orted        12      1      1                                                      00:06:10  COMPLETED      0:0 


Job details:
============

JobId=23606 JobName=BSDE_job_4_procs
   UserId=zuoy(1582) GroupId=zuoy(1252) MCS_label=N/A
   Priority=10901420 Nice=0 Account=hpc_21_01207 QOS=normal
   JobState=COMPLETING Reason=None Dependency=(null)
   Requeue=0 Restarts=0 BatchFlag=1 Reboot=0 ExitCode=0:0
   DerivedExitCode=0:0
   RunTime=00:06:12 TimeLimit=23:00:00 TimeMin=N/A
   SubmitTime=2021-11-23T20:07:02 EligibleTime=2021-11-23T20:07:02
   AccrueTime=2021-11-23T20:07:02
   StartTime=2021-11-24T09:44:35 EndTime=2021-11-24T09:50:47 Deadline=N/A
   SuspendTime=None SecsPreSuspend=0 LastSchedEval=2021-11-24T09:44:35
   Partition=compute AllocNode:Sid=kelvin01:24748
   ReqNodeList=(null) ExcNodeList=(null)
   NodeList=kelvin-n065
   BatchHost=kelvin-n064
   NumNodes=1 NumCPUs=24 NumTasks=16 CPUs/Task=1 ReqB:S:C:T=0:0:*:*
   TRES=cpu=24,mem=46000M,node=2,billing=24
   Socks/Node=* NtasksPerN:B:S:C=0:0:*:* CoreSpec=*
   JOB_GRES=(null)
     Nodes=kelvin-n[064-065] CPU_IDs=0-11 Mem=23000 GRES=
   MinCPUsNode=1 MinMemoryNode=23000M MinTmpDiskNode=0
   Features=(null) DelayBoot=00:00:00
   OverSubscribe=NO Contiguous=0 Licenses=(null) Network=(null)
   Command=/home/users/mschpc/2019/zuoy/HPC/NeuralNetwork/parallel/scripts/script_PricingDefaultRisk_d200_b64_n16.sh
   WorkDir=/home/users/mschpc/2019/zuoy/HPC/NeuralNetwork/parallel
   StdErr=/home/users/mschpc/2019/zuoy/HPC/NeuralNetwork/parallel/output/slurm-23606.out
   StdIn=/dev/null
   StdOut=/home/users/mschpc/2019/zuoy/HPC/NeuralNetwork/parallel/output/slurm-23606.out
   Power=
   NtasksPerTRES:0


Disk quota details:
===================

Quota Type           Name  Filesystem     Usage in MB     Limit in MB    % Used
-------------------------------------------------------------------------------
USER                 zuoy       /home             141          51,200     0.28%

GROUP              mschpc   /projects             999          51,200     1.95%
GROUP          pi-dgolden   /projects               0          51,200     0.00%


SLURM Bank Statement:
=====================

User           Usage |        Account     Usage | Account Limit Available (CPU hrs)
---------- --------- + -------------- --------- + ------------- ---------
zuoy          29,163 |   HPC_21_01207    29,163 |       100,000    70,837


Acknowledgements:
=================

Note that usage of TCHPC Resources *must* be acknowledged in all publications.

Please see this page for details relevant to this cluster:

http://www.tchpc.tcd.ie/resources/acknowledgementpolicy

################################################################################
