Parallel Mode: Ring-Allreduce
Dimension: 500
Total time: 1
Number of time intervals: 40
Learning rate: 0.01
y_init_range: 40, 50
Number of neurons in each hidden layer of each subnet: 110, 110, 
Epochs: 1000
Batch size: 1
Sample size: 256
Logging frequency: 100
Model name: pricing_default_risk_parallel_
Number of processors: 64


Training:
Epoch:100
In training set, loss: 1547.18, Y0: 49.371

Epoch:200
In training set, loss: 1126.32, Y0: 49.5594

Epoch:300
In training set, loss: 862.394, Y0: 49.5944

Epoch:400
In training set, loss: 686.876, Y0: 49.6191

Epoch:500
In training set, loss: 563.985, Y0: 49.6377

Epoch:600
In training set, loss: 474.004, Y0: 49.6516

Epoch:700
In training set, loss: 405.653, Y0: 49.662

Epoch:800
In training set, loss: 352.166, Y0: 49.6699

Epoch:900
In training set, loss: 309.265, Y0: 49.6756

Epoch:1000
In training set, loss: 274.147, Y0: 49.6799



###############################################################################
TCHPC Cluster: kelvin
Job 22077 (BSDE_job_4_procs) for User 'zuoy' in Account 'hpc_21_01207'
Finished at: Sat Nov 20 14:53:53 GMT 2021

Job efficiency estimates:
=========================

Job ID: 22077
Cluster: kelvin
User/Group: zuoy/zuoy
State: COMPLETED (exit code 0)
Nodes: 6
Cores per node: 12
CPU Utilized: 01:25:58
CPU Efficiency: 15.02% of 09:32:24 core-walltime
Job Wall-clock time: 00:07:57
Memory Utilized: 1.33 GB
Memory Efficiency: 0.99% of 134.77 GB

Job completion status:
======================

       JobID    JobName AllocCPUS NTasks NNodes     MaxRSS    MaxRSSNode  MaxDiskRead MaxDiskWrite    Elapsed      State ExitCode 
------------ ---------- --------- ------ ------ ---------- ------------- ------------ ------------ ---------- ---------- -------- 
22077        BSDE_job_+        72             6                                                      00:07:57  COMPLETED      0:0 
22077.batch       batch        12      1      1   1396004K   kelvin-n074        0.86M        0.01M   00:07:57  COMPLETED      0:0 
22077.0           orted        60      5      5                                                      00:07:56  COMPLETED      0:0 


Job details:
============

JobId=22077 JobName=BSDE_job_4_procs
   UserId=zuoy(1582) GroupId=zuoy(1252) MCS_label=N/A
   Priority=11116459 Nice=0 Account=hpc_21_01207 QOS=normal
   JobState=COMPLETING Reason=None Dependency=(null)
   Requeue=0 Restarts=0 BatchFlag=1 Reboot=0 ExitCode=0:0
   DerivedExitCode=0:0
   RunTime=00:07:57 TimeLimit=23:00:00 TimeMin=N/A
   SubmitTime=2021-11-20T12:27:57 EligibleTime=2021-11-20T12:27:57
   AccrueTime=2021-11-20T12:27:57
   StartTime=2021-11-20T14:45:56 EndTime=2021-11-20T14:53:53 Deadline=N/A
   SuspendTime=None SecsPreSuspend=0 LastSchedEval=2021-11-20T14:45:56
   Partition=compute AllocNode:Sid=kelvin01:28782
   ReqNodeList=(null) ExcNodeList=(null)
   NodeList=kelvin-n[075-076,079,081-082]
   BatchHost=kelvin-n074
   NumNodes=5 NumCPUs=72 NumTasks=64 CPUs/Task=1 ReqB:S:C:T=0:0:*:*
   TRES=cpu=72,mem=138000M,node=6,billing=72
   Socks/Node=* NtasksPerN:B:S:C=0:0:*:* CoreSpec=*
   JOB_GRES=(null)
     Nodes=kelvin-n[074-076,079,081-082] CPU_IDs=0-11 Mem=23000 GRES=
   MinCPUsNode=1 MinMemoryNode=23000M MinTmpDiskNode=0
   Features=(null) DelayBoot=00:00:00
   OverSubscribe=NO Contiguous=0 Licenses=(null) Network=(null)
   Command=/home/users/mschpc/2019/zuoy/HPC/NeuralNetwork/parallel/scripts/script_PricingDefaultRisk_d500_b1_n64.sh
   WorkDir=/home/users/mschpc/2019/zuoy/HPC/NeuralNetwork/parallel
   StdErr=/home/users/mschpc/2019/zuoy/HPC/NeuralNetwork/parallel/output/slurm-22077.out
   StdIn=/dev/null
   StdOut=/home/users/mschpc/2019/zuoy/HPC/NeuralNetwork/parallel/output/slurm-22077.out
   Power=
   NtasksPerTRES:0


Disk quota details:
===================

Quota Type           Name  Filesystem     Usage in MB     Limit in MB    % Used
-------------------------------------------------------------------------------
USER                 zuoy       /home             113          51,200     0.22%

GROUP              mschpc   /projects             999          51,200     1.95%
GROUP          pi-dgolden   /projects               0          51,200     0.00%


SLURM Bank Statement:
=====================

User           Usage |        Account     Usage | Account Limit Available (CPU hrs)
---------- --------- + -------------- --------- + ------------- ---------
zuoy          13,467 |   HPC_21_01207    13,467 |       100,000    86,533


Acknowledgements:
=================

Note that usage of TCHPC Resources *must* be acknowledged in all publications.

Please see this page for details relevant to this cluster:

http://www.tchpc.tcd.ie/resources/acknowledgementpolicy

################################################################################
