Parallel Mode: Ring-Allreduce
Dimension: 200
Total time: 0.3
Number of time intervals: 20
Learning rate: 0.0005
y_init_range: 0.3, 0.5
Number of neurons in each hidden layer of each subnet: 110, 110, 
Epochs: 4000
Batch size: 1
Sample size: 256
Logging frequency: 100
Model name: AllenCahn_parallel_
Number of processors: 16


Training:
Epoch:100
In training set, loss: 3.41724, Y0: 0.196935

Epoch:200
In training set, loss: 2.12591, Y0: 0.1353

Epoch:300
In training set, loss: 1.61823, Y0: 0.0972431

Epoch:400
In training set, loss: 1.40426, Y0: 0.0734392

Epoch:500
In training set, loss: 1.30463, Y0: 0.0584617

Epoch:600
In training set, loss: 1.25049, Y0: 0.0490077

Epoch:700
In training set, loss: 1.21485, Y0: 0.043027

Epoch:800
In training set, loss: 1.18701, Y0: 0.0392358

Epoch:900
In training set, loss: 1.16271, Y0: 0.036827

Epoch:1000
In training set, loss: 1.14023, Y0: 0.0352917

Epoch:1100
In training set, loss: 1.11887, Y0: 0.0343088

Epoch:1200
In training set, loss: 1.09833, Y0: 0.0336755

Epoch:1300
In training set, loss: 1.07849, Y0: 0.0332636

Epoch:1400
In training set, loss: 1.05927, Y0: 0.032992

Epoch:1500
In training set, loss: 1.04064, Y0: 0.0328094

Epoch:1600
In training set, loss: 1.02257, Y0: 0.0326833

Epoch:1700
In training set, loss: 1.00504, Y0: 0.032593

Epoch:1800
In training set, loss: 0.98803, Y0: 0.0325257

Epoch:1900
In training set, loss: 0.971516, Y0: 0.032473

Epoch:2000
In training set, loss: 0.955483, Y0: 0.0324298

Epoch:2100
In training set, loss: 0.939914, Y0: 0.0323926

Epoch:2200
In training set, loss: 0.924794, Y0: 0.0323594

Epoch:2300
In training set, loss: 0.910108, Y0: 0.0323289

Epoch:2400
In training set, loss: 0.895839, Y0: 0.0323002

Epoch:2500
In training set, loss: 0.881974, Y0: 0.0322728

Epoch:2600
In training set, loss: 0.868499, Y0: 0.0322463

Epoch:2700
In training set, loss: 0.855402, Y0: 0.0322206

Epoch:2800
In training set, loss: 0.842668, Y0: 0.0321953

Epoch:2900
In training set, loss: 0.830288, Y0: 0.0321706

Epoch:3000
In training set, loss: 0.818248, Y0: 0.0321464

Epoch:3100
In training set, loss: 0.806537, Y0: 0.0321225

Epoch:3200
In training set, loss: 0.795144, Y0: 0.0320989

Epoch:3300
In training set, loss: 0.784059, Y0: 0.0320758

Epoch:3400
In training set, loss: 0.773273, Y0: 0.032053

Epoch:3500
In training set, loss: 0.762775, Y0: 0.0320306

Epoch:3600
In training set, loss: 0.752556, Y0: 0.0320084

Epoch:3700
In training set, loss: 0.742607, Y0: 0.0319866

Epoch:3800
In training set, loss: 0.732919, Y0: 0.0319651

Epoch:3900
In training set, loss: 0.723485, Y0: 0.0319439

Epoch:4000
In training set, loss: 0.714295, Y0: 0.0319231



###############################################################################
TCHPC Cluster: kelvin
Job 21344 (BSDE_job_4_procs) for User 'zuoy' in Account 'hpc_21_01207'
Finished at: Thu Nov 18 19:51:47 GMT 2021

Job efficiency estimates:
=========================

Job ID: 21344
Cluster: kelvin
User/Group: zuoy/zuoy
State: COMPLETED (exit code 0)
Nodes: 2
Cores per node: 12
CPU Utilized: 01:32:15
CPU Efficiency: 33.18% of 04:38:00 core-walltime
Job Wall-clock time: 00:11:35
Memory Utilized: 391.29 MB
Memory Efficiency: 0.85% of 44.92 GB

Job completion status:
======================

       JobID    JobName AllocCPUS NTasks NNodes     MaxRSS    MaxRSSNode  MaxDiskRead MaxDiskWrite    Elapsed      State ExitCode 
------------ ---------- --------- ------ ------ ---------- ------------- ------------ ------------ ---------- ---------- -------- 
21344        BSDE_job_+        24             2                                                      00:11:35  COMPLETED      0:0 
21344.batch       batch        12      1      1    400680K   kelvin-n077        0.86M        0.01M   00:11:35  COMPLETED      0:0 
21344.0           orted        12      1      1                                                      00:11:34  COMPLETED      0:0 


Job details:
============

JobId=21344 JobName=BSDE_job_4_procs
   UserId=zuoy(1582) GroupId=zuoy(1252) MCS_label=N/A
   Priority=11212660 Nice=0 Account=hpc_21_01207 QOS=normal
   JobState=COMPLETING Reason=None Dependency=(null)
   Requeue=0 Restarts=0 BatchFlag=1 Reboot=0 ExitCode=0:0
   DerivedExitCode=0:0
   RunTime=00:11:35 TimeLimit=23:00:00 TimeMin=N/A
   SubmitTime=2021-11-18T14:03:16 EligibleTime=2021-11-18T14:03:16
   AccrueTime=2021-11-18T14:03:16
   StartTime=2021-11-18T19:40:12 EndTime=2021-11-18T19:51:47 Deadline=N/A
   SuspendTime=None SecsPreSuspend=0 LastSchedEval=2021-11-18T19:40:12
   Partition=compute AllocNode:Sid=kelvin01:471
   ReqNodeList=(null) ExcNodeList=(null)
   NodeList=kelvin-n078
   BatchHost=kelvin-n077
   NumNodes=1 NumCPUs=24 NumTasks=16 CPUs/Task=1 ReqB:S:C:T=0:0:*:*
   TRES=cpu=24,mem=46000M,node=2,billing=24
   Socks/Node=* NtasksPerN:B:S:C=0:0:*:* CoreSpec=*
   JOB_GRES=(null)
     Nodes=kelvin-n[077-078] CPU_IDs=0-11 Mem=23000 GRES=
   MinCPUsNode=1 MinMemoryNode=23000M MinTmpDiskNode=0
   Features=(null) DelayBoot=00:00:00
   OverSubscribe=NO Contiguous=0 Licenses=(null) Network=(null)
   Command=/home/users/mschpc/2019/zuoy/HPC/NeuralNetwork/parallel/scripts/script_AllenCahn_d200_b1_n16.sh
   WorkDir=/home/users/mschpc/2019/zuoy/HPC/NeuralNetwork/parallel
   StdErr=/home/users/mschpc/2019/zuoy/HPC/NeuralNetwork/parallel/output/slurm-21344.out
   StdIn=/dev/null
   StdOut=/home/users/mschpc/2019/zuoy/HPC/NeuralNetwork/parallel/output/slurm-21344.out
   Power=
   NtasksPerTRES:0


Disk quota details:
===================

Quota Type           Name  Filesystem     Usage in MB     Limit in MB    % Used
-------------------------------------------------------------------------------
USER                 zuoy       /home             107          51,200     0.21%

GROUP              mschpc   /projects             999          51,200     1.95%
GROUP          pi-dgolden   /projects               0          51,200     0.00%


SLURM Bank Statement:
=====================

User           Usage |        Account     Usage | Account Limit Available (CPU hrs)
---------- --------- + -------------- --------- + ------------- ---------
zuoy           9,208 |   HPC_21_01207     9,208 |       100,000    90,792


Acknowledgements:
=================

Note that usage of TCHPC Resources *must* be acknowledged in all publications.

Please see this page for details relevant to this cluster:

http://www.tchpc.tcd.ie/resources/acknowledgementpolicy

################################################################################
