Parallel Mode: Master-Slave
Dimension: 100
Total time: 0.25
Number of time intervals: 20
Learning rate: 0.0005
y_init_range: 0.25, 0.5
Number of neurons in each hidden layer of each subnet: 110, 110, 
Epochs: 4000
Batch size: 64
Sample size: 1024
Logging frequency: 100
Model name: AllenCahn_parallel_
Number of processors: 4


Training:
Epoch:100
In training set, loss: 16.3428, Y0: 0.226595

Epoch:200
In training set, loss: 14.2012, Y0: 0.206226

Epoch:300
In training set, loss: 12.5686, Y0: 0.18845

Epoch:400
In training set, loss: 11.3183, Y0: 0.172903

Epoch:500
In training set, loss: 10.3571, Y0: 0.159282

Epoch:600
In training set, loss: 9.61579, Y0: 0.147334

Epoch:700
In training set, loss: 9.04248, Y0: 0.13684

Epoch:800
In training set, loss: 8.59799, Y0: 0.127615

Epoch:900
In training set, loss: 8.25257, Y0: 0.119502

Epoch:1000
In training set, loss: 7.98351, Y0: 0.112361

Epoch:1100
In training set, loss: 7.77342, Y0: 0.106073

Epoch:1200
In training set, loss: 7.60894, Y0: 0.100535

Epoch:1300
In training set, loss: 7.47978, Y0: 0.0956552

Epoch:1400
In training set, loss: 7.37798, Y0: 0.0913544

Epoch:1500
In training set, loss: 7.29743, Y0: 0.087563

Epoch:1600
In training set, loss: 7.23338, Y0: 0.0842203

Epoch:1700
In training set, loss: 7.18214, Y0: 0.0812727

Epoch:1800
In training set, loss: 7.14086, Y0: 0.0786732

Epoch:1900
In training set, loss: 7.10733, Y0: 0.0763805

Epoch:2000
In training set, loss: 7.07982, Y0: 0.0743582

Epoch:2100
In training set, loss: 7.05702, Y0: 0.0725743

Epoch:2200
In training set, loss: 7.03788, Y0: 0.0710006

Epoch:2300
In training set, loss: 7.02159, Y0: 0.0696123

Epoch:2400
In training set, loss: 7.00752, Y0: 0.0683875

Epoch:2500
In training set, loss: 6.99518, Y0: 0.0673071

Epoch:2600
In training set, loss: 6.98421, Y0: 0.0663539

Epoch:2700
In training set, loss: 6.97429, Y0: 0.0655129

Epoch:2800
In training set, loss: 6.96521, Y0: 0.064771

Epoch:2900
In training set, loss: 6.95678, Y0: 0.0641166

Epoch:3000
In training set, loss: 6.94886, Y0: 0.0635393

Epoch:3100
In training set, loss: 6.94135, Y0: 0.06303

Epoch:3200
In training set, loss: 6.93416, Y0: 0.0625808

Epoch:3300
In training set, loss: 6.92722, Y0: 0.0621846

Epoch:3400
In training set, loss: 6.92048, Y0: 0.0618352

Epoch:3500
In training set, loss: 6.91391, Y0: 0.0615271

Epoch:3600
In training set, loss: 6.90747, Y0: 0.0612555

Epoch:3700
In training set, loss: 6.90114, Y0: 0.061016

Epoch:3800
In training set, loss: 6.8949, Y0: 0.0608049

Epoch:3900
In training set, loss: 6.88872, Y0: 0.0606188

Epoch:4000
In training set, loss: 6.88262, Y0: 0.0604549



###############################################################################
TCHPC Cluster: kelvin
Job 22836 (BSDE_job_4_procs) for User 'zuoy' in Account 'hpc_21_01207'
Finished at: Mon Nov 22 00:25:24 GMT 2021

Job efficiency estimates:
=========================

Job ID: 22836
Cluster: kelvin
User/Group: zuoy/zuoy
State: COMPLETED (exit code 0)
Nodes: 1
Cores per node: 12
CPU Utilized: 02:16:12
CPU Efficiency: 33.30% of 06:49:00 core-walltime
Job Wall-clock time: 00:34:05
Memory Utilized: 213.23 MB
Memory Efficiency: 0.93% of 22.46 GB

Job completion status:
======================

       JobID    JobName AllocCPUS NTasks NNodes     MaxRSS    MaxRSSNode  MaxDiskRead MaxDiskWrite    Elapsed      State ExitCode 
------------ ---------- --------- ------ ------ ---------- ------------- ------------ ------------ ---------- ---------- -------- 
22836        BSDE_job_+        12             1                                                      00:34:05  COMPLETED      0:0 
22836.batch       batch        12      1      1    218344K   kelvin-n015        0.86M        0.01M   00:34:05  COMPLETED      0:0 


Job details:
============

JobId=22836 JobName=BSDE_job_4_procs
   UserId=zuoy(1582) GroupId=zuoy(1252) MCS_label=N/A
   Priority=10552816 Nice=0 Account=hpc_21_01207 QOS=normal
   JobState=COMPLETING Reason=None Dependency=(null)
   Requeue=0 Restarts=0 BatchFlag=1 Reboot=0 ExitCode=0:0
   DerivedExitCode=0:0
   RunTime=00:34:05 TimeLimit=23:00:00 TimeMin=N/A
   SubmitTime=2021-11-21T21:55:38 EligibleTime=2021-11-21T21:55:38
   AccrueTime=2021-11-21T21:55:38
   StartTime=2021-11-21T23:51:19 EndTime=2021-11-22T00:25:24 Deadline=N/A
   SuspendTime=None SecsPreSuspend=0 LastSchedEval=2021-11-21T23:51:19
   Partition=compute AllocNode:Sid=kelvin01:12189
   ReqNodeList=(null) ExcNodeList=(null)
   NodeList=
   BatchHost=kelvin-n015
   NumNodes=1 NumCPUs=12 NumTasks=4 CPUs/Task=1 ReqB:S:C:T=0:0:*:*
   TRES=cpu=12,mem=23000M,node=1,billing=12
   Socks/Node=* NtasksPerN:B:S:C=0:0:*:* CoreSpec=*
   JOB_GRES=(null)
     Nodes=kelvin-n015 CPU_IDs=0-11 Mem=23000 GRES=
   MinCPUsNode=1 MinMemoryNode=23000M MinTmpDiskNode=0
   Features=(null) DelayBoot=00:00:00
   OverSubscribe=NO Contiguous=0 Licenses=(null) Network=(null)
   Command=/home/users/mschpc/2019/zuoy/HPC/NeuralNetwork/parallel/scripts/script_AllenCahn_d200_b64_n4.sh
   WorkDir=/home/users/mschpc/2019/zuoy/HPC/NeuralNetwork/parallel
   StdErr=/home/users/mschpc/2019/zuoy/HPC/NeuralNetwork/parallel/output/slurm-22836.out
   StdIn=/dev/null
   StdOut=/home/users/mschpc/2019/zuoy/HPC/NeuralNetwork/parallel/output/slurm-22836.out
   Power=
   NtasksPerTRES:0


Disk quota details:
===================

Quota Type           Name  Filesystem     Usage in MB     Limit in MB    % Used
-------------------------------------------------------------------------------
USER                 zuoy       /home             129          51,200     0.25%

GROUP              mschpc   /projects             999          51,200     1.95%
GROUP          pi-dgolden   /projects               0          51,200     0.00%


SLURM Bank Statement:
=====================

User           Usage |        Account     Usage | Account Limit Available (CPU hrs)
---------- --------- + -------------- --------- + ------------- ---------
zuoy          22,727 |   HPC_21_01207    22,727 |       100,000    77,273


Acknowledgements:
=================

Note that usage of TCHPC Resources *must* be acknowledged in all publications.

Please see this page for details relevant to this cluster:

http://www.tchpc.tcd.ie/resources/acknowledgementpolicy

################################################################################
