Parallel Mode: Ring-Allreduce
Dimension: 100
Total time: 0.2
Number of time intervals: 20
Learning rate: 0.0005
y_init_range: 0.2, 0.5
Number of neurons in each hidden layer of each subnet: 110, 110, 
Epochs: 4000
Batch size: 1
Sample size: 1024
Logging frequency: 100
Model name: AllenCahn_parallel_
Number of processors: 64


Training:
Epoch:100
In training set, loss: 8.06379, Y0: 0.141649

Epoch:200
In training set, loss: 6.58986, Y0: 0.10849

Epoch:300
In training set, loss: 6.09161, Y0: 0.0894647

Epoch:400
In training set, loss: 5.91308, Y0: 0.0785026

Epoch:500
In training set, loss: 5.84058, Y0: 0.0721727

Epoch:600
In training set, loss: 5.80352, Y0: 0.0685129

Epoch:700
In training set, loss: 5.77846, Y0: 0.0663941

Epoch:800
In training set, loss: 5.75758, Y0: 0.065166

Epoch:900
In training set, loss: 5.73825, Y0: 0.0644527

Epoch:1000
In training set, loss: 5.7196, Y0: 0.064037

Epoch:1100
In training set, loss: 5.70135, Y0: 0.0637935

Epoch:1200
In training set, loss: 5.68338, Y0: 0.0636495

Epoch:1300
In training set, loss: 5.66567, Y0: 0.0635631

Epoch:1400
In training set, loss: 5.64819, Y0: 0.0635101

Epoch:1500
In training set, loss: 5.63094, Y0: 0.0634764

Epoch:1600
In training set, loss: 5.61392, Y0: 0.0634538

Epoch:1700
In training set, loss: 5.59711, Y0: 0.0634379

Epoch:1800
In training set, loss: 5.58053, Y0: 0.0634257

Epoch:1900
In training set, loss: 5.56416, Y0: 0.0634157

Epoch:2000
In training set, loss: 5.54801, Y0: 0.0634071

Epoch:2100
In training set, loss: 5.53206, Y0: 0.0633991

Epoch:2200
In training set, loss: 5.51632, Y0: 0.0633917

Epoch:2300
In training set, loss: 5.50078, Y0: 0.0633844

Epoch:2400
In training set, loss: 5.48544, Y0: 0.0633774

Epoch:2500
In training set, loss: 5.47031, Y0: 0.0633705

Epoch:2600
In training set, loss: 5.45537, Y0: 0.0633637

Epoch:2700
In training set, loss: 5.44062, Y0: 0.063357

Epoch:2800
In training set, loss: 5.42605, Y0: 0.0633502

Epoch:2900
In training set, loss: 5.41168, Y0: 0.0633437

Epoch:3000
In training set, loss: 5.39749, Y0: 0.0633371

Epoch:3100
In training set, loss: 5.38348, Y0: 0.0633304

Epoch:3200
In training set, loss: 5.36966, Y0: 0.0633239

Epoch:3300
In training set, loss: 5.35601, Y0: 0.0633175

Epoch:3400
In training set, loss: 5.34253, Y0: 0.063311

Epoch:3500
In training set, loss: 5.32923, Y0: 0.0633046

Epoch:3600
In training set, loss: 5.31609, Y0: 0.0632983

Epoch:3700
In training set, loss: 5.30313, Y0: 0.0632919

Epoch:3800
In training set, loss: 5.29032, Y0: 0.0632857

Epoch:3900
In training set, loss: 5.27768, Y0: 0.0632794

Epoch:4000
In training set, loss: 5.2652, Y0: 0.0632732



###############################################################################
TCHPC Cluster: kelvin
Job 22392 (BSDE_job_4_procs) for User 'zuoy' in Account 'hpc_21_01207'
Finished at: Sun Nov 21 03:56:48 GMT 2021

Job efficiency estimates:
=========================

Job ID: 22392
Cluster: kelvin
User/Group: zuoy/zuoy
State: RUNNING
Nodes: 6
Cores per node: 12
CPU Utilized: 02:23:35
CPU Efficiency: 15.09% of 15:51:36 core-walltime
Job Wall-clock time: 00:13:13
Memory Utilized: 585.92 MB
Memory Efficiency: 0.42% of 134.77 GB
WARNING: Efficiency statistics may be misleading for RUNNING jobs.

Job completion status:
======================

       JobID    JobName AllocCPUS NTasks NNodes     MaxRSS    MaxRSSNode  MaxDiskRead MaxDiskWrite    Elapsed      State ExitCode 
------------ ---------- --------- ------ ------ ---------- ------------- ------------ ------------ ---------- ---------- -------- 
22392        BSDE_job_+        72             6                                                      00:13:13  COMPLETED      0:0 
22392.batch       batch        12      1      1    599980K   kelvin-n050        0.86M        0.01M   00:13:13  COMPLETED      0:0 
22392.0           orted        60      5      5                                                      00:13:12  COMPLETED      0:0 


Job details:
============

JobId=22392 JobName=BSDE_job_4_procs
   UserId=zuoy(1582) GroupId=zuoy(1252) MCS_label=N/A
   Priority=11039499 Nice=0 Account=hpc_21_01207 QOS=normal
   JobState=COMPLETING Reason=None Dependency=(null)
   Requeue=0 Restarts=0 BatchFlag=1 Reboot=0 ExitCode=0:0
   DerivedExitCode=0:0
   RunTime=00:13:13 TimeLimit=23:00:00 TimeMin=N/A
   SubmitTime=2021-11-21T02:09:20 EligibleTime=2021-11-21T02:09:20
   AccrueTime=2021-11-21T02:09:20
   StartTime=2021-11-21T03:43:35 EndTime=2021-11-21T03:56:48 Deadline=N/A
   SuspendTime=None SecsPreSuspend=0 LastSchedEval=2021-11-21T03:43:35
   Partition=compute AllocNode:Sid=kelvin01:32460
   ReqNodeList=(null) ExcNodeList=(null)
   NodeList=kelvin-n[051-052,054-056]
   BatchHost=kelvin-n050
   NumNodes=5 NumCPUs=72 NumTasks=64 CPUs/Task=1 ReqB:S:C:T=0:0:*:*
   TRES=cpu=72,mem=138000M,node=6,billing=72
   Socks/Node=* NtasksPerN:B:S:C=0:0:*:* CoreSpec=*
   JOB_GRES=(null)
     Nodes=kelvin-n[050-052,054-056] CPU_IDs=0-11 Mem=23000 GRES=
   MinCPUsNode=1 MinMemoryNode=23000M MinTmpDiskNode=0
   Features=(null) DelayBoot=00:00:00
   OverSubscribe=NO Contiguous=0 Licenses=(null) Network=(null)
   Command=/home/users/mschpc/2019/zuoy/HPC/NeuralNetwork/parallel/scripts/script_AllenCahn_d300_b1_n64.sh
   WorkDir=/home/users/mschpc/2019/zuoy/HPC/NeuralNetwork/parallel
   StdErr=/home/users/mschpc/2019/zuoy/HPC/NeuralNetwork/parallel/output/slurm-22392.out
   StdIn=/dev/null
   StdOut=/home/users/mschpc/2019/zuoy/HPC/NeuralNetwork/parallel/output/slurm-22392.out
   Power=
   NtasksPerTRES:0


Disk quota details:
===================

Quota Type           Name  Filesystem     Usage in MB     Limit in MB    % Used
-------------------------------------------------------------------------------
USER                 zuoy       /home             119          51,200     0.23%

GROUP              mschpc   /projects             999          51,200     1.95%
GROUP          pi-dgolden   /projects               0          51,200     0.00%


SLURM Bank Statement:
=====================

User           Usage |        Account     Usage | Account Limit Available (CPU hrs)
---------- --------- + -------------- --------- + ------------- ---------
zuoy          15,799 |   HPC_21_01207    15,799 |       100,000    84,201


Acknowledgements:
=================

Note that usage of TCHPC Resources *must* be acknowledged in all publications.

Please see this page for details relevant to this cluster:

http://www.tchpc.tcd.ie/resources/acknowledgementpolicy

################################################################################
