Parallel Mode: Ring-Allreduce
Dimension: 100
Total time: 1
Number of time intervals: 20
Learning rate: 0.01
y_init_range: 0, 1
Number of neurons in each hidden layer of each subnet: 110, 110, 
Epochs: 1000
Batch size: 1
Sample size: 1024
Logging frequency: 100
Model name: HJBLQ_parallel_
Number of processors: 16


Training:
Epoch:100
In training set, loss: 29.206, Y0: 4.55044

Epoch:200
In training set, loss: 26.5013, Y0: 4.5518

Epoch:300
In training set, loss: 24.2101, Y0: 4.55243

Epoch:400
In training set, loss: 22.1548, Y0: 4.553

Epoch:500
In training set, loss: 20.3054, Y0: 4.55351

Epoch:600
In training set, loss: 18.6383, Y0: 4.55397

Epoch:700
In training set, loss: 17.1331, Y0: 4.55437

Epoch:800
In training set, loss: 15.7719, Y0: 4.55472

Epoch:900
In training set, loss: 14.5389, Y0: 4.55504

Epoch:1000
In training set, loss: 13.4205, Y0: 4.55531



###############################################################################
TCHPC Cluster: kelvin
Job 22269 (BSDE_job_4_procs) for User 'zuoy' in Account 'hpc_21_01207'
Finished at: Sun Nov 21 01:57:41 GMT 2021

Job efficiency estimates:
=========================

Job ID: 22269
Cluster: kelvin
User/Group: zuoy/zuoy
State: COMPLETED (exit code 0)
Nodes: 2
Cores per node: 12
CPU Utilized: 00:42:12
CPU Efficiency: 33.07% of 02:07:36 core-walltime
Job Wall-clock time: 00:05:19
Memory Utilized: 426.53 MB
Memory Efficiency: 0.93% of 44.92 GB

Job completion status:
======================

       JobID    JobName AllocCPUS NTasks NNodes     MaxRSS    MaxRSSNode  MaxDiskRead MaxDiskWrite    Elapsed      State ExitCode 
------------ ---------- --------- ------ ------ ---------- ------------- ------------ ------------ ---------- ---------- -------- 
22269        BSDE_job_+        24             2                                                      00:05:19  COMPLETED      0:0 
22269.batch       batch        12      1      1    436764K   kelvin-n029        0.86M        0.01M   00:05:19  COMPLETED      0:0 
22269.0           orted        12      1      1                                                      00:05:18  COMPLETED      0:0 


Job details:
============

JobId=22269 JobName=BSDE_job_4_procs
   UserId=zuoy(1582) GroupId=zuoy(1252) MCS_label=N/A
   Priority=11081698 Nice=0 Account=hpc_21_01207 QOS=normal
   JobState=COMPLETING Reason=None Dependency=(null)
   Requeue=0 Restarts=0 BatchFlag=1 Reboot=0 ExitCode=0:0
   DerivedExitCode=0:0
   RunTime=00:05:19 TimeLimit=23:00:00 TimeMin=N/A
   SubmitTime=2021-11-20T22:48:31 EligibleTime=2021-11-20T22:48:31
   AccrueTime=2021-11-20T22:48:31
   StartTime=2021-11-21T01:52:22 EndTime=2021-11-21T01:57:41 Deadline=N/A
   SuspendTime=None SecsPreSuspend=0 LastSchedEval=2021-11-21T01:52:22
   Partition=compute AllocNode:Sid=kelvin01:32460
   ReqNodeList=(null) ExcNodeList=(null)
   NodeList=kelvin-n032
   BatchHost=kelvin-n029
   NumNodes=1 NumCPUs=24 NumTasks=16 CPUs/Task=1 ReqB:S:C:T=0:0:*:*
   TRES=cpu=24,mem=46000M,node=2,billing=24
   Socks/Node=* NtasksPerN:B:S:C=0:0:*:* CoreSpec=*
   JOB_GRES=(null)
     Nodes=kelvin-n[029,032] CPU_IDs=0-11 Mem=23000 GRES=
   MinCPUsNode=1 MinMemoryNode=23000M MinTmpDiskNode=0
   Features=(null) DelayBoot=00:00:00
   OverSubscribe=NO Contiguous=0 Licenses=(null) Network=(null)
   Command=/home/users/mschpc/2019/zuoy/HPC/NeuralNetwork/parallel/scripts/script_HJBLQ_d100_b1_n16.sh
   WorkDir=/home/users/mschpc/2019/zuoy/HPC/NeuralNetwork/parallel
   StdErr=/home/users/mschpc/2019/zuoy/HPC/NeuralNetwork/parallel/output/slurm-22269.out
   StdIn=/dev/null
   StdOut=/home/users/mschpc/2019/zuoy/HPC/NeuralNetwork/parallel/output/slurm-22269.out
   Power=
   NtasksPerTRES:0


Disk quota details:
===================

Quota Type           Name  Filesystem     Usage in MB     Limit in MB    % Used
-------------------------------------------------------------------------------
USER                 zuoy       /home             116          51,200     0.23%

GROUP              mschpc   /projects             999          51,200     1.95%
GROUP          pi-dgolden   /projects               0          51,200     0.00%


SLURM Bank Statement:
=====================

User           Usage |        Account     Usage | Account Limit Available (CPU hrs)
---------- --------- + -------------- --------- + ------------- ---------
zuoy          15,176 |   HPC_21_01207    15,176 |       100,000    84,824


Acknowledgements:
=================

Note that usage of TCHPC Resources *must* be acknowledged in all publications.

Please see this page for details relevant to this cluster:

http://www.tchpc.tcd.ie/resources/acknowledgementpolicy

################################################################################
