Parallel Mode: Ring-Allreduce
Dimension: 200
Total time: 1
Number of time intervals: 20
Learning rate: 0.01
y_init_range: 0, 1
Number of neurons in each hidden layer of each subnet: 110, 110, 
Epochs: 3000
Batch size: 1
Sample size: 256
Logging frequency: 100
Model name: HJBLQ_parallel_
Number of processors: 64


Training:
Epoch:100
In training set, loss: 15.8433, Y0: 4.84358

Epoch:200
In training set, loss: 10.1351, Y0: 4.95841

Epoch:300
In training set, loss: 7.26697, Y0: 5.00197

Epoch:400
In training set, loss: 5.54743, Y0: 5.03364

Epoch:500
In training set, loss: 4.44295, Y0: 5.05784

Epoch:600
In training set, loss: 3.69199, Y0: 5.07684

Epoch:700
In training set, loss: 3.15722, Y0: 5.09212

Epoch:800
In training set, loss: 2.76185, Y0: 5.10463

Epoch:900
In training set, loss: 2.46042, Y0: 5.11502

Epoch:1000
In training set, loss: 2.22465, Y0: 5.12377

Epoch:1100
In training set, loss: 2.0362, Y0: 5.13122

Epoch:1200
In training set, loss: 1.88277, Y0: 5.13762

Epoch:1300
In training set, loss: 1.75582, Y0: 5.14318

Epoch:1400
In training set, loss: 1.6493, Y0: 5.14802

Epoch:1500
In training set, loss: 1.55878, Y0: 5.1523

Epoch:1600
In training set, loss: 1.48099, Y0: 5.15608

Epoch:1700
In training set, loss: 1.41347, Y0: 5.15944

Epoch:1800
In training set, loss: 1.3543, Y0: 5.16247

Epoch:1900
In training set, loss: 1.30204, Y0: 5.16516

Epoch:2000
In training set, loss: 1.25552, Y0: 5.1676

Epoch:2100
In training set, loss: 1.21381, Y0: 5.16981

Epoch:2200
In training set, loss: 1.17619, Y0: 5.17182

Epoch:2300
In training set, loss: 1.14205, Y0: 5.17365

Epoch:2400
In training set, loss: 1.11089, Y0: 5.17532

Epoch:2500
In training set, loss: 1.08231, Y0: 5.17685

Epoch:2600
In training set, loss: 1.05598, Y0: 5.17826

Epoch:2700
In training set, loss: 1.03162, Y0: 5.17955

Epoch:2800
In training set, loss: 1.00898, Y0: 5.18074

Epoch:2900
In training set, loss: 0.98787, Y0: 5.18184

Epoch:3000
In training set, loss: 0.968113, Y0: 5.18287



###############################################################################
TCHPC Cluster: kelvin
Job 21332 (BSDE_job_4_procs) for User 'zuoy' in Account 'hpc_21_01207'
Finished at: Thu Nov 18 19:18:10 GMT 2021

Job efficiency estimates:
=========================

Job ID: 21332
Cluster: kelvin
User/Group: zuoy/zuoy
State: COMPLETED (exit code 0)
Nodes: 6
Cores per node: 12
CPU Utilized: 01:29:59
CPU Efficiency: 15.15% of 09:54:00 core-walltime
Job Wall-clock time: 00:08:15
Memory Utilized: 538.07 MB
Memory Efficiency: 0.39% of 134.77 GB

Job completion status:
======================

       JobID    JobName AllocCPUS NTasks NNodes     MaxRSS    MaxRSSNode  MaxDiskRead MaxDiskWrite    Elapsed      State ExitCode 
------------ ---------- --------- ------ ------ ---------- ------------- ------------ ------------ ---------- ---------- -------- 
21332        BSDE_job_+        72             6                                                      00:08:15  COMPLETED      0:0 
21332.batch       batch        12      1      1    550988K   kelvin-n006        0.86M        0.01M   00:08:15  COMPLETED      0:0 
21332.0           orted        60      5      5                                                      00:08:14  COMPLETED      0:0 


Job details:
============

JobId=21332 JobName=BSDE_job_4_procs
   UserId=zuoy(1582) GroupId=zuoy(1252) MCS_label=N/A
   Priority=11200157 Nice=0 Account=hpc_21_01207 QOS=normal
   JobState=COMPLETING Reason=None Dependency=(null)
   Requeue=0 Restarts=0 BatchFlag=1 Reboot=0 ExitCode=0:0
   DerivedExitCode=0:0
   RunTime=00:08:15 TimeLimit=23:00:00 TimeMin=N/A
   SubmitTime=2021-11-18T14:03:13 EligibleTime=2021-11-18T14:03:13
   AccrueTime=2021-11-18T14:03:13
   StartTime=2021-11-18T19:09:55 EndTime=2021-11-18T19:18:10 Deadline=N/A
   SuspendTime=None SecsPreSuspend=0 LastSchedEval=2021-11-18T19:09:55
   Partition=compute AllocNode:Sid=kelvin01:471
   ReqNodeList=(null) ExcNodeList=(null)
   NodeList=kelvin-n[008,022,061,085,089]
   BatchHost=kelvin-n006
   NumNodes=5 NumCPUs=72 NumTasks=64 CPUs/Task=1 ReqB:S:C:T=0:0:*:*
   TRES=cpu=72,mem=138000M,node=6,billing=72
   Socks/Node=* NtasksPerN:B:S:C=0:0:*:* CoreSpec=*
   JOB_GRES=(null)
     Nodes=kelvin-n[006,008,022,061,085,089] CPU_IDs=0-11 Mem=23000 GRES=
   MinCPUsNode=1 MinMemoryNode=23000M MinTmpDiskNode=0
   Features=(null) DelayBoot=00:00:00
   OverSubscribe=NO Contiguous=0 Licenses=(null) Network=(null)
   Command=/home/users/mschpc/2019/zuoy/HPC/NeuralNetwork/parallel/scripts/script_HJBLQ_d200_b1_n64.sh
   WorkDir=/home/users/mschpc/2019/zuoy/HPC/NeuralNetwork/parallel
   StdErr=/home/users/mschpc/2019/zuoy/HPC/NeuralNetwork/parallel/output/slurm-21332.out
   StdIn=/dev/null
   StdOut=/home/users/mschpc/2019/zuoy/HPC/NeuralNetwork/parallel/output/slurm-21332.out
   Power=
   NtasksPerTRES:0


Disk quota details:
===================

Quota Type           Name  Filesystem     Usage in MB     Limit in MB    % Used
-------------------------------------------------------------------------------
USER                 zuoy       /home             103          51,200     0.20%

GROUP              mschpc   /projects             999          51,200     1.95%
GROUP          pi-dgolden   /projects               0          51,200     0.00%


SLURM Bank Statement:
=====================

User           Usage |        Account     Usage | Account Limit Available (CPU hrs)
---------- --------- + -------------- --------- + ------------- ---------
zuoy           9,022 |   HPC_21_01207     9,022 |       100,000    90,978


Acknowledgements:
=================

Note that usage of TCHPC Resources *must* be acknowledged in all publications.

Please see this page for details relevant to this cluster:

http://www.tchpc.tcd.ie/resources/acknowledgementpolicy

################################################################################
