Parallel Mode: Ring-Allreduce
Dimension: 500
Total time: 1
Number of time intervals: 40
Learning rate: 0.01
y_init_range: 40, 50
Number of neurons in each hidden layer of each subnet: 110, 110, 
Epochs: 1000
Batch size: 1
Sample size: 256
Logging frequency: 100
Model name: pricing_default_risk_parallel_
Number of processors: 16


Training:
Epoch:100
In training set, loss: 652.877, Y0: 50.1565

Epoch:200
In training set, loss: 315.586, Y0: 50.2617

Epoch:300
In training set, loss: 181.858, Y0: 50.3164

Epoch:400
In training set, loss: 115.029, Y0: 50.3472

Epoch:500
In training set, loss: 77.3133, Y0: 50.3659

Epoch:600
In training set, loss: 54.3119, Y0: 50.3776

Epoch:700
In training set, loss: 39.4323, Y0: 50.3853

Epoch:800
In training set, loss: 29.3487, Y0: 50.3905

Epoch:900
In training set, loss: 22.2855, Y0: 50.3941

Epoch:1000
In training set, loss: 17.1837, Y0: 50.3966



###############################################################################
TCHPC Cluster: kelvin
Job 22127 (BSDE_job_4_procs) for User 'zuoy' in Account 'hpc_21_01207'
Finished at: Sat Nov 20 16:57:10 GMT 2021

Job efficiency estimates:
=========================

Job ID: 22127
Cluster: kelvin
User/Group: zuoy/zuoy
State: COMPLETED (exit code 0)
Nodes: 2
Cores per node: 12
CPU Utilized: 01:57:28
CPU Efficiency: 32.89% of 05:57:12 core-walltime
Job Wall-clock time: 00:14:53
Memory Utilized: 993.98 MB
Memory Efficiency: 2.16% of 44.92 GB

Job completion status:
======================

       JobID    JobName AllocCPUS NTasks NNodes     MaxRSS    MaxRSSNode  MaxDiskRead MaxDiskWrite    Elapsed      State ExitCode 
------------ ---------- --------- ------ ------ ---------- ------------- ------------ ------------ ---------- ---------- -------- 
22127        BSDE_job_+        24             2                                                      00:14:53  COMPLETED      0:0 
22127.batch       batch        12      1      1   1017832K   kelvin-n086        0.86M        0.01M   00:14:53  COMPLETED      0:0 
22127.0           orted        12      1      1                                                      00:14:51  COMPLETED      0:0 


Job details:
============

JobId=22127 JobName=BSDE_job_4_procs
   UserId=zuoy(1582) GroupId=zuoy(1252) MCS_label=N/A
   Priority=11171588 Nice=0 Account=hpc_21_01207 QOS=normal
   JobState=COMPLETING Reason=None Dependency=(null)
   Requeue=0 Restarts=0 BatchFlag=1 Reboot=0 ExitCode=0:0
   DerivedExitCode=0:0
   RunTime=00:14:53 TimeLimit=23:00:00 TimeMin=N/A
   SubmitTime=2021-11-20T12:28:04 EligibleTime=2021-11-20T12:28:04
   AccrueTime=2021-11-20T12:28:04
   StartTime=2021-11-20T16:42:17 EndTime=2021-11-20T16:57:10 Deadline=N/A
   SuspendTime=None SecsPreSuspend=0 LastSchedEval=2021-11-20T16:42:17
   Partition=compute AllocNode:Sid=kelvin01:28782
   ReqNodeList=(null) ExcNodeList=(null)
   NodeList=kelvin-n089
   BatchHost=kelvin-n086
   NumNodes=1 NumCPUs=24 NumTasks=16 CPUs/Task=1 ReqB:S:C:T=0:0:*:*
   TRES=cpu=24,mem=46000M,node=2,billing=24
   Socks/Node=* NtasksPerN:B:S:C=0:0:*:* CoreSpec=*
   JOB_GRES=(null)
     Nodes=kelvin-n[086,089] CPU_IDs=0-11 Mem=23000 GRES=
   MinCPUsNode=1 MinMemoryNode=23000M MinTmpDiskNode=0
   Features=(null) DelayBoot=00:00:00
   OverSubscribe=NO Contiguous=0 Licenses=(null) Network=(null)
   Command=/home/users/mschpc/2019/zuoy/HPC/NeuralNetwork/parallel/scripts/script_PricingDefaultRisk_d500_b1_n16.sh
   WorkDir=/home/users/mschpc/2019/zuoy/HPC/NeuralNetwork/parallel
   StdErr=/home/users/mschpc/2019/zuoy/HPC/NeuralNetwork/parallel/output/slurm-22127.out
   StdIn=/dev/null
   StdOut=/home/users/mschpc/2019/zuoy/HPC/NeuralNetwork/parallel/output/slurm-22127.out
   Power=
   NtasksPerTRES:0


Disk quota details:
===================

Quota Type           Name  Filesystem     Usage in MB     Limit in MB    % Used
-------------------------------------------------------------------------------
USER                 zuoy       /home             116          51,200     0.23%

GROUP              mschpc   /projects             999          51,200     1.95%
GROUP          pi-dgolden   /projects               0          51,200     0.00%


SLURM Bank Statement:
=====================

User           Usage |        Account     Usage | Account Limit Available (CPU hrs)
---------- --------- + -------------- --------- + ------------- ---------
zuoy          13,708 |   HPC_21_01207    13,708 |       100,000    86,292


Acknowledgements:
=================

Note that usage of TCHPC Resources *must* be acknowledged in all publications.

Please see this page for details relevant to this cluster:

http://www.tchpc.tcd.ie/resources/acknowledgementpolicy

################################################################################
