Parallel Mode: Ring-Allreduce
Dimension: 100
Total time: 0.2
Number of time intervals: 20
Learning rate: 0.0005
y_init_range: 0.2, 0.5
Number of neurons in each hidden layer of each subnet: 110, 110, 
Epochs: 4000
Batch size: 64
Sample size: 1024
Logging frequency: 100
Model name: AllenCahn_parallel_
Number of processors: 32


Training:
Epoch:100
In training set, loss: 11.7431, Y0: 0.197789

Epoch:200
In training set, loss: 11.5485, Y0: 0.195615

Epoch:300
In training set, loss: 11.3608, Y0: 0.19348

Epoch:400
In training set, loss: 11.1797, Y0: 0.191384

Epoch:500
In training set, loss: 11.005, Y0: 0.189325

Epoch:600
In training set, loss: 10.8365, Y0: 0.187303

Epoch:700
In training set, loss: 10.674, Y0: 0.185318

Epoch:800
In training set, loss: 10.5172, Y0: 0.183368

Epoch:900
In training set, loss: 10.3659, Y0: 0.181452

Epoch:1000
In training set, loss: 10.22, Y0: 0.179571

Epoch:1100
In training set, loss: 10.0791, Y0: 0.177724

Epoch:1200
In training set, loss: 9.94327, Y0: 0.175909

Epoch:1300
In training set, loss: 9.81213, Y0: 0.174127

Epoch:1400
In training set, loss: 9.68556, Y0: 0.172375

Epoch:1500
In training set, loss: 9.56342, Y0: 0.170655

Epoch:1600
In training set, loss: 9.44557, Y0: 0.168966

Epoch:1700
In training set, loss: 9.33181, Y0: 0.167307

Epoch:1800
In training set, loss: 9.22202, Y0: 0.165676

Epoch:1900
In training set, loss: 9.11602, Y0: 0.164075

Epoch:2000
In training set, loss: 9.01369, Y0: 0.162501

Epoch:2100
In training set, loss: 8.91492, Y0: 0.160956

Epoch:2200
In training set, loss: 8.81957, Y0: 0.159437

Epoch:2300
In training set, loss: 8.72753, Y0: 0.157946

Epoch:2400
In training set, loss: 8.63865, Y0: 0.15648

Epoch:2500
In training set, loss: 8.55287, Y0: 0.15504

Epoch:2600
In training set, loss: 8.47002, Y0: 0.153626

Epoch:2700
In training set, loss: 8.39004, Y0: 0.152236

Epoch:2800
In training set, loss: 8.31281, Y0: 0.150871

Epoch:2900
In training set, loss: 8.23824, Y0: 0.14953

Epoch:3000
In training set, loss: 8.16621, Y0: 0.148212

Epoch:3100
In training set, loss: 8.09667, Y0: 0.146917

Epoch:3200
In training set, loss: 8.0295, Y0: 0.145645

Epoch:3300
In training set, loss: 7.96465, Y0: 0.144395

Epoch:3400
In training set, loss: 7.902, Y0: 0.143166

Epoch:3500
In training set, loss: 7.8415, Y0: 0.14196

Epoch:3600
In training set, loss: 7.78305, Y0: 0.140774

Epoch:3700
In training set, loss: 7.72661, Y0: 0.139609

Epoch:3800
In training set, loss: 7.67208, Y0: 0.138464

Epoch:3900
In training set, loss: 7.61942, Y0: 0.137339

Epoch:4000
In training set, loss: 7.56855, Y0: 0.136234



###############################################################################
TCHPC Cluster: kelvin
Job 22446 (BSDE_job_4_procs) for User 'zuoy' in Account 'hpc_21_01207'
Finished at: Sun Nov 21 06:03:53 GMT 2021

Job efficiency estimates:
=========================

Job ID: 22446
Cluster: kelvin
User/Group: zuoy/zuoy
State: COMPLETED (exit code 0)
Nodes: 3
Cores per node: 12
CPU Utilized: 02:35:04
CPU Efficiency: 30.33% of 08:31:12 core-walltime
Job Wall-clock time: 00:14:12
Memory Utilized: 584.88 MB
Memory Efficiency: 0.85% of 67.38 GB

Job completion status:
======================

       JobID    JobName AllocCPUS NTasks NNodes     MaxRSS    MaxRSSNode  MaxDiskRead MaxDiskWrite    Elapsed      State ExitCode 
------------ ---------- --------- ------ ------ ---------- ------------- ------------ ------------ ---------- ---------- -------- 
22446        BSDE_job_+        36             3                                                      00:14:12  COMPLETED      0:0 
22446.batch       batch        12      1      1    598912K   kelvin-n054        0.86M        0.01M   00:14:12  COMPLETED      0:0 
22446.0           orted        24      2      2                                                      00:14:11  COMPLETED      0:0 


Job details:
============

JobId=22446 JobName=BSDE_job_4_procs
   UserId=zuoy(1582) GroupId=zuoy(1252) MCS_label=N/A
   Priority=11069505 Nice=0 Account=hpc_21_01207 QOS=normal
   JobState=COMPLETING Reason=None Dependency=(null)
   Requeue=0 Restarts=0 BatchFlag=1 Reboot=0 ExitCode=0:0
   DerivedExitCode=0:0
   RunTime=00:14:12 TimeLimit=23:00:00 TimeMin=N/A
   SubmitTime=2021-11-21T03:11:17 EligibleTime=2021-11-21T03:11:17
   AccrueTime=2021-11-21T03:11:17
   StartTime=2021-11-21T05:49:41 EndTime=2021-11-21T06:03:53 Deadline=N/A
   SuspendTime=None SecsPreSuspend=0 LastSchedEval=2021-11-21T05:49:41
   Partition=compute AllocNode:Sid=kelvin01:16943
   ReqNodeList=(null) ExcNodeList=(null)
   NodeList=kelvin-n[055-056]
   BatchHost=kelvin-n054
   NumNodes=2 NumCPUs=36 NumTasks=32 CPUs/Task=1 ReqB:S:C:T=0:0:*:*
   TRES=cpu=36,mem=69000M,node=3,billing=36
   Socks/Node=* NtasksPerN:B:S:C=0:0:*:* CoreSpec=*
   JOB_GRES=(null)
     Nodes=kelvin-n[054-056] CPU_IDs=0-11 Mem=23000 GRES=
   MinCPUsNode=1 MinMemoryNode=23000M MinTmpDiskNode=0
   Features=(null) DelayBoot=00:00:00
   OverSubscribe=NO Contiguous=0 Licenses=(null) Network=(null)
   Command=/home/users/mschpc/2019/zuoy/HPC/NeuralNetwork/parallel/scripts/script_AllenCahn_d300_b64_n32.sh
   WorkDir=/home/users/mschpc/2019/zuoy/HPC/NeuralNetwork/parallel
   StdErr=/home/users/mschpc/2019/zuoy/HPC/NeuralNetwork/parallel/output/slurm-22446.out
   StdIn=/dev/null
   StdOut=/home/users/mschpc/2019/zuoy/HPC/NeuralNetwork/parallel/output/slurm-22446.out
   Power=
   NtasksPerTRES:0


Disk quota details:
===================

Quota Type           Name  Filesystem     Usage in MB     Limit in MB    % Used
-------------------------------------------------------------------------------
USER                 zuoy       /home             121          51,200     0.24%

GROUP              mschpc   /projects             999          51,200     1.95%
GROUP          pi-dgolden   /projects               0          51,200     0.00%


SLURM Bank Statement:
=====================

User           Usage |        Account     Usage | Account Limit Available (CPU hrs)
---------- --------- + -------------- --------- + ------------- ---------
zuoy          16,456 |   HPC_21_01207    16,456 |       100,000    83,544


Acknowledgements:
=================

Note that usage of TCHPC Resources *must* be acknowledged in all publications.

Please see this page for details relevant to this cluster:

http://www.tchpc.tcd.ie/resources/acknowledgementpolicy

################################################################################
