Parallel Mode: Master-Slave
Dimension: 200
Total time: 1
Number of time intervals: 20
Learning rate: 0.01
y_init_range: 0, 1
Number of neurons in each hidden layer of each subnet: 110, 110, 
Epochs: 1000
Batch size: 1
Sample size: 1024
Logging frequency: 100
Model name: HJBLQ_parallel_
Number of processors: 16


Training:
Epoch:100
In training set, loss: 12.2076, Y0: 5.27785

Epoch:200
In training set, loss: 11.2036, Y0: 5.28582

Epoch:300
In training set, loss: 10.7232, Y0: 5.28722

Epoch:400
In training set, loss: 10.2866, Y0: 5.28761

Epoch:500
In training set, loss: 9.87116, Y0: 5.28777

Epoch:600
In training set, loss: 9.47431, Y0: 5.28787

Epoch:700
In training set, loss: 9.09499, Y0: 5.28793

Epoch:800
In training set, loss: 8.73234, Y0: 5.28799

Epoch:900
In training set, loss: 8.38555, Y0: 5.28804

Epoch:1000
In training set, loss: 8.05385, Y0: 5.28809



###############################################################################
TCHPC Cluster: kelvin
Job 22707 (BSDE_job_4_procs) for User 'zuoy' in Account 'hpc_21_01207'
Finished at: Sun Nov 21 18:55:09 GMT 2021

Job efficiency estimates:
=========================

Job ID: 22707
Cluster: kelvin
User/Group: zuoy/zuoy
State: COMPLETED (exit code 0)
Nodes: 2
Cores per node: 12
CPU Utilized: 01:21:52
CPU Efficiency: 33.12% of 04:07:12 core-walltime
Job Wall-clock time: 00:10:18
Memory Utilized: 598.58 MB
Memory Efficiency: 1.30% of 44.92 GB

Job completion status:
======================

       JobID    JobName AllocCPUS NTasks NNodes     MaxRSS    MaxRSSNode  MaxDiskRead MaxDiskWrite    Elapsed      State ExitCode 
------------ ---------- --------- ------ ------ ---------- ------------- ------------ ------------ ---------- ---------- -------- 
22707        BSDE_job_+        24             2                                                      00:10:18  COMPLETED      0:0 
22707.batch       batch        12      1      1    612948K   kelvin-n001        0.86M        0.01M   00:10:18  COMPLETED      0:0 
22707.0           orted        12      1      1                                                      00:10:17  COMPLETED      0:0 


Job details:
============

JobId=22707 JobName=BSDE_job_4_procs
   UserId=zuoy(1582) GroupId=zuoy(1252) MCS_label=N/A
   Priority=10622858 Nice=0 Account=hpc_21_01207 QOS=normal
   JobState=COMPLETING Reason=None Dependency=(null)
   Requeue=0 Restarts=0 BatchFlag=1 Reboot=0 ExitCode=0:0
   DerivedExitCode=0:0
   RunTime=00:10:18 TimeLimit=23:00:00 TimeMin=N/A
   SubmitTime=2021-11-21T16:20:23 EligibleTime=2021-11-21T16:20:23
   AccrueTime=2021-11-21T16:20:23
   StartTime=2021-11-21T18:44:51 EndTime=2021-11-21T18:55:09 Deadline=N/A
   SuspendTime=None SecsPreSuspend=0 LastSchedEval=2021-11-21T18:44:51
   Partition=compute AllocNode:Sid=kelvin01:12189
   ReqNodeList=(null) ExcNodeList=(null)
   NodeList=kelvin-n097
   BatchHost=kelvin-n001
   NumNodes=1 NumCPUs=24 NumTasks=16 CPUs/Task=1 ReqB:S:C:T=0:0:*:*
   TRES=cpu=24,mem=46000M,node=2,billing=24
   Socks/Node=* NtasksPerN:B:S:C=0:0:*:* CoreSpec=*
   JOB_GRES=(null)
     Nodes=kelvin-n[001,097] CPU_IDs=0-11 Mem=23000 GRES=
   MinCPUsNode=1 MinMemoryNode=23000M MinTmpDiskNode=0
   Features=(null) DelayBoot=00:00:00
   OverSubscribe=NO Contiguous=0 Licenses=(null) Network=(null)
   Command=/home/users/mschpc/2019/zuoy/HPC/NeuralNetwork/parallel/scripts/script_HJBLQ_d200_b1_n16.sh
   WorkDir=/home/users/mschpc/2019/zuoy/HPC/NeuralNetwork/parallel
   StdErr=/home/users/mschpc/2019/zuoy/HPC/NeuralNetwork/parallel/output/slurm-22707.out
   StdIn=/dev/null
   StdOut=/home/users/mschpc/2019/zuoy/HPC/NeuralNetwork/parallel/output/slurm-22707.out
   Power=
   NtasksPerTRES:0


Disk quota details:
===================

Quota Type           Name  Filesystem     Usage in MB     Limit in MB    % Used
-------------------------------------------------------------------------------
USER                 zuoy       /home             127          51,200     0.25%

GROUP              mschpc   /projects             999          51,200     1.95%
GROUP          pi-dgolden   /projects               0          51,200     0.00%


SLURM Bank Statement:
=====================

User           Usage |        Account     Usage | Account Limit Available (CPU hrs)
---------- --------- + -------------- --------- + ------------- ---------
zuoy          20,677 |   HPC_21_01207    20,677 |       100,000    79,323


Acknowledgements:
=================

Note that usage of TCHPC Resources *must* be acknowledged in all publications.

Please see this page for details relevant to this cluster:

http://www.tchpc.tcd.ie/resources/acknowledgementpolicy

################################################################################
