Parallel Mode: Ring-Allreduce
Dimension: 100
Total time: 0.3
Number of time intervals: 20
Learning rate: 0.0005
y_init_range: 0.3, 0.5
Number of neurons in each hidden layer of each subnet: 110, 110, 
Epochs: 4000
Batch size: 64
Sample size: 1024
Logging frequency: 100
Model name: AllenCahn_parallel_
Number of processors: 32


Training:
Epoch:100
In training set, loss: 25.785, Y0: 0.296138

Epoch:200
In training set, loss: 25.1933, Y0: 0.292343

Epoch:300
In training set, loss: 24.6222, Y0: 0.288615

Epoch:400
In training set, loss: 24.0708, Y0: 0.284951

Epoch:500
In training set, loss: 23.5384, Y0: 0.281351

Epoch:600
In training set, loss: 23.0242, Y0: 0.277814

Epoch:700
In training set, loss: 22.5274, Y0: 0.274337

Epoch:800
In training set, loss: 22.0475, Y0: 0.27092

Epoch:900
In training set, loss: 21.5838, Y0: 0.267561

Epoch:1000
In training set, loss: 21.1355, Y0: 0.264258

Epoch:1100
In training set, loss: 20.7022, Y0: 0.261011

Epoch:1200
In training set, loss: 20.2833, Y0: 0.257819

Epoch:1300
In training set, loss: 19.8782, Y0: 0.254679

Epoch:1400
In training set, loss: 19.4865, Y0: 0.251593

Epoch:1500
In training set, loss: 19.1075, Y0: 0.248556

Epoch:1600
In training set, loss: 18.741, Y0: 0.24557

Epoch:1700
In training set, loss: 18.3863, Y0: 0.242634

Epoch:1800
In training set, loss: 18.0432, Y0: 0.239745

Epoch:1900
In training set, loss: 17.7111, Y0: 0.236903

Epoch:2000
In training set, loss: 17.3896, Y0: 0.234107

Epoch:2100
In training set, loss: 17.0784, Y0: 0.231357

Epoch:2200
In training set, loss: 16.7772, Y0: 0.228651

Epoch:2300
In training set, loss: 16.4855, Y0: 0.225988

Epoch:2400
In training set, loss: 16.2031, Y0: 0.223367

Epoch:2500
In training set, loss: 15.9296, Y0: 0.220789

Epoch:2600
In training set, loss: 15.6646, Y0: 0.218251

Epoch:2700
In training set, loss: 15.408, Y0: 0.215754

Epoch:2800
In training set, loss: 15.1594, Y0: 0.213296

Epoch:2900
In training set, loss: 14.9186, Y0: 0.210877

Epoch:3000
In training set, loss: 14.6853, Y0: 0.208496

Epoch:3100
In training set, loss: 14.4592, Y0: 0.206153

Epoch:3200
In training set, loss: 14.2401, Y0: 0.203846

Epoch:3300
In training set, loss: 14.0278, Y0: 0.201575

Epoch:3400
In training set, loss: 13.822, Y0: 0.199339

Epoch:3500
In training set, loss: 13.6225, Y0: 0.197138

Epoch:3600
In training set, loss: 13.4291, Y0: 0.194972

Epoch:3700
In training set, loss: 13.2416, Y0: 0.192838

Epoch:3800
In training set, loss: 13.0599, Y0: 0.190738

Epoch:3900
In training set, loss: 12.8836, Y0: 0.18867

Epoch:4000
In training set, loss: 12.7128, Y0: 0.186633



###############################################################################
TCHPC Cluster: kelvin
Job 22405 (BSDE_job_4_procs) for User 'zuoy' in Account 'hpc_21_01207'
Finished at: Sun Nov 21 04:25:02 GMT 2021

Job efficiency estimates:
=========================

Job ID: 22405
Cluster: kelvin
User/Group: zuoy/zuoy
State: COMPLETED (exit code 0)
Nodes: 3
Cores per node: 12
CPU Utilized: 02:34:13
CPU Efficiency: 30.35% of 08:28:12 core-walltime
Job Wall-clock time: 00:14:07
Memory Utilized: 584.91 MB
Memory Efficiency: 0.85% of 67.38 GB

Job completion status:
======================

       JobID    JobName AllocCPUS NTasks NNodes     MaxRSS    MaxRSSNode  MaxDiskRead MaxDiskWrite    Elapsed      State ExitCode 
------------ ---------- --------- ------ ------ ---------- ------------- ------------ ------------ ---------- ---------- -------- 
22405        BSDE_job_+        36             3                                                      00:14:07  COMPLETED      0:0 
22405.batch       batch        12      1      1    598944K   kelvin-n079        0.86M        0.01M   00:14:07  COMPLETED      0:0 
22405.0           orted        24      2      2                                                      00:14:06  COMPLETED      0:0 


Job details:
============

JobId=22405 JobName=BSDE_job_4_procs
   UserId=zuoy(1582) GroupId=zuoy(1252) MCS_label=N/A
   Priority=11051623 Nice=0 Account=hpc_21_01207 QOS=normal
   JobState=COMPLETING Reason=None Dependency=(null)
   Requeue=0 Restarts=0 BatchFlag=1 Reboot=0 ExitCode=0:0
   DerivedExitCode=0:0
   RunTime=00:14:07 TimeLimit=23:00:00 TimeMin=N/A
   SubmitTime=2021-11-21T02:09:20 EligibleTime=2021-11-21T02:09:20
   AccrueTime=2021-11-21T02:09:20
   StartTime=2021-11-21T04:10:55 EndTime=2021-11-21T04:25:02 Deadline=N/A
   SuspendTime=None SecsPreSuspend=0 LastSchedEval=2021-11-21T04:10:55
   Partition=compute AllocNode:Sid=kelvin01:32460
   ReqNodeList=(null) ExcNodeList=(null)
   NodeList=kelvin-n[081,093]
   BatchHost=kelvin-n079
   NumNodes=2 NumCPUs=36 NumTasks=32 CPUs/Task=1 ReqB:S:C:T=0:0:*:*
   TRES=cpu=36,mem=69000M,node=3,billing=36
   Socks/Node=* NtasksPerN:B:S:C=0:0:*:* CoreSpec=*
   JOB_GRES=(null)
     Nodes=kelvin-n[079,081,093] CPU_IDs=0-11 Mem=23000 GRES=
   MinCPUsNode=1 MinMemoryNode=23000M MinTmpDiskNode=0
   Features=(null) DelayBoot=00:00:00
   OverSubscribe=NO Contiguous=0 Licenses=(null) Network=(null)
   Command=/home/users/mschpc/2019/zuoy/HPC/NeuralNetwork/parallel/scripts/script_AllenCahn_d100_b64_n32.sh
   WorkDir=/home/users/mschpc/2019/zuoy/HPC/NeuralNetwork/parallel
   StdErr=/home/users/mschpc/2019/zuoy/HPC/NeuralNetwork/parallel/output/slurm-22405.out
   StdIn=/dev/null
   StdOut=/home/users/mschpc/2019/zuoy/HPC/NeuralNetwork/parallel/output/slurm-22405.out
   Power=
   NtasksPerTRES:0


Disk quota details:
===================

Quota Type           Name  Filesystem     Usage in MB     Limit in MB    % Used
-------------------------------------------------------------------------------
USER                 zuoy       /home             122          51,200     0.24%

GROUP              mschpc   /projects             999          51,200     1.95%
GROUP          pi-dgolden   /projects               0          51,200     0.00%


SLURM Bank Statement:
=====================

User           Usage |        Account     Usage | Account Limit Available (CPU hrs)
---------- --------- + -------------- --------- + ------------- ---------
zuoy          15,985 |   HPC_21_01207    15,985 |       100,000    84,015


Acknowledgements:
=================

Note that usage of TCHPC Resources *must* be acknowledged in all publications.

Please see this page for details relevant to this cluster:

http://www.tchpc.tcd.ie/resources/acknowledgementpolicy

################################################################################
