Parallel Mode: Ring-Allreduce
Dimension: 100
Total time: 1
Number of time intervals: 40
Learning rate: 0.01
y_init_range: 40, 50
Number of neurons in each hidden layer of each subnet: 110, 110, 
Epochs: 1000
Batch size: 64
Sample size: 256
Logging frequency: 100
Model name: pricing_default_risk_parallel_
Number of processors: 64


Training:
Epoch:100
In training set, loss: 2784.9, Y0: 56.522

Epoch:200
In training set, loss: 2589.84, Y0: 56.9555

Epoch:300
In training set, loss: 2446.67, Y0: 56.9939

Epoch:400
In training set, loss: 2327.12, Y0: 57.0189

Epoch:500
In training set, loss: 2225.16, Y0: 57.0411

Epoch:600
In training set, loss: 2136.75, Y0: 57.0608

Epoch:700
In training set, loss: 2059.31, Y0: 57.0785

Epoch:800
In training set, loss: 1990.45, Y0: 57.0943

Epoch:900
In training set, loss: 1928.03, Y0: 57.1088

Epoch:1000
In training set, loss: 1871.78, Y0: 57.122



###############################################################################
TCHPC Cluster: kelvin
Job 24061 (BSDE_job_4_procs) for User 'zuoy' in Account 'hpc_21_01207'
Finished at: Thu Nov 25 16:34:28 GMT 2021

Job efficiency estimates:
=========================

Job ID: 24061
Cluster: kelvin
User/Group: zuoy/zuoy
State: COMPLETED (exit code 0)
Nodes: 6
Cores per node: 12
CPU Utilized: 00:49:44
CPU Efficiency: 15.02% of 05:31:12 core-walltime
Job Wall-clock time: 00:04:36
Memory Utilized: 573.98 MB
Memory Efficiency: 0.42% of 134.77 GB

Job completion status:
======================

       JobID    JobName AllocCPUS NTasks NNodes     MaxRSS    MaxRSSNode  MaxDiskRead MaxDiskWrite    Elapsed      State ExitCode 
------------ ---------- --------- ------ ------ ---------- ------------- ------------ ------------ ---------- ---------- -------- 
24061        BSDE_job_+        72             6                                                      00:04:36  COMPLETED      0:0 
24061.batch       batch        12      1      1    587752K   kelvin-n031        0.86M        0.01M   00:04:36  COMPLETED      0:0 
24061.0           orted        60      5      5                                                      00:04:35  COMPLETED      0:0 


Job details:
============

JobId=24061 JobName=BSDE_job_4_procs
   UserId=zuoy(1582) GroupId=zuoy(1252) MCS_label=N/A
   Priority=10610519 Nice=0 Account=hpc_21_01207 QOS=normal
   JobState=COMPLETING Reason=None Dependency=(null)
   Requeue=0 Restarts=0 BatchFlag=1 Reboot=0 ExitCode=0:0
   DerivedExitCode=0:0
   RunTime=00:04:36 TimeLimit=23:00:00 TimeMin=N/A
   SubmitTime=2021-11-25T12:44:14 EligibleTime=2021-11-25T12:44:14
   AccrueTime=2021-11-25T12:44:14
   StartTime=2021-11-25T16:29:52 EndTime=2021-11-25T16:34:28 Deadline=N/A
   SuspendTime=None SecsPreSuspend=0 LastSchedEval=2021-11-25T16:29:52
   Partition=compute AllocNode:Sid=kelvin01:17031
   ReqNodeList=(null) ExcNodeList=(null)
   NodeList=kelvin-n[034,042,044,046,048]
   BatchHost=kelvin-n031
   NumNodes=5 NumCPUs=72 NumTasks=64 CPUs/Task=1 ReqB:S:C:T=0:0:*:*
   TRES=cpu=72,mem=138000M,node=6,billing=72
   Socks/Node=* NtasksPerN:B:S:C=0:0:*:* CoreSpec=*
   JOB_GRES=(null)
     Nodes=kelvin-n[031,034,042,044,046,048] CPU_IDs=0-11 Mem=23000 GRES=
   MinCPUsNode=1 MinMemoryNode=23000M MinTmpDiskNode=0
   Features=(null) DelayBoot=00:00:00
   OverSubscribe=NO Contiguous=0 Licenses=(null) Network=(null)
   Command=/home/users/mschpc/2019/zuoy/HPC/NeuralNetwork/parallel/scripts/script_PricingDefaultRisk_d100_b64_n64.sh
   WorkDir=/home/users/mschpc/2019/zuoy/HPC/NeuralNetwork/parallel
   StdErr=/home/users/mschpc/2019/zuoy/HPC/NeuralNetwork/parallel/output/slurm-24061.out
   StdIn=/dev/null
   StdOut=/home/users/mschpc/2019/zuoy/HPC/NeuralNetwork/parallel/output/slurm-24061.out
   Power=
   NtasksPerTRES:0


Disk quota details:
===================

Quota Type           Name  Filesystem     Usage in MB     Limit in MB    % Used
-------------------------------------------------------------------------------
USER                 zuoy       /home             145          51,200     0.28%

GROUP              mschpc   /projects             999          51,200     1.95%
GROUP          pi-dgolden   /projects               0          51,200     0.00%


SLURM Bank Statement:
=====================

User           Usage |        Account     Usage | Account Limit Available (CPU hrs)
---------- --------- + -------------- --------- + ------------- ---------
zuoy          28,758 |   HPC_21_01207    28,758 |       100,000    71,242


Acknowledgements:
=================

Note that usage of TCHPC Resources *must* be acknowledged in all publications.

Please see this page for details relevant to this cluster:

http://www.tchpc.tcd.ie/resources/acknowledgementpolicy

################################################################################
