Parallel Mode: Ring-Allreduce
Dimension: 300
Total time: 1
Number of time intervals: 20
Learning rate: 0.01
y_init_range: 0, 1
Number of neurons in each hidden layer of each subnet: 110, 110, 
Epochs: 1000
Batch size: 64
Sample size: 1024
Logging frequency: 100
Model name: HJBLQ_parallel_
Number of processors: 128


Training:
Epoch:100
In training set, loss: 12660.7, Y0: 0.661834

Epoch:200
In training set, loss: 9802.22, Y0: 1.24394

Epoch:300
In training set, loss: 7587.34, Y0: 1.75574

Epoch:400
In training set, loss: 5872.8, Y0: 2.20558

Epoch:500
In training set, loss: 4546.81, Y0: 2.60084

Epoch:600
In training set, loss: 3522.22, Y0: 2.94805

Epoch:700
In training set, loss: 2731.18, Y0: 3.25299

Epoch:800
In training set, loss: 2120.89, Y0: 3.52076

Epoch:900
In training set, loss: 1650.39, Y0: 3.75585

Epoch:1000
In training set, loss: 1287.86, Y0: 3.96223



###############################################################################
TCHPC Cluster: kelvin
Job 22234 (BSDE_job_4_procs) for User 'zuoy' in Account 'hpc_21_01207'
Finished at: Sun Nov 21 00:16:06 GMT 2021

Job efficiency estimates:
=========================

Job ID: 22234
Cluster: kelvin
User/Group: zuoy/zuoy
State: COMPLETED (exit code 0)
Nodes: 11
Cores per node: 12
CPU Utilized: 01:04:49
CPU Efficiency: 8.87% of 12:10:24 core-walltime
Job Wall-clock time: 00:05:32
Memory Utilized: 1.13 GB
Memory Efficiency: 0.46% of 247.07 GB

Job completion status:
======================

       JobID    JobName AllocCPUS NTasks NNodes     MaxRSS    MaxRSSNode  MaxDiskRead MaxDiskWrite    Elapsed      State ExitCode 
------------ ---------- --------- ------ ------ ---------- ------------- ------------ ------------ ---------- ---------- -------- 
22234        BSDE_job_+       132            11                                                      00:05:32  COMPLETED      0:0 
22234.batch       batch        12      1      1   1184692K   kelvin-n021        0.86M        0.01M   00:05:32  COMPLETED      0:0 
22234.0           orted       120     10     10                                                      00:05:31  COMPLETED      0:0 


Job details:
============

JobId=22234 JobName=BSDE_job_4_procs
   UserId=zuoy(1582) GroupId=zuoy(1252) MCS_label=N/A
   Priority=11246806 Nice=0 Account=hpc_21_01207 QOS=normal
   JobState=COMPLETING Reason=None Dependency=(null)
   Requeue=0 Restarts=0 BatchFlag=1 Reboot=0 ExitCode=0:0
   DerivedExitCode=0:0
   RunTime=00:05:32 TimeLimit=23:00:00 TimeMin=N/A
   SubmitTime=2021-11-20T17:35:06 EligibleTime=2021-11-20T17:35:06
   AccrueTime=2021-11-20T17:35:06
   StartTime=2021-11-21T00:10:34 EndTime=2021-11-21T00:16:06 Deadline=N/A
   SuspendTime=None SecsPreSuspend=0 LastSchedEval=2021-11-21T00:10:34
   Partition=compute AllocNode:Sid=kelvin01:32460
   ReqNodeList=(null) ExcNodeList=(null)
   NodeList=kelvin-n[032,048,074,076,079,081,086,089-091]
   BatchHost=kelvin-n021
   NumNodes=10 NumCPUs=132 NumTasks=128 CPUs/Task=1 ReqB:S:C:T=0:0:*:*
   TRES=cpu=132,mem=253000M,node=11,billing=132
   Socks/Node=* NtasksPerN:B:S:C=0:0:*:* CoreSpec=*
   JOB_GRES=(null)
     Nodes=kelvin-n[021,032,048,074,076,079,081,086,089-091] CPU_IDs=0-11 Mem=23000 GRES=
   MinCPUsNode=1 MinMemoryNode=23000M MinTmpDiskNode=0
   Features=(null) DelayBoot=00:00:00
   OverSubscribe=NO Contiguous=0 Licenses=(null) Network=(null)
   Command=/home/users/mschpc/2019/zuoy/HPC/NeuralNetwork/parallel/scripts/script_HJBLQ_d300_b64_n128.sh
   WorkDir=/home/users/mschpc/2019/zuoy/HPC/NeuralNetwork/parallel
   StdErr=/home/users/mschpc/2019/zuoy/HPC/NeuralNetwork/parallel/output/slurm-22234.out
   StdIn=/dev/null
   StdOut=/home/users/mschpc/2019/zuoy/HPC/NeuralNetwork/parallel/output/slurm-22234.out
   Power=
   NtasksPerTRES:0


Disk quota details:
===================

Quota Type           Name  Filesystem     Usage in MB     Limit in MB    % Used
-------------------------------------------------------------------------------
USER                 zuoy       /home             115          51,200     0.23%

GROUP              mschpc   /projects             999          51,200     1.95%
GROUP          pi-dgolden   /projects               0          51,200     0.00%


SLURM Bank Statement:
=====================

User           Usage |        Account     Usage | Account Limit Available (CPU hrs)
---------- --------- + -------------- --------- + ------------- ---------
zuoy          14,886 |   HPC_21_01207    14,886 |       100,000    85,114


Acknowledgements:
=================

Note that usage of TCHPC Resources *must* be acknowledged in all publications.

Please see this page for details relevant to this cluster:

http://www.tchpc.tcd.ie/resources/acknowledgementpolicy

################################################################################
