Parallel Mode: Master-Slave
Dimension: 100
Total time: 0.25
Number of time intervals: 20
Learning rate: 0.0005
y_init_range: 0.25, 0.5
Number of neurons in each hidden layer of each subnet: 110, 110, 
Epochs: 4000
Batch size: 1
Sample size: 1024
Logging frequency: 100
Model name: AllenCahn_parallel_
Number of processors: 8


Training:
Epoch:100
In training set, loss: 6.98728, Y0: 0.0643291

Epoch:200
In training set, loss: 6.74482, Y0: 0.0610979

Epoch:300
In training set, loss: 6.53219, Y0: 0.0610934

Epoch:400
In training set, loss: 6.3425, Y0: 0.0611426

Epoch:500
In training set, loss: 6.17298, Y0: 0.0611875

Epoch:600
In training set, loss: 6.0212, Y0: 0.0612276

Epoch:700
In training set, loss: 5.88507, Y0: 0.0612637

Epoch:800
In training set, loss: 5.76276, Y0: 0.0612963

Epoch:900
In training set, loss: 5.65266, Y0: 0.0613256

Epoch:1000
In training set, loss: 5.55336, Y0: 0.0613522

Epoch:1100
In training set, loss: 5.46364, Y0: 0.0613763

Epoch:1200
In training set, loss: 5.38242, Y0: 0.0613983

Epoch:1300
In training set, loss: 5.30875, Y0: 0.0614182

Epoch:1400
In training set, loss: 5.24178, Y0: 0.0614365

Epoch:1500
In training set, loss: 5.1808, Y0: 0.0614533

Epoch:1600
In training set, loss: 5.12513, Y0: 0.0614687

Epoch:1700
In training set, loss: 5.07421, Y0: 0.0614829

Epoch:1800
In training set, loss: 5.02752, Y0: 0.061496

Epoch:1900
In training set, loss: 4.98462, Y0: 0.0615081

Epoch:2000
In training set, loss: 4.94511, Y0: 0.0615194

Epoch:2100
In training set, loss: 4.90864, Y0: 0.0615298

Epoch:2200
In training set, loss: 4.87488, Y0: 0.0615396

Epoch:2300
In training set, loss: 4.84356, Y0: 0.0615487

Epoch:2400
In training set, loss: 4.81442, Y0: 0.0615572

Epoch:2500
In training set, loss: 4.78726, Y0: 0.0615651

Epoch:2600
In training set, loss: 4.76186, Y0: 0.0615727

Epoch:2700
In training set, loss: 4.73805, Y0: 0.0615797

Epoch:2800
In training set, loss: 4.71569, Y0: 0.0615863

Epoch:2900
In training set, loss: 4.69462, Y0: 0.0615925

Epoch:3000
In training set, loss: 4.67471, Y0: 0.0615984

Epoch:3100
In training set, loss: 4.65587, Y0: 0.061604

Epoch:3200
In training set, loss: 4.63798, Y0: 0.0616093

Epoch:3300
In training set, loss: 4.62096, Y0: 0.0616143

Epoch:3400
In training set, loss: 4.60471, Y0: 0.061619

Epoch:3500
In training set, loss: 4.58918, Y0: 0.0616234

Epoch:3600
In training set, loss: 4.57429, Y0: 0.0616276

Epoch:3700
In training set, loss: 4.55999, Y0: 0.0616316

Epoch:3800
In training set, loss: 4.54622, Y0: 0.0616353

Epoch:3900
In training set, loss: 4.53293, Y0: 0.0616388

Epoch:4000
In training set, loss: 4.52009, Y0: 0.0616422



###############################################################################
TCHPC Cluster: kelvin
Job 22664 (BSDE_job_4_procs) for User 'zuoy' in Account 'hpc_21_01207'
Finished at: Sun Nov 21 18:48:11 GMT 2021

Job efficiency estimates:
=========================

Job ID: 22664
Cluster: kelvin
User/Group: zuoy/zuoy
State: COMPLETED (exit code 0)
Nodes: 1
Cores per node: 12
CPU Utilized: 05:16:04
CPU Efficiency: 66.62% of 07:54:24 core-walltime
Job Wall-clock time: 00:39:32
Memory Utilized: 420.38 MB
Memory Efficiency: 1.83% of 22.46 GB

Job completion status:
======================

       JobID    JobName AllocCPUS NTasks NNodes     MaxRSS    MaxRSSNode  MaxDiskRead MaxDiskWrite    Elapsed      State ExitCode 
------------ ---------- --------- ------ ------ ---------- ------------- ------------ ------------ ---------- ---------- -------- 
22664        BSDE_job_+        12             1                                                      00:39:32  COMPLETED      0:0 
22664.batch       batch        12      1      1    430468K   kelvin-n091        0.86M        0.01M   00:39:32  COMPLETED      0:0 


Job details:
============

JobId=22664 JobName=BSDE_job_4_procs
   UserId=zuoy(1582) GroupId=zuoy(1252) MCS_label=N/A
   Priority=10635812 Nice=0 Account=hpc_21_01207 QOS=normal
   JobState=COMPLETING Reason=None Dependency=(null)
   Requeue=0 Restarts=0 BatchFlag=1 Reboot=0 ExitCode=0:0
   DerivedExitCode=0:0
   RunTime=00:39:32 TimeLimit=23:00:00 TimeMin=N/A
   SubmitTime=2021-11-21T15:16:05 EligibleTime=2021-11-21T15:16:05
   AccrueTime=2021-11-21T15:16:05
   StartTime=2021-11-21T18:08:39 EndTime=2021-11-21T18:48:11 Deadline=N/A
   SuspendTime=None SecsPreSuspend=0 LastSchedEval=2021-11-21T18:08:39
   Partition=compute AllocNode:Sid=kelvin01:12189
   ReqNodeList=(null) ExcNodeList=(null)
   NodeList=
   BatchHost=kelvin-n091
   NumNodes=1 NumCPUs=12 NumTasks=8 CPUs/Task=1 ReqB:S:C:T=0:0:*:*
   TRES=cpu=12,mem=23000M,node=1,billing=12
   Socks/Node=* NtasksPerN:B:S:C=0:0:*:* CoreSpec=*
   JOB_GRES=(null)
     Nodes=kelvin-n091 CPU_IDs=0-11 Mem=23000 GRES=
   MinCPUsNode=1 MinMemoryNode=23000M MinTmpDiskNode=0
   Features=(null) DelayBoot=00:00:00
   OverSubscribe=NO Contiguous=0 Licenses=(null) Network=(null)
   Command=/home/users/mschpc/2019/zuoy/HPC/NeuralNetwork/parallel/scripts/script_AllenCahn_d200_b1_n8.sh
   WorkDir=/home/users/mschpc/2019/zuoy/HPC/NeuralNetwork/parallel
   StdErr=/home/users/mschpc/2019/zuoy/HPC/NeuralNetwork/parallel/output/slurm-22664.out
   StdIn=/dev/null
   StdOut=/home/users/mschpc/2019/zuoy/HPC/NeuralNetwork/parallel/output/slurm-22664.out
   Power=
   NtasksPerTRES:0


Disk quota details:
===================

Quota Type           Name  Filesystem     Usage in MB     Limit in MB    % Used
-------------------------------------------------------------------------------
USER                 zuoy       /home             127          51,200     0.25%

GROUP              mschpc   /projects             999          51,200     1.95%
GROUP          pi-dgolden   /projects               0          51,200     0.00%


SLURM Bank Statement:
=====================

User           Usage |        Account     Usage | Account Limit Available (CPU hrs)
---------- --------- + -------------- --------- + ------------- ---------
zuoy          20,634 |   HPC_21_01207    20,634 |       100,000    79,366


Acknowledgements:
=================

Note that usage of TCHPC Resources *must* be acknowledged in all publications.

Please see this page for details relevant to this cluster:

http://www.tchpc.tcd.ie/resources/acknowledgementpolicy

################################################################################
