Parallel Mode: Master-Slave
Dimension: 500
Total time: 1
Number of time intervals: 40
Learning rate: 0.01
y_init_range: 40, 50
Number of neurons in each hidden layer of each subnet: 110, 110, 
Epochs: 1000
Batch size: 1
Sample size: 256
Logging frequency: 100
Model name: pricing_default_risk_parallel_
Number of processors: 64


Training:
Epoch:100
In training set, loss: 1438.58, Y0: 49.6323

Epoch:200
In training set, loss: 1048.84, Y0: 49.8497

Epoch:300
In training set, loss: 805.104, Y0: 49.9035

Epoch:400
In training set, loss: 642.9, Y0: 49.9463

Epoch:500
In training set, loss: 529.201, Y0: 49.9821

Epoch:600
In training set, loss: 445.641, Y0: 50.0125

Epoch:700
In training set, loss: 381.902, Y0: 50.0389

Epoch:800
In training set, loss: 331.856, Y0: 50.062

Epoch:900
In training set, loss: 291.611, Y0: 50.0826

Epoch:1000
In training set, loss: 258.626, Y0: 50.1011



###############################################################################
TCHPC Cluster: kelvin
Job 23028 (BSDE_job_4_procs) for User 'zuoy' in Account 'hpc_21_01207'
Finished at: Mon Nov 22 09:35:27 GMT 2021

Job efficiency estimates:
=========================

Job ID: 23028
Cluster: kelvin
User/Group: zuoy/zuoy
State: COMPLETED (exit code 0)
Nodes: 6
Cores per node: 12
CPU Utilized: 03:53:23
CPU Efficiency: 15.15% of 1-01:40:48 core-walltime
Job Wall-clock time: 00:21:24
Memory Utilized: 1.43 GB
Memory Efficiency: 1.06% of 134.77 GB

Job completion status:
======================

       JobID    JobName AllocCPUS NTasks NNodes     MaxRSS    MaxRSSNode  MaxDiskRead MaxDiskWrite    Elapsed      State ExitCode 
------------ ---------- --------- ------ ------ ---------- ------------- ------------ ------------ ---------- ---------- -------- 
23028        BSDE_job_+        72             6                                                      00:21:24  COMPLETED      0:0 
23028.batch       batch        12      1      1   1504612K   kelvin-n034        0.86M        0.01M   00:21:24  COMPLETED      0:0 
23028.0           orted        60      5      5                                                      00:21:23  COMPLETED      0:0 


Job details:
============

JobId=23028 JobName=BSDE_job_4_procs
   UserId=zuoy(1582) GroupId=zuoy(1252) MCS_label=N/A
   Priority=10628699 Nice=0 Account=hpc_21_01207 QOS=normal
   JobState=COMPLETING Reason=None Dependency=(null)
   Requeue=0 Restarts=0 BatchFlag=1 Reboot=0 ExitCode=0:0
   DerivedExitCode=0:0
   RunTime=00:21:24 TimeLimit=23:00:00 TimeMin=N/A
   SubmitTime=2021-11-22T04:51:35 EligibleTime=2021-11-22T04:51:35
   AccrueTime=2021-11-22T04:51:35
   StartTime=2021-11-22T09:14:03 EndTime=2021-11-22T09:35:27 Deadline=N/A
   SuspendTime=None SecsPreSuspend=0 LastSchedEval=2021-11-22T09:14:03
   Partition=compute AllocNode:Sid=kelvin01:2449
   ReqNodeList=(null) ExcNodeList=(null)
   NodeList=kelvin-n[035-036,041-042,044]
   BatchHost=kelvin-n034
   NumNodes=5 NumCPUs=72 NumTasks=64 CPUs/Task=1 ReqB:S:C:T=0:0:*:*
   TRES=cpu=72,mem=138000M,node=6,billing=72
   Socks/Node=* NtasksPerN:B:S:C=0:0:*:* CoreSpec=*
   JOB_GRES=(null)
     Nodes=kelvin-n[034-036,041-042,044] CPU_IDs=0-11 Mem=23000 GRES=
   MinCPUsNode=1 MinMemoryNode=23000M MinTmpDiskNode=0
   Features=(null) DelayBoot=00:00:00
   OverSubscribe=NO Contiguous=0 Licenses=(null) Network=(null)
   Command=/home/users/mschpc/2019/zuoy/HPC/NeuralNetwork/parallel/scripts/script_PricingDefaultRisk_d500_b1_n64.sh
   WorkDir=/home/users/mschpc/2019/zuoy/HPC/NeuralNetwork/parallel
   StdErr=/home/users/mschpc/2019/zuoy/HPC/NeuralNetwork/parallel/output/slurm-23028.out
   StdIn=/dev/null
   StdOut=/home/users/mschpc/2019/zuoy/HPC/NeuralNetwork/parallel/output/slurm-23028.out
   Power=
   NtasksPerTRES:0


Disk quota details:
===================

Quota Type           Name  Filesystem     Usage in MB     Limit in MB    % Used
-------------------------------------------------------------------------------
USER                 zuoy       /home             131          51,200     0.26%

GROUP              mschpc   /projects             999          51,200     1.95%
GROUP          pi-dgolden   /projects               0          51,200     0.00%


SLURM Bank Statement:
=====================

User           Usage |        Account     Usage | Account Limit Available (CPU hrs)
---------- --------- + -------------- --------- + ------------- ---------
zuoy          27,058 |   HPC_21_01207    27,058 |       100,000    72,942


Acknowledgements:
=================

Note that usage of TCHPC Resources *must* be acknowledged in all publications.

Please see this page for details relevant to this cluster:

http://www.tchpc.tcd.ie/resources/acknowledgementpolicy

################################################################################
