Parallel Mode: Master-Slave
Dimension: 100
Total time: 0.2
Number of time intervals: 20
Learning rate: 0.0005
y_init_range: 0.2, 0.5
Number of neurons in each hidden layer of each subnet: 110, 110, 
Epochs: 4000
Batch size: 64
Sample size: 1024
Logging frequency: 100
Model name: AllenCahn_parallel_
Number of processors: 128


Training:
Epoch:100
In training set, loss: 12.2194, Y0: 0.199407

Epoch:200
In training set, loss: 12.1616, Y0: 0.198814

Epoch:300
In training set, loss: 12.1043, Y0: 0.198223

Epoch:400
In training set, loss: 12.0475, Y0: 0.197636

Epoch:500
In training set, loss: 11.9913, Y0: 0.197051

Epoch:600
In training set, loss: 11.9356, Y0: 0.196469

Epoch:700
In training set, loss: 11.8803, Y0: 0.195889

Epoch:800
In training set, loss: 11.8256, Y0: 0.195312

Epoch:900
In training set, loss: 11.7713, Y0: 0.194737

Epoch:1000
In training set, loss: 11.7176, Y0: 0.194166

Epoch:1100
In training set, loss: 11.6644, Y0: 0.193597

Epoch:1200
In training set, loss: 11.6116, Y0: 0.19303

Epoch:1300
In training set, loss: 11.5593, Y0: 0.192466

Epoch:1400
In training set, loss: 11.5074, Y0: 0.191905

Epoch:1500
In training set, loss: 11.4561, Y0: 0.191346

Epoch:1600
In training set, loss: 11.4052, Y0: 0.190789

Epoch:1700
In training set, loss: 11.3547, Y0: 0.190235

Epoch:1800
In training set, loss: 11.3047, Y0: 0.189684

Epoch:1900
In training set, loss: 11.2551, Y0: 0.189135

Epoch:2000
In training set, loss: 11.2061, Y0: 0.188589

Epoch:2100
In training set, loss: 11.1574, Y0: 0.188045

Epoch:2200
In training set, loss: 11.1091, Y0: 0.187503

Epoch:2300
In training set, loss: 11.0613, Y0: 0.186964

Epoch:2400
In training set, loss: 11.014, Y0: 0.186427

Epoch:2500
In training set, loss: 10.967, Y0: 0.185893

Epoch:2600
In training set, loss: 10.9205, Y0: 0.185361

Epoch:2700
In training set, loss: 10.8744, Y0: 0.184832

Epoch:2800
In training set, loss: 10.8287, Y0: 0.184305

Epoch:2900
In training set, loss: 10.7834, Y0: 0.18378

Epoch:3000
In training set, loss: 10.7386, Y0: 0.183258

Epoch:3100
In training set, loss: 10.6941, Y0: 0.182738

Epoch:3200
In training set, loss: 10.65, Y0: 0.18222

Epoch:3300
In training set, loss: 10.6063, Y0: 0.181705

Epoch:3400
In training set, loss: 10.563, Y0: 0.181192

Epoch:3500
In training set, loss: 10.5201, Y0: 0.180681

Epoch:3600
In training set, loss: 10.4776, Y0: 0.180173

Epoch:3700
In training set, loss: 10.4354, Y0: 0.179667

Epoch:3800
In training set, loss: 10.3937, Y0: 0.179163

Epoch:3900
In training set, loss: 10.3523, Y0: 0.178661

Epoch:4000
In training set, loss: 10.3112, Y0: 0.178162



###############################################################################
TCHPC Cluster: kelvin
Job 22623 (BSDE_job_4_procs) for User 'zuoy' in Account 'hpc_21_01207'
Finished at: Sun Nov 21 15:05:12 GMT 2021

Job efficiency estimates:
=========================

Job ID: 22623
Cluster: kelvin
User/Group: zuoy/zuoy
State: COMPLETED (exit code 0)
Nodes: 11
Cores per node: 12
CPU Utilized: 07:30:43
CPU Efficiency: 9.03% of 3-11:11:48 core-walltime
Job Wall-clock time: 00:37:49
Memory Utilized: 758.54 MB
Memory Efficiency: 0.30% of 247.07 GB

Job completion status:
======================

       JobID    JobName AllocCPUS NTasks NNodes     MaxRSS    MaxRSSNode  MaxDiskRead MaxDiskWrite    Elapsed      State ExitCode 
------------ ---------- --------- ------ ------ ---------- ------------- ------------ ------------ ---------- ---------- -------- 
22623        BSDE_job_+       132            11                                                      00:37:49  COMPLETED      0:0 
22623.batch       batch        12      1      1    776744K   kelvin-n024        0.86M        0.01M   00:37:49  COMPLETED      0:0 
22623.0           orted       120     10     10                                                      00:37:48  COMPLETED      0:0 


Job details:
============

JobId=22623 JobName=BSDE_job_4_procs
   UserId=zuoy(1582) GroupId=zuoy(1252) MCS_label=N/A
   Priority=10982493 Nice=0 Account=hpc_21_01207 QOS=normal
   JobState=COMPLETING Reason=None Dependency=(null)
   Requeue=0 Restarts=0 BatchFlag=1 Reboot=0 ExitCode=0:0
   DerivedExitCode=0:0
   RunTime=00:37:49 TimeLimit=23:00:00 TimeMin=N/A
   SubmitTime=2021-11-21T13:03:25 EligibleTime=2021-11-21T13:03:25
   AccrueTime=2021-11-21T13:03:25
   StartTime=2021-11-21T14:27:23 EndTime=2021-11-21T15:05:12 Deadline=N/A
   SuspendTime=None SecsPreSuspend=0 LastSchedEval=2021-11-21T14:27:23
   Partition=compute AllocNode:Sid=kelvin01:30506
   ReqNodeList=(null) ExcNodeList=(null)
   NodeList=kelvin-n[037,048,052,054,074,079,081,086,092,097]
   BatchHost=kelvin-n024
   NumNodes=10 NumCPUs=132 NumTasks=128 CPUs/Task=1 ReqB:S:C:T=0:0:*:*
   TRES=cpu=132,mem=253000M,node=11,billing=132
   Socks/Node=* NtasksPerN:B:S:C=0:0:*:* CoreSpec=*
   JOB_GRES=(null)
     Nodes=kelvin-n[024,037,048,052,054,074,079,081,086,092,097] CPU_IDs=0-11 Mem=23000 GRES=
   MinCPUsNode=1 MinMemoryNode=23000M MinTmpDiskNode=0
   Features=(null) DelayBoot=00:00:00
   OverSubscribe=NO Contiguous=0 Licenses=(null) Network=(null)
   Command=/home/users/mschpc/2019/zuoy/HPC/NeuralNetwork/parallel/scripts/script_AllenCahn_d300_b64_n128.sh
   WorkDir=/home/users/mschpc/2019/zuoy/HPC/NeuralNetwork/parallel
   StdErr=/home/users/mschpc/2019/zuoy/HPC/NeuralNetwork/parallel/output/slurm-22623.out
   StdIn=/dev/null
   StdOut=/home/users/mschpc/2019/zuoy/HPC/NeuralNetwork/parallel/output/slurm-22623.out
   Power=
   NtasksPerTRES:0


Disk quota details:
===================

Quota Type           Name  Filesystem     Usage in MB     Limit in MB    % Used
-------------------------------------------------------------------------------
USER                 zuoy       /home             123          51,200     0.24%

GROUP              mschpc   /projects             999          51,200     1.95%
GROUP          pi-dgolden   /projects               0          51,200     0.00%


SLURM Bank Statement:
=====================

User           Usage |        Account     Usage | Account Limit Available (CPU hrs)
---------- --------- + -------------- --------- + ------------- ---------
zuoy          19,025 |   HPC_21_01207    19,025 |       100,000    80,975


Acknowledgements:
=================

Note that usage of TCHPC Resources *must* be acknowledged in all publications.

Please see this page for details relevant to this cluster:

http://www.tchpc.tcd.ie/resources/acknowledgementpolicy

################################################################################
