Parallel Mode: Ring-Allreduce
Dimension: 200
Total time: 1
Number of time intervals: 40
Learning rate: 0.01
y_init_range: 40, 50
Number of neurons in each hidden layer of each subnet: 110, 110, 
Epochs: 1000
Batch size: 64
Sample size: 256
Logging frequency: 100
Model name: pricing_default_risk_parallel_
Number of processors: 8


Training:
Epoch:100
In training set, loss: 2653.67, Y0: 52.9739

Epoch:200
In training set, loss: 2322.66, Y0: 53.2724

Epoch:300
In training set, loss: 2082.36, Y0: 53.3027

Epoch:400
In training set, loss: 1896.9, Y0: 53.3268

Epoch:500
In training set, loss: 1749.91, Y0: 53.3505

Epoch:600
In training set, loss: 1631.06, Y0: 53.3736

Epoch:700
In training set, loss: 1532.88, Y0: 53.3958

Epoch:800
In training set, loss: 1450.33, Y0: 53.417

Epoch:900
In training set, loss: 1380.18, Y0: 53.4367

Epoch:1000
In training set, loss: 1319.54, Y0: 53.4552



###############################################################################
TCHPC Cluster: kelvin
Job 23915 (BSDE_job_4_procs) for User 'zuoy' in Account 'hpc_21_01207'
Finished at: Thu Nov 25 12:05:04 GMT 2021

Job efficiency estimates:
=========================

Job ID: 23915
Cluster: kelvin
User/Group: zuoy/zuoy
State: COMPLETED (exit code 0)
Nodes: 1
Cores per node: 12
CPU Utilized: 00:58:44
CPU Efficiency: 66.44% of 01:28:24 core-walltime
Job Wall-clock time: 00:07:22
Memory Utilized: 556.31 MB
Memory Efficiency: 2.42% of 22.46 GB

Job completion status:
======================

       JobID    JobName AllocCPUS NTasks NNodes     MaxRSS    MaxRSSNode  MaxDiskRead MaxDiskWrite    Elapsed      State ExitCode 
------------ ---------- --------- ------ ------ ---------- ------------- ------------ ------------ ---------- ---------- -------- 
23915        BSDE_job_+        12             1                                                      00:07:22  COMPLETED      0:0 
23915.batch       batch        12      1      1    569660K   kelvin-n097        0.86M        0.01M   00:07:22  COMPLETED      0:0 


Job details:
============

JobId=23915 JobName=BSDE_job_4_procs
   UserId=zuoy(1582) GroupId=zuoy(1252) MCS_label=N/A
   Priority=10556230 Nice=0 Account=hpc_21_01207 QOS=normal
   JobState=COMPLETING Reason=None Dependency=(null)
   Requeue=0 Restarts=0 BatchFlag=1 Reboot=0 ExitCode=0:0
   DerivedExitCode=0:0
   RunTime=00:07:22 TimeLimit=23:00:00 TimeMin=N/A
   SubmitTime=2021-11-25T09:54:45 EligibleTime=2021-11-25T09:54:45
   AccrueTime=2021-11-25T09:54:45
   StartTime=2021-11-25T11:57:42 EndTime=2021-11-25T12:05:04 Deadline=N/A
   SuspendTime=None SecsPreSuspend=0 LastSchedEval=2021-11-25T11:57:42
   Partition=compute AllocNode:Sid=kelvin01:29505
   ReqNodeList=(null) ExcNodeList=(null)
   NodeList=
   BatchHost=kelvin-n097
   NumNodes=1 NumCPUs=12 NumTasks=8 CPUs/Task=1 ReqB:S:C:T=0:0:*:*
   TRES=cpu=12,mem=23000M,node=1,billing=12
   Socks/Node=* NtasksPerN:B:S:C=0:0:*:* CoreSpec=*
   JOB_GRES=(null)
     Nodes=kelvin-n097 CPU_IDs=0-11 Mem=23000 GRES=
   MinCPUsNode=1 MinMemoryNode=23000M MinTmpDiskNode=0
   Features=(null) DelayBoot=00:00:00
   OverSubscribe=NO Contiguous=0 Licenses=(null) Network=(null)
   Command=/home/users/mschpc/2019/zuoy/HPC/NeuralNetwork/parallel/scripts/script_PricingDefaultRisk_d200_b64_n8.sh
   WorkDir=/home/users/mschpc/2019/zuoy/HPC/NeuralNetwork/parallel
   StdErr=/home/users/mschpc/2019/zuoy/HPC/NeuralNetwork/parallel/output/slurm-23915.out
   StdIn=/dev/null
   StdOut=/home/users/mschpc/2019/zuoy/HPC/NeuralNetwork/parallel/output/slurm-23915.out
   Power=
   NtasksPerTRES:0


Disk quota details:
===================

Quota Type           Name  Filesystem     Usage in MB     Limit in MB    % Used
-------------------------------------------------------------------------------
USER                 zuoy       /home             146          51,200     0.29%

GROUP              mschpc   /projects             999          51,200     1.95%
GROUP          pi-dgolden   /projects               0          51,200     0.00%


SLURM Bank Statement:
=====================

User           Usage |        Account     Usage | Account Limit Available (CPU hrs)
---------- --------- + -------------- --------- + ------------- ---------
zuoy          28,315 |   HPC_21_01207    28,315 |       100,000    71,685


Acknowledgements:
=================

Note that usage of TCHPC Resources *must* be acknowledged in all publications.

Please see this page for details relevant to this cluster:

http://www.tchpc.tcd.ie/resources/acknowledgementpolicy

################################################################################
