Parallel Mode: Master-Slave
Dimension: 200
Total time: 1
Number of time intervals: 20
Learning rate: 0.01
y_init_range: 0, 1
Number of neurons in each hidden layer of each subnet: 110, 110, 
Epochs: 3000
Batch size: 1
Sample size: 256
Logging frequency: 100
Model name: HJBLQ_parallel_
Number of processors: 128


Training:
Epoch:100
In training set, loss: 64.5423, Y0: 4.35636

Epoch:200
In training set, loss: 14.0889, Y0: 4.8704

Epoch:300
In training set, loss: 10.5782, Y0: 4.95214

Epoch:400
In training set, loss: 8.52229, Y0: 4.98232

Epoch:500
In training set, loss: 7.06267, Y0: 5.00323

Epoch:600
In training set, loss: 5.99273, Y0: 5.02035

Epoch:700
In training set, loss: 5.18673, Y0: 5.0349

Epoch:800
In training set, loss: 4.5641, Y0: 5.04747

Epoch:900
In training set, loss: 4.07214, Y0: 5.05844

Epoch:1000
In training set, loss: 3.67562, Y0: 5.06811

Epoch:1100
In training set, loss: 3.35049, Y0: 5.0767

Epoch:1200
In training set, loss: 3.07987, Y0: 5.08438

Epoch:1300
In training set, loss: 2.85173, Y0: 5.09129

Epoch:1400
In training set, loss: 2.65725, Y0: 5.09754

Epoch:1500
In training set, loss: 2.48985, Y0: 5.10323

Epoch:1600
In training set, loss: 2.34452, Y0: 5.10841

Epoch:1700
In training set, loss: 2.2174, Y0: 5.11316

Epoch:1800
In training set, loss: 2.10543, Y0: 5.11753

Epoch:1900
In training set, loss: 2.00619, Y0: 5.12156

Epoch:2000
In training set, loss: 1.91774, Y0: 5.12529

Epoch:2100
In training set, loss: 1.83848, Y0: 5.12875

Epoch:2200
In training set, loss: 1.76711, Y0: 5.13196

Epoch:2300
In training set, loss: 1.70254, Y0: 5.13496

Epoch:2400
In training set, loss: 1.64388, Y0: 5.13776

Epoch:2500
In training set, loss: 1.59035, Y0: 5.14038

Epoch:2600
In training set, loss: 1.54133, Y0: 5.14283

Epoch:2700
In training set, loss: 1.49626, Y0: 5.14514

Epoch:2800
In training set, loss: 1.4547, Y0: 5.14731

Epoch:2900
In training set, loss: 1.41622, Y0: 5.14935

Epoch:3000
In training set, loss: 1.3805, Y0: 5.15129



###############################################################################
TCHPC Cluster: kelvin
Job 21172 (BSDE_job_4_procs) for User 'zuoy' in Account 'hpc_21_01207'
Finished at: Thu Nov 18 00:28:10 GMT 2021

Job efficiency estimates:
=========================

Job ID: 21172
Cluster: kelvin
User/Group: zuoy/zuoy
State: COMPLETED (exit code 0)
Nodes: 11
Cores per node: 12
CPU Utilized: 07:30:50
CPU Efficiency: 9.02% of 3-11:18:24 core-walltime
Job Wall-clock time: 00:37:52
Memory Utilized: 773.13 MB
Memory Efficiency: 0.31% of 247.07 GB

Job completion status:
======================

       JobID    JobName AllocCPUS NTasks NNodes     MaxRSS    MaxRSSNode  MaxDiskRead MaxDiskWrite    Elapsed      State ExitCode 
------------ ---------- --------- ------ ------ ---------- ------------- ------------ ------------ ---------- ---------- -------- 
21172        BSDE_job_+       132            11                                                      00:37:52  COMPLETED      0:0 
21172.batch       batch        12      1      1    791688K   kelvin-n029        0.87M        0.01M   00:37:52  COMPLETED      0:0 
21172.0           orted       120     10     10                                                      00:37:51  COMPLETED      0:0 


Job details:
============

JobId=21172 JobName=BSDE_job_4_procs
   UserId=zuoy(1582) GroupId=zuoy(1252) MCS_label=N/A
   Priority=11823799 Nice=0 Account=hpc_21_01207 QOS=normal
   JobState=COMPLETING Reason=None Dependency=(null)
   Requeue=0 Restarts=0 BatchFlag=1 Reboot=0 ExitCode=0:0
   DerivedExitCode=0:0
   RunTime=00:37:52 TimeLimit=23:00:00 TimeMin=N/A
   SubmitTime=2021-11-17T21:51:53 EligibleTime=2021-11-17T21:51:53
   AccrueTime=2021-11-17T21:51:53
   StartTime=2021-11-17T23:50:18 EndTime=2021-11-18T00:28:10 Deadline=N/A
   SuspendTime=None SecsPreSuspend=0 LastSchedEval=2021-11-17T23:50:18
   Partition=compute AllocNode:Sid=kelvin01:6170
   ReqNodeList=(null) ExcNodeList=(null)
   NodeList=kelvin-n[032-033,052,054-055,062,066,068-070]
   BatchHost=kelvin-n029
   NumNodes=10 NumCPUs=132 NumTasks=128 CPUs/Task=1 ReqB:S:C:T=0:0:*:*
   TRES=cpu=132,mem=253000M,node=11,billing=132
   Socks/Node=* NtasksPerN:B:S:C=0:0:*:* CoreSpec=*
   JOB_GRES=(null)
     Nodes=kelvin-n[029,032-033,052,054-055,062,066,068-070] CPU_IDs=0-11 Mem=23000 GRES=
   MinCPUsNode=1 MinMemoryNode=23000M MinTmpDiskNode=0
   Features=(null) DelayBoot=00:00:00
   OverSubscribe=NO Contiguous=0 Licenses=(null) Network=(null)
   Command=/home/users/mschpc/2019/zuoy/HPC/NeuralNetwork/parallel/scripts/script_HJBLQ_d200_b1_n128.sh
   WorkDir=/home/users/mschpc/2019/zuoy/HPC/NeuralNetwork/parallel
   StdErr=/home/users/mschpc/2019/zuoy/HPC/NeuralNetwork/parallel/output/slurm-21172.out
   StdIn=/dev/null
   StdOut=/home/users/mschpc/2019/zuoy/HPC/NeuralNetwork/parallel/output/slurm-21172.out
   Power=
   NtasksPerTRES:0


Disk quota details:
===================

Quota Type           Name  Filesystem     Usage in MB     Limit in MB    % Used
-------------------------------------------------------------------------------
USER                 zuoy       /home             101          51,200     0.20%

GROUP              mschpc   /projects             999          51,200     1.95%
GROUP          pi-dgolden   /projects               0          51,200     0.00%


SLURM Bank Statement:
=====================

User           Usage |        Account     Usage | Account Limit Available (CPU hrs)
---------- --------- + -------------- --------- + ------------- ---------
zuoy           6,939 |   HPC_21_01207     6,939 |       100,000    93,061


Acknowledgements:
=================

Note that usage of TCHPC Resources *must* be acknowledged in all publications.

Please see this page for details relevant to this cluster:

http://www.tchpc.tcd.ie/resources/acknowledgementpolicy

################################################################################
