Parallel Mode: Ring-Allreduce
Dimension: 100
Total time: 0.25
Number of time intervals: 20
Learning rate: 0.0005
y_init_range: 0.25, 0.5
Number of neurons in each hidden layer of each subnet: 110, 110, 
Epochs: 4000
Batch size: 1
Sample size: 1024
Logging frequency: 100
Model name: AllenCahn_parallel_
Number of processors: 8


Training:
Epoch:100
In training set, loss: 6.91767, Y0: 0.0643181

Epoch:200
In training set, loss: 6.72565, Y0: 0.0612221

Epoch:300
In training set, loss: 6.55824, Y0: 0.0613513

Epoch:400
In training set, loss: 6.40899, Y0: 0.0615267

Epoch:500
In training set, loss: 6.27563, Y0: 0.0616909

Epoch:600
In training set, loss: 6.15618, Y0: 0.0618436

Epoch:700
In training set, loss: 6.04894, Y0: 0.0619858

Epoch:800
In training set, loss: 5.95243, Y0: 0.0621183

Epoch:900
In training set, loss: 5.86535, Y0: 0.062242

Epoch:1000
In training set, loss: 5.7866, Y0: 0.0623575

Epoch:1100
In training set, loss: 5.71518, Y0: 0.0624655

Epoch:1200
In training set, loss: 5.65025, Y0: 0.0625664

Epoch:1300
In training set, loss: 5.59106, Y0: 0.0626608

Epoch:1400
In training set, loss: 5.53696, Y0: 0.0627494

Epoch:1500
In training set, loss: 5.48736, Y0: 0.0628324

Epoch:1600
In training set, loss: 5.44177, Y0: 0.0629102

Epoch:1700
In training set, loss: 5.39975, Y0: 0.0629832

Epoch:1800
In training set, loss: 5.3609, Y0: 0.0630518

Epoch:1900
In training set, loss: 5.32489, Y0: 0.0631163

Epoch:2000
In training set, loss: 5.29141, Y0: 0.0631769

Epoch:2100
In training set, loss: 5.26019, Y0: 0.0632339

Epoch:2200
In training set, loss: 5.23101, Y0: 0.0632876

Epoch:2300
In training set, loss: 5.20364, Y0: 0.0633381

Epoch:2400
In training set, loss: 5.17792, Y0: 0.0633859

Epoch:2500
In training set, loss: 5.15367, Y0: 0.0634307

Epoch:2600
In training set, loss: 5.13074, Y0: 0.0634732

Epoch:2700
In training set, loss: 5.10901, Y0: 0.0635132

Epoch:2800
In training set, loss: 5.08836, Y0: 0.063551

Epoch:2900
In training set, loss: 5.06869, Y0: 0.0635868

Epoch:3000
In training set, loss: 5.04991, Y0: 0.0636205

Epoch:3100
In training set, loss: 5.03193, Y0: 0.0636524

Epoch:3200
In training set, loss: 5.01468, Y0: 0.0636825

Epoch:3300
In training set, loss: 4.99809, Y0: 0.0637111

Epoch:3400
In training set, loss: 4.9821, Y0: 0.0637381

Epoch:3500
In training set, loss: 4.96667, Y0: 0.0637637

Epoch:3600
In training set, loss: 4.95174, Y0: 0.0637878

Epoch:3700
In training set, loss: 4.93727, Y0: 0.0638109

Epoch:3800
In training set, loss: 4.92322, Y0: 0.0638326

Epoch:3900
In training set, loss: 4.90957, Y0: 0.0638532

Epoch:4000
In training set, loss: 4.89626, Y0: 0.0638728



###############################################################################
TCHPC Cluster: kelvin
Job 22457 (BSDE_job_4_procs) for User 'zuoy' in Account 'hpc_21_01207'
Finished at: Sun Nov 21 08:15:31 GMT 2021

Job efficiency estimates:
=========================

Job ID: 22457
Cluster: kelvin
User/Group: zuoy/zuoy
State: COMPLETED (exit code 0)
Nodes: 1
Cores per node: 12
CPU Utilized: 05:13:15
CPU Efficiency: 66.62% of 07:50:12 core-walltime
Job Wall-clock time: 00:39:11
Memory Utilized: 419.95 MB
Memory Efficiency: 1.83% of 22.46 GB

Job completion status:
======================

       JobID    JobName AllocCPUS NTasks NNodes     MaxRSS    MaxRSSNode  MaxDiskRead MaxDiskWrite    Elapsed      State ExitCode 
------------ ---------- --------- ------ ------ ---------- ------------- ------------ ------------ ---------- ---------- -------- 
22457        BSDE_job_+        12             1                                                      00:39:11  COMPLETED      0:0 
22457.batch       batch        12      1      1    430028K   kelvin-n036        0.86M        0.01M   00:39:11  COMPLETED      0:0 


Job details:
============

JobId=22457 JobName=BSDE_job_4_procs
   UserId=zuoy(1582) GroupId=zuoy(1252) MCS_label=N/A
   Priority=11096007 Nice=0 Account=hpc_21_01207 QOS=normal
   JobState=COMPLETING Reason=None Dependency=(null)
   Requeue=0 Restarts=0 BatchFlag=1 Reboot=0 ExitCode=0:0
   DerivedExitCode=0:0
   RunTime=00:39:11 TimeLimit=23:00:00 TimeMin=N/A
   SubmitTime=2021-11-21T04:02:29 EligibleTime=2021-11-21T04:02:29
   AccrueTime=2021-11-21T04:02:29
   StartTime=2021-11-21T07:36:20 EndTime=2021-11-21T08:15:31 Deadline=N/A
   SuspendTime=None SecsPreSuspend=0 LastSchedEval=2021-11-21T07:36:20
   Partition=compute AllocNode:Sid=kelvin01:15042
   ReqNodeList=(null) ExcNodeList=(null)
   NodeList=
   BatchHost=kelvin-n036
   NumNodes=1 NumCPUs=12 NumTasks=8 CPUs/Task=1 ReqB:S:C:T=0:0:*:*
   TRES=cpu=12,mem=23000M,node=1,billing=12
   Socks/Node=* NtasksPerN:B:S:C=0:0:*:* CoreSpec=*
   JOB_GRES=(null)
     Nodes=kelvin-n036 CPU_IDs=0-11 Mem=23000 GRES=
   MinCPUsNode=1 MinMemoryNode=23000M MinTmpDiskNode=0
   Features=(null) DelayBoot=00:00:00
   OverSubscribe=NO Contiguous=0 Licenses=(null) Network=(null)
   Command=/home/users/mschpc/2019/zuoy/HPC/NeuralNetwork/parallel/scripts/script_AllenCahn_d200_b1_n8.sh
   WorkDir=/home/users/mschpc/2019/zuoy/HPC/NeuralNetwork/parallel
   StdErr=/home/users/mschpc/2019/zuoy/HPC/NeuralNetwork/parallel/output/slurm-22457.out
   StdIn=/dev/null
   StdOut=/home/users/mschpc/2019/zuoy/HPC/NeuralNetwork/parallel/output/slurm-22457.out
   Power=
   NtasksPerTRES:0


Disk quota details:
===================

Quota Type           Name  Filesystem     Usage in MB     Limit in MB    % Used
-------------------------------------------------------------------------------
USER                 zuoy       /home             120          51,200     0.24%

GROUP              mschpc   /projects             999          51,200     1.95%
GROUP          pi-dgolden   /projects               0          51,200     0.00%


SLURM Bank Statement:
=====================

User           Usage |        Account     Usage | Account Limit Available (CPU hrs)
---------- --------- + -------------- --------- + ------------- ---------
zuoy          17,078 |   HPC_21_01207    17,078 |       100,000    82,922


Acknowledgements:
=================

Note that usage of TCHPC Resources *must* be acknowledged in all publications.

Please see this page for details relevant to this cluster:

http://www.tchpc.tcd.ie/resources/acknowledgementpolicy

################################################################################
