Parallel Mode: Master-Slave
Dimension: 300
Total time: 1
Number of time intervals: 40
Learning rate: 0.01
y_init_range: 40, 50
Number of neurons in each hidden layer of each subnet: 110, 110, 
Epochs: 1000
Batch size: 64
Sample size: 256
Logging frequency: 100
Model name: pricing_default_risk_parallel_
Number of processors: 16


Training:
Epoch:100
In training set, loss: 13913.6, Y0: 42.7097

Epoch:200
In training set, loss: 9012.42, Y0: 44.7564

Epoch:300
In training set, loss: 6211.51, Y0: 46.3036

Epoch:400
In training set, loss: 4643.37, Y0: 47.4824

Epoch:500
In training set, loss: 3741.92, Y0: 48.3907

Epoch:600
In training set, loss: 3205.5, Y0: 49.0966

Epoch:700
In training set, loss: 2874.56, Y0: 49.6486

Epoch:800
In training set, loss: 2661.66, Y0: 50.0816

Epoch:900
In training set, loss: 2519.95, Y0: 50.4221

Epoch:1000
In training set, loss: 2421.79, Y0: 50.6901



###############################################################################
TCHPC Cluster: kelvin
Job 22895 (BSDE_job_4_procs) for User 'zuoy' in Account 'hpc_21_01207'
Finished at: Mon Nov 22 02:09:47 GMT 2021

Job efficiency estimates:
=========================

Job ID: 22895
Cluster: kelvin
User/Group: zuoy/zuoy
State: COMPLETED (exit code 0)
Nodes: 2
Cores per node: 12
CPU Utilized: 01:10:43
CPU Efficiency: 32.98% of 03:34:24 core-walltime
Job Wall-clock time: 00:08:56
Memory Utilized: 717.89 MB
Memory Efficiency: 1.56% of 44.92 GB

Job completion status:
======================

       JobID    JobName AllocCPUS NTasks NNodes     MaxRSS    MaxRSSNode  MaxDiskRead MaxDiskWrite    Elapsed      State ExitCode 
------------ ---------- --------- ------ ------ ---------- ------------- ------------ ------------ ---------- ---------- -------- 
22895        BSDE_job_+        24             2                                                      00:08:56  COMPLETED      0:0 
22895.batch       batch        12      1      1    735120K   kelvin-n090        0.86M        0.01M   00:08:56  COMPLETED      0:0 
22895.0           orted        12      1      1                                                      00:08:54  COMPLETED      0:0 


Job details:
============

JobId=22895 JobName=BSDE_job_4_procs
   UserId=zuoy(1582) GroupId=zuoy(1252) MCS_label=N/A
   Priority=10607166 Nice=0 Account=hpc_21_01207 QOS=normal
   JobState=COMPLETING Reason=None Dependency=(null)
   Requeue=0 Restarts=0 BatchFlag=1 Reboot=0 ExitCode=0:0
   DerivedExitCode=0:0
   RunTime=00:08:56 TimeLimit=23:00:00 TimeMin=N/A
   SubmitTime=2021-11-21T22:17:15 EligibleTime=2021-11-21T22:17:15
   AccrueTime=2021-11-21T22:17:15
   StartTime=2021-11-22T02:00:51 EndTime=2021-11-22T02:09:47 Deadline=N/A
   SuspendTime=None SecsPreSuspend=0 LastSchedEval=2021-11-22T02:00:51
   Partition=compute AllocNode:Sid=kelvin01:12189
   ReqNodeList=(null) ExcNodeList=(null)
   NodeList=kelvin-n097
   BatchHost=kelvin-n090
   NumNodes=1 NumCPUs=24 NumTasks=16 CPUs/Task=1 ReqB:S:C:T=0:0:*:*
   TRES=cpu=24,mem=46000M,node=2,billing=24
   Socks/Node=* NtasksPerN:B:S:C=0:0:*:* CoreSpec=*
   JOB_GRES=(null)
     Nodes=kelvin-n[090,097] CPU_IDs=0-11 Mem=23000 GRES=
   MinCPUsNode=1 MinMemoryNode=23000M MinTmpDiskNode=0
   Features=(null) DelayBoot=00:00:00
   OverSubscribe=NO Contiguous=0 Licenses=(null) Network=(null)
   Command=/home/users/mschpc/2019/zuoy/HPC/NeuralNetwork/parallel/scripts/script_PricingDefaultRisk_d300_b64_n16.sh
   WorkDir=/home/users/mschpc/2019/zuoy/HPC/NeuralNetwork/parallel
   StdErr=/home/users/mschpc/2019/zuoy/HPC/NeuralNetwork/parallel/output/slurm-22895.out
   StdIn=/dev/null
   StdOut=/home/users/mschpc/2019/zuoy/HPC/NeuralNetwork/parallel/output/slurm-22895.out
   Power=
   NtasksPerTRES:0


Disk quota details:
===================

Quota Type           Name  Filesystem     Usage in MB     Limit in MB    % Used
-------------------------------------------------------------------------------
USER                 zuoy       /home             132          51,200     0.26%

GROUP              mschpc   /projects             999          51,200     1.95%
GROUP          pi-dgolden   /projects               0          51,200     0.00%


SLURM Bank Statement:
=====================

User           Usage |        Account     Usage | Account Limit Available (CPU hrs)
---------- --------- + -------------- --------- + ------------- ---------
zuoy          23,569 |   HPC_21_01207    23,569 |       100,000    76,431


Acknowledgements:
=================

Note that usage of TCHPC Resources *must* be acknowledged in all publications.

Please see this page for details relevant to this cluster:

http://www.tchpc.tcd.ie/resources/acknowledgementpolicy

################################################################################
