Parallel Mode: Ring-Allreduce
Dimension: 100
Total time: 1
Number of time intervals: 40
Learning rate: 0.01
y_init_range: 40, 50
Number of neurons in each hidden layer of each subnet: 110, 110, 
Epochs: 1000
Batch size: 64
Sample size: 256
Logging frequency: 100
Model name: pricing_default_risk_parallel_
Number of processors: 16


Training:
Epoch:100
In training set, loss: 23721.2, Y0: 43.621

Epoch:200
In training set, loss: 15109.8, Y0: 46.3683

Epoch:300
In training set, loss: 10346.2, Y0: 48.4742

Epoch:400
In training set, loss: 7653.72, Y0: 50.1191

Epoch:500
In training set, loss: 6027.71, Y0: 51.4175

Epoch:600
In training set, loss: 5009.5, Y0: 52.4449

Epoch:700
In training set, loss: 4366.75, Y0: 53.2589

Epoch:800
In training set, loss: 3957.41, Y0: 53.905

Epoch:900
In training set, loss: 3693.15, Y0: 54.4183

Epoch:1000
In training set, loss: 3520.1, Y0: 54.8263



###############################################################################
TCHPC Cluster: kelvin
Job 22235 (BSDE_job_4_procs) for User 'zuoy' in Account 'hpc_21_01207'
Finished at: Sun Nov 21 01:15:04 GMT 2021

Job efficiency estimates:
=========================

Job ID: 22235
Cluster: kelvin
User/Group: zuoy/zuoy
State: COMPLETED (exit code 0)
Nodes: 2
Cores per node: 12
CPU Utilized: 00:27:22
CPU Efficiency: 32.89% of 01:23:12 core-walltime
Job Wall-clock time: 00:03:28
Memory Utilized: 421.97 MB
Memory Efficiency: 0.92% of 44.92 GB

Job completion status:
======================

       JobID    JobName AllocCPUS NTasks NNodes     MaxRSS    MaxRSSNode  MaxDiskRead MaxDiskWrite    Elapsed      State ExitCode 
------------ ---------- --------- ------ ------ ---------- ------------- ------------ ------------ ---------- ---------- -------- 
22235        BSDE_job_+        24             2                                                      00:03:28  COMPLETED      0:0 
22235.batch       batch        12      1      1    432096K   kelvin-n021        0.86M        0.01M   00:03:28  COMPLETED      0:0 
22235.0           orted        12      1      1                                                      00:03:27  COMPLETED      0:0 


Job details:
============

JobId=22235 JobName=BSDE_job_4_procs
   UserId=zuoy(1582) GroupId=zuoy(1252) MCS_label=N/A
   Priority=11271034 Nice=0 Account=hpc_21_01207 QOS=normal
   JobState=COMPLETING Reason=None Dependency=(null)
   Requeue=0 Restarts=0 BatchFlag=1 Reboot=0 ExitCode=0:0
   DerivedExitCode=0:0
   RunTime=00:03:28 TimeLimit=23:00:00 TimeMin=N/A
   SubmitTime=2021-11-20T17:36:35 EligibleTime=2021-11-20T17:36:35
   AccrueTime=2021-11-20T17:36:35
   StartTime=2021-11-21T01:11:36 EndTime=2021-11-21T01:15:04 Deadline=N/A
   SuspendTime=None SecsPreSuspend=0 LastSchedEval=2021-11-21T01:11:36
   Partition=compute AllocNode:Sid=kelvin01:32460
   ReqNodeList=(null) ExcNodeList=(null)
   NodeList=kelvin-n024
   BatchHost=kelvin-n021
   NumNodes=1 NumCPUs=24 NumTasks=16 CPUs/Task=1 ReqB:S:C:T=0:0:*:*
   TRES=cpu=24,mem=46000M,node=2,billing=24
   Socks/Node=* NtasksPerN:B:S:C=0:0:*:* CoreSpec=*
   JOB_GRES=(null)
     Nodes=kelvin-n[021,024] CPU_IDs=0-11 Mem=23000 GRES=
   MinCPUsNode=1 MinMemoryNode=23000M MinTmpDiskNode=0
   Features=(null) DelayBoot=00:00:00
   OverSubscribe=NO Contiguous=0 Licenses=(null) Network=(null)
   Command=/home/users/mschpc/2019/zuoy/HPC/NeuralNetwork/parallel/scripts/script_PricingDefaultRisk_d100_b64_n16.sh
   WorkDir=/home/users/mschpc/2019/zuoy/HPC/NeuralNetwork/parallel
   StdErr=/home/users/mschpc/2019/zuoy/HPC/NeuralNetwork/parallel/output/slurm-22235.out
   StdIn=/dev/null
   StdOut=/home/users/mschpc/2019/zuoy/HPC/NeuralNetwork/parallel/output/slurm-22235.out
   Power=
   NtasksPerTRES:0


Disk quota details:
===================

Quota Type           Name  Filesystem     Usage in MB     Limit in MB    % Used
-------------------------------------------------------------------------------
USER                 zuoy       /home             117          51,200     0.23%

GROUP              mschpc   /projects             999          51,200     1.95%
GROUP          pi-dgolden   /projects               0          51,200     0.00%


SLURM Bank Statement:
=====================

User           Usage |        Account     Usage | Account Limit Available (CPU hrs)
---------- --------- + -------------- --------- + ------------- ---------
zuoy          15,032 |   HPC_21_01207    15,032 |       100,000    84,968


Acknowledgements:
=================

Note that usage of TCHPC Resources *must* be acknowledged in all publications.

Please see this page for details relevant to this cluster:

http://www.tchpc.tcd.ie/resources/acknowledgementpolicy

################################################################################
