Parallel Mode: Master-Slave
Dimension: 100
Total time: 0.2
Number of time intervals: 20
Learning rate: 0.0005
y_init_range: 0.2, 0.5
Number of neurons in each hidden layer of each subnet: 110, 110, 
Epochs: 4000
Batch size: 64
Sample size: 1024
Logging frequency: 100
Model name: AllenCahn_parallel_
Number of processors: 16


Training:
Epoch:100
In training set, loss: 11.1946, Y0: 0.195452

Epoch:200
In training set, loss: 10.7983, Y0: 0.191064

Epoch:300
In training set, loss: 10.4296, Y0: 0.186832

Epoch:400
In training set, loss: 10.0865, Y0: 0.18275

Epoch:500
In training set, loss: 9.76719, Y0: 0.178813

Epoch:600
In training set, loss: 9.4699, Y0: 0.175014

Epoch:700
In training set, loss: 9.19306, Y0: 0.171349

Epoch:800
In training set, loss: 8.93524, Y0: 0.167813

Epoch:900
In training set, loss: 8.69508, Y0: 0.1644

Epoch:1000
In training set, loss: 8.47132, Y0: 0.161107

Epoch:1100
In training set, loss: 8.26283, Y0: 0.157929

Epoch:1200
In training set, loss: 8.06853, Y0: 0.154861

Epoch:1300
In training set, loss: 7.88742, Y0: 0.1519

Epoch:1400
In training set, loss: 7.71858, Y0: 0.149042

Epoch:1500
In training set, loss: 7.56116, Y0: 0.146283

Epoch:1600
In training set, loss: 7.41437, Y0: 0.143619

Epoch:1700
In training set, loss: 7.27745, Y0: 0.141048

Epoch:1800
In training set, loss: 7.14975, Y0: 0.138565

Epoch:1900
In training set, loss: 7.03061, Y0: 0.136167

Epoch:2000
In training set, loss: 6.91945, Y0: 0.133853

Epoch:2100
In training set, loss: 6.81573, Y0: 0.131617

Epoch:2200
In training set, loss: 6.71894, Y0: 0.129459

Epoch:2300
In training set, loss: 6.62859, Y0: 0.127375

Epoch:2400
In training set, loss: 6.54426, Y0: 0.125362

Epoch:2500
In training set, loss: 6.46553, Y0: 0.123418

Epoch:2600
In training set, loss: 6.39202, Y0: 0.121541

Epoch:2700
In training set, loss: 6.32337, Y0: 0.119728

Epoch:2800
In training set, loss: 6.25926, Y0: 0.117977

Epoch:2900
In training set, loss: 6.19937, Y0: 0.116285

Epoch:3000
In training set, loss: 6.14343, Y0: 0.114652

Epoch:3100
In training set, loss: 6.09116, Y0: 0.113074

Epoch:3200
In training set, loss: 6.04231, Y0: 0.11155

Epoch:3300
In training set, loss: 5.99666, Y0: 0.110078

Epoch:3400
In training set, loss: 5.95399, Y0: 0.108656

Epoch:3500
In training set, loss: 5.91409, Y0: 0.107282

Epoch:3600
In training set, loss: 5.87679, Y0: 0.105955

Epoch:3700
In training set, loss: 5.8419, Y0: 0.104674

Epoch:3800
In training set, loss: 5.80927, Y0: 0.103435

Epoch:3900
In training set, loss: 5.77874, Y0: 0.102239

Epoch:4000
In training set, loss: 5.75018, Y0: 0.101084



###############################################################################
TCHPC Cluster: kelvin
Job 22614 (BSDE_job_4_procs) for User 'zuoy' in Account 'hpc_21_01207'
Finished at: Sun Nov 21 15:39:49 GMT 2021

Job efficiency estimates:
=========================

Job ID: 22614
Cluster: kelvin
User/Group: zuoy/zuoy
State: RUNNING
Nodes: 2
Cores per node: 12
CPU Utilized: 02:00:01
CPU Efficiency: 33.19% of 06:01:36 core-walltime
Job Wall-clock time: 00:15:04
Memory Utilized: 431.23 MB
Memory Efficiency: 0.94% of 44.92 GB
WARNING: Efficiency statistics may be misleading for RUNNING jobs.

Job completion status:
======================

       JobID    JobName AllocCPUS NTasks NNodes     MaxRSS    MaxRSSNode  MaxDiskRead MaxDiskWrite    Elapsed      State ExitCode 
------------ ---------- --------- ------ ------ ---------- ------------- ------------ ------------ ---------- ---------- -------- 
22614        BSDE_job_+        24             2                                                      00:15:04  COMPLETED      0:0 
22614.batch       batch        12      1      1    441580K   kelvin-n056        0.86M        0.01M   00:15:04  COMPLETED      0:0 
22614.0           orted        12      1      1                                                      00:15:03  COMPLETED      0:0 


Job details:
============

JobId=22614 JobName=BSDE_job_4_procs
   UserId=zuoy(1582) GroupId=zuoy(1252) MCS_label=N/A
   Priority=11005473 Nice=0 Account=hpc_21_01207 QOS=normal
   JobState=COMPLETING Reason=None Dependency=(null)
   Requeue=0 Restarts=0 BatchFlag=1 Reboot=0 ExitCode=0:0
   DerivedExitCode=0:0
   RunTime=00:15:04 TimeLimit=23:00:00 TimeMin=N/A
   SubmitTime=2021-11-21T13:03:25 EligibleTime=2021-11-21T13:03:25
   AccrueTime=2021-11-21T13:03:25
   StartTime=2021-11-21T15:24:45 EndTime=2021-11-21T15:39:49 Deadline=N/A
   SuspendTime=None SecsPreSuspend=0 LastSchedEval=2021-11-21T15:24:45
   Partition=compute AllocNode:Sid=kelvin01:30506
   ReqNodeList=(null) ExcNodeList=(null)
   NodeList=kelvin-n058
   BatchHost=kelvin-n056
   NumNodes=1 NumCPUs=24 NumTasks=16 CPUs/Task=1 ReqB:S:C:T=0:0:*:*
   TRES=cpu=24,mem=46000M,node=2,billing=24
   Socks/Node=* NtasksPerN:B:S:C=0:0:*:* CoreSpec=*
   JOB_GRES=(null)
     Nodes=kelvin-n[056,058] CPU_IDs=0-11 Mem=23000 GRES=
   MinCPUsNode=1 MinMemoryNode=23000M MinTmpDiskNode=0
   Features=(null) DelayBoot=00:00:00
   OverSubscribe=NO Contiguous=0 Licenses=(null) Network=(null)
   Command=/home/users/mschpc/2019/zuoy/HPC/NeuralNetwork/parallel/scripts/script_AllenCahn_d300_b64_n16.sh
   WorkDir=/home/users/mschpc/2019/zuoy/HPC/NeuralNetwork/parallel
   StdErr=/home/users/mschpc/2019/zuoy/HPC/NeuralNetwork/parallel/output/slurm-22614.out
   StdIn=/dev/null
   StdOut=/home/users/mschpc/2019/zuoy/HPC/NeuralNetwork/parallel/output/slurm-22614.out
   Power=
   NtasksPerTRES:0


Disk quota details:
===================

Quota Type           Name  Filesystem     Usage in MB     Limit in MB    % Used
-------------------------------------------------------------------------------
USER                 zuoy       /home             126          51,200     0.25%

GROUP              mschpc   /projects             999          51,200     1.95%
GROUP          pi-dgolden   /projects               0          51,200     0.00%


SLURM Bank Statement:
=====================

User           Usage |        Account     Usage | Account Limit Available (CPU hrs)
---------- --------- + -------------- --------- + ------------- ---------
zuoy          19,287 |   HPC_21_01207    19,287 |       100,000    80,713


Acknowledgements:
=================

Note that usage of TCHPC Resources *must* be acknowledged in all publications.

Please see this page for details relevant to this cluster:

http://www.tchpc.tcd.ie/resources/acknowledgementpolicy

################################################################################
