Parallel Mode: Master-Slave
Dimension: 400
Total time: 1
Number of time intervals: 40
Learning rate: 0.01
y_init_range: 40, 50
Number of neurons in each hidden layer of each subnet: 110, 110, 
Epochs: 1000
Batch size: 64
Sample size: 256
Logging frequency: 100
Model name: pricing_default_risk_parallel_
Number of processors: 16


Training:
Epoch:100
In training set, loss: 11430.6, Y0: 42.478

Epoch:200
In training set, loss: 7321.66, Y0: 44.3442

Epoch:300
In training set, loss: 4980.42, Y0: 45.7503

Epoch:400
In training set, loss: 3662.8, Y0: 46.8144

Epoch:500
In training set, loss: 2913.1, Y0: 47.6278

Epoch:600
In training set, loss: 2471.49, Y0: 48.2547

Epoch:700
In training set, loss: 2202.14, Y0: 48.7412

Epoch:800
In training set, loss: 2031.59, Y0: 49.1206

Epoch:900
In training set, loss: 1918.62, Y0: 49.418

Epoch:1000
In training set, loss: 1839.77, Y0: 49.6516



###############################################################################
TCHPC Cluster: kelvin
Job 23107 (BSDE_job_4_procs) for User 'zuoy' in Account 'hpc_21_01207'
Finished at: Mon Nov 22 13:59:57 GMT 2021

Job efficiency estimates:
=========================

Job ID: 23107
Cluster: kelvin
User/Group: zuoy/zuoy
State: RUNNING
Nodes: 2
Cores per node: 12
CPU Utilized: 03:00:04
CPU Efficiency: 33.15% of 09:03:12 core-walltime
Job Wall-clock time: 00:22:38
Memory Utilized: 872.51 MB
Memory Efficiency: 1.90% of 44.92 GB
WARNING: Efficiency statistics may be misleading for RUNNING jobs.

Job completion status:
======================

       JobID    JobName AllocCPUS NTasks NNodes     MaxRSS    MaxRSSNode  MaxDiskRead MaxDiskWrite    Elapsed      State ExitCode 
------------ ---------- --------- ------ ------ ---------- ------------- ------------ ------------ ---------- ---------- -------- 
23107        BSDE_job_+        24             2                                                      00:22:38  COMPLETED      0:0 
23107.batch       batch        12      1      1    893448K   kelvin-n001        0.86M        0.01M   00:22:38  COMPLETED      0:0 
23107.0           orted        12      1      1                                                      00:22:37  COMPLETED      0:0 


Job details:
============

JobId=23107 JobName=BSDE_job_4_procs
   UserId=zuoy(1582) GroupId=zuoy(1252) MCS_label=N/A
   Priority=10562779 Nice=0 Account=hpc_21_01207 QOS=normal
   JobState=COMPLETING Reason=None Dependency=(null)
   Requeue=0 Restarts=0 BatchFlag=1 Reboot=0 ExitCode=0:0
   DerivedExitCode=0:0
   RunTime=00:22:38 TimeLimit=23:00:00 TimeMin=N/A
   SubmitTime=2021-11-22T11:22:44 EligibleTime=2021-11-22T11:22:44
   AccrueTime=2021-11-22T11:22:44
   StartTime=2021-11-22T13:37:19 EndTime=2021-11-22T13:59:57 Deadline=N/A
   SuspendTime=None SecsPreSuspend=0 LastSchedEval=2021-11-22T13:37:19
   Partition=compute AllocNode:Sid=kelvin01:10133
   ReqNodeList=(null) ExcNodeList=(null)
   NodeList=kelvin-n002
   BatchHost=kelvin-n001
   NumNodes=1 NumCPUs=24 NumTasks=16 CPUs/Task=1 ReqB:S:C:T=0:0:*:*
   TRES=cpu=24,mem=46000M,node=2,billing=24
   Socks/Node=* NtasksPerN:B:S:C=0:0:*:* CoreSpec=*
   JOB_GRES=(null)
     Nodes=kelvin-n[001-002] CPU_IDs=0-11 Mem=23000 GRES=
   MinCPUsNode=1 MinMemoryNode=23000M MinTmpDiskNode=0
   Features=(null) DelayBoot=00:00:00
   OverSubscribe=NO Contiguous=0 Licenses=(null) Network=(null)
   Command=/home/users/mschpc/2019/zuoy/HPC/NeuralNetwork/parallel/scripts/script_PricingDefaultRisk_d400_b64_n16.sh
   WorkDir=/home/users/mschpc/2019/zuoy/HPC/NeuralNetwork/parallel
   StdErr=/home/users/mschpc/2019/zuoy/HPC/NeuralNetwork/parallel/output/slurm-23107.out
   StdIn=/dev/null
   StdOut=/home/users/mschpc/2019/zuoy/HPC/NeuralNetwork/parallel/output/slurm-23107.out
   Power=
   NtasksPerTRES:0


Disk quota details:
===================

Quota Type           Name  Filesystem     Usage in MB     Limit in MB    % Used
-------------------------------------------------------------------------------
USER                 zuoy       /home             135          51,200     0.26%

GROUP              mschpc   /projects             999          51,200     1.95%
GROUP          pi-dgolden   /projects               0          51,200     0.00%


SLURM Bank Statement:
=====================

User           Usage |        Account     Usage | Account Limit Available (CPU hrs)
---------- --------- + -------------- --------- + ------------- ---------
zuoy          28,283 |   HPC_21_01207    28,283 |       100,000    71,717


Acknowledgements:
=================

Note that usage of TCHPC Resources *must* be acknowledged in all publications.

Please see this page for details relevant to this cluster:

http://www.tchpc.tcd.ie/resources/acknowledgementpolicy

################################################################################
