Parallel Mode: Master-Slave
Dimension: 500
Total time: 1
Number of time intervals: 40
Learning rate: 0.01
y_init_range: 40, 50
Number of neurons in each hidden layer of each subnet: 110, 110, 
Epochs: 1000
Batch size: 64
Sample size: 256
Logging frequency: 100
Model name: pricing_default_risk_parallel_
Number of processors: 128


Training:
Epoch:100
In training set, loss: 15240.6, Y0: 40.3262

Epoch:200
In training set, loss: 14304.8, Y0: 40.6409

Epoch:300
In training set, loss: 13433.7, Y0: 40.9446

Epoch:400
In training set, loss: 12622.7, Y0: 41.2376

Epoch:500
In training set, loss: 11867.6, Y0: 41.5203

Epoch:600
In training set, loss: 11164.6, Y0: 41.7931

Epoch:700
In training set, loss: 10509.6, Y0: 42.0563

Epoch:800
In training set, loss: 9899.58, Y0: 42.3103

Epoch:900
In training set, loss: 9331.39, Y0: 42.5554

Epoch:1000
In training set, loss: 8801.92, Y0: 42.7919



###############################################################################
TCHPC Cluster: kelvin
Job 22974 (BSDE_job_4_procs) for User 'zuoy' in Account 'hpc_21_01207'
Finished at: Mon Nov 22 06:16:02 GMT 2021

Job efficiency estimates:
=========================

Job ID: 22974
Cluster: kelvin
User/Group: zuoy/zuoy
State: COMPLETED (exit code 0)
Nodes: 11
Cores per node: 12
CPU Utilized: 04:23:41
CPU Efficiency: 8.90% of 2-01:21:12 core-walltime
Job Wall-clock time: 00:22:26
Memory Utilized: 1.60 GB
Memory Efficiency: 0.65% of 247.07 GB

Job completion status:
======================

       JobID    JobName AllocCPUS NTasks NNodes     MaxRSS    MaxRSSNode  MaxDiskRead MaxDiskWrite    Elapsed      State ExitCode 
------------ ---------- --------- ------ ------ ---------- ------------- ------------ ------------ ---------- ---------- -------- 
22974        BSDE_job_+       132            11                                                      00:22:26  COMPLETED      0:0 
22974.batch       batch        12      1      1   1679564K   kelvin-n001        0.86M        0.01M   00:22:26  COMPLETED      0:0 
22974.0           orted       120     10     10                                                      00:22:25  COMPLETED      0:0 


Job details:
============

JobId=22974 JobName=BSDE_job_4_procs
   UserId=zuoy(1582) GroupId=zuoy(1252) MCS_label=N/A
   Priority=10633326 Nice=0 Account=hpc_21_01207 QOS=normal
   JobState=COMPLETING Reason=None Dependency=(null)
   Requeue=0 Restarts=0 BatchFlag=1 Reboot=0 ExitCode=0:0
   DerivedExitCode=0:0
   RunTime=00:22:26 TimeLimit=23:00:00 TimeMin=N/A
   SubmitTime=2021-11-22T01:27:11 EligibleTime=2021-11-22T01:27:11
   AccrueTime=2021-11-22T01:27:11
   StartTime=2021-11-22T05:53:36 EndTime=2021-11-22T06:16:02 Deadline=N/A
   SuspendTime=None SecsPreSuspend=0 LastSchedEval=2021-11-22T05:53:36
   Partition=compute AllocNode:Sid=kelvin01:12189
   ReqNodeList=(null) ExcNodeList=(null)
   NodeList=kelvin-n[008-011,013-015,018,039-040]
   BatchHost=kelvin-n001
   NumNodes=10 NumCPUs=132 NumTasks=128 CPUs/Task=1 ReqB:S:C:T=0:0:*:*
   TRES=cpu=132,mem=253000M,node=11,billing=132
   Socks/Node=* NtasksPerN:B:S:C=0:0:*:* CoreSpec=*
   JOB_GRES=(null)
     Nodes=kelvin-n[001,008-011,013-015,018,039-040] CPU_IDs=0-11 Mem=23000 GRES=
   MinCPUsNode=1 MinMemoryNode=23000M MinTmpDiskNode=0
   Features=(null) DelayBoot=00:00:00
   OverSubscribe=NO Contiguous=0 Licenses=(null) Network=(null)
   Command=/home/users/mschpc/2019/zuoy/HPC/NeuralNetwork/parallel/scripts/script_PricingDefaultRisk_d500_b64_n128.sh
   WorkDir=/home/users/mschpc/2019/zuoy/HPC/NeuralNetwork/parallel
   StdErr=/home/users/mschpc/2019/zuoy/HPC/NeuralNetwork/parallel/output/slurm-22974.out
   StdIn=/dev/null
   StdOut=/home/users/mschpc/2019/zuoy/HPC/NeuralNetwork/parallel/output/slurm-22974.out
   Power=
   NtasksPerTRES:0


Disk quota details:
===================

Quota Type           Name  Filesystem     Usage in MB     Limit in MB    % Used
-------------------------------------------------------------------------------
USER                 zuoy       /home             130          51,200     0.26%

GROUP              mschpc   /projects             999          51,200     1.95%
GROUP          pi-dgolden   /projects               0          51,200     0.00%


SLURM Bank Statement:
=====================

User           Usage |        Account     Usage | Account Limit Available (CPU hrs)
---------- --------- + -------------- --------- + ------------- ---------
zuoy          25,509 |   HPC_21_01207    25,509 |       100,000    74,491


Acknowledgements:
=================

Note that usage of TCHPC Resources *must* be acknowledged in all publications.

Please see this page for details relevant to this cluster:

http://www.tchpc.tcd.ie/resources/acknowledgementpolicy

################################################################################
