Parallel Mode: Master-Slave
Dimension: 500
Total time: 1
Number of time intervals: 40
Learning rate: 0.01
y_init_range: 40, 50
Number of neurons in each hidden layer of each subnet: 110, 110, 
Epochs: 1000
Batch size: 64
Sample size: 256
Logging frequency: 100
Model name: pricing_default_risk_parallel_
Number of processors: 64


Training:
Epoch:100
In training set, loss: 15673.6, Y0: 40.6739

Epoch:200
In training set, loss: 13811.6, Y0: 41.3011

Epoch:300
In training set, loss: 12198.7, Y0: 41.8849

Epoch:400
In training set, loss: 10799.9, Y0: 42.4283

Epoch:500
In training set, loss: 9586.91, Y0: 42.9342

Epoch:600
In training set, loss: 8534.79, Y0: 43.4051

Epoch:700
In training set, loss: 7621.93, Y0: 43.8435

Epoch:800
In training set, loss: 6829.64, Y0: 44.2516

Epoch:900
In training set, loss: 6141.97, Y0: 44.6315

Epoch:1000
In training set, loss: 5544.76, Y0: 44.9852



###############################################################################
TCHPC Cluster: kelvin
Job 22949 (BSDE_job_4_procs) for User 'zuoy' in Account 'hpc_21_01207'
Finished at: Mon Nov 22 05:08:16 GMT 2021

Job efficiency estimates:
=========================

Job ID: 22949
Cluster: kelvin
User/Group: zuoy/zuoy
State: RUNNING
Nodes: 6
Cores per node: 12
CPU Utilized: 03:30:34
CPU Efficiency: 15.11% of 23:13:12 core-walltime
Job Wall-clock time: 00:19:21
Memory Utilized: 1.44 GB
Memory Efficiency: 1.07% of 134.77 GB
WARNING: Efficiency statistics may be misleading for RUNNING jobs.

Job completion status:
======================

       JobID    JobName AllocCPUS NTasks NNodes     MaxRSS    MaxRSSNode  MaxDiskRead MaxDiskWrite    Elapsed      State ExitCode 
------------ ---------- --------- ------ ------ ---------- ------------- ------------ ------------ ---------- ---------- -------- 
22949        BSDE_job_+        72             6                                                      00:19:21  COMPLETED      0:0 
22949.batch       batch        12      1      1   1509596K   kelvin-n001        0.86M        0.01M   00:19:21  COMPLETED      0:0 
22949.0           orted        60      5      5                                                      00:19:20  COMPLETED      0:0 


Job details:
============

JobId=22949 JobName=BSDE_job_4_procs
   UserId=zuoy(1582) GroupId=zuoy(1252) MCS_label=N/A
   Priority=10617951 Nice=0 Account=hpc_21_01207 QOS=normal
   JobState=COMPLETING Reason=None Dependency=(null)
   Requeue=0 Restarts=0 BatchFlag=1 Reboot=0 ExitCode=0:0
   DerivedExitCode=0:0
   RunTime=00:19:21 TimeLimit=23:00:00 TimeMin=N/A
   SubmitTime=2021-11-22T00:48:15 EligibleTime=2021-11-22T00:48:15
   AccrueTime=2021-11-22T00:48:15
   StartTime=2021-11-22T04:48:55 EndTime=2021-11-22T05:08:16 Deadline=N/A
   SuspendTime=None SecsPreSuspend=0 LastSchedEval=2021-11-22T04:48:55
   Partition=compute AllocNode:Sid=kelvin01:12189
   ReqNodeList=(null) ExcNodeList=(null)
   NodeList=kelvin-n[010,013-015,018]
   BatchHost=kelvin-n001
   NumNodes=5 NumCPUs=72 NumTasks=64 CPUs/Task=1 ReqB:S:C:T=0:0:*:*
   TRES=cpu=72,mem=138000M,node=6,billing=72
   Socks/Node=* NtasksPerN:B:S:C=0:0:*:* CoreSpec=*
   JOB_GRES=(null)
     Nodes=kelvin-n[001,010,013-015,018] CPU_IDs=0-11 Mem=23000 GRES=
   MinCPUsNode=1 MinMemoryNode=23000M MinTmpDiskNode=0
   Features=(null) DelayBoot=00:00:00
   OverSubscribe=NO Contiguous=0 Licenses=(null) Network=(null)
   Command=/home/users/mschpc/2019/zuoy/HPC/NeuralNetwork/parallel/scripts/script_PricingDefaultRisk_d500_b64_n64.sh
   WorkDir=/home/users/mschpc/2019/zuoy/HPC/NeuralNetwork/parallel
   StdErr=/home/users/mschpc/2019/zuoy/HPC/NeuralNetwork/parallel/output/slurm-22949.out
   StdIn=/dev/null
   StdOut=/home/users/mschpc/2019/zuoy/HPC/NeuralNetwork/parallel/output/slurm-22949.out
   Power=
   NtasksPerTRES:0


Disk quota details:
===================

Quota Type           Name  Filesystem     Usage in MB     Limit in MB    % Used
-------------------------------------------------------------------------------
USER                 zuoy       /home             130          51,200     0.25%

GROUP              mschpc   /projects             999          51,200     1.95%
GROUP          pi-dgolden   /projects               0          51,200     0.00%


SLURM Bank Statement:
=====================

User           Usage |        Account     Usage | Account Limit Available (CPU hrs)
---------- --------- + -------------- --------- + ------------- ---------
zuoy          24,966 |   HPC_21_01207    24,966 |       100,000    75,034


Acknowledgements:
=================

Note that usage of TCHPC Resources *must* be acknowledged in all publications.

Please see this page for details relevant to this cluster:

http://www.tchpc.tcd.ie/resources/acknowledgementpolicy

################################################################################
