Parallel Mode: Ring-Allreduce
Dimension: 500
Total time: 1
Number of time intervals: 40
Learning rate: 0.01
y_init_range: 40, 50
Number of neurons in each hidden layer of each subnet: 110, 110, 
Epochs: 1000
Batch size: 64
Sample size: 256
Logging frequency: 100
Model name: pricing_default_risk_parallel_
Number of processors: 64


Training:
Epoch:100
In training set, loss: 1359.37, Y0: 50.187

Epoch:200
In training set, loss: 1001.87, Y0: 50.3805

Epoch:300
In training set, loss: 771.59, Y0: 50.4029

Epoch:400
In training set, loss: 614.249, Y0: 50.4196

Epoch:500
In training set, loss: 501.941, Y0: 50.4331

Epoch:600
In training set, loss: 418.645, Y0: 50.4438

Epoch:700
In training set, loss: 354.78, Y0: 50.452

Epoch:800
In training set, loss: 304.505, Y0: 50.4583

Epoch:900
In training set, loss: 264.025, Y0: 50.463

Epoch:1000
In training set, loss: 230.832, Y0: 50.4666



###############################################################################
TCHPC Cluster: kelvin
Job 24086 (BSDE_job_4_procs) for User 'zuoy' in Account 'hpc_21_01207'
Finished at: Thu Nov 25 18:01:28 GMT 2021

Job efficiency estimates:
=========================

Job ID: 24086
Cluster: kelvin
User/Group: zuoy/zuoy
State: COMPLETED (exit code 0)
Nodes: 6
Cores per node: 12
CPU Utilized: 01:25:49
CPU Efficiency: 15.02% of 09:31:12 core-walltime
Job Wall-clock time: 00:07:56
Memory Utilized: 1.33 GB
Memory Efficiency: 0.99% of 134.77 GB

Job completion status:
======================

       JobID    JobName AllocCPUS NTasks NNodes     MaxRSS    MaxRSSNode  MaxDiskRead MaxDiskWrite    Elapsed      State ExitCode 
------------ ---------- --------- ------ ------ ---------- ------------- ------------ ------------ ---------- ---------- -------- 
24086        BSDE_job_+        72             6                                                      00:07:56  COMPLETED      0:0 
24086.batch       batch        12      1      1   1398044K   kelvin-n056        0.86M        0.01M   00:07:56  COMPLETED      0:0 
24086.0           orted        60      5      5                                                      00:07:55  COMPLETED      0:0 


Job details:
============

JobId=24086 JobName=BSDE_job_4_procs
   UserId=zuoy(1582) GroupId=zuoy(1252) MCS_label=N/A
   Priority=10639760 Nice=0 Account=hpc_21_01207 QOS=normal
   JobState=COMPLETING Reason=None Dependency=(null)
   Requeue=0 Restarts=0 BatchFlag=1 Reboot=0 ExitCode=0:0
   DerivedExitCode=0:0
   RunTime=00:07:56 TimeLimit=23:00:00 TimeMin=N/A
   SubmitTime=2021-11-25T13:08:17 EligibleTime=2021-11-25T13:08:17
   AccrueTime=2021-11-25T13:08:17
   StartTime=2021-11-25T17:53:32 EndTime=2021-11-25T18:01:28 Deadline=N/A
   SuspendTime=None SecsPreSuspend=0 LastSchedEval=2021-11-25T17:53:32
   Partition=compute AllocNode:Sid=kelvin01:17031
   ReqNodeList=(null) ExcNodeList=(null)
   NodeList=kelvin-n[062,068,079,081,093]
   BatchHost=kelvin-n056
   NumNodes=5 NumCPUs=72 NumTasks=64 CPUs/Task=1 ReqB:S:C:T=0:0:*:*
   TRES=cpu=72,mem=138000M,node=6,billing=72
   Socks/Node=* NtasksPerN:B:S:C=0:0:*:* CoreSpec=*
   JOB_GRES=(null)
     Nodes=kelvin-n[056,062,068,079,081,093] CPU_IDs=0-11 Mem=23000 GRES=
   MinCPUsNode=1 MinMemoryNode=23000M MinTmpDiskNode=0
   Features=(null) DelayBoot=00:00:00
   OverSubscribe=NO Contiguous=0 Licenses=(null) Network=(null)
   Command=/home/users/mschpc/2019/zuoy/HPC/NeuralNetwork/parallel/scripts/script_PricingDefaultRisk_d500_b64_n64.sh
   WorkDir=/home/users/mschpc/2019/zuoy/HPC/NeuralNetwork/parallel
   StdErr=/home/users/mschpc/2019/zuoy/HPC/NeuralNetwork/parallel/output/slurm-24086.out
   StdIn=/dev/null
   StdOut=/home/users/mschpc/2019/zuoy/HPC/NeuralNetwork/parallel/output/slurm-24086.out
   Power=
   NtasksPerTRES:0


Disk quota details:
===================

Quota Type           Name  Filesystem     Usage in MB     Limit in MB    % Used
-------------------------------------------------------------------------------
USER                 zuoy       /home             146          51,200     0.29%

GROUP              mschpc   /projects             999          51,200     1.95%
GROUP          pi-dgolden   /projects               0          51,200     0.00%


SLURM Bank Statement:
=====================

User           Usage |        Account     Usage | Account Limit Available (CPU hrs)
---------- --------- + -------------- --------- + ------------- ---------
zuoy          28,945 |   HPC_21_01207    28,945 |       100,000    71,055


Acknowledgements:
=================

Note that usage of TCHPC Resources *must* be acknowledged in all publications.

Please see this page for details relevant to this cluster:

http://www.tchpc.tcd.ie/resources/acknowledgementpolicy

################################################################################
