Parallel Mode: Master-Slave
Dimension: 200
Total time: 1
Number of time intervals: 20
Learning rate: 0.01
y_init_range: 0, 1
Number of neurons in each hidden layer of each subnet: 110, 110, 
Epochs: 1000
Batch size: 64
Sample size: 1024
Logging frequency: 100
Model name: HJBLQ_parallel_
Number of processors: 4


Training:
Epoch:100
In training set, loss: 49.5511, Y0: 5.06358

Epoch:200
In training set, loss: 34.0328, Y0: 5.17353

Epoch:300
In training set, loss: 26.6533, Y0: 5.19627

Epoch:400
In training set, loss: 21.8641, Y0: 5.21183

Epoch:500
In training set, loss: 18.66, Y0: 5.22334

Epoch:600
In training set, loss: 16.4522, Y0: 5.23205

Epoch:700
In training set, loss: 14.8877, Y0: 5.23875

Epoch:800
In training set, loss: 13.7505, Y0: 5.244

Epoch:900
In training set, loss: 12.9047, Y0: 5.24815

Epoch:1000
In training set, loss: 12.2626, Y0: 5.25147



###############################################################################
TCHPC Cluster: kelvin
Job 22643 (BSDE_job_4_procs) for User 'zuoy' in Account 'hpc_21_01207'
Finished at: Sun Nov 21 16:41:30 GMT 2021

Job efficiency estimates:
=========================

Job ID: 22643
Cluster: kelvin
User/Group: zuoy/zuoy
State: COMPLETED (exit code 0)
Nodes: 1
Cores per node: 12
CPU Utilized: 00:57:53
CPU Efficiency: 33.27% of 02:54:00 core-walltime
Job Wall-clock time: 00:14:30
Memory Utilized: 294.74 MB
Memory Efficiency: 1.28% of 22.46 GB

Job completion status:
======================

       JobID    JobName AllocCPUS NTasks NNodes     MaxRSS    MaxRSSNode  MaxDiskRead MaxDiskWrite    Elapsed      State ExitCode 
------------ ---------- --------- ------ ------ ---------- ------------- ------------ ------------ ---------- ---------- -------- 
22643        BSDE_job_+        12             1                                                      00:14:30  COMPLETED      0:0 
22643.batch       batch        12      1      1    301812K   kelvin-n065        0.86M        0.01M   00:14:30  COMPLETED      0:0 


Job details:
============

JobId=22643 JobName=BSDE_job_4_procs
   UserId=zuoy(1582) GroupId=zuoy(1252) MCS_label=N/A
   Priority=11019997 Nice=0 Account=hpc_21_01207 QOS=normal
   JobState=COMPLETING Reason=None Dependency=(null)
   Requeue=0 Restarts=0 BatchFlag=1 Reboot=0 ExitCode=0:0
   DerivedExitCode=0:0
   RunTime=00:14:30 TimeLimit=23:00:00 TimeMin=N/A
   SubmitTime=2021-11-21T13:35:57 EligibleTime=2021-11-21T13:35:57
   AccrueTime=2021-11-21T13:35:57
   StartTime=2021-11-21T16:27:00 EndTime=2021-11-21T16:41:30 Deadline=N/A
   SuspendTime=None SecsPreSuspend=0 LastSchedEval=2021-11-21T16:27:00
   Partition=compute AllocNode:Sid=kelvin01:30506
   ReqNodeList=(null) ExcNodeList=(null)
   NodeList=
   BatchHost=kelvin-n065
   NumNodes=1 NumCPUs=12 NumTasks=4 CPUs/Task=1 ReqB:S:C:T=0:0:*:*
   TRES=cpu=12,mem=23000M,node=1,billing=12
   Socks/Node=* NtasksPerN:B:S:C=0:0:*:* CoreSpec=*
   JOB_GRES=(null)
     Nodes=kelvin-n065 CPU_IDs=0-11 Mem=23000 GRES=
   MinCPUsNode=1 MinMemoryNode=23000M MinTmpDiskNode=0
   Features=(null) DelayBoot=00:00:00
   OverSubscribe=NO Contiguous=0 Licenses=(null) Network=(null)
   Command=/home/users/mschpc/2019/zuoy/HPC/NeuralNetwork/parallel/scripts/script_HJBLQ_d200_b64_n4.sh
   WorkDir=/home/users/mschpc/2019/zuoy/HPC/NeuralNetwork/parallel
   StdErr=/home/users/mschpc/2019/zuoy/HPC/NeuralNetwork/parallel/output/slurm-22643.out
   StdIn=/dev/null
   StdOut=/home/users/mschpc/2019/zuoy/HPC/NeuralNetwork/parallel/output/slurm-22643.out
   Power=
   NtasksPerTRES:0


Disk quota details:
===================

Quota Type           Name  Filesystem     Usage in MB     Limit in MB    % Used
-------------------------------------------------------------------------------
USER                 zuoy       /home             125          51,200     0.24%

GROUP              mschpc   /projects             999          51,200     1.95%
GROUP          pi-dgolden   /projects               0          51,200     0.00%


SLURM Bank Statement:
=====================

User           Usage |        Account     Usage | Account Limit Available (CPU hrs)
---------- --------- + -------------- --------- + ------------- ---------
zuoy          19,736 |   HPC_21_01207    19,736 |       100,000    80,264


Acknowledgements:
=================

Note that usage of TCHPC Resources *must* be acknowledged in all publications.

Please see this page for details relevant to this cluster:

http://www.tchpc.tcd.ie/resources/acknowledgementpolicy

################################################################################
