Parallel Mode: Ring-Allreduce
Dimension: 300
Total time: 1
Number of time intervals: 40
Learning rate: 0.01
y_init_range: 40, 50
Number of neurons in each hidden layer of each subnet: 110, 110, 
Epochs: 1000
Batch size: 64
Sample size: 256
Logging frequency: 100
Model name: pricing_default_risk_parallel_
Number of processors: 64


Training:
Epoch:100
In training set, loss: 20410.5, Y0: 40.7693

Epoch:200
In training set, loss: 18026.8, Y0: 41.486

Epoch:300
In training set, loss: 15957.7, Y0: 42.1542

Epoch:400
In training set, loss: 14159.9, Y0: 42.7769

Epoch:500
In training set, loss: 12597.5, Y0: 43.3574

Epoch:600
In training set, loss: 11239.3, Y0: 43.8985

Epoch:700
In training set, loss: 10058.3, Y0: 44.403

Epoch:800
In training set, loss: 9030.97, Y0: 44.8732

Epoch:900
In training set, loss: 8137.8, Y0: 45.3115

Epoch:1000
In training set, loss: 7361.84, Y0: 45.7201



###############################################################################
TCHPC Cluster: kelvin
Job 21893 (BSDE_job_4_procs) for User 'zuoy' in Account 'hpc_21_01207'
Finished at: Sat Nov 20 05:01:04 GMT 2021

Job efficiency estimates:
=========================

Job ID: 21893
Cluster: kelvin
User/Group: zuoy/zuoy
State: COMPLETED (exit code 0)
Nodes: 6
Cores per node: 12
CPU Utilized: 01:20:03
CPU Efficiency: 15.02% of 08:52:48 core-walltime
Job Wall-clock time: 00:07:24
Memory Utilized: 980.66 MB
Memory Efficiency: 0.71% of 134.77 GB

Job completion status:
======================

       JobID    JobName AllocCPUS NTasks NNodes     MaxRSS    MaxRSSNode  MaxDiskRead MaxDiskWrite    Elapsed      State ExitCode 
------------ ---------- --------- ------ ------ ---------- ------------- ------------ ------------ ---------- ---------- -------- 
21893        BSDE_job_+        72             6                                                      00:07:24  COMPLETED      0:0 
21893.batch       batch        12      1      1   1004192K   kelvin-n001        0.87M        0.01M   00:07:24  COMPLETED      0:0 
21893.0           orted        60      5      5                                                      00:07:22  COMPLETED      0:0 


Job details:
============

JobId=21893 JobName=BSDE_job_4_procs
   UserId=zuoy(1582) GroupId=zuoy(1252) MCS_label=N/A
   Priority=11172660 Nice=0 Account=hpc_21_01207 QOS=normal
   JobState=COMPLETING Reason=None Dependency=(null)
   Requeue=0 Restarts=0 BatchFlag=1 Reboot=0 ExitCode=0:0
   DerivedExitCode=0:0
   RunTime=00:07:24 TimeLimit=23:00:00 TimeMin=N/A
   SubmitTime=2021-11-20T00:41:39 EligibleTime=2021-11-20T00:41:39
   AccrueTime=2021-11-20T00:41:39
   StartTime=2021-11-20T04:53:40 EndTime=2021-11-20T05:01:04 Deadline=N/A
   SuspendTime=None SecsPreSuspend=0 LastSchedEval=2021-11-20T04:53:40
   Partition=compute AllocNode:Sid=kelvin01:23080
   ReqNodeList=(null) ExcNodeList=(null)
   NodeList=kelvin-n[003,015,017-019]
   BatchHost=kelvin-n001
   NumNodes=5 NumCPUs=72 NumTasks=64 CPUs/Task=1 ReqB:S:C:T=0:0:*:*
   TRES=cpu=72,mem=138000M,node=6,billing=72
   Socks/Node=* NtasksPerN:B:S:C=0:0:*:* CoreSpec=*
   JOB_GRES=(null)
     Nodes=kelvin-n[001,003,015,017-019] CPU_IDs=0-11 Mem=23000 GRES=
   MinCPUsNode=1 MinMemoryNode=23000M MinTmpDiskNode=0
   Features=(null) DelayBoot=00:00:00
   OverSubscribe=NO Contiguous=0 Licenses=(null) Network=(null)
   Command=/home/users/mschpc/2019/zuoy/HPC/NeuralNetwork/parallel/scripts/script_PricingDefaultRisk_d300_b64_n64.sh
   WorkDir=/home/users/mschpc/2019/zuoy/HPC/NeuralNetwork/parallel
   StdErr=/home/users/mschpc/2019/zuoy/HPC/NeuralNetwork/parallel/output/slurm-21893.out
   StdIn=/dev/null
   StdOut=/home/users/mschpc/2019/zuoy/HPC/NeuralNetwork/parallel/output/slurm-21893.out
   Power=
   NtasksPerTRES:0


Disk quota details:
===================

Quota Type           Name  Filesystem     Usage in MB     Limit in MB    % Used
-------------------------------------------------------------------------------
USER                 zuoy       /home             110          51,200     0.22%

GROUP              mschpc   /projects             999          51,200     1.95%
GROUP          pi-dgolden   /projects               0          51,200     0.00%


SLURM Bank Statement:
=====================

User           Usage |        Account     Usage | Account Limit Available (CPU hrs)
---------- --------- + -------------- --------- + ------------- ---------
zuoy          12,054 |   HPC_21_01207    12,054 |       100,000    87,946


Acknowledgements:
=================

Note that usage of TCHPC Resources *must* be acknowledged in all publications.

Please see this page for details relevant to this cluster:

http://www.tchpc.tcd.ie/resources/acknowledgementpolicy

################################################################################
