Parallel Mode: Master-Slave
Dimension: 300
Total time: 1
Number of time intervals: 20
Learning rate: 0.01
y_init_range: 0, 1
Number of neurons in each hidden layer of each subnet: 110, 110, 
Epochs: 1000
Batch size: 1
Sample size: 1024
Logging frequency: 100
Model name: HJBLQ_parallel_
Number of processors: 4


Training:
Epoch:100
In training set, loss: 4.83033, Y0: 5.67726

Epoch:200
In training set, loss: 4.35609, Y0: 5.67757

Epoch:300
In training set, loss: 3.93296, Y0: 5.6777

Epoch:400
In training set, loss: 3.55338, Y0: 5.67781

Epoch:500
In training set, loss: 3.21262, Y0: 5.67791

Epoch:600
In training set, loss: 2.90646, Y0: 5.67801

Epoch:700
In training set, loss: 2.6312, Y0: 5.67809

Epoch:800
In training set, loss: 2.38355, Y0: 5.67816

Epoch:900
In training set, loss: 2.16055, Y0: 5.67824

Epoch:1000
In training set, loss: 1.95962, Y0: 5.6783



###############################################################################
TCHPC Cluster: kelvin
Job 22554 (BSDE_job_4_procs) for User 'zuoy' in Account 'hpc_21_01207'
Finished at: Sun Nov 21 14:02:25 GMT 2021

Job efficiency estimates:
=========================

Job ID: 22554
Cluster: kelvin
User/Group: zuoy/zuoy
State: COMPLETED (exit code 0)
Nodes: 1
Cores per node: 12
CPU Utilized: 02:08:52
CPU Efficiency: 33.32% of 06:26:48 core-walltime
Job Wall-clock time: 00:32:14
Memory Utilized: 381.21 MB
Memory Efficiency: 1.66% of 22.46 GB

Job completion status:
======================

       JobID    JobName AllocCPUS NTasks NNodes     MaxRSS    MaxRSSNode  MaxDiskRead MaxDiskWrite    Elapsed      State ExitCode 
------------ ---------- --------- ------ ------ ---------- ------------- ------------ ------------ ---------- ---------- -------- 
22554        BSDE_job_+        12             1                                                      00:32:14  COMPLETED      0:0 
22554.batch       batch        12      1      1    390364K   kelvin-n082        0.86M        0.01M   00:32:14  COMPLETED      0:0 


Job details:
============

JobId=22554 JobName=BSDE_job_4_procs
   UserId=zuoy(1582) GroupId=zuoy(1252) MCS_label=N/A
   Priority=11019642 Nice=0 Account=hpc_21_01207 QOS=normal
   JobState=COMPLETING Reason=None Dependency=(null)
   Requeue=0 Restarts=0 BatchFlag=1 Reboot=0 ExitCode=0:0
   DerivedExitCode=0:0
   RunTime=00:32:14 TimeLimit=23:00:00 TimeMin=N/A
   SubmitTime=2021-11-21T10:39:40 EligibleTime=2021-11-21T10:39:40
   AccrueTime=2021-11-21T10:39:40
   StartTime=2021-11-21T13:30:11 EndTime=2021-11-21T14:02:25 Deadline=N/A
   SuspendTime=None SecsPreSuspend=0 LastSchedEval=2021-11-21T13:30:11
   Partition=compute AllocNode:Sid=kelvin01:12117
   ReqNodeList=(null) ExcNodeList=(null)
   NodeList=
   BatchHost=kelvin-n082
   NumNodes=1 NumCPUs=12 NumTasks=4 CPUs/Task=1 ReqB:S:C:T=0:0:*:*
   TRES=cpu=12,mem=23000M,node=1,billing=12
   Socks/Node=* NtasksPerN:B:S:C=0:0:*:* CoreSpec=*
   JOB_GRES=(null)
     Nodes=kelvin-n082 CPU_IDs=0-11 Mem=23000 GRES=
   MinCPUsNode=1 MinMemoryNode=23000M MinTmpDiskNode=0
   Features=(null) DelayBoot=00:00:00
   OverSubscribe=NO Contiguous=0 Licenses=(null) Network=(null)
   Command=/home/users/mschpc/2019/zuoy/HPC/NeuralNetwork/parallel/scripts/script_HJBLQ_d300_b1_n4.sh
   WorkDir=/home/users/mschpc/2019/zuoy/HPC/NeuralNetwork/parallel
   StdErr=/home/users/mschpc/2019/zuoy/HPC/NeuralNetwork/parallel/output/slurm-22554.out
   StdIn=/dev/null
   StdOut=/home/users/mschpc/2019/zuoy/HPC/NeuralNetwork/parallel/output/slurm-22554.out
   Power=
   NtasksPerTRES:0


Disk quota details:
===================

Quota Type           Name  Filesystem     Usage in MB     Limit in MB    % Used
-------------------------------------------------------------------------------
USER                 zuoy       /home             122          51,200     0.24%

GROUP              mschpc   /projects             999          51,200     1.95%
GROUP          pi-dgolden   /projects               0          51,200     0.00%


SLURM Bank Statement:
=====================

User           Usage |        Account     Usage | Account Limit Available (CPU hrs)
---------- --------- + -------------- --------- + ------------- ---------
zuoy          18,541 |   HPC_21_01207    18,541 |       100,000    81,459


Acknowledgements:
=================

Note that usage of TCHPC Resources *must* be acknowledged in all publications.

Please see this page for details relevant to this cluster:

http://www.tchpc.tcd.ie/resources/acknowledgementpolicy

################################################################################
