Parallel Mode: Master-Slave
Dimension: 200
Total time: 1
Number of time intervals: 20
Learning rate: 0.01
y_init_range: 0, 1
Number of neurons in each hidden layer of each subnet: 110, 110, 
Epochs: 1000
Batch size: 1
Sample size: 1024
Logging frequency: 100
Model name: HJBLQ_parallel_
Number of processors: 64


Training:
Epoch:100
In training set, loss: 21.5994, Y0: 5.2087

Epoch:200
In training set, loss: 13.3748, Y0: 5.24134

Epoch:300
In training set, loss: 11.1367, Y0: 5.25399

Epoch:400
In training set, loss: 10.3293, Y0: 5.25987

Epoch:500
In training set, loss: 9.96095, Y0: 5.26295

Epoch:600
In training set, loss: 9.75061, Y0: 5.2647

Epoch:700
In training set, loss: 9.6037, Y0: 5.26576

Epoch:800
In training set, loss: 9.48451, Y0: 5.26644

Epoch:900
In training set, loss: 9.37841, Y0: 5.2669

Epoch:1000
In training set, loss: 9.27896, Y0: 5.26721



###############################################################################
TCHPC Cluster: kelvin
Job 22927 (BSDE_job_4_procs) for User 'zuoy' in Account 'hpc_21_01207'
Finished at: Mon Nov 22 03:14:47 GMT 2021

Job efficiency estimates:
=========================

Job ID: 22927
Cluster: kelvin
User/Group: zuoy/zuoy
State: COMPLETED (exit code 0)
Nodes: 6
Cores per node: 12
CPU Utilized: 02:23:41
CPU Efficiency: 15.16% of 15:48:00 core-walltime
Job Wall-clock time: 00:13:10
Memory Utilized: 957.78 MB
Memory Efficiency: 0.69% of 134.77 GB

Job completion status:
======================

       JobID    JobName AllocCPUS NTasks NNodes     MaxRSS    MaxRSSNode  MaxDiskRead MaxDiskWrite    Elapsed      State ExitCode 
------------ ---------- --------- ------ ------ ---------- ------------- ------------ ------------ ---------- ---------- -------- 
22927        BSDE_job_+        72             6                                                      00:13:10  COMPLETED      0:0 
22927.batch       batch        12      1      1    980768K   kelvin-n008        0.86M        0.01M   00:13:10  COMPLETED      0:0 
22927.0           orted        60      5      5                                                      00:13:09  COMPLETED      0:0 


Job details:
============

JobId=22927 JobName=BSDE_job_4_procs
   UserId=zuoy(1582) GroupId=zuoy(1252) MCS_label=N/A
   Priority=10575615 Nice=0 Account=hpc_21_01207 QOS=normal
   JobState=COMPLETING Reason=None Dependency=(null)
   Requeue=0 Restarts=0 BatchFlag=1 Reboot=0 ExitCode=0:0
   DerivedExitCode=0:0
   RunTime=00:13:10 TimeLimit=23:00:00 TimeMin=N/A
   SubmitTime=2021-11-22T00:25:36 EligibleTime=2021-11-22T00:25:36
   AccrueTime=2021-11-22T00:25:36
   StartTime=2021-11-22T03:01:37 EndTime=2021-11-22T03:14:47 Deadline=N/A
   SuspendTime=None SecsPreSuspend=0 LastSchedEval=2021-11-22T03:01:37
   Partition=compute AllocNode:Sid=kelvin01:12189
   ReqNodeList=(null) ExcNodeList=(null)
   NodeList=kelvin-n[009-011,021-022]
   BatchHost=kelvin-n008
   NumNodes=5 NumCPUs=72 NumTasks=64 CPUs/Task=1 ReqB:S:C:T=0:0:*:*
   TRES=cpu=72,mem=138000M,node=6,billing=72
   Socks/Node=* NtasksPerN:B:S:C=0:0:*:* CoreSpec=*
   JOB_GRES=(null)
     Nodes=kelvin-n[008-011,021-022] CPU_IDs=0-11 Mem=23000 GRES=
   MinCPUsNode=1 MinMemoryNode=23000M MinTmpDiskNode=0
   Features=(null) DelayBoot=00:00:00
   OverSubscribe=NO Contiguous=0 Licenses=(null) Network=(null)
   Command=/home/users/mschpc/2019/zuoy/HPC/NeuralNetwork/parallel/scripts/script_HJBLQ_d200_b1_n64.sh
   WorkDir=/home/users/mschpc/2019/zuoy/HPC/NeuralNetwork/parallel
   StdErr=/home/users/mschpc/2019/zuoy/HPC/NeuralNetwork/parallel/output/slurm-22927.out
   StdIn=/dev/null
   StdOut=/home/users/mschpc/2019/zuoy/HPC/NeuralNetwork/parallel/output/slurm-22927.out
   Power=
   NtasksPerTRES:0


Disk quota details:
===================

Quota Type           Name  Filesystem     Usage in MB     Limit in MB    % Used
-------------------------------------------------------------------------------
USER                 zuoy       /home             129          51,200     0.25%

GROUP              mschpc   /projects             999          51,200     1.95%
GROUP          pi-dgolden   /projects               0          51,200     0.00%


SLURM Bank Statement:
=====================

User           Usage |        Account     Usage | Account Limit Available (CPU hrs)
---------- --------- + -------------- --------- + ------------- ---------
zuoy          24,081 |   HPC_21_01207    24,081 |       100,000    75,919


Acknowledgements:
=================

Note that usage of TCHPC Resources *must* be acknowledged in all publications.

Please see this page for details relevant to this cluster:

http://www.tchpc.tcd.ie/resources/acknowledgementpolicy

################################################################################
