Parallel Mode: Ring-Allreduce
Dimension: 200
Total time: 1
Number of time intervals: 40
Learning rate: 0.01
y_init_range: 40, 50
Number of neurons in each hidden layer of each subnet: 110, 110, 
Epochs: 1000
Batch size: 64
Sample size: 256
Logging frequency: 100
Model name: pricing_default_risk_parallel_
Number of processors: 32


Training:
Epoch:100
In training set, loss: 2407.2, Y0: 53.7474

Epoch:200
In training set, loss: 2114, Y0: 54.0641

Epoch:300
In training set, loss: 1896.61, Y0: 54.0819

Epoch:400
In training set, loss: 1724.66, Y0: 54.0915

Epoch:500
In training set, loss: 1585.95, Y0: 54.0999

Epoch:600
In training set, loss: 1472.35, Y0: 54.1074

Epoch:700
In training set, loss: 1377.93, Y0: 54.1142

Epoch:800
In training set, loss: 1298.17, Y0: 54.1201

Epoch:900
In training set, loss: 1229.67, Y0: 54.1255

Epoch:1000
In training set, loss: 1170.57, Y0: 54.1301



###############################################################################
TCHPC Cluster: kelvin
Job 24002 (BSDE_job_4_procs) for User 'zuoy' in Account 'hpc_21_01207'
Finished at: Thu Nov 25 13:18:58 GMT 2021

Job efficiency estimates:
=========================

Job ID: 24002
Cluster: kelvin
User/Group: zuoy/zuoy
State: COMPLETED (exit code 0)
Nodes: 3
Cores per node: 12
CPU Utilized: 00:50:35
CPU Efficiency: 29.79% of 02:49:48 core-walltime
Job Wall-clock time: 00:04:43
Memory Utilized: 772.70 MB
Memory Efficiency: 1.12% of 67.38 GB

Job completion status:
======================

       JobID    JobName AllocCPUS NTasks NNodes     MaxRSS    MaxRSSNode  MaxDiskRead MaxDiskWrite    Elapsed      State ExitCode 
------------ ---------- --------- ------ ------ ---------- ------------- ------------ ------------ ---------- ---------- -------- 
24002        BSDE_job_+        36             3                                                      00:04:43  COMPLETED      0:0 
24002.batch       batch        12      1      1    791244K   kelvin-n048        0.86M        0.01M   00:04:43  COMPLETED      0:0 
24002.0           orted        24      2      2                                                      00:04:41  COMPLETED      0:0 


Job details:
============

JobId=24002 JobName=BSDE_job_4_procs
   UserId=zuoy(1582) GroupId=zuoy(1252) MCS_label=N/A
   Priority=10539591 Nice=0 Account=hpc_21_01207 QOS=normal
   JobState=COMPLETING Reason=None Dependency=(null)
   Requeue=0 Restarts=0 BatchFlag=1 Reboot=0 ExitCode=0:0
   DerivedExitCode=0:0
   RunTime=00:04:43 TimeLimit=23:00:00 TimeMin=N/A
   SubmitTime=2021-11-25T11:47:40 EligibleTime=2021-11-25T11:47:40
   AccrueTime=2021-11-25T11:47:40
   StartTime=2021-11-25T13:14:15 EndTime=2021-11-25T13:18:58 Deadline=N/A
   SuspendTime=None SecsPreSuspend=0 LastSchedEval=2021-11-25T13:14:15
   Partition=compute AllocNode:Sid=kelvin01:17031
   ReqNodeList=(null) ExcNodeList=(null)
   NodeList=kelvin-n[062,069]
   BatchHost=kelvin-n048
   NumNodes=2 NumCPUs=36 NumTasks=32 CPUs/Task=1 ReqB:S:C:T=0:0:*:*
   TRES=cpu=36,mem=69000M,node=3,billing=36
   Socks/Node=* NtasksPerN:B:S:C=0:0:*:* CoreSpec=*
   JOB_GRES=(null)
     Nodes=kelvin-n[048,062,069] CPU_IDs=0-11 Mem=23000 GRES=
   MinCPUsNode=1 MinMemoryNode=23000M MinTmpDiskNode=0
   Features=(null) DelayBoot=00:00:00
   OverSubscribe=NO Contiguous=0 Licenses=(null) Network=(null)
   Command=/home/users/mschpc/2019/zuoy/HPC/NeuralNetwork/parallel/scripts/script_PricingDefaultRisk_d200_b64_n32.sh
   WorkDir=/home/users/mschpc/2019/zuoy/HPC/NeuralNetwork/parallel
   StdErr=/home/users/mschpc/2019/zuoy/HPC/NeuralNetwork/parallel/output/slurm-24002.out
   StdIn=/dev/null
   StdOut=/home/users/mschpc/2019/zuoy/HPC/NeuralNetwork/parallel/output/slurm-24002.out
   Power=
   NtasksPerTRES:0


Disk quota details:
===================

Quota Type           Name  Filesystem     Usage in MB     Limit in MB    % Used
-------------------------------------------------------------------------------
USER                 zuoy       /home             146          51,200     0.29%

GROUP              mschpc   /projects             999          51,200     1.95%
GROUP          pi-dgolden   /projects               0          51,200     0.00%


SLURM Bank Statement:
=====================

User           Usage |        Account     Usage | Account Limit Available (CPU hrs)
---------- --------- + -------------- --------- + ------------- ---------
zuoy          28,415 |   HPC_21_01207    28,415 |       100,000    71,585


Acknowledgements:
=================

Note that usage of TCHPC Resources *must* be acknowledged in all publications.

Please see this page for details relevant to this cluster:

http://www.tchpc.tcd.ie/resources/acknowledgementpolicy

################################################################################
