Parallel Mode: Master-Slave
Dimension: 200
Total time: 1
Number of time intervals: 20
Learning rate: 0.01
y_init_range: 0, 1
Number of neurons in each hidden layer of each subnet: 110, 110, 
Epochs: 1000
Batch size: 1
Sample size: 1024
Logging frequency: 100
Model name: HJBLQ_parallel_
Number of processors: 8


Training:
Epoch:100
In training set, loss: 10.3923, Y0: 5.26502

Epoch:200
In training set, loss: 9.58168, Y0: 5.26573

Epoch:300
In training set, loss: 8.86184, Y0: 5.26582

Epoch:400
In training set, loss: 8.20155, Y0: 5.26588

Epoch:500
In training set, loss: 7.5953, Y0: 5.26593

Epoch:600
In training set, loss: 7.03827, Y0: 5.26598

Epoch:700
In training set, loss: 6.5261, Y0: 5.26601

Epoch:800
In training set, loss: 6.05484, Y0: 5.26604

Epoch:900
In training set, loss: 5.62093, Y0: 5.26607

Epoch:1000
In training set, loss: 5.22113, Y0: 5.26608



###############################################################################
TCHPC Cluster: kelvin
Job 22704 (BSDE_job_4_procs) for User 'zuoy' in Account 'hpc_21_01207'
Finished at: Sun Nov 21 19:48:47 GMT 2021

Job efficiency estimates:
=========================

Job ID: 22704
Cluster: kelvin
User/Group: zuoy/zuoy
State: COMPLETED (exit code 0)
Nodes: 1
Cores per node: 12
CPU Utilized: 02:23:06
CPU Efficiency: 66.50% of 03:35:12 core-walltime
Job Wall-clock time: 00:17:56
Memory Utilized: 585.11 MB
Memory Efficiency: 2.54% of 22.46 GB

Job completion status:
======================

       JobID    JobName AllocCPUS NTasks NNodes     MaxRSS    MaxRSSNode  MaxDiskRead MaxDiskWrite    Elapsed      State ExitCode 
------------ ---------- --------- ------ ------ ---------- ------------- ------------ ------------ ---------- ---------- -------- 
22704        BSDE_job_+        12             1                                                      00:17:56  COMPLETED      0:0 
22704.batch       batch        12      1      1    599152K   kelvin-n061        0.86M        0.01M   00:17:56  COMPLETED      0:0 


Job details:
============

JobId=22704 JobName=BSDE_job_4_procs
   UserId=zuoy(1582) GroupId=zuoy(1252) MCS_label=N/A
   Priority=10645087 Nice=0 Account=hpc_21_01207 QOS=normal
   JobState=COMPLETING Reason=None Dependency=(null)
   Requeue=0 Restarts=0 BatchFlag=1 Reboot=0 ExitCode=0:0
   DerivedExitCode=0:0
   RunTime=00:17:56 TimeLimit=23:00:00 TimeMin=N/A
   SubmitTime=2021-11-21T16:20:23 EligibleTime=2021-11-21T16:20:23
   AccrueTime=2021-11-21T16:20:23
   StartTime=2021-11-21T19:30:51 EndTime=2021-11-21T19:48:47 Deadline=N/A
   SuspendTime=None SecsPreSuspend=0 LastSchedEval=2021-11-21T19:30:51
   Partition=compute AllocNode:Sid=kelvin01:12189
   ReqNodeList=(null) ExcNodeList=(null)
   NodeList=
   BatchHost=kelvin-n061
   NumNodes=1 NumCPUs=12 NumTasks=8 CPUs/Task=1 ReqB:S:C:T=0:0:*:*
   TRES=cpu=12,mem=23000M,node=1,billing=12
   Socks/Node=* NtasksPerN:B:S:C=0:0:*:* CoreSpec=*
   JOB_GRES=(null)
     Nodes=kelvin-n061 CPU_IDs=0-11 Mem=23000 GRES=
   MinCPUsNode=1 MinMemoryNode=23000M MinTmpDiskNode=0
   Features=(null) DelayBoot=00:00:00
   OverSubscribe=NO Contiguous=0 Licenses=(null) Network=(null)
   Command=/home/users/mschpc/2019/zuoy/HPC/NeuralNetwork/parallel/scripts/script_HJBLQ_d200_b1_n8.sh
   WorkDir=/home/users/mschpc/2019/zuoy/HPC/NeuralNetwork/parallel
   StdErr=/home/users/mschpc/2019/zuoy/HPC/NeuralNetwork/parallel/output/slurm-22704.out
   StdIn=/dev/null
   StdOut=/home/users/mschpc/2019/zuoy/HPC/NeuralNetwork/parallel/output/slurm-22704.out
   Power=
   NtasksPerTRES:0


Disk quota details:
===================

Quota Type           Name  Filesystem     Usage in MB     Limit in MB    % Used
-------------------------------------------------------------------------------
USER                 zuoy       /home             127          51,200     0.25%

GROUP              mschpc   /projects             999          51,200     1.95%
GROUP          pi-dgolden   /projects               0          51,200     0.00%


SLURM Bank Statement:
=====================

User           Usage |        Account     Usage | Account Limit Available (CPU hrs)
---------- --------- + -------------- --------- + ------------- ---------
zuoy          21,019 |   HPC_21_01207    21,019 |       100,000    78,981


Acknowledgements:
=================

Note that usage of TCHPC Resources *must* be acknowledged in all publications.

Please see this page for details relevant to this cluster:

http://www.tchpc.tcd.ie/resources/acknowledgementpolicy

################################################################################
