Parallel Mode: Ring-Allreduce
Dimension: 500
Total time: 1
Number of time intervals: 40
Learning rate: 0.01
y_init_range: 40, 50
Number of neurons in each hidden layer of each subnet: 110, 110, 
Epochs: 1000
Batch size: 1
Sample size: 256
Logging frequency: 100
Model name: pricing_default_risk_parallel_
Number of processors: 16


Training:
Epoch:100
In training set, loss: 793.607, Y0: 49.947

Epoch:200
In training set, loss: 423.23, Y0: 50.0799

Epoch:300
In training set, loss: 268.933, Y0: 50.1401

Epoch:400
In training set, loss: 186.09, Y0: 50.1735

Epoch:500
In training set, loss: 135.157, Y0: 50.1947

Epoch:600
In training set, loss: 101.21, Y0: 50.2091

Epoch:700
In training set, loss: 77.3834, Y0: 50.2191

Epoch:800
In training set, loss: 60.0737, Y0: 50.2263

Epoch:900
In training set, loss: 47.191, Y0: 50.2313

Epoch:1000
In training set, loss: 37.4263, Y0: 50.2347



###############################################################################
TCHPC Cluster: kelvin
Job 21303 (BSDE_job_4_procs) for User 'zuoy' in Account 'hpc_21_01207'
Finished at: Thu Nov 18 19:50:54 GMT 2021

Job efficiency estimates:
=========================

Job ID: 21303
Cluster: kelvin
User/Group: zuoy/zuoy
State: COMPLETED (exit code 0)
Nodes: 2
Cores per node: 12
CPU Utilized: 01:59:24
CPU Efficiency: 32.91% of 06:02:48 core-walltime
Job Wall-clock time: 00:15:07
Memory Utilized: 993.87 MB
Memory Efficiency: 2.16% of 44.92 GB

Job completion status:
======================

       JobID    JobName AllocCPUS NTasks NNodes     MaxRSS    MaxRSSNode  MaxDiskRead MaxDiskWrite    Elapsed      State ExitCode 
------------ ---------- --------- ------ ------ ---------- ------------- ------------ ------------ ---------- ---------- -------- 
21303        BSDE_job_+        24             2                                                      00:15:07  COMPLETED      0:0 
21303.batch       batch        12      1      1   1017720K   kelvin-n082        0.86M        0.01M   00:15:07  COMPLETED      0:0 
21303.0           orted        12      1      1                                                      00:15:05  COMPLETED      0:0 


Job details:
============

JobId=21303 JobName=BSDE_job_4_procs
   UserId=zuoy(1582) GroupId=zuoy(1252) MCS_label=N/A
   Priority=11210237 Nice=0 Account=hpc_21_01207 QOS=normal
   JobState=COMPLETING Reason=None Dependency=(null)
   Requeue=0 Restarts=0 BatchFlag=1 Reboot=0 ExitCode=0:0
   DerivedExitCode=0:0
   RunTime=00:15:07 TimeLimit=23:00:00 TimeMin=N/A
   SubmitTime=2021-11-18T14:03:09 EligibleTime=2021-11-18T14:03:09
   AccrueTime=2021-11-18T14:03:09
   StartTime=2021-11-18T19:35:47 EndTime=2021-11-18T19:50:54 Deadline=N/A
   SuspendTime=None SecsPreSuspend=0 LastSchedEval=2021-11-18T19:35:47
   Partition=compute AllocNode:Sid=kelvin01:471
   ReqNodeList=(null) ExcNodeList=(null)
   NodeList=kelvin-n083
   BatchHost=kelvin-n082
   NumNodes=1 NumCPUs=24 NumTasks=16 CPUs/Task=1 ReqB:S:C:T=0:0:*:*
   TRES=cpu=24,mem=46000M,node=2,billing=24
   Socks/Node=* NtasksPerN:B:S:C=0:0:*:* CoreSpec=*
   JOB_GRES=(null)
     Nodes=kelvin-n[082-083] CPU_IDs=0-11 Mem=23000 GRES=
   MinCPUsNode=1 MinMemoryNode=23000M MinTmpDiskNode=0
   Features=(null) DelayBoot=00:00:00
   OverSubscribe=NO Contiguous=0 Licenses=(null) Network=(null)
   Command=/home/users/mschpc/2019/zuoy/HPC/NeuralNetwork/parallel/scripts/script_PricingDefaultRisk_d500_b1_n16.sh
   WorkDir=/home/users/mschpc/2019/zuoy/HPC/NeuralNetwork/parallel
   StdErr=/home/users/mschpc/2019/zuoy/HPC/NeuralNetwork/parallel/output/slurm-21303.out
   StdIn=/dev/null
   StdOut=/home/users/mschpc/2019/zuoy/HPC/NeuralNetwork/parallel/output/slurm-21303.out
   Power=
   NtasksPerTRES:0


Disk quota details:
===================

Quota Type           Name  Filesystem     Usage in MB     Limit in MB    % Used
-------------------------------------------------------------------------------
USER                 zuoy       /home             107          51,200     0.21%

GROUP              mschpc   /projects             999          51,200     1.95%
GROUP          pi-dgolden   /projects               0          51,200     0.00%


SLURM Bank Statement:
=====================

User           Usage |        Account     Usage | Account Limit Available (CPU hrs)
---------- --------- + -------------- --------- + ------------- ---------
zuoy           9,208 |   HPC_21_01207     9,208 |       100,000    90,792


Acknowledgements:
=================

Note that usage of TCHPC Resources *must* be acknowledged in all publications.

Please see this page for details relevant to this cluster:

http://www.tchpc.tcd.ie/resources/acknowledgementpolicy

################################################################################
